[0.042s] Invoking command in '/home/chinchia120/autoware.ai/build/calibration_publisher': CMAKE_PREFIX_PATH=/home/chinchia120/autoware.ai/install/autoware_msgs:/home/chinchia120/autoware.ai/install/autoware_build_flags:${CMAKE_PREFIX_PATH} PKG_CONFIG_PATH=/home/chinchia120/autoware.ai/install/autoware_msgs/lib/x86_64-linux-gnu/pkgconfig:/home/chinchia120/autoware.ai/install/autoware_msgs/lib/pkgconfig:/home/chinchia120/autoware.ai/install/autoware_build_flags/lib/x86_64-linux-gnu/pkgconfig:/home/chinchia120/autoware.ai/install/autoware_build_flags/lib/pkgconfig:${PKG_CONFIG_PATH} PYTHONPATH=/home/chinchia120/autoware.ai/install/autoware_msgs/lib/python2.7/dist-packages:${PYTHONPATH} ROS_PACKAGE_PATH=/home/chinchia120/autoware.ai/install/autoware_msgs/share:/home/chinchia120/autoware.ai/install/autoware_build_flags/share:${ROS_PACKAGE_PATH} /usr/bin/cmake /home/chinchia120/autoware.ai/src/autoware/utilities/calibration_publisher -DCMAKE_BUILD_TYPE=Release -DCATKIN_INSTALL_INTO_PREFIX_ROOT=0 -DCMAKE_INSTALL_PREFIX=/home/chinchia120/autoware.ai/install/calibration_publisher
[0.194s] -- The C compiler identification is GNU 7.5.0
[0.326s] -- The CXX compiler identification is GNU 7.5.0
[0.339s] -- Check for working C compiler: /usr/bin/cc
[0.502s] -- Check for working C compiler: /usr/bin/cc -- works
[0.503s] -- Detecting C compiler ABI info
[0.697s] -- Detecting C compiler ABI info - done
[0.718s] -- Detecting C compile features
[1.168s] -- Detecting C compile features - done
[1.174s] -- Check for working CXX compiler: /usr/bin/c++
[1.359s] -- Check for working CXX compiler: /usr/bin/c++ -- works
[1.361s] -- Detecting CXX compiler ABI info
[1.558s] -- Detecting CXX compiler ABI info - done
[1.578s] -- Detecting CXX compile features
[2.392s] -- Detecting CXX compile features - done
[2.396s] -- CUDA compilation status: 1.
[2.399s] -- Using CATKIN_DEVEL_PREFIX: /home/chinchia120/autoware.ai/build/calibration_publisher/devel
[2.400s] -- Using CMAKE_PREFIX_PATH: /home/chinchia120/autoware.ai/install/autoware_msgs;/home/chinchia120/autoware.ai/install/autoware_build_flags;/home/chinchia120/catkin_ws/devel;/opt/ros/melodic
[2.400s] -- This workspace overlays: /home/chinchia120/autoware.ai/install/autoware_msgs;/home/chinchia120/autoware.ai/install/autoware_build_flags;/home/chinchia120/catkin_ws/devel;/opt/ros/melodic
[2.437s] -- Found PythonInterp: /usr/bin/python2 (found suitable version "2.7.17", minimum required is "2") 
[2.438s] -- Using PYTHON_EXECUTABLE: /usr/bin/python2
[2.438s] -- Using Debian Python package layout
[2.439s] -- Using empy: /usr/bin/empy
[2.788s] -- Using CATKIN_ENABLE_TESTING: ON
[2.789s] -- Call enable_testing()
[2.794s] -- Using CATKIN_TEST_RESULTS_DIR: /home/chinchia120/autoware.ai/build/calibration_publisher/test_results
[2.837s] -- Found gtest sources under '/usr/src/googletest': gtests will be built
[2.837s] -- Found gmock sources under '/usr/src/googletest': gmock will be built
[2.864s] -- Found PythonInterp: /usr/bin/python2 (found version "2.7.17") 
[2.866s] -- Looking for pthread.h
[3.044s] -- Looking for pthread.h - found
[3.045s] -- Looking for pthread_create
[3.220s] -- Looking for pthread_create - not found
[3.221s] -- Looking for pthread_create in pthreads
[3.344s] -- Looking for pthread_create in pthreads - not found
[3.344s] -- Looking for pthread_create in pthread
[3.518s] -- Looking for pthread_create in pthread - found
[3.522s] -- Found Threads: TRUE  
[3.530s] -- Using Python nosetests: /usr/bin/nosetests-2.7
[3.604s] -- catkin 0.7.29
[3.605s] -- BUILD_SHARED_LIBS is on
[3.931s] -- Using these message generators: gencpp;geneus;genlisp;gennodejs;genpy
[4.488s] -- Found OpenCV: /usr (found version "3.2.0") 
[4.732s] -- Configuring done
[4.829s] -- Generating done
[4.853s] -- Build files have been written to: /home/chinchia120/autoware.ai/build/calibration_publisher
[4.863s] Invoked command in '/home/chinchia120/autoware.ai/build/calibration_publisher' returned '0': CMAKE_PREFIX_PATH=/home/chinchia120/autoware.ai/install/autoware_msgs:/home/chinchia120/autoware.ai/install/autoware_build_flags:${CMAKE_PREFIX_PATH} PKG_CONFIG_PATH=/home/chinchia120/autoware.ai/install/autoware_msgs/lib/x86_64-linux-gnu/pkgconfig:/home/chinchia120/autoware.ai/install/autoware_msgs/lib/pkgconfig:/home/chinchia120/autoware.ai/install/autoware_build_flags/lib/x86_64-linux-gnu/pkgconfig:/home/chinchia120/autoware.ai/install/autoware_build_flags/lib/pkgconfig:${PKG_CONFIG_PATH} PYTHONPATH=/home/chinchia120/autoware.ai/install/autoware_msgs/lib/python2.7/dist-packages:${PYTHONPATH} ROS_PACKAGE_PATH=/home/chinchia120/autoware.ai/install/autoware_msgs/share:/home/chinchia120/autoware.ai/install/autoware_build_flags/share:${ROS_PACKAGE_PATH} /usr/bin/cmake /home/chinchia120/autoware.ai/src/autoware/utilities/calibration_publisher -DCMAKE_BUILD_TYPE=Release -DCATKIN_INSTALL_INTO_PREFIX_ROOT=0 -DCMAKE_INSTALL_PREFIX=/home/chinchia120/autoware.ai/install/calibration_publisher
[4.869s] Invoking command in '/home/chinchia120/autoware.ai/build/calibration_publisher': CMAKE_PREFIX_PATH=/home/chinchia120/autoware.ai/install/autoware_msgs:/home/chinchia120/autoware.ai/install/autoware_build_flags:${CMAKE_PREFIX_PATH} PKG_CONFIG_PATH=/home/chinchia120/autoware.ai/install/autoware_msgs/lib/x86_64-linux-gnu/pkgconfig:/home/chinchia120/autoware.ai/install/autoware_msgs/lib/pkgconfig:/home/chinchia120/autoware.ai/install/autoware_build_flags/lib/x86_64-linux-gnu/pkgconfig:/home/chinchia120/autoware.ai/install/autoware_build_flags/lib/pkgconfig:${PKG_CONFIG_PATH} PYTHONPATH=/home/chinchia120/autoware.ai/install/autoware_msgs/lib/python2.7/dist-packages:${PYTHONPATH} ROS_PACKAGE_PATH=/home/chinchia120/autoware.ai/install/autoware_msgs/share:/home/chinchia120/autoware.ai/install/autoware_build_flags/share:${ROS_PACKAGE_PATH} /usr/bin/cmake --build /home/chinchia120/autoware.ai/build/calibration_publisher -- -j4 -l4
[4.975s] [35m[1mScanning dependencies of target autoware_msgs_generate_messages_cpp[0m
[5.007s] [  0%] Built target autoware_msgs_generate_messages_cpp
[5.037s] [35m[1mScanning dependencies of target roscpp_generate_messages_cpp[0m
[5.061s] [  0%] Built target roscpp_generate_messages_cpp
[5.092s] [35m[1mScanning dependencies of target actionlib_generate_messages_cpp[0m
[5.117s] [  0%] Built target actionlib_generate_messages_cpp
[5.151s] [35m[1mScanning dependencies of target pcl_msgs_generate_messages_eus[0m
[5.176s] [  0%] Built target pcl_msgs_generate_messages_eus
[5.207s] [35m[1mScanning dependencies of target rosgraph_msgs_generate_messages_eus[0m
[5.239s] [  0%] Built target rosgraph_msgs_generate_messages_eus
[5.271s] [35m[1mScanning dependencies of target jsk_recognition_msgs_generate_messages_lisp[0m
[5.294s] [  0%] Built target jsk_recognition_msgs_generate_messages_lisp
[5.320s] [35m[1mScanning dependencies of target jsk_recognition_msgs_generate_messages_eus[0m
[5.349s] [  0%] Built target jsk_recognition_msgs_generate_messages_eus
[5.371s] [35m[1mScanning dependencies of target tf2_msgs_generate_messages_cpp[0m
[5.403s] [  0%] Built target tf2_msgs_generate_messages_cpp
[5.431s] [35m[1mScanning dependencies of target std_msgs_generate_messages_py[0m
[5.456s] [  0%] Built target std_msgs_generate_messages_py
[5.484s] [35m[1mScanning dependencies of target autoware_msgs_generate_messages_py[0m
[5.511s] [  0%] Built target autoware_msgs_generate_messages_py
[5.538s] [35m[1mScanning dependencies of target std_msgs_generate_messages_nodejs[0m
[5.572s] [  0%] Built target std_msgs_generate_messages_nodejs
[5.604s] [35m[1mScanning dependencies of target sensor_msgs_generate_messages_eus[0m
[5.631s] [  0%] Built target sensor_msgs_generate_messages_eus
[5.663s] [35m[1mScanning dependencies of target _catkin_empty_exported_target[0m
[5.688s] [  0%] Built target _catkin_empty_exported_target
[5.713s] [35m[1mScanning dependencies of target sensor_msgs_generate_messages_cpp[0m
[5.748s] [  0%] Built target sensor_msgs_generate_messages_cpp
[5.773s] [35m[1mScanning dependencies of target rosgraph_msgs_generate_messages_cpp[0m
[5.797s] [  0%] Built target rosgraph_msgs_generate_messages_cpp
[5.831s] [35m[1mScanning dependencies of target pcl_msgs_generate_messages_nodejs[0m
[5.870s] [  0%] Built target pcl_msgs_generate_messages_nodejs
[5.974s] [35m[1mScanning dependencies of target jsk_recognition_msgs_generate_messages_py[0m
[6.021s] [  0%] Built target jsk_recognition_msgs_generate_messages_py
[6.059s] [35m[1mScanning dependencies of target sensor_msgs_generate_messages_lisp[0m
[6.095s] [  0%] Built target sensor_msgs_generate_messages_lisp
[6.135s] [35m[1mScanning dependencies of target sensor_msgs_generate_messages_py[0m
[6.175s] [  0%] Built target sensor_msgs_generate_messages_py
[6.213s] [35m[1mScanning dependencies of target tf_generate_messages_py[0m
[6.252s] [  0%] Built target tf_generate_messages_py
[6.286s] [35m[1mScanning dependencies of target std_msgs_generate_messages_cpp[0m
[6.322s] [  0%] Built target std_msgs_generate_messages_cpp
[6.359s] [35m[1mScanning dependencies of target jsk_footstep_msgs_generate_messages_py[0m
[6.389s] [  0%] Built target jsk_footstep_msgs_generate_messages_py
[6.425s] [35m[1mScanning dependencies of target actionlib_msgs_generate_messages_nodejs[0m
[6.464s] [  0%] Built target actionlib_msgs_generate_messages_nodejs
[6.503s] [35m[1mScanning dependencies of target geometry_msgs_generate_messages_eus[0m
[6.541s] [  0%] Built target geometry_msgs_generate_messages_eus
[6.575s] [35m[1mScanning dependencies of target std_msgs_generate_messages_lisp[0m
[6.612s] [  0%] Built target std_msgs_generate_messages_lisp
[6.655s] [35m[1mScanning dependencies of target roscpp_generate_messages_nodejs[0m
[6.692s] [  0%] Built target roscpp_generate_messages_nodejs
[6.730s] [35m[1mScanning dependencies of target geometry_msgs_generate_messages_nodejs[0m
[6.769s] [  0%] Built target geometry_msgs_generate_messages_nodejs
[6.810s] [35m[1mScanning dependencies of target geometry_msgs_generate_messages_lisp[0m
[6.846s] [  0%] Built target geometry_msgs_generate_messages_lisp
[6.880s] [35m[1mScanning dependencies of target pcl_msgs_generate_messages_cpp[0m
[6.919s] [  0%] Built target pcl_msgs_generate_messages_cpp
[6.953s] [35m[1mScanning dependencies of target jsk_recognition_msgs_generate_messages_cpp[0m
[6.985s] [  0%] Built target jsk_recognition_msgs_generate_messages_cpp
[7.018s] [35m[1mScanning dependencies of target autoware_msgs_generate_messages_eus[0m
[7.051s] [  0%] Built target autoware_msgs_generate_messages_eus
[7.085s] [35m[1mScanning dependencies of target autoware_msgs_generate_messages_lisp[0m
[7.116s] [  0%] Built target autoware_msgs_generate_messages_lisp
[7.147s] [35m[1mScanning dependencies of target autoware_msgs_generate_messages_nodejs[0m
[7.172s] [  0%] Built target autoware_msgs_generate_messages_nodejs
[7.205s] [35m[1mScanning dependencies of target jsk_footstep_msgs_generate_messages_eus[0m
[7.241s] [  0%] Built target jsk_footstep_msgs_generate_messages_eus
[7.270s] [35m[1mScanning dependencies of target actionlib_msgs_generate_messages_py[0m
[7.294s] [  0%] Built target actionlib_msgs_generate_messages_py
[7.321s] [35m[1mScanning dependencies of target jsk_footstep_msgs_generate_messages_lisp[0m
[7.351s] [  0%] Built target jsk_footstep_msgs_generate_messages_lisp
[7.382s] [35m[1mScanning dependencies of target jsk_footstep_msgs_generate_messages_nodejs[0m
[7.415s] [  0%] Built target jsk_footstep_msgs_generate_messages_nodejs
[7.447s] [35m[1mScanning dependencies of target actionlib_msgs_generate_messages_lisp[0m
[7.483s] [  0%] Built target actionlib_msgs_generate_messages_lisp
[7.510s] [35m[1mScanning dependencies of target jsk_recognition_msgs_generate_messages_nodejs[0m
[7.534s] [  0%] Built target jsk_recognition_msgs_generate_messages_nodejs
[7.555s] [35m[1mScanning dependencies of target roscpp_generate_messages_lisp[0m
[7.587s] [  0%] Built target roscpp_generate_messages_lisp
[7.614s] [35m[1mScanning dependencies of target roscpp_generate_messages_py[0m
[7.644s] [  0%] Built target roscpp_generate_messages_py
[7.673s] [35m[1mScanning dependencies of target rosgraph_msgs_generate_messages_lisp[0m
[7.704s] [  0%] Built target rosgraph_msgs_generate_messages_lisp
[7.739s] [35m[1mScanning dependencies of target rosgraph_msgs_generate_messages_nodejs[0m
[7.770s] [  0%] Built target rosgraph_msgs_generate_messages_nodejs
[7.799s] [35m[1mScanning dependencies of target roscpp_generate_messages_eus[0m
[7.840s] [  0%] Built target roscpp_generate_messages_eus
[7.876s] [35m[1mScanning dependencies of target actionlib_msgs_generate_messages_eus[0m
[7.911s] [  0%] Built target actionlib_msgs_generate_messages_eus
[7.938s] [35m[1mScanning dependencies of target rosgraph_msgs_generate_messages_py[0m
[7.963s] [  0%] Built target rosgraph_msgs_generate_messages_py
[7.994s] [35m[1mScanning dependencies of target jsk_footstep_msgs_generate_messages_cpp[0m
[8.022s] [  0%] Built target jsk_footstep_msgs_generate_messages_cpp
[8.052s] [35m[1mScanning dependencies of target actionlib_msgs_generate_messages_cpp[0m
[8.077s] [  0%] Built target actionlib_msgs_generate_messages_cpp
[8.103s] [35m[1mScanning dependencies of target tf_generate_messages_eus[0m
[8.139s] [  0%] Built target tf_generate_messages_eus
[8.163s] [35m[1mScanning dependencies of target tf_generate_messages_lisp[0m
[8.186s] [  0%] Built target tf_generate_messages_lisp
[8.216s] [35m[1mScanning dependencies of target tf_generate_messages_nodejs[0m
[8.241s] [  0%] Built target tf_generate_messages_nodejs
[8.271s] [35m[1mScanning dependencies of target pcl_msgs_generate_messages_py[0m
[8.300s] [  0%] Built target pcl_msgs_generate_messages_py
[8.335s] [35m[1mScanning dependencies of target actionlib_generate_messages_eus[0m
[8.366s] [  0%] Built target actionlib_generate_messages_eus
[8.401s] [35m[1mScanning dependencies of target geometry_msgs_generate_messages_cpp[0m
[8.441s] [  0%] Built target geometry_msgs_generate_messages_cpp
[8.478s] [35m[1mScanning dependencies of target actionlib_generate_messages_lisp[0m
[8.516s] [  0%] Built target actionlib_generate_messages_lisp
[8.552s] [35m[1mScanning dependencies of target pcl_msgs_generate_messages_lisp[0m
[8.587s] [  0%] Built target pcl_msgs_generate_messages_lisp
[8.625s] [35m[1mScanning dependencies of target tf_generate_messages_cpp[0m
[8.671s] [  0%] Built target tf_generate_messages_cpp
[8.703s] [35m[1mScanning dependencies of target actionlib_generate_messages_nodejs[0m
[8.735s] [  0%] Built target actionlib_generate_messages_nodejs
[8.759s] [35m[1mScanning dependencies of target tf2_msgs_generate_messages_eus[0m
[8.793s] [  0%] Built target tf2_msgs_generate_messages_eus
[8.827s] [35m[1mScanning dependencies of target tf2_msgs_generate_messages_lisp[0m
[8.862s] [  0%] Built target tf2_msgs_generate_messages_lisp
[8.895s] [35m[1mScanning dependencies of target actionlib_generate_messages_py[0m
[8.931s] [  0%] Built target actionlib_generate_messages_py
[8.956s] [35m[1mScanning dependencies of target tf2_msgs_generate_messages_py[0m
[8.986s] [  0%] Built target tf2_msgs_generate_messages_py
[9.014s] [35m[1mScanning dependencies of target tf2_msgs_generate_messages_nodejs[0m
[9.043s] [  0%] Built target tf2_msgs_generate_messages_nodejs
[9.067s] [35m[1mScanning dependencies of target std_msgs_generate_messages_eus[0m
[9.090s] [  0%] Built target std_msgs_generate_messages_eus
[9.117s] [35m[1mScanning dependencies of target sensor_msgs_generate_messages_nodejs[0m
[9.148s] [  0%] Built target sensor_msgs_generate_messages_nodejs
[9.171s] [35m[1mScanning dependencies of target geometry_msgs_generate_messages_py[0m
[9.194s] [  0%] Built target geometry_msgs_generate_messages_py
[9.228s] [35m[1mScanning dependencies of target calibration_publisher[0m
[9.292s] [ 50%] [32mBuilding CXX object CMakeFiles/calibration_publisher.dir/src/calibration_publisher.cpp.o[0m
[16.413s] [100%] [32m[1mLinking CXX executable devel/lib/calibration_publisher/calibration_publisher[0m
[16.824s] [100%] Built target calibration_publisher
[16.859s] Invoked command in '/home/chinchia120/autoware.ai/build/calibration_publisher' returned '0': CMAKE_PREFIX_PATH=/home/chinchia120/autoware.ai/install/autoware_msgs:/home/chinchia120/autoware.ai/install/autoware_build_flags:${CMAKE_PREFIX_PATH} PKG_CONFIG_PATH=/home/chinchia120/autoware.ai/install/autoware_msgs/lib/x86_64-linux-gnu/pkgconfig:/home/chinchia120/autoware.ai/install/autoware_msgs/lib/pkgconfig:/home/chinchia120/autoware.ai/install/autoware_build_flags/lib/x86_64-linux-gnu/pkgconfig:/home/chinchia120/autoware.ai/install/autoware_build_flags/lib/pkgconfig:${PKG_CONFIG_PATH} PYTHONPATH=/home/chinchia120/autoware.ai/install/autoware_msgs/lib/python2.7/dist-packages:${PYTHONPATH} ROS_PACKAGE_PATH=/home/chinchia120/autoware.ai/install/autoware_msgs/share:/home/chinchia120/autoware.ai/install/autoware_build_flags/share:${ROS_PACKAGE_PATH} /usr/bin/cmake --build /home/chinchia120/autoware.ai/build/calibration_publisher -- -j4 -l4
[17.175s] Invoking command in '/home/chinchia120/autoware.ai/build/calibration_publisher': CMAKE_PREFIX_PATH=/home/chinchia120/autoware.ai/install/autoware_msgs:/home/chinchia120/autoware.ai/install/autoware_build_flags:${CMAKE_PREFIX_PATH} PKG_CONFIG_PATH=/home/chinchia120/autoware.ai/install/autoware_msgs/lib/x86_64-linux-gnu/pkgconfig:/home/chinchia120/autoware.ai/install/autoware_msgs/lib/pkgconfig:/home/chinchia120/autoware.ai/install/autoware_build_flags/lib/x86_64-linux-gnu/pkgconfig:/home/chinchia120/autoware.ai/install/autoware_build_flags/lib/pkgconfig:${PKG_CONFIG_PATH} PYTHONPATH=/home/chinchia120/autoware.ai/install/autoware_msgs/lib/python2.7/dist-packages:${PYTHONPATH} ROS_PACKAGE_PATH=/home/chinchia120/autoware.ai/install/autoware_msgs/share:/home/chinchia120/autoware.ai/install/autoware_build_flags/share:${ROS_PACKAGE_PATH} /usr/bin/cmake --build /home/chinchia120/autoware.ai/build/calibration_publisher --target tests -- -j4 -l4
[17.333s] [35m[1mScanning dependencies of target tests[0m
[17.366s] Built target tests
[17.398s] Invoked command in '/home/chinchia120/autoware.ai/build/calibration_publisher' returned '0': CMAKE_PREFIX_PATH=/home/chinchia120/autoware.ai/install/autoware_msgs:/home/chinchia120/autoware.ai/install/autoware_build_flags:${CMAKE_PREFIX_PATH} PKG_CONFIG_PATH=/home/chinchia120/autoware.ai/install/autoware_msgs/lib/x86_64-linux-gnu/pkgconfig:/home/chinchia120/autoware.ai/install/autoware_msgs/lib/pkgconfig:/home/chinchia120/autoware.ai/install/autoware_build_flags/lib/x86_64-linux-gnu/pkgconfig:/home/chinchia120/autoware.ai/install/autoware_build_flags/lib/pkgconfig:${PKG_CONFIG_PATH} PYTHONPATH=/home/chinchia120/autoware.ai/install/autoware_msgs/lib/python2.7/dist-packages:${PYTHONPATH} ROS_PACKAGE_PATH=/home/chinchia120/autoware.ai/install/autoware_msgs/share:/home/chinchia120/autoware.ai/install/autoware_build_flags/share:${ROS_PACKAGE_PATH} /usr/bin/cmake --build /home/chinchia120/autoware.ai/build/calibration_publisher --target tests -- -j4 -l4
[17.724s] Invoking command in '/home/chinchia120/autoware.ai/build/calibration_publisher': CMAKE_PREFIX_PATH=/home/chinchia120/autoware.ai/install/autoware_msgs:/home/chinchia120/autoware.ai/install/autoware_build_flags:${CMAKE_PREFIX_PATH} PKG_CONFIG_PATH=/home/chinchia120/autoware.ai/install/autoware_msgs/lib/x86_64-linux-gnu/pkgconfig:/home/chinchia120/autoware.ai/install/autoware_msgs/lib/pkgconfig:/home/chinchia120/autoware.ai/install/autoware_build_flags/lib/x86_64-linux-gnu/pkgconfig:/home/chinchia120/autoware.ai/install/autoware_build_flags/lib/pkgconfig:${PKG_CONFIG_PATH} PYTHONPATH=/home/chinchia120/autoware.ai/install/autoware_msgs/lib/python2.7/dist-packages:${PYTHONPATH} ROS_PACKAGE_PATH=/home/chinchia120/autoware.ai/install/autoware_msgs/share:/home/chinchia120/autoware.ai/install/autoware_build_flags/share:${ROS_PACKAGE_PATH} /usr/bin/cmake --build /home/chinchia120/autoware.ai/build/calibration_publisher --target install -- -j4 -l4
[17.867s] [  0%] Built target autoware_msgs_generate_messages_cpp
[17.933s] [  0%] Built target roscpp_generate_messages_cpp
[17.981s] [  0%] Built target actionlib_generate_messages_cpp
[18.035s] [  0%] Built target pcl_msgs_generate_messages_eus
[18.084s] [  0%] Built target rosgraph_msgs_generate_messages_eus
[18.145s] [  0%] Built target jsk_recognition_msgs_generate_messages_lisp
[18.206s] [  0%] Built target jsk_recognition_msgs_generate_messages_eus
[18.267s] [  0%] Built target tf2_msgs_generate_messages_cpp
[18.329s] [  0%] Built target std_msgs_generate_messages_py
[18.400s] [  0%] Built target autoware_msgs_generate_messages_py
[18.482s] [  0%] Built target std_msgs_generate_messages_nodejs
[18.554s] [  0%] Built target sensor_msgs_generate_messages_eus
[18.634s] [  0%] Built target _catkin_empty_exported_target
[18.703s] [  0%] Built target sensor_msgs_generate_messages_cpp
[18.784s] [  0%] Built target rosgraph_msgs_generate_messages_cpp
[18.855s] [  0%] Built target pcl_msgs_generate_messages_nodejs
[18.928s] [  0%] Built target jsk_recognition_msgs_generate_messages_py
[19.001s] [  0%] Built target sensor_msgs_generate_messages_lisp
[19.079s] [  0%] Built target sensor_msgs_generate_messages_py
[19.151s] [  0%] Built target tf_generate_messages_py
[19.240s] [  0%] Built target std_msgs_generate_messages_cpp
[19.336s] [  0%] Built target jsk_footstep_msgs_generate_messages_py
[19.428s] [  0%] Built target actionlib_msgs_generate_messages_nodejs
[19.502s] [  0%] Built target geometry_msgs_generate_messages_eus
[19.581s] [  0%] Built target std_msgs_generate_messages_lisp
[19.652s] [  0%] Built target roscpp_generate_messages_nodejs
[19.718s] [  0%] Built target geometry_msgs_generate_messages_nodejs
[19.789s] [  0%] Built target geometry_msgs_generate_messages_lisp
[19.864s] [  0%] Built target pcl_msgs_generate_messages_cpp
[19.922s] [  0%] Built target jsk_recognition_msgs_generate_messages_cpp
[19.987s] [  0%] Built target autoware_msgs_generate_messages_eus
[20.037s] [  0%] Built target autoware_msgs_generate_messages_lisp
[20.092s] [  0%] Built target autoware_msgs_generate_messages_nodejs
[20.157s] [  0%] Built target jsk_footstep_msgs_generate_messages_eus
[20.211s] [  0%] Built target actionlib_msgs_generate_messages_py
[20.272s] [  0%] Built target jsk_footstep_msgs_generate_messages_lisp
[20.322s] [  0%] Built target jsk_footstep_msgs_generate_messages_nodejs
[20.384s] [  0%] Built target actionlib_msgs_generate_messages_lisp
[20.443s] [  0%] Built target jsk_recognition_msgs_generate_messages_nodejs
[20.502s] [  0%] Built target roscpp_generate_messages_lisp
[20.561s] [  0%] Built target roscpp_generate_messages_py
[20.612s] [  0%] Built target rosgraph_msgs_generate_messages_lisp
[20.660s] [  0%] Built target rosgraph_msgs_generate_messages_nodejs
[20.717s] [  0%] Built target roscpp_generate_messages_eus
[20.778s] [  0%] Built target actionlib_msgs_generate_messages_eus
[20.833s] [  0%] Built target rosgraph_msgs_generate_messages_py
[20.878s] [  0%] Built target jsk_footstep_msgs_generate_messages_cpp
[20.934s] [  0%] Built target actionlib_msgs_generate_messages_cpp
[20.995s] [  0%] Built target tf_generate_messages_eus
[21.048s] [  0%] Built target tf_generate_messages_lisp
[21.101s] [  0%] Built target tf_generate_messages_nodejs
[21.149s] [  0%] Built target pcl_msgs_generate_messages_py
[21.196s] [  0%] Built target actionlib_generate_messages_eus
[21.257s] [  0%] Built target geometry_msgs_generate_messages_cpp
[21.315s] [  0%] Built target actionlib_generate_messages_lisp
[21.377s] [  0%] Built target pcl_msgs_generate_messages_lisp
[21.435s] [  0%] Built target tf_generate_messages_cpp
[21.491s] [  0%] Built target actionlib_generate_messages_nodejs
[21.552s] [  0%] Built target tf2_msgs_generate_messages_eus
[21.609s] [  0%] Built target tf2_msgs_generate_messages_lisp
[21.663s] [  0%] Built target actionlib_generate_messages_py
[21.715s] [  0%] Built target tf2_msgs_generate_messages_py
[21.763s] [  0%] Built target tf2_msgs_generate_messages_nodejs
[21.811s] [  0%] Built target std_msgs_generate_messages_eus
[21.864s] [  0%] Built target sensor_msgs_generate_messages_nodejs
[21.915s] [  0%] Built target geometry_msgs_generate_messages_py
[21.988s] [100%] Built target calibration_publisher
[22.040s] [36mInstall the project...[0m
[22.057s] -- Install configuration: "Release"
[22.058s] -- Installing: /home/chinchia120/autoware.ai/install/calibration_publisher/lib/pkgconfig/calibration_publisher.pc
[22.058s] -- Installing: /home/chinchia120/autoware.ai/install/calibration_publisher/share/calibration_publisher/cmake/calibration_publisherConfig.cmake
[22.058s] -- Installing: /home/chinchia120/autoware.ai/install/calibration_publisher/share/calibration_publisher/cmake/calibration_publisherConfig-version.cmake
[22.058s] -- Installing: /home/chinchia120/autoware.ai/install/calibration_publisher/share/calibration_publisher/package.xml
[22.059s] -- Installing: /home/chinchia120/autoware.ai/install/calibration_publisher/lib/calibration_publisher/calibration_publisher
[22.060s] -- Set runtime path of "/home/chinchia120/autoware.ai/install/calibration_publisher/lib/calibration_publisher/calibration_publisher" to ""
[22.067s] Invoked command in '/home/chinchia120/autoware.ai/build/calibration_publisher' returned '0': CMAKE_PREFIX_PATH=/home/chinchia120/autoware.ai/install/autoware_msgs:/home/chinchia120/autoware.ai/install/autoware_build_flags:${CMAKE_PREFIX_PATH} PKG_CONFIG_PATH=/home/chinchia120/autoware.ai/install/autoware_msgs/lib/x86_64-linux-gnu/pkgconfig:/home/chinchia120/autoware.ai/install/autoware_msgs/lib/pkgconfig:/home/chinchia120/autoware.ai/install/autoware_build_flags/lib/x86_64-linux-gnu/pkgconfig:/home/chinchia120/autoware.ai/install/autoware_build_flags/lib/pkgconfig:${PKG_CONFIG_PATH} PYTHONPATH=/home/chinchia120/autoware.ai/install/autoware_msgs/lib/python2.7/dist-packages:${PYTHONPATH} ROS_PACKAGE_PATH=/home/chinchia120/autoware.ai/install/autoware_msgs/share:/home/chinchia120/autoware.ai/install/autoware_build_flags/share:${ROS_PACKAGE_PATH} /usr/bin/cmake --build /home/chinchia120/autoware.ai/build/calibration_publisher --target install -- -j4 -l4
