[0.037s] Invoking command in '/home/chinchia120/autoware.ai/build/lidar_fake_perception': CMAKE_PREFIX_PATH=/home/chinchia120/autoware.ai/install/autoware_msgs:/home/chinchia120/autoware.ai/install/autoware_build_flags:${CMAKE_PREFIX_PATH} PKG_CONFIG_PATH=/home/chinchia120/autoware.ai/install/autoware_msgs/lib/x86_64-linux-gnu/pkgconfig:/home/chinchia120/autoware.ai/install/autoware_msgs/lib/pkgconfig:/home/chinchia120/autoware.ai/install/autoware_build_flags/lib/x86_64-linux-gnu/pkgconfig:/home/chinchia120/autoware.ai/install/autoware_build_flags/lib/pkgconfig:${PKG_CONFIG_PATH} PYTHONPATH=/home/chinchia120/autoware.ai/install/autoware_msgs/lib/python2.7/dist-packages:${PYTHONPATH} ROS_PACKAGE_PATH=/home/chinchia120/autoware.ai/install/autoware_msgs/share:/home/chinchia120/autoware.ai/install/autoware_build_flags/share:${ROS_PACKAGE_PATH} /usr/bin/cmake /home/chinchia120/autoware.ai/src/autoware/core_perception/lidar_fake_perception -DCMAKE_BUILD_TYPE=Release -DCATKIN_INSTALL_INTO_PREFIX_ROOT=0 -DCMAKE_INSTALL_PREFIX=/home/chinchia120/autoware.ai/install/lidar_fake_perception
[0.188s] -- The C compiler identification is GNU 7.5.0
[0.306s] -- The CXX compiler identification is GNU 7.5.0
[0.319s] -- Check for working C compiler: /usr/bin/cc
[0.471s] -- Check for working C compiler: /usr/bin/cc -- works
[0.471s] -- Detecting C compiler ABI info
[0.619s] -- Detecting C compiler ABI info - done
[0.643s] -- Detecting C compile features
[1.105s] -- Detecting C compile features - done
[1.112s] -- Check for working CXX compiler: /usr/bin/c++
[1.285s] -- Check for working CXX compiler: /usr/bin/c++ -- works
[1.296s] -- Detecting CXX compiler ABI info
[1.485s] -- Detecting CXX compiler ABI info - done
[1.499s] -- Detecting CXX compile features
[2.331s] -- Detecting CXX compile features - done
[2.336s] -- CUDA compilation status: 1.
[2.340s] -- Using CATKIN_DEVEL_PREFIX: /home/chinchia120/autoware.ai/build/lidar_fake_perception/devel
[2.341s] -- Using CMAKE_PREFIX_PATH: /home/chinchia120/autoware.ai/install/autoware_msgs;/home/chinchia120/autoware.ai/install/autoware_build_flags;/home/chinchia120/catkin_ws/devel;/opt/ros/melodic
[2.342s] -- This workspace overlays: /home/chinchia120/autoware.ai/install/autoware_msgs;/home/chinchia120/autoware.ai/install/autoware_build_flags;/home/chinchia120/catkin_ws/devel;/opt/ros/melodic
[2.378s] -- Found PythonInterp: /usr/bin/python2 (found suitable version "2.7.17", minimum required is "2") 
[2.379s] -- Using PYTHON_EXECUTABLE: /usr/bin/python2
[2.379s] -- Using Debian Python package layout
[2.379s] -- Using empy: /usr/bin/empy
[2.763s] -- Using CATKIN_ENABLE_TESTING: ON
[2.764s] -- Call enable_testing()
[2.771s] -- Using CATKIN_TEST_RESULTS_DIR: /home/chinchia120/autoware.ai/build/lidar_fake_perception/test_results
[2.820s] -- Found gtest sources under '/usr/src/googletest': gtests will be built
[2.820s] -- Found gmock sources under '/usr/src/googletest': gmock will be built
[2.859s] -- Found PythonInterp: /usr/bin/python2 (found version "2.7.17") 
[2.863s] -- Looking for pthread.h
[3.044s] -- Looking for pthread.h - found
[3.045s] -- Looking for pthread_create
[3.261s] -- Looking for pthread_create - not found
[3.262s] -- Looking for pthread_create in pthreads
[3.431s] -- Looking for pthread_create in pthreads - not found
[3.431s] -- Looking for pthread_create in pthread
[3.591s] -- Looking for pthread_create in pthread - found
[3.603s] -- Found Threads: TRUE  
[3.603s] -- Using Python nosetests: /usr/bin/nosetests-2.7
[3.706s] -- catkin 0.7.29
[3.707s] -- BUILD_SHARED_LIBS is on
[4.096s] -- Using these message generators: gencpp;geneus;genlisp;gennodejs;genpy
[6.694s] -- Configuring done
[6.827s] -- Generating done
[6.855s] -- Build files have been written to: /home/chinchia120/autoware.ai/build/lidar_fake_perception
[6.871s] Invoked command in '/home/chinchia120/autoware.ai/build/lidar_fake_perception' returned '0': CMAKE_PREFIX_PATH=/home/chinchia120/autoware.ai/install/autoware_msgs:/home/chinchia120/autoware.ai/install/autoware_build_flags:${CMAKE_PREFIX_PATH} PKG_CONFIG_PATH=/home/chinchia120/autoware.ai/install/autoware_msgs/lib/x86_64-linux-gnu/pkgconfig:/home/chinchia120/autoware.ai/install/autoware_msgs/lib/pkgconfig:/home/chinchia120/autoware.ai/install/autoware_build_flags/lib/x86_64-linux-gnu/pkgconfig:/home/chinchia120/autoware.ai/install/autoware_build_flags/lib/pkgconfig:${PKG_CONFIG_PATH} PYTHONPATH=/home/chinchia120/autoware.ai/install/autoware_msgs/lib/python2.7/dist-packages:${PYTHONPATH} ROS_PACKAGE_PATH=/home/chinchia120/autoware.ai/install/autoware_msgs/share:/home/chinchia120/autoware.ai/install/autoware_build_flags/share:${ROS_PACKAGE_PATH} /usr/bin/cmake /home/chinchia120/autoware.ai/src/autoware/core_perception/lidar_fake_perception -DCMAKE_BUILD_TYPE=Release -DCATKIN_INSTALL_INTO_PREFIX_ROOT=0 -DCMAKE_INSTALL_PREFIX=/home/chinchia120/autoware.ai/install/lidar_fake_perception
[6.872s] Invoking command in '/home/chinchia120/autoware.ai/build/lidar_fake_perception': CMAKE_PREFIX_PATH=/home/chinchia120/autoware.ai/install/autoware_msgs:/home/chinchia120/autoware.ai/install/autoware_build_flags:${CMAKE_PREFIX_PATH} PKG_CONFIG_PATH=/home/chinchia120/autoware.ai/install/autoware_msgs/lib/x86_64-linux-gnu/pkgconfig:/home/chinchia120/autoware.ai/install/autoware_msgs/lib/pkgconfig:/home/chinchia120/autoware.ai/install/autoware_build_flags/lib/x86_64-linux-gnu/pkgconfig:/home/chinchia120/autoware.ai/install/autoware_build_flags/lib/pkgconfig:${PKG_CONFIG_PATH} PYTHONPATH=/home/chinchia120/autoware.ai/install/autoware_msgs/lib/python2.7/dist-packages:${PYTHONPATH} ROS_PACKAGE_PATH=/home/chinchia120/autoware.ai/install/autoware_msgs/share:/home/chinchia120/autoware.ai/install/autoware_build_flags/share:${ROS_PACKAGE_PATH} /usr/bin/cmake --build /home/chinchia120/autoware.ai/build/lidar_fake_perception -- -j4 -l4
[6.994s] [35m[1mScanning dependencies of target std_srvs_generate_messages_lisp[0m
[7.027s] [  0%] Built target std_srvs_generate_messages_lisp
[7.057s] [35m[1mScanning dependencies of target tf2_msgs_generate_messages_cpp[0m
[7.090s] [  0%] Built target tf2_msgs_generate_messages_cpp
[7.114s] [35m[1mScanning dependencies of target tf2_msgs_generate_messages_py[0m
[7.136s] [  0%] Built target tf2_msgs_generate_messages_py
[7.164s] [35m[1mScanning dependencies of target actionlib_generate_messages_py[0m
[7.191s] [  0%] Built target actionlib_generate_messages_py
[7.223s] [35m[1mScanning dependencies of target actionlib_generate_messages_cpp[0m
[7.250s] [  0%] Built target actionlib_generate_messages_cpp
[7.278s] [35m[1mScanning dependencies of target tf_generate_messages_nodejs[0m
[7.311s] [  0%] Built target tf_generate_messages_nodejs
[7.336s] [35m[1mScanning dependencies of target tf_generate_messages_lisp[0m
[7.368s] [  0%] Built target tf_generate_messages_lisp
[7.401s] [35m[1mScanning dependencies of target topic_tools_generate_messages_nodejs[0m
[7.427s] [  0%] Built target topic_tools_generate_messages_nodejs
[7.456s] [35m[1mScanning dependencies of target topic_tools_generate_messages_eus[0m
[7.477s] [  0%] Built target topic_tools_generate_messages_eus
[7.508s] [35m[1mScanning dependencies of target topic_tools_generate_messages_cpp[0m
[7.550s] [  0%] Built target topic_tools_generate_messages_cpp
[7.579s] [35m[1mScanning dependencies of target std_srvs_generate_messages_py[0m
[7.600s] [  0%] Built target std_srvs_generate_messages_py
[7.621s] [35m[1mScanning dependencies of target geometry_msgs_generate_messages_py[0m
[7.651s] [  0%] Built target geometry_msgs_generate_messages_py
[7.679s] [35m[1mScanning dependencies of target sensor_msgs_generate_messages_nodejs[0m
[7.708s] [  0%] Built target sensor_msgs_generate_messages_nodejs
[7.733s] [35m[1mScanning dependencies of target roscpp_generate_messages_cpp[0m
[7.759s] [  0%] Built target roscpp_generate_messages_cpp
[7.787s] [35m[1mScanning dependencies of target pcl_msgs_generate_messages_eus[0m
[7.809s] [  0%] Built target pcl_msgs_generate_messages_eus
[7.831s] [35m[1mScanning dependencies of target rosgraph_msgs_generate_messages_eus[0m
[7.873s] [  0%] Built target rosgraph_msgs_generate_messages_eus
[7.893s] [35m[1mScanning dependencies of target jsk_recognition_msgs_generate_messages_lisp[0m
[7.915s] [  0%] Built target jsk_recognition_msgs_generate_messages_lisp
[7.935s] [35m[1mScanning dependencies of target jsk_recognition_msgs_generate_messages_eus[0m
[7.961s] [  0%] Built target jsk_recognition_msgs_generate_messages_eus
[7.987s] [35m[1mScanning dependencies of target std_msgs_generate_messages_py[0m
[8.007s] [  0%] Built target std_msgs_generate_messages_py
[8.030s] [35m[1mScanning dependencies of target std_msgs_generate_messages_nodejs[0m
[8.051s] [  0%] Built target std_msgs_generate_messages_nodejs
[8.071s] [35m[1mScanning dependencies of target bond_generate_messages_lisp[0m
[8.096s] [  0%] Built target bond_generate_messages_lisp
[8.117s] [35m[1mScanning dependencies of target sensor_msgs_generate_messages_eus[0m
[8.138s] [  0%] Built target sensor_msgs_generate_messages_eus
[8.159s] [35m[1mScanning dependencies of target sensor_msgs_generate_messages_cpp[0m
[8.183s] [  0%] Built target sensor_msgs_generate_messages_cpp
[8.206s] [35m[1mScanning dependencies of target autoware_msgs_generate_messages_cpp[0m
[8.229s] [  0%] Built target autoware_msgs_generate_messages_cpp
[8.257s] [35m[1mScanning dependencies of target tf_generate_messages_py[0m
[8.284s] [  0%] Built target tf_generate_messages_py
[8.310s] [35m[1mScanning dependencies of target dynamic_reconfigure_generate_messages_cpp[0m
[8.333s] [  0%] Built target dynamic_reconfigure_generate_messages_cpp
[8.363s] [35m[1mScanning dependencies of target rosgraph_msgs_generate_messages_cpp[0m
[8.387s] [  0%] Built target rosgraph_msgs_generate_messages_cpp
[8.409s] [35m[1mScanning dependencies of target pcl_msgs_generate_messages_nodejs[0m
[8.432s] [  0%] Built target pcl_msgs_generate_messages_nodejs
[8.453s] [35m[1mScanning dependencies of target nodelet_generate_messages_nodejs[0m
[8.475s] [  0%] Built target nodelet_generate_messages_nodejs
[8.497s] [35m[1mScanning dependencies of target jsk_recognition_msgs_generate_messages_py[0m
[8.527s] [  0%] Built target jsk_recognition_msgs_generate_messages_py
[8.553s] [35m[1mScanning dependencies of target sensor_msgs_generate_messages_lisp[0m
[8.581s] [  0%] Built target sensor_msgs_generate_messages_lisp
[8.611s] [35m[1mScanning dependencies of target std_msgs_generate_messages_cpp[0m
[8.632s] [  0%] Built target std_msgs_generate_messages_cpp
[8.653s] [35m[1mScanning dependencies of target jsk_footstep_msgs_generate_messages_py[0m
[8.676s] [  0%] Built target jsk_footstep_msgs_generate_messages_py
[8.702s] [35m[1mScanning dependencies of target sensor_msgs_generate_messages_py[0m
[8.732s] [  0%] Built target sensor_msgs_generate_messages_py
[8.756s] [35m[1mScanning dependencies of target nodelet_generate_messages_py[0m
[8.778s] [  0%] Built target nodelet_generate_messages_py
[8.799s] [35m[1mScanning dependencies of target geometry_msgs_generate_messages_eus[0m
[8.833s] [  0%] Built target geometry_msgs_generate_messages_eus
[8.858s] [35m[1mScanning dependencies of target std_msgs_generate_messages_lisp[0m
[8.884s] [  0%] Built target std_msgs_generate_messages_lisp
[8.905s] [35m[1mScanning dependencies of target roscpp_generate_messages_nodejs[0m
[8.926s] [  0%] Built target roscpp_generate_messages_nodejs
[8.953s] [35m[1mScanning dependencies of target geometry_msgs_generate_messages_nodejs[0m
[8.982s] [  0%] Built target geometry_msgs_generate_messages_nodejs
[9.004s] [35m[1mScanning dependencies of target actionlib_generate_messages_eus[0m
[9.026s] [  0%] Built target actionlib_generate_messages_eus
[9.049s] [35m[1mScanning dependencies of target pcl_msgs_generate_messages_py[0m
[9.070s] [  0%] Built target pcl_msgs_generate_messages_py
[9.091s] [35m[1mScanning dependencies of target geometry_msgs_generate_messages_lisp[0m
[9.113s] [  0%] Built target geometry_msgs_generate_messages_lisp
[9.135s] [35m[1mScanning dependencies of target actionlib_generate_messages_lisp[0m
[9.156s] [  0%] Built target actionlib_generate_messages_lisp
[9.184s] [35m[1mScanning dependencies of target geometry_msgs_generate_messages_cpp[0m
[9.205s] [  0%] Built target geometry_msgs_generate_messages_cpp
[9.227s] [35m[1mScanning dependencies of target pcl_msgs_generate_messages_cpp[0m
[9.251s] [  0%] Built target pcl_msgs_generate_messages_cpp
[9.282s] [35m[1mScanning dependencies of target dynamic_reconfigure_generate_messages_lisp[0m
[9.311s] [  0%] Built target dynamic_reconfigure_generate_messages_lisp
[9.342s] [35m[1mScanning dependencies of target topic_tools_generate_messages_lisp[0m
[9.367s] [  0%] Built target topic_tools_generate_messages_lisp
[9.399s] [35m[1mScanning dependencies of target jsk_recognition_msgs_generate_messages_cpp[0m
[9.431s] [  0%] Built target jsk_recognition_msgs_generate_messages_cpp
[9.460s] [35m[1mScanning dependencies of target autoware_msgs_generate_messages_eus[0m
[9.510s] [  0%] Built target autoware_msgs_generate_messages_eus
[9.566s] [35m[1mScanning dependencies of target autoware_msgs_generate_messages_lisp[0m
[9.592s] [  0%] Built target autoware_msgs_generate_messages_lisp
[9.614s] [35m[1mScanning dependencies of target autoware_msgs_generate_messages_py[0m
[9.636s] [  0%] Built target autoware_msgs_generate_messages_py
[9.657s] [35m[1mScanning dependencies of target nodelet_generate_messages_lisp[0m
[9.683s] [  0%] Built target nodelet_generate_messages_lisp
[9.714s] [35m[1mScanning dependencies of target actionlib_generate_messages_nodejs[0m
[9.737s] [  0%] Built target actionlib_generate_messages_nodejs
[9.761s] [35m[1mScanning dependencies of target tf_generate_messages_cpp[0m
[9.788s] [  0%] Built target tf_generate_messages_cpp
[9.818s] [35m[1mScanning dependencies of target pcl_msgs_generate_messages_lisp[0m
[9.841s] [  0%] Built target pcl_msgs_generate_messages_lisp
[9.864s] [35m[1mScanning dependencies of target std_msgs_generate_messages_eus[0m
[9.889s] [  0%] Built target std_msgs_generate_messages_eus
[9.917s] [35m[1mScanning dependencies of target autoware_msgs_generate_messages_nodejs[0m
[9.940s] [  0%] Built target autoware_msgs_generate_messages_nodejs
[9.971s] [35m[1mScanning dependencies of target jsk_footstep_msgs_generate_messages_eus[0m
[10.002s] [  0%] Built target jsk_footstep_msgs_generate_messages_eus
[10.042s] [35m[1mScanning dependencies of target actionlib_msgs_generate_messages_py[0m
[10.072s] [  0%] Built target actionlib_msgs_generate_messages_py
[10.097s] [35m[1mScanning dependencies of target jsk_footstep_msgs_generate_messages_lisp[0m
[10.118s] [  0%] Built target jsk_footstep_msgs_generate_messages_lisp
[10.141s] [35m[1mScanning dependencies of target jsk_footstep_msgs_generate_messages_nodejs[0m
[10.170s] [  0%] Built target jsk_footstep_msgs_generate_messages_nodejs
[10.199s] [35m[1mScanning dependencies of target tf_generate_messages_eus[0m
[10.224s] [  0%] Built target tf_generate_messages_eus
[10.245s] [35m[1mScanning dependencies of target jsk_footstep_msgs_generate_messages_cpp[0m
[10.272s] [  0%] Built target jsk_footstep_msgs_generate_messages_cpp
[10.321s] [35m[1mScanning dependencies of target actionlib_msgs_generate_messages_cpp[0m
[10.347s] [  0%] Built target actionlib_msgs_generate_messages_cpp
[10.375s] [35m[1mScanning dependencies of target std_srvs_generate_messages_cpp[0m
[10.402s] [  0%] Built target std_srvs_generate_messages_cpp
[10.425s] [35m[1mScanning dependencies of target actionlib_msgs_generate_messages_lisp[0m
[10.448s] [  0%] Built target actionlib_msgs_generate_messages_lisp
[10.479s] [35m[1mScanning dependencies of target pcl_ros_gencfg[0m
[10.506s] [  0%] Built target pcl_ros_gencfg
[10.525s] [35m[1mScanning dependencies of target dynamic_reconfigure_generate_messages_eus[0m
[10.553s] [  0%] Built target dynamic_reconfigure_generate_messages_eus
[10.574s] [35m[1mScanning dependencies of target dynamic_reconfigure_generate_messages_nodejs[0m
[10.602s] [  0%] Built target dynamic_reconfigure_generate_messages_nodejs
[10.630s] [35m[1mScanning dependencies of target dynamic_reconfigure_generate_messages_py[0m
[10.655s] [  0%] Built target dynamic_reconfigure_generate_messages_py
[10.685s] [35m[1mScanning dependencies of target tf2_msgs_generate_messages_lisp[0m
[10.717s] [  0%] Built target tf2_msgs_generate_messages_lisp
[10.750s] [35m[1mScanning dependencies of target dynamic_reconfigure_gencfg[0m
[10.780s] [  0%] Built target dynamic_reconfigure_gencfg
[10.803s] [35m[1mScanning dependencies of target jsk_recognition_msgs_generate_messages_nodejs[0m
[10.830s] [  0%] Built target jsk_recognition_msgs_generate_messages_nodejs
[10.855s] [35m[1mScanning dependencies of target std_srvs_generate_messages_eus[0m
[10.883s] [  0%] Built target std_srvs_generate_messages_eus
[10.905s] [35m[1mScanning dependencies of target roscpp_generate_messages_lisp[0m
[10.926s] [  0%] Built target roscpp_generate_messages_lisp
[10.954s] [35m[1mScanning dependencies of target bond_generate_messages_eus[0m
[10.983s] [  0%] Built target bond_generate_messages_eus
[11.007s] [35m[1mScanning dependencies of target roscpp_generate_messages_py[0m
[11.039s] [  0%] Built target roscpp_generate_messages_py
[11.070s] [35m[1mScanning dependencies of target rosgraph_msgs_generate_messages_lisp[0m
[11.100s] [  0%] Built target rosgraph_msgs_generate_messages_lisp
[11.125s] [35m[1mScanning dependencies of target rosgraph_msgs_generate_messages_nodejs[0m
[11.146s] [  0%] Built target rosgraph_msgs_generate_messages_nodejs
[11.172s] [35m[1mScanning dependencies of target roscpp_generate_messages_eus[0m
[11.201s] [  0%] Built target roscpp_generate_messages_eus
[11.229s] [35m[1mScanning dependencies of target actionlib_msgs_generate_messages_eus[0m
[11.258s] [  0%] Built target actionlib_msgs_generate_messages_eus
[11.281s] [35m[1mScanning dependencies of target rosgraph_msgs_generate_messages_py[0m
[11.308s] [  0%] Built target rosgraph_msgs_generate_messages_py
[11.330s] [35m[1mScanning dependencies of target nodelet_generate_messages_cpp[0m
[11.352s] [  0%] Built target nodelet_generate_messages_cpp
[11.386s] [35m[1mScanning dependencies of target bond_generate_messages_py[0m
[11.414s] [  0%] Built target bond_generate_messages_py
[11.436s] [35m[1mScanning dependencies of target std_srvs_generate_messages_nodejs[0m
[11.457s] [  0%] Built target std_srvs_generate_messages_nodejs
[11.487s] [35m[1mScanning dependencies of target nodelet_generate_messages_eus[0m
[11.508s] [  0%] Built target nodelet_generate_messages_eus
[11.539s] [35m[1mScanning dependencies of target bond_generate_messages_cpp[0m
[11.563s] [  0%] Built target bond_generate_messages_cpp
[11.587s] [35m[1mScanning dependencies of target bond_generate_messages_nodejs[0m
[11.616s] [  0%] Built target bond_generate_messages_nodejs
[11.644s] [35m[1mScanning dependencies of target topic_tools_generate_messages_py[0m
[11.669s] [  0%] Built target topic_tools_generate_messages_py
[11.692s] [35m[1mScanning dependencies of target actionlib_msgs_generate_messages_nodejs[0m
[11.719s] [  0%] Built target actionlib_msgs_generate_messages_nodejs
[11.740s] [35m[1mScanning dependencies of target nodelet_topic_tools_gencfg[0m
[11.765s] [  0%] Built target nodelet_topic_tools_gencfg
[11.793s] [35m[1mScanning dependencies of target _catkin_empty_exported_target[0m
[11.825s] [  0%] Built target _catkin_empty_exported_target
[11.853s] [35m[1mScanning dependencies of target tf2_msgs_generate_messages_eus[0m
[11.885s] [  0%] Built target tf2_msgs_generate_messages_eus
[11.911s] [35m[1mScanning dependencies of target tf2_msgs_generate_messages_nodejs[0m
[11.935s] [  0%] Built target tf2_msgs_generate_messages_nodejs
[11.974s] [35m[1mScanning dependencies of target lidar_fake_perception_node[0m
[12.257s] [ 33%] [32mBuilding CXX object CMakeFiles/lidar_fake_perception_node.dir/nodes/lidar_fake_perception.cpp.o[0m
[35.812s] [ 66%] [32mBuilding CXX object CMakeFiles/lidar_fake_perception_node.dir/nodes/lidar_fake_perception_node.cpp.o[0m
[53.749s] [100%] [32m[1mLinking CXX executable devel/lib/lidar_fake_perception/lidar_fake_perception_node[0m
[54.591s] [100%] Built target lidar_fake_perception_node
[54.616s] Invoked command in '/home/chinchia120/autoware.ai/build/lidar_fake_perception' returned '0': CMAKE_PREFIX_PATH=/home/chinchia120/autoware.ai/install/autoware_msgs:/home/chinchia120/autoware.ai/install/autoware_build_flags:${CMAKE_PREFIX_PATH} PKG_CONFIG_PATH=/home/chinchia120/autoware.ai/install/autoware_msgs/lib/x86_64-linux-gnu/pkgconfig:/home/chinchia120/autoware.ai/install/autoware_msgs/lib/pkgconfig:/home/chinchia120/autoware.ai/install/autoware_build_flags/lib/x86_64-linux-gnu/pkgconfig:/home/chinchia120/autoware.ai/install/autoware_build_flags/lib/pkgconfig:${PKG_CONFIG_PATH} PYTHONPATH=/home/chinchia120/autoware.ai/install/autoware_msgs/lib/python2.7/dist-packages:${PYTHONPATH} ROS_PACKAGE_PATH=/home/chinchia120/autoware.ai/install/autoware_msgs/share:/home/chinchia120/autoware.ai/install/autoware_build_flags/share:${ROS_PACKAGE_PATH} /usr/bin/cmake --build /home/chinchia120/autoware.ai/build/lidar_fake_perception -- -j4 -l4
[55.109s] Invoking command in '/home/chinchia120/autoware.ai/build/lidar_fake_perception': CMAKE_PREFIX_PATH=/home/chinchia120/autoware.ai/install/autoware_msgs:/home/chinchia120/autoware.ai/install/autoware_build_flags:${CMAKE_PREFIX_PATH} PKG_CONFIG_PATH=/home/chinchia120/autoware.ai/install/autoware_msgs/lib/x86_64-linux-gnu/pkgconfig:/home/chinchia120/autoware.ai/install/autoware_msgs/lib/pkgconfig:/home/chinchia120/autoware.ai/install/autoware_build_flags/lib/x86_64-linux-gnu/pkgconfig:/home/chinchia120/autoware.ai/install/autoware_build_flags/lib/pkgconfig:${PKG_CONFIG_PATH} PYTHONPATH=/home/chinchia120/autoware.ai/install/autoware_msgs/lib/python2.7/dist-packages:${PYTHONPATH} ROS_PACKAGE_PATH=/home/chinchia120/autoware.ai/install/autoware_msgs/share:/home/chinchia120/autoware.ai/install/autoware_build_flags/share:${ROS_PACKAGE_PATH} /usr/bin/cmake --build /home/chinchia120/autoware.ai/build/lidar_fake_perception --target tests -- -j4 -l4
[55.282s] [35m[1mScanning dependencies of target tests[0m
[55.310s] Built target tests
[55.337s] Invoked command in '/home/chinchia120/autoware.ai/build/lidar_fake_perception' returned '0': CMAKE_PREFIX_PATH=/home/chinchia120/autoware.ai/install/autoware_msgs:/home/chinchia120/autoware.ai/install/autoware_build_flags:${CMAKE_PREFIX_PATH} PKG_CONFIG_PATH=/home/chinchia120/autoware.ai/install/autoware_msgs/lib/x86_64-linux-gnu/pkgconfig:/home/chinchia120/autoware.ai/install/autoware_msgs/lib/pkgconfig:/home/chinchia120/autoware.ai/install/autoware_build_flags/lib/x86_64-linux-gnu/pkgconfig:/home/chinchia120/autoware.ai/install/autoware_build_flags/lib/pkgconfig:${PKG_CONFIG_PATH} PYTHONPATH=/home/chinchia120/autoware.ai/install/autoware_msgs/lib/python2.7/dist-packages:${PYTHONPATH} ROS_PACKAGE_PATH=/home/chinchia120/autoware.ai/install/autoware_msgs/share:/home/chinchia120/autoware.ai/install/autoware_build_flags/share:${ROS_PACKAGE_PATH} /usr/bin/cmake --build /home/chinchia120/autoware.ai/build/lidar_fake_perception --target tests -- -j4 -l4
[55.780s] Invoking command in '/home/chinchia120/autoware.ai/build/lidar_fake_perception': CMAKE_PREFIX_PATH=/home/chinchia120/autoware.ai/install/autoware_msgs:/home/chinchia120/autoware.ai/install/autoware_build_flags:${CMAKE_PREFIX_PATH} PKG_CONFIG_PATH=/home/chinchia120/autoware.ai/install/autoware_msgs/lib/x86_64-linux-gnu/pkgconfig:/home/chinchia120/autoware.ai/install/autoware_msgs/lib/pkgconfig:/home/chinchia120/autoware.ai/install/autoware_build_flags/lib/x86_64-linux-gnu/pkgconfig:/home/chinchia120/autoware.ai/install/autoware_build_flags/lib/pkgconfig:${PKG_CONFIG_PATH} PYTHONPATH=/home/chinchia120/autoware.ai/install/autoware_msgs/lib/python2.7/dist-packages:${PYTHONPATH} ROS_PACKAGE_PATH=/home/chinchia120/autoware.ai/install/autoware_msgs/share:/home/chinchia120/autoware.ai/install/autoware_build_flags/share:${ROS_PACKAGE_PATH} /usr/bin/cmake --build /home/chinchia120/autoware.ai/build/lidar_fake_perception --target install -- -j4 -l4
[55.914s] [  0%] Built target std_srvs_generate_messages_lisp
[55.973s] [  0%] Built target tf2_msgs_generate_messages_cpp
[56.021s] [  0%] Built target tf2_msgs_generate_messages_py
[56.076s] [  0%] Built target actionlib_generate_messages_py
[56.134s] [  0%] Built target actionlib_generate_messages_cpp
[56.229s] [  0%] Built target tf_generate_messages_nodejs
[56.289s] [  0%] Built target tf_generate_messages_lisp
[56.348s] [  0%] Built target topic_tools_generate_messages_nodejs
[56.402s] [  0%] Built target topic_tools_generate_messages_eus
[56.461s] [  0%] Built target topic_tools_generate_messages_cpp
[56.506s] [  0%] Built target std_srvs_generate_messages_py
[56.567s] [  0%] Built target geometry_msgs_generate_messages_py
[56.629s] [  0%] Built target sensor_msgs_generate_messages_nodejs
[56.692s] [  0%] Built target roscpp_generate_messages_cpp
[56.737s] [  0%] Built target pcl_msgs_generate_messages_eus
[56.801s] [  0%] Built target rosgraph_msgs_generate_messages_eus
[56.861s] [  0%] Built target jsk_recognition_msgs_generate_messages_lisp
[56.914s] [  0%] Built target jsk_recognition_msgs_generate_messages_eus
[56.969s] [  0%] Built target std_msgs_generate_messages_py
[57.027s] [  0%] Built target std_msgs_generate_messages_nodejs
[57.082s] [  0%] Built target bond_generate_messages_lisp
[57.143s] [  0%] Built target sensor_msgs_generate_messages_eus
[57.197s] [  0%] Built target sensor_msgs_generate_messages_cpp
[57.252s] [  0%] Built target autoware_msgs_generate_messages_cpp
[57.304s] [  0%] Built target tf_generate_messages_py
[57.349s] [  0%] Built target dynamic_reconfigure_generate_messages_cpp
[57.404s] [  0%] Built target rosgraph_msgs_generate_messages_cpp
[57.463s] [  0%] Built target pcl_msgs_generate_messages_nodejs
[57.522s] [  0%] Built target nodelet_generate_messages_nodejs
[57.579s] [  0%] Built target jsk_recognition_msgs_generate_messages_py
[57.631s] [  0%] Built target sensor_msgs_generate_messages_lisp
[57.697s] [  0%] Built target std_msgs_generate_messages_cpp
[57.750s] [  0%] Built target jsk_footstep_msgs_generate_messages_py
[57.807s] [  0%] Built target sensor_msgs_generate_messages_py
[57.868s] [  0%] Built target nodelet_generate_messages_py
[57.928s] [  0%] Built target geometry_msgs_generate_messages_eus
[57.977s] [  0%] Built target std_msgs_generate_messages_lisp
[58.040s] [  0%] Built target roscpp_generate_messages_nodejs
[58.106s] [  0%] Built target geometry_msgs_generate_messages_nodejs
[58.160s] [  0%] Built target actionlib_generate_messages_eus
[58.217s] [  0%] Built target pcl_msgs_generate_messages_py
[58.259s] [  0%] Built target geometry_msgs_generate_messages_lisp
[58.312s] [  0%] Built target actionlib_generate_messages_lisp
[58.369s] [  0%] Built target geometry_msgs_generate_messages_cpp
[58.412s] [  0%] Built target pcl_msgs_generate_messages_cpp
[58.456s] [  0%] Built target dynamic_reconfigure_generate_messages_lisp
[58.500s] [  0%] Built target topic_tools_generate_messages_lisp
[58.558s] [  0%] Built target jsk_recognition_msgs_generate_messages_cpp
[58.606s] [  0%] Built target autoware_msgs_generate_messages_eus
[58.666s] [  0%] Built target autoware_msgs_generate_messages_lisp
[58.721s] [  0%] Built target autoware_msgs_generate_messages_py
[58.784s] [  0%] Built target nodelet_generate_messages_lisp
[58.831s] [  0%] Built target actionlib_generate_messages_nodejs
[58.877s] [  0%] Built target tf_generate_messages_cpp
[58.933s] [  0%] Built target pcl_msgs_generate_messages_lisp
[58.990s] [  0%] Built target std_msgs_generate_messages_eus
[59.048s] [  0%] Built target autoware_msgs_generate_messages_nodejs
[59.106s] [  0%] Built target jsk_footstep_msgs_generate_messages_eus
[59.160s] [  0%] Built target actionlib_msgs_generate_messages_py
[59.203s] [  0%] Built target jsk_footstep_msgs_generate_messages_lisp
[59.262s] [  0%] Built target jsk_footstep_msgs_generate_messages_nodejs
[59.309s] [  0%] Built target tf_generate_messages_eus
[59.369s] [  0%] Built target jsk_footstep_msgs_generate_messages_cpp
[59.421s] [  0%] Built target actionlib_msgs_generate_messages_cpp
[59.483s] [  0%] Built target std_srvs_generate_messages_cpp
[59.539s] [  0%] Built target actionlib_msgs_generate_messages_lisp
[59.600s] [  0%] Built target pcl_ros_gencfg
[59.651s] [  0%] Built target dynamic_reconfigure_generate_messages_eus
[59.695s] [  0%] Built target dynamic_reconfigure_generate_messages_nodejs
[59.743s] [  0%] Built target dynamic_reconfigure_generate_messages_py
[59.811s] [  0%] Built target tf2_msgs_generate_messages_lisp
[59.857s] [  0%] Built target dynamic_reconfigure_gencfg
[59.915s] [  0%] Built target jsk_recognition_msgs_generate_messages_nodejs
[59.971s] [  0%] Built target std_srvs_generate_messages_eus
[60.027s] [  0%] Built target roscpp_generate_messages_lisp
[60.087s] [  0%] Built target bond_generate_messages_eus
[60.141s] [  0%] Built target roscpp_generate_messages_py
[60.204s] [  0%] Built target rosgraph_msgs_generate_messages_lisp
[60.255s] [  0%] Built target rosgraph_msgs_generate_messages_nodejs
[60.300s] [  0%] Built target roscpp_generate_messages_eus
[60.356s] [  0%] Built target actionlib_msgs_generate_messages_eus
[60.419s] [  0%] Built target rosgraph_msgs_generate_messages_py
[60.472s] [  0%] Built target nodelet_generate_messages_cpp
[60.526s] [  0%] Built target bond_generate_messages_py
[60.578s] [  0%] Built target std_srvs_generate_messages_nodejs
[60.631s] [  0%] Built target nodelet_generate_messages_eus
[60.679s] [  0%] Built target bond_generate_messages_cpp
[60.733s] [  0%] Built target bond_generate_messages_nodejs
[60.786s] [  0%] Built target topic_tools_generate_messages_py
[60.836s] [  0%] Built target actionlib_msgs_generate_messages_nodejs
[60.899s] [  0%] Built target nodelet_topic_tools_gencfg
[60.950s] [  0%] Built target _catkin_empty_exported_target
[61.000s] [  0%] Built target tf2_msgs_generate_messages_eus
[61.053s] [  0%] Built target tf2_msgs_generate_messages_nodejs
[61.157s] [100%] Built target lidar_fake_perception_node
[61.215s] [36mInstall the project...[0m
[61.239s] -- Install configuration: "Release"
[61.240s] -- Installing: /home/chinchia120/autoware.ai/install/lidar_fake_perception/lib/pkgconfig/lidar_fake_perception.pc
[61.240s] -- Installing: /home/chinchia120/autoware.ai/install/lidar_fake_perception/share/lidar_fake_perception/cmake/lidar_fake_perceptionConfig.cmake
[61.240s] -- Installing: /home/chinchia120/autoware.ai/install/lidar_fake_perception/share/lidar_fake_perception/cmake/lidar_fake_perceptionConfig-version.cmake
[61.240s] -- Installing: /home/chinchia120/autoware.ai/install/lidar_fake_perception/share/lidar_fake_perception/package.xml
[61.241s] -- Installing: /home/chinchia120/autoware.ai/install/lidar_fake_perception/lib/lidar_fake_perception/lidar_fake_perception_node
[61.243s] -- Set runtime path of "/home/chinchia120/autoware.ai/install/lidar_fake_perception/lib/lidar_fake_perception/lidar_fake_perception_node" to ""
[61.243s] -- Installing: /home/chinchia120/autoware.ai/install/lidar_fake_perception/share/lidar_fake_perception/launch
[61.245s] -- Installing: /home/chinchia120/autoware.ai/install/lidar_fake_perception/share/lidar_fake_perception/launch/lidar_fake_perception.launch
[61.254s] Invoked command in '/home/chinchia120/autoware.ai/build/lidar_fake_perception' returned '0': CMAKE_PREFIX_PATH=/home/chinchia120/autoware.ai/install/autoware_msgs:/home/chinchia120/autoware.ai/install/autoware_build_flags:${CMAKE_PREFIX_PATH} PKG_CONFIG_PATH=/home/chinchia120/autoware.ai/install/autoware_msgs/lib/x86_64-linux-gnu/pkgconfig:/home/chinchia120/autoware.ai/install/autoware_msgs/lib/pkgconfig:/home/chinchia120/autoware.ai/install/autoware_build_flags/lib/x86_64-linux-gnu/pkgconfig:/home/chinchia120/autoware.ai/install/autoware_build_flags/lib/pkgconfig:${PKG_CONFIG_PATH} PYTHONPATH=/home/chinchia120/autoware.ai/install/autoware_msgs/lib/python2.7/dist-packages:${PYTHONPATH} ROS_PACKAGE_PATH=/home/chinchia120/autoware.ai/install/autoware_msgs/share:/home/chinchia120/autoware.ai/install/autoware_build_flags/share:${ROS_PACKAGE_PATH} /usr/bin/cmake --build /home/chinchia120/autoware.ai/build/lidar_fake_perception --target install -- -j4 -l4
