[0.131s] Invoking command in '/home/chinchia120/autoware.ai/build/imm_ukf_pda_track': CMAKE_PREFIX_PATH=/home/chinchia120/autoware.ai/install/lanelet2_extension:/home/chinchia120/autoware.ai/install/lanelet2_validation:/home/chinchia120/autoware.ai/install/lanelet2_routing:/home/chinchia120/autoware.ai/install/lanelet2_projection:/home/chinchia120/autoware.ai/install/lanelet2_traffic_rules:/home/chinchia120/autoware.ai/install/lanelet2_maps:/home/chinchia120/autoware.ai/install/lanelet2_io:/home/chinchia120/autoware.ai/install/vector_map:/home/chinchia120/autoware.ai/install/lanelet2_core:/home/chinchia120/autoware.ai/install/amathutils_lib:/home/chinchia120/autoware.ai/install/vector_map_msgs:/home/chinchia120/autoware.ai/install/autoware_msgs:/home/chinchia120/autoware.ai/install/autoware_lanelet2_msgs:/home/chinchia120/autoware.ai/install/autoware_build_flags:${CMAKE_PREFIX_PATH} LD_LIBRARY_PATH=/home/chinchia120/autoware.ai/install/lanelet2_extension/lib:/home/chinchia120/autoware.ai/install/lanelet2_validation/lib:/home/chinchia120/autoware.ai/install/lanelet2_routing/lib:/home/chinchia120/autoware.ai/install/lanelet2_projection/lib:/home/chinchia120/autoware.ai/install/lanelet2_traffic_rules/lib:/home/chinchia120/autoware.ai/install/lanelet2_io/lib:/home/chinchia120/autoware.ai/install/vector_map/lib:/home/chinchia120/autoware.ai/install/lanelet2_core/lib:/home/chinchia120/autoware.ai/install/amathutils_lib/lib:${LD_LIBRARY_PATH} PKG_CONFIG_PATH=/home/chinchia120/autoware.ai/install/lanelet2_extension/lib/x86_64-linux-gnu/pkgconfig:/home/chinchia120/autoware.ai/install/lanelet2_extension/lib/pkgconfig:/home/chinchia120/autoware.ai/install/lanelet2_validation/lib/x86_64-linux-gnu/pkgconfig:/home/chinchia120/autoware.ai/install/lanelet2_validation/lib/pkgconfig:/home/chinchia120/autoware.ai/install/lanelet2_routing/lib/x86_64-linux-gnu/pkgconfig:/home/chinchia120/autoware.ai/install/lanelet2_routing/lib/pkgconfig:/home/chinchia120/autoware.ai/install/lanelet2_projection/lib/x86_64-linux-gnu/pkgconfig:/home/chinchia120/autoware.ai/install/lanelet2_projection/lib/pkgconfig:/home/chinchia120/autoware.ai/install/lanelet2_traffic_rules/lib/x86_64-linux-gnu/pkgconfig:/home/chinchia120/autoware.ai/install/lanelet2_traffic_rules/lib/pkgconfig:/home/chinchia120/autoware.ai/install/lanelet2_maps/lib/x86_64-linux-gnu/pkgconfig:/home/chinchia120/autoware.ai/install/lanelet2_maps/lib/pkgconfig:/home/chinchia120/autoware.ai/install/lanelet2_io/lib/x86_64-linux-gnu/pkgconfig:/home/chinchia120/autoware.ai/install/lanelet2_io/lib/pkgconfig:/home/chinchia120/autoware.ai/install/vector_map/lib/x86_64-linux-gnu/pkgconfig:/home/chinchia120/autoware.ai/install/vector_map/lib/pkgconfig:/home/chinchia120/autoware.ai/install/lanelet2_core/lib/x86_64-linux-gnu/pkgconfig:/home/chinchia120/autoware.ai/install/lanelet2_core/lib/pkgconfig:/home/chinchia120/autoware.ai/install/amathutils_lib/lib/x86_64-linux-gnu/pkgconfig:/home/chinchia120/autoware.ai/install/amathutils_lib/lib/pkgconfig:/home/chinchia120/autoware.ai/install/vector_map_msgs/lib/x86_64-linux-gnu/pkgconfig:/home/chinchia120/autoware.ai/install/vector_map_msgs/lib/pkgconfig:/home/chinchia120/autoware.ai/install/autoware_msgs/lib/x86_64-linux-gnu/pkgconfig:/home/chinchia120/autoware.ai/install/autoware_msgs/lib/pkgconfig:/home/chinchia120/autoware.ai/install/autoware_lanelet2_msgs/lib/x86_64-linux-gnu/pkgconfig:/home/chinchia120/autoware.ai/install/autoware_lanelet2_msgs/lib/pkgconfig:/home/chinchia120/autoware.ai/install/autoware_build_flags/lib/x86_64-linux-gnu/pkgconfig:/home/chinchia120/autoware.ai/install/autoware_build_flags/lib/pkgconfig:${PKG_CONFIG_PATH} PYTHONPATH=/home/chinchia120/autoware.ai/install/vector_map_msgs/lib/python2.7/dist-packages:/home/chinchia120/autoware.ai/install/autoware_msgs/lib/python2.7/dist-packages:/home/chinchia120/autoware.ai/install/autoware_lanelet2_msgs/lib/python2.7/dist-packages:${PYTHONPATH} ROS_PACKAGE_PATH=/home/chinchia120/autoware.ai/install/lanelet2_extension/share:/home/chinchia120/autoware.ai/install/lanelet2_validation/share:/home/chinchia120/autoware.ai/install/lanelet2_routing/share:/home/chinchia120/autoware.ai/install/lanelet2_projection/share:/home/chinchia120/autoware.ai/install/lanelet2_traffic_rules/share:/home/chinchia120/autoware.ai/install/lanelet2_maps/share:/home/chinchia120/autoware.ai/install/lanelet2_io/share:/home/chinchia120/autoware.ai/install/vector_map/share:/home/chinchia120/autoware.ai/install/lanelet2_core/share:/home/chinchia120/autoware.ai/install/amathutils_lib/share:/home/chinchia120/autoware.ai/install/vector_map_msgs/share:/home/chinchia120/autoware.ai/install/autoware_msgs/share:/home/chinchia120/autoware.ai/install/autoware_lanelet2_msgs/share:/home/chinchia120/autoware.ai/install/autoware_build_flags/share:${ROS_PACKAGE_PATH} /usr/bin/cmake /home/chinchia120/autoware.ai/src/autoware/core_perception/lidar_imm_ukf_pda_track -DCMAKE_BUILD_TYPE=Release -DCATKIN_INSTALL_INTO_PREFIX_ROOT=0 -DCMAKE_INSTALL_PREFIX=/home/chinchia120/autoware.ai/install/imm_ukf_pda_track
[0.271s] -- The C compiler identification is GNU 7.5.0
[0.402s] -- The CXX compiler identification is GNU 7.5.0
[0.411s] -- Check for working C compiler: /usr/bin/cc
[0.569s] -- Check for working C compiler: /usr/bin/cc -- works
[0.570s] -- Detecting C compiler ABI info
[0.761s] -- Detecting C compiler ABI info - done
[0.773s] -- Detecting C compile features
[1.327s] -- Detecting C compile features - done
[1.332s] -- Check for working CXX compiler: /usr/bin/c++
[1.515s] -- Check for working CXX compiler: /usr/bin/c++ -- works
[1.517s] -- Detecting CXX compiler ABI info
[1.704s] -- Detecting CXX compiler ABI info - done
[1.722s] -- Detecting CXX compile features
[2.547s] -- Detecting CXX compile features - done
[2.554s] -- CUDA compilation status: 1.
[2.561s] -- Using CATKIN_DEVEL_PREFIX: /home/chinchia120/autoware.ai/build/imm_ukf_pda_track/devel
[2.561s] -- Using CMAKE_PREFIX_PATH: /home/chinchia120/autoware.ai/install/lanelet2_extension;/home/chinchia120/autoware.ai/install/lanelet2_validation;/home/chinchia120/autoware.ai/install/lanelet2_routing;/home/chinchia120/autoware.ai/install/lanelet2_projection;/home/chinchia120/autoware.ai/install/lanelet2_traffic_rules;/home/chinchia120/autoware.ai/install/lanelet2_maps;/home/chinchia120/autoware.ai/install/lanelet2_io;/home/chinchia120/autoware.ai/install/vector_map;/home/chinchia120/autoware.ai/install/lanelet2_core;/home/chinchia120/autoware.ai/install/amathutils_lib;/home/chinchia120/autoware.ai/install/vector_map_msgs;/home/chinchia120/autoware.ai/install/autoware_msgs;/home/chinchia120/autoware.ai/install/autoware_lanelet2_msgs;/home/chinchia120/autoware.ai/install/autoware_build_flags;/home/chinchia120/catkin_ws/devel;/opt/ros/melodic
[2.563s] -- This workspace overlays: /home/chinchia120/autoware.ai/install/lanelet2_extension;/home/chinchia120/autoware.ai/install/lanelet2_validation;/home/chinchia120/autoware.ai/install/lanelet2_routing;/home/chinchia120/autoware.ai/install/lanelet2_projection;/home/chinchia120/autoware.ai/install/lanelet2_traffic_rules;/home/chinchia120/autoware.ai/install/lanelet2_maps;/home/chinchia120/autoware.ai/install/lanelet2_io;/home/chinchia120/autoware.ai/install/vector_map;/home/chinchia120/autoware.ai/install/lanelet2_core;/home/chinchia120/autoware.ai/install/amathutils_lib;/home/chinchia120/autoware.ai/install/vector_map_msgs;/home/chinchia120/autoware.ai/install/autoware_msgs;/home/chinchia120/autoware.ai/install/autoware_lanelet2_msgs;/home/chinchia120/autoware.ai/install/autoware_build_flags;/home/chinchia120/catkin_ws/devel;/opt/ros/melodic
[2.590s] -- Found PythonInterp: /usr/bin/python2 (found suitable version "2.7.17", minimum required is "2") 
[2.590s] -- Using PYTHON_EXECUTABLE: /usr/bin/python2
[2.590s] -- Using Debian Python package layout
[2.591s] -- Using empy: /usr/bin/empy
[2.914s] -- Using CATKIN_ENABLE_TESTING: ON
[2.914s] -- Call enable_testing()
[2.918s] -- Using CATKIN_TEST_RESULTS_DIR: /home/chinchia120/autoware.ai/build/imm_ukf_pda_track/test_results
[2.958s] -- Found gtest sources under '/usr/src/googletest': gtests will be built
[2.958s] -- Found gmock sources under '/usr/src/googletest': gmock will be built
[2.987s] -- Found PythonInterp: /usr/bin/python2 (found version "2.7.17") 
[2.989s] -- Looking for pthread.h
[3.175s] -- Looking for pthread.h - found
[3.176s] -- Looking for pthread_create
[3.371s] -- Looking for pthread_create - not found
[3.371s] -- Looking for pthread_create in pthreads
[3.523s] -- Looking for pthread_create in pthreads - not found
[3.524s] -- Looking for pthread_create in pthread
[3.708s] -- Looking for pthread_create in pthread - found
[3.709s] -- Found Threads: TRUE  
[3.717s] -- Using Python nosetests: /usr/bin/nosetests-2.7
[3.815s] -- catkin 0.7.29
[3.815s] -- BUILD_SHARED_LIBS is on
[4.229s] -- Using these message generators: gencpp;geneus;genlisp;gennodejs;genpy
[6.863s] -- Configuring done
[7.090s] -- Generating done
[7.118s] -- Build files have been written to: /home/chinchia120/autoware.ai/build/imm_ukf_pda_track
[7.127s] Invoked command in '/home/chinchia120/autoware.ai/build/imm_ukf_pda_track' returned '0': CMAKE_PREFIX_PATH=/home/chinchia120/autoware.ai/install/lanelet2_extension:/home/chinchia120/autoware.ai/install/lanelet2_validation:/home/chinchia120/autoware.ai/install/lanelet2_routing:/home/chinchia120/autoware.ai/install/lanelet2_projection:/home/chinchia120/autoware.ai/install/lanelet2_traffic_rules:/home/chinchia120/autoware.ai/install/lanelet2_maps:/home/chinchia120/autoware.ai/install/lanelet2_io:/home/chinchia120/autoware.ai/install/vector_map:/home/chinchia120/autoware.ai/install/lanelet2_core:/home/chinchia120/autoware.ai/install/amathutils_lib:/home/chinchia120/autoware.ai/install/vector_map_msgs:/home/chinchia120/autoware.ai/install/autoware_msgs:/home/chinchia120/autoware.ai/install/autoware_lanelet2_msgs:/home/chinchia120/autoware.ai/install/autoware_build_flags:${CMAKE_PREFIX_PATH} LD_LIBRARY_PATH=/home/chinchia120/autoware.ai/install/lanelet2_extension/lib:/home/chinchia120/autoware.ai/install/lanelet2_validation/lib:/home/chinchia120/autoware.ai/install/lanelet2_routing/lib:/home/chinchia120/autoware.ai/install/lanelet2_projection/lib:/home/chinchia120/autoware.ai/install/lanelet2_traffic_rules/lib:/home/chinchia120/autoware.ai/install/lanelet2_io/lib:/home/chinchia120/autoware.ai/install/vector_map/lib:/home/chinchia120/autoware.ai/install/lanelet2_core/lib:/home/chinchia120/autoware.ai/install/amathutils_lib/lib:${LD_LIBRARY_PATH} PKG_CONFIG_PATH=/home/chinchia120/autoware.ai/install/lanelet2_extension/lib/x86_64-linux-gnu/pkgconfig:/home/chinchia120/autoware.ai/install/lanelet2_extension/lib/pkgconfig:/home/chinchia120/autoware.ai/install/lanelet2_validation/lib/x86_64-linux-gnu/pkgconfig:/home/chinchia120/autoware.ai/install/lanelet2_validation/lib/pkgconfig:/home/chinchia120/autoware.ai/install/lanelet2_routing/lib/x86_64-linux-gnu/pkgconfig:/home/chinchia120/autoware.ai/install/lanelet2_routing/lib/pkgconfig:/home/chinchia120/autoware.ai/install/lanelet2_projection/lib/x86_64-linux-gnu/pkgconfig:/home/chinchia120/autoware.ai/install/lanelet2_projection/lib/pkgconfig:/home/chinchia120/autoware.ai/install/lanelet2_traffic_rules/lib/x86_64-linux-gnu/pkgconfig:/home/chinchia120/autoware.ai/install/lanelet2_traffic_rules/lib/pkgconfig:/home/chinchia120/autoware.ai/install/lanelet2_maps/lib/x86_64-linux-gnu/pkgconfig:/home/chinchia120/autoware.ai/install/lanelet2_maps/lib/pkgconfig:/home/chinchia120/autoware.ai/install/lanelet2_io/lib/x86_64-linux-gnu/pkgconfig:/home/chinchia120/autoware.ai/install/lanelet2_io/lib/pkgconfig:/home/chinchia120/autoware.ai/install/vector_map/lib/x86_64-linux-gnu/pkgconfig:/home/chinchia120/autoware.ai/install/vector_map/lib/pkgconfig:/home/chinchia120/autoware.ai/install/lanelet2_core/lib/x86_64-linux-gnu/pkgconfig:/home/chinchia120/autoware.ai/install/lanelet2_core/lib/pkgconfig:/home/chinchia120/autoware.ai/install/amathutils_lib/lib/x86_64-linux-gnu/pkgconfig:/home/chinchia120/autoware.ai/install/amathutils_lib/lib/pkgconfig:/home/chinchia120/autoware.ai/install/vector_map_msgs/lib/x86_64-linux-gnu/pkgconfig:/home/chinchia120/autoware.ai/install/vector_map_msgs/lib/pkgconfig:/home/chinchia120/autoware.ai/install/autoware_msgs/lib/x86_64-linux-gnu/pkgconfig:/home/chinchia120/autoware.ai/install/autoware_msgs/lib/pkgconfig:/home/chinchia120/autoware.ai/install/autoware_lanelet2_msgs/lib/x86_64-linux-gnu/pkgconfig:/home/chinchia120/autoware.ai/install/autoware_lanelet2_msgs/lib/pkgconfig:/home/chinchia120/autoware.ai/install/autoware_build_flags/lib/x86_64-linux-gnu/pkgconfig:/home/chinchia120/autoware.ai/install/autoware_build_flags/lib/pkgconfig:${PKG_CONFIG_PATH} PYTHONPATH=/home/chinchia120/autoware.ai/install/vector_map_msgs/lib/python2.7/dist-packages:/home/chinchia120/autoware.ai/install/autoware_msgs/lib/python2.7/dist-packages:/home/chinchia120/autoware.ai/install/autoware_lanelet2_msgs/lib/python2.7/dist-packages:${PYTHONPATH} ROS_PACKAGE_PATH=/home/chinchia120/autoware.ai/install/lanelet2_extension/share:/home/chinchia120/autoware.ai/install/lanelet2_validation/share:/home/chinchia120/autoware.ai/install/lanelet2_routing/share:/home/chinchia120/autoware.ai/install/lanelet2_projection/share:/home/chinchia120/autoware.ai/install/lanelet2_traffic_rules/share:/home/chinchia120/autoware.ai/install/lanelet2_maps/share:/home/chinchia120/autoware.ai/install/lanelet2_io/share:/home/chinchia120/autoware.ai/install/vector_map/share:/home/chinchia120/autoware.ai/install/lanelet2_core/share:/home/chinchia120/autoware.ai/install/amathutils_lib/share:/home/chinchia120/autoware.ai/install/vector_map_msgs/share:/home/chinchia120/autoware.ai/install/autoware_msgs/share:/home/chinchia120/autoware.ai/install/autoware_lanelet2_msgs/share:/home/chinchia120/autoware.ai/install/autoware_build_flags/share:${ROS_PACKAGE_PATH} /usr/bin/cmake /home/chinchia120/autoware.ai/src/autoware/core_perception/lidar_imm_ukf_pda_track -DCMAKE_BUILD_TYPE=Release -DCATKIN_INSTALL_INTO_PREFIX_ROOT=0 -DCMAKE_INSTALL_PREFIX=/home/chinchia120/autoware.ai/install/imm_ukf_pda_track
[7.129s] Invoking command in '/home/chinchia120/autoware.ai/build/imm_ukf_pda_track': CMAKE_PREFIX_PATH=/home/chinchia120/autoware.ai/install/lanelet2_extension:/home/chinchia120/autoware.ai/install/lanelet2_validation:/home/chinchia120/autoware.ai/install/lanelet2_routing:/home/chinchia120/autoware.ai/install/lanelet2_projection:/home/chinchia120/autoware.ai/install/lanelet2_traffic_rules:/home/chinchia120/autoware.ai/install/lanelet2_maps:/home/chinchia120/autoware.ai/install/lanelet2_io:/home/chinchia120/autoware.ai/install/vector_map:/home/chinchia120/autoware.ai/install/lanelet2_core:/home/chinchia120/autoware.ai/install/amathutils_lib:/home/chinchia120/autoware.ai/install/vector_map_msgs:/home/chinchia120/autoware.ai/install/autoware_msgs:/home/chinchia120/autoware.ai/install/autoware_lanelet2_msgs:/home/chinchia120/autoware.ai/install/autoware_build_flags:${CMAKE_PREFIX_PATH} LD_LIBRARY_PATH=/home/chinchia120/autoware.ai/install/lanelet2_extension/lib:/home/chinchia120/autoware.ai/install/lanelet2_validation/lib:/home/chinchia120/autoware.ai/install/lanelet2_routing/lib:/home/chinchia120/autoware.ai/install/lanelet2_projection/lib:/home/chinchia120/autoware.ai/install/lanelet2_traffic_rules/lib:/home/chinchia120/autoware.ai/install/lanelet2_io/lib:/home/chinchia120/autoware.ai/install/vector_map/lib:/home/chinchia120/autoware.ai/install/lanelet2_core/lib:/home/chinchia120/autoware.ai/install/amathutils_lib/lib:${LD_LIBRARY_PATH} PKG_CONFIG_PATH=/home/chinchia120/autoware.ai/install/lanelet2_extension/lib/x86_64-linux-gnu/pkgconfig:/home/chinchia120/autoware.ai/install/lanelet2_extension/lib/pkgconfig:/home/chinchia120/autoware.ai/install/lanelet2_validation/lib/x86_64-linux-gnu/pkgconfig:/home/chinchia120/autoware.ai/install/lanelet2_validation/lib/pkgconfig:/home/chinchia120/autoware.ai/install/lanelet2_routing/lib/x86_64-linux-gnu/pkgconfig:/home/chinchia120/autoware.ai/install/lanelet2_routing/lib/pkgconfig:/home/chinchia120/autoware.ai/install/lanelet2_projection/lib/x86_64-linux-gnu/pkgconfig:/home/chinchia120/autoware.ai/install/lanelet2_projection/lib/pkgconfig:/home/chinchia120/autoware.ai/install/lanelet2_traffic_rules/lib/x86_64-linux-gnu/pkgconfig:/home/chinchia120/autoware.ai/install/lanelet2_traffic_rules/lib/pkgconfig:/home/chinchia120/autoware.ai/install/lanelet2_maps/lib/x86_64-linux-gnu/pkgconfig:/home/chinchia120/autoware.ai/install/lanelet2_maps/lib/pkgconfig:/home/chinchia120/autoware.ai/install/lanelet2_io/lib/x86_64-linux-gnu/pkgconfig:/home/chinchia120/autoware.ai/install/lanelet2_io/lib/pkgconfig:/home/chinchia120/autoware.ai/install/vector_map/lib/x86_64-linux-gnu/pkgconfig:/home/chinchia120/autoware.ai/install/vector_map/lib/pkgconfig:/home/chinchia120/autoware.ai/install/lanelet2_core/lib/x86_64-linux-gnu/pkgconfig:/home/chinchia120/autoware.ai/install/lanelet2_core/lib/pkgconfig:/home/chinchia120/autoware.ai/install/amathutils_lib/lib/x86_64-linux-gnu/pkgconfig:/home/chinchia120/autoware.ai/install/amathutils_lib/lib/pkgconfig:/home/chinchia120/autoware.ai/install/vector_map_msgs/lib/x86_64-linux-gnu/pkgconfig:/home/chinchia120/autoware.ai/install/vector_map_msgs/lib/pkgconfig:/home/chinchia120/autoware.ai/install/autoware_msgs/lib/x86_64-linux-gnu/pkgconfig:/home/chinchia120/autoware.ai/install/autoware_msgs/lib/pkgconfig:/home/chinchia120/autoware.ai/install/autoware_lanelet2_msgs/lib/x86_64-linux-gnu/pkgconfig:/home/chinchia120/autoware.ai/install/autoware_lanelet2_msgs/lib/pkgconfig:/home/chinchia120/autoware.ai/install/autoware_build_flags/lib/x86_64-linux-gnu/pkgconfig:/home/chinchia120/autoware.ai/install/autoware_build_flags/lib/pkgconfig:${PKG_CONFIG_PATH} PYTHONPATH=/home/chinchia120/autoware.ai/install/vector_map_msgs/lib/python2.7/dist-packages:/home/chinchia120/autoware.ai/install/autoware_msgs/lib/python2.7/dist-packages:/home/chinchia120/autoware.ai/install/autoware_lanelet2_msgs/lib/python2.7/dist-packages:${PYTHONPATH} ROS_PACKAGE_PATH=/home/chinchia120/autoware.ai/install/lanelet2_extension/share:/home/chinchia120/autoware.ai/install/lanelet2_validation/share:/home/chinchia120/autoware.ai/install/lanelet2_routing/share:/home/chinchia120/autoware.ai/install/lanelet2_projection/share:/home/chinchia120/autoware.ai/install/lanelet2_traffic_rules/share:/home/chinchia120/autoware.ai/install/lanelet2_maps/share:/home/chinchia120/autoware.ai/install/lanelet2_io/share:/home/chinchia120/autoware.ai/install/vector_map/share:/home/chinchia120/autoware.ai/install/lanelet2_core/share:/home/chinchia120/autoware.ai/install/amathutils_lib/share:/home/chinchia120/autoware.ai/install/vector_map_msgs/share:/home/chinchia120/autoware.ai/install/autoware_msgs/share:/home/chinchia120/autoware.ai/install/autoware_lanelet2_msgs/share:/home/chinchia120/autoware.ai/install/autoware_build_flags/share:${ROS_PACKAGE_PATH} /usr/bin/cmake --build /home/chinchia120/autoware.ai/build/imm_ukf_pda_track -- -j4 -l4
[7.271s] [35m[1mScanning dependencies of target visualization_msgs_generate_messages_cpp[0m
[7.296s] [  0%] Built target visualization_msgs_generate_messages_cpp
[7.339s] [35m[1mScanning dependencies of target vector_map_msgs_generate_messages_eus[0m
[7.371s] [  0%] Built target vector_map_msgs_generate_messages_eus
[7.404s] [35m[1mScanning dependencies of target vector_map_msgs_generate_messages_cpp[0m
[7.435s] [  0%] Built target vector_map_msgs_generate_messages_cpp
[7.464s] [35m[1mScanning dependencies of target topic_tools_generate_messages_nodejs[0m
[7.496s] [  0%] Built target topic_tools_generate_messages_nodejs
[7.526s] [35m[1mScanning dependencies of target topic_tools_generate_messages_eus[0m
[7.551s] [  0%] Built target topic_tools_generate_messages_eus
[7.575s] [35m[1mScanning dependencies of target topic_tools_generate_messages_cpp[0m
[7.599s] [  0%] Built target topic_tools_generate_messages_cpp
[7.635s] [35m[1mScanning dependencies of target std_srvs_generate_messages_py[0m
[7.664s] [  0%] Built target std_srvs_generate_messages_py
[7.696s] [35m[1mScanning dependencies of target std_srvs_generate_messages_nodejs[0m
[7.723s] [  0%] Built target std_srvs_generate_messages_nodejs
[7.749s] [35m[1mScanning dependencies of target vector_map_msgs_generate_messages_nodejs[0m
[7.773s] [  0%] Built target vector_map_msgs_generate_messages_nodejs
[7.806s] [35m[1mScanning dependencies of target bond_generate_messages_py[0m
[7.842s] [  0%] Built target bond_generate_messages_py
[7.873s] [35m[1mScanning dependencies of target bond_generate_messages_nodejs[0m
[7.898s] [  0%] Built target bond_generate_messages_nodejs
[7.922s] [35m[1mScanning dependencies of target bond_generate_messages_lisp[0m
[7.959s] [  0%] Built target bond_generate_messages_lisp
[7.992s] [35m[1mScanning dependencies of target bond_generate_messages_eus[0m
[8.020s] [  0%] Built target bond_generate_messages_eus
[8.056s] [35m[1mScanning dependencies of target bond_generate_messages_cpp[0m
[8.090s] [  0%] Built target bond_generate_messages_cpp
[8.118s] [35m[1mScanning dependencies of target nodelet_generate_messages_nodejs[0m
[8.148s] [  0%] Built target nodelet_generate_messages_nodejs
[8.183s] [35m[1mScanning dependencies of target nodelet_generate_messages_eus[0m
[8.217s] [  0%] Built target nodelet_generate_messages_eus
[8.248s] [35m[1mScanning dependencies of target nodelet_generate_messages_cpp[0m
[8.298s] [  0%] Built target nodelet_generate_messages_cpp
[8.327s] [35m[1mScanning dependencies of target dynamic_reconfigure_generate_messages_py[0m
[8.353s] [  0%] Built target dynamic_reconfigure_generate_messages_py
[8.387s] [35m[1mScanning dependencies of target dynamic_reconfigure_generate_messages_nodejs[0m
[8.416s] [  0%] Built target dynamic_reconfigure_generate_messages_nodejs
[8.453s] [35m[1mScanning dependencies of target dynamic_reconfigure_generate_messages_lisp[0m
[8.484s] [  0%] Built target dynamic_reconfigure_generate_messages_lisp
[8.520s] [35m[1mScanning dependencies of target dynamic_reconfigure_generate_messages_eus[0m
[8.547s] [  0%] Built target dynamic_reconfigure_generate_messages_eus
[8.572s] [35m[1mScanning dependencies of target pcl_ros_gencfg[0m
[8.606s] [  0%] Built target pcl_ros_gencfg
[8.637s] [35m[1mScanning dependencies of target visualization_msgs_generate_messages_py[0m
[8.666s] [  0%] Built target visualization_msgs_generate_messages_py
[8.700s] [35m[1mScanning dependencies of target visualization_msgs_generate_messages_nodejs[0m
[8.728s] [  0%] Built target visualization_msgs_generate_messages_nodejs
[8.753s] [35m[1mScanning dependencies of target geometry_msgs_generate_messages_py[0m
[8.789s] [  0%] Built target geometry_msgs_generate_messages_py
[8.821s] [35m[1mScanning dependencies of target sensor_msgs_generate_messages_nodejs[0m
[8.851s] [  0%] Built target sensor_msgs_generate_messages_nodejs
[8.885s] [35m[1mScanning dependencies of target roscpp_generate_messages_cpp[0m
[8.913s] [  0%] Built target roscpp_generate_messages_cpp
[8.943s] [35m[1mScanning dependencies of target actionlib_generate_messages_cpp[0m
[8.970s] [  0%] Built target actionlib_generate_messages_cpp
[9.004s] [35m[1mScanning dependencies of target pcl_msgs_generate_messages_eus[0m
[9.034s] [  0%] Built target pcl_msgs_generate_messages_eus
[9.060s] [35m[1mScanning dependencies of target rosgraph_msgs_generate_messages_eus[0m
[9.089s] [  0%] Built target rosgraph_msgs_generate_messages_eus
[9.112s] [35m[1mScanning dependencies of target jsk_recognition_msgs_generate_messages_lisp[0m
[9.140s] [  0%] Built target jsk_recognition_msgs_generate_messages_lisp
[9.172s] [35m[1mScanning dependencies of target jsk_recognition_msgs_generate_messages_eus[0m
[9.195s] [  0%] Built target jsk_recognition_msgs_generate_messages_eus
[9.233s] [35m[1mScanning dependencies of target tf2_msgs_generate_messages_cpp[0m
[9.263s] [  0%] Built target tf2_msgs_generate_messages_cpp
[9.296s] [35m[1mScanning dependencies of target std_msgs_generate_messages_py[0m
[9.329s] [  0%] Built target std_msgs_generate_messages_py
[9.357s] [35m[1mScanning dependencies of target nodelet_generate_messages_lisp[0m
[9.389s] [  0%] Built target nodelet_generate_messages_lisp
[9.429s] [35m[1mScanning dependencies of target autoware_msgs_generate_messages_py[0m
[9.456s] [  0%] Built target autoware_msgs_generate_messages_py
[9.486s] [35m[1mScanning dependencies of target std_msgs_generate_messages_nodejs[0m
[9.511s] [  0%] Built target std_msgs_generate_messages_nodejs
[9.542s] [35m[1mScanning dependencies of target sensor_msgs_generate_messages_eus[0m
[9.575s] [  0%] Built target sensor_msgs_generate_messages_eus
[9.603s] [35m[1mScanning dependencies of target std_srvs_generate_messages_lisp[0m
[9.632s] [  0%] Built target std_srvs_generate_messages_lisp
[9.657s] [35m[1mScanning dependencies of target _catkin_empty_exported_target[0m
[9.684s] [  0%] Built target _catkin_empty_exported_target
[9.717s] [35m[1mScanning dependencies of target sensor_msgs_generate_messages_cpp[0m
[9.742s] [  0%] Built target sensor_msgs_generate_messages_cpp
[9.772s] [35m[1mScanning dependencies of target autoware_msgs_generate_messages_cpp[0m
[9.799s] [  0%] Built target autoware_msgs_generate_messages_cpp
[9.839s] [35m[1mScanning dependencies of target rosgraph_msgs_generate_messages_cpp[0m
[9.875s] [  0%] Built target rosgraph_msgs_generate_messages_cpp
[9.909s] [35m[1mScanning dependencies of target pcl_msgs_generate_messages_nodejs[0m
[9.947s] [  0%] Built target pcl_msgs_generate_messages_nodejs
[9.979s] [35m[1mScanning dependencies of target jsk_recognition_msgs_generate_messages_py[0m
[10.013s] [  0%] Built target jsk_recognition_msgs_generate_messages_py
[10.045s] [35m[1mScanning dependencies of target std_srvs_generate_messages_cpp[0m
[10.081s] [  0%] Built target std_srvs_generate_messages_cpp
[10.115s] [35m[1mScanning dependencies of target sensor_msgs_generate_messages_lisp[0m
[10.143s] [  0%] Built target sensor_msgs_generate_messages_lisp
[10.172s] [35m[1mScanning dependencies of target nodelet_generate_messages_py[0m
[10.197s] [  0%] Built target nodelet_generate_messages_py
[10.225s] [35m[1mScanning dependencies of target sensor_msgs_generate_messages_py[0m
[10.259s] [  0%] Built target sensor_msgs_generate_messages_py
[10.296s] [35m[1mScanning dependencies of target dynamic_reconfigure_generate_messages_cpp[0m
[10.325s] [  0%] Built target dynamic_reconfigure_generate_messages_cpp
[10.361s] [35m[1mScanning dependencies of target tf_generate_messages_py[0m
[10.386s] [  0%] Built target tf_generate_messages_py
[10.410s] [35m[1mScanning dependencies of target std_msgs_generate_messages_cpp[0m
[10.446s] [  0%] Built target std_msgs_generate_messages_cpp
[10.479s] [35m[1mScanning dependencies of target jsk_footstep_msgs_generate_messages_py[0m
[10.504s] [  0%] Built target jsk_footstep_msgs_generate_messages_py
[10.539s] [35m[1mScanning dependencies of target topic_tools_generate_messages_py[0m
[10.572s] [  0%] Built target topic_tools_generate_messages_py
[10.598s] [35m[1mScanning dependencies of target nodelet_topic_tools_gencfg[0m
[10.626s] [  0%] Built target nodelet_topic_tools_gencfg
[10.661s] [35m[1mScanning dependencies of target actionlib_msgs_generate_messages_nodejs[0m
[10.687s] [  0%] Built target actionlib_msgs_generate_messages_nodejs
[10.711s] [35m[1mScanning dependencies of target geometry_msgs_generate_messages_eus[0m
[10.739s] [  0%] Built target geometry_msgs_generate_messages_eus
[10.770s] [35m[1mScanning dependencies of target std_msgs_generate_messages_lisp[0m
[10.796s] [  0%] Built target std_msgs_generate_messages_lisp
[10.821s] [35m[1mScanning dependencies of target roscpp_generate_messages_nodejs[0m
[10.856s] [  0%] Built target roscpp_generate_messages_nodejs
[10.889s] [35m[1mScanning dependencies of target geometry_msgs_generate_messages_nodejs[0m
[10.916s] [  0%] Built target geometry_msgs_generate_messages_nodejs
[10.949s] [35m[1mScanning dependencies of target geometry_msgs_generate_messages_lisp[0m
[10.984s] [  0%] Built target geometry_msgs_generate_messages_lisp
[11.018s] [35m[1mScanning dependencies of target pcl_msgs_generate_messages_cpp[0m
[11.053s] [  0%] Built target pcl_msgs_generate_messages_cpp
[11.086s] [35m[1mScanning dependencies of target topic_tools_generate_messages_lisp[0m
[11.119s] [  0%] Built target topic_tools_generate_messages_lisp
[11.146s] [35m[1mScanning dependencies of target jsk_recognition_msgs_generate_messages_cpp[0m
[11.173s] [  0%] Built target jsk_recognition_msgs_generate_messages_cpp
[11.208s] [35m[1mScanning dependencies of target autoware_msgs_generate_messages_eus[0m
[11.243s] [  0%] Built target autoware_msgs_generate_messages_eus
[11.278s] [35m[1mScanning dependencies of target autoware_msgs_generate_messages_lisp[0m
[11.314s] [  0%] Built target autoware_msgs_generate_messages_lisp
[11.349s] [35m[1mScanning dependencies of target visualization_msgs_generate_messages_lisp[0m
[11.380s] [  0%] Built target visualization_msgs_generate_messages_lisp
[11.415s] [35m[1mScanning dependencies of target std_msgs_generate_messages_eus[0m
[11.448s] [  0%] Built target std_msgs_generate_messages_eus
[11.484s] [35m[1mScanning dependencies of target autoware_msgs_generate_messages_nodejs[0m
[11.519s] [  0%] Built target autoware_msgs_generate_messages_nodejs
[11.554s] [35m[1mScanning dependencies of target jsk_footstep_msgs_generate_messages_eus[0m
[11.589s] [  0%] Built target jsk_footstep_msgs_generate_messages_eus
[11.619s] [35m[1mScanning dependencies of target actionlib_msgs_generate_messages_py[0m
[11.649s] [  0%] Built target actionlib_msgs_generate_messages_py
[11.682s] [35m[1mScanning dependencies of target jsk_footstep_msgs_generate_messages_lisp[0m
[11.714s] [  0%] Built target jsk_footstep_msgs_generate_messages_lisp
[11.747s] [35m[1mScanning dependencies of target jsk_footstep_msgs_generate_messages_nodejs[0m
[11.773s] [  0%] Built target jsk_footstep_msgs_generate_messages_nodejs
[11.798s] [35m[1mScanning dependencies of target actionlib_msgs_generate_messages_lisp[0m
[11.824s] [  0%] Built target actionlib_msgs_generate_messages_lisp
[11.857s] [35m[1mScanning dependencies of target jsk_footstep_msgs_generate_messages_cpp[0m
[11.890s] [  0%] Built target jsk_footstep_msgs_generate_messages_cpp
[11.917s] [35m[1mScanning dependencies of target actionlib_msgs_generate_messages_cpp[0m
[11.947s] [  0%] Built target actionlib_msgs_generate_messages_cpp
[11.979s] [35m[1mScanning dependencies of target tf_generate_messages_eus[0m
[12.009s] [  0%] Built target tf_generate_messages_eus
[12.039s] [35m[1mScanning dependencies of target tf_generate_messages_lisp[0m
[12.067s] [  0%] Built target tf_generate_messages_lisp
[12.100s] [35m[1mScanning dependencies of target tf_generate_messages_nodejs[0m
[12.130s] [  0%] Built target tf_generate_messages_nodejs
[12.163s] [35m[1mScanning dependencies of target autoware_lanelet2_msgs_generate_messages_cpp[0m
[12.194s] [  0%] Built target autoware_lanelet2_msgs_generate_messages_cpp
[12.222s] [35m[1mScanning dependencies of target std_srvs_generate_messages_eus[0m
[12.254s] [  0%] Built target std_srvs_generate_messages_eus
[12.289s] [35m[1mScanning dependencies of target jsk_recognition_msgs_generate_messages_nodejs[0m
[12.316s] [  0%] Built target jsk_recognition_msgs_generate_messages_nodejs
[12.348s] [35m[1mScanning dependencies of target autoware_lanelet2_msgs_generate_messages_py[0m
[12.378s] [  0%] Built target autoware_lanelet2_msgs_generate_messages_py
[12.403s] [35m[1mScanning dependencies of target roscpp_generate_messages_lisp[0m
[12.431s] [  0%] Built target roscpp_generate_messages_lisp
[12.463s] [35m[1mScanning dependencies of target rosgraph_msgs_generate_messages_lisp[0m
[12.490s] [  0%] Built target rosgraph_msgs_generate_messages_lisp
[12.514s] [35m[1mScanning dependencies of target rosgraph_msgs_generate_messages_nodejs[0m
[12.549s] [  0%] Built target rosgraph_msgs_generate_messages_nodejs
[12.582s] [35m[1mScanning dependencies of target roscpp_generate_messages_eus[0m
[12.616s] [  0%] Built target roscpp_generate_messages_eus
[12.645s] [35m[1mScanning dependencies of target actionlib_msgs_generate_messages_eus[0m
[12.678s] [  0%] Built target actionlib_msgs_generate_messages_eus
[12.712s] [35m[1mScanning dependencies of target rosgraph_msgs_generate_messages_py[0m
[12.743s] [  0%] Built target rosgraph_msgs_generate_messages_py
[12.770s] [35m[1mScanning dependencies of target pcl_msgs_generate_messages_py[0m
[12.806s] [  0%] Built target pcl_msgs_generate_messages_py
[12.838s] [35m[1mScanning dependencies of target actionlib_generate_messages_eus[0m
[12.865s] [  0%] Built target actionlib_generate_messages_eus
[12.900s] [35m[1mScanning dependencies of target geometry_msgs_generate_messages_cpp[0m
[12.928s] [  0%] Built target geometry_msgs_generate_messages_cpp
[12.960s] [35m[1mScanning dependencies of target actionlib_generate_messages_lisp[0m
[12.985s] [  0%] Built target actionlib_generate_messages_lisp
[13.009s] [35m[1mScanning dependencies of target pcl_msgs_generate_messages_lisp[0m
[13.037s] [  0%] Built target pcl_msgs_generate_messages_lisp
[13.072s] [35m[1mScanning dependencies of target tf_generate_messages_cpp[0m
[13.107s] [  0%] Built target tf_generate_messages_cpp
[13.134s] [35m[1mScanning dependencies of target actionlib_generate_messages_nodejs[0m
[13.165s] [  0%] Built target actionlib_generate_messages_nodejs
[13.194s] [35m[1mScanning dependencies of target dynamic_reconfigure_gencfg[0m
[13.221s] [  0%] Built target dynamic_reconfigure_gencfg
[13.258s] [35m[1mScanning dependencies of target tf2_msgs_generate_messages_lisp[0m
[13.287s] [  0%] Built target tf2_msgs_generate_messages_lisp
[13.317s] [35m[1mScanning dependencies of target actionlib_generate_messages_py[0m
[13.354s] [  0%] Built target actionlib_generate_messages_py
[13.385s] [35m[1mScanning dependencies of target tf2_msgs_generate_messages_py[0m
[13.420s] [  0%] Built target tf2_msgs_generate_messages_py
[13.461s] [35m[1mScanning dependencies of target autoware_lanelet2_msgs_generate_messages_eus[0m
[13.497s] [  0%] Built target autoware_lanelet2_msgs_generate_messages_eus
[13.531s] [35m[1mScanning dependencies of target tf2_msgs_generate_messages_nodejs[0m
[13.566s] [  0%] Built target tf2_msgs_generate_messages_nodejs
[13.591s] [35m[1mScanning dependencies of target autoware_lanelet2_msgs_generate_messages_lisp[0m
[13.616s] [  0%] Built target autoware_lanelet2_msgs_generate_messages_lisp
[13.652s] [35m[1mScanning dependencies of target roscpp_generate_messages_py[0m
[13.688s] [  0%] Built target roscpp_generate_messages_py
[13.724s] [35m[1mScanning dependencies of target autoware_lanelet2_msgs_generate_messages_nodejs[0m
[13.759s] [  0%] Built target autoware_lanelet2_msgs_generate_messages_nodejs
[13.792s] [35m[1mScanning dependencies of target visualization_msgs_generate_messages_eus[0m
[13.829s] [  0%] Built target visualization_msgs_generate_messages_eus
[13.865s] [35m[1mScanning dependencies of target tf2_msgs_generate_messages_eus[0m
[13.903s] [  0%] Built target tf2_msgs_generate_messages_eus
[13.943s] [35m[1mScanning dependencies of target vector_map_msgs_generate_messages_lisp[0m
[13.981s] [  0%] Built target vector_map_msgs_generate_messages_lisp
[14.017s] [35m[1mScanning dependencies of target vector_map_msgs_generate_messages_py[0m
[14.048s] [  0%] Built target vector_map_msgs_generate_messages_py
[14.079s] [35m[1mScanning dependencies of target imm_ukf_pda_lanelet2[0m
[14.410s] [ 12%] [32mBuilding CXX object CMakeFiles/imm_ukf_pda_lanelet2.dir/nodes/imm_ukf_pda_lanelet2/imm_ukf_pda_main_lanelet2.cpp.o[0m
[33.686s] [ 25%] [32mBuilding CXX object CMakeFiles/imm_ukf_pda_lanelet2.dir/nodes/imm_ukf_pda/ukf.cpp.o[0m
[51.143s] [ 37%] [32mBuilding CXX object CMakeFiles/imm_ukf_pda_lanelet2.dir/nodes/imm_ukf_pda_lanelet2/imm_ukf_pda_lanelet2.cpp.o[0m
[83.643s] [ 50%] [32m[1mLinking CXX executable devel/lib/imm_ukf_pda_track/imm_ukf_pda_lanelet2[0m
[84.582s] [ 50%] Built target imm_ukf_pda_lanelet2
[84.613s] [35m[1mScanning dependencies of target imm_ukf_pda[0m
[84.880s] [ 62%] [32mBuilding CXX object CMakeFiles/imm_ukf_pda.dir/nodes/imm_ukf_pda/imm_ukf_pda_main.cpp.o[0m
[99.041s] [ 75%] [32mBuilding CXX object CMakeFiles/imm_ukf_pda.dir/nodes/imm_ukf_pda/ukf.cpp.o[0m
[116.949s] [ 87%] [32mBuilding CXX object CMakeFiles/imm_ukf_pda.dir/nodes/imm_ukf_pda/imm_ukf_pda.cpp.o[0m
[138.389s] [100%] [32m[1mLinking CXX executable devel/lib/imm_ukf_pda_track/imm_ukf_pda[0m
[139.271s] [100%] Built target imm_ukf_pda
[139.304s] Invoked command in '/home/chinchia120/autoware.ai/build/imm_ukf_pda_track' returned '0': CMAKE_PREFIX_PATH=/home/chinchia120/autoware.ai/install/lanelet2_extension:/home/chinchia120/autoware.ai/install/lanelet2_validation:/home/chinchia120/autoware.ai/install/lanelet2_routing:/home/chinchia120/autoware.ai/install/lanelet2_projection:/home/chinchia120/autoware.ai/install/lanelet2_traffic_rules:/home/chinchia120/autoware.ai/install/lanelet2_maps:/home/chinchia120/autoware.ai/install/lanelet2_io:/home/chinchia120/autoware.ai/install/vector_map:/home/chinchia120/autoware.ai/install/lanelet2_core:/home/chinchia120/autoware.ai/install/amathutils_lib:/home/chinchia120/autoware.ai/install/vector_map_msgs:/home/chinchia120/autoware.ai/install/autoware_msgs:/home/chinchia120/autoware.ai/install/autoware_lanelet2_msgs:/home/chinchia120/autoware.ai/install/autoware_build_flags:${CMAKE_PREFIX_PATH} LD_LIBRARY_PATH=/home/chinchia120/autoware.ai/install/lanelet2_extension/lib:/home/chinchia120/autoware.ai/install/lanelet2_validation/lib:/home/chinchia120/autoware.ai/install/lanelet2_routing/lib:/home/chinchia120/autoware.ai/install/lanelet2_projection/lib:/home/chinchia120/autoware.ai/install/lanelet2_traffic_rules/lib:/home/chinchia120/autoware.ai/install/lanelet2_io/lib:/home/chinchia120/autoware.ai/install/vector_map/lib:/home/chinchia120/autoware.ai/install/lanelet2_core/lib:/home/chinchia120/autoware.ai/install/amathutils_lib/lib:${LD_LIBRARY_PATH} PKG_CONFIG_PATH=/home/chinchia120/autoware.ai/install/lanelet2_extension/lib/x86_64-linux-gnu/pkgconfig:/home/chinchia120/autoware.ai/install/lanelet2_extension/lib/pkgconfig:/home/chinchia120/autoware.ai/install/lanelet2_validation/lib/x86_64-linux-gnu/pkgconfig:/home/chinchia120/autoware.ai/install/lanelet2_validation/lib/pkgconfig:/home/chinchia120/autoware.ai/install/lanelet2_routing/lib/x86_64-linux-gnu/pkgconfig:/home/chinchia120/autoware.ai/install/lanelet2_routing/lib/pkgconfig:/home/chinchia120/autoware.ai/install/lanelet2_projection/lib/x86_64-linux-gnu/pkgconfig:/home/chinchia120/autoware.ai/install/lanelet2_projection/lib/pkgconfig:/home/chinchia120/autoware.ai/install/lanelet2_traffic_rules/lib/x86_64-linux-gnu/pkgconfig:/home/chinchia120/autoware.ai/install/lanelet2_traffic_rules/lib/pkgconfig:/home/chinchia120/autoware.ai/install/lanelet2_maps/lib/x86_64-linux-gnu/pkgconfig:/home/chinchia120/autoware.ai/install/lanelet2_maps/lib/pkgconfig:/home/chinchia120/autoware.ai/install/lanelet2_io/lib/x86_64-linux-gnu/pkgconfig:/home/chinchia120/autoware.ai/install/lanelet2_io/lib/pkgconfig:/home/chinchia120/autoware.ai/install/vector_map/lib/x86_64-linux-gnu/pkgconfig:/home/chinchia120/autoware.ai/install/vector_map/lib/pkgconfig:/home/chinchia120/autoware.ai/install/lanelet2_core/lib/x86_64-linux-gnu/pkgconfig:/home/chinchia120/autoware.ai/install/lanelet2_core/lib/pkgconfig:/home/chinchia120/autoware.ai/install/amathutils_lib/lib/x86_64-linux-gnu/pkgconfig:/home/chinchia120/autoware.ai/install/amathutils_lib/lib/pkgconfig:/home/chinchia120/autoware.ai/install/vector_map_msgs/lib/x86_64-linux-gnu/pkgconfig:/home/chinchia120/autoware.ai/install/vector_map_msgs/lib/pkgconfig:/home/chinchia120/autoware.ai/install/autoware_msgs/lib/x86_64-linux-gnu/pkgconfig:/home/chinchia120/autoware.ai/install/autoware_msgs/lib/pkgconfig:/home/chinchia120/autoware.ai/install/autoware_lanelet2_msgs/lib/x86_64-linux-gnu/pkgconfig:/home/chinchia120/autoware.ai/install/autoware_lanelet2_msgs/lib/pkgconfig:/home/chinchia120/autoware.ai/install/autoware_build_flags/lib/x86_64-linux-gnu/pkgconfig:/home/chinchia120/autoware.ai/install/autoware_build_flags/lib/pkgconfig:${PKG_CONFIG_PATH} PYTHONPATH=/home/chinchia120/autoware.ai/install/vector_map_msgs/lib/python2.7/dist-packages:/home/chinchia120/autoware.ai/install/autoware_msgs/lib/python2.7/dist-packages:/home/chinchia120/autoware.ai/install/autoware_lanelet2_msgs/lib/python2.7/dist-packages:${PYTHONPATH} ROS_PACKAGE_PATH=/home/chinchia120/autoware.ai/install/lanelet2_extension/share:/home/chinchia120/autoware.ai/install/lanelet2_validation/share:/home/chinchia120/autoware.ai/install/lanelet2_routing/share:/home/chinchia120/autoware.ai/install/lanelet2_projection/share:/home/chinchia120/autoware.ai/install/lanelet2_traffic_rules/share:/home/chinchia120/autoware.ai/install/lanelet2_maps/share:/home/chinchia120/autoware.ai/install/lanelet2_io/share:/home/chinchia120/autoware.ai/install/vector_map/share:/home/chinchia120/autoware.ai/install/lanelet2_core/share:/home/chinchia120/autoware.ai/install/amathutils_lib/share:/home/chinchia120/autoware.ai/install/vector_map_msgs/share:/home/chinchia120/autoware.ai/install/autoware_msgs/share:/home/chinchia120/autoware.ai/install/autoware_lanelet2_msgs/share:/home/chinchia120/autoware.ai/install/autoware_build_flags/share:${ROS_PACKAGE_PATH} /usr/bin/cmake --build /home/chinchia120/autoware.ai/build/imm_ukf_pda_track -- -j4 -l4
[139.636s] Invoking command in '/home/chinchia120/autoware.ai/build/imm_ukf_pda_track': CMAKE_PREFIX_PATH=/home/chinchia120/autoware.ai/install/lanelet2_extension:/home/chinchia120/autoware.ai/install/lanelet2_validation:/home/chinchia120/autoware.ai/install/lanelet2_routing:/home/chinchia120/autoware.ai/install/lanelet2_projection:/home/chinchia120/autoware.ai/install/lanelet2_traffic_rules:/home/chinchia120/autoware.ai/install/lanelet2_maps:/home/chinchia120/autoware.ai/install/lanelet2_io:/home/chinchia120/autoware.ai/install/vector_map:/home/chinchia120/autoware.ai/install/lanelet2_core:/home/chinchia120/autoware.ai/install/amathutils_lib:/home/chinchia120/autoware.ai/install/vector_map_msgs:/home/chinchia120/autoware.ai/install/autoware_msgs:/home/chinchia120/autoware.ai/install/autoware_lanelet2_msgs:/home/chinchia120/autoware.ai/install/autoware_build_flags:${CMAKE_PREFIX_PATH} LD_LIBRARY_PATH=/home/chinchia120/autoware.ai/install/lanelet2_extension/lib:/home/chinchia120/autoware.ai/install/lanelet2_validation/lib:/home/chinchia120/autoware.ai/install/lanelet2_routing/lib:/home/chinchia120/autoware.ai/install/lanelet2_projection/lib:/home/chinchia120/autoware.ai/install/lanelet2_traffic_rules/lib:/home/chinchia120/autoware.ai/install/lanelet2_io/lib:/home/chinchia120/autoware.ai/install/vector_map/lib:/home/chinchia120/autoware.ai/install/lanelet2_core/lib:/home/chinchia120/autoware.ai/install/amathutils_lib/lib:${LD_LIBRARY_PATH} PKG_CONFIG_PATH=/home/chinchia120/autoware.ai/install/lanelet2_extension/lib/x86_64-linux-gnu/pkgconfig:/home/chinchia120/autoware.ai/install/lanelet2_extension/lib/pkgconfig:/home/chinchia120/autoware.ai/install/lanelet2_validation/lib/x86_64-linux-gnu/pkgconfig:/home/chinchia120/autoware.ai/install/lanelet2_validation/lib/pkgconfig:/home/chinchia120/autoware.ai/install/lanelet2_routing/lib/x86_64-linux-gnu/pkgconfig:/home/chinchia120/autoware.ai/install/lanelet2_routing/lib/pkgconfig:/home/chinchia120/autoware.ai/install/lanelet2_projection/lib/x86_64-linux-gnu/pkgconfig:/home/chinchia120/autoware.ai/install/lanelet2_projection/lib/pkgconfig:/home/chinchia120/autoware.ai/install/lanelet2_traffic_rules/lib/x86_64-linux-gnu/pkgconfig:/home/chinchia120/autoware.ai/install/lanelet2_traffic_rules/lib/pkgconfig:/home/chinchia120/autoware.ai/install/lanelet2_maps/lib/x86_64-linux-gnu/pkgconfig:/home/chinchia120/autoware.ai/install/lanelet2_maps/lib/pkgconfig:/home/chinchia120/autoware.ai/install/lanelet2_io/lib/x86_64-linux-gnu/pkgconfig:/home/chinchia120/autoware.ai/install/lanelet2_io/lib/pkgconfig:/home/chinchia120/autoware.ai/install/vector_map/lib/x86_64-linux-gnu/pkgconfig:/home/chinchia120/autoware.ai/install/vector_map/lib/pkgconfig:/home/chinchia120/autoware.ai/install/lanelet2_core/lib/x86_64-linux-gnu/pkgconfig:/home/chinchia120/autoware.ai/install/lanelet2_core/lib/pkgconfig:/home/chinchia120/autoware.ai/install/amathutils_lib/lib/x86_64-linux-gnu/pkgconfig:/home/chinchia120/autoware.ai/install/amathutils_lib/lib/pkgconfig:/home/chinchia120/autoware.ai/install/vector_map_msgs/lib/x86_64-linux-gnu/pkgconfig:/home/chinchia120/autoware.ai/install/vector_map_msgs/lib/pkgconfig:/home/chinchia120/autoware.ai/install/autoware_msgs/lib/x86_64-linux-gnu/pkgconfig:/home/chinchia120/autoware.ai/install/autoware_msgs/lib/pkgconfig:/home/chinchia120/autoware.ai/install/autoware_lanelet2_msgs/lib/x86_64-linux-gnu/pkgconfig:/home/chinchia120/autoware.ai/install/autoware_lanelet2_msgs/lib/pkgconfig:/home/chinchia120/autoware.ai/install/autoware_build_flags/lib/x86_64-linux-gnu/pkgconfig:/home/chinchia120/autoware.ai/install/autoware_build_flags/lib/pkgconfig:${PKG_CONFIG_PATH} PYTHONPATH=/home/chinchia120/autoware.ai/install/vector_map_msgs/lib/python2.7/dist-packages:/home/chinchia120/autoware.ai/install/autoware_msgs/lib/python2.7/dist-packages:/home/chinchia120/autoware.ai/install/autoware_lanelet2_msgs/lib/python2.7/dist-packages:${PYTHONPATH} ROS_PACKAGE_PATH=/home/chinchia120/autoware.ai/install/lanelet2_extension/share:/home/chinchia120/autoware.ai/install/lanelet2_validation/share:/home/chinchia120/autoware.ai/install/lanelet2_routing/share:/home/chinchia120/autoware.ai/install/lanelet2_projection/share:/home/chinchia120/autoware.ai/install/lanelet2_traffic_rules/share:/home/chinchia120/autoware.ai/install/lanelet2_maps/share:/home/chinchia120/autoware.ai/install/lanelet2_io/share:/home/chinchia120/autoware.ai/install/vector_map/share:/home/chinchia120/autoware.ai/install/lanelet2_core/share:/home/chinchia120/autoware.ai/install/amathutils_lib/share:/home/chinchia120/autoware.ai/install/vector_map_msgs/share:/home/chinchia120/autoware.ai/install/autoware_msgs/share:/home/chinchia120/autoware.ai/install/autoware_lanelet2_msgs/share:/home/chinchia120/autoware.ai/install/autoware_build_flags/share:${ROS_PACKAGE_PATH} /usr/bin/cmake --build /home/chinchia120/autoware.ai/build/imm_ukf_pda_track --target tests -- -j4 -l4
[139.791s] [35m[1mScanning dependencies of target tests[0m
[139.813s] Built target tests
[139.835s] Invoked command in '/home/chinchia120/autoware.ai/build/imm_ukf_pda_track' returned '0': CMAKE_PREFIX_PATH=/home/chinchia120/autoware.ai/install/lanelet2_extension:/home/chinchia120/autoware.ai/install/lanelet2_validation:/home/chinchia120/autoware.ai/install/lanelet2_routing:/home/chinchia120/autoware.ai/install/lanelet2_projection:/home/chinchia120/autoware.ai/install/lanelet2_traffic_rules:/home/chinchia120/autoware.ai/install/lanelet2_maps:/home/chinchia120/autoware.ai/install/lanelet2_io:/home/chinchia120/autoware.ai/install/vector_map:/home/chinchia120/autoware.ai/install/lanelet2_core:/home/chinchia120/autoware.ai/install/amathutils_lib:/home/chinchia120/autoware.ai/install/vector_map_msgs:/home/chinchia120/autoware.ai/install/autoware_msgs:/home/chinchia120/autoware.ai/install/autoware_lanelet2_msgs:/home/chinchia120/autoware.ai/install/autoware_build_flags:${CMAKE_PREFIX_PATH} LD_LIBRARY_PATH=/home/chinchia120/autoware.ai/install/lanelet2_extension/lib:/home/chinchia120/autoware.ai/install/lanelet2_validation/lib:/home/chinchia120/autoware.ai/install/lanelet2_routing/lib:/home/chinchia120/autoware.ai/install/lanelet2_projection/lib:/home/chinchia120/autoware.ai/install/lanelet2_traffic_rules/lib:/home/chinchia120/autoware.ai/install/lanelet2_io/lib:/home/chinchia120/autoware.ai/install/vector_map/lib:/home/chinchia120/autoware.ai/install/lanelet2_core/lib:/home/chinchia120/autoware.ai/install/amathutils_lib/lib:${LD_LIBRARY_PATH} PKG_CONFIG_PATH=/home/chinchia120/autoware.ai/install/lanelet2_extension/lib/x86_64-linux-gnu/pkgconfig:/home/chinchia120/autoware.ai/install/lanelet2_extension/lib/pkgconfig:/home/chinchia120/autoware.ai/install/lanelet2_validation/lib/x86_64-linux-gnu/pkgconfig:/home/chinchia120/autoware.ai/install/lanelet2_validation/lib/pkgconfig:/home/chinchia120/autoware.ai/install/lanelet2_routing/lib/x86_64-linux-gnu/pkgconfig:/home/chinchia120/autoware.ai/install/lanelet2_routing/lib/pkgconfig:/home/chinchia120/autoware.ai/install/lanelet2_projection/lib/x86_64-linux-gnu/pkgconfig:/home/chinchia120/autoware.ai/install/lanelet2_projection/lib/pkgconfig:/home/chinchia120/autoware.ai/install/lanelet2_traffic_rules/lib/x86_64-linux-gnu/pkgconfig:/home/chinchia120/autoware.ai/install/lanelet2_traffic_rules/lib/pkgconfig:/home/chinchia120/autoware.ai/install/lanelet2_maps/lib/x86_64-linux-gnu/pkgconfig:/home/chinchia120/autoware.ai/install/lanelet2_maps/lib/pkgconfig:/home/chinchia120/autoware.ai/install/lanelet2_io/lib/x86_64-linux-gnu/pkgconfig:/home/chinchia120/autoware.ai/install/lanelet2_io/lib/pkgconfig:/home/chinchia120/autoware.ai/install/vector_map/lib/x86_64-linux-gnu/pkgconfig:/home/chinchia120/autoware.ai/install/vector_map/lib/pkgconfig:/home/chinchia120/autoware.ai/install/lanelet2_core/lib/x86_64-linux-gnu/pkgconfig:/home/chinchia120/autoware.ai/install/lanelet2_core/lib/pkgconfig:/home/chinchia120/autoware.ai/install/amathutils_lib/lib/x86_64-linux-gnu/pkgconfig:/home/chinchia120/autoware.ai/install/amathutils_lib/lib/pkgconfig:/home/chinchia120/autoware.ai/install/vector_map_msgs/lib/x86_64-linux-gnu/pkgconfig:/home/chinchia120/autoware.ai/install/vector_map_msgs/lib/pkgconfig:/home/chinchia120/autoware.ai/install/autoware_msgs/lib/x86_64-linux-gnu/pkgconfig:/home/chinchia120/autoware.ai/install/autoware_msgs/lib/pkgconfig:/home/chinchia120/autoware.ai/install/autoware_lanelet2_msgs/lib/x86_64-linux-gnu/pkgconfig:/home/chinchia120/autoware.ai/install/autoware_lanelet2_msgs/lib/pkgconfig:/home/chinchia120/autoware.ai/install/autoware_build_flags/lib/x86_64-linux-gnu/pkgconfig:/home/chinchia120/autoware.ai/install/autoware_build_flags/lib/pkgconfig:${PKG_CONFIG_PATH} PYTHONPATH=/home/chinchia120/autoware.ai/install/vector_map_msgs/lib/python2.7/dist-packages:/home/chinchia120/autoware.ai/install/autoware_msgs/lib/python2.7/dist-packages:/home/chinchia120/autoware.ai/install/autoware_lanelet2_msgs/lib/python2.7/dist-packages:${PYTHONPATH} ROS_PACKAGE_PATH=/home/chinchia120/autoware.ai/install/lanelet2_extension/share:/home/chinchia120/autoware.ai/install/lanelet2_validation/share:/home/chinchia120/autoware.ai/install/lanelet2_routing/share:/home/chinchia120/autoware.ai/install/lanelet2_projection/share:/home/chinchia120/autoware.ai/install/lanelet2_traffic_rules/share:/home/chinchia120/autoware.ai/install/lanelet2_maps/share:/home/chinchia120/autoware.ai/install/lanelet2_io/share:/home/chinchia120/autoware.ai/install/vector_map/share:/home/chinchia120/autoware.ai/install/lanelet2_core/share:/home/chinchia120/autoware.ai/install/amathutils_lib/share:/home/chinchia120/autoware.ai/install/vector_map_msgs/share:/home/chinchia120/autoware.ai/install/autoware_msgs/share:/home/chinchia120/autoware.ai/install/autoware_lanelet2_msgs/share:/home/chinchia120/autoware.ai/install/autoware_build_flags/share:${ROS_PACKAGE_PATH} /usr/bin/cmake --build /home/chinchia120/autoware.ai/build/imm_ukf_pda_track --target tests -- -j4 -l4
[140.210s] Invoking command in '/home/chinchia120/autoware.ai/build/imm_ukf_pda_track': CMAKE_PREFIX_PATH=/home/chinchia120/autoware.ai/install/lanelet2_extension:/home/chinchia120/autoware.ai/install/lanelet2_validation:/home/chinchia120/autoware.ai/install/lanelet2_routing:/home/chinchia120/autoware.ai/install/lanelet2_projection:/home/chinchia120/autoware.ai/install/lanelet2_traffic_rules:/home/chinchia120/autoware.ai/install/lanelet2_maps:/home/chinchia120/autoware.ai/install/lanelet2_io:/home/chinchia120/autoware.ai/install/vector_map:/home/chinchia120/autoware.ai/install/lanelet2_core:/home/chinchia120/autoware.ai/install/amathutils_lib:/home/chinchia120/autoware.ai/install/vector_map_msgs:/home/chinchia120/autoware.ai/install/autoware_msgs:/home/chinchia120/autoware.ai/install/autoware_lanelet2_msgs:/home/chinchia120/autoware.ai/install/autoware_build_flags:${CMAKE_PREFIX_PATH} LD_LIBRARY_PATH=/home/chinchia120/autoware.ai/install/lanelet2_extension/lib:/home/chinchia120/autoware.ai/install/lanelet2_validation/lib:/home/chinchia120/autoware.ai/install/lanelet2_routing/lib:/home/chinchia120/autoware.ai/install/lanelet2_projection/lib:/home/chinchia120/autoware.ai/install/lanelet2_traffic_rules/lib:/home/chinchia120/autoware.ai/install/lanelet2_io/lib:/home/chinchia120/autoware.ai/install/vector_map/lib:/home/chinchia120/autoware.ai/install/lanelet2_core/lib:/home/chinchia120/autoware.ai/install/amathutils_lib/lib:${LD_LIBRARY_PATH} PKG_CONFIG_PATH=/home/chinchia120/autoware.ai/install/lanelet2_extension/lib/x86_64-linux-gnu/pkgconfig:/home/chinchia120/autoware.ai/install/lanelet2_extension/lib/pkgconfig:/home/chinchia120/autoware.ai/install/lanelet2_validation/lib/x86_64-linux-gnu/pkgconfig:/home/chinchia120/autoware.ai/install/lanelet2_validation/lib/pkgconfig:/home/chinchia120/autoware.ai/install/lanelet2_routing/lib/x86_64-linux-gnu/pkgconfig:/home/chinchia120/autoware.ai/install/lanelet2_routing/lib/pkgconfig:/home/chinchia120/autoware.ai/install/lanelet2_projection/lib/x86_64-linux-gnu/pkgconfig:/home/chinchia120/autoware.ai/install/lanelet2_projection/lib/pkgconfig:/home/chinchia120/autoware.ai/install/lanelet2_traffic_rules/lib/x86_64-linux-gnu/pkgconfig:/home/chinchia120/autoware.ai/install/lanelet2_traffic_rules/lib/pkgconfig:/home/chinchia120/autoware.ai/install/lanelet2_maps/lib/x86_64-linux-gnu/pkgconfig:/home/chinchia120/autoware.ai/install/lanelet2_maps/lib/pkgconfig:/home/chinchia120/autoware.ai/install/lanelet2_io/lib/x86_64-linux-gnu/pkgconfig:/home/chinchia120/autoware.ai/install/lanelet2_io/lib/pkgconfig:/home/chinchia120/autoware.ai/install/vector_map/lib/x86_64-linux-gnu/pkgconfig:/home/chinchia120/autoware.ai/install/vector_map/lib/pkgconfig:/home/chinchia120/autoware.ai/install/lanelet2_core/lib/x86_64-linux-gnu/pkgconfig:/home/chinchia120/autoware.ai/install/lanelet2_core/lib/pkgconfig:/home/chinchia120/autoware.ai/install/amathutils_lib/lib/x86_64-linux-gnu/pkgconfig:/home/chinchia120/autoware.ai/install/amathutils_lib/lib/pkgconfig:/home/chinchia120/autoware.ai/install/vector_map_msgs/lib/x86_64-linux-gnu/pkgconfig:/home/chinchia120/autoware.ai/install/vector_map_msgs/lib/pkgconfig:/home/chinchia120/autoware.ai/install/autoware_msgs/lib/x86_64-linux-gnu/pkgconfig:/home/chinchia120/autoware.ai/install/autoware_msgs/lib/pkgconfig:/home/chinchia120/autoware.ai/install/autoware_lanelet2_msgs/lib/x86_64-linux-gnu/pkgconfig:/home/chinchia120/autoware.ai/install/autoware_lanelet2_msgs/lib/pkgconfig:/home/chinchia120/autoware.ai/install/autoware_build_flags/lib/x86_64-linux-gnu/pkgconfig:/home/chinchia120/autoware.ai/install/autoware_build_flags/lib/pkgconfig:${PKG_CONFIG_PATH} PYTHONPATH=/home/chinchia120/autoware.ai/install/vector_map_msgs/lib/python2.7/dist-packages:/home/chinchia120/autoware.ai/install/autoware_msgs/lib/python2.7/dist-packages:/home/chinchia120/autoware.ai/install/autoware_lanelet2_msgs/lib/python2.7/dist-packages:${PYTHONPATH} ROS_PACKAGE_PATH=/home/chinchia120/autoware.ai/install/lanelet2_extension/share:/home/chinchia120/autoware.ai/install/lanelet2_validation/share:/home/chinchia120/autoware.ai/install/lanelet2_routing/share:/home/chinchia120/autoware.ai/install/lanelet2_projection/share:/home/chinchia120/autoware.ai/install/lanelet2_traffic_rules/share:/home/chinchia120/autoware.ai/install/lanelet2_maps/share:/home/chinchia120/autoware.ai/install/lanelet2_io/share:/home/chinchia120/autoware.ai/install/vector_map/share:/home/chinchia120/autoware.ai/install/lanelet2_core/share:/home/chinchia120/autoware.ai/install/amathutils_lib/share:/home/chinchia120/autoware.ai/install/vector_map_msgs/share:/home/chinchia120/autoware.ai/install/autoware_msgs/share:/home/chinchia120/autoware.ai/install/autoware_lanelet2_msgs/share:/home/chinchia120/autoware.ai/install/autoware_build_flags/share:${ROS_PACKAGE_PATH} /usr/bin/cmake --build /home/chinchia120/autoware.ai/build/imm_ukf_pda_track --target install -- -j4 -l4
[140.355s] [  0%] Built target visualization_msgs_generate_messages_cpp
[140.411s] [  0%] Built target vector_map_msgs_generate_messages_eus
[140.462s] [  0%] Built target vector_map_msgs_generate_messages_cpp
[140.511s] [  0%] Built target topic_tools_generate_messages_nodejs
[140.574s] [  0%] Built target topic_tools_generate_messages_eus
[140.626s] [  0%] Built target topic_tools_generate_messages_cpp
[140.682s] [  0%] Built target std_srvs_generate_messages_py
[140.748s] [  0%] Built target std_srvs_generate_messages_nodejs
[140.813s] [  0%] Built target vector_map_msgs_generate_messages_nodejs
[140.868s] [  0%] Built target bond_generate_messages_py
[140.914s] [  0%] Built target bond_generate_messages_nodejs
[140.974s] [  0%] Built target bond_generate_messages_lisp
[141.022s] [  0%] Built target bond_generate_messages_eus
[141.082s] [  0%] Built target bond_generate_messages_cpp
[141.142s] [  0%] Built target nodelet_generate_messages_nodejs
[141.187s] [  0%] Built target nodelet_generate_messages_eus
[141.240s] [  0%] Built target nodelet_generate_messages_cpp
[141.290s] [  0%] Built target dynamic_reconfigure_generate_messages_py
[141.355s] [  0%] Built target dynamic_reconfigure_generate_messages_nodejs
[141.407s] [  0%] Built target dynamic_reconfigure_generate_messages_lisp
[141.463s] [  0%] Built target dynamic_reconfigure_generate_messages_eus
[141.510s] [  0%] Built target pcl_ros_gencfg
[141.560s] [  0%] Built target visualization_msgs_generate_messages_py
[141.609s] [  0%] Built target visualization_msgs_generate_messages_nodejs
[141.691s] [  0%] Built target geometry_msgs_generate_messages_py
[141.742s] [  0%] Built target sensor_msgs_generate_messages_nodejs
[141.792s] [  0%] Built target roscpp_generate_messages_cpp
[141.858s] [  0%] Built target actionlib_generate_messages_cpp
[141.904s] [  0%] Built target pcl_msgs_generate_messages_eus
[141.966s] [  0%] Built target rosgraph_msgs_generate_messages_eus
[142.032s] [  0%] Built target jsk_recognition_msgs_generate_messages_lisp
[142.092s] [  0%] Built target jsk_recognition_msgs_generate_messages_eus
[142.143s] [  0%] Built target tf2_msgs_generate_messages_cpp
[142.195s] [  0%] Built target std_msgs_generate_messages_py
[142.264s] [  0%] Built target nodelet_generate_messages_lisp
[142.320s] [  0%] Built target autoware_msgs_generate_messages_py
[142.376s] [  0%] Built target std_msgs_generate_messages_nodejs
[142.441s] [  0%] Built target sensor_msgs_generate_messages_eus
[142.490s] [  0%] Built target std_srvs_generate_messages_lisp
[142.555s] [  0%] Built target _catkin_empty_exported_target
[142.610s] [  0%] Built target sensor_msgs_generate_messages_cpp
[142.668s] [  0%] Built target autoware_msgs_generate_messages_cpp
[142.720s] [  0%] Built target rosgraph_msgs_generate_messages_cpp
[142.779s] [  0%] Built target pcl_msgs_generate_messages_nodejs
[142.829s] [  0%] Built target jsk_recognition_msgs_generate_messages_py
[142.879s] [  0%] Built target std_srvs_generate_messages_cpp
[142.925s] [  0%] Built target sensor_msgs_generate_messages_lisp
[142.988s] [  0%] Built target nodelet_generate_messages_py
[143.050s] [  0%] Built target sensor_msgs_generate_messages_py
[143.113s] [  0%] Built target dynamic_reconfigure_generate_messages_cpp
[143.175s] [  0%] Built target tf_generate_messages_py
[143.220s] [  0%] Built target std_msgs_generate_messages_cpp
[143.278s] [  0%] Built target jsk_footstep_msgs_generate_messages_py
[143.346s] [  0%] Built target topic_tools_generate_messages_py
[143.400s] [  0%] Built target nodelet_topic_tools_gencfg
[143.461s] [  0%] Built target actionlib_msgs_generate_messages_nodejs
[143.520s] [  0%] Built target geometry_msgs_generate_messages_eus
[143.581s] [  0%] Built target std_msgs_generate_messages_lisp
[143.648s] [  0%] Built target roscpp_generate_messages_nodejs
[143.704s] [  0%] Built target geometry_msgs_generate_messages_nodejs
[143.758s] [  0%] Built target geometry_msgs_generate_messages_lisp
[143.818s] [  0%] Built target pcl_msgs_generate_messages_cpp
[143.882s] [  0%] Built target topic_tools_generate_messages_lisp
[143.944s] [  0%] Built target jsk_recognition_msgs_generate_messages_cpp
[143.993s] [  0%] Built target autoware_msgs_generate_messages_eus
[144.045s] [  0%] Built target autoware_msgs_generate_messages_lisp
[144.097s] [  0%] Built target visualization_msgs_generate_messages_lisp
[144.167s] [  0%] Built target std_msgs_generate_messages_eus
[144.232s] [  0%] Built target autoware_msgs_generate_messages_nodejs
[144.301s] [  0%] Built target jsk_footstep_msgs_generate_messages_eus
[144.364s] [  0%] Built target actionlib_msgs_generate_messages_py
[144.418s] [  0%] Built target jsk_footstep_msgs_generate_messages_lisp
[144.479s] [  0%] Built target jsk_footstep_msgs_generate_messages_nodejs
[144.531s] [  0%] Built target actionlib_msgs_generate_messages_lisp
[144.587s] [  0%] Built target jsk_footstep_msgs_generate_messages_cpp
[144.648s] [  0%] Built target actionlib_msgs_generate_messages_cpp
[144.703s] [  0%] Built target tf_generate_messages_eus
[144.772s] [  0%] Built target tf_generate_messages_lisp
[144.826s] [  0%] Built target tf_generate_messages_nodejs
[144.888s] [  0%] Built target autoware_lanelet2_msgs_generate_messages_cpp
[144.947s] [  0%] Built target std_srvs_generate_messages_eus
[144.999s] [  0%] Built target jsk_recognition_msgs_generate_messages_nodejs
[145.061s] [  0%] Built target autoware_lanelet2_msgs_generate_messages_py
[145.129s] [  0%] Built target roscpp_generate_messages_lisp
[145.194s] [  0%] Built target rosgraph_msgs_generate_messages_lisp
[145.247s] [  0%] Built target rosgraph_msgs_generate_messages_nodejs
[145.309s] [  0%] Built target roscpp_generate_messages_eus
[145.372s] [  0%] Built target actionlib_msgs_generate_messages_eus
[145.428s] [  0%] Built target rosgraph_msgs_generate_messages_py
[145.487s] [  0%] Built target pcl_msgs_generate_messages_py
[145.543s] [  0%] Built target actionlib_generate_messages_eus
[145.621s] [  0%] Built target geometry_msgs_generate_messages_cpp
[145.697s] [  0%] Built target actionlib_generate_messages_lisp
[145.725s] [  0%] Built target pcl_msgs_generate_messages_lisp
[145.787s] [  0%] Built target tf_generate_messages_cpp
[145.840s] [  0%] Built target actionlib_generate_messages_nodejs
[145.898s] [  0%] Built target dynamic_reconfigure_gencfg
[145.960s] [  0%] Built target tf2_msgs_generate_messages_lisp
[146.007s] [  0%] Built target actionlib_generate_messages_py
[146.061s] [  0%] Built target tf2_msgs_generate_messages_py
[146.111s] [  0%] Built target autoware_lanelet2_msgs_generate_messages_eus
[146.176s] [  0%] Built target tf2_msgs_generate_messages_nodejs
[146.243s] [  0%] Built target autoware_lanelet2_msgs_generate_messages_lisp
[146.300s] [  0%] Built target roscpp_generate_messages_py
[146.355s] [  0%] Built target autoware_lanelet2_msgs_generate_messages_nodejs
[146.416s] [  0%] Built target visualization_msgs_generate_messages_eus
[146.469s] [  0%] Built target tf2_msgs_generate_messages_eus
[146.523s] [  0%] Built target vector_map_msgs_generate_messages_lisp
[146.578s] [  0%] Built target vector_map_msgs_generate_messages_py
[146.716s] [ 50%] Built target imm_ukf_pda_lanelet2
[146.836s] [100%] Built target imm_ukf_pda
[146.889s] [36mInstall the project...[0m
[146.909s] -- Install configuration: "Release"
[146.909s] -- Installing: /home/chinchia120/autoware.ai/install/imm_ukf_pda_track/lib/pkgconfig/imm_ukf_pda_track.pc
[146.910s] -- Installing: /home/chinchia120/autoware.ai/install/imm_ukf_pda_track/share/imm_ukf_pda_track/cmake/imm_ukf_pda_trackConfig.cmake
[146.910s] -- Installing: /home/chinchia120/autoware.ai/install/imm_ukf_pda_track/share/imm_ukf_pda_track/cmake/imm_ukf_pda_trackConfig-version.cmake
[146.910s] -- Installing: /home/chinchia120/autoware.ai/install/imm_ukf_pda_track/share/imm_ukf_pda_track/package.xml
[146.910s] -- Installing: /home/chinchia120/autoware.ai/install/imm_ukf_pda_track/lib/imm_ukf_pda_track/imm_ukf_pda
[146.912s] -- Set runtime path of "/home/chinchia120/autoware.ai/install/imm_ukf_pda_track/lib/imm_ukf_pda_track/imm_ukf_pda" to ""
[146.912s] -- Installing: /home/chinchia120/autoware.ai/install/imm_ukf_pda_track/lib/imm_ukf_pda_track/imm_ukf_pda_lanelet2
[146.915s] -- Set runtime path of "/home/chinchia120/autoware.ai/install/imm_ukf_pda_track/lib/imm_ukf_pda_track/imm_ukf_pda_lanelet2" to ""
[146.915s] -- Installing: /home/chinchia120/autoware.ai/install/imm_ukf_pda_track/share/imm_ukf_pda_track/launch
[146.941s] -- Installing: /home/chinchia120/autoware.ai/install/imm_ukf_pda_track/share/imm_ukf_pda_track/launch/imm_ukf_pda_track_option.launch
[146.942s] -- Installing: /home/chinchia120/autoware.ai/install/imm_ukf_pda_track/share/imm_ukf_pda_track/launch/imm_ukf_pda_track.launch
[146.945s] -- Installing: /home/chinchia120/autoware.ai/install/imm_ukf_pda_track/share/imm_ukf_pda_track/launch/imm_ukf_pda_track_lanelet2.launch
[146.952s] Invoked command in '/home/chinchia120/autoware.ai/build/imm_ukf_pda_track' returned '0': CMAKE_PREFIX_PATH=/home/chinchia120/autoware.ai/install/lanelet2_extension:/home/chinchia120/autoware.ai/install/lanelet2_validation:/home/chinchia120/autoware.ai/install/lanelet2_routing:/home/chinchia120/autoware.ai/install/lanelet2_projection:/home/chinchia120/autoware.ai/install/lanelet2_traffic_rules:/home/chinchia120/autoware.ai/install/lanelet2_maps:/home/chinchia120/autoware.ai/install/lanelet2_io:/home/chinchia120/autoware.ai/install/vector_map:/home/chinchia120/autoware.ai/install/lanelet2_core:/home/chinchia120/autoware.ai/install/amathutils_lib:/home/chinchia120/autoware.ai/install/vector_map_msgs:/home/chinchia120/autoware.ai/install/autoware_msgs:/home/chinchia120/autoware.ai/install/autoware_lanelet2_msgs:/home/chinchia120/autoware.ai/install/autoware_build_flags:${CMAKE_PREFIX_PATH} LD_LIBRARY_PATH=/home/chinchia120/autoware.ai/install/lanelet2_extension/lib:/home/chinchia120/autoware.ai/install/lanelet2_validation/lib:/home/chinchia120/autoware.ai/install/lanelet2_routing/lib:/home/chinchia120/autoware.ai/install/lanelet2_projection/lib:/home/chinchia120/autoware.ai/install/lanelet2_traffic_rules/lib:/home/chinchia120/autoware.ai/install/lanelet2_io/lib:/home/chinchia120/autoware.ai/install/vector_map/lib:/home/chinchia120/autoware.ai/install/lanelet2_core/lib:/home/chinchia120/autoware.ai/install/amathutils_lib/lib:${LD_LIBRARY_PATH} PKG_CONFIG_PATH=/home/chinchia120/autoware.ai/install/lanelet2_extension/lib/x86_64-linux-gnu/pkgconfig:/home/chinchia120/autoware.ai/install/lanelet2_extension/lib/pkgconfig:/home/chinchia120/autoware.ai/install/lanelet2_validation/lib/x86_64-linux-gnu/pkgconfig:/home/chinchia120/autoware.ai/install/lanelet2_validation/lib/pkgconfig:/home/chinchia120/autoware.ai/install/lanelet2_routing/lib/x86_64-linux-gnu/pkgconfig:/home/chinchia120/autoware.ai/install/lanelet2_routing/lib/pkgconfig:/home/chinchia120/autoware.ai/install/lanelet2_projection/lib/x86_64-linux-gnu/pkgconfig:/home/chinchia120/autoware.ai/install/lanelet2_projection/lib/pkgconfig:/home/chinchia120/autoware.ai/install/lanelet2_traffic_rules/lib/x86_64-linux-gnu/pkgconfig:/home/chinchia120/autoware.ai/install/lanelet2_traffic_rules/lib/pkgconfig:/home/chinchia120/autoware.ai/install/lanelet2_maps/lib/x86_64-linux-gnu/pkgconfig:/home/chinchia120/autoware.ai/install/lanelet2_maps/lib/pkgconfig:/home/chinchia120/autoware.ai/install/lanelet2_io/lib/x86_64-linux-gnu/pkgconfig:/home/chinchia120/autoware.ai/install/lanelet2_io/lib/pkgconfig:/home/chinchia120/autoware.ai/install/vector_map/lib/x86_64-linux-gnu/pkgconfig:/home/chinchia120/autoware.ai/install/vector_map/lib/pkgconfig:/home/chinchia120/autoware.ai/install/lanelet2_core/lib/x86_64-linux-gnu/pkgconfig:/home/chinchia120/autoware.ai/install/lanelet2_core/lib/pkgconfig:/home/chinchia120/autoware.ai/install/amathutils_lib/lib/x86_64-linux-gnu/pkgconfig:/home/chinchia120/autoware.ai/install/amathutils_lib/lib/pkgconfig:/home/chinchia120/autoware.ai/install/vector_map_msgs/lib/x86_64-linux-gnu/pkgconfig:/home/chinchia120/autoware.ai/install/vector_map_msgs/lib/pkgconfig:/home/chinchia120/autoware.ai/install/autoware_msgs/lib/x86_64-linux-gnu/pkgconfig:/home/chinchia120/autoware.ai/install/autoware_msgs/lib/pkgconfig:/home/chinchia120/autoware.ai/install/autoware_lanelet2_msgs/lib/x86_64-linux-gnu/pkgconfig:/home/chinchia120/autoware.ai/install/autoware_lanelet2_msgs/lib/pkgconfig:/home/chinchia120/autoware.ai/install/autoware_build_flags/lib/x86_64-linux-gnu/pkgconfig:/home/chinchia120/autoware.ai/install/autoware_build_flags/lib/pkgconfig:${PKG_CONFIG_PATH} PYTHONPATH=/home/chinchia120/autoware.ai/install/vector_map_msgs/lib/python2.7/dist-packages:/home/chinchia120/autoware.ai/install/autoware_msgs/lib/python2.7/dist-packages:/home/chinchia120/autoware.ai/install/autoware_lanelet2_msgs/lib/python2.7/dist-packages:${PYTHONPATH} ROS_PACKAGE_PATH=/home/chinchia120/autoware.ai/install/lanelet2_extension/share:/home/chinchia120/autoware.ai/install/lanelet2_validation/share:/home/chinchia120/autoware.ai/install/lanelet2_routing/share:/home/chinchia120/autoware.ai/install/lanelet2_projection/share:/home/chinchia120/autoware.ai/install/lanelet2_traffic_rules/share:/home/chinchia120/autoware.ai/install/lanelet2_maps/share:/home/chinchia120/autoware.ai/install/lanelet2_io/share:/home/chinchia120/autoware.ai/install/vector_map/share:/home/chinchia120/autoware.ai/install/lanelet2_core/share:/home/chinchia120/autoware.ai/install/amathutils_lib/share:/home/chinchia120/autoware.ai/install/vector_map_msgs/share:/home/chinchia120/autoware.ai/install/autoware_msgs/share:/home/chinchia120/autoware.ai/install/autoware_lanelet2_msgs/share:/home/chinchia120/autoware.ai/install/autoware_build_flags/share:${ROS_PACKAGE_PATH} /usr/bin/cmake --build /home/chinchia120/autoware.ai/build/imm_ukf_pda_track --target install -- -j4 -l4
