[0.092s] Invoking command in '/home/chinchia120/autoware.ai/build/vehicle_socket': CMAKE_PREFIX_PATH=/home/chinchia120/autoware.ai/install/tablet_socket_msgs:/home/chinchia120/autoware.ai/install/autoware_msgs:/home/chinchia120/autoware.ai/install/autoware_can_msgs:/home/chinchia120/autoware.ai/install/autoware_build_flags:${CMAKE_PREFIX_PATH} PKG_CONFIG_PATH=/home/chinchia120/autoware.ai/install/tablet_socket_msgs/lib/x86_64-linux-gnu/pkgconfig:/home/chinchia120/autoware.ai/install/tablet_socket_msgs/lib/pkgconfig:/home/chinchia120/autoware.ai/install/autoware_msgs/lib/x86_64-linux-gnu/pkgconfig:/home/chinchia120/autoware.ai/install/autoware_msgs/lib/pkgconfig:/home/chinchia120/autoware.ai/install/autoware_can_msgs/lib/x86_64-linux-gnu/pkgconfig:/home/chinchia120/autoware.ai/install/autoware_can_msgs/lib/pkgconfig:/home/chinchia120/autoware.ai/install/autoware_build_flags/lib/x86_64-linux-gnu/pkgconfig:/home/chinchia120/autoware.ai/install/autoware_build_flags/lib/pkgconfig:${PKG_CONFIG_PATH} PYTHONPATH=/home/chinchia120/autoware.ai/install/tablet_socket_msgs/lib/python2.7/dist-packages:/home/chinchia120/autoware.ai/install/autoware_msgs/lib/python2.7/dist-packages:/home/chinchia120/autoware.ai/install/autoware_can_msgs/lib/python2.7/dist-packages:${PYTHONPATH} ROS_PACKAGE_PATH=/home/chinchia120/autoware.ai/install/tablet_socket_msgs/share:/home/chinchia120/autoware.ai/install/autoware_msgs/share:/home/chinchia120/autoware.ai/install/autoware_can_msgs/share:/home/chinchia120/autoware.ai/install/autoware_build_flags/share:${ROS_PACKAGE_PATH} /usr/bin/cmake /home/chinchia120/autoware.ai/src/autoware/utilities/vehicle_socket -DCMAKE_BUILD_TYPE=Release -DCATKIN_INSTALL_INTO_PREFIX_ROOT=0 -DCMAKE_INSTALL_PREFIX=/home/chinchia120/autoware.ai/install/vehicle_socket
[0.301s] -- The C compiler identification is GNU 7.5.0
[0.481s] -- The CXX compiler identification is GNU 7.5.0
[0.499s] -- Check for working C compiler: /usr/bin/cc
[0.696s] -- Check for working C compiler: /usr/bin/cc -- works
[0.696s] -- Detecting C compiler ABI info
[0.969s] -- Detecting C compiler ABI info - done
[1.003s] -- Detecting C compile features
[1.696s] -- Detecting C compile features - done
[1.698s] -- Check for working CXX compiler: /usr/bin/c++
[1.904s] -- Check for working CXX compiler: /usr/bin/c++ -- works
[1.905s] -- Detecting CXX compiler ABI info
[2.152s] -- Detecting CXX compiler ABI info - done
[2.172s] -- Detecting CXX compile features
[3.098s] -- Detecting CXX compile features - done
[3.102s] -- CUDA compilation status: 1.
[3.105s] -- Using CATKIN_DEVEL_PREFIX: /home/chinchia120/autoware.ai/build/vehicle_socket/devel
[3.109s] -- Using CMAKE_PREFIX_PATH: /home/chinchia120/autoware.ai/install/tablet_socket_msgs;/home/chinchia120/autoware.ai/install/autoware_msgs;/home/chinchia120/autoware.ai/install/autoware_can_msgs;/home/chinchia120/autoware.ai/install/autoware_build_flags;/home/chinchia120/catkin_ws/devel;/opt/ros/melodic
[3.110s] -- This workspace overlays: /home/chinchia120/autoware.ai/install/tablet_socket_msgs;/home/chinchia120/autoware.ai/install/autoware_msgs;/home/chinchia120/autoware.ai/install/autoware_can_msgs;/home/chinchia120/autoware.ai/install/autoware_build_flags;/home/chinchia120/catkin_ws/devel;/opt/ros/melodic
[3.150s] -- Found PythonInterp: /usr/bin/python2 (found suitable version "2.7.17", minimum required is "2") 
[3.150s] -- Using PYTHON_EXECUTABLE: /usr/bin/python2
[3.150s] -- Using Debian Python package layout
[3.151s] -- Using empy: /usr/bin/empy
[3.460s] -- Using CATKIN_ENABLE_TESTING: ON
[3.461s] -- Call enable_testing()
[3.465s] -- Using CATKIN_TEST_RESULTS_DIR: /home/chinchia120/autoware.ai/build/vehicle_socket/test_results
[3.514s] -- Found gtest sources under '/usr/src/googletest': gtests will be built
[3.514s] -- Found gmock sources under '/usr/src/googletest': gmock will be built
[3.548s] -- Found PythonInterp: /usr/bin/python2 (found version "2.7.17") 
[3.548s] -- Looking for pthread.h
[3.768s] -- Looking for pthread.h - found
[3.769s] -- Looking for pthread_create
[3.953s] -- Looking for pthread_create - not found
[3.953s] -- Looking for pthread_create in pthreads
[4.104s] -- Looking for pthread_create in pthreads - not found
[4.104s] -- Looking for pthread_create in pthread
[4.292s] -- Looking for pthread_create in pthread - found
[4.294s] -- Found Threads: TRUE  
[4.301s] -- Using Python nosetests: /usr/bin/nosetests-2.7
[4.412s] -- catkin 0.7.29
[4.412s] -- BUILD_SHARED_LIBS is on
[4.888s] -- Using these message generators: gencpp;geneus;genlisp;gennodejs;genpy
[5.453s] -- Configuring done
[5.620s] -- Generating done
[5.649s] -- Build files have been written to: /home/chinchia120/autoware.ai/build/vehicle_socket
[5.660s] Invoked command in '/home/chinchia120/autoware.ai/build/vehicle_socket' returned '0': CMAKE_PREFIX_PATH=/home/chinchia120/autoware.ai/install/tablet_socket_msgs:/home/chinchia120/autoware.ai/install/autoware_msgs:/home/chinchia120/autoware.ai/install/autoware_can_msgs:/home/chinchia120/autoware.ai/install/autoware_build_flags:${CMAKE_PREFIX_PATH} PKG_CONFIG_PATH=/home/chinchia120/autoware.ai/install/tablet_socket_msgs/lib/x86_64-linux-gnu/pkgconfig:/home/chinchia120/autoware.ai/install/tablet_socket_msgs/lib/pkgconfig:/home/chinchia120/autoware.ai/install/autoware_msgs/lib/x86_64-linux-gnu/pkgconfig:/home/chinchia120/autoware.ai/install/autoware_msgs/lib/pkgconfig:/home/chinchia120/autoware.ai/install/autoware_can_msgs/lib/x86_64-linux-gnu/pkgconfig:/home/chinchia120/autoware.ai/install/autoware_can_msgs/lib/pkgconfig:/home/chinchia120/autoware.ai/install/autoware_build_flags/lib/x86_64-linux-gnu/pkgconfig:/home/chinchia120/autoware.ai/install/autoware_build_flags/lib/pkgconfig:${PKG_CONFIG_PATH} PYTHONPATH=/home/chinchia120/autoware.ai/install/tablet_socket_msgs/lib/python2.7/dist-packages:/home/chinchia120/autoware.ai/install/autoware_msgs/lib/python2.7/dist-packages:/home/chinchia120/autoware.ai/install/autoware_can_msgs/lib/python2.7/dist-packages:${PYTHONPATH} ROS_PACKAGE_PATH=/home/chinchia120/autoware.ai/install/tablet_socket_msgs/share:/home/chinchia120/autoware.ai/install/autoware_msgs/share:/home/chinchia120/autoware.ai/install/autoware_can_msgs/share:/home/chinchia120/autoware.ai/install/autoware_build_flags/share:${ROS_PACKAGE_PATH} /usr/bin/cmake /home/chinchia120/autoware.ai/src/autoware/utilities/vehicle_socket -DCMAKE_BUILD_TYPE=Release -DCATKIN_INSTALL_INTO_PREFIX_ROOT=0 -DCMAKE_INSTALL_PREFIX=/home/chinchia120/autoware.ai/install/vehicle_socket
[5.668s] Invoking command in '/home/chinchia120/autoware.ai/build/vehicle_socket': CMAKE_PREFIX_PATH=/home/chinchia120/autoware.ai/install/tablet_socket_msgs:/home/chinchia120/autoware.ai/install/autoware_msgs:/home/chinchia120/autoware.ai/install/autoware_can_msgs:/home/chinchia120/autoware.ai/install/autoware_build_flags:${CMAKE_PREFIX_PATH} PKG_CONFIG_PATH=/home/chinchia120/autoware.ai/install/tablet_socket_msgs/lib/x86_64-linux-gnu/pkgconfig:/home/chinchia120/autoware.ai/install/tablet_socket_msgs/lib/pkgconfig:/home/chinchia120/autoware.ai/install/autoware_msgs/lib/x86_64-linux-gnu/pkgconfig:/home/chinchia120/autoware.ai/install/autoware_msgs/lib/pkgconfig:/home/chinchia120/autoware.ai/install/autoware_can_msgs/lib/x86_64-linux-gnu/pkgconfig:/home/chinchia120/autoware.ai/install/autoware_can_msgs/lib/pkgconfig:/home/chinchia120/autoware.ai/install/autoware_build_flags/lib/x86_64-linux-gnu/pkgconfig:/home/chinchia120/autoware.ai/install/autoware_build_flags/lib/pkgconfig:${PKG_CONFIG_PATH} PYTHONPATH=/home/chinchia120/autoware.ai/install/tablet_socket_msgs/lib/python2.7/dist-packages:/home/chinchia120/autoware.ai/install/autoware_msgs/lib/python2.7/dist-packages:/home/chinchia120/autoware.ai/install/autoware_can_msgs/lib/python2.7/dist-packages:${PYTHONPATH} ROS_PACKAGE_PATH=/home/chinchia120/autoware.ai/install/tablet_socket_msgs/share:/home/chinchia120/autoware.ai/install/autoware_msgs/share:/home/chinchia120/autoware.ai/install/autoware_can_msgs/share:/home/chinchia120/autoware.ai/install/autoware_build_flags/share:${ROS_PACKAGE_PATH} /usr/bin/cmake --build /home/chinchia120/autoware.ai/build/vehicle_socket -- -j4 -l4
[5.826s] [35m[1mScanning dependencies of target sensor_msgs_generate_messages_nodejs[0m
[5.850s] [  0%] Built target sensor_msgs_generate_messages_nodejs
[5.883s] [35m[1mScanning dependencies of target tablet_socket_msgs_generate_messages_lisp[0m
[5.918s] [  0%] Built target tablet_socket_msgs_generate_messages_lisp
[5.977s] [35m[1mScanning dependencies of target tablet_socket_msgs_generate_messages_eus[0m
[6.012s] [  0%] Built target tablet_socket_msgs_generate_messages_eus
[6.039s] [35m[1mScanning dependencies of target rosgraph_msgs_generate_messages_py[0m
[6.065s] [  0%] Built target rosgraph_msgs_generate_messages_py
[6.091s] [35m[1mScanning dependencies of target rosgraph_msgs_generate_messages_nodejs[0m
[6.121s] [  0%] Built target rosgraph_msgs_generate_messages_nodejs
[6.159s] [35m[1mScanning dependencies of target rosgraph_msgs_generate_messages_lisp[0m
[6.193s] [  0%] Built target rosgraph_msgs_generate_messages_lisp
[6.230s] [35m[1mScanning dependencies of target roscpp_generate_messages_py[0m
[6.260s] [  0%] Built target roscpp_generate_messages_py
[6.285s] [35m[1mScanning dependencies of target roscpp_generate_messages_lisp[0m
[6.333s] [  0%] Built target roscpp_generate_messages_lisp
[6.380s] [35m[1mScanning dependencies of target actionlib_msgs_generate_messages_lisp[0m
[6.416s] [  0%] Built target actionlib_msgs_generate_messages_lisp
[6.443s] [35m[1mScanning dependencies of target actionlib_msgs_generate_messages_cpp[0m
[6.483s] [  0%] Built target actionlib_msgs_generate_messages_cpp
[6.513s] [35m[1mScanning dependencies of target jsk_footstep_msgs_generate_messages_nodejs[0m
[6.554s] [  0%] Built target jsk_footstep_msgs_generate_messages_nodejs
[6.596s] [35m[1mScanning dependencies of target jsk_footstep_msgs_generate_messages_lisp[0m
[6.631s] [  0%] Built target jsk_footstep_msgs_generate_messages_lisp
[6.663s] [35m[1mScanning dependencies of target actionlib_msgs_generate_messages_py[0m
[6.723s] [  0%] Built target actionlib_msgs_generate_messages_py
[6.766s] [35m[1mScanning dependencies of target jsk_footstep_msgs_generate_messages_eus[0m
[6.793s] [  0%] Built target jsk_footstep_msgs_generate_messages_eus
[6.827s] [35m[1mScanning dependencies of target pcl_msgs_generate_messages_py[0m
[6.867s] [  0%] Built target pcl_msgs_generate_messages_py
[6.906s] [35m[1mScanning dependencies of target pcl_msgs_generate_messages_nodejs[0m
[6.930s] [  0%] Built target pcl_msgs_generate_messages_nodejs
[6.977s] [35m[1mScanning dependencies of target pcl_msgs_generate_messages_lisp[0m
[7.007s] [  0%] Built target pcl_msgs_generate_messages_lisp
[7.032s] [35m[1mScanning dependencies of target pcl_msgs_generate_messages_eus[0m
[7.055s] [  0%] Built target pcl_msgs_generate_messages_eus
[7.094s] [35m[1mScanning dependencies of target rosgraph_msgs_generate_messages_cpp[0m
[7.133s] [  0%] Built target rosgraph_msgs_generate_messages_cpp
[7.166s] [35m[1mScanning dependencies of target autoware_msgs_generate_messages_cpp[0m
[7.224s] [  0%] Built target autoware_msgs_generate_messages_cpp
[7.254s] [35m[1mScanning dependencies of target std_msgs_generate_messages_nodejs[0m
[7.282s] [  0%] Built target std_msgs_generate_messages_nodejs
[7.304s] [35m[1mScanning dependencies of target std_msgs_generate_messages_lisp[0m
[7.325s] [  0%] Built target std_msgs_generate_messages_lisp
[7.350s] [35m[1mScanning dependencies of target sensor_msgs_generate_messages_cpp[0m
[7.404s] [  0%] Built target sensor_msgs_generate_messages_cpp
[7.435s] [35m[1mScanning dependencies of target sensor_msgs_generate_messages_eus[0m
[7.501s] [  0%] Built target sensor_msgs_generate_messages_eus
[7.529s] [35m[1mScanning dependencies of target tablet_socket_msgs_generate_messages_cpp[0m
[7.558s] [  0%] Built target tablet_socket_msgs_generate_messages_cpp
[7.598s] [35m[1mScanning dependencies of target autoware_can_msgs_generate_messages_py[0m
[7.638s] [  0%] Built target autoware_can_msgs_generate_messages_py
[7.679s] [35m[1mScanning dependencies of target jsk_footstep_msgs_generate_messages_cpp[0m
[7.727s] [  0%] Built target jsk_footstep_msgs_generate_messages_cpp
[7.767s] [35m[1mScanning dependencies of target geometry_msgs_generate_messages_py[0m
[7.791s] [  0%] Built target geometry_msgs_generate_messages_py
[7.817s] [35m[1mScanning dependencies of target std_msgs_generate_messages_eus[0m
[7.862s] [  0%] Built target std_msgs_generate_messages_eus
[7.891s] [35m[1mScanning dependencies of target autoware_msgs_generate_messages_nodejs[0m
[7.927s] [  0%] Built target autoware_msgs_generate_messages_nodejs
[7.958s] [35m[1mScanning dependencies of target jsk_footstep_msgs_generate_messages_py[0m
[7.995s] [  0%] Built target jsk_footstep_msgs_generate_messages_py
[8.030s] [35m[1mScanning dependencies of target std_msgs_generate_messages_cpp[0m
[8.067s] [  0%] Built target std_msgs_generate_messages_cpp
[8.099s] [35m[1mScanning dependencies of target actionlib_msgs_generate_messages_nodejs[0m
[8.121s] [  0%] Built target actionlib_msgs_generate_messages_nodejs
[8.144s] [35m[1mScanning dependencies of target std_msgs_generate_messages_py[0m
[8.180s] [  0%] Built target std_msgs_generate_messages_py
[8.213s] [35m[1mScanning dependencies of target autoware_msgs_generate_messages_py[0m
[8.236s] [  0%] Built target autoware_msgs_generate_messages_py
[8.264s] [35m[1mScanning dependencies of target autoware_can_msgs_generate_messages_eus[0m
[8.300s] [  0%] Built target autoware_can_msgs_generate_messages_eus
[8.328s] [35m[1mScanning dependencies of target geometry_msgs_generate_messages_nodejs[0m
[8.368s] [  0%] Built target geometry_msgs_generate_messages_nodejs
[8.426s] [35m[1mScanning dependencies of target sensor_msgs_generate_messages_py[0m
[8.456s] [  0%] Built target sensor_msgs_generate_messages_py
[8.503s] [35m[1mScanning dependencies of target jsk_recognition_msgs_generate_messages_py[0m
[8.539s] [  0%] Built target jsk_recognition_msgs_generate_messages_py
[8.596s] [35m[1mScanning dependencies of target autoware_can_msgs_generate_messages_nodejs[0m
[8.631s] [  0%] Built target autoware_can_msgs_generate_messages_nodejs
[8.656s] [35m[1mScanning dependencies of target autoware_can_msgs_generate_messages_lisp[0m
[8.683s] [  0%] Built target autoware_can_msgs_generate_messages_lisp
[8.718s] [35m[1mScanning dependencies of target autoware_can_msgs_generate_messages_cpp[0m
[8.748s] [  0%] Built target autoware_can_msgs_generate_messages_cpp
[8.798s] [35m[1mScanning dependencies of target autoware_msgs_generate_messages_eus[0m
[8.821s] [  0%] Built target autoware_msgs_generate_messages_eus
[8.853s] [35m[1mScanning dependencies of target jsk_recognition_msgs_generate_messages_cpp[0m
[8.893s] [  0%] Built target jsk_recognition_msgs_generate_messages_cpp
[8.945s] [35m[1mScanning dependencies of target sensor_msgs_generate_messages_lisp[0m
[8.982s] [  0%] Built target sensor_msgs_generate_messages_lisp
[9.021s] [35m[1mScanning dependencies of target pcl_msgs_generate_messages_cpp[0m
[9.069s] [  0%] Built target pcl_msgs_generate_messages_cpp
[9.095s] [35m[1mScanning dependencies of target actionlib_msgs_generate_messages_eus[0m
[9.121s] [  0%] Built target actionlib_msgs_generate_messages_eus
[9.170s] [35m[1mScanning dependencies of target autoware_msgs_generate_messages_lisp[0m
[9.205s] [  0%] Built target autoware_msgs_generate_messages_lisp
[9.231s] [35m[1mScanning dependencies of target roscpp_generate_messages_nodejs[0m
[9.259s] [  0%] Built target roscpp_generate_messages_nodejs
[9.302s] [35m[1mScanning dependencies of target roscpp_generate_messages_eus[0m
[9.337s] [  0%] Built target roscpp_generate_messages_eus
[9.367s] [35m[1mScanning dependencies of target geometry_msgs_generate_messages_eus[0m
[9.410s] [  0%] Built target geometry_msgs_generate_messages_eus
[9.438s] [35m[1mScanning dependencies of target geometry_msgs_generate_messages_cpp[0m
[9.465s] [  0%] Built target geometry_msgs_generate_messages_cpp
[9.500s] [35m[1mScanning dependencies of target geometry_msgs_generate_messages_lisp[0m
[9.543s] [  0%] Built target geometry_msgs_generate_messages_lisp
[9.605s] [35m[1mScanning dependencies of target jsk_recognition_msgs_generate_messages_eus[0m
[9.642s] [  0%] Built target jsk_recognition_msgs_generate_messages_eus
[9.674s] [35m[1mScanning dependencies of target jsk_recognition_msgs_generate_messages_lisp[0m
[9.701s] [  0%] Built target jsk_recognition_msgs_generate_messages_lisp
[9.736s] [35m[1mScanning dependencies of target rosgraph_msgs_generate_messages_eus[0m
[9.773s] [  0%] Built target rosgraph_msgs_generate_messages_eus
[9.805s] [35m[1mScanning dependencies of target jsk_recognition_msgs_generate_messages_nodejs[0m
[9.832s] [  0%] Built target jsk_recognition_msgs_generate_messages_nodejs
[9.865s] [35m[1mScanning dependencies of target roscpp_generate_messages_cpp[0m
[9.893s] [  0%] Built target roscpp_generate_messages_cpp
[9.929s] [35m[1mScanning dependencies of target tablet_socket_msgs_generate_messages_nodejs[0m
[9.958s] [  0%] Built target tablet_socket_msgs_generate_messages_nodejs
[9.991s] [35m[1mScanning dependencies of target tablet_socket_msgs_generate_messages_py[0m
[10.038s] [  0%] Built target tablet_socket_msgs_generate_messages_py
[10.068s] [35m[1mScanning dependencies of target vehicle_sender[0m
[10.160s] [ 25%] [32mBuilding CXX object CMakeFiles/vehicle_sender.dir/nodes/vehicle_sender/vehicle_sender.cpp.o[0m
[14.178s] [ 50%] [32m[1mLinking CXX executable devel/lib/vehicle_socket/vehicle_sender[0m
[14.494s] [ 50%] Built target vehicle_sender
[14.528s] [35m[1mScanning dependencies of target vehicle_receiver[0m
[14.576s] [ 75%] [32mBuilding CXX object CMakeFiles/vehicle_receiver.dir/nodes/vehicle_receiver/vehicle_receiver.cpp.o[0m
[18.467s] [100%] [32m[1mLinking CXX executable devel/lib/vehicle_socket/vehicle_receiver[0m
[18.760s] [100%] Built target vehicle_receiver
[18.782s] Invoked command in '/home/chinchia120/autoware.ai/build/vehicle_socket' returned '0': CMAKE_PREFIX_PATH=/home/chinchia120/autoware.ai/install/tablet_socket_msgs:/home/chinchia120/autoware.ai/install/autoware_msgs:/home/chinchia120/autoware.ai/install/autoware_can_msgs:/home/chinchia120/autoware.ai/install/autoware_build_flags:${CMAKE_PREFIX_PATH} PKG_CONFIG_PATH=/home/chinchia120/autoware.ai/install/tablet_socket_msgs/lib/x86_64-linux-gnu/pkgconfig:/home/chinchia120/autoware.ai/install/tablet_socket_msgs/lib/pkgconfig:/home/chinchia120/autoware.ai/install/autoware_msgs/lib/x86_64-linux-gnu/pkgconfig:/home/chinchia120/autoware.ai/install/autoware_msgs/lib/pkgconfig:/home/chinchia120/autoware.ai/install/autoware_can_msgs/lib/x86_64-linux-gnu/pkgconfig:/home/chinchia120/autoware.ai/install/autoware_can_msgs/lib/pkgconfig:/home/chinchia120/autoware.ai/install/autoware_build_flags/lib/x86_64-linux-gnu/pkgconfig:/home/chinchia120/autoware.ai/install/autoware_build_flags/lib/pkgconfig:${PKG_CONFIG_PATH} PYTHONPATH=/home/chinchia120/autoware.ai/install/tablet_socket_msgs/lib/python2.7/dist-packages:/home/chinchia120/autoware.ai/install/autoware_msgs/lib/python2.7/dist-packages:/home/chinchia120/autoware.ai/install/autoware_can_msgs/lib/python2.7/dist-packages:${PYTHONPATH} ROS_PACKAGE_PATH=/home/chinchia120/autoware.ai/install/tablet_socket_msgs/share:/home/chinchia120/autoware.ai/install/autoware_msgs/share:/home/chinchia120/autoware.ai/install/autoware_can_msgs/share:/home/chinchia120/autoware.ai/install/autoware_build_flags/share:${ROS_PACKAGE_PATH} /usr/bin/cmake --build /home/chinchia120/autoware.ai/build/vehicle_socket -- -j4 -l4
[19.196s] Invoking command in '/home/chinchia120/autoware.ai/build/vehicle_socket': CMAKE_PREFIX_PATH=/home/chinchia120/autoware.ai/install/tablet_socket_msgs:/home/chinchia120/autoware.ai/install/autoware_msgs:/home/chinchia120/autoware.ai/install/autoware_can_msgs:/home/chinchia120/autoware.ai/install/autoware_build_flags:${CMAKE_PREFIX_PATH} PKG_CONFIG_PATH=/home/chinchia120/autoware.ai/install/tablet_socket_msgs/lib/x86_64-linux-gnu/pkgconfig:/home/chinchia120/autoware.ai/install/tablet_socket_msgs/lib/pkgconfig:/home/chinchia120/autoware.ai/install/autoware_msgs/lib/x86_64-linux-gnu/pkgconfig:/home/chinchia120/autoware.ai/install/autoware_msgs/lib/pkgconfig:/home/chinchia120/autoware.ai/install/autoware_can_msgs/lib/x86_64-linux-gnu/pkgconfig:/home/chinchia120/autoware.ai/install/autoware_can_msgs/lib/pkgconfig:/home/chinchia120/autoware.ai/install/autoware_build_flags/lib/x86_64-linux-gnu/pkgconfig:/home/chinchia120/autoware.ai/install/autoware_build_flags/lib/pkgconfig:${PKG_CONFIG_PATH} PYTHONPATH=/home/chinchia120/autoware.ai/install/tablet_socket_msgs/lib/python2.7/dist-packages:/home/chinchia120/autoware.ai/install/autoware_msgs/lib/python2.7/dist-packages:/home/chinchia120/autoware.ai/install/autoware_can_msgs/lib/python2.7/dist-packages:${PYTHONPATH} ROS_PACKAGE_PATH=/home/chinchia120/autoware.ai/install/tablet_socket_msgs/share:/home/chinchia120/autoware.ai/install/autoware_msgs/share:/home/chinchia120/autoware.ai/install/autoware_can_msgs/share:/home/chinchia120/autoware.ai/install/autoware_build_flags/share:${ROS_PACKAGE_PATH} /usr/bin/cmake --build /home/chinchia120/autoware.ai/build/vehicle_socket --target tests -- -j4 -l4
[19.332s] [35m[1mScanning dependencies of target tests[0m
[19.360s] Built target tests
[19.388s] Invoked command in '/home/chinchia120/autoware.ai/build/vehicle_socket' returned '0': CMAKE_PREFIX_PATH=/home/chinchia120/autoware.ai/install/tablet_socket_msgs:/home/chinchia120/autoware.ai/install/autoware_msgs:/home/chinchia120/autoware.ai/install/autoware_can_msgs:/home/chinchia120/autoware.ai/install/autoware_build_flags:${CMAKE_PREFIX_PATH} PKG_CONFIG_PATH=/home/chinchia120/autoware.ai/install/tablet_socket_msgs/lib/x86_64-linux-gnu/pkgconfig:/home/chinchia120/autoware.ai/install/tablet_socket_msgs/lib/pkgconfig:/home/chinchia120/autoware.ai/install/autoware_msgs/lib/x86_64-linux-gnu/pkgconfig:/home/chinchia120/autoware.ai/install/autoware_msgs/lib/pkgconfig:/home/chinchia120/autoware.ai/install/autoware_can_msgs/lib/x86_64-linux-gnu/pkgconfig:/home/chinchia120/autoware.ai/install/autoware_can_msgs/lib/pkgconfig:/home/chinchia120/autoware.ai/install/autoware_build_flags/lib/x86_64-linux-gnu/pkgconfig:/home/chinchia120/autoware.ai/install/autoware_build_flags/lib/pkgconfig:${PKG_CONFIG_PATH} PYTHONPATH=/home/chinchia120/autoware.ai/install/tablet_socket_msgs/lib/python2.7/dist-packages:/home/chinchia120/autoware.ai/install/autoware_msgs/lib/python2.7/dist-packages:/home/chinchia120/autoware.ai/install/autoware_can_msgs/lib/python2.7/dist-packages:${PYTHONPATH} ROS_PACKAGE_PATH=/home/chinchia120/autoware.ai/install/tablet_socket_msgs/share:/home/chinchia120/autoware.ai/install/autoware_msgs/share:/home/chinchia120/autoware.ai/install/autoware_can_msgs/share:/home/chinchia120/autoware.ai/install/autoware_build_flags/share:${ROS_PACKAGE_PATH} /usr/bin/cmake --build /home/chinchia120/autoware.ai/build/vehicle_socket --target tests -- -j4 -l4
[19.718s] Invoking command in '/home/chinchia120/autoware.ai/build/vehicle_socket': CMAKE_PREFIX_PATH=/home/chinchia120/autoware.ai/install/tablet_socket_msgs:/home/chinchia120/autoware.ai/install/autoware_msgs:/home/chinchia120/autoware.ai/install/autoware_can_msgs:/home/chinchia120/autoware.ai/install/autoware_build_flags:${CMAKE_PREFIX_PATH} PKG_CONFIG_PATH=/home/chinchia120/autoware.ai/install/tablet_socket_msgs/lib/x86_64-linux-gnu/pkgconfig:/home/chinchia120/autoware.ai/install/tablet_socket_msgs/lib/pkgconfig:/home/chinchia120/autoware.ai/install/autoware_msgs/lib/x86_64-linux-gnu/pkgconfig:/home/chinchia120/autoware.ai/install/autoware_msgs/lib/pkgconfig:/home/chinchia120/autoware.ai/install/autoware_can_msgs/lib/x86_64-linux-gnu/pkgconfig:/home/chinchia120/autoware.ai/install/autoware_can_msgs/lib/pkgconfig:/home/chinchia120/autoware.ai/install/autoware_build_flags/lib/x86_64-linux-gnu/pkgconfig:/home/chinchia120/autoware.ai/install/autoware_build_flags/lib/pkgconfig:${PKG_CONFIG_PATH} PYTHONPATH=/home/chinchia120/autoware.ai/install/tablet_socket_msgs/lib/python2.7/dist-packages:/home/chinchia120/autoware.ai/install/autoware_msgs/lib/python2.7/dist-packages:/home/chinchia120/autoware.ai/install/autoware_can_msgs/lib/python2.7/dist-packages:${PYTHONPATH} ROS_PACKAGE_PATH=/home/chinchia120/autoware.ai/install/tablet_socket_msgs/share:/home/chinchia120/autoware.ai/install/autoware_msgs/share:/home/chinchia120/autoware.ai/install/autoware_can_msgs/share:/home/chinchia120/autoware.ai/install/autoware_build_flags/share:${ROS_PACKAGE_PATH} /usr/bin/cmake --build /home/chinchia120/autoware.ai/build/vehicle_socket --target install -- -j4 -l4
[19.883s] [  0%] Built target sensor_msgs_generate_messages_nodejs
[19.947s] [  0%] Built target tablet_socket_msgs_generate_messages_lisp
[20.010s] [  0%] Built target tablet_socket_msgs_generate_messages_eus
[20.075s] [  0%] Built target rosgraph_msgs_generate_messages_py
[20.137s] [  0%] Built target rosgraph_msgs_generate_messages_nodejs
[20.189s] [  0%] Built target rosgraph_msgs_generate_messages_lisp
[20.249s] [  0%] Built target roscpp_generate_messages_py
[20.309s] [  0%] Built target roscpp_generate_messages_lisp
[20.365s] [  0%] Built target actionlib_msgs_generate_messages_lisp
[20.427s] [  0%] Built target actionlib_msgs_generate_messages_cpp
[20.483s] [  0%] Built target jsk_footstep_msgs_generate_messages_nodejs
[20.539s] [  0%] Built target jsk_footstep_msgs_generate_messages_lisp
[20.603s] [  0%] Built target actionlib_msgs_generate_messages_py
[20.671s] [  0%] Built target jsk_footstep_msgs_generate_messages_eus
[20.730s] [  0%] Built target pcl_msgs_generate_messages_py
[20.791s] [  0%] Built target pcl_msgs_generate_messages_nodejs
[20.870s] [  0%] Built target pcl_msgs_generate_messages_lisp
[20.932s] [  0%] Built target pcl_msgs_generate_messages_eus
[21.000s] [  0%] Built target rosgraph_msgs_generate_messages_cpp
[21.081s] [  0%] Built target autoware_msgs_generate_messages_cpp
[21.161s] [  0%] Built target std_msgs_generate_messages_nodejs
[21.214s] [  0%] Built target std_msgs_generate_messages_lisp
[21.261s] [  0%] Built target sensor_msgs_generate_messages_cpp
[21.315s] [  0%] Built target sensor_msgs_generate_messages_eus
[21.379s] [  0%] Built target tablet_socket_msgs_generate_messages_cpp
[21.431s] [  0%] Built target autoware_can_msgs_generate_messages_py
[21.494s] [  0%] Built target jsk_footstep_msgs_generate_messages_cpp
[21.549s] [  0%] Built target geometry_msgs_generate_messages_py
[21.612s] [  0%] Built target std_msgs_generate_messages_eus
[21.670s] [  0%] Built target autoware_msgs_generate_messages_nodejs
[21.753s] [  0%] Built target jsk_footstep_msgs_generate_messages_py
[21.841s] [  0%] Built target std_msgs_generate_messages_cpp
[21.898s] [  0%] Built target actionlib_msgs_generate_messages_nodejs
[21.972s] [  0%] Built target std_msgs_generate_messages_py
[22.040s] [  0%] Built target autoware_msgs_generate_messages_py
[22.106s] [  0%] Built target autoware_can_msgs_generate_messages_eus
[22.170s] [  0%] Built target geometry_msgs_generate_messages_nodejs
[22.253s] [  0%] Built target sensor_msgs_generate_messages_py
[22.307s] [  0%] Built target jsk_recognition_msgs_generate_messages_py
[22.369s] [  0%] Built target autoware_can_msgs_generate_messages_nodejs
[22.429s] [  0%] Built target autoware_can_msgs_generate_messages_lisp
[22.482s] [  0%] Built target autoware_can_msgs_generate_messages_cpp
[22.569s] [  0%] Built target autoware_msgs_generate_messages_eus
[22.622s] [  0%] Built target jsk_recognition_msgs_generate_messages_cpp
[22.678s] [  0%] Built target sensor_msgs_generate_messages_lisp
[22.741s] [  0%] Built target pcl_msgs_generate_messages_cpp
[22.798s] [  0%] Built target actionlib_msgs_generate_messages_eus
[22.868s] [  0%] Built target autoware_msgs_generate_messages_lisp
[22.930s] [  0%] Built target roscpp_generate_messages_nodejs
[22.989s] [  0%] Built target roscpp_generate_messages_eus
[23.048s] [  0%] Built target geometry_msgs_generate_messages_eus
[23.103s] [  0%] Built target geometry_msgs_generate_messages_cpp
[23.182s] [  0%] Built target geometry_msgs_generate_messages_lisp
[23.244s] [  0%] Built target jsk_recognition_msgs_generate_messages_eus
[23.333s] [  0%] Built target jsk_recognition_msgs_generate_messages_lisp
[23.407s] [  0%] Built target rosgraph_msgs_generate_messages_eus
[23.469s] [  0%] Built target jsk_recognition_msgs_generate_messages_nodejs
[23.520s] [  0%] Built target roscpp_generate_messages_cpp
[23.576s] [  0%] Built target tablet_socket_msgs_generate_messages_nodejs
[23.622s] [  0%] Built target tablet_socket_msgs_generate_messages_py
[23.701s] [ 50%] Built target vehicle_sender
[23.778s] [100%] Built target vehicle_receiver
[23.842s] [36mInstall the project...[0m
[23.866s] -- Install configuration: "Release"
[23.867s] -- Installing: /home/chinchia120/autoware.ai/install/vehicle_socket/lib/pkgconfig/vehicle_socket.pc
[23.868s] -- Installing: /home/chinchia120/autoware.ai/install/vehicle_socket/share/vehicle_socket/cmake/vehicle_socketConfig.cmake
[23.869s] -- Installing: /home/chinchia120/autoware.ai/install/vehicle_socket/share/vehicle_socket/cmake/vehicle_socketConfig-version.cmake
[23.869s] -- Installing: /home/chinchia120/autoware.ai/install/vehicle_socket/share/vehicle_socket/package.xml
[23.870s] -- Installing: /home/chinchia120/autoware.ai/install/vehicle_socket/lib/vehicle_socket/vehicle_sender
[23.871s] -- Set runtime path of "/home/chinchia120/autoware.ai/install/vehicle_socket/lib/vehicle_socket/vehicle_sender" to ""
[23.871s] -- Installing: /home/chinchia120/autoware.ai/install/vehicle_socket/lib/vehicle_socket/vehicle_receiver
[23.873s] -- Set runtime path of "/home/chinchia120/autoware.ai/install/vehicle_socket/lib/vehicle_socket/vehicle_receiver" to ""
[23.883s] Invoked command in '/home/chinchia120/autoware.ai/build/vehicle_socket' returned '0': CMAKE_PREFIX_PATH=/home/chinchia120/autoware.ai/install/tablet_socket_msgs:/home/chinchia120/autoware.ai/install/autoware_msgs:/home/chinchia120/autoware.ai/install/autoware_can_msgs:/home/chinchia120/autoware.ai/install/autoware_build_flags:${CMAKE_PREFIX_PATH} PKG_CONFIG_PATH=/home/chinchia120/autoware.ai/install/tablet_socket_msgs/lib/x86_64-linux-gnu/pkgconfig:/home/chinchia120/autoware.ai/install/tablet_socket_msgs/lib/pkgconfig:/home/chinchia120/autoware.ai/install/autoware_msgs/lib/x86_64-linux-gnu/pkgconfig:/home/chinchia120/autoware.ai/install/autoware_msgs/lib/pkgconfig:/home/chinchia120/autoware.ai/install/autoware_can_msgs/lib/x86_64-linux-gnu/pkgconfig:/home/chinchia120/autoware.ai/install/autoware_can_msgs/lib/pkgconfig:/home/chinchia120/autoware.ai/install/autoware_build_flags/lib/x86_64-linux-gnu/pkgconfig:/home/chinchia120/autoware.ai/install/autoware_build_flags/lib/pkgconfig:${PKG_CONFIG_PATH} PYTHONPATH=/home/chinchia120/autoware.ai/install/tablet_socket_msgs/lib/python2.7/dist-packages:/home/chinchia120/autoware.ai/install/autoware_msgs/lib/python2.7/dist-packages:/home/chinchia120/autoware.ai/install/autoware_can_msgs/lib/python2.7/dist-packages:${PYTHONPATH} ROS_PACKAGE_PATH=/home/chinchia120/autoware.ai/install/tablet_socket_msgs/share:/home/chinchia120/autoware.ai/install/autoware_msgs/share:/home/chinchia120/autoware.ai/install/autoware_can_msgs/share:/home/chinchia120/autoware.ai/install/autoware_build_flags/share:${ROS_PACKAGE_PATH} /usr/bin/cmake --build /home/chinchia120/autoware.ai/build/vehicle_socket --target install -- -j4 -l4
