Determining if the pthread_create exist failed with the following output:
Change Dir: /home/chinchia120/autoware.ai/build/points2image/CMakeFiles/CMakeTmp

Run Build Command:"/usr/bin/make" "cmTC_67bbe/fast"
/usr/bin/make -f CMakeFiles/cmTC_67bbe.dir/build.make CMakeFiles/cmTC_67bbe.dir/build
make[1]: Entering directory '/home/chinchia120/autoware.ai/build/points2image/CMakeFiles/CMakeTmp'
Building C object CMakeFiles/cmTC_67bbe.dir/CheckSymbolExists.c.o
/usr/bin/cc    -o CMakeFiles/cmTC_67bbe.dir/CheckSymbolExists.c.o   -c /home/chinchia120/autoware.ai/build/points2image/CMakeFiles/CMakeTmp/CheckSymbolExists.c
Linking C executable cmTC_67bbe
/usr/bin/cmake -E cmake_link_script CMakeFiles/cmTC_67bbe.dir/link.txt --verbose=1
/usr/bin/cc      -rdynamic CMakeFiles/cmTC_67bbe.dir/CheckSymbolExists.c.o  -o cmTC_67bbe 
CMakeFiles/cmTC_67bbe.dir/CheckSymbolExists.c.o: In function `main':
CheckSymbolExists.c:(.text+0x1b): undefined reference to `pthread_create'
collect2: error: ld returned 1 exit status
CMakeFiles/cmTC_67bbe.dir/build.make:97: recipe for target 'cmTC_67bbe' failed
make[1]: *** [cmTC_67bbe] Error 1
make[1]: Leaving directory '/home/chinchia120/autoware.ai/build/points2image/CMakeFiles/CMakeTmp'
Makefile:126: recipe for target 'cmTC_67bbe/fast' failed
make: *** [cmTC_67bbe/fast] Error 2

File /home/chinchia120/autoware.ai/build/points2image/CMakeFiles/CMakeTmp/CheckSymbolExists.c:
/* */
#include <pthread.h>

int main(int argc, char** argv)
{
  (void)argv;
#ifndef pthread_create
  return ((int*)(&pthread_create))[argc];
#else
  (void)argc;
  return 0;
#endif
}

Determining if the function pthread_create exists in the pthreads failed with the following output:
Change Dir: /home/chinchia120/autoware.ai/build/points2image/CMakeFiles/CMakeTmp

Run Build Command:"/usr/bin/make" "cmTC_4275f/fast"
/usr/bin/make -f CMakeFiles/cmTC_4275f.dir/build.make CMakeFiles/cmTC_4275f.dir/build
make[1]: Entering directory '/home/chinchia120/autoware.ai/build/points2image/CMakeFiles/CMakeTmp'
Building C object CMakeFiles/cmTC_4275f.dir/CheckFunctionExists.c.o
/usr/bin/cc   -DCHECK_FUNCTION_EXISTS=pthread_create   -o CMakeFiles/cmTC_4275f.dir/CheckFunctionExists.c.o   -c /usr/share/cmake-3.10/Modules/CheckFunctionExists.c
Linking C executable cmTC_4275f
/usr/bin/cmake -E cmake_link_script CMakeFiles/cmTC_4275f.dir/link.txt --verbose=1
/usr/bin/cc  -DCHECK_FUNCTION_EXISTS=pthread_create    -rdynamic CMakeFiles/cmTC_4275f.dir/CheckFunctionExists.c.o  -o cmTC_4275f -lpthreads 
/usr/bin/ld: cannot find -lpthreads
collect2: error: ld returned 1 exit status
CMakeFiles/cmTC_4275f.dir/build.make:97: recipe for target 'cmTC_4275f' failed
make[1]: *** [cmTC_4275f] Error 1
make[1]: Leaving directory '/home/chinchia120/autoware.ai/build/points2image/CMakeFiles/CMakeTmp'
Makefile:126: recipe for target 'cmTC_4275f/fast' failed
make: *** [cmTC_4275f/fast] Error 2


