[0.170s] Invoking command in '/home/chinchia120/autoware.ai/build/lanelet_aisan_converter': CMAKE_PREFIX_PATH=/home/chinchia120/autoware.ai/install/map_file:/home/chinchia120/autoware.ai/install/lanelet2_extension:/home/chinchia120/autoware.ai/install/lanelet2_validation:/home/chinchia120/autoware.ai/install/lanelet2_routing:/home/chinchia120/autoware.ai/install/lanelet2_projection:/home/chinchia120/autoware.ai/install/lanelet2_traffic_rules:/home/chinchia120/autoware.ai/install/lanelet2_maps:/home/chinchia120/autoware.ai/install/lanelet2_io:/home/chinchia120/autoware.ai/install/vector_map:/home/chinchia120/autoware.ai/install/lanelet2_core:/home/chinchia120/autoware.ai/install/amathutils_lib:/home/chinchia120/autoware.ai/install/vector_map_msgs:/home/chinchia120/autoware.ai/install/autoware_msgs:/home/chinchia120/autoware.ai/install/autoware_lanelet2_msgs:${CMAKE_PREFIX_PATH} LD_LIBRARY_PATH=/home/chinchia120/autoware.ai/install/map_file/lib:/home/chinchia120/autoware.ai/install/lanelet2_extension/lib:/home/chinchia120/autoware.ai/install/lanelet2_validation/lib:/home/chinchia120/autoware.ai/install/lanelet2_routing/lib:/home/chinchia120/autoware.ai/install/lanelet2_projection/lib:/home/chinchia120/autoware.ai/install/lanelet2_traffic_rules/lib:/home/chinchia120/autoware.ai/install/lanelet2_io/lib:/home/chinchia120/autoware.ai/install/vector_map/lib:/home/chinchia120/autoware.ai/install/lanelet2_core/lib:/home/chinchia120/autoware.ai/install/amathutils_lib/lib:${LD_LIBRARY_PATH} PKG_CONFIG_PATH=/home/chinchia120/autoware.ai/install/map_file/lib/x86_64-linux-gnu/pkgconfig:/home/chinchia120/autoware.ai/install/map_file/lib/pkgconfig:/home/chinchia120/autoware.ai/install/lanelet2_extension/lib/x86_64-linux-gnu/pkgconfig:/home/chinchia120/autoware.ai/install/lanelet2_extension/lib/pkgconfig:/home/chinchia120/autoware.ai/install/lanelet2_validation/lib/x86_64-linux-gnu/pkgconfig:/home/chinchia120/autoware.ai/install/lanelet2_validation/lib/pkgconfig:/home/chinchia120/autoware.ai/install/lanelet2_routing/lib/x86_64-linux-gnu/pkgconfig:/home/chinchia120/autoware.ai/install/lanelet2_routing/lib/pkgconfig:/home/chinchia120/autoware.ai/install/lanelet2_projection/lib/x86_64-linux-gnu/pkgconfig:/home/chinchia120/autoware.ai/install/lanelet2_projection/lib/pkgconfig:/home/chinchia120/autoware.ai/install/lanelet2_traffic_rules/lib/x86_64-linux-gnu/pkgconfig:/home/chinchia120/autoware.ai/install/lanelet2_traffic_rules/lib/pkgconfig:/home/chinchia120/autoware.ai/install/lanelet2_maps/lib/x86_64-linux-gnu/pkgconfig:/home/chinchia120/autoware.ai/install/lanelet2_maps/lib/pkgconfig:/home/chinchia120/autoware.ai/install/lanelet2_io/lib/x86_64-linux-gnu/pkgconfig:/home/chinchia120/autoware.ai/install/lanelet2_io/lib/pkgconfig:/home/chinchia120/autoware.ai/install/vector_map/lib/x86_64-linux-gnu/pkgconfig:/home/chinchia120/autoware.ai/install/vector_map/lib/pkgconfig:/home/chinchia120/autoware.ai/install/lanelet2_core/lib/x86_64-linux-gnu/pkgconfig:/home/chinchia120/autoware.ai/install/lanelet2_core/lib/pkgconfig:/home/chinchia120/autoware.ai/install/amathutils_lib/lib/x86_64-linux-gnu/pkgconfig:/home/chinchia120/autoware.ai/install/amathutils_lib/lib/pkgconfig:/home/chinchia120/autoware.ai/install/vector_map_msgs/lib/x86_64-linux-gnu/pkgconfig:/home/chinchia120/autoware.ai/install/vector_map_msgs/lib/pkgconfig:/home/chinchia120/autoware.ai/install/autoware_msgs/lib/x86_64-linux-gnu/pkgconfig:/home/chinchia120/autoware.ai/install/autoware_msgs/lib/pkgconfig:/home/chinchia120/autoware.ai/install/autoware_lanelet2_msgs/lib/x86_64-linux-gnu/pkgconfig:/home/chinchia120/autoware.ai/install/autoware_lanelet2_msgs/lib/pkgconfig:${PKG_CONFIG_PATH} PYTHONPATH=/home/chinchia120/autoware.ai/install/vector_map_msgs/lib/python2.7/dist-packages:/home/chinchia120/autoware.ai/install/autoware_msgs/lib/python2.7/dist-packages:/home/chinchia120/autoware.ai/install/autoware_lanelet2_msgs/lib/python2.7/dist-packages:${PYTHONPATH} ROS_PACKAGE_PATH=/home/chinchia120/autoware.ai/install/map_file/share:/home/chinchia120/autoware.ai/install/lanelet2_extension/share:/home/chinchia120/autoware.ai/install/lanelet2_validation/share:/home/chinchia120/autoware.ai/install/lanelet2_routing/share:/home/chinchia120/autoware.ai/install/lanelet2_projection/share:/home/chinchia120/autoware.ai/install/lanelet2_traffic_rules/share:/home/chinchia120/autoware.ai/install/lanelet2_maps/share:/home/chinchia120/autoware.ai/install/lanelet2_io/share:/home/chinchia120/autoware.ai/install/vector_map/share:/home/chinchia120/autoware.ai/install/lanelet2_core/share:/home/chinchia120/autoware.ai/install/amathutils_lib/share:/home/chinchia120/autoware.ai/install/vector_map_msgs/share:/home/chinchia120/autoware.ai/install/autoware_msgs/share:/home/chinchia120/autoware.ai/install/autoware_lanelet2_msgs/share:${ROS_PACKAGE_PATH} /usr/bin/cmake /home/chinchia120/autoware.ai/src/autoware/utilities/lanelet_aisan_converter -DCMAKE_BUILD_TYPE=Release -DCATKIN_INSTALL_INTO_PREFIX_ROOT=0 -DCMAKE_INSTALL_PREFIX=/home/chinchia120/autoware.ai/install/lanelet_aisan_converter
[0.356s] -- The C compiler identification is GNU 7.5.0
[0.488s] -- The CXX compiler identification is GNU 7.5.0
[0.499s] -- Check for working C compiler: /usr/bin/cc
[0.677s] -- Check for working C compiler: /usr/bin/cc -- works
[0.678s] -- Detecting C compiler ABI info
[0.863s] -- Detecting C compiler ABI info - done
[0.885s] -- Detecting C compile features
[1.351s] -- Detecting C compile features - done
[1.358s] -- Check for working CXX compiler: /usr/bin/c++
[1.535s] -- Check for working CXX compiler: /usr/bin/c++ -- works
[1.536s] -- Detecting CXX compiler ABI info
[1.708s] -- Detecting CXX compiler ABI info - done
[1.724s] -- Detecting CXX compile features
[2.487s] -- Detecting CXX compile features - done
[2.494s] -- Using CATKIN_DEVEL_PREFIX: /home/chinchia120/autoware.ai/build/lanelet_aisan_converter/devel
[2.500s] -- Using CMAKE_PREFIX_PATH: /home/chinchia120/autoware.ai/install/map_file;/home/chinchia120/autoware.ai/install/lanelet2_extension;/home/chinchia120/autoware.ai/install/lanelet2_validation;/home/chinchia120/autoware.ai/install/lanelet2_routing;/home/chinchia120/autoware.ai/install/lanelet2_projection;/home/chinchia120/autoware.ai/install/lanelet2_traffic_rules;/home/chinchia120/autoware.ai/install/lanelet2_maps;/home/chinchia120/autoware.ai/install/lanelet2_io;/home/chinchia120/autoware.ai/install/vector_map;/home/chinchia120/autoware.ai/install/lanelet2_core;/home/chinchia120/autoware.ai/install/amathutils_lib;/home/chinchia120/autoware.ai/install/vector_map_msgs;/home/chinchia120/autoware.ai/install/autoware_msgs;/home/chinchia120/autoware.ai/install/autoware_lanelet2_msgs;/home/chinchia120/catkin_ws/devel;/opt/ros/melodic
[2.503s] -- This workspace overlays: /home/chinchia120/autoware.ai/install/map_file;/home/chinchia120/autoware.ai/install/lanelet2_extension;/home/chinchia120/autoware.ai/install/lanelet2_validation;/home/chinchia120/autoware.ai/install/lanelet2_routing;/home/chinchia120/autoware.ai/install/lanelet2_projection;/home/chinchia120/autoware.ai/install/lanelet2_traffic_rules;/home/chinchia120/autoware.ai/install/lanelet2_maps;/home/chinchia120/autoware.ai/install/lanelet2_io;/home/chinchia120/autoware.ai/install/vector_map;/home/chinchia120/autoware.ai/install/lanelet2_core;/home/chinchia120/autoware.ai/install/amathutils_lib;/home/chinchia120/autoware.ai/install/vector_map_msgs;/home/chinchia120/autoware.ai/install/autoware_msgs;/home/chinchia120/autoware.ai/install/autoware_lanelet2_msgs;/home/chinchia120/catkin_ws/devel;/opt/ros/melodic
[2.530s] -- Found PythonInterp: /usr/bin/python2 (found suitable version "2.7.17", minimum required is "2") 
[2.531s] -- Using PYTHON_EXECUTABLE: /usr/bin/python2
[2.531s] -- Using Debian Python package layout
[2.532s] -- Using empy: /usr/bin/empy
[2.802s] -- Using CATKIN_ENABLE_TESTING: ON
[2.802s] -- Call enable_testing()
[2.807s] -- Using CATKIN_TEST_RESULTS_DIR: /home/chinchia120/autoware.ai/build/lanelet_aisan_converter/test_results
[2.857s] -- Found gtest sources under '/usr/src/googletest': gtests will be built
[2.858s] -- Found gmock sources under '/usr/src/googletest': gmock will be built
[2.881s] -- Found PythonInterp: /usr/bin/python2 (found version "2.7.17") 
[2.883s] -- Looking for pthread.h
[3.031s] -- Looking for pthread.h - found
[3.033s] -- Looking for pthread_create
[3.204s] -- Looking for pthread_create - not found
[3.206s] -- Looking for pthread_create in pthreads
[3.338s] -- Looking for pthread_create in pthreads - not found
[3.339s] -- Looking for pthread_create in pthread
[3.491s] -- Looking for pthread_create in pthread - found
[3.494s] -- Found Threads: TRUE  
[3.501s] -- Using Python nosetests: /usr/bin/nosetests-2.7
[3.591s] -- catkin 0.7.29
[3.591s] -- BUILD_SHARED_LIBS is on
[4.077s] -- Using these message generators: gencpp;geneus;genlisp;gennodejs;genpy
[5.166s] -- Boost version: 1.65.1
[5.166s] -- Found the following Boost libraries:
[5.166s] --   filesystem
[5.167s] --   system
[5.475s] -- Configuring done
[5.859s] -- Generating done
[5.897s] -- Build files have been written to: /home/chinchia120/autoware.ai/build/lanelet_aisan_converter
[5.917s] Invoked command in '/home/chinchia120/autoware.ai/build/lanelet_aisan_converter' returned '0': CMAKE_PREFIX_PATH=/home/chinchia120/autoware.ai/install/map_file:/home/chinchia120/autoware.ai/install/lanelet2_extension:/home/chinchia120/autoware.ai/install/lanelet2_validation:/home/chinchia120/autoware.ai/install/lanelet2_routing:/home/chinchia120/autoware.ai/install/lanelet2_projection:/home/chinchia120/autoware.ai/install/lanelet2_traffic_rules:/home/chinchia120/autoware.ai/install/lanelet2_maps:/home/chinchia120/autoware.ai/install/lanelet2_io:/home/chinchia120/autoware.ai/install/vector_map:/home/chinchia120/autoware.ai/install/lanelet2_core:/home/chinchia120/autoware.ai/install/amathutils_lib:/home/chinchia120/autoware.ai/install/vector_map_msgs:/home/chinchia120/autoware.ai/install/autoware_msgs:/home/chinchia120/autoware.ai/install/autoware_lanelet2_msgs:${CMAKE_PREFIX_PATH} LD_LIBRARY_PATH=/home/chinchia120/autoware.ai/install/map_file/lib:/home/chinchia120/autoware.ai/install/lanelet2_extension/lib:/home/chinchia120/autoware.ai/install/lanelet2_validation/lib:/home/chinchia120/autoware.ai/install/lanelet2_routing/lib:/home/chinchia120/autoware.ai/install/lanelet2_projection/lib:/home/chinchia120/autoware.ai/install/lanelet2_traffic_rules/lib:/home/chinchia120/autoware.ai/install/lanelet2_io/lib:/home/chinchia120/autoware.ai/install/vector_map/lib:/home/chinchia120/autoware.ai/install/lanelet2_core/lib:/home/chinchia120/autoware.ai/install/amathutils_lib/lib:${LD_LIBRARY_PATH} PKG_CONFIG_PATH=/home/chinchia120/autoware.ai/install/map_file/lib/x86_64-linux-gnu/pkgconfig:/home/chinchia120/autoware.ai/install/map_file/lib/pkgconfig:/home/chinchia120/autoware.ai/install/lanelet2_extension/lib/x86_64-linux-gnu/pkgconfig:/home/chinchia120/autoware.ai/install/lanelet2_extension/lib/pkgconfig:/home/chinchia120/autoware.ai/install/lanelet2_validation/lib/x86_64-linux-gnu/pkgconfig:/home/chinchia120/autoware.ai/install/lanelet2_validation/lib/pkgconfig:/home/chinchia120/autoware.ai/install/lanelet2_routing/lib/x86_64-linux-gnu/pkgconfig:/home/chinchia120/autoware.ai/install/lanelet2_routing/lib/pkgconfig:/home/chinchia120/autoware.ai/install/lanelet2_projection/lib/x86_64-linux-gnu/pkgconfig:/home/chinchia120/autoware.ai/install/lanelet2_projection/lib/pkgconfig:/home/chinchia120/autoware.ai/install/lanelet2_traffic_rules/lib/x86_64-linux-gnu/pkgconfig:/home/chinchia120/autoware.ai/install/lanelet2_traffic_rules/lib/pkgconfig:/home/chinchia120/autoware.ai/install/lanelet2_maps/lib/x86_64-linux-gnu/pkgconfig:/home/chinchia120/autoware.ai/install/lanelet2_maps/lib/pkgconfig:/home/chinchia120/autoware.ai/install/lanelet2_io/lib/x86_64-linux-gnu/pkgconfig:/home/chinchia120/autoware.ai/install/lanelet2_io/lib/pkgconfig:/home/chinchia120/autoware.ai/install/vector_map/lib/x86_64-linux-gnu/pkgconfig:/home/chinchia120/autoware.ai/install/vector_map/lib/pkgconfig:/home/chinchia120/autoware.ai/install/lanelet2_core/lib/x86_64-linux-gnu/pkgconfig:/home/chinchia120/autoware.ai/install/lanelet2_core/lib/pkgconfig:/home/chinchia120/autoware.ai/install/amathutils_lib/lib/x86_64-linux-gnu/pkgconfig:/home/chinchia120/autoware.ai/install/amathutils_lib/lib/pkgconfig:/home/chinchia120/autoware.ai/install/vector_map_msgs/lib/x86_64-linux-gnu/pkgconfig:/home/chinchia120/autoware.ai/install/vector_map_msgs/lib/pkgconfig:/home/chinchia120/autoware.ai/install/autoware_msgs/lib/x86_64-linux-gnu/pkgconfig:/home/chinchia120/autoware.ai/install/autoware_msgs/lib/pkgconfig:/home/chinchia120/autoware.ai/install/autoware_lanelet2_msgs/lib/x86_64-linux-gnu/pkgconfig:/home/chinchia120/autoware.ai/install/autoware_lanelet2_msgs/lib/pkgconfig:${PKG_CONFIG_PATH} PYTHONPATH=/home/chinchia120/autoware.ai/install/vector_map_msgs/lib/python2.7/dist-packages:/home/chinchia120/autoware.ai/install/autoware_msgs/lib/python2.7/dist-packages:/home/chinchia120/autoware.ai/install/autoware_lanelet2_msgs/lib/python2.7/dist-packages:${PYTHONPATH} ROS_PACKAGE_PATH=/home/chinchia120/autoware.ai/install/map_file/share:/home/chinchia120/autoware.ai/install/lanelet2_extension/share:/home/chinchia120/autoware.ai/install/lanelet2_validation/share:/home/chinchia120/autoware.ai/install/lanelet2_routing/share:/home/chinchia120/autoware.ai/install/lanelet2_projection/share:/home/chinchia120/autoware.ai/install/lanelet2_traffic_rules/share:/home/chinchia120/autoware.ai/install/lanelet2_maps/share:/home/chinchia120/autoware.ai/install/lanelet2_io/share:/home/chinchia120/autoware.ai/install/vector_map/share:/home/chinchia120/autoware.ai/install/lanelet2_core/share:/home/chinchia120/autoware.ai/install/amathutils_lib/share:/home/chinchia120/autoware.ai/install/vector_map_msgs/share:/home/chinchia120/autoware.ai/install/autoware_msgs/share:/home/chinchia120/autoware.ai/install/autoware_lanelet2_msgs/share:${ROS_PACKAGE_PATH} /usr/bin/cmake /home/chinchia120/autoware.ai/src/autoware/utilities/lanelet_aisan_converter -DCMAKE_BUILD_TYPE=Release -DCATKIN_INSTALL_INTO_PREFIX_ROOT=0 -DCMAKE_INSTALL_PREFIX=/home/chinchia120/autoware.ai/install/lanelet_aisan_converter
[5.921s] Invoking command in '/home/chinchia120/autoware.ai/build/lanelet_aisan_converter': CMAKE_PREFIX_PATH=/home/chinchia120/autoware.ai/install/map_file:/home/chinchia120/autoware.ai/install/lanelet2_extension:/home/chinchia120/autoware.ai/install/lanelet2_validation:/home/chinchia120/autoware.ai/install/lanelet2_routing:/home/chinchia120/autoware.ai/install/lanelet2_projection:/home/chinchia120/autoware.ai/install/lanelet2_traffic_rules:/home/chinchia120/autoware.ai/install/lanelet2_maps:/home/chinchia120/autoware.ai/install/lanelet2_io:/home/chinchia120/autoware.ai/install/vector_map:/home/chinchia120/autoware.ai/install/lanelet2_core:/home/chinchia120/autoware.ai/install/amathutils_lib:/home/chinchia120/autoware.ai/install/vector_map_msgs:/home/chinchia120/autoware.ai/install/autoware_msgs:/home/chinchia120/autoware.ai/install/autoware_lanelet2_msgs:${CMAKE_PREFIX_PATH} LD_LIBRARY_PATH=/home/chinchia120/autoware.ai/install/map_file/lib:/home/chinchia120/autoware.ai/install/lanelet2_extension/lib:/home/chinchia120/autoware.ai/install/lanelet2_validation/lib:/home/chinchia120/autoware.ai/install/lanelet2_routing/lib:/home/chinchia120/autoware.ai/install/lanelet2_projection/lib:/home/chinchia120/autoware.ai/install/lanelet2_traffic_rules/lib:/home/chinchia120/autoware.ai/install/lanelet2_io/lib:/home/chinchia120/autoware.ai/install/vector_map/lib:/home/chinchia120/autoware.ai/install/lanelet2_core/lib:/home/chinchia120/autoware.ai/install/amathutils_lib/lib:${LD_LIBRARY_PATH} PKG_CONFIG_PATH=/home/chinchia120/autoware.ai/install/map_file/lib/x86_64-linux-gnu/pkgconfig:/home/chinchia120/autoware.ai/install/map_file/lib/pkgconfig:/home/chinchia120/autoware.ai/install/lanelet2_extension/lib/x86_64-linux-gnu/pkgconfig:/home/chinchia120/autoware.ai/install/lanelet2_extension/lib/pkgconfig:/home/chinchia120/autoware.ai/install/lanelet2_validation/lib/x86_64-linux-gnu/pkgconfig:/home/chinchia120/autoware.ai/install/lanelet2_validation/lib/pkgconfig:/home/chinchia120/autoware.ai/install/lanelet2_routing/lib/x86_64-linux-gnu/pkgconfig:/home/chinchia120/autoware.ai/install/lanelet2_routing/lib/pkgconfig:/home/chinchia120/autoware.ai/install/lanelet2_projection/lib/x86_64-linux-gnu/pkgconfig:/home/chinchia120/autoware.ai/install/lanelet2_projection/lib/pkgconfig:/home/chinchia120/autoware.ai/install/lanelet2_traffic_rules/lib/x86_64-linux-gnu/pkgconfig:/home/chinchia120/autoware.ai/install/lanelet2_traffic_rules/lib/pkgconfig:/home/chinchia120/autoware.ai/install/lanelet2_maps/lib/x86_64-linux-gnu/pkgconfig:/home/chinchia120/autoware.ai/install/lanelet2_maps/lib/pkgconfig:/home/chinchia120/autoware.ai/install/lanelet2_io/lib/x86_64-linux-gnu/pkgconfig:/home/chinchia120/autoware.ai/install/lanelet2_io/lib/pkgconfig:/home/chinchia120/autoware.ai/install/vector_map/lib/x86_64-linux-gnu/pkgconfig:/home/chinchia120/autoware.ai/install/vector_map/lib/pkgconfig:/home/chinchia120/autoware.ai/install/lanelet2_core/lib/x86_64-linux-gnu/pkgconfig:/home/chinchia120/autoware.ai/install/lanelet2_core/lib/pkgconfig:/home/chinchia120/autoware.ai/install/amathutils_lib/lib/x86_64-linux-gnu/pkgconfig:/home/chinchia120/autoware.ai/install/amathutils_lib/lib/pkgconfig:/home/chinchia120/autoware.ai/install/vector_map_msgs/lib/x86_64-linux-gnu/pkgconfig:/home/chinchia120/autoware.ai/install/vector_map_msgs/lib/pkgconfig:/home/chinchia120/autoware.ai/install/autoware_msgs/lib/x86_64-linux-gnu/pkgconfig:/home/chinchia120/autoware.ai/install/autoware_msgs/lib/pkgconfig:/home/chinchia120/autoware.ai/install/autoware_lanelet2_msgs/lib/x86_64-linux-gnu/pkgconfig:/home/chinchia120/autoware.ai/install/autoware_lanelet2_msgs/lib/pkgconfig:${PKG_CONFIG_PATH} PYTHONPATH=/home/chinchia120/autoware.ai/install/vector_map_msgs/lib/python2.7/dist-packages:/home/chinchia120/autoware.ai/install/autoware_msgs/lib/python2.7/dist-packages:/home/chinchia120/autoware.ai/install/autoware_lanelet2_msgs/lib/python2.7/dist-packages:${PYTHONPATH} ROS_PACKAGE_PATH=/home/chinchia120/autoware.ai/install/map_file/share:/home/chinchia120/autoware.ai/install/lanelet2_extension/share:/home/chinchia120/autoware.ai/install/lanelet2_validation/share:/home/chinchia120/autoware.ai/install/lanelet2_routing/share:/home/chinchia120/autoware.ai/install/lanelet2_projection/share:/home/chinchia120/autoware.ai/install/lanelet2_traffic_rules/share:/home/chinchia120/autoware.ai/install/lanelet2_maps/share:/home/chinchia120/autoware.ai/install/lanelet2_io/share:/home/chinchia120/autoware.ai/install/vector_map/share:/home/chinchia120/autoware.ai/install/lanelet2_core/share:/home/chinchia120/autoware.ai/install/amathutils_lib/share:/home/chinchia120/autoware.ai/install/vector_map_msgs/share:/home/chinchia120/autoware.ai/install/autoware_msgs/share:/home/chinchia120/autoware.ai/install/autoware_lanelet2_msgs/share:${ROS_PACKAGE_PATH} /usr/bin/cmake --build /home/chinchia120/autoware.ai/build/lanelet_aisan_converter -- -j4 -l4
[6.060s] [35m[1mScanning dependencies of target tf_generate_messages_py[0m
[6.090s] [  0%] Built target tf_generate_messages_py
[6.114s] [35m[1mScanning dependencies of target actionlib_msgs_generate_messages_nodejs[0m
[6.149s] [  0%] Built target actionlib_msgs_generate_messages_nodejs
[6.178s] [35m[1mScanning dependencies of target uuid_msgs_generate_messages_py[0m
[6.203s] [  0%] Built target uuid_msgs_generate_messages_py
[6.228s] [35m[1mScanning dependencies of target geometry_msgs_generate_messages_eus[0m
[6.263s] [  0%] Built target geometry_msgs_generate_messages_eus
[6.289s] [35m[1mScanning dependencies of target std_msgs_generate_messages_lisp[0m
[6.319s] [  0%] Built target std_msgs_generate_messages_lisp
[6.357s] [35m[1mScanning dependencies of target roscpp_generate_messages_nodejs[0m
[6.391s] [  0%] Built target roscpp_generate_messages_nodejs
[6.416s] [35m[1mScanning dependencies of target geometry_msgs_generate_messages_nodejs[0m
[6.444s] [  0%] Built target geometry_msgs_generate_messages_nodejs
[6.474s] [35m[1mScanning dependencies of target geometry_msgs_generate_messages_lisp[0m
[6.500s] [  0%] Built target geometry_msgs_generate_messages_lisp
[6.530s] [35m[1mScanning dependencies of target pcl_msgs_generate_messages_cpp[0m
[6.569s] [  0%] Built target pcl_msgs_generate_messages_cpp
[6.602s] [35m[1mScanning dependencies of target geographic_msgs_generate_messages_cpp[0m
[6.637s] [  0%] Built target geographic_msgs_generate_messages_cpp
[6.672s] [35m[1mScanning dependencies of target jsk_recognition_msgs_generate_messages_cpp[0m
[6.697s] [  0%] Built target jsk_recognition_msgs_generate_messages_cpp
[6.731s] [35m[1mScanning dependencies of target autoware_msgs_generate_messages_eus[0m
[6.767s] [  0%] Built target autoware_msgs_generate_messages_eus
[6.792s] [35m[1mScanning dependencies of target autoware_msgs_generate_messages_lisp[0m
[6.832s] [  0%] Built target autoware_msgs_generate_messages_lisp
[6.859s] [35m[1mScanning dependencies of target visualization_msgs_generate_messages_lisp[0m
[6.894s] [  0%] Built target visualization_msgs_generate_messages_lisp
[6.924s] [35m[1mScanning dependencies of target std_msgs_generate_messages_eus[0m
[6.950s] [  0%] Built target std_msgs_generate_messages_eus
[6.984s] [35m[1mScanning dependencies of target jsk_footstep_msgs_generate_messages_eus[0m
[7.021s] [  0%] Built target jsk_footstep_msgs_generate_messages_eus
[7.052s] [35m[1mScanning dependencies of target actionlib_msgs_generate_messages_py[0m
[7.089s] [  0%] Built target actionlib_msgs_generate_messages_py
[7.121s] [35m[1mScanning dependencies of target jsk_footstep_msgs_generate_messages_lisp[0m
[7.154s] [  0%] Built target jsk_footstep_msgs_generate_messages_lisp
[7.181s] [35m[1mScanning dependencies of target jsk_footstep_msgs_generate_messages_nodejs[0m
[7.206s] [  0%] Built target jsk_footstep_msgs_generate_messages_nodejs
[7.238s] [35m[1mScanning dependencies of target actionlib_msgs_generate_messages_lisp[0m
[7.275s] [  0%] Built target actionlib_msgs_generate_messages_lisp
[7.314s] [35m[1mScanning dependencies of target jsk_footstep_msgs_generate_messages_cpp[0m
[7.348s] [  0%] Built target jsk_footstep_msgs_generate_messages_cpp
[7.378s] [35m[1mScanning dependencies of target actionlib_msgs_generate_messages_cpp[0m
[7.414s] [  0%] Built target actionlib_msgs_generate_messages_cpp
[7.440s] [35m[1mScanning dependencies of target tf_generate_messages_eus[0m
[7.471s] [  0%] Built target tf_generate_messages_eus
[7.495s] [35m[1mScanning dependencies of target tf_generate_messages_lisp[0m
[7.529s] [  0%] Built target tf_generate_messages_lisp
[7.562s] [35m[1mScanning dependencies of target tf_generate_messages_nodejs[0m
[7.598s] [  0%] Built target tf_generate_messages_nodejs
[7.623s] [35m[1mScanning dependencies of target jsk_recognition_msgs_generate_messages_nodejs[0m
[7.656s] [  0%] Built target jsk_recognition_msgs_generate_messages_nodejs
[7.682s] [35m[1mScanning dependencies of target roscpp_generate_messages_lisp[0m
[7.711s] [  0%] Built target roscpp_generate_messages_lisp
[7.745s] [35m[1mScanning dependencies of target roscpp_generate_messages_py[0m
[7.771s] [  0%] Built target roscpp_generate_messages_py
[7.800s] [35m[1mScanning dependencies of target rosgraph_msgs_generate_messages_lisp[0m
[7.835s] [  0%] Built target rosgraph_msgs_generate_messages_lisp
[7.860s] [35m[1mScanning dependencies of target rosgraph_msgs_generate_messages_nodejs[0m
[7.885s] [  0%] Built target rosgraph_msgs_generate_messages_nodejs
[7.909s] [35m[1mScanning dependencies of target geographic_msgs_generate_messages_lisp[0m
[7.933s] [  0%] Built target geographic_msgs_generate_messages_lisp
[7.965s] [35m[1mScanning dependencies of target roscpp_generate_messages_eus[0m
[7.997s] [  0%] Built target roscpp_generate_messages_eus
[8.022s] [35m[1mScanning dependencies of target actionlib_msgs_generate_messages_eus[0m
[8.052s] [  0%] Built target actionlib_msgs_generate_messages_eus
[8.088s] [35m[1mScanning dependencies of target rosgraph_msgs_generate_messages_py[0m
[8.114s] [  0%] Built target rosgraph_msgs_generate_messages_py
[8.146s] [35m[1mScanning dependencies of target pcl_msgs_generate_messages_py[0m
[8.177s] [  0%] Built target pcl_msgs_generate_messages_py
[8.204s] [35m[1mScanning dependencies of target actionlib_generate_messages_eus[0m
[8.229s] [  0%] Built target actionlib_generate_messages_eus
[8.263s] [35m[1mScanning dependencies of target geometry_msgs_generate_messages_cpp[0m
[8.297s] [  0%] Built target geometry_msgs_generate_messages_cpp
[8.331s] [35m[1mScanning dependencies of target actionlib_generate_messages_lisp[0m
[8.362s] [  0%] Built target actionlib_generate_messages_lisp
[8.394s] [35m[1mScanning dependencies of target pcl_msgs_generate_messages_lisp[0m
[8.421s] [  0%] Built target pcl_msgs_generate_messages_lisp
[8.447s] [35m[1mScanning dependencies of target tf_generate_messages_cpp[0m
[8.473s] [  0%] Built target tf_generate_messages_cpp
[8.573s] [35m[1mScanning dependencies of target actionlib_generate_messages_nodejs[0m
[8.599s] [  0%] Built target actionlib_generate_messages_nodejs
[8.637s] [35m[1mScanning dependencies of target geographic_msgs_generate_messages_nodejs[0m
[8.670s] [  0%] Built target geographic_msgs_generate_messages_nodejs
[8.699s] [35m[1mScanning dependencies of target visualization_msgs_generate_messages_cpp[0m
[8.725s] [  0%] Built target visualization_msgs_generate_messages_cpp
[8.753s] [35m[1mScanning dependencies of target tf2_msgs_generate_messages_eus[0m
[8.782s] [  0%] Built target tf2_msgs_generate_messages_eus
[8.808s] [35m[1mScanning dependencies of target tf2_msgs_generate_messages_lisp[0m
[8.839s] [  0%] Built target tf2_msgs_generate_messages_lisp
[8.873s] [35m[1mScanning dependencies of target actionlib_generate_messages_py[0m
[8.898s] [  0%] Built target actionlib_generate_messages_py
[8.923s] [35m[1mScanning dependencies of target tf2_msgs_generate_messages_py[0m
[8.950s] [  0%] Built target tf2_msgs_generate_messages_py
[8.978s] [35m[1mScanning dependencies of target tf2_msgs_generate_messages_nodejs[0m
[9.007s] [  0%] Built target tf2_msgs_generate_messages_nodejs
[9.037s] [35m[1mScanning dependencies of target autoware_msgs_generate_messages_nodejs[0m
[9.069s] [  0%] Built target autoware_msgs_generate_messages_nodejs
[9.097s] [35m[1mScanning dependencies of target geographic_msgs_generate_messages_eus[0m
[9.134s] [  0%] Built target geographic_msgs_generate_messages_eus
[9.160s] [35m[1mScanning dependencies of target roscpp_generate_messages_cpp[0m
[9.192s] [  0%] Built target roscpp_generate_messages_cpp
[9.217s] [35m[1mScanning dependencies of target geographic_msgs_generate_messages_py[0m
[9.250s] [  0%] Built target geographic_msgs_generate_messages_py
[9.279s] [35m[1mScanning dependencies of target uuid_msgs_generate_messages_eus[0m
[9.307s] [  0%] Built target uuid_msgs_generate_messages_eus
[9.333s] [35m[1mScanning dependencies of target uuid_msgs_generate_messages_cpp[0m
[9.364s] [  0%] Built target uuid_msgs_generate_messages_cpp
[9.399s] [35m[1mScanning dependencies of target vector_map_msgs_generate_messages_py[0m
[9.432s] [  0%] Built target vector_map_msgs_generate_messages_py
[9.465s] [35m[1mScanning dependencies of target vector_map_msgs_generate_messages_nodejs[0m
[9.508s] [  0%] Built target vector_map_msgs_generate_messages_nodejs
[9.542s] [35m[1mScanning dependencies of target vector_map_msgs_generate_messages_lisp[0m
[9.579s] [  0%] Built target vector_map_msgs_generate_messages_lisp
[9.607s] [35m[1mScanning dependencies of target vector_map_msgs_generate_messages_eus[0m
[9.635s] [  0%] Built target vector_map_msgs_generate_messages_eus
[9.666s] [35m[1mScanning dependencies of target vector_map_msgs_generate_messages_cpp[0m
[9.693s] [  0%] Built target vector_map_msgs_generate_messages_cpp
[9.719s] [35m[1mScanning dependencies of target visualization_msgs_generate_messages_py[0m
[9.749s] [  0%] Built target visualization_msgs_generate_messages_py
[9.777s] [35m[1mScanning dependencies of target visualization_msgs_generate_messages_nodejs[0m
[9.812s] [  0%] Built target visualization_msgs_generate_messages_nodejs
[9.847s] [35m[1mScanning dependencies of target visualization_msgs_generate_messages_eus[0m
[9.875s] [  0%] Built target visualization_msgs_generate_messages_eus
[9.916s] [35m[1mScanning dependencies of target uuid_msgs_generate_messages_nodejs[0m
[9.953s] [  0%] Built target uuid_msgs_generate_messages_nodejs
[9.982s] [35m[1mScanning dependencies of target uuid_msgs_generate_messages_lisp[0m
[10.011s] [  0%] Built target uuid_msgs_generate_messages_lisp
[10.042s] [35m[1mScanning dependencies of target geometry_msgs_generate_messages_py[0m
[10.079s] [  0%] Built target geometry_msgs_generate_messages_py
[10.109s] [35m[1mScanning dependencies of target sensor_msgs_generate_messages_nodejs[0m
[10.143s] [  0%] Built target sensor_msgs_generate_messages_nodejs
[10.179s] [35m[1mScanning dependencies of target actionlib_generate_messages_cpp[0m
[10.209s] [  0%] Built target actionlib_generate_messages_cpp
[10.240s] [35m[1mScanning dependencies of target pcl_msgs_generate_messages_eus[0m
[10.272s] [  0%] Built target pcl_msgs_generate_messages_eus
[10.303s] [35m[1mScanning dependencies of target rosgraph_msgs_generate_messages_eus[0m
[10.330s] [  0%] Built target rosgraph_msgs_generate_messages_eus
[10.361s] [35m[1mScanning dependencies of target jsk_recognition_msgs_generate_messages_lisp[0m
[10.399s] [  0%] Built target jsk_recognition_msgs_generate_messages_lisp
[10.437s] [35m[1mScanning dependencies of target jsk_recognition_msgs_generate_messages_eus[0m
[10.475s] [  0%] Built target jsk_recognition_msgs_generate_messages_eus
[10.511s] [35m[1mScanning dependencies of target tf2_msgs_generate_messages_cpp[0m
[10.541s] [  0%] Built target tf2_msgs_generate_messages_cpp
[10.574s] [35m[1mScanning dependencies of target std_msgs_generate_messages_py[0m
[10.608s] [  0%] Built target std_msgs_generate_messages_py
[10.646s] [35m[1mScanning dependencies of target autoware_msgs_generate_messages_py[0m
[10.681s] [  0%] Built target autoware_msgs_generate_messages_py
[10.717s] [35m[1mScanning dependencies of target std_msgs_generate_messages_nodejs[0m
[10.749s] [  0%] Built target std_msgs_generate_messages_nodejs
[10.775s] [35m[1mScanning dependencies of target sensor_msgs_generate_messages_eus[0m
[10.811s] [  0%] Built target sensor_msgs_generate_messages_eus
[10.849s] [35m[1mScanning dependencies of target _catkin_empty_exported_target[0m
[10.884s] [  0%] Built target _catkin_empty_exported_target
[10.913s] [35m[1mScanning dependencies of target sensor_msgs_generate_messages_cpp[0m
[10.940s] [  0%] Built target sensor_msgs_generate_messages_cpp
[10.969s] [35m[1mScanning dependencies of target autoware_msgs_generate_messages_cpp[0m
[11.011s] [  0%] Built target autoware_msgs_generate_messages_cpp
[11.042s] [35m[1mScanning dependencies of target rosgraph_msgs_generate_messages_cpp[0m
[11.071s] [  0%] Built target rosgraph_msgs_generate_messages_cpp
[11.102s] [35m[1mScanning dependencies of target pcl_msgs_generate_messages_nodejs[0m
[11.134s] [  0%] Built target pcl_msgs_generate_messages_nodejs
[11.161s] [35m[1mScanning dependencies of target jsk_recognition_msgs_generate_messages_py[0m
[11.195s] [  0%] Built target jsk_recognition_msgs_generate_messages_py
[11.221s] [35m[1mScanning dependencies of target sensor_msgs_generate_messages_lisp[0m
[11.256s] [  0%] Built target sensor_msgs_generate_messages_lisp
[11.288s] [35m[1mScanning dependencies of target sensor_msgs_generate_messages_py[0m
[11.325s] [  0%] Built target sensor_msgs_generate_messages_py
[11.362s] [35m[1mScanning dependencies of target jsk_footstep_msgs_generate_messages_py[0m
[11.397s] [  0%] Built target jsk_footstep_msgs_generate_messages_py
[11.431s] [35m[1mScanning dependencies of target std_msgs_generate_messages_cpp[0m
[11.462s] [  0%] Built target std_msgs_generate_messages_cpp
[11.487s] [35m[1mScanning dependencies of target lanelet_helper[0m
[11.621s] [  9%] [32mBuilding CXX object CMakeFiles/lanelet_helper.dir/lib/lanelet_helper/lanelet_helper.cpp.o[0m
[27.461s] [ 18%] [32m[1mLinking CXX static library devel/lib/liblanelet_helper.a[0m
[27.548s] [ 18%] Built target lanelet_helper
[27.573s] [35m[1mScanning dependencies of target aisan_map[0m
[27.620s] [ 27%] [32mBuilding CXX object CMakeFiles/aisan_map.dir/lib/aisan_map/aisan_map.cpp.o[0m
[31.846s] [ 36%] [32m[1mLinking CXX static library devel/lib/libaisan_map.a[0m
[31.920s] [ 36%] Built target aisan_map
[31.950s] [35m[1mScanning dependencies of target lanelet2aisan_converter[0m
[32.124s] [ 45%] [32mBuilding CXX object CMakeFiles/lanelet2aisan_converter.dir/lib/lanelet2aisan_converter/create_basic_shape.cpp.o[0m
[38.046s] [ 54%] [32mBuilding CXX object CMakeFiles/lanelet2aisan_converter.dir/lib/lanelet2aisan_converter/lanelet2aisan_converter.cpp.o[0m
[48.743s] [ 63%] [32mBuilding CXX object CMakeFiles/lanelet2aisan_converter.dir/lib/lanelet2aisan_converter/overwrite.cpp.o[0m
[59.310s] [ 72%] [32mBuilding CXX object CMakeFiles/lanelet2aisan_converter.dir/lib/lanelet2aisan_converter/create_feature.cpp.o[0m
[79.451s] [ 81%] [32m[1mLinking CXX static library devel/lib/liblanelet2aisan_converter.a[0m
[79.543s] [ 81%] Built target lanelet2aisan_converter
[79.572s] [35m[1mScanning dependencies of target lanelet2aisan[0m
[79.684s] [ 90%] [32mBuilding CXX object CMakeFiles/lanelet2aisan.dir/nodes/lanelet2aisan/lanelet2aisan.cpp.o[0m
[86.532s] [100%] [32m[1mLinking CXX executable devel/lib/lanelet_aisan_converter/lanelet2aisan[0m
[87.044s] [100%] Built target lanelet2aisan
[87.074s] Invoked command in '/home/chinchia120/autoware.ai/build/lanelet_aisan_converter' returned '0': CMAKE_PREFIX_PATH=/home/chinchia120/autoware.ai/install/map_file:/home/chinchia120/autoware.ai/install/lanelet2_extension:/home/chinchia120/autoware.ai/install/lanelet2_validation:/home/chinchia120/autoware.ai/install/lanelet2_routing:/home/chinchia120/autoware.ai/install/lanelet2_projection:/home/chinchia120/autoware.ai/install/lanelet2_traffic_rules:/home/chinchia120/autoware.ai/install/lanelet2_maps:/home/chinchia120/autoware.ai/install/lanelet2_io:/home/chinchia120/autoware.ai/install/vector_map:/home/chinchia120/autoware.ai/install/lanelet2_core:/home/chinchia120/autoware.ai/install/amathutils_lib:/home/chinchia120/autoware.ai/install/vector_map_msgs:/home/chinchia120/autoware.ai/install/autoware_msgs:/home/chinchia120/autoware.ai/install/autoware_lanelet2_msgs:${CMAKE_PREFIX_PATH} LD_LIBRARY_PATH=/home/chinchia120/autoware.ai/install/map_file/lib:/home/chinchia120/autoware.ai/install/lanelet2_extension/lib:/home/chinchia120/autoware.ai/install/lanelet2_validation/lib:/home/chinchia120/autoware.ai/install/lanelet2_routing/lib:/home/chinchia120/autoware.ai/install/lanelet2_projection/lib:/home/chinchia120/autoware.ai/install/lanelet2_traffic_rules/lib:/home/chinchia120/autoware.ai/install/lanelet2_io/lib:/home/chinchia120/autoware.ai/install/vector_map/lib:/home/chinchia120/autoware.ai/install/lanelet2_core/lib:/home/chinchia120/autoware.ai/install/amathutils_lib/lib:${LD_LIBRARY_PATH} PKG_CONFIG_PATH=/home/chinchia120/autoware.ai/install/map_file/lib/x86_64-linux-gnu/pkgconfig:/home/chinchia120/autoware.ai/install/map_file/lib/pkgconfig:/home/chinchia120/autoware.ai/install/lanelet2_extension/lib/x86_64-linux-gnu/pkgconfig:/home/chinchia120/autoware.ai/install/lanelet2_extension/lib/pkgconfig:/home/chinchia120/autoware.ai/install/lanelet2_validation/lib/x86_64-linux-gnu/pkgconfig:/home/chinchia120/autoware.ai/install/lanelet2_validation/lib/pkgconfig:/home/chinchia120/autoware.ai/install/lanelet2_routing/lib/x86_64-linux-gnu/pkgconfig:/home/chinchia120/autoware.ai/install/lanelet2_routing/lib/pkgconfig:/home/chinchia120/autoware.ai/install/lanelet2_projection/lib/x86_64-linux-gnu/pkgconfig:/home/chinchia120/autoware.ai/install/lanelet2_projection/lib/pkgconfig:/home/chinchia120/autoware.ai/install/lanelet2_traffic_rules/lib/x86_64-linux-gnu/pkgconfig:/home/chinchia120/autoware.ai/install/lanelet2_traffic_rules/lib/pkgconfig:/home/chinchia120/autoware.ai/install/lanelet2_maps/lib/x86_64-linux-gnu/pkgconfig:/home/chinchia120/autoware.ai/install/lanelet2_maps/lib/pkgconfig:/home/chinchia120/autoware.ai/install/lanelet2_io/lib/x86_64-linux-gnu/pkgconfig:/home/chinchia120/autoware.ai/install/lanelet2_io/lib/pkgconfig:/home/chinchia120/autoware.ai/install/vector_map/lib/x86_64-linux-gnu/pkgconfig:/home/chinchia120/autoware.ai/install/vector_map/lib/pkgconfig:/home/chinchia120/autoware.ai/install/lanelet2_core/lib/x86_64-linux-gnu/pkgconfig:/home/chinchia120/autoware.ai/install/lanelet2_core/lib/pkgconfig:/home/chinchia120/autoware.ai/install/amathutils_lib/lib/x86_64-linux-gnu/pkgconfig:/home/chinchia120/autoware.ai/install/amathutils_lib/lib/pkgconfig:/home/chinchia120/autoware.ai/install/vector_map_msgs/lib/x86_64-linux-gnu/pkgconfig:/home/chinchia120/autoware.ai/install/vector_map_msgs/lib/pkgconfig:/home/chinchia120/autoware.ai/install/autoware_msgs/lib/x86_64-linux-gnu/pkgconfig:/home/chinchia120/autoware.ai/install/autoware_msgs/lib/pkgconfig:/home/chinchia120/autoware.ai/install/autoware_lanelet2_msgs/lib/x86_64-linux-gnu/pkgconfig:/home/chinchia120/autoware.ai/install/autoware_lanelet2_msgs/lib/pkgconfig:${PKG_CONFIG_PATH} PYTHONPATH=/home/chinchia120/autoware.ai/install/vector_map_msgs/lib/python2.7/dist-packages:/home/chinchia120/autoware.ai/install/autoware_msgs/lib/python2.7/dist-packages:/home/chinchia120/autoware.ai/install/autoware_lanelet2_msgs/lib/python2.7/dist-packages:${PYTHONPATH} ROS_PACKAGE_PATH=/home/chinchia120/autoware.ai/install/map_file/share:/home/chinchia120/autoware.ai/install/lanelet2_extension/share:/home/chinchia120/autoware.ai/install/lanelet2_validation/share:/home/chinchia120/autoware.ai/install/lanelet2_routing/share:/home/chinchia120/autoware.ai/install/lanelet2_projection/share:/home/chinchia120/autoware.ai/install/lanelet2_traffic_rules/share:/home/chinchia120/autoware.ai/install/lanelet2_maps/share:/home/chinchia120/autoware.ai/install/lanelet2_io/share:/home/chinchia120/autoware.ai/install/vector_map/share:/home/chinchia120/autoware.ai/install/lanelet2_core/share:/home/chinchia120/autoware.ai/install/amathutils_lib/share:/home/chinchia120/autoware.ai/install/vector_map_msgs/share:/home/chinchia120/autoware.ai/install/autoware_msgs/share:/home/chinchia120/autoware.ai/install/autoware_lanelet2_msgs/share:${ROS_PACKAGE_PATH} /usr/bin/cmake --build /home/chinchia120/autoware.ai/build/lanelet_aisan_converter -- -j4 -l4
[87.423s] Invoking command in '/home/chinchia120/autoware.ai/build/lanelet_aisan_converter': CMAKE_PREFIX_PATH=/home/chinchia120/autoware.ai/install/map_file:/home/chinchia120/autoware.ai/install/lanelet2_extension:/home/chinchia120/autoware.ai/install/lanelet2_validation:/home/chinchia120/autoware.ai/install/lanelet2_routing:/home/chinchia120/autoware.ai/install/lanelet2_projection:/home/chinchia120/autoware.ai/install/lanelet2_traffic_rules:/home/chinchia120/autoware.ai/install/lanelet2_maps:/home/chinchia120/autoware.ai/install/lanelet2_io:/home/chinchia120/autoware.ai/install/vector_map:/home/chinchia120/autoware.ai/install/lanelet2_core:/home/chinchia120/autoware.ai/install/amathutils_lib:/home/chinchia120/autoware.ai/install/vector_map_msgs:/home/chinchia120/autoware.ai/install/autoware_msgs:/home/chinchia120/autoware.ai/install/autoware_lanelet2_msgs:${CMAKE_PREFIX_PATH} LD_LIBRARY_PATH=/home/chinchia120/autoware.ai/install/map_file/lib:/home/chinchia120/autoware.ai/install/lanelet2_extension/lib:/home/chinchia120/autoware.ai/install/lanelet2_validation/lib:/home/chinchia120/autoware.ai/install/lanelet2_routing/lib:/home/chinchia120/autoware.ai/install/lanelet2_projection/lib:/home/chinchia120/autoware.ai/install/lanelet2_traffic_rules/lib:/home/chinchia120/autoware.ai/install/lanelet2_io/lib:/home/chinchia120/autoware.ai/install/vector_map/lib:/home/chinchia120/autoware.ai/install/lanelet2_core/lib:/home/chinchia120/autoware.ai/install/amathutils_lib/lib:${LD_LIBRARY_PATH} PKG_CONFIG_PATH=/home/chinchia120/autoware.ai/install/map_file/lib/x86_64-linux-gnu/pkgconfig:/home/chinchia120/autoware.ai/install/map_file/lib/pkgconfig:/home/chinchia120/autoware.ai/install/lanelet2_extension/lib/x86_64-linux-gnu/pkgconfig:/home/chinchia120/autoware.ai/install/lanelet2_extension/lib/pkgconfig:/home/chinchia120/autoware.ai/install/lanelet2_validation/lib/x86_64-linux-gnu/pkgconfig:/home/chinchia120/autoware.ai/install/lanelet2_validation/lib/pkgconfig:/home/chinchia120/autoware.ai/install/lanelet2_routing/lib/x86_64-linux-gnu/pkgconfig:/home/chinchia120/autoware.ai/install/lanelet2_routing/lib/pkgconfig:/home/chinchia120/autoware.ai/install/lanelet2_projection/lib/x86_64-linux-gnu/pkgconfig:/home/chinchia120/autoware.ai/install/lanelet2_projection/lib/pkgconfig:/home/chinchia120/autoware.ai/install/lanelet2_traffic_rules/lib/x86_64-linux-gnu/pkgconfig:/home/chinchia120/autoware.ai/install/lanelet2_traffic_rules/lib/pkgconfig:/home/chinchia120/autoware.ai/install/lanelet2_maps/lib/x86_64-linux-gnu/pkgconfig:/home/chinchia120/autoware.ai/install/lanelet2_maps/lib/pkgconfig:/home/chinchia120/autoware.ai/install/lanelet2_io/lib/x86_64-linux-gnu/pkgconfig:/home/chinchia120/autoware.ai/install/lanelet2_io/lib/pkgconfig:/home/chinchia120/autoware.ai/install/vector_map/lib/x86_64-linux-gnu/pkgconfig:/home/chinchia120/autoware.ai/install/vector_map/lib/pkgconfig:/home/chinchia120/autoware.ai/install/lanelet2_core/lib/x86_64-linux-gnu/pkgconfig:/home/chinchia120/autoware.ai/install/lanelet2_core/lib/pkgconfig:/home/chinchia120/autoware.ai/install/amathutils_lib/lib/x86_64-linux-gnu/pkgconfig:/home/chinchia120/autoware.ai/install/amathutils_lib/lib/pkgconfig:/home/chinchia120/autoware.ai/install/vector_map_msgs/lib/x86_64-linux-gnu/pkgconfig:/home/chinchia120/autoware.ai/install/vector_map_msgs/lib/pkgconfig:/home/chinchia120/autoware.ai/install/autoware_msgs/lib/x86_64-linux-gnu/pkgconfig:/home/chinchia120/autoware.ai/install/autoware_msgs/lib/pkgconfig:/home/chinchia120/autoware.ai/install/autoware_lanelet2_msgs/lib/x86_64-linux-gnu/pkgconfig:/home/chinchia120/autoware.ai/install/autoware_lanelet2_msgs/lib/pkgconfig:${PKG_CONFIG_PATH} PYTHONPATH=/home/chinchia120/autoware.ai/install/vector_map_msgs/lib/python2.7/dist-packages:/home/chinchia120/autoware.ai/install/autoware_msgs/lib/python2.7/dist-packages:/home/chinchia120/autoware.ai/install/autoware_lanelet2_msgs/lib/python2.7/dist-packages:${PYTHONPATH} ROS_PACKAGE_PATH=/home/chinchia120/autoware.ai/install/map_file/share:/home/chinchia120/autoware.ai/install/lanelet2_extension/share:/home/chinchia120/autoware.ai/install/lanelet2_validation/share:/home/chinchia120/autoware.ai/install/lanelet2_routing/share:/home/chinchia120/autoware.ai/install/lanelet2_projection/share:/home/chinchia120/autoware.ai/install/lanelet2_traffic_rules/share:/home/chinchia120/autoware.ai/install/lanelet2_maps/share:/home/chinchia120/autoware.ai/install/lanelet2_io/share:/home/chinchia120/autoware.ai/install/vector_map/share:/home/chinchia120/autoware.ai/install/lanelet2_core/share:/home/chinchia120/autoware.ai/install/amathutils_lib/share:/home/chinchia120/autoware.ai/install/vector_map_msgs/share:/home/chinchia120/autoware.ai/install/autoware_msgs/share:/home/chinchia120/autoware.ai/install/autoware_lanelet2_msgs/share:${ROS_PACKAGE_PATH} /usr/bin/cmake --build /home/chinchia120/autoware.ai/build/lanelet_aisan_converter --target tests -- -j4 -l4
[87.600s] [  0%] Built target tf_generate_messages_py
[87.647s] [  0%] Built target actionlib_msgs_generate_messages_nodejs
[87.704s] [  0%] Built target uuid_msgs_generate_messages_py
[87.754s] [  0%] Built target geometry_msgs_generate_messages_eus
[87.831s] [  0%] Built target std_msgs_generate_messages_lisp
[87.888s] [  0%] Built target roscpp_generate_messages_nodejs
[87.940s] [  0%] Built target geometry_msgs_generate_messages_nodejs
[87.989s] [  0%] Built target geometry_msgs_generate_messages_lisp
[88.048s] [  0%] Built target pcl_msgs_generate_messages_cpp
[88.100s] [  0%] Built target geographic_msgs_generate_messages_cpp
[88.153s] [  0%] Built target jsk_recognition_msgs_generate_messages_cpp
[88.217s] [  0%] Built target autoware_msgs_generate_messages_eus
[88.271s] [  0%] Built target autoware_msgs_generate_messages_lisp
[88.335s] [  0%] Built target visualization_msgs_generate_messages_lisp
[88.381s] [  0%] Built target std_msgs_generate_messages_eus
[88.440s] [  0%] Built target jsk_footstep_msgs_generate_messages_eus
[88.493s] [  0%] Built target actionlib_msgs_generate_messages_py
[88.551s] [  0%] Built target jsk_footstep_msgs_generate_messages_lisp
[88.611s] [  0%] Built target jsk_footstep_msgs_generate_messages_nodejs
[88.673s] [  0%] Built target actionlib_msgs_generate_messages_lisp
[88.728s] [  0%] Built target jsk_footstep_msgs_generate_messages_cpp
[88.798s] [  0%] Built target actionlib_msgs_generate_messages_cpp
[88.862s] [  0%] Built target tf_generate_messages_eus
[88.914s] [  0%] Built target tf_generate_messages_lisp
[88.961s] [  0%] Built target tf_generate_messages_nodejs
[89.021s] [  0%] Built target jsk_recognition_msgs_generate_messages_nodejs
[89.107s] [  0%] Built target roscpp_generate_messages_lisp
[89.168s] [  0%] Built target roscpp_generate_messages_py
[89.224s] [  0%] Built target rosgraph_msgs_generate_messages_lisp
[89.280s] [  0%] Built target rosgraph_msgs_generate_messages_nodejs
[89.348s] [  0%] Built target geographic_msgs_generate_messages_lisp
[89.400s] [  0%] Built target roscpp_generate_messages_eus
[89.463s] [  0%] Built target actionlib_msgs_generate_messages_eus
[89.522s] [  0%] Built target rosgraph_msgs_generate_messages_py
[89.583s] [  0%] Built target pcl_msgs_generate_messages_py
[89.647s] [  0%] Built target actionlib_generate_messages_eus
[89.709s] [  0%] Built target geometry_msgs_generate_messages_cpp
[89.776s] [  0%] Built target actionlib_generate_messages_lisp
[89.830s] [  0%] Built target pcl_msgs_generate_messages_lisp
[89.900s] [  0%] Built target tf_generate_messages_cpp
[89.973s] [  0%] Built target actionlib_generate_messages_nodejs
[90.030s] [  0%] Built target geographic_msgs_generate_messages_nodejs
[90.090s] [  0%] Built target visualization_msgs_generate_messages_cpp
[90.143s] [  0%] Built target tf2_msgs_generate_messages_eus
[90.196s] [  0%] Built target tf2_msgs_generate_messages_lisp
[90.256s] [  0%] Built target actionlib_generate_messages_py
[90.321s] [  0%] Built target tf2_msgs_generate_messages_py
[90.391s] [  0%] Built target tf2_msgs_generate_messages_nodejs
[90.506s] [  0%] Built target autoware_msgs_generate_messages_nodejs
[90.582s] [  0%] Built target geographic_msgs_generate_messages_eus
[90.648s] [  0%] Built target roscpp_generate_messages_cpp
[90.721s] [  0%] Built target geographic_msgs_generate_messages_py
[90.787s] [  0%] Built target uuid_msgs_generate_messages_eus
[90.852s] [  0%] Built target uuid_msgs_generate_messages_cpp
[90.904s] [  0%] Built target vector_map_msgs_generate_messages_py
[90.966s] [  0%] Built target vector_map_msgs_generate_messages_nodejs
[91.079s] [  0%] Built target vector_map_msgs_generate_messages_lisp
[91.147s] [  0%] Built target vector_map_msgs_generate_messages_eus
[91.217s] [  0%] Built target vector_map_msgs_generate_messages_cpp
[91.284s] [  0%] Built target visualization_msgs_generate_messages_py
[91.357s] [  0%] Built target visualization_msgs_generate_messages_nodejs
[91.419s] [  0%] Built target visualization_msgs_generate_messages_eus
[91.480s] [  0%] Built target uuid_msgs_generate_messages_nodejs
[91.546s] [  0%] Built target uuid_msgs_generate_messages_lisp
[91.609s] [  0%] Built target geometry_msgs_generate_messages_py
[91.674s] [  0%] Built target sensor_msgs_generate_messages_nodejs
[91.734s] [  0%] Built target actionlib_generate_messages_cpp
[91.793s] [  0%] Built target pcl_msgs_generate_messages_eus
[91.859s] [  0%] Built target rosgraph_msgs_generate_messages_eus
[91.908s] [  0%] Built target jsk_recognition_msgs_generate_messages_lisp
[91.973s] [  0%] Built target jsk_recognition_msgs_generate_messages_eus
[92.034s] [  0%] Built target tf2_msgs_generate_messages_cpp
[92.149s] [  0%] Built target std_msgs_generate_messages_py
[92.207s] [  0%] Built target autoware_msgs_generate_messages_py
[92.272s] [  0%] Built target std_msgs_generate_messages_nodejs
[92.338s] [  0%] Built target sensor_msgs_generate_messages_eus
[92.399s] [  0%] Built target _catkin_empty_exported_target
[92.469s] [  0%] Built target sensor_msgs_generate_messages_cpp
[92.533s] [  0%] Built target autoware_msgs_generate_messages_cpp
[92.593s] [  0%] Built target rosgraph_msgs_generate_messages_cpp
[92.658s] [  0%] Built target pcl_msgs_generate_messages_nodejs
[92.712s] [  0%] Built target jsk_recognition_msgs_generate_messages_py
[92.781s] [  0%] Built target sensor_msgs_generate_messages_lisp
[92.850s] [  0%] Built target sensor_msgs_generate_messages_py
[92.880s] [35m[1mScanning dependencies of target gtest[0m
[92.936s] [  7%] [32mBuilding CXX object gtest/googlemock/gtest/CMakeFiles/gtest.dir/src/gtest-all.cc.o[0m
[101.748s] [ 15%] [32m[1mLinking CXX shared library libgtest.so[0m
[101.943s] [ 15%] Built target gtest
[102.004s] [ 15%] Built target jsk_footstep_msgs_generate_messages_py
[102.058s] [ 15%] Built target std_msgs_generate_messages_cpp
[102.139s] [ 30%] Built target lanelet_helper
[102.204s] [ 46%] Built target aisan_map
[102.310s] [ 84%] Built target lanelet2aisan_converter
[102.340s] [35m[1mScanning dependencies of target test_lanelet2aisan_converter[0m
[102.521s] [ 92%] [32mBuilding CXX object CMakeFiles/test_lanelet2aisan_converter.dir/test/src/test_lanelet2aisan_converter.cpp.o[0m
[113.309s] [100%] [32m[1mLinking CXX executable devel/lib/lanelet_aisan_converter/test_lanelet2aisan_converter[0m
[113.937s] [100%] Built target test_lanelet2aisan_converter
[113.961s] [35m[1mScanning dependencies of target tests[0m
[113.986s] [100%] Built target tests
[114.019s] Invoked command in '/home/chinchia120/autoware.ai/build/lanelet_aisan_converter' returned '0': CMAKE_PREFIX_PATH=/home/chinchia120/autoware.ai/install/map_file:/home/chinchia120/autoware.ai/install/lanelet2_extension:/home/chinchia120/autoware.ai/install/lanelet2_validation:/home/chinchia120/autoware.ai/install/lanelet2_routing:/home/chinchia120/autoware.ai/install/lanelet2_projection:/home/chinchia120/autoware.ai/install/lanelet2_traffic_rules:/home/chinchia120/autoware.ai/install/lanelet2_maps:/home/chinchia120/autoware.ai/install/lanelet2_io:/home/chinchia120/autoware.ai/install/vector_map:/home/chinchia120/autoware.ai/install/lanelet2_core:/home/chinchia120/autoware.ai/install/amathutils_lib:/home/chinchia120/autoware.ai/install/vector_map_msgs:/home/chinchia120/autoware.ai/install/autoware_msgs:/home/chinchia120/autoware.ai/install/autoware_lanelet2_msgs:${CMAKE_PREFIX_PATH} LD_LIBRARY_PATH=/home/chinchia120/autoware.ai/install/map_file/lib:/home/chinchia120/autoware.ai/install/lanelet2_extension/lib:/home/chinchia120/autoware.ai/install/lanelet2_validation/lib:/home/chinchia120/autoware.ai/install/lanelet2_routing/lib:/home/chinchia120/autoware.ai/install/lanelet2_projection/lib:/home/chinchia120/autoware.ai/install/lanelet2_traffic_rules/lib:/home/chinchia120/autoware.ai/install/lanelet2_io/lib:/home/chinchia120/autoware.ai/install/vector_map/lib:/home/chinchia120/autoware.ai/install/lanelet2_core/lib:/home/chinchia120/autoware.ai/install/amathutils_lib/lib:${LD_LIBRARY_PATH} PKG_CONFIG_PATH=/home/chinchia120/autoware.ai/install/map_file/lib/x86_64-linux-gnu/pkgconfig:/home/chinchia120/autoware.ai/install/map_file/lib/pkgconfig:/home/chinchia120/autoware.ai/install/lanelet2_extension/lib/x86_64-linux-gnu/pkgconfig:/home/chinchia120/autoware.ai/install/lanelet2_extension/lib/pkgconfig:/home/chinchia120/autoware.ai/install/lanelet2_validation/lib/x86_64-linux-gnu/pkgconfig:/home/chinchia120/autoware.ai/install/lanelet2_validation/lib/pkgconfig:/home/chinchia120/autoware.ai/install/lanelet2_routing/lib/x86_64-linux-gnu/pkgconfig:/home/chinchia120/autoware.ai/install/lanelet2_routing/lib/pkgconfig:/home/chinchia120/autoware.ai/install/lanelet2_projection/lib/x86_64-linux-gnu/pkgconfig:/home/chinchia120/autoware.ai/install/lanelet2_projection/lib/pkgconfig:/home/chinchia120/autoware.ai/install/lanelet2_traffic_rules/lib/x86_64-linux-gnu/pkgconfig:/home/chinchia120/autoware.ai/install/lanelet2_traffic_rules/lib/pkgconfig:/home/chinchia120/autoware.ai/install/lanelet2_maps/lib/x86_64-linux-gnu/pkgconfig:/home/chinchia120/autoware.ai/install/lanelet2_maps/lib/pkgconfig:/home/chinchia120/autoware.ai/install/lanelet2_io/lib/x86_64-linux-gnu/pkgconfig:/home/chinchia120/autoware.ai/install/lanelet2_io/lib/pkgconfig:/home/chinchia120/autoware.ai/install/vector_map/lib/x86_64-linux-gnu/pkgconfig:/home/chinchia120/autoware.ai/install/vector_map/lib/pkgconfig:/home/chinchia120/autoware.ai/install/lanelet2_core/lib/x86_64-linux-gnu/pkgconfig:/home/chinchia120/autoware.ai/install/lanelet2_core/lib/pkgconfig:/home/chinchia120/autoware.ai/install/amathutils_lib/lib/x86_64-linux-gnu/pkgconfig:/home/chinchia120/autoware.ai/install/amathutils_lib/lib/pkgconfig:/home/chinchia120/autoware.ai/install/vector_map_msgs/lib/x86_64-linux-gnu/pkgconfig:/home/chinchia120/autoware.ai/install/vector_map_msgs/lib/pkgconfig:/home/chinchia120/autoware.ai/install/autoware_msgs/lib/x86_64-linux-gnu/pkgconfig:/home/chinchia120/autoware.ai/install/autoware_msgs/lib/pkgconfig:/home/chinchia120/autoware.ai/install/autoware_lanelet2_msgs/lib/x86_64-linux-gnu/pkgconfig:/home/chinchia120/autoware.ai/install/autoware_lanelet2_msgs/lib/pkgconfig:${PKG_CONFIG_PATH} PYTHONPATH=/home/chinchia120/autoware.ai/install/vector_map_msgs/lib/python2.7/dist-packages:/home/chinchia120/autoware.ai/install/autoware_msgs/lib/python2.7/dist-packages:/home/chinchia120/autoware.ai/install/autoware_lanelet2_msgs/lib/python2.7/dist-packages:${PYTHONPATH} ROS_PACKAGE_PATH=/home/chinchia120/autoware.ai/install/map_file/share:/home/chinchia120/autoware.ai/install/lanelet2_extension/share:/home/chinchia120/autoware.ai/install/lanelet2_validation/share:/home/chinchia120/autoware.ai/install/lanelet2_routing/share:/home/chinchia120/autoware.ai/install/lanelet2_projection/share:/home/chinchia120/autoware.ai/install/lanelet2_traffic_rules/share:/home/chinchia120/autoware.ai/install/lanelet2_maps/share:/home/chinchia120/autoware.ai/install/lanelet2_io/share:/home/chinchia120/autoware.ai/install/vector_map/share:/home/chinchia120/autoware.ai/install/lanelet2_core/share:/home/chinchia120/autoware.ai/install/amathutils_lib/share:/home/chinchia120/autoware.ai/install/vector_map_msgs/share:/home/chinchia120/autoware.ai/install/autoware_msgs/share:/home/chinchia120/autoware.ai/install/autoware_lanelet2_msgs/share:${ROS_PACKAGE_PATH} /usr/bin/cmake --build /home/chinchia120/autoware.ai/build/lanelet_aisan_converter --target tests -- -j4 -l4
[114.436s] Invoking command in '/home/chinchia120/autoware.ai/build/lanelet_aisan_converter': CMAKE_PREFIX_PATH=/home/chinchia120/autoware.ai/install/map_file:/home/chinchia120/autoware.ai/install/lanelet2_extension:/home/chinchia120/autoware.ai/install/lanelet2_validation:/home/chinchia120/autoware.ai/install/lanelet2_routing:/home/chinchia120/autoware.ai/install/lanelet2_projection:/home/chinchia120/autoware.ai/install/lanelet2_traffic_rules:/home/chinchia120/autoware.ai/install/lanelet2_maps:/home/chinchia120/autoware.ai/install/lanelet2_io:/home/chinchia120/autoware.ai/install/vector_map:/home/chinchia120/autoware.ai/install/lanelet2_core:/home/chinchia120/autoware.ai/install/amathutils_lib:/home/chinchia120/autoware.ai/install/vector_map_msgs:/home/chinchia120/autoware.ai/install/autoware_msgs:/home/chinchia120/autoware.ai/install/autoware_lanelet2_msgs:${CMAKE_PREFIX_PATH} LD_LIBRARY_PATH=/home/chinchia120/autoware.ai/install/map_file/lib:/home/chinchia120/autoware.ai/install/lanelet2_extension/lib:/home/chinchia120/autoware.ai/install/lanelet2_validation/lib:/home/chinchia120/autoware.ai/install/lanelet2_routing/lib:/home/chinchia120/autoware.ai/install/lanelet2_projection/lib:/home/chinchia120/autoware.ai/install/lanelet2_traffic_rules/lib:/home/chinchia120/autoware.ai/install/lanelet2_io/lib:/home/chinchia120/autoware.ai/install/vector_map/lib:/home/chinchia120/autoware.ai/install/lanelet2_core/lib:/home/chinchia120/autoware.ai/install/amathutils_lib/lib:${LD_LIBRARY_PATH} PKG_CONFIG_PATH=/home/chinchia120/autoware.ai/install/map_file/lib/x86_64-linux-gnu/pkgconfig:/home/chinchia120/autoware.ai/install/map_file/lib/pkgconfig:/home/chinchia120/autoware.ai/install/lanelet2_extension/lib/x86_64-linux-gnu/pkgconfig:/home/chinchia120/autoware.ai/install/lanelet2_extension/lib/pkgconfig:/home/chinchia120/autoware.ai/install/lanelet2_validation/lib/x86_64-linux-gnu/pkgconfig:/home/chinchia120/autoware.ai/install/lanelet2_validation/lib/pkgconfig:/home/chinchia120/autoware.ai/install/lanelet2_routing/lib/x86_64-linux-gnu/pkgconfig:/home/chinchia120/autoware.ai/install/lanelet2_routing/lib/pkgconfig:/home/chinchia120/autoware.ai/install/lanelet2_projection/lib/x86_64-linux-gnu/pkgconfig:/home/chinchia120/autoware.ai/install/lanelet2_projection/lib/pkgconfig:/home/chinchia120/autoware.ai/install/lanelet2_traffic_rules/lib/x86_64-linux-gnu/pkgconfig:/home/chinchia120/autoware.ai/install/lanelet2_traffic_rules/lib/pkgconfig:/home/chinchia120/autoware.ai/install/lanelet2_maps/lib/x86_64-linux-gnu/pkgconfig:/home/chinchia120/autoware.ai/install/lanelet2_maps/lib/pkgconfig:/home/chinchia120/autoware.ai/install/lanelet2_io/lib/x86_64-linux-gnu/pkgconfig:/home/chinchia120/autoware.ai/install/lanelet2_io/lib/pkgconfig:/home/chinchia120/autoware.ai/install/vector_map/lib/x86_64-linux-gnu/pkgconfig:/home/chinchia120/autoware.ai/install/vector_map/lib/pkgconfig:/home/chinchia120/autoware.ai/install/lanelet2_core/lib/x86_64-linux-gnu/pkgconfig:/home/chinchia120/autoware.ai/install/lanelet2_core/lib/pkgconfig:/home/chinchia120/autoware.ai/install/amathutils_lib/lib/x86_64-linux-gnu/pkgconfig:/home/chinchia120/autoware.ai/install/amathutils_lib/lib/pkgconfig:/home/chinchia120/autoware.ai/install/vector_map_msgs/lib/x86_64-linux-gnu/pkgconfig:/home/chinchia120/autoware.ai/install/vector_map_msgs/lib/pkgconfig:/home/chinchia120/autoware.ai/install/autoware_msgs/lib/x86_64-linux-gnu/pkgconfig:/home/chinchia120/autoware.ai/install/autoware_msgs/lib/pkgconfig:/home/chinchia120/autoware.ai/install/autoware_lanelet2_msgs/lib/x86_64-linux-gnu/pkgconfig:/home/chinchia120/autoware.ai/install/autoware_lanelet2_msgs/lib/pkgconfig:${PKG_CONFIG_PATH} PYTHONPATH=/home/chinchia120/autoware.ai/install/vector_map_msgs/lib/python2.7/dist-packages:/home/chinchia120/autoware.ai/install/autoware_msgs/lib/python2.7/dist-packages:/home/chinchia120/autoware.ai/install/autoware_lanelet2_msgs/lib/python2.7/dist-packages:${PYTHONPATH} ROS_PACKAGE_PATH=/home/chinchia120/autoware.ai/install/map_file/share:/home/chinchia120/autoware.ai/install/lanelet2_extension/share:/home/chinchia120/autoware.ai/install/lanelet2_validation/share:/home/chinchia120/autoware.ai/install/lanelet2_routing/share:/home/chinchia120/autoware.ai/install/lanelet2_projection/share:/home/chinchia120/autoware.ai/install/lanelet2_traffic_rules/share:/home/chinchia120/autoware.ai/install/lanelet2_maps/share:/home/chinchia120/autoware.ai/install/lanelet2_io/share:/home/chinchia120/autoware.ai/install/vector_map/share:/home/chinchia120/autoware.ai/install/lanelet2_core/share:/home/chinchia120/autoware.ai/install/amathutils_lib/share:/home/chinchia120/autoware.ai/install/vector_map_msgs/share:/home/chinchia120/autoware.ai/install/autoware_msgs/share:/home/chinchia120/autoware.ai/install/autoware_lanelet2_msgs/share:${ROS_PACKAGE_PATH} /usr/bin/cmake --build /home/chinchia120/autoware.ai/build/lanelet_aisan_converter --target install -- -j4 -l4
[114.626s] [  0%] Built target tf_generate_messages_py
[114.694s] [  0%] Built target actionlib_msgs_generate_messages_nodejs
[114.762s] [  0%] Built target uuid_msgs_generate_messages_py
[114.833s] [  0%] Built target geometry_msgs_generate_messages_eus
[114.884s] [  0%] Built target std_msgs_generate_messages_lisp
[114.943s] [  0%] Built target roscpp_generate_messages_nodejs
[115.001s] [  0%] Built target geometry_msgs_generate_messages_nodejs
[115.054s] [  0%] Built target geometry_msgs_generate_messages_lisp
[115.126s] [  0%] Built target pcl_msgs_generate_messages_cpp
[115.188s] [  0%] Built target geographic_msgs_generate_messages_cpp
[115.257s] [  0%] Built target jsk_recognition_msgs_generate_messages_cpp
[115.317s] [  0%] Built target autoware_msgs_generate_messages_eus
[115.370s] [  0%] Built target autoware_msgs_generate_messages_lisp
[115.431s] [  0%] Built target visualization_msgs_generate_messages_lisp
[115.494s] [  0%] Built target std_msgs_generate_messages_eus
[115.578s] [  0%] Built target jsk_footstep_msgs_generate_messages_eus
[115.641s] [  0%] Built target actionlib_msgs_generate_messages_py
[115.695s] [  0%] Built target jsk_footstep_msgs_generate_messages_lisp
[115.748s] [  0%] Built target jsk_footstep_msgs_generate_messages_nodejs
[115.817s] [  0%] Built target actionlib_msgs_generate_messages_lisp
[115.875s] [  0%] Built target jsk_footstep_msgs_generate_messages_cpp
[115.946s] [  0%] Built target actionlib_msgs_generate_messages_cpp
[116.025s] [  0%] Built target tf_generate_messages_eus
[116.096s] [  0%] Built target tf_generate_messages_lisp
[116.151s] [  0%] Built target tf_generate_messages_nodejs
[116.219s] [  0%] Built target jsk_recognition_msgs_generate_messages_nodejs
[116.272s] [  0%] Built target roscpp_generate_messages_lisp
[116.326s] [  0%] Built target roscpp_generate_messages_py
[116.374s] [  0%] Built target rosgraph_msgs_generate_messages_lisp
[116.431s] [  0%] Built target rosgraph_msgs_generate_messages_nodejs
[116.480s] [  0%] Built target geographic_msgs_generate_messages_lisp
[116.534s] [  0%] Built target roscpp_generate_messages_eus
[116.582s] [  0%] Built target actionlib_msgs_generate_messages_eus
[116.637s] [  0%] Built target rosgraph_msgs_generate_messages_py
[116.689s] [  0%] Built target pcl_msgs_generate_messages_py
[116.897s] [  0%] Built target actionlib_generate_messages_eus
[116.954s] [  0%] Built target geometry_msgs_generate_messages_cpp
[117.006s] [  0%] Built target actionlib_generate_messages_lisp
[117.067s] [  0%] Built target pcl_msgs_generate_messages_lisp
[117.125s] [  0%] Built target tf_generate_messages_cpp
[117.177s] [  0%] Built target actionlib_generate_messages_nodejs
[117.235s] [  0%] Built target geographic_msgs_generate_messages_nodejs
[117.284s] [  0%] Built target visualization_msgs_generate_messages_cpp
[117.342s] [  0%] Built target tf2_msgs_generate_messages_eus
[117.393s] [  0%] Built target tf2_msgs_generate_messages_lisp
[117.463s] [  0%] Built target actionlib_generate_messages_py
[117.520s] [  0%] Built target tf2_msgs_generate_messages_py
[117.578s] [  0%] Built target tf2_msgs_generate_messages_nodejs
[117.633s] [  0%] Built target autoware_msgs_generate_messages_nodejs
[117.701s] [  0%] Built target geographic_msgs_generate_messages_eus
[117.762s] [  0%] Built target roscpp_generate_messages_cpp
[117.823s] [  0%] Built target geographic_msgs_generate_messages_py
[117.871s] [  0%] Built target uuid_msgs_generate_messages_eus
[117.923s] [  0%] Built target uuid_msgs_generate_messages_cpp
[117.973s] [  0%] Built target vector_map_msgs_generate_messages_py
[118.029s] [  0%] Built target vector_map_msgs_generate_messages_nodejs
[118.086s] [  0%] Built target vector_map_msgs_generate_messages_lisp
[118.136s] [  0%] Built target vector_map_msgs_generate_messages_eus
[118.184s] [  0%] Built target vector_map_msgs_generate_messages_cpp
[118.251s] [  0%] Built target visualization_msgs_generate_messages_py
[118.307s] [  0%] Built target visualization_msgs_generate_messages_nodejs
[118.357s] [  0%] Built target visualization_msgs_generate_messages_eus
[118.417s] [  0%] Built target uuid_msgs_generate_messages_nodejs
[118.475s] [  0%] Built target uuid_msgs_generate_messages_lisp
[118.528s] [  0%] Built target geometry_msgs_generate_messages_py
[118.597s] [  0%] Built target sensor_msgs_generate_messages_nodejs
[118.739s] [  0%] Built target actionlib_generate_messages_cpp
[118.797s] [  0%] Built target pcl_msgs_generate_messages_eus
[118.858s] [  0%] Built target rosgraph_msgs_generate_messages_eus
[118.920s] [  0%] Built target jsk_recognition_msgs_generate_messages_lisp
[119.001s] [  0%] Built target jsk_recognition_msgs_generate_messages_eus
[119.063s] [  0%] Built target tf2_msgs_generate_messages_cpp
[119.116s] [  0%] Built target std_msgs_generate_messages_py
[119.192s] [  0%] Built target autoware_msgs_generate_messages_py
[119.257s] [  0%] Built target std_msgs_generate_messages_nodejs
[119.327s] [  0%] Built target sensor_msgs_generate_messages_eus
[119.405s] [  0%] Built target _catkin_empty_exported_target
[119.524s] [  0%] Built target sensor_msgs_generate_messages_cpp
[119.595s] [  0%] Built target autoware_msgs_generate_messages_cpp
[119.658s] [  0%] Built target rosgraph_msgs_generate_messages_cpp
[119.719s] [  0%] Built target pcl_msgs_generate_messages_nodejs
[119.773s] [  0%] Built target jsk_recognition_msgs_generate_messages_py
[119.854s] [  0%] Built target sensor_msgs_generate_messages_lisp
[119.905s] [  0%] Built target sensor_msgs_generate_messages_py
[119.964s] [  0%] Built target jsk_footstep_msgs_generate_messages_py
[120.036s] [  0%] Built target std_msgs_generate_messages_cpp
[120.118s] [ 18%] Built target lanelet_helper
[120.176s] [ 36%] Built target aisan_map
[120.265s] [ 81%] Built target lanelet2aisan_converter
[120.359s] [100%] Built target lanelet2aisan
[120.419s] [36mInstall the project...[0m
[120.443s] -- Install configuration: "Release"
[120.446s] -- Installing: /home/chinchia120/autoware.ai/install/lanelet_aisan_converter/lib/pkgconfig/lanelet_aisan_converter.pc
[120.447s] -- Installing: /home/chinchia120/autoware.ai/install/lanelet_aisan_converter/share/lanelet_aisan_converter/cmake/lanelet_aisan_converterConfig.cmake
[120.472s] -- Installing: /home/chinchia120/autoware.ai/install/lanelet_aisan_converter/share/lanelet_aisan_converter/cmake/lanelet_aisan_converterConfig-version.cmake
[120.472s] -- Installing: /home/chinchia120/autoware.ai/install/lanelet_aisan_converter/share/lanelet_aisan_converter/package.xml
[120.473s] -- Installing: /home/chinchia120/autoware.ai/install/lanelet_aisan_converter/lib/lanelet_aisan_converter/lanelet2aisan
[120.477s] -- Set runtime path of "/home/chinchia120/autoware.ai/install/lanelet_aisan_converter/lib/lanelet_aisan_converter/lanelet2aisan" to ""
[120.477s] -- Installing: /home/chinchia120/autoware.ai/install/lanelet_aisan_converter/lib/liblanelet_helper.a
[120.479s] -- Installing: /home/chinchia120/autoware.ai/install/lanelet_aisan_converter/lib/liblanelet2aisan_converter.a
[120.481s] -- Installing: /home/chinchia120/autoware.ai/install/lanelet_aisan_converter/lib/libaisan_map.a
[120.482s] -- Installing: /home/chinchia120/autoware.ai/install/lanelet_aisan_converter/include/lanelet_aisan_converter
[120.482s] -- Installing: /home/chinchia120/autoware.ai/install/lanelet_aisan_converter/include/lanelet_aisan_converter/lanelet_helper
[120.483s] -- Installing: /home/chinchia120/autoware.ai/install/lanelet_aisan_converter/include/lanelet_aisan_converter/lanelet_helper/lanelet_helper.h
[120.484s] -- Installing: /home/chinchia120/autoware.ai/install/lanelet_aisan_converter/include/lanelet_aisan_converter/aisan_map
[120.484s] -- Installing: /home/chinchia120/autoware.ai/install/lanelet_aisan_converter/include/lanelet_aisan_converter/aisan_map/csv_def.h
[120.485s] -- Installing: /home/chinchia120/autoware.ai/install/lanelet_aisan_converter/include/lanelet_aisan_converter/aisan_map/aisan_map.h
[120.485s] -- Installing: /home/chinchia120/autoware.ai/install/lanelet_aisan_converter/include/lanelet_aisan_converter/aisan_map/supported_vector_map_msgs.h
[120.486s] -- Installing: /home/chinchia120/autoware.ai/install/lanelet_aisan_converter/include/lanelet_aisan_converter/lanelet2aisan_converter
[120.486s] -- Installing: /home/chinchia120/autoware.ai/install/lanelet_aisan_converter/include/lanelet_aisan_converter/lanelet2aisan_converter/unique_id_handler.h
[120.487s] -- Installing: /home/chinchia120/autoware.ai/install/lanelet_aisan_converter/include/lanelet_aisan_converter/lanelet2aisan_converter/lanelet2aisan_converter.h
[120.488s] -- Installing: /home/chinchia120/autoware.ai/install/lanelet_aisan_converter/share/lanelet_aisan_converter/scripts/launch_vector_map_loader.sh
[120.496s] Invoked command in '/home/chinchia120/autoware.ai/build/lanelet_aisan_converter' returned '0': CMAKE_PREFIX_PATH=/home/chinchia120/autoware.ai/install/map_file:/home/chinchia120/autoware.ai/install/lanelet2_extension:/home/chinchia120/autoware.ai/install/lanelet2_validation:/home/chinchia120/autoware.ai/install/lanelet2_routing:/home/chinchia120/autoware.ai/install/lanelet2_projection:/home/chinchia120/autoware.ai/install/lanelet2_traffic_rules:/home/chinchia120/autoware.ai/install/lanelet2_maps:/home/chinchia120/autoware.ai/install/lanelet2_io:/home/chinchia120/autoware.ai/install/vector_map:/home/chinchia120/autoware.ai/install/lanelet2_core:/home/chinchia120/autoware.ai/install/amathutils_lib:/home/chinchia120/autoware.ai/install/vector_map_msgs:/home/chinchia120/autoware.ai/install/autoware_msgs:/home/chinchia120/autoware.ai/install/autoware_lanelet2_msgs:${CMAKE_PREFIX_PATH} LD_LIBRARY_PATH=/home/chinchia120/autoware.ai/install/map_file/lib:/home/chinchia120/autoware.ai/install/lanelet2_extension/lib:/home/chinchia120/autoware.ai/install/lanelet2_validation/lib:/home/chinchia120/autoware.ai/install/lanelet2_routing/lib:/home/chinchia120/autoware.ai/install/lanelet2_projection/lib:/home/chinchia120/autoware.ai/install/lanelet2_traffic_rules/lib:/home/chinchia120/autoware.ai/install/lanelet2_io/lib:/home/chinchia120/autoware.ai/install/vector_map/lib:/home/chinchia120/autoware.ai/install/lanelet2_core/lib:/home/chinchia120/autoware.ai/install/amathutils_lib/lib:${LD_LIBRARY_PATH} PKG_CONFIG_PATH=/home/chinchia120/autoware.ai/install/map_file/lib/x86_64-linux-gnu/pkgconfig:/home/chinchia120/autoware.ai/install/map_file/lib/pkgconfig:/home/chinchia120/autoware.ai/install/lanelet2_extension/lib/x86_64-linux-gnu/pkgconfig:/home/chinchia120/autoware.ai/install/lanelet2_extension/lib/pkgconfig:/home/chinchia120/autoware.ai/install/lanelet2_validation/lib/x86_64-linux-gnu/pkgconfig:/home/chinchia120/autoware.ai/install/lanelet2_validation/lib/pkgconfig:/home/chinchia120/autoware.ai/install/lanelet2_routing/lib/x86_64-linux-gnu/pkgconfig:/home/chinchia120/autoware.ai/install/lanelet2_routing/lib/pkgconfig:/home/chinchia120/autoware.ai/install/lanelet2_projection/lib/x86_64-linux-gnu/pkgconfig:/home/chinchia120/autoware.ai/install/lanelet2_projection/lib/pkgconfig:/home/chinchia120/autoware.ai/install/lanelet2_traffic_rules/lib/x86_64-linux-gnu/pkgconfig:/home/chinchia120/autoware.ai/install/lanelet2_traffic_rules/lib/pkgconfig:/home/chinchia120/autoware.ai/install/lanelet2_maps/lib/x86_64-linux-gnu/pkgconfig:/home/chinchia120/autoware.ai/install/lanelet2_maps/lib/pkgconfig:/home/chinchia120/autoware.ai/install/lanelet2_io/lib/x86_64-linux-gnu/pkgconfig:/home/chinchia120/autoware.ai/install/lanelet2_io/lib/pkgconfig:/home/chinchia120/autoware.ai/install/vector_map/lib/x86_64-linux-gnu/pkgconfig:/home/chinchia120/autoware.ai/install/vector_map/lib/pkgconfig:/home/chinchia120/autoware.ai/install/lanelet2_core/lib/x86_64-linux-gnu/pkgconfig:/home/chinchia120/autoware.ai/install/lanelet2_core/lib/pkgconfig:/home/chinchia120/autoware.ai/install/amathutils_lib/lib/x86_64-linux-gnu/pkgconfig:/home/chinchia120/autoware.ai/install/amathutils_lib/lib/pkgconfig:/home/chinchia120/autoware.ai/install/vector_map_msgs/lib/x86_64-linux-gnu/pkgconfig:/home/chinchia120/autoware.ai/install/vector_map_msgs/lib/pkgconfig:/home/chinchia120/autoware.ai/install/autoware_msgs/lib/x86_64-linux-gnu/pkgconfig:/home/chinchia120/autoware.ai/install/autoware_msgs/lib/pkgconfig:/home/chinchia120/autoware.ai/install/autoware_lanelet2_msgs/lib/x86_64-linux-gnu/pkgconfig:/home/chinchia120/autoware.ai/install/autoware_lanelet2_msgs/lib/pkgconfig:${PKG_CONFIG_PATH} PYTHONPATH=/home/chinchia120/autoware.ai/install/vector_map_msgs/lib/python2.7/dist-packages:/home/chinchia120/autoware.ai/install/autoware_msgs/lib/python2.7/dist-packages:/home/chinchia120/autoware.ai/install/autoware_lanelet2_msgs/lib/python2.7/dist-packages:${PYTHONPATH} ROS_PACKAGE_PATH=/home/chinchia120/autoware.ai/install/map_file/share:/home/chinchia120/autoware.ai/install/lanelet2_extension/share:/home/chinchia120/autoware.ai/install/lanelet2_validation/share:/home/chinchia120/autoware.ai/install/lanelet2_routing/share:/home/chinchia120/autoware.ai/install/lanelet2_projection/share:/home/chinchia120/autoware.ai/install/lanelet2_traffic_rules/share:/home/chinchia120/autoware.ai/install/lanelet2_maps/share:/home/chinchia120/autoware.ai/install/lanelet2_io/share:/home/chinchia120/autoware.ai/install/vector_map/share:/home/chinchia120/autoware.ai/install/lanelet2_core/share:/home/chinchia120/autoware.ai/install/amathutils_lib/share:/home/chinchia120/autoware.ai/install/vector_map_msgs/share:/home/chinchia120/autoware.ai/install/autoware_msgs/share:/home/chinchia120/autoware.ai/install/autoware_lanelet2_msgs/share:${ROS_PACKAGE_PATH} /usr/bin/cmake --build /home/chinchia120/autoware.ai/build/lanelet_aisan_converter --target install -- -j4 -l4
