[0.038s] Invoking command in '/home/chinchia120/autoware.ai/build/autoware_health_checker': CMAKE_PREFIX_PATH=/home/chinchia120/autoware.ai/install/ros_observer:/home/chinchia120/autoware.ai/install/autoware_system_msgs:${CMAKE_PREFIX_PATH} LD_LIBRARY_PATH=/home/chinchia120/autoware.ai/install/ros_observer/lib:${LD_LIBRARY_PATH} PKG_CONFIG_PATH=/home/chinchia120/autoware.ai/install/ros_observer/lib/x86_64-linux-gnu/pkgconfig:/home/chinchia120/autoware.ai/install/ros_observer/lib/pkgconfig:/home/chinchia120/autoware.ai/install/autoware_system_msgs/lib/x86_64-linux-gnu/pkgconfig:/home/chinchia120/autoware.ai/install/autoware_system_msgs/lib/pkgconfig:${PKG_CONFIG_PATH} PYTHONPATH=/home/chinchia120/autoware.ai/install/autoware_system_msgs/lib/python2.7/dist-packages:${PYTHONPATH} ROS_PACKAGE_PATH=/home/chinchia120/autoware.ai/install/ros_observer/share:/home/chinchia120/autoware.ai/install/autoware_system_msgs/share:${ROS_PACKAGE_PATH} /usr/bin/cmake /home/chinchia120/autoware.ai/src/autoware/common/autoware_health_checker -DCMAKE_BUILD_TYPE=Release -DCATKIN_INSTALL_INTO_PREFIX_ROOT=0 -DCMAKE_INSTALL_PREFIX=/home/chinchia120/autoware.ai/install/autoware_health_checker
[0.214s] -- The C compiler identification is GNU 7.5.0
[0.364s] -- The CXX compiler identification is GNU 7.5.0
[0.376s] -- Check for working C compiler: /usr/bin/cc
[0.562s] -- Check for working C compiler: /usr/bin/cc -- works
[0.563s] -- Detecting C compiler ABI info
[0.740s] -- Detecting C compiler ABI info - done
[0.762s] -- Detecting C compile features
[1.261s] -- Detecting C compile features - done
[1.270s] -- Check for working CXX compiler: /usr/bin/c++
[1.451s] -- Check for working CXX compiler: /usr/bin/c++ -- works
[1.458s] -- Detecting CXX compiler ABI info
[1.655s] -- Detecting CXX compiler ABI info - done
[1.676s] -- Detecting CXX compile features
[2.695s] -- Detecting CXX compile features - done
[2.700s] -- Using CATKIN_DEVEL_PREFIX: /home/chinchia120/autoware.ai/build/autoware_health_checker/devel
[2.701s] -- Using CMAKE_PREFIX_PATH: /home/chinchia120/autoware.ai/install/ros_observer;/home/chinchia120/autoware.ai/install/autoware_system_msgs;/home/chinchia120/catkin_ws/devel;/opt/ros/melodic
[2.701s] -- This workspace overlays: /home/chinchia120/autoware.ai/install/ros_observer;/home/chinchia120/autoware.ai/install/autoware_system_msgs;/home/chinchia120/catkin_ws/devel;/opt/ros/melodic
[2.739s] -- Found PythonInterp: /usr/bin/python2 (found suitable version "2.7.17", minimum required is "2") 
[2.739s] -- Using PYTHON_EXECUTABLE: /usr/bin/python2
[2.739s] -- Using Debian Python package layout
[2.740s] -- Using empy: /usr/bin/empy
[3.319s] -- Using CATKIN_ENABLE_TESTING: ON
[3.319s] -- Call enable_testing()
[3.322s] -- Using CATKIN_TEST_RESULTS_DIR: /home/chinchia120/autoware.ai/build/autoware_health_checker/test_results
[3.363s] -- Found gtest sources under '/usr/src/googletest': gtests will be built
[3.363s] -- Found gmock sources under '/usr/src/googletest': gmock will be built
[3.427s] -- Found PythonInterp: /usr/bin/python2 (found version "2.7.17") 
[3.429s] -- Looking for pthread.h
[3.804s] -- Looking for pthread.h - found
[3.805s] -- Looking for pthread_create
[4.161s] -- Looking for pthread_create - not found
[4.162s] -- Looking for pthread_create in pthreads
[4.440s] -- Looking for pthread_create in pthreads - not found
[4.440s] -- Looking for pthread_create in pthread
[4.814s] -- Looking for pthread_create in pthread - found
[4.816s] -- Found Threads: TRUE  
[4.827s] -- Using Python nosetests: /usr/bin/nosetests-2.7
[5.016s] -- catkin 0.7.29
[5.016s] -- BUILD_SHARED_LIBS is on
[5.620s] -- Using these message generators: gencpp;geneus;genlisp;gennodejs;genpy
[11.360s] -- Configuring done
[12.132s] -- Generating done
[12.178s] -- Build files have been written to: /home/chinchia120/autoware.ai/build/autoware_health_checker
[12.190s] Invoked command in '/home/chinchia120/autoware.ai/build/autoware_health_checker' returned '0': CMAKE_PREFIX_PATH=/home/chinchia120/autoware.ai/install/ros_observer:/home/chinchia120/autoware.ai/install/autoware_system_msgs:${CMAKE_PREFIX_PATH} LD_LIBRARY_PATH=/home/chinchia120/autoware.ai/install/ros_observer/lib:${LD_LIBRARY_PATH} PKG_CONFIG_PATH=/home/chinchia120/autoware.ai/install/ros_observer/lib/x86_64-linux-gnu/pkgconfig:/home/chinchia120/autoware.ai/install/ros_observer/lib/pkgconfig:/home/chinchia120/autoware.ai/install/autoware_system_msgs/lib/x86_64-linux-gnu/pkgconfig:/home/chinchia120/autoware.ai/install/autoware_system_msgs/lib/pkgconfig:${PKG_CONFIG_PATH} PYTHONPATH=/home/chinchia120/autoware.ai/install/autoware_system_msgs/lib/python2.7/dist-packages:${PYTHONPATH} ROS_PACKAGE_PATH=/home/chinchia120/autoware.ai/install/ros_observer/share:/home/chinchia120/autoware.ai/install/autoware_system_msgs/share:${ROS_PACKAGE_PATH} /usr/bin/cmake /home/chinchia120/autoware.ai/src/autoware/common/autoware_health_checker -DCMAKE_BUILD_TYPE=Release -DCATKIN_INSTALL_INTO_PREFIX_ROOT=0 -DCMAKE_INSTALL_PREFIX=/home/chinchia120/autoware.ai/install/autoware_health_checker
[12.197s] Invoking command in '/home/chinchia120/autoware.ai/build/autoware_health_checker': CMAKE_PREFIX_PATH=/home/chinchia120/autoware.ai/install/ros_observer:/home/chinchia120/autoware.ai/install/autoware_system_msgs:${CMAKE_PREFIX_PATH} LD_LIBRARY_PATH=/home/chinchia120/autoware.ai/install/ros_observer/lib:${LD_LIBRARY_PATH} PKG_CONFIG_PATH=/home/chinchia120/autoware.ai/install/ros_observer/lib/x86_64-linux-gnu/pkgconfig:/home/chinchia120/autoware.ai/install/ros_observer/lib/pkgconfig:/home/chinchia120/autoware.ai/install/autoware_system_msgs/lib/x86_64-linux-gnu/pkgconfig:/home/chinchia120/autoware.ai/install/autoware_system_msgs/lib/pkgconfig:${PKG_CONFIG_PATH} PYTHONPATH=/home/chinchia120/autoware.ai/install/autoware_system_msgs/lib/python2.7/dist-packages:${PYTHONPATH} ROS_PACKAGE_PATH=/home/chinchia120/autoware.ai/install/ros_observer/share:/home/chinchia120/autoware.ai/install/autoware_system_msgs/share:${ROS_PACKAGE_PATH} /usr/bin/cmake --build /home/chinchia120/autoware.ai/build/autoware_health_checker -- -j4 -l4
[12.320s] [35m[1mScanning dependencies of target dynamic_reconfigure_generate_messages_nodejs[0m
[12.348s] [  0%] Built target dynamic_reconfigure_generate_messages_nodejs
[12.370s] [35m[1mScanning dependencies of target rviz_generate_messages_py[0m
[12.400s] [  0%] Built target rviz_generate_messages_py
[12.424s] [35m[1mScanning dependencies of target rviz_generate_messages_cpp[0m
[12.453s] [  0%] Built target rviz_generate_messages_cpp
[12.484s] [35m[1mScanning dependencies of target people_msgs_generate_messages_lisp[0m
[12.506s] [  0%] Built target people_msgs_generate_messages_lisp
[12.534s] [35m[1mScanning dependencies of target rviz_generate_messages_eus[0m
[12.564s] [  0%] Built target rviz_generate_messages_eus
[12.595s] [35m[1mScanning dependencies of target people_msgs_generate_messages_eus[0m
[12.622s] [  0%] Built target people_msgs_generate_messages_eus
[12.663s] [35m[1mScanning dependencies of target people_msgs_generate_messages_cpp[0m
[12.692s] [  0%] Built target people_msgs_generate_messages_cpp
[12.720s] [35m[1mScanning dependencies of target visualization_msgs_generate_messages_py[0m
[12.752s] [  0%] Built target visualization_msgs_generate_messages_py
[12.790s] [35m[1mScanning dependencies of target visualization_msgs_generate_messages_nodejs[0m
[12.822s] [  0%] Built target visualization_msgs_generate_messages_nodejs
[12.855s] [35m[1mScanning dependencies of target visualization_msgs_generate_messages_eus[0m
[12.899s] [  0%] Built target visualization_msgs_generate_messages_eus
[12.931s] [35m[1mScanning dependencies of target tf2_msgs_generate_messages_nodejs[0m
[12.968s] [  0%] Built target tf2_msgs_generate_messages_nodejs
[13.000s] [35m[1mScanning dependencies of target nav_msgs_generate_messages_eus[0m
[13.036s] [  0%] Built target nav_msgs_generate_messages_eus
[13.061s] [35m[1mScanning dependencies of target visualization_msgs_generate_messages_cpp[0m
[13.088s] [  0%] Built target visualization_msgs_generate_messages_cpp
[13.122s] [35m[1mScanning dependencies of target tf2_msgs_generate_messages_eus[0m
[13.156s] [  0%] Built target tf2_msgs_generate_messages_eus
[13.192s] [35m[1mScanning dependencies of target tf2_msgs_generate_messages_cpp[0m
[13.248s] [  0%] Built target tf2_msgs_generate_messages_cpp
[13.280s] [35m[1mScanning dependencies of target map_msgs_generate_messages_cpp[0m
[13.310s] [  0%] Built target map_msgs_generate_messages_cpp
[13.342s] [35m[1mScanning dependencies of target tf2_msgs_generate_messages_py[0m
[13.374s] [  0%] Built target tf2_msgs_generate_messages_py
[13.406s] [35m[1mScanning dependencies of target actionlib_generate_messages_py[0m
[13.431s] [  0%] Built target actionlib_generate_messages_py
[13.465s] [35m[1mScanning dependencies of target actionlib_generate_messages_cpp[0m
[13.500s] [  0%] Built target actionlib_generate_messages_cpp
[13.524s] [35m[1mScanning dependencies of target tf_generate_messages_nodejs[0m
[13.555s] [  0%] Built target tf_generate_messages_nodejs
[13.591s] [35m[1mScanning dependencies of target tf_generate_messages_lisp[0m
[13.618s] [  0%] Built target tf_generate_messages_lisp
[13.646s] [35m[1mScanning dependencies of target topic_tools_generate_messages_nodejs[0m
[13.675s] [  0%] Built target topic_tools_generate_messages_nodejs
[13.708s] [35m[1mScanning dependencies of target topic_tools_generate_messages_eus[0m
[13.740s] [  0%] Built target topic_tools_generate_messages_eus
[13.765s] [35m[1mScanning dependencies of target topic_tools_generate_messages_cpp[0m
[13.824s] [  0%] Built target topic_tools_generate_messages_cpp
[13.848s] [35m[1mScanning dependencies of target std_srvs_generate_messages_py[0m
[13.877s] [  0%] Built target std_srvs_generate_messages_py
[13.908s] [35m[1mScanning dependencies of target std_srvs_generate_messages_nodejs[0m
[13.934s] [  0%] Built target std_srvs_generate_messages_nodejs
[13.957s] [35m[1mScanning dependencies of target std_srvs_generate_messages_lisp[0m
[13.991s] [  0%] Built target std_srvs_generate_messages_lisp
[14.081s] [35m[1mScanning dependencies of target bond_generate_messages_py[0m
[14.112s] [  0%] Built target bond_generate_messages_py
[14.137s] [35m[1mScanning dependencies of target bond_generate_messages_nodejs[0m
[14.160s] [  0%] Built target bond_generate_messages_nodejs
[14.182s] [35m[1mScanning dependencies of target bond_generate_messages_lisp[0m
[14.209s] [  0%] Built target bond_generate_messages_lisp
[14.236s] [35m[1mScanning dependencies of target bond_generate_messages_eus[0m
[14.263s] [  0%] Built target bond_generate_messages_eus
[14.295s] [35m[1mScanning dependencies of target bond_generate_messages_cpp[0m
[14.337s] [  0%] Built target bond_generate_messages_cpp
[14.363s] [35m[1mScanning dependencies of target nodelet_generate_messages_nodejs[0m
[14.387s] [  0%] Built target nodelet_generate_messages_nodejs
[14.420s] [35m[1mScanning dependencies of target nodelet_generate_messages_lisp[0m
[14.450s] [  0%] Built target nodelet_generate_messages_lisp
[14.488s] [35m[1mScanning dependencies of target map_msgs_generate_messages_eus[0m
[14.516s] [  0%] Built target map_msgs_generate_messages_eus
[14.562s] [35m[1mScanning dependencies of target nodelet_generate_messages_eus[0m
[14.596s] [  0%] Built target nodelet_generate_messages_eus
[14.644s] [35m[1mScanning dependencies of target nodelet_generate_messages_cpp[0m
[14.682s] [  0%] Built target nodelet_generate_messages_cpp
[14.716s] [35m[1mScanning dependencies of target nav_msgs_generate_messages_py[0m
[14.746s] [  0%] Built target nav_msgs_generate_messages_py
[14.772s] [35m[1mScanning dependencies of target tf2_msgs_generate_messages_lisp[0m
[14.798s] [  0%] Built target tf2_msgs_generate_messages_lisp
[14.827s] [35m[1mScanning dependencies of target dynamic_reconfigure_gencfg[0m
[14.856s] [  0%] Built target dynamic_reconfigure_gencfg
[14.879s] [35m[1mScanning dependencies of target jsk_rviz_plugins_generate_messages_py[0m
[14.908s] [  0%] Built target jsk_rviz_plugins_generate_messages_py
[14.941s] [35m[1mScanning dependencies of target jsk_hark_msgs_generate_messages_eus[0m
[14.973s] [  0%] Built target jsk_hark_msgs_generate_messages_eus
[15.006s] [35m[1mScanning dependencies of target jsk_rviz_plugins_generate_messages_nodejs[0m
[15.032s] [  0%] Built target jsk_rviz_plugins_generate_messages_nodejs
[15.063s] [35m[1mScanning dependencies of target rviz_generate_messages_lisp[0m
[15.086s] [  0%] Built target rviz_generate_messages_lisp
[15.123s] [35m[1mScanning dependencies of target jsk_rviz_plugins_gencfg[0m
[15.160s] [  0%] Built target jsk_rviz_plugins_gencfg
[15.192s] [35m[1mScanning dependencies of target visualization_msgs_generate_messages_lisp[0m
[15.223s] [  0%] Built target visualization_msgs_generate_messages_lisp
[15.257s] [35m[1mScanning dependencies of target std_msgs_generate_messages_eus[0m
[15.288s] [  0%] Built target std_msgs_generate_messages_eus
[15.318s] [35m[1mScanning dependencies of target diagnostic_msgs_generate_messages_nodejs[0m
[15.341s] [  0%] Built target diagnostic_msgs_generate_messages_nodejs
[15.364s] [35m[1mScanning dependencies of target dynamic_reconfigure_generate_messages_py[0m
[15.395s] [  0%] Built target dynamic_reconfigure_generate_messages_py
[15.432s] [35m[1mScanning dependencies of target rviz_generate_messages_nodejs[0m
[15.459s] [  0%] Built target rviz_generate_messages_nodejs
[15.482s] [35m[1mScanning dependencies of target jsk_hark_msgs_generate_messages_nodejs[0m
[15.513s] [  0%] Built target jsk_hark_msgs_generate_messages_nodejs
[15.542s] [35m[1mScanning dependencies of target diagnostic_msgs_generate_messages_lisp[0m
[15.577s] [  0%] Built target diagnostic_msgs_generate_messages_lisp
[15.613s] [35m[1mScanning dependencies of target dynamic_reconfigure_generate_messages_eus[0m
[15.644s] [  0%] Built target dynamic_reconfigure_generate_messages_eus
[15.674s] [35m[1mScanning dependencies of target roscpp_generate_messages_py[0m
[15.710s] [  0%] Built target roscpp_generate_messages_py
[15.745s] [35m[1mScanning dependencies of target people_msgs_generate_messages_py[0m
[15.776s] [  0%] Built target people_msgs_generate_messages_py
[15.806s] [35m[1mScanning dependencies of target autoware_system_msgs_generate_messages_cpp[0m
[15.833s] [  0%] Built target autoware_system_msgs_generate_messages_cpp
[15.861s] [35m[1mScanning dependencies of target geometry_msgs_generate_messages_eus[0m
[15.893s] [  0%] Built target geometry_msgs_generate_messages_eus
[15.929s] [35m[1mScanning dependencies of target std_msgs_generate_messages_py[0m
[15.960s] [  0%] Built target std_msgs_generate_messages_py
[15.986s] [35m[1mScanning dependencies of target sensor_msgs_generate_messages_eus[0m
[16.016s] [  0%] Built target sensor_msgs_generate_messages_eus
[16.049s] [35m[1mScanning dependencies of target std_srvs_generate_messages_cpp[0m
[16.083s] [  0%] Built target std_srvs_generate_messages_cpp
[16.113s] [35m[1mScanning dependencies of target nav_msgs_generate_messages_cpp[0m
[16.146s] [  0%] Built target nav_msgs_generate_messages_cpp
[16.177s] [35m[1mScanning dependencies of target sensor_msgs_generate_messages_lisp[0m
[16.213s] [  0%] Built target sensor_msgs_generate_messages_lisp
[16.238s] [35m[1mScanning dependencies of target map_msgs_generate_messages_nodejs[0m
[16.273s] [  0%] Built target map_msgs_generate_messages_nodejs
[16.301s] [35m[1mScanning dependencies of target topic_tools_generate_messages_py[0m
[16.327s] [  0%] Built target topic_tools_generate_messages_py
[16.352s] [35m[1mScanning dependencies of target nodelet_topic_tools_gencfg[0m
[16.384s] [  0%] Built target nodelet_topic_tools_gencfg
[16.418s] [35m[1mScanning dependencies of target actionlib_msgs_generate_messages_nodejs[0m
[16.446s] [  0%] Built target actionlib_msgs_generate_messages_nodejs
[16.479s] [35m[1mScanning dependencies of target diagnostic_msgs_generate_messages_eus[0m
[16.509s] [  0%] Built target diagnostic_msgs_generate_messages_eus
[16.539s] [35m[1mScanning dependencies of target autoware_system_msgs_generate_messages_nodejs[0m
[16.565s] [  0%] Built target autoware_system_msgs_generate_messages_nodejs
[16.588s] [35m[1mScanning dependencies of target actionlib_msgs_generate_messages_lisp[0m
[16.628s] [  0%] Built target actionlib_msgs_generate_messages_lisp
[16.658s] [35m[1mScanning dependencies of target std_msgs_generate_messages_cpp[0m
[16.691s] [  0%] Built target std_msgs_generate_messages_cpp
[16.726s] [35m[1mScanning dependencies of target jsk_footstep_msgs_generate_messages_py[0m
[16.755s] [  0%] Built target jsk_footstep_msgs_generate_messages_py
[16.787s] [35m[1mScanning dependencies of target autoware_system_msgs_generate_messages_lisp[0m
[16.831s] [  0%] Built target autoware_system_msgs_generate_messages_lisp
[16.861s] [35m[1mScanning dependencies of target roscpp_generate_messages_cpp[0m
[16.888s] [  0%] Built target roscpp_generate_messages_cpp
[16.912s] [35m[1mScanning dependencies of target autoware_system_msgs_generate_messages_py[0m
[16.941s] [  0%] Built target autoware_system_msgs_generate_messages_py
[16.965s] [35m[1mScanning dependencies of target sensor_msgs_generate_messages_nodejs[0m
[16.996s] [  0%] Built target sensor_msgs_generate_messages_nodejs
[17.026s] [35m[1mScanning dependencies of target geometry_msgs_generate_messages_nodejs[0m
[17.051s] [  0%] Built target geometry_msgs_generate_messages_nodejs
[17.074s] [35m[1mScanning dependencies of target diagnostic_msgs_generate_messages_py[0m
[17.104s] [  0%] Built target diagnostic_msgs_generate_messages_py
[17.128s] [35m[1mScanning dependencies of target autoware_system_msgs_generate_messages_eus[0m
[17.162s] [  0%] Built target autoware_system_msgs_generate_messages_eus
[17.194s] [35m[1mScanning dependencies of target jsk_rviz_plugins_generate_messages_cpp[0m
[17.218s] [  0%] Built target jsk_rviz_plugins_generate_messages_cpp
[17.246s] [35m[1mScanning dependencies of target roscpp_generate_messages_nodejs[0m
[17.275s] [  0%] Built target roscpp_generate_messages_nodejs
[17.308s] [35m[1mScanning dependencies of target std_msgs_generate_messages_lisp[0m
[17.342s] [  0%] Built target std_msgs_generate_messages_lisp
[17.372s] [35m[1mScanning dependencies of target rosgraph_msgs_generate_messages_lisp[0m
[17.398s] [  0%] Built target rosgraph_msgs_generate_messages_lisp
[17.425s] [35m[1mScanning dependencies of target actionlib_generate_messages_lisp[0m
[17.451s] [  0%] Built target actionlib_generate_messages_lisp
[17.479s] [35m[1mScanning dependencies of target geometry_msgs_generate_messages_cpp[0m
[17.506s] [  0%] Built target geometry_msgs_generate_messages_cpp
[17.537s] [35m[1mScanning dependencies of target geometry_msgs_generate_messages_lisp[0m
[17.565s] [  0%] Built target geometry_msgs_generate_messages_lisp
[17.600s] [35m[1mScanning dependencies of target rosgraph_msgs_generate_messages_cpp[0m
[17.629s] [  0%] Built target rosgraph_msgs_generate_messages_cpp
[17.661s] [35m[1mScanning dependencies of target tf_generate_messages_py[0m
[17.696s] [  0%] Built target tf_generate_messages_py
[17.728s] [35m[1mScanning dependencies of target dynamic_reconfigure_generate_messages_cpp[0m
[17.756s] [  0%] Built target dynamic_reconfigure_generate_messages_cpp
[17.785s] [35m[1mScanning dependencies of target rosgraph_msgs_generate_messages_eus[0m
[17.828s] [  0%] Built target rosgraph_msgs_generate_messages_eus
[17.852s] [35m[1mScanning dependencies of target std_srvs_generate_messages_eus[0m
[17.875s] [  0%] Built target std_srvs_generate_messages_eus
[17.903s] [35m[1mScanning dependencies of target roscpp_generate_messages_lisp[0m
[17.954s] [  0%] Built target roscpp_generate_messages_lisp
[17.986s] [35m[1mScanning dependencies of target jsk_recognition_msgs_generate_messages_nodejs[0m
[18.015s] [  0%] Built target jsk_recognition_msgs_generate_messages_nodejs
[18.047s] [35m[1mScanning dependencies of target jsk_rviz_plugins_generate_messages_lisp[0m
[18.073s] [  0%] Built target jsk_rviz_plugins_generate_messages_lisp
[18.106s] [35m[1mScanning dependencies of target jsk_recognition_utils_gencfg[0m
[18.133s] [  0%] Built target jsk_recognition_utils_gencfg
[18.165s] [35m[1mScanning dependencies of target rosgraph_msgs_generate_messages_nodejs[0m
[18.197s] [  0%] Built target rosgraph_msgs_generate_messages_nodejs
[18.224s] [35m[1mScanning dependencies of target jsk_hark_msgs_generate_messages_cpp[0m
[18.250s] [  0%] Built target jsk_hark_msgs_generate_messages_cpp
[18.282s] [35m[1mScanning dependencies of target std_msgs_generate_messages_nodejs[0m
[18.310s] [  0%] Built target std_msgs_generate_messages_nodejs
[18.336s] [35m[1mScanning dependencies of target jsk_hark_msgs_generate_messages_lisp[0m
[18.367s] [  0%] Built target jsk_hark_msgs_generate_messages_lisp
[18.396s] [35m[1mScanning dependencies of target jsk_footstep_msgs_generate_messages_eus[0m
[18.424s] [  0%] Built target jsk_footstep_msgs_generate_messages_eus
[18.460s] [35m[1mScanning dependencies of target actionlib_msgs_generate_messages_py[0m
[18.492s] [  0%] Built target actionlib_msgs_generate_messages_py
[18.528s] [35m[1mScanning dependencies of target jsk_hark_msgs_generate_messages_py[0m
[18.555s] [  0%] Built target jsk_hark_msgs_generate_messages_py
[18.583s] [35m[1mScanning dependencies of target nav_msgs_generate_messages_lisp[0m
[18.620s] [  0%] Built target nav_msgs_generate_messages_lisp
[18.650s] [35m[1mScanning dependencies of target pcl_msgs_generate_messages_nodejs[0m
[18.681s] [  0%] Built target pcl_msgs_generate_messages_nodejs
[18.715s] [35m[1mScanning dependencies of target geometry_msgs_generate_messages_py[0m
[18.745s] [  0%] Built target geometry_msgs_generate_messages_py
[18.777s] [35m[1mScanning dependencies of target jsk_footstep_msgs_generate_messages_lisp[0m
[18.804s] [  0%] Built target jsk_footstep_msgs_generate_messages_lisp
[18.845s] [35m[1mScanning dependencies of target jsk_footstep_msgs_generate_messages_nodejs[0m
[18.878s] [  0%] Built target jsk_footstep_msgs_generate_messages_nodejs
[18.915s] [35m[1mScanning dependencies of target tf_generate_messages_eus[0m
[18.944s] [  0%] Built target tf_generate_messages_eus
[18.973s] [35m[1mScanning dependencies of target jsk_footstep_msgs_generate_messages_cpp[0m
[19.017s] [  0%] Built target jsk_footstep_msgs_generate_messages_cpp
[19.043s] [35m[1mScanning dependencies of target actionlib_msgs_generate_messages_cpp[0m
[19.073s] [  0%] Built target actionlib_msgs_generate_messages_cpp
[19.101s] [35m[1mScanning dependencies of target roscpp_generate_messages_eus[0m
[19.151s] [  0%] Built target roscpp_generate_messages_eus
[19.211s] [35m[1mScanning dependencies of target rosgraph_msgs_generate_messages_py[0m
[19.259s] [  0%] Built target rosgraph_msgs_generate_messages_py
[19.301s] [35m[1mScanning dependencies of target actionlib_msgs_generate_messages_eus[0m
[19.333s] [  0%] Built target actionlib_msgs_generate_messages_eus
[19.377s] [35m[1mScanning dependencies of target topic_tools_generate_messages_lisp[0m
[19.417s] [  0%] Built target topic_tools_generate_messages_lisp
[19.460s] [35m[1mScanning dependencies of target jsk_recognition_msgs_generate_messages_cpp[0m
[19.496s] [  0%] Built target jsk_recognition_msgs_generate_messages_cpp
[19.550s] [35m[1mScanning dependencies of target jsk_recognition_msgs_generate_messages_eus[0m
[19.601s] [  0%] Built target jsk_recognition_msgs_generate_messages_eus
[19.651s] [35m[1mScanning dependencies of target jsk_recognition_msgs_generate_messages_lisp[0m
[19.683s] [  0%] Built target jsk_recognition_msgs_generate_messages_lisp
[19.731s] [35m[1mScanning dependencies of target jsk_recognition_msgs_generate_messages_py[0m
[19.784s] [  0%] Built target jsk_recognition_msgs_generate_messages_py
[19.827s] [35m[1mScanning dependencies of target sensor_msgs_generate_messages_cpp[0m
[19.868s] [  0%] Built target sensor_msgs_generate_messages_cpp
[19.918s] [35m[1mScanning dependencies of target nodelet_generate_messages_py[0m
[19.963s] [  0%] Built target nodelet_generate_messages_py
[19.993s] [35m[1mScanning dependencies of target sensor_msgs_generate_messages_py[0m
[20.030s] [  0%] Built target sensor_msgs_generate_messages_py
[20.084s] [35m[1mScanning dependencies of target pcl_msgs_generate_messages_cpp[0m
[20.127s] [  0%] Built target pcl_msgs_generate_messages_cpp
[20.177s] [35m[1mScanning dependencies of target people_msgs_generate_messages_nodejs[0m
[20.218s] [  0%] Built target people_msgs_generate_messages_nodejs
[20.251s] [35m[1mScanning dependencies of target dynamic_reconfigure_generate_messages_lisp[0m
[20.294s] [  0%] Built target dynamic_reconfigure_generate_messages_lisp
[20.338s] [35m[1mScanning dependencies of target pcl_msgs_generate_messages_eus[0m
[20.373s] [  0%] Built target pcl_msgs_generate_messages_eus
[20.410s] [35m[1mScanning dependencies of target actionlib_generate_messages_nodejs[0m
[20.444s] [  0%] Built target actionlib_generate_messages_nodejs
[20.484s] [35m[1mScanning dependencies of target tf_generate_messages_cpp[0m
[20.506s] [  0%] Built target tf_generate_messages_cpp
[20.545s] [35m[1mScanning dependencies of target pcl_msgs_generate_messages_lisp[0m
[20.584s] [  0%] Built target pcl_msgs_generate_messages_lisp
[20.632s] [35m[1mScanning dependencies of target actionlib_generate_messages_eus[0m
[20.676s] [  0%] Built target actionlib_generate_messages_eus
[20.727s] [35m[1mScanning dependencies of target jsk_rviz_plugins_generate_messages_eus[0m
[20.765s] [  0%] Built target jsk_rviz_plugins_generate_messages_eus
[20.826s] [35m[1mScanning dependencies of target diagnostic_msgs_generate_messages_cpp[0m
[20.867s] [  0%] Built target diagnostic_msgs_generate_messages_cpp
[20.913s] [35m[1mScanning dependencies of target pcl_msgs_generate_messages_py[0m
[20.953s] [  0%] Built target pcl_msgs_generate_messages_py
[21.001s] [35m[1mScanning dependencies of target map_msgs_generate_messages_py[0m
[21.032s] [  0%] Built target map_msgs_generate_messages_py
[21.074s] [35m[1mScanning dependencies of target pcl_ros_gencfg[0m
[21.144s] [  0%] Built target pcl_ros_gencfg
[21.175s] [35m[1mScanning dependencies of target map_msgs_generate_messages_lisp[0m
[21.218s] [  0%] Built target map_msgs_generate_messages_lisp
[21.253s] [35m[1mScanning dependencies of target nav_msgs_generate_messages_nodejs[0m
[21.293s] [  0%] Built target nav_msgs_generate_messages_nodejs
[21.356s] [35m[1mScanning dependencies of target health_checker[0m
[21.538s] [  6%] [32mBuilding CXX object CMakeFiles/health_checker.dir/src/health_checker/health_checker.cpp.o[0m
[28.083s] [01m[K/home/chinchia120/autoware.ai/src/autoware/common/autoware_health_checker/src/health_checker/health_checker.cpp:[m[K In member function ‘[01m[Kautoware_health_checker::ErrorLevel autoware_health_checker::HealthChecker::CHECK_MIN_VALUE(const ErrorKey&, double, double, double, double, const string&)[m[K’:
[28.083s] [01m[K/home/chinchia120/autoware.ai/src/autoware/common/autoware_health_checker/src/health_checker/health_checker.cpp:198:32:[m[K [01;35m[Kwarning: [m[Kcapture of variable ‘[01m[Kthresh_type[m[K’ with non-automatic storage duration
[28.083s]    auto identify = [key, value, [01;35m[Kthresh_type[m[K, this](ErrorLevel level)
[28.084s]                                 [01;35m[K^~~~~~~~~~~[m[K
[28.084s] [01m[K/home/chinchia120/autoware.ai/src/autoware/common/autoware_health_checker/src/health_checker/health_checker.cpp:195:27:[m[K [01;36m[Knote: [m[K‘[01m[Kconst ThreshType thresh_type[m[K’ declared here
[28.084s]    static const ThreshType [01;36m[Kthresh_type[m[K = "min";
[28.084s]                            [01;36m[K^~~~~~~~~~~[m[K
[28.087s] [01m[K/home/chinchia120/autoware.ai/src/autoware/common/autoware_health_checker/src/health_checker/health_checker.cpp:[m[K In member function ‘[01m[Kautoware_health_checker::ErrorLevel autoware_health_checker::HealthChecker::CHECK_MAX_VALUE(const ErrorKey&, double, double, double, double, const string&)[m[K’:
[28.087s] [01m[K/home/chinchia120/autoware.ai/src/autoware/common/autoware_health_checker/src/health_checker/health_checker.cpp:223:32:[m[K [01;35m[Kwarning: [m[Kcapture of variable ‘[01m[Kthresh_type[m[K’ with non-automatic storage duration
[28.087s]    auto identify = [key, value, [01;35m[Kthresh_type[m[K, this](ErrorLevel level)
[28.088s]                                 [01;35m[K^~~~~~~~~~~[m[K
[28.088s] [01m[K/home/chinchia120/autoware.ai/src/autoware/common/autoware_health_checker/src/health_checker/health_checker.cpp:220:27:[m[K [01;36m[Knote: [m[K‘[01m[Kconst ThreshType thresh_type[m[K’ declared here
[28.088s]    static const ThreshType [01;36m[Kthresh_type[m[K = "max";
[28.088s]                            [01;36m[K^~~~~~~~~~~[m[K
[33.331s] [ 13%] [32mBuilding CXX object CMakeFiles/health_checker.dir/src/health_checker/diag_buffer.cpp.o[0m
[42.351s] [ 20%] [32mBuilding CXX object CMakeFiles/health_checker.dir/src/health_checker/rate_checker.cpp.o[0m
[46.661s] [ 26%] [32mBuilding CXX object CMakeFiles/health_checker.dir/src/health_checker/value_manager.cpp.o[0m
[52.590s] [ 33%] [32mBuilding CXX object CMakeFiles/health_checker.dir/src/health_checker/param_manager.cpp.o[0m
[56.399s] [ 40%] [32m[1mLinking CXX shared library devel/lib/libhealth_checker.so[0m
[58.361s] [ 40%] Built target health_checker
[58.392s] [35m[1mScanning dependencies of target health_analyzer[0m
[58.470s] [ 46%] [32mBuilding CXX object CMakeFiles/health_analyzer.dir/src/health_analyzer/health_analyzer_node.cpp.o[0m
[67.906s] [ 53%] [32mBuilding CXX object CMakeFiles/health_analyzer.dir/src/health_analyzer/health_analyzer.cpp.o[0m
[87.968s] [ 60%] [32m[1mLinking CXX executable devel/lib/autoware_health_checker/health_analyzer[0m
[89.200s] [ 60%] Built target health_analyzer
[89.275s] [35m[1mScanning dependencies of target health_aggregator[0m
[89.474s] [ 66%] [32mBuilding CXX object CMakeFiles/health_aggregator.dir/src/health_aggregator/health_aggregator_node.cpp.o[0m
[95.168s] [ 73%] [32mBuilding CXX object CMakeFiles/health_aggregator.dir/src/health_aggregator/status_monitor.cpp.o[0m
[98.962s] [ 80%] [32mBuilding CXX object CMakeFiles/health_aggregator.dir/src/health_aggregator/health_aggregator.cpp.o[0m
[118.413s] [ 86%] [32m[1mLinking CXX executable devel/lib/autoware_health_checker/health_aggregator[0m
[119.114s] [ 86%] Built target health_aggregator
[119.136s] [35m[1mScanning dependencies of target system_status_subscriber[0m
[119.191s] [ 93%] [32mBuilding CXX object CMakeFiles/system_status_subscriber.dir/src/system_status_subscriber/system_status_subscriber.cpp.o[0m
[125.004s] [100%] [32m[1mLinking CXX shared library devel/lib/libsystem_status_subscriber.so[0m
[126.110s] [100%] Built target system_status_subscriber
[126.136s] Invoked command in '/home/chinchia120/autoware.ai/build/autoware_health_checker' returned '0': CMAKE_PREFIX_PATH=/home/chinchia120/autoware.ai/install/ros_observer:/home/chinchia120/autoware.ai/install/autoware_system_msgs:${CMAKE_PREFIX_PATH} LD_LIBRARY_PATH=/home/chinchia120/autoware.ai/install/ros_observer/lib:${LD_LIBRARY_PATH} PKG_CONFIG_PATH=/home/chinchia120/autoware.ai/install/ros_observer/lib/x86_64-linux-gnu/pkgconfig:/home/chinchia120/autoware.ai/install/ros_observer/lib/pkgconfig:/home/chinchia120/autoware.ai/install/autoware_system_msgs/lib/x86_64-linux-gnu/pkgconfig:/home/chinchia120/autoware.ai/install/autoware_system_msgs/lib/pkgconfig:${PKG_CONFIG_PATH} PYTHONPATH=/home/chinchia120/autoware.ai/install/autoware_system_msgs/lib/python2.7/dist-packages:${PYTHONPATH} ROS_PACKAGE_PATH=/home/chinchia120/autoware.ai/install/ros_observer/share:/home/chinchia120/autoware.ai/install/autoware_system_msgs/share:${ROS_PACKAGE_PATH} /usr/bin/cmake --build /home/chinchia120/autoware.ai/build/autoware_health_checker -- -j4 -l4
[126.680s] Invoking command in '/home/chinchia120/autoware.ai/build/autoware_health_checker': CMAKE_PREFIX_PATH=/home/chinchia120/autoware.ai/install/ros_observer:/home/chinchia120/autoware.ai/install/autoware_system_msgs:${CMAKE_PREFIX_PATH} LD_LIBRARY_PATH=/home/chinchia120/autoware.ai/install/ros_observer/lib:${LD_LIBRARY_PATH} PKG_CONFIG_PATH=/home/chinchia120/autoware.ai/install/ros_observer/lib/x86_64-linux-gnu/pkgconfig:/home/chinchia120/autoware.ai/install/ros_observer/lib/pkgconfig:/home/chinchia120/autoware.ai/install/autoware_system_msgs/lib/x86_64-linux-gnu/pkgconfig:/home/chinchia120/autoware.ai/install/autoware_system_msgs/lib/pkgconfig:${PKG_CONFIG_PATH} PYTHONPATH=/home/chinchia120/autoware.ai/install/autoware_system_msgs/lib/python2.7/dist-packages:${PYTHONPATH} ROS_PACKAGE_PATH=/home/chinchia120/autoware.ai/install/ros_observer/share:/home/chinchia120/autoware.ai/install/autoware_system_msgs/share:${ROS_PACKAGE_PATH} /usr/bin/cmake --build /home/chinchia120/autoware.ai/build/autoware_health_checker --target tests -- -j4 -l4
[126.845s] [35m[1mScanning dependencies of target gtest[0m
[126.900s] [ 11%] [32mBuilding CXX object gtest/googlemock/gtest/CMakeFiles/gtest.dir/src/gtest-all.cc.o[0m
[135.844s] [ 22%] [32m[1mLinking CXX shared library libgtest.so[0m
[136.073s] [ 22%] Built target gtest
[136.103s] [35m[1mScanning dependencies of target test-autoware_health_checker[0m
[136.226s] [ 33%] [32mBuilding CXX object CMakeFiles/test-autoware_health_checker.dir/test/src/test_autoware_health_checker.cpp.o[0m
[143.849s] [ 44%] [32mBuilding CXX object CMakeFiles/test-autoware_health_checker.dir/src/health_checker/rate_checker.cpp.o[0m
[147.050s] [ 55%] [32mBuilding CXX object CMakeFiles/test-autoware_health_checker.dir/src/health_checker/value_manager.cpp.o[0m
[150.760s] [ 66%] [32mBuilding CXX object CMakeFiles/test-autoware_health_checker.dir/src/health_checker/param_manager.cpp.o[0m
[154.854s] [ 77%] [32mBuilding CXX object CMakeFiles/test-autoware_health_checker.dir/src/health_checker/diag_buffer.cpp.o[0m
[160.202s] [ 88%] [32mBuilding CXX object CMakeFiles/test-autoware_health_checker.dir/src/health_checker/health_checker.cpp.o[0m
[163.593s] [01m[K/home/chinchia120/autoware.ai/src/autoware/common/autoware_health_checker/src/health_checker/health_checker.cpp:[m[K In member function ‘[01m[Kautoware_health_checker::ErrorLevel autoware_health_checker::HealthChecker::CHECK_MIN_VALUE(const ErrorKey&, double, double, double, double, const string&)[m[K’:
[163.593s] [01m[K/home/chinchia120/autoware.ai/src/autoware/common/autoware_health_checker/src/health_checker/health_checker.cpp:198:32:[m[K [01;35m[Kwarning: [m[Kcapture of variable ‘[01m[Kthresh_type[m[K’ with non-automatic storage duration
[163.594s]    auto identify = [key, value, [01;35m[Kthresh_type[m[K, this](ErrorLevel level)
[163.594s]                                 [01;35m[K^~~~~~~~~~~[m[K
[163.594s] [01m[K/home/chinchia120/autoware.ai/src/autoware/common/autoware_health_checker/src/health_checker/health_checker.cpp:195:27:[m[K [01;36m[Knote: [m[K‘[01m[Kconst ThreshType thresh_type[m[K’ declared here
[163.594s]    static const ThreshType [01;36m[Kthresh_type[m[K = "min";
[163.594s]                            [01;36m[K^~~~~~~~~~~[m[K
[163.596s] [01m[K/home/chinchia120/autoware.ai/src/autoware/common/autoware_health_checker/src/health_checker/health_checker.cpp:[m[K In member function ‘[01m[Kautoware_health_checker::ErrorLevel autoware_health_checker::HealthChecker::CHECK_MAX_VALUE(const ErrorKey&, double, double, double, double, const string&)[m[K’:
[163.596s] [01m[K/home/chinchia120/autoware.ai/src/autoware/common/autoware_health_checker/src/health_checker/health_checker.cpp:223:32:[m[K [01;35m[Kwarning: [m[Kcapture of variable ‘[01m[Kthresh_type[m[K’ with non-automatic storage duration
[163.596s]    auto identify = [key, value, [01;35m[Kthresh_type[m[K, this](ErrorLevel level)
[163.596s]                                 [01;35m[K^~~~~~~~~~~[m[K
[163.597s] [01m[K/home/chinchia120/autoware.ai/src/autoware/common/autoware_health_checker/src/health_checker/health_checker.cpp:220:27:[m[K [01;36m[Knote: [m[K‘[01m[Kconst ThreshType thresh_type[m[K’ declared here
[163.597s]    static const ThreshType [01;36m[Kthresh_type[m[K = "max";
[163.597s]                            [01;36m[K^~~~~~~~~~~[m[K
[168.768s] [100%] [32m[1mLinking CXX executable devel/lib/autoware_health_checker/test-autoware_health_checker[0m
[169.635s] [100%] Built target test-autoware_health_checker
[169.661s] [35m[1mScanning dependencies of target tests[0m
[169.692s] [100%] Built target tests
[169.725s] Invoked command in '/home/chinchia120/autoware.ai/build/autoware_health_checker' returned '0': CMAKE_PREFIX_PATH=/home/chinchia120/autoware.ai/install/ros_observer:/home/chinchia120/autoware.ai/install/autoware_system_msgs:${CMAKE_PREFIX_PATH} LD_LIBRARY_PATH=/home/chinchia120/autoware.ai/install/ros_observer/lib:${LD_LIBRARY_PATH} PKG_CONFIG_PATH=/home/chinchia120/autoware.ai/install/ros_observer/lib/x86_64-linux-gnu/pkgconfig:/home/chinchia120/autoware.ai/install/ros_observer/lib/pkgconfig:/home/chinchia120/autoware.ai/install/autoware_system_msgs/lib/x86_64-linux-gnu/pkgconfig:/home/chinchia120/autoware.ai/install/autoware_system_msgs/lib/pkgconfig:${PKG_CONFIG_PATH} PYTHONPATH=/home/chinchia120/autoware.ai/install/autoware_system_msgs/lib/python2.7/dist-packages:${PYTHONPATH} ROS_PACKAGE_PATH=/home/chinchia120/autoware.ai/install/ros_observer/share:/home/chinchia120/autoware.ai/install/autoware_system_msgs/share:${ROS_PACKAGE_PATH} /usr/bin/cmake --build /home/chinchia120/autoware.ai/build/autoware_health_checker --target tests -- -j4 -l4
[170.206s] Invoking command in '/home/chinchia120/autoware.ai/build/autoware_health_checker': CMAKE_PREFIX_PATH=/home/chinchia120/autoware.ai/install/ros_observer:/home/chinchia120/autoware.ai/install/autoware_system_msgs:${CMAKE_PREFIX_PATH} LD_LIBRARY_PATH=/home/chinchia120/autoware.ai/install/ros_observer/lib:${LD_LIBRARY_PATH} PKG_CONFIG_PATH=/home/chinchia120/autoware.ai/install/ros_observer/lib/x86_64-linux-gnu/pkgconfig:/home/chinchia120/autoware.ai/install/ros_observer/lib/pkgconfig:/home/chinchia120/autoware.ai/install/autoware_system_msgs/lib/x86_64-linux-gnu/pkgconfig:/home/chinchia120/autoware.ai/install/autoware_system_msgs/lib/pkgconfig:${PKG_CONFIG_PATH} PYTHONPATH=/home/chinchia120/autoware.ai/install/autoware_system_msgs/lib/python2.7/dist-packages:${PYTHONPATH} ROS_PACKAGE_PATH=/home/chinchia120/autoware.ai/install/ros_observer/share:/home/chinchia120/autoware.ai/install/autoware_system_msgs/share:${ROS_PACKAGE_PATH} /usr/bin/cmake --build /home/chinchia120/autoware.ai/build/autoware_health_checker --target install -- -j4 -l4
[170.343s] [  0%] Built target dynamic_reconfigure_generate_messages_nodejs
[170.390s] [  0%] Built target rviz_generate_messages_py
[170.439s] [  0%] Built target rviz_generate_messages_cpp
[170.488s] [  0%] Built target people_msgs_generate_messages_lisp
[170.559s] [  0%] Built target rviz_generate_messages_eus
[170.603s] [  0%] Built target people_msgs_generate_messages_eus
[170.660s] [  0%] Built target people_msgs_generate_messages_cpp
[170.722s] [  0%] Built target visualization_msgs_generate_messages_py
[170.775s] [  0%] Built target visualization_msgs_generate_messages_nodejs
[170.817s] [  0%] Built target visualization_msgs_generate_messages_eus
[170.869s] [  0%] Built target tf2_msgs_generate_messages_nodejs
[170.923s] [  0%] Built target nav_msgs_generate_messages_eus
[170.978s] [  0%] Built target visualization_msgs_generate_messages_cpp
[171.030s] [  0%] Built target tf2_msgs_generate_messages_eus
[171.079s] [  0%] Built target tf2_msgs_generate_messages_cpp
[171.127s] [  0%] Built target map_msgs_generate_messages_cpp
[171.181s] [  0%] Built target tf2_msgs_generate_messages_py
[171.238s] [  0%] Built target actionlib_generate_messages_py
[171.295s] [  0%] Built target actionlib_generate_messages_cpp
[171.347s] [  0%] Built target tf_generate_messages_nodejs
[171.391s] [  0%] Built target tf_generate_messages_lisp
[171.440s] [  0%] Built target topic_tools_generate_messages_nodejs
[171.487s] [  0%] Built target topic_tools_generate_messages_eus
[171.543s] [  0%] Built target topic_tools_generate_messages_cpp
[171.608s] [  0%] Built target std_srvs_generate_messages_py
[171.655s] [  0%] Built target std_srvs_generate_messages_nodejs
[171.700s] [  0%] Built target std_srvs_generate_messages_lisp
[171.759s] [  0%] Built target bond_generate_messages_py
[171.809s] [  0%] Built target bond_generate_messages_nodejs
[171.861s] [  0%] Built target bond_generate_messages_lisp
[171.909s] [  0%] Built target bond_generate_messages_eus
[171.966s] [  0%] Built target bond_generate_messages_cpp
[172.029s] [  0%] Built target nodelet_generate_messages_nodejs
[172.094s] [  0%] Built target nodelet_generate_messages_lisp
[172.151s] [  0%] Built target map_msgs_generate_messages_eus
[172.209s] [  0%] Built target nodelet_generate_messages_eus
[172.266s] [  0%] Built target nodelet_generate_messages_cpp
[172.323s] [  0%] Built target nav_msgs_generate_messages_py
[172.383s] [  0%] Built target tf2_msgs_generate_messages_lisp
[172.443s] [  0%] Built target dynamic_reconfigure_gencfg
[172.489s] [  0%] Built target jsk_rviz_plugins_generate_messages_py
[172.540s] [  0%] Built target jsk_hark_msgs_generate_messages_eus
[172.588s] [  0%] Built target jsk_rviz_plugins_generate_messages_nodejs
[172.643s] [  0%] Built target rviz_generate_messages_lisp
[172.688s] [  0%] Built target jsk_rviz_plugins_gencfg
[172.759s] [  0%] Built target visualization_msgs_generate_messages_lisp
[172.805s] [  0%] Built target std_msgs_generate_messages_eus
[172.851s] [  0%] Built target diagnostic_msgs_generate_messages_nodejs
[172.900s] [  0%] Built target dynamic_reconfigure_generate_messages_py
[172.957s] [  0%] Built target rviz_generate_messages_nodejs
[173.001s] [  0%] Built target jsk_hark_msgs_generate_messages_nodejs
[173.048s] [  0%] Built target diagnostic_msgs_generate_messages_lisp
[173.097s] [  0%] Built target dynamic_reconfigure_generate_messages_eus
[173.149s] [  0%] Built target roscpp_generate_messages_py
[173.191s] [  0%] Built target people_msgs_generate_messages_py
[173.244s] [  0%] Built target autoware_system_msgs_generate_messages_cpp
[173.298s] [  0%] Built target geometry_msgs_generate_messages_eus
[173.358s] [  0%] Built target std_msgs_generate_messages_py
[173.403s] [  0%] Built target sensor_msgs_generate_messages_eus
[173.459s] [  0%] Built target std_srvs_generate_messages_cpp
[173.507s] [  0%] Built target nav_msgs_generate_messages_cpp
[173.556s] [  0%] Built target sensor_msgs_generate_messages_lisp
[173.611s] [  0%] Built target map_msgs_generate_messages_nodejs
[173.655s] [  0%] Built target topic_tools_generate_messages_py
[173.710s] [  0%] Built target nodelet_topic_tools_gencfg
[173.765s] [  0%] Built target actionlib_msgs_generate_messages_nodejs
[173.813s] [  0%] Built target diagnostic_msgs_generate_messages_eus
[173.867s] [  0%] Built target autoware_system_msgs_generate_messages_nodejs
[173.910s] [  0%] Built target actionlib_msgs_generate_messages_lisp
[173.963s] [  0%] Built target std_msgs_generate_messages_cpp
[174.017s] [  0%] Built target jsk_footstep_msgs_generate_messages_py
[174.072s] [  0%] Built target autoware_system_msgs_generate_messages_lisp
[174.139s] [  0%] Built target roscpp_generate_messages_cpp
[174.190s] [  0%] Built target autoware_system_msgs_generate_messages_py
[174.245s] [  0%] Built target sensor_msgs_generate_messages_nodejs
[174.298s] [  0%] Built target geometry_msgs_generate_messages_nodejs
[174.349s] [  0%] Built target diagnostic_msgs_generate_messages_py
[174.398s] [  0%] Built target autoware_system_msgs_generate_messages_eus
[174.452s] [  0%] Built target jsk_rviz_plugins_generate_messages_cpp
[174.507s] [  0%] Built target roscpp_generate_messages_nodejs
[174.568s] [  0%] Built target std_msgs_generate_messages_lisp
[174.624s] [  0%] Built target rosgraph_msgs_generate_messages_lisp
[174.677s] [  0%] Built target actionlib_generate_messages_lisp
[174.740s] [  0%] Built target geometry_msgs_generate_messages_cpp
[174.799s] [  0%] Built target geometry_msgs_generate_messages_lisp
[174.862s] [  0%] Built target rosgraph_msgs_generate_messages_cpp
[174.922s] [  0%] Built target tf_generate_messages_py
[174.974s] [  0%] Built target dynamic_reconfigure_generate_messages_cpp
[175.037s] [  0%] Built target rosgraph_msgs_generate_messages_eus
[175.098s] [  0%] Built target std_srvs_generate_messages_eus
[175.158s] [  0%] Built target roscpp_generate_messages_lisp
[175.205s] [  0%] Built target jsk_recognition_msgs_generate_messages_nodejs
[175.259s] [  0%] Built target jsk_rviz_plugins_generate_messages_lisp
[175.305s] [  0%] Built target jsk_recognition_utils_gencfg
[175.367s] [  0%] Built target rosgraph_msgs_generate_messages_nodejs
[175.435s] [  0%] Built target jsk_hark_msgs_generate_messages_cpp
[175.490s] [  0%] Built target std_msgs_generate_messages_nodejs
[175.553s] [  0%] Built target jsk_hark_msgs_generate_messages_lisp
[175.600s] [  0%] Built target jsk_footstep_msgs_generate_messages_eus
[175.656s] [  0%] Built target actionlib_msgs_generate_messages_py
[175.703s] [  0%] Built target jsk_hark_msgs_generate_messages_py
[175.761s] [  0%] Built target nav_msgs_generate_messages_lisp
[175.816s] [  0%] Built target pcl_msgs_generate_messages_nodejs
[175.861s] [  0%] Built target geometry_msgs_generate_messages_py
[175.919s] [  0%] Built target jsk_footstep_msgs_generate_messages_lisp
[175.982s] [  0%] Built target jsk_footstep_msgs_generate_messages_nodejs
[176.040s] [  0%] Built target tf_generate_messages_eus
[176.091s] [  0%] Built target jsk_footstep_msgs_generate_messages_cpp
[176.144s] [  0%] Built target actionlib_msgs_generate_messages_cpp
[176.197s] [  0%] Built target roscpp_generate_messages_eus
[176.253s] [  0%] Built target rosgraph_msgs_generate_messages_py
[176.306s] [  0%] Built target actionlib_msgs_generate_messages_eus
[176.366s] [  0%] Built target topic_tools_generate_messages_lisp
[176.429s] [  0%] Built target jsk_recognition_msgs_generate_messages_cpp
[176.487s] [  0%] Built target jsk_recognition_msgs_generate_messages_eus
[176.537s] [  0%] Built target jsk_recognition_msgs_generate_messages_lisp
[176.587s] [  0%] Built target jsk_recognition_msgs_generate_messages_py
[176.642s] [  0%] Built target sensor_msgs_generate_messages_cpp
[176.700s] [  0%] Built target nodelet_generate_messages_py
[176.752s] [  0%] Built target sensor_msgs_generate_messages_py
[176.799s] [  0%] Built target pcl_msgs_generate_messages_cpp
[176.859s] [  0%] Built target people_msgs_generate_messages_nodejs
[176.924s] [  0%] Built target dynamic_reconfigure_generate_messages_lisp
[176.978s] [  0%] Built target pcl_msgs_generate_messages_eus
[177.030s] [  0%] Built target actionlib_generate_messages_nodejs
[177.092s] [  0%] Built target tf_generate_messages_cpp
[177.149s] [  0%] Built target pcl_msgs_generate_messages_lisp
[177.209s] [  0%] Built target actionlib_generate_messages_eus
[177.271s] [  0%] Built target jsk_rviz_plugins_generate_messages_eus
[177.339s] [  0%] Built target diagnostic_msgs_generate_messages_cpp
[177.395s] [  0%] Built target pcl_msgs_generate_messages_py
[177.456s] [  0%] Built target map_msgs_generate_messages_py
[177.528s] [  0%] Built target pcl_ros_gencfg
[177.594s] [  0%] Built target map_msgs_generate_messages_lisp
[177.657s] [  0%] Built target nav_msgs_generate_messages_nodejs
[177.737s] [ 40%] Built target health_checker
[177.815s] [ 60%] Built target health_analyzer
[177.899s] [ 86%] Built target health_aggregator
[177.987s] [100%] Built target system_status_subscriber
[178.052s] [36mInstall the project...[0m
[178.073s] -- Install configuration: "Release"
[178.074s] -- Installing: /home/chinchia120/autoware.ai/install/autoware_health_checker/lib/pkgconfig/autoware_health_checker.pc
[178.075s] -- Installing: /home/chinchia120/autoware.ai/install/autoware_health_checker/share/autoware_health_checker/cmake/autoware_health_checkerConfig.cmake
[178.076s] -- Installing: /home/chinchia120/autoware.ai/install/autoware_health_checker/share/autoware_health_checker/cmake/autoware_health_checkerConfig-version.cmake
[178.076s] -- Installing: /home/chinchia120/autoware.ai/install/autoware_health_checker/share/autoware_health_checker/package.xml
[178.078s] -- Installing: /home/chinchia120/autoware.ai/install/autoware_health_checker/lib/autoware_health_checker/health_aggregator
[178.081s] -- Set runtime path of "/home/chinchia120/autoware.ai/install/autoware_health_checker/lib/autoware_health_checker/health_aggregator" to ""
[178.082s] -- Installing: /home/chinchia120/autoware.ai/install/autoware_health_checker/lib/autoware_health_checker/health_analyzer
[178.084s] -- Set runtime path of "/home/chinchia120/autoware.ai/install/autoware_health_checker/lib/autoware_health_checker/health_analyzer" to ""
[178.085s] -- Installing: /home/chinchia120/autoware.ai/install/autoware_health_checker/include/autoware_health_checker
[178.086s] -- Installing: /home/chinchia120/autoware.ai/install/autoware_health_checker/include/autoware_health_checker/health_analyzer
[178.086s] -- Installing: /home/chinchia120/autoware.ai/install/autoware_health_checker/include/autoware_health_checker/health_analyzer/health_analyzer.h
[178.087s] -- Installing: /home/chinchia120/autoware.ai/install/autoware_health_checker/include/autoware_health_checker/health_checker
[178.087s] -- Installing: /home/chinchia120/autoware.ai/install/autoware_health_checker/include/autoware_health_checker/health_checker/value_manager.h
[178.088s] -- Installing: /home/chinchia120/autoware.ai/install/autoware_health_checker/include/autoware_health_checker/health_checker/rate_checker.h
[178.088s] -- Installing: /home/chinchia120/autoware.ai/install/autoware_health_checker/include/autoware_health_checker/health_checker/diag_buffer.h
[178.088s] -- Installing: /home/chinchia120/autoware.ai/install/autoware_health_checker/include/autoware_health_checker/health_checker/param_manager.h
[178.091s] -- Installing: /home/chinchia120/autoware.ai/install/autoware_health_checker/include/autoware_health_checker/health_checker/health_checker.h
[178.091s] -- Installing: /home/chinchia120/autoware.ai/install/autoware_health_checker/include/autoware_health_checker/system_status_subscriber
[178.092s] -- Installing: /home/chinchia120/autoware.ai/install/autoware_health_checker/include/autoware_health_checker/system_status_subscriber/system_status_subscriber.h
[178.092s] -- Installing: /home/chinchia120/autoware.ai/install/autoware_health_checker/include/autoware_health_checker/constants.h
[178.093s] -- Installing: /home/chinchia120/autoware.ai/install/autoware_health_checker/include/autoware_health_checker/health_aggregator
[178.094s] -- Installing: /home/chinchia120/autoware.ai/install/autoware_health_checker/include/autoware_health_checker/health_aggregator/health_aggregator.h
[178.094s] -- Installing: /home/chinchia120/autoware.ai/install/autoware_health_checker/include/autoware_health_checker/health_aggregator/status_monitor.h
[178.095s] -- Installing: /home/chinchia120/autoware.ai/install/autoware_health_checker/lib/libhealth_checker.so
[178.097s] -- Set runtime path of "/home/chinchia120/autoware.ai/install/autoware_health_checker/lib/libhealth_checker.so" to ""
[178.097s] -- Installing: /home/chinchia120/autoware.ai/install/autoware_health_checker/lib/libsystem_status_subscriber.so
[178.099s] -- Set runtime path of "/home/chinchia120/autoware.ai/install/autoware_health_checker/lib/libsystem_status_subscriber.so" to ""
[178.099s] -- Installing: /home/chinchia120/autoware.ai/install/autoware_health_checker/share/autoware_health_checker/launch
[178.100s] -- Installing: /home/chinchia120/autoware.ai/install/autoware_health_checker/share/autoware_health_checker/launch/health_checker.launch
[178.101s] -- Installing: /home/chinchia120/autoware.ai/install/autoware_health_checker/share/autoware_health_checker/launch/health_analyzer.launch
[178.102s] -- Installing: /home/chinchia120/autoware.ai/install/autoware_health_checker/share/autoware_health_checker/config
[178.103s] -- Installing: /home/chinchia120/autoware.ai/install/autoware_health_checker/share/autoware_health_checker/config/README.md
[178.110s] Invoked command in '/home/chinchia120/autoware.ai/build/autoware_health_checker' returned '0': CMAKE_PREFIX_PATH=/home/chinchia120/autoware.ai/install/ros_observer:/home/chinchia120/autoware.ai/install/autoware_system_msgs:${CMAKE_PREFIX_PATH} LD_LIBRARY_PATH=/home/chinchia120/autoware.ai/install/ros_observer/lib:${LD_LIBRARY_PATH} PKG_CONFIG_PATH=/home/chinchia120/autoware.ai/install/ros_observer/lib/x86_64-linux-gnu/pkgconfig:/home/chinchia120/autoware.ai/install/ros_observer/lib/pkgconfig:/home/chinchia120/autoware.ai/install/autoware_system_msgs/lib/x86_64-linux-gnu/pkgconfig:/home/chinchia120/autoware.ai/install/autoware_system_msgs/lib/pkgconfig:${PKG_CONFIG_PATH} PYTHONPATH=/home/chinchia120/autoware.ai/install/autoware_system_msgs/lib/python2.7/dist-packages:${PYTHONPATH} ROS_PACKAGE_PATH=/home/chinchia120/autoware.ai/install/ros_observer/share:/home/chinchia120/autoware.ai/install/autoware_system_msgs/share:${ROS_PACKAGE_PATH} /usr/bin/cmake --build /home/chinchia120/autoware.ai/build/autoware_health_checker --target install -- -j4 -l4
