Determining if the pthread_create exist failed with the following output:
Change Dir: /home/chinchia120/autoware.ai/build/autoware_can_msgs/CMakeFiles/CMakeTmp

Run Build Command:"/usr/bin/make" "cmTC_88d79/fast"
/usr/bin/make -f CMakeFiles/cmTC_88d79.dir/build.make CMakeFiles/cmTC_88d79.dir/build
make[1]: Entering directory '/home/chinchia120/autoware.ai/build/autoware_can_msgs/CMakeFiles/CMakeTmp'
Building C object CMakeFiles/cmTC_88d79.dir/CheckSymbolExists.c.o
/usr/bin/cc    -o CMakeFiles/cmTC_88d79.dir/CheckSymbolExists.c.o   -c /home/chinchia120/autoware.ai/build/autoware_can_msgs/CMakeFiles/CMakeTmp/CheckSymbolExists.c
Linking C executable cmTC_88d79
/usr/bin/cmake -E cmake_link_script CMakeFiles/cmTC_88d79.dir/link.txt --verbose=1
/usr/bin/cc      -rdynamic CMakeFiles/cmTC_88d79.dir/CheckSymbolExists.c.o  -o cmTC_88d79 
CMakeFiles/cmTC_88d79.dir/CheckSymbolExists.c.o: In function `main':
CheckSymbolExists.c:(.text+0x1b): undefined reference to `pthread_create'
collect2: error: ld returned 1 exit status
CMakeFiles/cmTC_88d79.dir/build.make:97: recipe for target 'cmTC_88d79' failed
make[1]: *** [cmTC_88d79] Error 1
make[1]: Leaving directory '/home/chinchia120/autoware.ai/build/autoware_can_msgs/CMakeFiles/CMakeTmp'
Makefile:126: recipe for target 'cmTC_88d79/fast' failed
make: *** [cmTC_88d79/fast] Error 2

File /home/chinchia120/autoware.ai/build/autoware_can_msgs/CMakeFiles/CMakeTmp/CheckSymbolExists.c:
/* */
#include <pthread.h>

int main(int argc, char** argv)
{
  (void)argv;
#ifndef pthread_create
  return ((int*)(&pthread_create))[argc];
#else
  (void)argc;
  return 0;
#endif
}

Determining if the function pthread_create exists in the pthreads failed with the following output:
Change Dir: /home/chinchia120/autoware.ai/build/autoware_can_msgs/CMakeFiles/CMakeTmp

Run Build Command:"/usr/bin/make" "cmTC_45299/fast"
/usr/bin/make -f CMakeFiles/cmTC_45299.dir/build.make CMakeFiles/cmTC_45299.dir/build
make[1]: Entering directory '/home/chinchia120/autoware.ai/build/autoware_can_msgs/CMakeFiles/CMakeTmp'
Building C object CMakeFiles/cmTC_45299.dir/CheckFunctionExists.c.o
/usr/bin/cc   -DCHECK_FUNCTION_EXISTS=pthread_create   -o CMakeFiles/cmTC_45299.dir/CheckFunctionExists.c.o   -c /usr/share/cmake-3.10/Modules/CheckFunctionExists.c
Linking C executable cmTC_45299
/usr/bin/cmake -E cmake_link_script CMakeFiles/cmTC_45299.dir/link.txt --verbose=1
/usr/bin/cc  -DCHECK_FUNCTION_EXISTS=pthread_create    -rdynamic CMakeFiles/cmTC_45299.dir/CheckFunctionExists.c.o  -o cmTC_45299 -lpthreads 
/usr/bin/ld: cannot find -lpthreads
collect2: error: ld returned 1 exit status
CMakeFiles/cmTC_45299.dir/build.make:97: recipe for target 'cmTC_45299' failed
make[1]: *** [cmTC_45299] Error 1
make[1]: Leaving directory '/home/chinchia120/autoware.ai/build/autoware_can_msgs/CMakeFiles/CMakeTmp'
Makefile:126: recipe for target 'cmTC_45299/fast' failed
make: *** [cmTC_45299/fast] Error 2


