[0.028s] Invoking command in '/home/chinchia120/autoware.ai/build/ds4_driver': /usr/bin/cmake /home/chinchia120/autoware.ai/src/drivers/ds4/ds4_driver -DCMAKE_BUILD_TYPE=Release -DCATKIN_INSTALL_INTO_PREFIX_ROOT=0 -DCMAKE_INSTALL_PREFIX=/home/chinchia120/autoware.ai/install/ds4_driver
[0.185s] -- The C compiler identification is GNU 7.5.0
[0.321s] -- The CXX compiler identification is GNU 7.5.0
[0.333s] -- Check for working C compiler: /usr/bin/cc
[0.507s] -- Check for working C compiler: /usr/bin/cc -- works
[0.508s] -- Detecting C compiler ABI info
[0.692s] -- Detecting C compiler ABI info - done
[0.716s] -- Detecting C compile features
[1.197s] -- Detecting C compile features - done
[1.205s] -- Check for working CXX compiler: /usr/bin/c++
[1.400s] -- Check for working CXX compiler: /usr/bin/c++ -- works
[1.403s] -- Detecting CXX compiler ABI info
[1.619s] -- Detecting CXX compiler ABI info - done
[1.653s] -- Detecting CXX compile features
[2.482s] -- Detecting CXX compile features - done
[2.485s] -- Using CATKIN_DEVEL_PREFIX: /home/chinchia120/autoware.ai/build/ds4_driver/devel
[2.486s] -- Using CMAKE_PREFIX_PATH: /home/chinchia120/catkin_ws/devel;/opt/ros/melodic
[2.486s] -- This workspace overlays: /home/chinchia120/catkin_ws/devel;/opt/ros/melodic
[2.519s] -- Found PythonInterp: /usr/bin/python2 (found suitable version "2.7.17", minimum required is "2") 
[2.519s] -- Using PYTHON_EXECUTABLE: /usr/bin/python2
[2.519s] -- Using Debian Python package layout
[2.520s] -- Using empy: /usr/bin/empy
[2.837s] -- Using CATKIN_ENABLE_TESTING: ON
[2.837s] -- Call enable_testing()
[2.843s] -- Using CATKIN_TEST_RESULTS_DIR: /home/chinchia120/autoware.ai/build/ds4_driver/test_results
[2.888s] -- Found gtest sources under '/usr/src/googletest': gtests will be built
[2.888s] -- Found gmock sources under '/usr/src/googletest': gmock will be built
[2.922s] -- Found PythonInterp: /usr/bin/python2 (found version "2.7.17") 
[2.924s] -- Looking for pthread.h
[3.085s] -- Looking for pthread.h - found
[3.086s] -- Looking for pthread_create
[3.262s] -- Looking for pthread_create - not found
[3.262s] -- Looking for pthread_create in pthreads
[3.401s] -- Looking for pthread_create in pthreads - not found
[3.401s] -- Looking for pthread_create in pthread
[3.562s] -- Looking for pthread_create in pthread - found
[3.562s] -- Found Threads: TRUE  
[3.564s] -- Using Python nosetests: /usr/bin/nosetests-2.7
[3.654s] -- catkin 0.7.29
[3.654s] -- BUILD_SHARED_LIBS is on
[4.316s] -- Configuring done
[4.352s] -- Generating done
[4.362s] -- Build files have been written to: /home/chinchia120/autoware.ai/build/ds4_driver
[4.370s] Invoked command in '/home/chinchia120/autoware.ai/build/ds4_driver' returned '0': /usr/bin/cmake /home/chinchia120/autoware.ai/src/drivers/ds4/ds4_driver -DCMAKE_BUILD_TYPE=Release -DCATKIN_INSTALL_INTO_PREFIX_ROOT=0 -DCMAKE_INSTALL_PREFIX=/home/chinchia120/autoware.ai/install/ds4_driver
[4.374s] Invoking command in '/home/chinchia120/autoware.ai/build/ds4_driver': /usr/bin/cmake --build /home/chinchia120/autoware.ai/build/ds4_driver -- -j4 -l4
[4.474s] Invoked command in '/home/chinchia120/autoware.ai/build/ds4_driver' returned '0': /usr/bin/cmake --build /home/chinchia120/autoware.ai/build/ds4_driver -- -j4 -l4
[4.614s] Invoking command in '/home/chinchia120/autoware.ai/build/ds4_driver': /usr/bin/cmake --build /home/chinchia120/autoware.ai/build/ds4_driver --target tests -- -j4 -l4
[4.743s] [35m[1mScanning dependencies of target tests[0m
[4.773s] Built target tests
[4.795s] Invoked command in '/home/chinchia120/autoware.ai/build/ds4_driver' returned '0': /usr/bin/cmake --build /home/chinchia120/autoware.ai/build/ds4_driver --target tests -- -j4 -l4
[4.931s] Invoking command in '/home/chinchia120/autoware.ai/build/ds4_driver': /usr/bin/cmake --build /home/chinchia120/autoware.ai/build/ds4_driver --target install -- -j4 -l4
[5.050s] [36mInstall the project...[0m
[5.071s] -- Install configuration: "Release"
[5.071s] -- Installing: /home/chinchia120/autoware.ai/install/ds4_driver/lib/pkgconfig/ds4_driver.pc
[5.072s] -- Installing: /home/chinchia120/autoware.ai/install/ds4_driver/share/ds4_driver/cmake/ds4_driverConfig.cmake
[5.072s] -- Installing: /home/chinchia120/autoware.ai/install/ds4_driver/share/ds4_driver/cmake/ds4_driverConfig-version.cmake
[5.073s] -- Installing: /home/chinchia120/autoware.ai/install/ds4_driver/share/ds4_driver/package.xml
[5.073s] -- Installing: /home/chinchia120/autoware.ai/install/ds4_driver/lib/ds4_driver/ds4_driver
[5.074s] -- Installing: /home/chinchia120/autoware.ai/install/ds4_driver/share/ds4_driver/launch
[5.074s] -- Installing: /home/chinchia120/autoware.ai/install/ds4_driver/share/ds4_driver/launch/ds4_driver.launch
[5.079s] Invoked command in '/home/chinchia120/autoware.ai/build/ds4_driver' returned '0': /usr/bin/cmake --build /home/chinchia120/autoware.ai/build/ds4_driver --target install -- -j4 -l4
