[0.175s] Invoking command in '/home/chinchia120/autoware.ai/build/op_global_planner': CMAKE_PREFIX_PATH=/home/chinchia120/autoware.ai/install/op_ros_helpers:/home/chinchia120/autoware.ai/install/map_file:/home/chinchia120/autoware.ai/install/op_simu:/home/chinchia120/autoware.ai/install/lanelet2_extension:/home/chinchia120/autoware.ai/install/op_planner:/home/chinchia120/autoware.ai/install/lanelet2_validation:/home/chinchia120/autoware.ai/install/op_utility:/home/chinchia120/autoware.ai/install/lanelet2_routing:/home/chinchia120/autoware.ai/install/lanelet2_projection:/home/chinchia120/autoware.ai/install/vector_map_server:/home/chinchia120/autoware.ai/install/libwaypoint_follower:/home/chinchia120/autoware.ai/install/lanelet2_traffic_rules:/home/chinchia120/autoware.ai/install/lanelet2_maps:/home/chinchia120/autoware.ai/install/lanelet2_io:/home/chinchia120/autoware.ai/install/vector_map:/home/chinchia120/autoware.ai/install/lanelet2_core:/home/chinchia120/autoware.ai/install/amathutils_lib:/home/chinchia120/autoware.ai/install/vector_map_msgs:/home/chinchia120/autoware.ai/install/autoware_msgs:/home/chinchia120/autoware.ai/install/autoware_lanelet2_msgs:/home/chinchia120/autoware.ai/install/autoware_can_msgs:/home/chinchia120/autoware.ai/install/autoware_build_flags:${CMAKE_PREFIX_PATH} LD_LIBRARY_PATH=/home/chinchia120/autoware.ai/install/op_ros_helpers/lib:/home/chinchia120/autoware.ai/install/map_file/lib:/home/chinchia120/autoware.ai/install/op_simu/lib:/home/chinchia120/autoware.ai/install/lanelet2_extension/lib:/home/chinchia120/autoware.ai/install/op_planner/lib:/home/chinchia120/autoware.ai/install/lanelet2_validation/lib:/home/chinchia120/autoware.ai/install/op_utility/lib:/home/chinchia120/autoware.ai/install/lanelet2_routing/lib:/home/chinchia120/autoware.ai/install/lanelet2_projection/lib:/home/chinchia120/autoware.ai/install/libwaypoint_follower/lib:/home/chinchia120/autoware.ai/install/lanelet2_traffic_rules/lib:/home/chinchia120/autoware.ai/install/lanelet2_io/lib:/home/chinchia120/autoware.ai/install/vector_map/lib:/home/chinchia120/autoware.ai/install/lanelet2_core/lib:/home/chinchia120/autoware.ai/install/amathutils_lib/lib:${LD_LIBRARY_PATH} PKG_CONFIG_PATH=/home/chinchia120/autoware.ai/install/op_ros_helpers/lib/x86_64-linux-gnu/pkgconfig:/home/chinchia120/autoware.ai/install/op_ros_helpers/lib/pkgconfig:/home/chinchia120/autoware.ai/install/map_file/lib/x86_64-linux-gnu/pkgconfig:/home/chinchia120/autoware.ai/install/map_file/lib/pkgconfig:/home/chinchia120/autoware.ai/install/op_simu/lib/x86_64-linux-gnu/pkgconfig:/home/chinchia120/autoware.ai/install/op_simu/lib/pkgconfig:/home/chinchia120/autoware.ai/install/lanelet2_extension/lib/x86_64-linux-gnu/pkgconfig:/home/chinchia120/autoware.ai/install/lanelet2_extension/lib/pkgconfig:/home/chinchia120/autoware.ai/install/op_planner/lib/x86_64-linux-gnu/pkgconfig:/home/chinchia120/autoware.ai/install/op_planner/lib/pkgconfig:/home/chinchia120/autoware.ai/install/lanelet2_validation/lib/x86_64-linux-gnu/pkgconfig:/home/chinchia120/autoware.ai/install/lanelet2_validation/lib/pkgconfig:/home/chinchia120/autoware.ai/install/op_utility/lib/x86_64-linux-gnu/pkgconfig:/home/chinchia120/autoware.ai/install/op_utility/lib/pkgconfig:/home/chinchia120/autoware.ai/install/lanelet2_routing/lib/x86_64-linux-gnu/pkgconfig:/home/chinchia120/autoware.ai/install/lanelet2_routing/lib/pkgconfig:/home/chinchia120/autoware.ai/install/lanelet2_projection/lib/x86_64-linux-gnu/pkgconfig:/home/chinchia120/autoware.ai/install/lanelet2_projection/lib/pkgconfig:/home/chinchia120/autoware.ai/install/vector_map_server/lib/x86_64-linux-gnu/pkgconfig:/home/chinchia120/autoware.ai/install/vector_map_server/lib/pkgconfig:/home/chinchia120/autoware.ai/install/libwaypoint_follower/lib/x86_64-linux-gnu/pkgconfig:/home/chinchia120/autoware.ai/install/libwaypoint_follower/lib/pkgconfig:/home/chinchia120/autoware.ai/install/lanelet2_traffic_rules/lib/x86_64-linux-gnu/pkgconfig:/home/chinchia120/autoware.ai/install/lanelet2_traffic_rules/lib/pkgconfig:/home/chinchia120/autoware.ai/install/lanelet2_maps/lib/x86_64-linux-gnu/pkgconfig:/home/chinchia120/autoware.ai/install/lanelet2_maps/lib/pkgconfig:/home/chinchia120/autoware.ai/install/lanelet2_io/lib/x86_64-linux-gnu/pkgconfig:/home/chinchia120/autoware.ai/install/lanelet2_io/lib/pkgconfig:/home/chinchia120/autoware.ai/install/vector_map/lib/x86_64-linux-gnu/pkgconfig:/home/chinchia120/autoware.ai/install/vector_map/lib/pkgconfig:/home/chinchia120/autoware.ai/install/lanelet2_core/lib/x86_64-linux-gnu/pkgconfig:/home/chinchia120/autoware.ai/install/lanelet2_core/lib/pkgconfig:/home/chinchia120/autoware.ai/install/amathutils_lib/lib/x86_64-linux-gnu/pkgconfig:/home/chinchia120/autoware.ai/install/amathutils_lib/lib/pkgconfig:/home/chinchia120/autoware.ai/install/vector_map_msgs/lib/x86_64-linux-gnu/pkgconfig:/home/chinchia120/autoware.ai/install/vector_map_msgs/lib/pkgconfig:/home/chinchia120/autoware.ai/install/autoware_msgs/lib/x86_64-linux-gnu/pkgconfig:/home/chinchia120/autoware.ai/install/autoware_msgs/lib/pkgconfig:/home/chinchia120/autoware.ai/install/autoware_lanelet2_msgs/lib/x86_64-linux-gnu/pkgconfig:/home/chinchia120/autoware.ai/install/autoware_lanelet2_msgs/lib/pkgconfig:/home/chinchia120/autoware.ai/install/autoware_can_msgs/lib/x86_64-linux-gnu/pkgconfig:/home/chinchia120/autoware.ai/install/autoware_can_msgs/lib/pkgconfig:/home/chinchia120/autoware.ai/install/autoware_build_flags/lib/x86_64-linux-gnu/pkgconfig:/home/chinchia120/autoware.ai/install/autoware_build_flags/lib/pkgconfig:${PKG_CONFIG_PATH} PYTHONPATH=/home/chinchia120/autoware.ai/install/vector_map_server/lib/python2.7/dist-packages:/home/chinchia120/autoware.ai/install/vector_map_msgs/lib/python2.7/dist-packages:/home/chinchia120/autoware.ai/install/autoware_msgs/lib/python2.7/dist-packages:/home/chinchia120/autoware.ai/install/autoware_lanelet2_msgs/lib/python2.7/dist-packages:/home/chinchia120/autoware.ai/install/autoware_can_msgs/lib/python2.7/dist-packages:${PYTHONPATH} ROS_PACKAGE_PATH=/home/chinchia120/autoware.ai/install/op_ros_helpers/share:/home/chinchia120/autoware.ai/install/map_file/share:/home/chinchia120/autoware.ai/install/op_simu/share:/home/chinchia120/autoware.ai/install/lanelet2_extension/share:/home/chinchia120/autoware.ai/install/op_planner/share:/home/chinchia120/autoware.ai/install/lanelet2_validation/share:/home/chinchia120/autoware.ai/install/op_utility/share:/home/chinchia120/autoware.ai/install/lanelet2_routing/share:/home/chinchia120/autoware.ai/install/lanelet2_projection/share:/home/chinchia120/autoware.ai/install/vector_map_server/share:/home/chinchia120/autoware.ai/install/libwaypoint_follower/share:/home/chinchia120/autoware.ai/install/lanelet2_traffic_rules/share:/home/chinchia120/autoware.ai/install/lanelet2_maps/share:/home/chinchia120/autoware.ai/install/lanelet2_io/share:/home/chinchia120/autoware.ai/install/vector_map/share:/home/chinchia120/autoware.ai/install/lanelet2_core/share:/home/chinchia120/autoware.ai/install/amathutils_lib/share:/home/chinchia120/autoware.ai/install/vector_map_msgs/share:/home/chinchia120/autoware.ai/install/autoware_msgs/share:/home/chinchia120/autoware.ai/install/autoware_lanelet2_msgs/share:/home/chinchia120/autoware.ai/install/autoware_can_msgs/share:/home/chinchia120/autoware.ai/install/autoware_build_flags/share:${ROS_PACKAGE_PATH} /usr/bin/cmake /home/chinchia120/autoware.ai/src/autoware/core_planning/op_global_planner -DCMAKE_BUILD_TYPE=Release -DCATKIN_INSTALL_INTO_PREFIX_ROOT=0 -DCMAKE_INSTALL_PREFIX=/home/chinchia120/autoware.ai/install/op_global_planner
[0.332s] -- The C compiler identification is GNU 7.5.0
[0.486s] -- The CXX compiler identification is GNU 7.5.0
[0.495s] -- Check for working C compiler: /usr/bin/cc
[0.697s] -- Check for working C compiler: /usr/bin/cc -- works
[0.698s] -- Detecting C compiler ABI info
[0.912s] -- Detecting C compiler ABI info - done
[0.924s] -- Detecting C compile features
[1.487s] -- Detecting C compile features - done
[1.495s] -- Check for working CXX compiler: /usr/bin/c++
[1.673s] -- Check for working CXX compiler: /usr/bin/c++ -- works
[1.675s] -- Detecting CXX compiler ABI info
[1.882s] -- Detecting CXX compiler ABI info - done
[1.902s] -- Detecting CXX compile features
[2.808s] -- Detecting CXX compile features - done
[2.817s] -- CUDA compilation status: 1.
[2.835s] -- Using CATKIN_DEVEL_PREFIX: /home/chinchia120/autoware.ai/build/op_global_planner/devel
[2.835s] -- Using CMAKE_PREFIX_PATH: /home/chinchia120/autoware.ai/install/op_ros_helpers;/home/chinchia120/autoware.ai/install/map_file;/home/chinchia120/autoware.ai/install/op_simu;/home/chinchia120/autoware.ai/install/lanelet2_extension;/home/chinchia120/autoware.ai/install/op_planner;/home/chinchia120/autoware.ai/install/lanelet2_validation;/home/chinchia120/autoware.ai/install/op_utility;/home/chinchia120/autoware.ai/install/lanelet2_routing;/home/chinchia120/autoware.ai/install/lanelet2_projection;/home/chinchia120/autoware.ai/install/vector_map_server;/home/chinchia120/autoware.ai/install/libwaypoint_follower;/home/chinchia120/autoware.ai/install/lanelet2_traffic_rules;/home/chinchia120/autoware.ai/install/lanelet2_maps;/home/chinchia120/autoware.ai/install/lanelet2_io;/home/chinchia120/autoware.ai/install/vector_map;/home/chinchia120/autoware.ai/install/lanelet2_core;/home/chinchia120/autoware.ai/install/amathutils_lib;/home/chinchia120/autoware.ai/install/vector_map_msgs;/home/chinchia120/autoware.ai/install/autoware_msgs;/home/chinchia120/autoware.ai/install/autoware_lanelet2_msgs;/home/chinchia120/autoware.ai/install/autoware_can_msgs;/home/chinchia120/autoware.ai/install/autoware_build_flags;/home/chinchia120/catkin_ws/devel;/opt/ros/melodic
[2.835s] -- This workspace overlays: /home/chinchia120/autoware.ai/install/op_ros_helpers;/home/chinchia120/autoware.ai/install/map_file;/home/chinchia120/autoware.ai/install/op_simu;/home/chinchia120/autoware.ai/install/lanelet2_extension;/home/chinchia120/autoware.ai/install/op_planner;/home/chinchia120/autoware.ai/install/lanelet2_validation;/home/chinchia120/autoware.ai/install/op_utility;/home/chinchia120/autoware.ai/install/lanelet2_routing;/home/chinchia120/autoware.ai/install/lanelet2_projection;/home/chinchia120/autoware.ai/install/vector_map_server;/home/chinchia120/autoware.ai/install/libwaypoint_follower;/home/chinchia120/autoware.ai/install/lanelet2_traffic_rules;/home/chinchia120/autoware.ai/install/lanelet2_maps;/home/chinchia120/autoware.ai/install/lanelet2_io;/home/chinchia120/autoware.ai/install/vector_map;/home/chinchia120/autoware.ai/install/lanelet2_core;/home/chinchia120/autoware.ai/install/amathutils_lib;/home/chinchia120/autoware.ai/install/vector_map_msgs;/home/chinchia120/autoware.ai/install/autoware_msgs;/home/chinchia120/autoware.ai/install/autoware_lanelet2_msgs;/home/chinchia120/autoware.ai/install/autoware_can_msgs;/home/chinchia120/autoware.ai/install/autoware_build_flags;/home/chinchia120/catkin_ws/devel;/opt/ros/melodic
[2.867s] -- Found PythonInterp: /usr/bin/python2 (found suitable version "2.7.17", minimum required is "2") 
[2.868s] -- Using PYTHON_EXECUTABLE: /usr/bin/python2
[2.868s] -- Using Debian Python package layout
[2.868s] -- Using empy: /usr/bin/empy
[3.204s] -- Using CATKIN_ENABLE_TESTING: ON
[3.205s] -- Call enable_testing()
[3.211s] -- Using CATKIN_TEST_RESULTS_DIR: /home/chinchia120/autoware.ai/build/op_global_planner/test_results
[3.252s] -- Found gtest sources under '/usr/src/googletest': gtests will be built
[3.252s] -- Found gmock sources under '/usr/src/googletest': gmock will be built
[3.287s] -- Found PythonInterp: /usr/bin/python2 (found version "2.7.17") 
[3.289s] -- Looking for pthread.h
[3.495s] -- Looking for pthread.h - found
[3.496s] -- Looking for pthread_create
[3.716s] -- Looking for pthread_create - not found
[3.716s] -- Looking for pthread_create in pthreads
[3.874s] -- Looking for pthread_create in pthreads - not found
[3.875s] -- Looking for pthread_create in pthread
[4.046s] -- Looking for pthread_create in pthread - found
[4.049s] -- Found Threads: TRUE  
[4.062s] -- Using Python nosetests: /usr/bin/nosetests-2.7
[4.159s] -- catkin 0.7.29
[4.160s] -- BUILD_SHARED_LIBS is on
[4.701s] -- Using these message generators: gencpp;geneus;genlisp;gennodejs;genpy
[7.910s] -- Configuring done
[8.167s] -- Generating done
[8.216s] -- Build files have been written to: /home/chinchia120/autoware.ai/build/op_global_planner
[8.227s] Invoked command in '/home/chinchia120/autoware.ai/build/op_global_planner' returned '0': CMAKE_PREFIX_PATH=/home/chinchia120/autoware.ai/install/op_ros_helpers:/home/chinchia120/autoware.ai/install/map_file:/home/chinchia120/autoware.ai/install/op_simu:/home/chinchia120/autoware.ai/install/lanelet2_extension:/home/chinchia120/autoware.ai/install/op_planner:/home/chinchia120/autoware.ai/install/lanelet2_validation:/home/chinchia120/autoware.ai/install/op_utility:/home/chinchia120/autoware.ai/install/lanelet2_routing:/home/chinchia120/autoware.ai/install/lanelet2_projection:/home/chinchia120/autoware.ai/install/vector_map_server:/home/chinchia120/autoware.ai/install/libwaypoint_follower:/home/chinchia120/autoware.ai/install/lanelet2_traffic_rules:/home/chinchia120/autoware.ai/install/lanelet2_maps:/home/chinchia120/autoware.ai/install/lanelet2_io:/home/chinchia120/autoware.ai/install/vector_map:/home/chinchia120/autoware.ai/install/lanelet2_core:/home/chinchia120/autoware.ai/install/amathutils_lib:/home/chinchia120/autoware.ai/install/vector_map_msgs:/home/chinchia120/autoware.ai/install/autoware_msgs:/home/chinchia120/autoware.ai/install/autoware_lanelet2_msgs:/home/chinchia120/autoware.ai/install/autoware_can_msgs:/home/chinchia120/autoware.ai/install/autoware_build_flags:${CMAKE_PREFIX_PATH} LD_LIBRARY_PATH=/home/chinchia120/autoware.ai/install/op_ros_helpers/lib:/home/chinchia120/autoware.ai/install/map_file/lib:/home/chinchia120/autoware.ai/install/op_simu/lib:/home/chinchia120/autoware.ai/install/lanelet2_extension/lib:/home/chinchia120/autoware.ai/install/op_planner/lib:/home/chinchia120/autoware.ai/install/lanelet2_validation/lib:/home/chinchia120/autoware.ai/install/op_utility/lib:/home/chinchia120/autoware.ai/install/lanelet2_routing/lib:/home/chinchia120/autoware.ai/install/lanelet2_projection/lib:/home/chinchia120/autoware.ai/install/libwaypoint_follower/lib:/home/chinchia120/autoware.ai/install/lanelet2_traffic_rules/lib:/home/chinchia120/autoware.ai/install/lanelet2_io/lib:/home/chinchia120/autoware.ai/install/vector_map/lib:/home/chinchia120/autoware.ai/install/lanelet2_core/lib:/home/chinchia120/autoware.ai/install/amathutils_lib/lib:${LD_LIBRARY_PATH} PKG_CONFIG_PATH=/home/chinchia120/autoware.ai/install/op_ros_helpers/lib/x86_64-linux-gnu/pkgconfig:/home/chinchia120/autoware.ai/install/op_ros_helpers/lib/pkgconfig:/home/chinchia120/autoware.ai/install/map_file/lib/x86_64-linux-gnu/pkgconfig:/home/chinchia120/autoware.ai/install/map_file/lib/pkgconfig:/home/chinchia120/autoware.ai/install/op_simu/lib/x86_64-linux-gnu/pkgconfig:/home/chinchia120/autoware.ai/install/op_simu/lib/pkgconfig:/home/chinchia120/autoware.ai/install/lanelet2_extension/lib/x86_64-linux-gnu/pkgconfig:/home/chinchia120/autoware.ai/install/lanelet2_extension/lib/pkgconfig:/home/chinchia120/autoware.ai/install/op_planner/lib/x86_64-linux-gnu/pkgconfig:/home/chinchia120/autoware.ai/install/op_planner/lib/pkgconfig:/home/chinchia120/autoware.ai/install/lanelet2_validation/lib/x86_64-linux-gnu/pkgconfig:/home/chinchia120/autoware.ai/install/lanelet2_validation/lib/pkgconfig:/home/chinchia120/autoware.ai/install/op_utility/lib/x86_64-linux-gnu/pkgconfig:/home/chinchia120/autoware.ai/install/op_utility/lib/pkgconfig:/home/chinchia120/autoware.ai/install/lanelet2_routing/lib/x86_64-linux-gnu/pkgconfig:/home/chinchia120/autoware.ai/install/lanelet2_routing/lib/pkgconfig:/home/chinchia120/autoware.ai/install/lanelet2_projection/lib/x86_64-linux-gnu/pkgconfig:/home/chinchia120/autoware.ai/install/lanelet2_projection/lib/pkgconfig:/home/chinchia120/autoware.ai/install/vector_map_server/lib/x86_64-linux-gnu/pkgconfig:/home/chinchia120/autoware.ai/install/vector_map_server/lib/pkgconfig:/home/chinchia120/autoware.ai/install/libwaypoint_follower/lib/x86_64-linux-gnu/pkgconfig:/home/chinchia120/autoware.ai/install/libwaypoint_follower/lib/pkgconfig:/home/chinchia120/autoware.ai/install/lanelet2_traffic_rules/lib/x86_64-linux-gnu/pkgconfig:/home/chinchia120/autoware.ai/install/lanelet2_traffic_rules/lib/pkgconfig:/home/chinchia120/autoware.ai/install/lanelet2_maps/lib/x86_64-linux-gnu/pkgconfig:/home/chinchia120/autoware.ai/install/lanelet2_maps/lib/pkgconfig:/home/chinchia120/autoware.ai/install/lanelet2_io/lib/x86_64-linux-gnu/pkgconfig:/home/chinchia120/autoware.ai/install/lanelet2_io/lib/pkgconfig:/home/chinchia120/autoware.ai/install/vector_map/lib/x86_64-linux-gnu/pkgconfig:/home/chinchia120/autoware.ai/install/vector_map/lib/pkgconfig:/home/chinchia120/autoware.ai/install/lanelet2_core/lib/x86_64-linux-gnu/pkgconfig:/home/chinchia120/autoware.ai/install/lanelet2_core/lib/pkgconfig:/home/chinchia120/autoware.ai/install/amathutils_lib/lib/x86_64-linux-gnu/pkgconfig:/home/chinchia120/autoware.ai/install/amathutils_lib/lib/pkgconfig:/home/chinchia120/autoware.ai/install/vector_map_msgs/lib/x86_64-linux-gnu/pkgconfig:/home/chinchia120/autoware.ai/install/vector_map_msgs/lib/pkgconfig:/home/chinchia120/autoware.ai/install/autoware_msgs/lib/x86_64-linux-gnu/pkgconfig:/home/chinchia120/autoware.ai/install/autoware_msgs/lib/pkgconfig:/home/chinchia120/autoware.ai/install/autoware_lanelet2_msgs/lib/x86_64-linux-gnu/pkgconfig:/home/chinchia120/autoware.ai/install/autoware_lanelet2_msgs/lib/pkgconfig:/home/chinchia120/autoware.ai/install/autoware_can_msgs/lib/x86_64-linux-gnu/pkgconfig:/home/chinchia120/autoware.ai/install/autoware_can_msgs/lib/pkgconfig:/home/chinchia120/autoware.ai/install/autoware_build_flags/lib/x86_64-linux-gnu/pkgconfig:/home/chinchia120/autoware.ai/install/autoware_build_flags/lib/pkgconfig:${PKG_CONFIG_PATH} PYTHONPATH=/home/chinchia120/autoware.ai/install/vector_map_server/lib/python2.7/dist-packages:/home/chinchia120/autoware.ai/install/vector_map_msgs/lib/python2.7/dist-packages:/home/chinchia120/autoware.ai/install/autoware_msgs/lib/python2.7/dist-packages:/home/chinchia120/autoware.ai/install/autoware_lanelet2_msgs/lib/python2.7/dist-packages:/home/chinchia120/autoware.ai/install/autoware_can_msgs/lib/python2.7/dist-packages:${PYTHONPATH} ROS_PACKAGE_PATH=/home/chinchia120/autoware.ai/install/op_ros_helpers/share:/home/chinchia120/autoware.ai/install/map_file/share:/home/chinchia120/autoware.ai/install/op_simu/share:/home/chinchia120/autoware.ai/install/lanelet2_extension/share:/home/chinchia120/autoware.ai/install/op_planner/share:/home/chinchia120/autoware.ai/install/lanelet2_validation/share:/home/chinchia120/autoware.ai/install/op_utility/share:/home/chinchia120/autoware.ai/install/lanelet2_routing/share:/home/chinchia120/autoware.ai/install/lanelet2_projection/share:/home/chinchia120/autoware.ai/install/vector_map_server/share:/home/chinchia120/autoware.ai/install/libwaypoint_follower/share:/home/chinchia120/autoware.ai/install/lanelet2_traffic_rules/share:/home/chinchia120/autoware.ai/install/lanelet2_maps/share:/home/chinchia120/autoware.ai/install/lanelet2_io/share:/home/chinchia120/autoware.ai/install/vector_map/share:/home/chinchia120/autoware.ai/install/lanelet2_core/share:/home/chinchia120/autoware.ai/install/amathutils_lib/share:/home/chinchia120/autoware.ai/install/vector_map_msgs/share:/home/chinchia120/autoware.ai/install/autoware_msgs/share:/home/chinchia120/autoware.ai/install/autoware_lanelet2_msgs/share:/home/chinchia120/autoware.ai/install/autoware_can_msgs/share:/home/chinchia120/autoware.ai/install/autoware_build_flags/share:${ROS_PACKAGE_PATH} /usr/bin/cmake /home/chinchia120/autoware.ai/src/autoware/core_planning/op_global_planner -DCMAKE_BUILD_TYPE=Release -DCATKIN_INSTALL_INTO_PREFIX_ROOT=0 -DCMAKE_INSTALL_PREFIX=/home/chinchia120/autoware.ai/install/op_global_planner
[8.236s] Invoking command in '/home/chinchia120/autoware.ai/build/op_global_planner': CMAKE_PREFIX_PATH=/home/chinchia120/autoware.ai/install/op_ros_helpers:/home/chinchia120/autoware.ai/install/map_file:/home/chinchia120/autoware.ai/install/op_simu:/home/chinchia120/autoware.ai/install/lanelet2_extension:/home/chinchia120/autoware.ai/install/op_planner:/home/chinchia120/autoware.ai/install/lanelet2_validation:/home/chinchia120/autoware.ai/install/op_utility:/home/chinchia120/autoware.ai/install/lanelet2_routing:/home/chinchia120/autoware.ai/install/lanelet2_projection:/home/chinchia120/autoware.ai/install/vector_map_server:/home/chinchia120/autoware.ai/install/libwaypoint_follower:/home/chinchia120/autoware.ai/install/lanelet2_traffic_rules:/home/chinchia120/autoware.ai/install/lanelet2_maps:/home/chinchia120/autoware.ai/install/lanelet2_io:/home/chinchia120/autoware.ai/install/vector_map:/home/chinchia120/autoware.ai/install/lanelet2_core:/home/chinchia120/autoware.ai/install/amathutils_lib:/home/chinchia120/autoware.ai/install/vector_map_msgs:/home/chinchia120/autoware.ai/install/autoware_msgs:/home/chinchia120/autoware.ai/install/autoware_lanelet2_msgs:/home/chinchia120/autoware.ai/install/autoware_can_msgs:/home/chinchia120/autoware.ai/install/autoware_build_flags:${CMAKE_PREFIX_PATH} LD_LIBRARY_PATH=/home/chinchia120/autoware.ai/install/op_ros_helpers/lib:/home/chinchia120/autoware.ai/install/map_file/lib:/home/chinchia120/autoware.ai/install/op_simu/lib:/home/chinchia120/autoware.ai/install/lanelet2_extension/lib:/home/chinchia120/autoware.ai/install/op_planner/lib:/home/chinchia120/autoware.ai/install/lanelet2_validation/lib:/home/chinchia120/autoware.ai/install/op_utility/lib:/home/chinchia120/autoware.ai/install/lanelet2_routing/lib:/home/chinchia120/autoware.ai/install/lanelet2_projection/lib:/home/chinchia120/autoware.ai/install/libwaypoint_follower/lib:/home/chinchia120/autoware.ai/install/lanelet2_traffic_rules/lib:/home/chinchia120/autoware.ai/install/lanelet2_io/lib:/home/chinchia120/autoware.ai/install/vector_map/lib:/home/chinchia120/autoware.ai/install/lanelet2_core/lib:/home/chinchia120/autoware.ai/install/amathutils_lib/lib:${LD_LIBRARY_PATH} PKG_CONFIG_PATH=/home/chinchia120/autoware.ai/install/op_ros_helpers/lib/x86_64-linux-gnu/pkgconfig:/home/chinchia120/autoware.ai/install/op_ros_helpers/lib/pkgconfig:/home/chinchia120/autoware.ai/install/map_file/lib/x86_64-linux-gnu/pkgconfig:/home/chinchia120/autoware.ai/install/map_file/lib/pkgconfig:/home/chinchia120/autoware.ai/install/op_simu/lib/x86_64-linux-gnu/pkgconfig:/home/chinchia120/autoware.ai/install/op_simu/lib/pkgconfig:/home/chinchia120/autoware.ai/install/lanelet2_extension/lib/x86_64-linux-gnu/pkgconfig:/home/chinchia120/autoware.ai/install/lanelet2_extension/lib/pkgconfig:/home/chinchia120/autoware.ai/install/op_planner/lib/x86_64-linux-gnu/pkgconfig:/home/chinchia120/autoware.ai/install/op_planner/lib/pkgconfig:/home/chinchia120/autoware.ai/install/lanelet2_validation/lib/x86_64-linux-gnu/pkgconfig:/home/chinchia120/autoware.ai/install/lanelet2_validation/lib/pkgconfig:/home/chinchia120/autoware.ai/install/op_utility/lib/x86_64-linux-gnu/pkgconfig:/home/chinchia120/autoware.ai/install/op_utility/lib/pkgconfig:/home/chinchia120/autoware.ai/install/lanelet2_routing/lib/x86_64-linux-gnu/pkgconfig:/home/chinchia120/autoware.ai/install/lanelet2_routing/lib/pkgconfig:/home/chinchia120/autoware.ai/install/lanelet2_projection/lib/x86_64-linux-gnu/pkgconfig:/home/chinchia120/autoware.ai/install/lanelet2_projection/lib/pkgconfig:/home/chinchia120/autoware.ai/install/vector_map_server/lib/x86_64-linux-gnu/pkgconfig:/home/chinchia120/autoware.ai/install/vector_map_server/lib/pkgconfig:/home/chinchia120/autoware.ai/install/libwaypoint_follower/lib/x86_64-linux-gnu/pkgconfig:/home/chinchia120/autoware.ai/install/libwaypoint_follower/lib/pkgconfig:/home/chinchia120/autoware.ai/install/lanelet2_traffic_rules/lib/x86_64-linux-gnu/pkgconfig:/home/chinchia120/autoware.ai/install/lanelet2_traffic_rules/lib/pkgconfig:/home/chinchia120/autoware.ai/install/lanelet2_maps/lib/x86_64-linux-gnu/pkgconfig:/home/chinchia120/autoware.ai/install/lanelet2_maps/lib/pkgconfig:/home/chinchia120/autoware.ai/install/lanelet2_io/lib/x86_64-linux-gnu/pkgconfig:/home/chinchia120/autoware.ai/install/lanelet2_io/lib/pkgconfig:/home/chinchia120/autoware.ai/install/vector_map/lib/x86_64-linux-gnu/pkgconfig:/home/chinchia120/autoware.ai/install/vector_map/lib/pkgconfig:/home/chinchia120/autoware.ai/install/lanelet2_core/lib/x86_64-linux-gnu/pkgconfig:/home/chinchia120/autoware.ai/install/lanelet2_core/lib/pkgconfig:/home/chinchia120/autoware.ai/install/amathutils_lib/lib/x86_64-linux-gnu/pkgconfig:/home/chinchia120/autoware.ai/install/amathutils_lib/lib/pkgconfig:/home/chinchia120/autoware.ai/install/vector_map_msgs/lib/x86_64-linux-gnu/pkgconfig:/home/chinchia120/autoware.ai/install/vector_map_msgs/lib/pkgconfig:/home/chinchia120/autoware.ai/install/autoware_msgs/lib/x86_64-linux-gnu/pkgconfig:/home/chinchia120/autoware.ai/install/autoware_msgs/lib/pkgconfig:/home/chinchia120/autoware.ai/install/autoware_lanelet2_msgs/lib/x86_64-linux-gnu/pkgconfig:/home/chinchia120/autoware.ai/install/autoware_lanelet2_msgs/lib/pkgconfig:/home/chinchia120/autoware.ai/install/autoware_can_msgs/lib/x86_64-linux-gnu/pkgconfig:/home/chinchia120/autoware.ai/install/autoware_can_msgs/lib/pkgconfig:/home/chinchia120/autoware.ai/install/autoware_build_flags/lib/x86_64-linux-gnu/pkgconfig:/home/chinchia120/autoware.ai/install/autoware_build_flags/lib/pkgconfig:${PKG_CONFIG_PATH} PYTHONPATH=/home/chinchia120/autoware.ai/install/vector_map_server/lib/python2.7/dist-packages:/home/chinchia120/autoware.ai/install/vector_map_msgs/lib/python2.7/dist-packages:/home/chinchia120/autoware.ai/install/autoware_msgs/lib/python2.7/dist-packages:/home/chinchia120/autoware.ai/install/autoware_lanelet2_msgs/lib/python2.7/dist-packages:/home/chinchia120/autoware.ai/install/autoware_can_msgs/lib/python2.7/dist-packages:${PYTHONPATH} ROS_PACKAGE_PATH=/home/chinchia120/autoware.ai/install/op_ros_helpers/share:/home/chinchia120/autoware.ai/install/map_file/share:/home/chinchia120/autoware.ai/install/op_simu/share:/home/chinchia120/autoware.ai/install/lanelet2_extension/share:/home/chinchia120/autoware.ai/install/op_planner/share:/home/chinchia120/autoware.ai/install/lanelet2_validation/share:/home/chinchia120/autoware.ai/install/op_utility/share:/home/chinchia120/autoware.ai/install/lanelet2_routing/share:/home/chinchia120/autoware.ai/install/lanelet2_projection/share:/home/chinchia120/autoware.ai/install/vector_map_server/share:/home/chinchia120/autoware.ai/install/libwaypoint_follower/share:/home/chinchia120/autoware.ai/install/lanelet2_traffic_rules/share:/home/chinchia120/autoware.ai/install/lanelet2_maps/share:/home/chinchia120/autoware.ai/install/lanelet2_io/share:/home/chinchia120/autoware.ai/install/vector_map/share:/home/chinchia120/autoware.ai/install/lanelet2_core/share:/home/chinchia120/autoware.ai/install/amathutils_lib/share:/home/chinchia120/autoware.ai/install/vector_map_msgs/share:/home/chinchia120/autoware.ai/install/autoware_msgs/share:/home/chinchia120/autoware.ai/install/autoware_lanelet2_msgs/share:/home/chinchia120/autoware.ai/install/autoware_can_msgs/share:/home/chinchia120/autoware.ai/install/autoware_build_flags/share:${ROS_PACKAGE_PATH} /usr/bin/cmake --build /home/chinchia120/autoware.ai/build/op_global_planner -- -j4 -l4
[8.373s] [35m[1mScanning dependencies of target vector_map_msgs_generate_messages_eus[0m
[8.418s] [  0%] Built target vector_map_msgs_generate_messages_eus
[8.446s] [35m[1mScanning dependencies of target topic_tools_generate_messages_cpp[0m
[8.483s] [  0%] Built target topic_tools_generate_messages_cpp
[8.514s] [35m[1mScanning dependencies of target std_srvs_generate_messages_py[0m
[8.540s] [  0%] Built target std_srvs_generate_messages_py
[8.573s] [35m[1mScanning dependencies of target std_srvs_generate_messages_nodejs[0m
[8.603s] [  0%] Built target std_srvs_generate_messages_nodejs
[8.642s] [35m[1mScanning dependencies of target std_srvs_generate_messages_lisp[0m
[8.675s] [  0%] Built target std_srvs_generate_messages_lisp
[8.702s] [35m[1mScanning dependencies of target bond_generate_messages_nodejs[0m
[8.733s] [  0%] Built target bond_generate_messages_nodejs
[8.773s] [35m[1mScanning dependencies of target bond_generate_messages_lisp[0m
[8.812s] [  0%] Built target bond_generate_messages_lisp
[8.852s] [35m[1mScanning dependencies of target bond_generate_messages_eus[0m
[8.891s] [  0%] Built target bond_generate_messages_eus
[8.922s] [35m[1mScanning dependencies of target bond_generate_messages_cpp[0m
[8.950s] [  0%] Built target bond_generate_messages_cpp
[8.982s] [35m[1mScanning dependencies of target nodelet_generate_messages_nodejs[0m
[9.019s] [  0%] Built target nodelet_generate_messages_nodejs
[9.052s] [35m[1mScanning dependencies of target nodelet_generate_messages_eus[0m
[9.093s] [  0%] Built target nodelet_generate_messages_eus
[9.133s] [35m[1mScanning dependencies of target nodelet_generate_messages_cpp[0m
[9.164s] [  0%] Built target nodelet_generate_messages_cpp
[9.192s] [35m[1mScanning dependencies of target dynamic_reconfigure_generate_messages_lisp[0m
[9.219s] [  0%] Built target dynamic_reconfigure_generate_messages_lisp
[9.258s] [35m[1mScanning dependencies of target dynamic_reconfigure_generate_messages_eus[0m
[9.291s] [  0%] Built target dynamic_reconfigure_generate_messages_eus
[9.321s] [35m[1mScanning dependencies of target pcl_ros_gencfg[0m
[9.354s] [  0%] Built target pcl_ros_gencfg
[9.389s] [35m[1mScanning dependencies of target visualization_msgs_generate_messages_py[0m
[9.428s] [  0%] Built target visualization_msgs_generate_messages_py
[9.456s] [35m[1mScanning dependencies of target visualization_msgs_generate_messages_nodejs[0m
[9.485s] [  0%] Built target visualization_msgs_generate_messages_nodejs
[9.517s] [35m[1mScanning dependencies of target vector_map_server_generate_messages_nodejs[0m
[9.552s] [  0%] Built target vector_map_server_generate_messages_nodejs
[9.583s] [35m[1mScanning dependencies of target visualization_msgs_generate_messages_eus[0m
[9.620s] [  0%] Built target visualization_msgs_generate_messages_eus
[9.649s] [35m[1mScanning dependencies of target vector_map_server_generate_messages_cpp[0m
[9.686s] [  0%] Built target vector_map_server_generate_messages_cpp
[9.718s] [35m[1mScanning dependencies of target vector_map_msgs_generate_messages_py[0m
[9.756s] [  0%] Built target vector_map_msgs_generate_messages_py
[9.788s] [35m[1mScanning dependencies of target bond_generate_messages_py[0m
[9.819s] [  0%] Built target bond_generate_messages_py
[9.850s] [35m[1mScanning dependencies of target vector_map_msgs_generate_messages_nodejs[0m
[9.883s] [  0%] Built target vector_map_msgs_generate_messages_nodejs
[9.921s] [35m[1mScanning dependencies of target geometry_msgs_generate_messages_py[0m
[9.956s] [  0%] Built target geometry_msgs_generate_messages_py
[9.986s] [35m[1mScanning dependencies of target sensor_msgs_generate_messages_nodejs[0m
[10.036s] [  0%] Built target sensor_msgs_generate_messages_nodejs
[10.069s] [35m[1mScanning dependencies of target vector_map_server_generate_messages_eus[0m
[10.114s] [  0%] Built target vector_map_server_generate_messages_eus
[10.149s] [35m[1mScanning dependencies of target roscpp_generate_messages_cpp[0m
[10.184s] [  0%] Built target roscpp_generate_messages_cpp
[10.219s] [35m[1mScanning dependencies of target actionlib_generate_messages_cpp[0m
[10.254s] [  0%] Built target actionlib_generate_messages_cpp
[10.287s] [35m[1mScanning dependencies of target pcl_msgs_generate_messages_eus[0m
[10.326s] [  0%] Built target pcl_msgs_generate_messages_eus
[10.354s] [35m[1mScanning dependencies of target rosgraph_msgs_generate_messages_eus[0m
[10.389s] [  0%] Built target rosgraph_msgs_generate_messages_eus
[10.428s] [35m[1mScanning dependencies of target jsk_recognition_msgs_generate_messages_lisp[0m
[10.467s] [  0%] Built target jsk_recognition_msgs_generate_messages_lisp
[10.505s] [35m[1mScanning dependencies of target jsk_recognition_msgs_generate_messages_eus[0m
[10.549s] [  0%] Built target jsk_recognition_msgs_generate_messages_eus
[10.584s] [35m[1mScanning dependencies of target tf2_msgs_generate_messages_cpp[0m
[10.621s] [  0%] Built target tf2_msgs_generate_messages_cpp
[10.659s] [35m[1mScanning dependencies of target pcl_msgs_generate_messages_cpp[0m
[10.694s] [  0%] Built target pcl_msgs_generate_messages_cpp
[10.727s] [35m[1mScanning dependencies of target sensor_msgs_generate_messages_lisp[0m
[10.763s] [  0%] Built target sensor_msgs_generate_messages_lisp
[10.798s] [35m[1mScanning dependencies of target std_srvs_generate_messages_cpp[0m
[10.833s] [  0%] Built target std_srvs_generate_messages_cpp
[10.871s] [35m[1mScanning dependencies of target topic_tools_generate_messages_lisp[0m
[10.915s] [  0%] Built target topic_tools_generate_messages_lisp
[10.950s] [35m[1mScanning dependencies of target jsk_recognition_msgs_generate_messages_cpp[0m
[10.988s] [  0%] Built target jsk_recognition_msgs_generate_messages_cpp
[11.020s] [35m[1mScanning dependencies of target geometry_msgs_generate_messages_lisp[0m
[11.055s] [  0%] Built target geometry_msgs_generate_messages_lisp
[11.087s] [35m[1mScanning dependencies of target geometry_msgs_generate_messages_eus[0m
[11.126s] [  0%] Built target geometry_msgs_generate_messages_eus
[11.159s] [35m[1mScanning dependencies of target autoware_can_msgs_generate_messages_cpp[0m
[11.199s] [  0%] Built target autoware_can_msgs_generate_messages_cpp
[11.234s] [35m[1mScanning dependencies of target dynamic_reconfigure_generate_messages_py[0m
[11.270s] [  0%] Built target dynamic_reconfigure_generate_messages_py
[11.305s] [35m[1mScanning dependencies of target autoware_can_msgs_generate_messages_lisp[0m
[11.346s] [  0%] Built target autoware_can_msgs_generate_messages_lisp
[11.385s] [35m[1mScanning dependencies of target autoware_can_msgs_generate_messages_nodejs[0m
[11.420s] [  0%] Built target autoware_can_msgs_generate_messages_nodejs
[11.456s] [35m[1mScanning dependencies of target pcl_msgs_generate_messages_nodejs[0m
[11.491s] [  0%] Built target pcl_msgs_generate_messages_nodejs
[11.525s] [35m[1mScanning dependencies of target jsk_recognition_msgs_generate_messages_py[0m
[11.573s] [  0%] Built target jsk_recognition_msgs_generate_messages_py
[11.601s] [35m[1mScanning dependencies of target nodelet_generate_messages_py[0m
[11.637s] [  0%] Built target nodelet_generate_messages_py
[11.668s] [35m[1mScanning dependencies of target sensor_msgs_generate_messages_py[0m
[11.703s] [  0%] Built target sensor_msgs_generate_messages_py
[11.737s] [35m[1mScanning dependencies of target dynamic_reconfigure_generate_messages_cpp[0m
[11.774s] [  0%] Built target dynamic_reconfigure_generate_messages_cpp
[11.807s] [35m[1mScanning dependencies of target tf_generate_messages_py[0m
[11.845s] [  0%] Built target tf_generate_messages_py
[11.883s] [35m[1mScanning dependencies of target topic_tools_generate_messages_py[0m
[11.921s] [  0%] Built target topic_tools_generate_messages_py
[11.959s] [35m[1mScanning dependencies of target nodelet_topic_tools_gencfg[0m
[11.992s] [  0%] Built target nodelet_topic_tools_gencfg
[12.020s] [35m[1mScanning dependencies of target actionlib_msgs_generate_messages_nodejs[0m
[12.059s] [  0%] Built target actionlib_msgs_generate_messages_nodejs
[12.090s] [35m[1mScanning dependencies of target std_msgs_generate_messages_cpp[0m
[12.121s] [  0%] Built target std_msgs_generate_messages_cpp
[12.147s] [35m[1mScanning dependencies of target jsk_footstep_msgs_generate_messages_py[0m
[12.190s] [  0%] Built target jsk_footstep_msgs_generate_messages_py
[12.222s] [35m[1mScanning dependencies of target visualization_msgs_generate_messages_lisp[0m
[12.271s] [  0%] Built target visualization_msgs_generate_messages_lisp
[12.304s] [35m[1mScanning dependencies of target std_msgs_generate_messages_eus[0m
[12.333s] [  0%] Built target std_msgs_generate_messages_eus
[12.365s] [35m[1mScanning dependencies of target geometry_msgs_generate_messages_nodejs[0m
[12.408s] [  0%] Built target geometry_msgs_generate_messages_nodejs
[12.438s] [35m[1mScanning dependencies of target dynamic_reconfigure_generate_messages_nodejs[0m
[12.476s] [  0%] Built target dynamic_reconfigure_generate_messages_nodejs
[12.508s] [35m[1mScanning dependencies of target autoware_can_msgs_generate_messages_py[0m
[12.554s] [  0%] Built target autoware_can_msgs_generate_messages_py
[12.586s] [35m[1mScanning dependencies of target sensor_msgs_generate_messages_eus[0m
[12.622s] [  0%] Built target sensor_msgs_generate_messages_eus
[12.649s] [35m[1mScanning dependencies of target sensor_msgs_generate_messages_cpp[0m
[12.683s] [  0%] Built target sensor_msgs_generate_messages_cpp
[12.718s] [35m[1mScanning dependencies of target roscpp_generate_messages_nodejs[0m
[12.746s] [  0%] Built target roscpp_generate_messages_nodejs
[12.772s] [35m[1mScanning dependencies of target std_msgs_generate_messages_lisp[0m
[12.814s] [  0%] Built target std_msgs_generate_messages_lisp
[12.872s] [35m[1mScanning dependencies of target std_msgs_generate_messages_nodejs[0m
[12.907s] [  0%] Built target std_msgs_generate_messages_nodejs
[12.936s] [35m[1mScanning dependencies of target std_msgs_generate_messages_py[0m
[12.974s] [  0%] Built target std_msgs_generate_messages_py
[13.017s] [35m[1mScanning dependencies of target nodelet_generate_messages_lisp[0m
[13.054s] [  0%] Built target nodelet_generate_messages_lisp
[13.087s] [35m[1mScanning dependencies of target autoware_msgs_generate_messages_py[0m
[13.124s] [  0%] Built target autoware_msgs_generate_messages_py
[13.164s] [35m[1mScanning dependencies of target jsk_footstep_msgs_generate_messages_eus[0m
[13.209s] [  0%] Built target jsk_footstep_msgs_generate_messages_eus
[13.244s] [35m[1mScanning dependencies of target actionlib_msgs_generate_messages_py[0m
[13.271s] [  0%] Built target actionlib_msgs_generate_messages_py
[13.307s] [35m[1mScanning dependencies of target vector_map_server_generate_messages_lisp[0m
[13.346s] [  0%] Built target vector_map_server_generate_messages_lisp
[13.383s] [35m[1mScanning dependencies of target jsk_footstep_msgs_generate_messages_lisp[0m
[13.426s] [  0%] Built target jsk_footstep_msgs_generate_messages_lisp
[13.461s] [35m[1mScanning dependencies of target jsk_footstep_msgs_generate_messages_nodejs[0m
[13.492s] [  0%] Built target jsk_footstep_msgs_generate_messages_nodejs
[13.536s] [35m[1mScanning dependencies of target vector_map_msgs_generate_messages_lisp[0m
[13.569s] [  0%] Built target vector_map_msgs_generate_messages_lisp
[13.610s] [35m[1mScanning dependencies of target autoware_msgs_generate_messages_lisp[0m
[13.661s] [  0%] Built target autoware_msgs_generate_messages_lisp
[13.708s] [35m[1mScanning dependencies of target actionlib_msgs_generate_messages_lisp[0m
[13.741s] [  0%] Built target actionlib_msgs_generate_messages_lisp
[13.782s] [35m[1mScanning dependencies of target autoware_msgs_generate_messages_cpp[0m
[13.821s] [  0%] Built target autoware_msgs_generate_messages_cpp
[13.871s] [35m[1mScanning dependencies of target rosgraph_msgs_generate_messages_cpp[0m
[13.945s] [  0%] Built target rosgraph_msgs_generate_messages_cpp
[13.983s] [35m[1mScanning dependencies of target autoware_msgs_generate_messages_eus[0m
[14.022s] [  0%] Built target autoware_msgs_generate_messages_eus
[14.056s] [35m[1mScanning dependencies of target autoware_msgs_generate_messages_nodejs[0m
[14.094s] [  0%] Built target autoware_msgs_generate_messages_nodejs
[14.131s] [35m[1mScanning dependencies of target actionlib_generate_messages_nodejs[0m
[14.171s] [  0%] Built target actionlib_generate_messages_nodejs
[14.206s] [35m[1mScanning dependencies of target pcl_msgs_generate_messages_lisp[0m
[14.242s] [  0%] Built target pcl_msgs_generate_messages_lisp
[14.280s] [35m[1mScanning dependencies of target tf_generate_messages_cpp[0m
[14.324s] [  0%] Built target tf_generate_messages_cpp
[14.357s] [35m[1mScanning dependencies of target jsk_footstep_msgs_generate_messages_cpp[0m
[14.388s] [  0%] Built target jsk_footstep_msgs_generate_messages_cpp
[14.419s] [35m[1mScanning dependencies of target actionlib_msgs_generate_messages_cpp[0m
[14.455s] [  0%] Built target actionlib_msgs_generate_messages_cpp
[14.486s] [35m[1mScanning dependencies of target tf_generate_messages_eus[0m
[14.516s] [  0%] Built target tf_generate_messages_eus
[14.549s] [35m[1mScanning dependencies of target tf_generate_messages_lisp[0m
[14.583s] [  0%] Built target tf_generate_messages_lisp
[14.619s] [35m[1mScanning dependencies of target tf_generate_messages_nodejs[0m
[14.650s] [  0%] Built target tf_generate_messages_nodejs
[14.677s] [35m[1mScanning dependencies of target std_srvs_generate_messages_eus[0m
[14.711s] [  0%] Built target std_srvs_generate_messages_eus
[14.740s] [35m[1mScanning dependencies of target jsk_recognition_msgs_generate_messages_nodejs[0m
[14.767s] [  0%] Built target jsk_recognition_msgs_generate_messages_nodejs
[14.797s] [35m[1mScanning dependencies of target roscpp_generate_messages_lisp[0m
[14.833s] [  0%] Built target roscpp_generate_messages_lisp
[14.859s] [35m[1mScanning dependencies of target roscpp_generate_messages_py[0m
[14.897s] [  0%] Built target roscpp_generate_messages_py
[14.928s] [35m[1mScanning dependencies of target rosgraph_msgs_generate_messages_lisp[0m
[14.961s] [  0%] Built target rosgraph_msgs_generate_messages_lisp
[14.988s] [35m[1mScanning dependencies of target rosgraph_msgs_generate_messages_nodejs[0m
[15.025s] [  0%] Built target rosgraph_msgs_generate_messages_nodejs
[15.062s] [35m[1mScanning dependencies of target vector_map_server_generate_messages_py[0m
[15.095s] [  0%] Built target vector_map_server_generate_messages_py
[15.131s] [35m[1mScanning dependencies of target roscpp_generate_messages_eus[0m
[15.175s] [  0%] Built target roscpp_generate_messages_eus
[15.208s] [35m[1mScanning dependencies of target autoware_can_msgs_generate_messages_eus[0m
[15.237s] [  0%] Built target autoware_can_msgs_generate_messages_eus
[15.267s] [35m[1mScanning dependencies of target actionlib_msgs_generate_messages_eus[0m
[15.306s] [  0%] Built target actionlib_msgs_generate_messages_eus
[15.342s] [35m[1mScanning dependencies of target rosgraph_msgs_generate_messages_py[0m
[15.377s] [  0%] Built target rosgraph_msgs_generate_messages_py
[15.410s] [35m[1mScanning dependencies of target pcl_msgs_generate_messages_py[0m
[15.448s] [  0%] Built target pcl_msgs_generate_messages_py
[15.479s] [35m[1mScanning dependencies of target actionlib_generate_messages_eus[0m
[15.515s] [  0%] Built target actionlib_generate_messages_eus
[15.544s] [35m[1mScanning dependencies of target geometry_msgs_generate_messages_cpp[0m
[15.571s] [  0%] Built target geometry_msgs_generate_messages_cpp
[15.601s] [35m[1mScanning dependencies of target actionlib_generate_messages_lisp[0m
[15.637s] [  0%] Built target actionlib_generate_messages_lisp
[15.669s] [35m[1mScanning dependencies of target visualization_msgs_generate_messages_cpp[0m
[15.706s] [  0%] Built target visualization_msgs_generate_messages_cpp
[15.737s] [35m[1mScanning dependencies of target tf2_msgs_generate_messages_eus[0m
[15.771s] [  0%] Built target tf2_msgs_generate_messages_eus
[15.810s] [35m[1mScanning dependencies of target dynamic_reconfigure_gencfg[0m
[15.846s] [  0%] Built target dynamic_reconfigure_gencfg
[15.872s] [35m[1mScanning dependencies of target tf2_msgs_generate_messages_lisp[0m
[15.901s] [  0%] Built target tf2_msgs_generate_messages_lisp
[15.939s] [35m[1mScanning dependencies of target actionlib_generate_messages_py[0m
[15.975s] [  0%] Built target actionlib_generate_messages_py
[16.005s] [35m[1mScanning dependencies of target tf2_msgs_generate_messages_py[0m
[16.046s] [  0%] Built target tf2_msgs_generate_messages_py
[16.074s] [35m[1mScanning dependencies of target tf2_msgs_generate_messages_nodejs[0m
[16.114s] [  0%] Built target tf2_msgs_generate_messages_nodejs
[16.141s] [35m[1mScanning dependencies of target vector_map_msgs_generate_messages_cpp[0m
[16.172s] [  0%] Built target vector_map_msgs_generate_messages_cpp
[16.202s] [35m[1mScanning dependencies of target topic_tools_generate_messages_eus[0m
[16.236s] [  0%] Built target topic_tools_generate_messages_eus
[16.267s] [35m[1mScanning dependencies of target topic_tools_generate_messages_nodejs[0m
[16.304s] [  0%] Built target topic_tools_generate_messages_nodejs
[16.338s] [35m[1mScanning dependencies of target op_global_planner[0m
[16.557s] [ 33%] [32mBuilding CXX object CMakeFiles/op_global_planner.dir/nodes/op_global_planner.cpp.o[0m
[24.305s] [ 66%] [32mBuilding CXX object CMakeFiles/op_global_planner.dir/nodes/op_global_planner_core.cpp.o[0m
[49.877s] [100%] [32m[1mLinking CXX executable devel/lib/op_global_planner/op_global_planner[0m
[50.674s] [100%] Built target op_global_planner
[50.698s] Invoked command in '/home/chinchia120/autoware.ai/build/op_global_planner' returned '0': CMAKE_PREFIX_PATH=/home/chinchia120/autoware.ai/install/op_ros_helpers:/home/chinchia120/autoware.ai/install/map_file:/home/chinchia120/autoware.ai/install/op_simu:/home/chinchia120/autoware.ai/install/lanelet2_extension:/home/chinchia120/autoware.ai/install/op_planner:/home/chinchia120/autoware.ai/install/lanelet2_validation:/home/chinchia120/autoware.ai/install/op_utility:/home/chinchia120/autoware.ai/install/lanelet2_routing:/home/chinchia120/autoware.ai/install/lanelet2_projection:/home/chinchia120/autoware.ai/install/vector_map_server:/home/chinchia120/autoware.ai/install/libwaypoint_follower:/home/chinchia120/autoware.ai/install/lanelet2_traffic_rules:/home/chinchia120/autoware.ai/install/lanelet2_maps:/home/chinchia120/autoware.ai/install/lanelet2_io:/home/chinchia120/autoware.ai/install/vector_map:/home/chinchia120/autoware.ai/install/lanelet2_core:/home/chinchia120/autoware.ai/install/amathutils_lib:/home/chinchia120/autoware.ai/install/vector_map_msgs:/home/chinchia120/autoware.ai/install/autoware_msgs:/home/chinchia120/autoware.ai/install/autoware_lanelet2_msgs:/home/chinchia120/autoware.ai/install/autoware_can_msgs:/home/chinchia120/autoware.ai/install/autoware_build_flags:${CMAKE_PREFIX_PATH} LD_LIBRARY_PATH=/home/chinchia120/autoware.ai/install/op_ros_helpers/lib:/home/chinchia120/autoware.ai/install/map_file/lib:/home/chinchia120/autoware.ai/install/op_simu/lib:/home/chinchia120/autoware.ai/install/lanelet2_extension/lib:/home/chinchia120/autoware.ai/install/op_planner/lib:/home/chinchia120/autoware.ai/install/lanelet2_validation/lib:/home/chinchia120/autoware.ai/install/op_utility/lib:/home/chinchia120/autoware.ai/install/lanelet2_routing/lib:/home/chinchia120/autoware.ai/install/lanelet2_projection/lib:/home/chinchia120/autoware.ai/install/libwaypoint_follower/lib:/home/chinchia120/autoware.ai/install/lanelet2_traffic_rules/lib:/home/chinchia120/autoware.ai/install/lanelet2_io/lib:/home/chinchia120/autoware.ai/install/vector_map/lib:/home/chinchia120/autoware.ai/install/lanelet2_core/lib:/home/chinchia120/autoware.ai/install/amathutils_lib/lib:${LD_LIBRARY_PATH} PKG_CONFIG_PATH=/home/chinchia120/autoware.ai/install/op_ros_helpers/lib/x86_64-linux-gnu/pkgconfig:/home/chinchia120/autoware.ai/install/op_ros_helpers/lib/pkgconfig:/home/chinchia120/autoware.ai/install/map_file/lib/x86_64-linux-gnu/pkgconfig:/home/chinchia120/autoware.ai/install/map_file/lib/pkgconfig:/home/chinchia120/autoware.ai/install/op_simu/lib/x86_64-linux-gnu/pkgconfig:/home/chinchia120/autoware.ai/install/op_simu/lib/pkgconfig:/home/chinchia120/autoware.ai/install/lanelet2_extension/lib/x86_64-linux-gnu/pkgconfig:/home/chinchia120/autoware.ai/install/lanelet2_extension/lib/pkgconfig:/home/chinchia120/autoware.ai/install/op_planner/lib/x86_64-linux-gnu/pkgconfig:/home/chinchia120/autoware.ai/install/op_planner/lib/pkgconfig:/home/chinchia120/autoware.ai/install/lanelet2_validation/lib/x86_64-linux-gnu/pkgconfig:/home/chinchia120/autoware.ai/install/lanelet2_validation/lib/pkgconfig:/home/chinchia120/autoware.ai/install/op_utility/lib/x86_64-linux-gnu/pkgconfig:/home/chinchia120/autoware.ai/install/op_utility/lib/pkgconfig:/home/chinchia120/autoware.ai/install/lanelet2_routing/lib/x86_64-linux-gnu/pkgconfig:/home/chinchia120/autoware.ai/install/lanelet2_routing/lib/pkgconfig:/home/chinchia120/autoware.ai/install/lanelet2_projection/lib/x86_64-linux-gnu/pkgconfig:/home/chinchia120/autoware.ai/install/lanelet2_projection/lib/pkgconfig:/home/chinchia120/autoware.ai/install/vector_map_server/lib/x86_64-linux-gnu/pkgconfig:/home/chinchia120/autoware.ai/install/vector_map_server/lib/pkgconfig:/home/chinchia120/autoware.ai/install/libwaypoint_follower/lib/x86_64-linux-gnu/pkgconfig:/home/chinchia120/autoware.ai/install/libwaypoint_follower/lib/pkgconfig:/home/chinchia120/autoware.ai/install/lanelet2_traffic_rules/lib/x86_64-linux-gnu/pkgconfig:/home/chinchia120/autoware.ai/install/lanelet2_traffic_rules/lib/pkgconfig:/home/chinchia120/autoware.ai/install/lanelet2_maps/lib/x86_64-linux-gnu/pkgconfig:/home/chinchia120/autoware.ai/install/lanelet2_maps/lib/pkgconfig:/home/chinchia120/autoware.ai/install/lanelet2_io/lib/x86_64-linux-gnu/pkgconfig:/home/chinchia120/autoware.ai/install/lanelet2_io/lib/pkgconfig:/home/chinchia120/autoware.ai/install/vector_map/lib/x86_64-linux-gnu/pkgconfig:/home/chinchia120/autoware.ai/install/vector_map/lib/pkgconfig:/home/chinchia120/autoware.ai/install/lanelet2_core/lib/x86_64-linux-gnu/pkgconfig:/home/chinchia120/autoware.ai/install/lanelet2_core/lib/pkgconfig:/home/chinchia120/autoware.ai/install/amathutils_lib/lib/x86_64-linux-gnu/pkgconfig:/home/chinchia120/autoware.ai/install/amathutils_lib/lib/pkgconfig:/home/chinchia120/autoware.ai/install/vector_map_msgs/lib/x86_64-linux-gnu/pkgconfig:/home/chinchia120/autoware.ai/install/vector_map_msgs/lib/pkgconfig:/home/chinchia120/autoware.ai/install/autoware_msgs/lib/x86_64-linux-gnu/pkgconfig:/home/chinchia120/autoware.ai/install/autoware_msgs/lib/pkgconfig:/home/chinchia120/autoware.ai/install/autoware_lanelet2_msgs/lib/x86_64-linux-gnu/pkgconfig:/home/chinchia120/autoware.ai/install/autoware_lanelet2_msgs/lib/pkgconfig:/home/chinchia120/autoware.ai/install/autoware_can_msgs/lib/x86_64-linux-gnu/pkgconfig:/home/chinchia120/autoware.ai/install/autoware_can_msgs/lib/pkgconfig:/home/chinchia120/autoware.ai/install/autoware_build_flags/lib/x86_64-linux-gnu/pkgconfig:/home/chinchia120/autoware.ai/install/autoware_build_flags/lib/pkgconfig:${PKG_CONFIG_PATH} PYTHONPATH=/home/chinchia120/autoware.ai/install/vector_map_server/lib/python2.7/dist-packages:/home/chinchia120/autoware.ai/install/vector_map_msgs/lib/python2.7/dist-packages:/home/chinchia120/autoware.ai/install/autoware_msgs/lib/python2.7/dist-packages:/home/chinchia120/autoware.ai/install/autoware_lanelet2_msgs/lib/python2.7/dist-packages:/home/chinchia120/autoware.ai/install/autoware_can_msgs/lib/python2.7/dist-packages:${PYTHONPATH} ROS_PACKAGE_PATH=/home/chinchia120/autoware.ai/install/op_ros_helpers/share:/home/chinchia120/autoware.ai/install/map_file/share:/home/chinchia120/autoware.ai/install/op_simu/share:/home/chinchia120/autoware.ai/install/lanelet2_extension/share:/home/chinchia120/autoware.ai/install/op_planner/share:/home/chinchia120/autoware.ai/install/lanelet2_validation/share:/home/chinchia120/autoware.ai/install/op_utility/share:/home/chinchia120/autoware.ai/install/lanelet2_routing/share:/home/chinchia120/autoware.ai/install/lanelet2_projection/share:/home/chinchia120/autoware.ai/install/vector_map_server/share:/home/chinchia120/autoware.ai/install/libwaypoint_follower/share:/home/chinchia120/autoware.ai/install/lanelet2_traffic_rules/share:/home/chinchia120/autoware.ai/install/lanelet2_maps/share:/home/chinchia120/autoware.ai/install/lanelet2_io/share:/home/chinchia120/autoware.ai/install/vector_map/share:/home/chinchia120/autoware.ai/install/lanelet2_core/share:/home/chinchia120/autoware.ai/install/amathutils_lib/share:/home/chinchia120/autoware.ai/install/vector_map_msgs/share:/home/chinchia120/autoware.ai/install/autoware_msgs/share:/home/chinchia120/autoware.ai/install/autoware_lanelet2_msgs/share:/home/chinchia120/autoware.ai/install/autoware_can_msgs/share:/home/chinchia120/autoware.ai/install/autoware_build_flags/share:${ROS_PACKAGE_PATH} /usr/bin/cmake --build /home/chinchia120/autoware.ai/build/op_global_planner -- -j4 -l4
[51.067s] Invoking command in '/home/chinchia120/autoware.ai/build/op_global_planner': CMAKE_PREFIX_PATH=/home/chinchia120/autoware.ai/install/op_ros_helpers:/home/chinchia120/autoware.ai/install/map_file:/home/chinchia120/autoware.ai/install/op_simu:/home/chinchia120/autoware.ai/install/lanelet2_extension:/home/chinchia120/autoware.ai/install/op_planner:/home/chinchia120/autoware.ai/install/lanelet2_validation:/home/chinchia120/autoware.ai/install/op_utility:/home/chinchia120/autoware.ai/install/lanelet2_routing:/home/chinchia120/autoware.ai/install/lanelet2_projection:/home/chinchia120/autoware.ai/install/vector_map_server:/home/chinchia120/autoware.ai/install/libwaypoint_follower:/home/chinchia120/autoware.ai/install/lanelet2_traffic_rules:/home/chinchia120/autoware.ai/install/lanelet2_maps:/home/chinchia120/autoware.ai/install/lanelet2_io:/home/chinchia120/autoware.ai/install/vector_map:/home/chinchia120/autoware.ai/install/lanelet2_core:/home/chinchia120/autoware.ai/install/amathutils_lib:/home/chinchia120/autoware.ai/install/vector_map_msgs:/home/chinchia120/autoware.ai/install/autoware_msgs:/home/chinchia120/autoware.ai/install/autoware_lanelet2_msgs:/home/chinchia120/autoware.ai/install/autoware_can_msgs:/home/chinchia120/autoware.ai/install/autoware_build_flags:${CMAKE_PREFIX_PATH} LD_LIBRARY_PATH=/home/chinchia120/autoware.ai/install/op_ros_helpers/lib:/home/chinchia120/autoware.ai/install/map_file/lib:/home/chinchia120/autoware.ai/install/op_simu/lib:/home/chinchia120/autoware.ai/install/lanelet2_extension/lib:/home/chinchia120/autoware.ai/install/op_planner/lib:/home/chinchia120/autoware.ai/install/lanelet2_validation/lib:/home/chinchia120/autoware.ai/install/op_utility/lib:/home/chinchia120/autoware.ai/install/lanelet2_routing/lib:/home/chinchia120/autoware.ai/install/lanelet2_projection/lib:/home/chinchia120/autoware.ai/install/libwaypoint_follower/lib:/home/chinchia120/autoware.ai/install/lanelet2_traffic_rules/lib:/home/chinchia120/autoware.ai/install/lanelet2_io/lib:/home/chinchia120/autoware.ai/install/vector_map/lib:/home/chinchia120/autoware.ai/install/lanelet2_core/lib:/home/chinchia120/autoware.ai/install/amathutils_lib/lib:${LD_LIBRARY_PATH} PKG_CONFIG_PATH=/home/chinchia120/autoware.ai/install/op_ros_helpers/lib/x86_64-linux-gnu/pkgconfig:/home/chinchia120/autoware.ai/install/op_ros_helpers/lib/pkgconfig:/home/chinchia120/autoware.ai/install/map_file/lib/x86_64-linux-gnu/pkgconfig:/home/chinchia120/autoware.ai/install/map_file/lib/pkgconfig:/home/chinchia120/autoware.ai/install/op_simu/lib/x86_64-linux-gnu/pkgconfig:/home/chinchia120/autoware.ai/install/op_simu/lib/pkgconfig:/home/chinchia120/autoware.ai/install/lanelet2_extension/lib/x86_64-linux-gnu/pkgconfig:/home/chinchia120/autoware.ai/install/lanelet2_extension/lib/pkgconfig:/home/chinchia120/autoware.ai/install/op_planner/lib/x86_64-linux-gnu/pkgconfig:/home/chinchia120/autoware.ai/install/op_planner/lib/pkgconfig:/home/chinchia120/autoware.ai/install/lanelet2_validation/lib/x86_64-linux-gnu/pkgconfig:/home/chinchia120/autoware.ai/install/lanelet2_validation/lib/pkgconfig:/home/chinchia120/autoware.ai/install/op_utility/lib/x86_64-linux-gnu/pkgconfig:/home/chinchia120/autoware.ai/install/op_utility/lib/pkgconfig:/home/chinchia120/autoware.ai/install/lanelet2_routing/lib/x86_64-linux-gnu/pkgconfig:/home/chinchia120/autoware.ai/install/lanelet2_routing/lib/pkgconfig:/home/chinchia120/autoware.ai/install/lanelet2_projection/lib/x86_64-linux-gnu/pkgconfig:/home/chinchia120/autoware.ai/install/lanelet2_projection/lib/pkgconfig:/home/chinchia120/autoware.ai/install/vector_map_server/lib/x86_64-linux-gnu/pkgconfig:/home/chinchia120/autoware.ai/install/vector_map_server/lib/pkgconfig:/home/chinchia120/autoware.ai/install/libwaypoint_follower/lib/x86_64-linux-gnu/pkgconfig:/home/chinchia120/autoware.ai/install/libwaypoint_follower/lib/pkgconfig:/home/chinchia120/autoware.ai/install/lanelet2_traffic_rules/lib/x86_64-linux-gnu/pkgconfig:/home/chinchia120/autoware.ai/install/lanelet2_traffic_rules/lib/pkgconfig:/home/chinchia120/autoware.ai/install/lanelet2_maps/lib/x86_64-linux-gnu/pkgconfig:/home/chinchia120/autoware.ai/install/lanelet2_maps/lib/pkgconfig:/home/chinchia120/autoware.ai/install/lanelet2_io/lib/x86_64-linux-gnu/pkgconfig:/home/chinchia120/autoware.ai/install/lanelet2_io/lib/pkgconfig:/home/chinchia120/autoware.ai/install/vector_map/lib/x86_64-linux-gnu/pkgconfig:/home/chinchia120/autoware.ai/install/vector_map/lib/pkgconfig:/home/chinchia120/autoware.ai/install/lanelet2_core/lib/x86_64-linux-gnu/pkgconfig:/home/chinchia120/autoware.ai/install/lanelet2_core/lib/pkgconfig:/home/chinchia120/autoware.ai/install/amathutils_lib/lib/x86_64-linux-gnu/pkgconfig:/home/chinchia120/autoware.ai/install/amathutils_lib/lib/pkgconfig:/home/chinchia120/autoware.ai/install/vector_map_msgs/lib/x86_64-linux-gnu/pkgconfig:/home/chinchia120/autoware.ai/install/vector_map_msgs/lib/pkgconfig:/home/chinchia120/autoware.ai/install/autoware_msgs/lib/x86_64-linux-gnu/pkgconfig:/home/chinchia120/autoware.ai/install/autoware_msgs/lib/pkgconfig:/home/chinchia120/autoware.ai/install/autoware_lanelet2_msgs/lib/x86_64-linux-gnu/pkgconfig:/home/chinchia120/autoware.ai/install/autoware_lanelet2_msgs/lib/pkgconfig:/home/chinchia120/autoware.ai/install/autoware_can_msgs/lib/x86_64-linux-gnu/pkgconfig:/home/chinchia120/autoware.ai/install/autoware_can_msgs/lib/pkgconfig:/home/chinchia120/autoware.ai/install/autoware_build_flags/lib/x86_64-linux-gnu/pkgconfig:/home/chinchia120/autoware.ai/install/autoware_build_flags/lib/pkgconfig:${PKG_CONFIG_PATH} PYTHONPATH=/home/chinchia120/autoware.ai/install/vector_map_server/lib/python2.7/dist-packages:/home/chinchia120/autoware.ai/install/vector_map_msgs/lib/python2.7/dist-packages:/home/chinchia120/autoware.ai/install/autoware_msgs/lib/python2.7/dist-packages:/home/chinchia120/autoware.ai/install/autoware_lanelet2_msgs/lib/python2.7/dist-packages:/home/chinchia120/autoware.ai/install/autoware_can_msgs/lib/python2.7/dist-packages:${PYTHONPATH} ROS_PACKAGE_PATH=/home/chinchia120/autoware.ai/install/op_ros_helpers/share:/home/chinchia120/autoware.ai/install/map_file/share:/home/chinchia120/autoware.ai/install/op_simu/share:/home/chinchia120/autoware.ai/install/lanelet2_extension/share:/home/chinchia120/autoware.ai/install/op_planner/share:/home/chinchia120/autoware.ai/install/lanelet2_validation/share:/home/chinchia120/autoware.ai/install/op_utility/share:/home/chinchia120/autoware.ai/install/lanelet2_routing/share:/home/chinchia120/autoware.ai/install/lanelet2_projection/share:/home/chinchia120/autoware.ai/install/vector_map_server/share:/home/chinchia120/autoware.ai/install/libwaypoint_follower/share:/home/chinchia120/autoware.ai/install/lanelet2_traffic_rules/share:/home/chinchia120/autoware.ai/install/lanelet2_maps/share:/home/chinchia120/autoware.ai/install/lanelet2_io/share:/home/chinchia120/autoware.ai/install/vector_map/share:/home/chinchia120/autoware.ai/install/lanelet2_core/share:/home/chinchia120/autoware.ai/install/amathutils_lib/share:/home/chinchia120/autoware.ai/install/vector_map_msgs/share:/home/chinchia120/autoware.ai/install/autoware_msgs/share:/home/chinchia120/autoware.ai/install/autoware_lanelet2_msgs/share:/home/chinchia120/autoware.ai/install/autoware_can_msgs/share:/home/chinchia120/autoware.ai/install/autoware_build_flags/share:${ROS_PACKAGE_PATH} /usr/bin/cmake --build /home/chinchia120/autoware.ai/build/op_global_planner --target tests -- -j4 -l4
[51.226s] [35m[1mScanning dependencies of target tests[0m
[51.252s] Built target tests
[51.277s] Invoked command in '/home/chinchia120/autoware.ai/build/op_global_planner' returned '0': CMAKE_PREFIX_PATH=/home/chinchia120/autoware.ai/install/op_ros_helpers:/home/chinchia120/autoware.ai/install/map_file:/home/chinchia120/autoware.ai/install/op_simu:/home/chinchia120/autoware.ai/install/lanelet2_extension:/home/chinchia120/autoware.ai/install/op_planner:/home/chinchia120/autoware.ai/install/lanelet2_validation:/home/chinchia120/autoware.ai/install/op_utility:/home/chinchia120/autoware.ai/install/lanelet2_routing:/home/chinchia120/autoware.ai/install/lanelet2_projection:/home/chinchia120/autoware.ai/install/vector_map_server:/home/chinchia120/autoware.ai/install/libwaypoint_follower:/home/chinchia120/autoware.ai/install/lanelet2_traffic_rules:/home/chinchia120/autoware.ai/install/lanelet2_maps:/home/chinchia120/autoware.ai/install/lanelet2_io:/home/chinchia120/autoware.ai/install/vector_map:/home/chinchia120/autoware.ai/install/lanelet2_core:/home/chinchia120/autoware.ai/install/amathutils_lib:/home/chinchia120/autoware.ai/install/vector_map_msgs:/home/chinchia120/autoware.ai/install/autoware_msgs:/home/chinchia120/autoware.ai/install/autoware_lanelet2_msgs:/home/chinchia120/autoware.ai/install/autoware_can_msgs:/home/chinchia120/autoware.ai/install/autoware_build_flags:${CMAKE_PREFIX_PATH} LD_LIBRARY_PATH=/home/chinchia120/autoware.ai/install/op_ros_helpers/lib:/home/chinchia120/autoware.ai/install/map_file/lib:/home/chinchia120/autoware.ai/install/op_simu/lib:/home/chinchia120/autoware.ai/install/lanelet2_extension/lib:/home/chinchia120/autoware.ai/install/op_planner/lib:/home/chinchia120/autoware.ai/install/lanelet2_validation/lib:/home/chinchia120/autoware.ai/install/op_utility/lib:/home/chinchia120/autoware.ai/install/lanelet2_routing/lib:/home/chinchia120/autoware.ai/install/lanelet2_projection/lib:/home/chinchia120/autoware.ai/install/libwaypoint_follower/lib:/home/chinchia120/autoware.ai/install/lanelet2_traffic_rules/lib:/home/chinchia120/autoware.ai/install/lanelet2_io/lib:/home/chinchia120/autoware.ai/install/vector_map/lib:/home/chinchia120/autoware.ai/install/lanelet2_core/lib:/home/chinchia120/autoware.ai/install/amathutils_lib/lib:${LD_LIBRARY_PATH} PKG_CONFIG_PATH=/home/chinchia120/autoware.ai/install/op_ros_helpers/lib/x86_64-linux-gnu/pkgconfig:/home/chinchia120/autoware.ai/install/op_ros_helpers/lib/pkgconfig:/home/chinchia120/autoware.ai/install/map_file/lib/x86_64-linux-gnu/pkgconfig:/home/chinchia120/autoware.ai/install/map_file/lib/pkgconfig:/home/chinchia120/autoware.ai/install/op_simu/lib/x86_64-linux-gnu/pkgconfig:/home/chinchia120/autoware.ai/install/op_simu/lib/pkgconfig:/home/chinchia120/autoware.ai/install/lanelet2_extension/lib/x86_64-linux-gnu/pkgconfig:/home/chinchia120/autoware.ai/install/lanelet2_extension/lib/pkgconfig:/home/chinchia120/autoware.ai/install/op_planner/lib/x86_64-linux-gnu/pkgconfig:/home/chinchia120/autoware.ai/install/op_planner/lib/pkgconfig:/home/chinchia120/autoware.ai/install/lanelet2_validation/lib/x86_64-linux-gnu/pkgconfig:/home/chinchia120/autoware.ai/install/lanelet2_validation/lib/pkgconfig:/home/chinchia120/autoware.ai/install/op_utility/lib/x86_64-linux-gnu/pkgconfig:/home/chinchia120/autoware.ai/install/op_utility/lib/pkgconfig:/home/chinchia120/autoware.ai/install/lanelet2_routing/lib/x86_64-linux-gnu/pkgconfig:/home/chinchia120/autoware.ai/install/lanelet2_routing/lib/pkgconfig:/home/chinchia120/autoware.ai/install/lanelet2_projection/lib/x86_64-linux-gnu/pkgconfig:/home/chinchia120/autoware.ai/install/lanelet2_projection/lib/pkgconfig:/home/chinchia120/autoware.ai/install/vector_map_server/lib/x86_64-linux-gnu/pkgconfig:/home/chinchia120/autoware.ai/install/vector_map_server/lib/pkgconfig:/home/chinchia120/autoware.ai/install/libwaypoint_follower/lib/x86_64-linux-gnu/pkgconfig:/home/chinchia120/autoware.ai/install/libwaypoint_follower/lib/pkgconfig:/home/chinchia120/autoware.ai/install/lanelet2_traffic_rules/lib/x86_64-linux-gnu/pkgconfig:/home/chinchia120/autoware.ai/install/lanelet2_traffic_rules/lib/pkgconfig:/home/chinchia120/autoware.ai/install/lanelet2_maps/lib/x86_64-linux-gnu/pkgconfig:/home/chinchia120/autoware.ai/install/lanelet2_maps/lib/pkgconfig:/home/chinchia120/autoware.ai/install/lanelet2_io/lib/x86_64-linux-gnu/pkgconfig:/home/chinchia120/autoware.ai/install/lanelet2_io/lib/pkgconfig:/home/chinchia120/autoware.ai/install/vector_map/lib/x86_64-linux-gnu/pkgconfig:/home/chinchia120/autoware.ai/install/vector_map/lib/pkgconfig:/home/chinchia120/autoware.ai/install/lanelet2_core/lib/x86_64-linux-gnu/pkgconfig:/home/chinchia120/autoware.ai/install/lanelet2_core/lib/pkgconfig:/home/chinchia120/autoware.ai/install/amathutils_lib/lib/x86_64-linux-gnu/pkgconfig:/home/chinchia120/autoware.ai/install/amathutils_lib/lib/pkgconfig:/home/chinchia120/autoware.ai/install/vector_map_msgs/lib/x86_64-linux-gnu/pkgconfig:/home/chinchia120/autoware.ai/install/vector_map_msgs/lib/pkgconfig:/home/chinchia120/autoware.ai/install/autoware_msgs/lib/x86_64-linux-gnu/pkgconfig:/home/chinchia120/autoware.ai/install/autoware_msgs/lib/pkgconfig:/home/chinchia120/autoware.ai/install/autoware_lanelet2_msgs/lib/x86_64-linux-gnu/pkgconfig:/home/chinchia120/autoware.ai/install/autoware_lanelet2_msgs/lib/pkgconfig:/home/chinchia120/autoware.ai/install/autoware_can_msgs/lib/x86_64-linux-gnu/pkgconfig:/home/chinchia120/autoware.ai/install/autoware_can_msgs/lib/pkgconfig:/home/chinchia120/autoware.ai/install/autoware_build_flags/lib/x86_64-linux-gnu/pkgconfig:/home/chinchia120/autoware.ai/install/autoware_build_flags/lib/pkgconfig:${PKG_CONFIG_PATH} PYTHONPATH=/home/chinchia120/autoware.ai/install/vector_map_server/lib/python2.7/dist-packages:/home/chinchia120/autoware.ai/install/vector_map_msgs/lib/python2.7/dist-packages:/home/chinchia120/autoware.ai/install/autoware_msgs/lib/python2.7/dist-packages:/home/chinchia120/autoware.ai/install/autoware_lanelet2_msgs/lib/python2.7/dist-packages:/home/chinchia120/autoware.ai/install/autoware_can_msgs/lib/python2.7/dist-packages:${PYTHONPATH} ROS_PACKAGE_PATH=/home/chinchia120/autoware.ai/install/op_ros_helpers/share:/home/chinchia120/autoware.ai/install/map_file/share:/home/chinchia120/autoware.ai/install/op_simu/share:/home/chinchia120/autoware.ai/install/lanelet2_extension/share:/home/chinchia120/autoware.ai/install/op_planner/share:/home/chinchia120/autoware.ai/install/lanelet2_validation/share:/home/chinchia120/autoware.ai/install/op_utility/share:/home/chinchia120/autoware.ai/install/lanelet2_routing/share:/home/chinchia120/autoware.ai/install/lanelet2_projection/share:/home/chinchia120/autoware.ai/install/vector_map_server/share:/home/chinchia120/autoware.ai/install/libwaypoint_follower/share:/home/chinchia120/autoware.ai/install/lanelet2_traffic_rules/share:/home/chinchia120/autoware.ai/install/lanelet2_maps/share:/home/chinchia120/autoware.ai/install/lanelet2_io/share:/home/chinchia120/autoware.ai/install/vector_map/share:/home/chinchia120/autoware.ai/install/lanelet2_core/share:/home/chinchia120/autoware.ai/install/amathutils_lib/share:/home/chinchia120/autoware.ai/install/vector_map_msgs/share:/home/chinchia120/autoware.ai/install/autoware_msgs/share:/home/chinchia120/autoware.ai/install/autoware_lanelet2_msgs/share:/home/chinchia120/autoware.ai/install/autoware_can_msgs/share:/home/chinchia120/autoware.ai/install/autoware_build_flags/share:${ROS_PACKAGE_PATH} /usr/bin/cmake --build /home/chinchia120/autoware.ai/build/op_global_planner --target tests -- -j4 -l4
[51.689s] Invoking command in '/home/chinchia120/autoware.ai/build/op_global_planner': CMAKE_PREFIX_PATH=/home/chinchia120/autoware.ai/install/op_ros_helpers:/home/chinchia120/autoware.ai/install/map_file:/home/chinchia120/autoware.ai/install/op_simu:/home/chinchia120/autoware.ai/install/lanelet2_extension:/home/chinchia120/autoware.ai/install/op_planner:/home/chinchia120/autoware.ai/install/lanelet2_validation:/home/chinchia120/autoware.ai/install/op_utility:/home/chinchia120/autoware.ai/install/lanelet2_routing:/home/chinchia120/autoware.ai/install/lanelet2_projection:/home/chinchia120/autoware.ai/install/vector_map_server:/home/chinchia120/autoware.ai/install/libwaypoint_follower:/home/chinchia120/autoware.ai/install/lanelet2_traffic_rules:/home/chinchia120/autoware.ai/install/lanelet2_maps:/home/chinchia120/autoware.ai/install/lanelet2_io:/home/chinchia120/autoware.ai/install/vector_map:/home/chinchia120/autoware.ai/install/lanelet2_core:/home/chinchia120/autoware.ai/install/amathutils_lib:/home/chinchia120/autoware.ai/install/vector_map_msgs:/home/chinchia120/autoware.ai/install/autoware_msgs:/home/chinchia120/autoware.ai/install/autoware_lanelet2_msgs:/home/chinchia120/autoware.ai/install/autoware_can_msgs:/home/chinchia120/autoware.ai/install/autoware_build_flags:${CMAKE_PREFIX_PATH} LD_LIBRARY_PATH=/home/chinchia120/autoware.ai/install/op_ros_helpers/lib:/home/chinchia120/autoware.ai/install/map_file/lib:/home/chinchia120/autoware.ai/install/op_simu/lib:/home/chinchia120/autoware.ai/install/lanelet2_extension/lib:/home/chinchia120/autoware.ai/install/op_planner/lib:/home/chinchia120/autoware.ai/install/lanelet2_validation/lib:/home/chinchia120/autoware.ai/install/op_utility/lib:/home/chinchia120/autoware.ai/install/lanelet2_routing/lib:/home/chinchia120/autoware.ai/install/lanelet2_projection/lib:/home/chinchia120/autoware.ai/install/libwaypoint_follower/lib:/home/chinchia120/autoware.ai/install/lanelet2_traffic_rules/lib:/home/chinchia120/autoware.ai/install/lanelet2_io/lib:/home/chinchia120/autoware.ai/install/vector_map/lib:/home/chinchia120/autoware.ai/install/lanelet2_core/lib:/home/chinchia120/autoware.ai/install/amathutils_lib/lib:${LD_LIBRARY_PATH} PKG_CONFIG_PATH=/home/chinchia120/autoware.ai/install/op_ros_helpers/lib/x86_64-linux-gnu/pkgconfig:/home/chinchia120/autoware.ai/install/op_ros_helpers/lib/pkgconfig:/home/chinchia120/autoware.ai/install/map_file/lib/x86_64-linux-gnu/pkgconfig:/home/chinchia120/autoware.ai/install/map_file/lib/pkgconfig:/home/chinchia120/autoware.ai/install/op_simu/lib/x86_64-linux-gnu/pkgconfig:/home/chinchia120/autoware.ai/install/op_simu/lib/pkgconfig:/home/chinchia120/autoware.ai/install/lanelet2_extension/lib/x86_64-linux-gnu/pkgconfig:/home/chinchia120/autoware.ai/install/lanelet2_extension/lib/pkgconfig:/home/chinchia120/autoware.ai/install/op_planner/lib/x86_64-linux-gnu/pkgconfig:/home/chinchia120/autoware.ai/install/op_planner/lib/pkgconfig:/home/chinchia120/autoware.ai/install/lanelet2_validation/lib/x86_64-linux-gnu/pkgconfig:/home/chinchia120/autoware.ai/install/lanelet2_validation/lib/pkgconfig:/home/chinchia120/autoware.ai/install/op_utility/lib/x86_64-linux-gnu/pkgconfig:/home/chinchia120/autoware.ai/install/op_utility/lib/pkgconfig:/home/chinchia120/autoware.ai/install/lanelet2_routing/lib/x86_64-linux-gnu/pkgconfig:/home/chinchia120/autoware.ai/install/lanelet2_routing/lib/pkgconfig:/home/chinchia120/autoware.ai/install/lanelet2_projection/lib/x86_64-linux-gnu/pkgconfig:/home/chinchia120/autoware.ai/install/lanelet2_projection/lib/pkgconfig:/home/chinchia120/autoware.ai/install/vector_map_server/lib/x86_64-linux-gnu/pkgconfig:/home/chinchia120/autoware.ai/install/vector_map_server/lib/pkgconfig:/home/chinchia120/autoware.ai/install/libwaypoint_follower/lib/x86_64-linux-gnu/pkgconfig:/home/chinchia120/autoware.ai/install/libwaypoint_follower/lib/pkgconfig:/home/chinchia120/autoware.ai/install/lanelet2_traffic_rules/lib/x86_64-linux-gnu/pkgconfig:/home/chinchia120/autoware.ai/install/lanelet2_traffic_rules/lib/pkgconfig:/home/chinchia120/autoware.ai/install/lanelet2_maps/lib/x86_64-linux-gnu/pkgconfig:/home/chinchia120/autoware.ai/install/lanelet2_maps/lib/pkgconfig:/home/chinchia120/autoware.ai/install/lanelet2_io/lib/x86_64-linux-gnu/pkgconfig:/home/chinchia120/autoware.ai/install/lanelet2_io/lib/pkgconfig:/home/chinchia120/autoware.ai/install/vector_map/lib/x86_64-linux-gnu/pkgconfig:/home/chinchia120/autoware.ai/install/vector_map/lib/pkgconfig:/home/chinchia120/autoware.ai/install/lanelet2_core/lib/x86_64-linux-gnu/pkgconfig:/home/chinchia120/autoware.ai/install/lanelet2_core/lib/pkgconfig:/home/chinchia120/autoware.ai/install/amathutils_lib/lib/x86_64-linux-gnu/pkgconfig:/home/chinchia120/autoware.ai/install/amathutils_lib/lib/pkgconfig:/home/chinchia120/autoware.ai/install/vector_map_msgs/lib/x86_64-linux-gnu/pkgconfig:/home/chinchia120/autoware.ai/install/vector_map_msgs/lib/pkgconfig:/home/chinchia120/autoware.ai/install/autoware_msgs/lib/x86_64-linux-gnu/pkgconfig:/home/chinchia120/autoware.ai/install/autoware_msgs/lib/pkgconfig:/home/chinchia120/autoware.ai/install/autoware_lanelet2_msgs/lib/x86_64-linux-gnu/pkgconfig:/home/chinchia120/autoware.ai/install/autoware_lanelet2_msgs/lib/pkgconfig:/home/chinchia120/autoware.ai/install/autoware_can_msgs/lib/x86_64-linux-gnu/pkgconfig:/home/chinchia120/autoware.ai/install/autoware_can_msgs/lib/pkgconfig:/home/chinchia120/autoware.ai/install/autoware_build_flags/lib/x86_64-linux-gnu/pkgconfig:/home/chinchia120/autoware.ai/install/autoware_build_flags/lib/pkgconfig:${PKG_CONFIG_PATH} PYTHONPATH=/home/chinchia120/autoware.ai/install/vector_map_server/lib/python2.7/dist-packages:/home/chinchia120/autoware.ai/install/vector_map_msgs/lib/python2.7/dist-packages:/home/chinchia120/autoware.ai/install/autoware_msgs/lib/python2.7/dist-packages:/home/chinchia120/autoware.ai/install/autoware_lanelet2_msgs/lib/python2.7/dist-packages:/home/chinchia120/autoware.ai/install/autoware_can_msgs/lib/python2.7/dist-packages:${PYTHONPATH} ROS_PACKAGE_PATH=/home/chinchia120/autoware.ai/install/op_ros_helpers/share:/home/chinchia120/autoware.ai/install/map_file/share:/home/chinchia120/autoware.ai/install/op_simu/share:/home/chinchia120/autoware.ai/install/lanelet2_extension/share:/home/chinchia120/autoware.ai/install/op_planner/share:/home/chinchia120/autoware.ai/install/lanelet2_validation/share:/home/chinchia120/autoware.ai/install/op_utility/share:/home/chinchia120/autoware.ai/install/lanelet2_routing/share:/home/chinchia120/autoware.ai/install/lanelet2_projection/share:/home/chinchia120/autoware.ai/install/vector_map_server/share:/home/chinchia120/autoware.ai/install/libwaypoint_follower/share:/home/chinchia120/autoware.ai/install/lanelet2_traffic_rules/share:/home/chinchia120/autoware.ai/install/lanelet2_maps/share:/home/chinchia120/autoware.ai/install/lanelet2_io/share:/home/chinchia120/autoware.ai/install/vector_map/share:/home/chinchia120/autoware.ai/install/lanelet2_core/share:/home/chinchia120/autoware.ai/install/amathutils_lib/share:/home/chinchia120/autoware.ai/install/vector_map_msgs/share:/home/chinchia120/autoware.ai/install/autoware_msgs/share:/home/chinchia120/autoware.ai/install/autoware_lanelet2_msgs/share:/home/chinchia120/autoware.ai/install/autoware_can_msgs/share:/home/chinchia120/autoware.ai/install/autoware_build_flags/share:${ROS_PACKAGE_PATH} /usr/bin/cmake --build /home/chinchia120/autoware.ai/build/op_global_planner --target install -- -j4 -l4
[51.839s] [  0%] Built target vector_map_msgs_generate_messages_eus
[51.896s] [  0%] Built target topic_tools_generate_messages_cpp
[51.956s] [  0%] Built target std_srvs_generate_messages_py
[52.022s] [  0%] Built target std_srvs_generate_messages_nodejs
[52.083s] [  0%] Built target std_srvs_generate_messages_lisp
[52.143s] [  0%] Built target bond_generate_messages_nodejs
[52.209s] [  0%] Built target bond_generate_messages_lisp
[52.270s] [  0%] Built target bond_generate_messages_eus
[52.332s] [  0%] Built target bond_generate_messages_cpp
[52.383s] [  0%] Built target nodelet_generate_messages_nodejs
[52.444s] [  0%] Built target nodelet_generate_messages_eus
[52.511s] [  0%] Built target nodelet_generate_messages_cpp
[52.570s] [  0%] Built target dynamic_reconfigure_generate_messages_lisp
[52.627s] [  0%] Built target dynamic_reconfigure_generate_messages_eus
[52.683s] [  0%] Built target pcl_ros_gencfg
[52.748s] [  0%] Built target visualization_msgs_generate_messages_py
[52.796s] [  0%] Built target visualization_msgs_generate_messages_nodejs
[52.867s] [  0%] Built target vector_map_server_generate_messages_nodejs
[52.931s] [  0%] Built target visualization_msgs_generate_messages_eus
[52.996s] [  0%] Built target vector_map_server_generate_messages_cpp
[53.064s] [  0%] Built target vector_map_msgs_generate_messages_py
[53.133s] [  0%] Built target bond_generate_messages_py
[53.198s] [  0%] Built target vector_map_msgs_generate_messages_nodejs
[53.247s] [  0%] Built target geometry_msgs_generate_messages_py
[53.310s] [  0%] Built target sensor_msgs_generate_messages_nodejs
[53.370s] [  0%] Built target vector_map_server_generate_messages_eus
[53.427s] [  0%] Built target roscpp_generate_messages_cpp
[53.485s] [  0%] Built target actionlib_generate_messages_cpp
[53.543s] [  0%] Built target pcl_msgs_generate_messages_eus
[53.609s] [  0%] Built target rosgraph_msgs_generate_messages_eus
[53.678s] [  0%] Built target jsk_recognition_msgs_generate_messages_lisp
[53.737s] [  0%] Built target jsk_recognition_msgs_generate_messages_eus
[53.793s] [  0%] Built target tf2_msgs_generate_messages_cpp
[53.848s] [  0%] Built target pcl_msgs_generate_messages_cpp
[53.911s] [  0%] Built target sensor_msgs_generate_messages_lisp
[53.978s] [  0%] Built target std_srvs_generate_messages_cpp
[54.042s] [  0%] Built target topic_tools_generate_messages_lisp
[54.107s] [  0%] Built target jsk_recognition_msgs_generate_messages_cpp
[54.166s] [  0%] Built target geometry_msgs_generate_messages_lisp
[54.230s] [  0%] Built target geometry_msgs_generate_messages_eus
[54.282s] [  0%] Built target autoware_can_msgs_generate_messages_cpp
[54.335s] [  0%] Built target dynamic_reconfigure_generate_messages_py
[54.397s] [  0%] Built target autoware_can_msgs_generate_messages_lisp
[54.459s] [  0%] Built target autoware_can_msgs_generate_messages_nodejs
[54.521s] [  0%] Built target pcl_msgs_generate_messages_nodejs
[54.582s] [  0%] Built target jsk_recognition_msgs_generate_messages_py
[54.640s] [  0%] Built target nodelet_generate_messages_py
[54.699s] [  0%] Built target sensor_msgs_generate_messages_py
[54.761s] [  0%] Built target dynamic_reconfigure_generate_messages_cpp
[54.814s] [  0%] Built target tf_generate_messages_py
[54.882s] [  0%] Built target topic_tools_generate_messages_py
[54.934s] [  0%] Built target nodelet_topic_tools_gencfg
[55.002s] [  0%] Built target actionlib_msgs_generate_messages_nodejs
[55.075s] [  0%] Built target std_msgs_generate_messages_cpp
[55.134s] [  0%] Built target jsk_footstep_msgs_generate_messages_py
[55.201s] [  0%] Built target visualization_msgs_generate_messages_lisp
[55.256s] [  0%] Built target std_msgs_generate_messages_eus
[55.316s] [  0%] Built target geometry_msgs_generate_messages_nodejs
[55.375s] [  0%] Built target dynamic_reconfigure_generate_messages_nodejs
[55.443s] [  0%] Built target autoware_can_msgs_generate_messages_py
[55.505s] [  0%] Built target sensor_msgs_generate_messages_eus
[55.570s] [  0%] Built target sensor_msgs_generate_messages_cpp
[55.624s] [  0%] Built target roscpp_generate_messages_nodejs
[55.682s] [  0%] Built target std_msgs_generate_messages_lisp
[55.753s] [  0%] Built target std_msgs_generate_messages_nodejs
[55.805s] [  0%] Built target std_msgs_generate_messages_py
[55.864s] [  0%] Built target nodelet_generate_messages_lisp
[55.920s] [  0%] Built target autoware_msgs_generate_messages_py
[55.974s] [  0%] Built target jsk_footstep_msgs_generate_messages_eus
[56.030s] [  0%] Built target actionlib_msgs_generate_messages_py
[56.088s] [  0%] Built target vector_map_server_generate_messages_lisp
[56.142s] [  0%] Built target jsk_footstep_msgs_generate_messages_lisp
[56.215s] [  0%] Built target jsk_footstep_msgs_generate_messages_nodejs
[56.278s] [  0%] Built target vector_map_msgs_generate_messages_lisp
[56.341s] [  0%] Built target autoware_msgs_generate_messages_lisp
[56.419s] [  0%] Built target actionlib_msgs_generate_messages_lisp
[56.493s] [  0%] Built target autoware_msgs_generate_messages_cpp
[56.568s] [  0%] Built target rosgraph_msgs_generate_messages_cpp
[56.643s] [  0%] Built target autoware_msgs_generate_messages_eus
[56.703s] [  0%] Built target autoware_msgs_generate_messages_nodejs
[56.773s] [  0%] Built target actionlib_generate_messages_nodejs
[56.841s] [  0%] Built target pcl_msgs_generate_messages_lisp
[56.903s] [  0%] Built target tf_generate_messages_cpp
[56.965s] [  0%] Built target jsk_footstep_msgs_generate_messages_cpp
[57.043s] [  0%] Built target actionlib_msgs_generate_messages_cpp
[57.120s] [  0%] Built target tf_generate_messages_eus
[57.187s] [  0%] Built target tf_generate_messages_lisp
[57.256s] [  0%] Built target tf_generate_messages_nodejs
[57.333s] [  0%] Built target std_srvs_generate_messages_eus
[57.390s] [  0%] Built target jsk_recognition_msgs_generate_messages_nodejs
[57.459s] [  0%] Built target roscpp_generate_messages_lisp
[57.528s] [  0%] Built target roscpp_generate_messages_py
[57.599s] [  0%] Built target rosgraph_msgs_generate_messages_lisp
[57.664s] [  0%] Built target rosgraph_msgs_generate_messages_nodejs
[57.720s] [  0%] Built target vector_map_server_generate_messages_py
[57.788s] [  0%] Built target roscpp_generate_messages_eus
[57.851s] [  0%] Built target autoware_can_msgs_generate_messages_eus
[57.916s] [  0%] Built target actionlib_msgs_generate_messages_eus
[57.986s] [  0%] Built target rosgraph_msgs_generate_messages_py
[58.053s] [  0%] Built target pcl_msgs_generate_messages_py
[58.118s] [  0%] Built target actionlib_generate_messages_eus
[58.182s] [  0%] Built target geometry_msgs_generate_messages_cpp
[58.243s] [  0%] Built target actionlib_generate_messages_lisp
[58.304s] [  0%] Built target visualization_msgs_generate_messages_cpp
[58.363s] [  0%] Built target tf2_msgs_generate_messages_eus
[58.415s] [  0%] Built target dynamic_reconfigure_gencfg
[58.481s] [  0%] Built target tf2_msgs_generate_messages_lisp
[58.538s] [  0%] Built target actionlib_generate_messages_py
[58.596s] [  0%] Built target tf2_msgs_generate_messages_py
[58.663s] [  0%] Built target tf2_msgs_generate_messages_nodejs
[58.729s] [  0%] Built target vector_map_msgs_generate_messages_cpp
[58.802s] [  0%] Built target topic_tools_generate_messages_eus
[58.875s] [  0%] Built target topic_tools_generate_messages_nodejs
[58.982s] [100%] Built target op_global_planner
[59.038s] [36mInstall the project...[0m
[59.068s] -- Install configuration: "Release"
[59.068s] -- Installing: /home/chinchia120/autoware.ai/install/op_global_planner/lib/pkgconfig/op_global_planner.pc
[59.070s] -- Installing: /home/chinchia120/autoware.ai/install/op_global_planner/share/op_global_planner/cmake/op_global_plannerConfig.cmake
[59.071s] -- Installing: /home/chinchia120/autoware.ai/install/op_global_planner/share/op_global_planner/cmake/op_global_plannerConfig-version.cmake
[59.071s] -- Installing: /home/chinchia120/autoware.ai/install/op_global_planner/share/op_global_planner/package.xml
[59.071s] -- Installing: /home/chinchia120/autoware.ai/install/op_global_planner/lib/op_global_planner/op_global_planner
[59.074s] -- Set runtime path of "/home/chinchia120/autoware.ai/install/op_global_planner/lib/op_global_planner/op_global_planner" to ""
[59.074s] -- Installing: /home/chinchia120/autoware.ai/install/op_global_planner/share/op_global_planner/launch
[59.075s] -- Installing: /home/chinchia120/autoware.ai/install/op_global_planner/share/op_global_planner/launch/op_global_planner.launch
[59.082s] Invoked command in '/home/chinchia120/autoware.ai/build/op_global_planner' returned '0': CMAKE_PREFIX_PATH=/home/chinchia120/autoware.ai/install/op_ros_helpers:/home/chinchia120/autoware.ai/install/map_file:/home/chinchia120/autoware.ai/install/op_simu:/home/chinchia120/autoware.ai/install/lanelet2_extension:/home/chinchia120/autoware.ai/install/op_planner:/home/chinchia120/autoware.ai/install/lanelet2_validation:/home/chinchia120/autoware.ai/install/op_utility:/home/chinchia120/autoware.ai/install/lanelet2_routing:/home/chinchia120/autoware.ai/install/lanelet2_projection:/home/chinchia120/autoware.ai/install/vector_map_server:/home/chinchia120/autoware.ai/install/libwaypoint_follower:/home/chinchia120/autoware.ai/install/lanelet2_traffic_rules:/home/chinchia120/autoware.ai/install/lanelet2_maps:/home/chinchia120/autoware.ai/install/lanelet2_io:/home/chinchia120/autoware.ai/install/vector_map:/home/chinchia120/autoware.ai/install/lanelet2_core:/home/chinchia120/autoware.ai/install/amathutils_lib:/home/chinchia120/autoware.ai/install/vector_map_msgs:/home/chinchia120/autoware.ai/install/autoware_msgs:/home/chinchia120/autoware.ai/install/autoware_lanelet2_msgs:/home/chinchia120/autoware.ai/install/autoware_can_msgs:/home/chinchia120/autoware.ai/install/autoware_build_flags:${CMAKE_PREFIX_PATH} LD_LIBRARY_PATH=/home/chinchia120/autoware.ai/install/op_ros_helpers/lib:/home/chinchia120/autoware.ai/install/map_file/lib:/home/chinchia120/autoware.ai/install/op_simu/lib:/home/chinchia120/autoware.ai/install/lanelet2_extension/lib:/home/chinchia120/autoware.ai/install/op_planner/lib:/home/chinchia120/autoware.ai/install/lanelet2_validation/lib:/home/chinchia120/autoware.ai/install/op_utility/lib:/home/chinchia120/autoware.ai/install/lanelet2_routing/lib:/home/chinchia120/autoware.ai/install/lanelet2_projection/lib:/home/chinchia120/autoware.ai/install/libwaypoint_follower/lib:/home/chinchia120/autoware.ai/install/lanelet2_traffic_rules/lib:/home/chinchia120/autoware.ai/install/lanelet2_io/lib:/home/chinchia120/autoware.ai/install/vector_map/lib:/home/chinchia120/autoware.ai/install/lanelet2_core/lib:/home/chinchia120/autoware.ai/install/amathutils_lib/lib:${LD_LIBRARY_PATH} PKG_CONFIG_PATH=/home/chinchia120/autoware.ai/install/op_ros_helpers/lib/x86_64-linux-gnu/pkgconfig:/home/chinchia120/autoware.ai/install/op_ros_helpers/lib/pkgconfig:/home/chinchia120/autoware.ai/install/map_file/lib/x86_64-linux-gnu/pkgconfig:/home/chinchia120/autoware.ai/install/map_file/lib/pkgconfig:/home/chinchia120/autoware.ai/install/op_simu/lib/x86_64-linux-gnu/pkgconfig:/home/chinchia120/autoware.ai/install/op_simu/lib/pkgconfig:/home/chinchia120/autoware.ai/install/lanelet2_extension/lib/x86_64-linux-gnu/pkgconfig:/home/chinchia120/autoware.ai/install/lanelet2_extension/lib/pkgconfig:/home/chinchia120/autoware.ai/install/op_planner/lib/x86_64-linux-gnu/pkgconfig:/home/chinchia120/autoware.ai/install/op_planner/lib/pkgconfig:/home/chinchia120/autoware.ai/install/lanelet2_validation/lib/x86_64-linux-gnu/pkgconfig:/home/chinchia120/autoware.ai/install/lanelet2_validation/lib/pkgconfig:/home/chinchia120/autoware.ai/install/op_utility/lib/x86_64-linux-gnu/pkgconfig:/home/chinchia120/autoware.ai/install/op_utility/lib/pkgconfig:/home/chinchia120/autoware.ai/install/lanelet2_routing/lib/x86_64-linux-gnu/pkgconfig:/home/chinchia120/autoware.ai/install/lanelet2_routing/lib/pkgconfig:/home/chinchia120/autoware.ai/install/lanelet2_projection/lib/x86_64-linux-gnu/pkgconfig:/home/chinchia120/autoware.ai/install/lanelet2_projection/lib/pkgconfig:/home/chinchia120/autoware.ai/install/vector_map_server/lib/x86_64-linux-gnu/pkgconfig:/home/chinchia120/autoware.ai/install/vector_map_server/lib/pkgconfig:/home/chinchia120/autoware.ai/install/libwaypoint_follower/lib/x86_64-linux-gnu/pkgconfig:/home/chinchia120/autoware.ai/install/libwaypoint_follower/lib/pkgconfig:/home/chinchia120/autoware.ai/install/lanelet2_traffic_rules/lib/x86_64-linux-gnu/pkgconfig:/home/chinchia120/autoware.ai/install/lanelet2_traffic_rules/lib/pkgconfig:/home/chinchia120/autoware.ai/install/lanelet2_maps/lib/x86_64-linux-gnu/pkgconfig:/home/chinchia120/autoware.ai/install/lanelet2_maps/lib/pkgconfig:/home/chinchia120/autoware.ai/install/lanelet2_io/lib/x86_64-linux-gnu/pkgconfig:/home/chinchia120/autoware.ai/install/lanelet2_io/lib/pkgconfig:/home/chinchia120/autoware.ai/install/vector_map/lib/x86_64-linux-gnu/pkgconfig:/home/chinchia120/autoware.ai/install/vector_map/lib/pkgconfig:/home/chinchia120/autoware.ai/install/lanelet2_core/lib/x86_64-linux-gnu/pkgconfig:/home/chinchia120/autoware.ai/install/lanelet2_core/lib/pkgconfig:/home/chinchia120/autoware.ai/install/amathutils_lib/lib/x86_64-linux-gnu/pkgconfig:/home/chinchia120/autoware.ai/install/amathutils_lib/lib/pkgconfig:/home/chinchia120/autoware.ai/install/vector_map_msgs/lib/x86_64-linux-gnu/pkgconfig:/home/chinchia120/autoware.ai/install/vector_map_msgs/lib/pkgconfig:/home/chinchia120/autoware.ai/install/autoware_msgs/lib/x86_64-linux-gnu/pkgconfig:/home/chinchia120/autoware.ai/install/autoware_msgs/lib/pkgconfig:/home/chinchia120/autoware.ai/install/autoware_lanelet2_msgs/lib/x86_64-linux-gnu/pkgconfig:/home/chinchia120/autoware.ai/install/autoware_lanelet2_msgs/lib/pkgconfig:/home/chinchia120/autoware.ai/install/autoware_can_msgs/lib/x86_64-linux-gnu/pkgconfig:/home/chinchia120/autoware.ai/install/autoware_can_msgs/lib/pkgconfig:/home/chinchia120/autoware.ai/install/autoware_build_flags/lib/x86_64-linux-gnu/pkgconfig:/home/chinchia120/autoware.ai/install/autoware_build_flags/lib/pkgconfig:${PKG_CONFIG_PATH} PYTHONPATH=/home/chinchia120/autoware.ai/install/vector_map_server/lib/python2.7/dist-packages:/home/chinchia120/autoware.ai/install/vector_map_msgs/lib/python2.7/dist-packages:/home/chinchia120/autoware.ai/install/autoware_msgs/lib/python2.7/dist-packages:/home/chinchia120/autoware.ai/install/autoware_lanelet2_msgs/lib/python2.7/dist-packages:/home/chinchia120/autoware.ai/install/autoware_can_msgs/lib/python2.7/dist-packages:${PYTHONPATH} ROS_PACKAGE_PATH=/home/chinchia120/autoware.ai/install/op_ros_helpers/share:/home/chinchia120/autoware.ai/install/map_file/share:/home/chinchia120/autoware.ai/install/op_simu/share:/home/chinchia120/autoware.ai/install/lanelet2_extension/share:/home/chinchia120/autoware.ai/install/op_planner/share:/home/chinchia120/autoware.ai/install/lanelet2_validation/share:/home/chinchia120/autoware.ai/install/op_utility/share:/home/chinchia120/autoware.ai/install/lanelet2_routing/share:/home/chinchia120/autoware.ai/install/lanelet2_projection/share:/home/chinchia120/autoware.ai/install/vector_map_server/share:/home/chinchia120/autoware.ai/install/libwaypoint_follower/share:/home/chinchia120/autoware.ai/install/lanelet2_traffic_rules/share:/home/chinchia120/autoware.ai/install/lanelet2_maps/share:/home/chinchia120/autoware.ai/install/lanelet2_io/share:/home/chinchia120/autoware.ai/install/vector_map/share:/home/chinchia120/autoware.ai/install/lanelet2_core/share:/home/chinchia120/autoware.ai/install/amathutils_lib/share:/home/chinchia120/autoware.ai/install/vector_map_msgs/share:/home/chinchia120/autoware.ai/install/autoware_msgs/share:/home/chinchia120/autoware.ai/install/autoware_lanelet2_msgs/share:/home/chinchia120/autoware.ai/install/autoware_can_msgs/share:/home/chinchia120/autoware.ai/install/autoware_build_flags/share:${ROS_PACKAGE_PATH} /usr/bin/cmake --build /home/chinchia120/autoware.ai/build/op_global_planner --target install -- -j4 -l4
