[0.051s] Invoking command in '/home/chinchia120/autoware.ai/build/vectacam': CMAKE_PREFIX_PATH=/home/chinchia120/autoware.ai/install/autoware_build_flags:${CMAKE_PREFIX_PATH} PKG_CONFIG_PATH=/home/chinchia120/autoware.ai/install/autoware_build_flags/lib/x86_64-linux-gnu/pkgconfig:/home/chinchia120/autoware.ai/install/autoware_build_flags/lib/pkgconfig:${PKG_CONFIG_PATH} ROS_PACKAGE_PATH=/home/chinchia120/autoware.ai/install/autoware_build_flags/share:${ROS_PACKAGE_PATH} /usr/bin/cmake /home/chinchia120/autoware.ai/src/drivers/awf_drivers/vectacam -DCMAKE_BUILD_TYPE=Release -DCATKIN_INSTALL_INTO_PREFIX_ROOT=0 -DCMAKE_INSTALL_PREFIX=/home/chinchia120/autoware.ai/install/vectacam
[0.242s] -- The C compiler identification is GNU 7.5.0
[0.372s] -- The CXX compiler identification is GNU 7.5.0
[0.382s] -- Check for working C compiler: /usr/bin/cc
[0.580s] -- Check for working C compiler: /usr/bin/cc -- works
[0.580s] -- Detecting C compiler ABI info
[0.767s] -- Detecting C compiler ABI info - done
[0.791s] -- Detecting C compile features
[1.402s] -- Detecting C compile features - done
[1.411s] -- Check for working CXX compiler: /usr/bin/c++
[1.596s] -- Check for working CXX compiler: /usr/bin/c++ -- works
[1.596s] -- Detecting CXX compiler ABI info
[1.824s] -- Detecting CXX compiler ABI info - done
[1.834s] -- Detecting CXX compile features
[3.746s] -- Detecting CXX compile features - done
[3.750s] -- CUDA compilation status: 1.
[3.752s] -- Using CATKIN_DEVEL_PREFIX: /home/chinchia120/autoware.ai/build/vectacam/devel
[3.752s] -- Using CMAKE_PREFIX_PATH: /home/chinchia120/autoware.ai/install/autoware_build_flags;/home/chinchia120/catkin_ws/devel;/opt/ros/melodic
[3.752s] -- This workspace overlays: /home/chinchia120/autoware.ai/install/autoware_build_flags;/home/chinchia120/catkin_ws/devel;/opt/ros/melodic
[3.776s] -- Found PythonInterp: /usr/bin/python2 (found suitable version "2.7.17", minimum required is "2") 
[3.777s] -- Using PYTHON_EXECUTABLE: /usr/bin/python2
[3.777s] -- Using Debian Python package layout
[3.777s] -- Using empy: /usr/bin/empy
[4.050s] -- Using CATKIN_ENABLE_TESTING: ON
[4.050s] -- Call enable_testing()
[4.055s] -- Using CATKIN_TEST_RESULTS_DIR: /home/chinchia120/autoware.ai/build/vectacam/test_results
[4.081s] -- Found gtest sources under '/usr/src/googletest': gtests will be built
[4.081s] -- Found gmock sources under '/usr/src/googletest': gmock will be built
[4.102s] -- Found PythonInterp: /usr/bin/python2 (found version "2.7.17") 
[4.103s] -- Looking for pthread.h
[4.346s] -- Looking for pthread.h - found
[4.347s] -- Looking for pthread_create
[4.578s] -- Looking for pthread_create - not found
[4.579s] -- Looking for pthread_create in pthreads
[4.856s] -- Looking for pthread_create in pthreads - not found
[4.860s] -- Looking for pthread_create in pthread
[5.144s] -- Looking for pthread_create in pthread - found
[5.147s] -- Found Threads: TRUE  
[5.159s] -- Using Python nosetests: /usr/bin/nosetests-2.7
[5.251s] -- catkin 0.7.29
[5.251s] -- BUILD_SHARED_LIBS is on
[6.046s] -- Using these message generators: gencpp;geneus;genlisp;gennodejs;genpy
[6.437s] -- Found OpenCV: /usr (found version "3.2.0") 
[6.851s] -- Configuring done
[7.011s] -- Generating done
[7.041s] -- Build files have been written to: /home/chinchia120/autoware.ai/build/vectacam
[7.049s] Invoked command in '/home/chinchia120/autoware.ai/build/vectacam' returned '0': CMAKE_PREFIX_PATH=/home/chinchia120/autoware.ai/install/autoware_build_flags:${CMAKE_PREFIX_PATH} PKG_CONFIG_PATH=/home/chinchia120/autoware.ai/install/autoware_build_flags/lib/x86_64-linux-gnu/pkgconfig:/home/chinchia120/autoware.ai/install/autoware_build_flags/lib/pkgconfig:${PKG_CONFIG_PATH} ROS_PACKAGE_PATH=/home/chinchia120/autoware.ai/install/autoware_build_flags/share:${ROS_PACKAGE_PATH} /usr/bin/cmake /home/chinchia120/autoware.ai/src/drivers/awf_drivers/vectacam -DCMAKE_BUILD_TYPE=Release -DCATKIN_INSTALL_INTO_PREFIX_ROOT=0 -DCMAKE_INSTALL_PREFIX=/home/chinchia120/autoware.ai/install/vectacam
[7.056s] Invoking command in '/home/chinchia120/autoware.ai/build/vectacam': CMAKE_PREFIX_PATH=/home/chinchia120/autoware.ai/install/autoware_build_flags:${CMAKE_PREFIX_PATH} PKG_CONFIG_PATH=/home/chinchia120/autoware.ai/install/autoware_build_flags/lib/x86_64-linux-gnu/pkgconfig:/home/chinchia120/autoware.ai/install/autoware_build_flags/lib/pkgconfig:${PKG_CONFIG_PATH} ROS_PACKAGE_PATH=/home/chinchia120/autoware.ai/install/autoware_build_flags/share:${ROS_PACKAGE_PATH} /usr/bin/cmake --build /home/chinchia120/autoware.ai/build/vectacam -- -j4 -l4
[7.252s] [35m[1mScanning dependencies of target vectacam_node[0m
[7.351s] [ 33%] [32mBuilding CXX object CMakeFiles/vectacam_node.dir/nodes/vectacam/vectacam_node.cpp.o[0m
[7.353s] [ 66%] [32mBuilding CXX object CMakeFiles/vectacam_node.dir/nodes/vectacam/VectaCam.cpp.o[0m
[13.219s] [100%] [32m[1mLinking CXX executable devel/lib/vectacam/vectacam_node[0m
[13.927s] [100%] Built target vectacam_node
[13.950s] Invoked command in '/home/chinchia120/autoware.ai/build/vectacam' returned '0': CMAKE_PREFIX_PATH=/home/chinchia120/autoware.ai/install/autoware_build_flags:${CMAKE_PREFIX_PATH} PKG_CONFIG_PATH=/home/chinchia120/autoware.ai/install/autoware_build_flags/lib/x86_64-linux-gnu/pkgconfig:/home/chinchia120/autoware.ai/install/autoware_build_flags/lib/pkgconfig:${PKG_CONFIG_PATH} ROS_PACKAGE_PATH=/home/chinchia120/autoware.ai/install/autoware_build_flags/share:${ROS_PACKAGE_PATH} /usr/bin/cmake --build /home/chinchia120/autoware.ai/build/vectacam -- -j4 -l4
[14.259s] Invoking command in '/home/chinchia120/autoware.ai/build/vectacam': CMAKE_PREFIX_PATH=/home/chinchia120/autoware.ai/install/autoware_build_flags:${CMAKE_PREFIX_PATH} PKG_CONFIG_PATH=/home/chinchia120/autoware.ai/install/autoware_build_flags/lib/x86_64-linux-gnu/pkgconfig:/home/chinchia120/autoware.ai/install/autoware_build_flags/lib/pkgconfig:${PKG_CONFIG_PATH} ROS_PACKAGE_PATH=/home/chinchia120/autoware.ai/install/autoware_build_flags/share:${ROS_PACKAGE_PATH} /usr/bin/cmake --build /home/chinchia120/autoware.ai/build/vectacam --target tests -- -j4 -l4
[14.418s] [35m[1mScanning dependencies of target tests[0m
[14.446s] Built target tests
[14.473s] Invoked command in '/home/chinchia120/autoware.ai/build/vectacam' returned '0': CMAKE_PREFIX_PATH=/home/chinchia120/autoware.ai/install/autoware_build_flags:${CMAKE_PREFIX_PATH} PKG_CONFIG_PATH=/home/chinchia120/autoware.ai/install/autoware_build_flags/lib/x86_64-linux-gnu/pkgconfig:/home/chinchia120/autoware.ai/install/autoware_build_flags/lib/pkgconfig:${PKG_CONFIG_PATH} ROS_PACKAGE_PATH=/home/chinchia120/autoware.ai/install/autoware_build_flags/share:${ROS_PACKAGE_PATH} /usr/bin/cmake --build /home/chinchia120/autoware.ai/build/vectacam --target tests -- -j4 -l4
[14.750s] Invoking command in '/home/chinchia120/autoware.ai/build/vectacam': CMAKE_PREFIX_PATH=/home/chinchia120/autoware.ai/install/autoware_build_flags:${CMAKE_PREFIX_PATH} PKG_CONFIG_PATH=/home/chinchia120/autoware.ai/install/autoware_build_flags/lib/x86_64-linux-gnu/pkgconfig:/home/chinchia120/autoware.ai/install/autoware_build_flags/lib/pkgconfig:${PKG_CONFIG_PATH} ROS_PACKAGE_PATH=/home/chinchia120/autoware.ai/install/autoware_build_flags/share:${ROS_PACKAGE_PATH} /usr/bin/cmake --build /home/chinchia120/autoware.ai/build/vectacam --target install -- -j4 -l4
[14.933s] [100%] Built target vectacam_node
[15.013s] [36mInstall the project...[0m
[15.040s] -- Install configuration: "Release"
[15.041s] -- Installing: /home/chinchia120/autoware.ai/install/vectacam/lib/pkgconfig/vectacam.pc
[15.042s] -- Installing: /home/chinchia120/autoware.ai/install/vectacam/share/vectacam/cmake/vectacamConfig.cmake
[15.043s] -- Installing: /home/chinchia120/autoware.ai/install/vectacam/share/vectacam/cmake/vectacamConfig-version.cmake
[15.043s] -- Installing: /home/chinchia120/autoware.ai/install/vectacam/share/vectacam/package.xml
[15.044s] -- Installing: /home/chinchia120/autoware.ai/install/vectacam/lib/vectacam/vectacam_node
[15.046s] -- Set runtime path of "/home/chinchia120/autoware.ai/install/vectacam/lib/vectacam/vectacam_node" to ""
[15.047s] -- Installing: /home/chinchia120/autoware.ai/install/vectacam/share/vectacam/launch
[15.048s] -- Installing: /home/chinchia120/autoware.ai/install/vectacam/share/vectacam/launch/vectacam.launch
[15.050s] -- Installing: /home/chinchia120/autoware.ai/install/vectacam/share/vectacam/launch/initialization_params.txt
[15.058s] Invoked command in '/home/chinchia120/autoware.ai/build/vectacam' returned '0': CMAKE_PREFIX_PATH=/home/chinchia120/autoware.ai/install/autoware_build_flags:${CMAKE_PREFIX_PATH} PKG_CONFIG_PATH=/home/chinchia120/autoware.ai/install/autoware_build_flags/lib/x86_64-linux-gnu/pkgconfig:/home/chinchia120/autoware.ai/install/autoware_build_flags/lib/pkgconfig:${PKG_CONFIG_PATH} ROS_PACKAGE_PATH=/home/chinchia120/autoware.ai/install/autoware_build_flags/share:${ROS_PACKAGE_PATH} /usr/bin/cmake --build /home/chinchia120/autoware.ai/build/vectacam --target install -- -j4 -l4
