Determining if the pthread_create exist failed with the following output:
Change Dir: /home/chinchia120/autoware.ai/build/data_preprocessor/CMakeFiles/CMakeTmp

Run Build Command:"/usr/bin/make" "cmTC_703a5/fast"
/usr/bin/make -f CMakeFiles/cmTC_703a5.dir/build.make CMakeFiles/cmTC_703a5.dir/build
make[1]: Entering directory '/home/chinchia120/autoware.ai/build/data_preprocessor/CMakeFiles/CMakeTmp'
Building C object CMakeFiles/cmTC_703a5.dir/CheckSymbolExists.c.o
/usr/bin/cc    -o CMakeFiles/cmTC_703a5.dir/CheckSymbolExists.c.o   -c /home/chinchia120/autoware.ai/build/data_preprocessor/CMakeFiles/CMakeTmp/CheckSymbolExists.c
Linking C executable cmTC_703a5
/usr/bin/cmake -E cmake_link_script CMakeFiles/cmTC_703a5.dir/link.txt --verbose=1
/usr/bin/cc      -rdynamic CMakeFiles/cmTC_703a5.dir/CheckSymbolExists.c.o  -o cmTC_703a5 
CMakeFiles/cmTC_703a5.dir/CheckSymbolExists.c.o: In function `main':
CheckSymbolExists.c:(.text+0x1b): undefined reference to `pthread_create'
collect2: error: ld returned 1 exit status
CMakeFiles/cmTC_703a5.dir/build.make:97: recipe for target 'cmTC_703a5' failed
make[1]: *** [cmTC_703a5] Error 1
make[1]: Leaving directory '/home/chinchia120/autoware.ai/build/data_preprocessor/CMakeFiles/CMakeTmp'
Makefile:126: recipe for target 'cmTC_703a5/fast' failed
make: *** [cmTC_703a5/fast] Error 2

File /home/chinchia120/autoware.ai/build/data_preprocessor/CMakeFiles/CMakeTmp/CheckSymbolExists.c:
/* */
#include <pthread.h>

int main(int argc, char** argv)
{
  (void)argv;
#ifndef pthread_create
  return ((int*)(&pthread_create))[argc];
#else
  (void)argc;
  return 0;
#endif
}

Determining if the function pthread_create exists in the pthreads failed with the following output:
Change Dir: /home/chinchia120/autoware.ai/build/data_preprocessor/CMakeFiles/CMakeTmp

Run Build Command:"/usr/bin/make" "cmTC_a9cad/fast"
/usr/bin/make -f CMakeFiles/cmTC_a9cad.dir/build.make CMakeFiles/cmTC_a9cad.dir/build
make[1]: Entering directory '/home/chinchia120/autoware.ai/build/data_preprocessor/CMakeFiles/CMakeTmp'
Building C object CMakeFiles/cmTC_a9cad.dir/CheckFunctionExists.c.o
/usr/bin/cc   -DCHECK_FUNCTION_EXISTS=pthread_create   -o CMakeFiles/cmTC_a9cad.dir/CheckFunctionExists.c.o   -c /usr/share/cmake-3.10/Modules/CheckFunctionExists.c
Linking C executable cmTC_a9cad
/usr/bin/cmake -E cmake_link_script CMakeFiles/cmTC_a9cad.dir/link.txt --verbose=1
/usr/bin/cc  -DCHECK_FUNCTION_EXISTS=pthread_create    -rdynamic CMakeFiles/cmTC_a9cad.dir/CheckFunctionExists.c.o  -o cmTC_a9cad -lpthreads 
/usr/bin/ld: cannot find -lpthreads
collect2: error: ld returned 1 exit status
CMakeFiles/cmTC_a9cad.dir/build.make:97: recipe for target 'cmTC_a9cad' failed
make[1]: *** [cmTC_a9cad] Error 1
make[1]: Leaving directory '/home/chinchia120/autoware.ai/build/data_preprocessor/CMakeFiles/CMakeTmp'
Makefile:126: recipe for target 'cmTC_a9cad/fast' failed
make: *** [cmTC_a9cad/fast] Error 2


