Determining if the pthread_create exist failed with the following output:
Change Dir: /home/chinchia120/autoware.ai/build/op_global_planner/CMakeFiles/CMakeTmp

Run Build Command:"/usr/bin/make" "cmTC_26621/fast"
/usr/bin/make -f CMakeFiles/cmTC_26621.dir/build.make CMakeFiles/cmTC_26621.dir/build
make[1]: Entering directory '/home/chinchia120/autoware.ai/build/op_global_planner/CMakeFiles/CMakeTmp'
Building C object CMakeFiles/cmTC_26621.dir/CheckSymbolExists.c.o
/usr/bin/cc    -o CMakeFiles/cmTC_26621.dir/CheckSymbolExists.c.o   -c /home/chinchia120/autoware.ai/build/op_global_planner/CMakeFiles/CMakeTmp/CheckSymbolExists.c
Linking C executable cmTC_26621
/usr/bin/cmake -E cmake_link_script CMakeFiles/cmTC_26621.dir/link.txt --verbose=1
/usr/bin/cc      -rdynamic CMakeFiles/cmTC_26621.dir/CheckSymbolExists.c.o  -o cmTC_26621 
CMakeFiles/cmTC_26621.dir/CheckSymbolExists.c.o: In function `main':
CheckSymbolExists.c:(.text+0x1b): undefined reference to `pthread_create'
collect2: error: ld returned 1 exit status
CMakeFiles/cmTC_26621.dir/build.make:97: recipe for target 'cmTC_26621' failed
make[1]: *** [cmTC_26621] Error 1
make[1]: Leaving directory '/home/chinchia120/autoware.ai/build/op_global_planner/CMakeFiles/CMakeTmp'
Makefile:126: recipe for target 'cmTC_26621/fast' failed
make: *** [cmTC_26621/fast] Error 2

File /home/chinchia120/autoware.ai/build/op_global_planner/CMakeFiles/CMakeTmp/CheckSymbolExists.c:
/* */
#include <pthread.h>

int main(int argc, char** argv)
{
  (void)argv;
#ifndef pthread_create
  return ((int*)(&pthread_create))[argc];
#else
  (void)argc;
  return 0;
#endif
}

Determining if the function pthread_create exists in the pthreads failed with the following output:
Change Dir: /home/chinchia120/autoware.ai/build/op_global_planner/CMakeFiles/CMakeTmp

Run Build Command:"/usr/bin/make" "cmTC_5aaa5/fast"
/usr/bin/make -f CMakeFiles/cmTC_5aaa5.dir/build.make CMakeFiles/cmTC_5aaa5.dir/build
make[1]: Entering directory '/home/chinchia120/autoware.ai/build/op_global_planner/CMakeFiles/CMakeTmp'
Building C object CMakeFiles/cmTC_5aaa5.dir/CheckFunctionExists.c.o
/usr/bin/cc   -DCHECK_FUNCTION_EXISTS=pthread_create   -o CMakeFiles/cmTC_5aaa5.dir/CheckFunctionExists.c.o   -c /usr/share/cmake-3.10/Modules/CheckFunctionExists.c
Linking C executable cmTC_5aaa5
/usr/bin/cmake -E cmake_link_script CMakeFiles/cmTC_5aaa5.dir/link.txt --verbose=1
/usr/bin/cc  -DCHECK_FUNCTION_EXISTS=pthread_create    -rdynamic CMakeFiles/cmTC_5aaa5.dir/CheckFunctionExists.c.o  -o cmTC_5aaa5 -lpthreads 
/usr/bin/ld: cannot find -lpthreads
collect2: error: ld returned 1 exit status
CMakeFiles/cmTC_5aaa5.dir/build.make:97: recipe for target 'cmTC_5aaa5' failed
make[1]: *** [cmTC_5aaa5] Error 1
make[1]: Leaving directory '/home/chinchia120/autoware.ai/build/op_global_planner/CMakeFiles/CMakeTmp'
Makefile:126: recipe for target 'cmTC_5aaa5/fast' failed
make: *** [cmTC_5aaa5/fast] Error 2


