Determining if the pthread_create exist failed with the following output:
Change Dir: /home/chinchia120/autoware.ai/build/autoware_connector/CMakeFiles/CMakeTmp

Run Build Command:"/usr/bin/make" "cmTC_3083d/fast"
/usr/bin/make -f CMakeFiles/cmTC_3083d.dir/build.make CMakeFiles/cmTC_3083d.dir/build
make[1]: Entering directory '/home/chinchia120/autoware.ai/build/autoware_connector/CMakeFiles/CMakeTmp'
Building C object CMakeFiles/cmTC_3083d.dir/CheckSymbolExists.c.o
/usr/bin/cc    -o CMakeFiles/cmTC_3083d.dir/CheckSymbolExists.c.o   -c /home/chinchia120/autoware.ai/build/autoware_connector/CMakeFiles/CMakeTmp/CheckSymbolExists.c
Linking C executable cmTC_3083d
/usr/bin/cmake -E cmake_link_script CMakeFiles/cmTC_3083d.dir/link.txt --verbose=1
/usr/bin/cc      -rdynamic CMakeFiles/cmTC_3083d.dir/CheckSymbolExists.c.o  -o cmTC_3083d 
CMakeFiles/cmTC_3083d.dir/CheckSymbolExists.c.o: In function `main':
CheckSymbolExists.c:(.text+0x1b): undefined reference to `pthread_create'
collect2: error: ld returned 1 exit status
CMakeFiles/cmTC_3083d.dir/build.make:97: recipe for target 'cmTC_3083d' failed
make[1]: *** [cmTC_3083d] Error 1
make[1]: Leaving directory '/home/chinchia120/autoware.ai/build/autoware_connector/CMakeFiles/CMakeTmp'
Makefile:126: recipe for target 'cmTC_3083d/fast' failed
make: *** [cmTC_3083d/fast] Error 2

File /home/chinchia120/autoware.ai/build/autoware_connector/CMakeFiles/CMakeTmp/CheckSymbolExists.c:
/* */
#include <pthread.h>

int main(int argc, char** argv)
{
  (void)argv;
#ifndef pthread_create
  return ((int*)(&pthread_create))[argc];
#else
  (void)argc;
  return 0;
#endif
}

Determining if the function pthread_create exists in the pthreads failed with the following output:
Change Dir: /home/chinchia120/autoware.ai/build/autoware_connector/CMakeFiles/CMakeTmp

Run Build Command:"/usr/bin/make" "cmTC_cbb02/fast"
/usr/bin/make -f CMakeFiles/cmTC_cbb02.dir/build.make CMakeFiles/cmTC_cbb02.dir/build
make[1]: Entering directory '/home/chinchia120/autoware.ai/build/autoware_connector/CMakeFiles/CMakeTmp'
Building C object CMakeFiles/cmTC_cbb02.dir/CheckFunctionExists.c.o
/usr/bin/cc   -DCHECK_FUNCTION_EXISTS=pthread_create   -o CMakeFiles/cmTC_cbb02.dir/CheckFunctionExists.c.o   -c /usr/share/cmake-3.10/Modules/CheckFunctionExists.c
Linking C executable cmTC_cbb02
/usr/bin/cmake -E cmake_link_script CMakeFiles/cmTC_cbb02.dir/link.txt --verbose=1
/usr/bin/cc  -DCHECK_FUNCTION_EXISTS=pthread_create    -rdynamic CMakeFiles/cmTC_cbb02.dir/CheckFunctionExists.c.o  -o cmTC_cbb02 -lpthreads 
/usr/bin/ld: cannot find -lpthreads
collect2: error: ld returned 1 exit status
CMakeFiles/cmTC_cbb02.dir/build.make:97: recipe for target 'cmTC_cbb02' failed
make[1]: *** [cmTC_cbb02] Error 1
make[1]: Leaving directory '/home/chinchia120/autoware.ai/build/autoware_connector/CMakeFiles/CMakeTmp'
Makefile:126: recipe for target 'cmTC_cbb02/fast' failed
make: *** [cmTC_cbb02/fast] Error 2


