[0.107s] Invoking command in '/home/chinchia120/autoware.ai/build/map_file': CMAKE_PREFIX_PATH=/home/chinchia120/autoware.ai/install/lanelet2_extension:/home/chinchia120/autoware.ai/install/lanelet2_validation:/home/chinchia120/autoware.ai/install/lanelet2_routing:/home/chinchia120/autoware.ai/install/lanelet2_projection:/home/chinchia120/autoware.ai/install/lanelet2_traffic_rules:/home/chinchia120/autoware.ai/install/lanelet2_maps:/home/chinchia120/autoware.ai/install/lanelet2_io:/home/chinchia120/autoware.ai/install/vector_map:/home/chinchia120/autoware.ai/install/lanelet2_core:/home/chinchia120/autoware.ai/install/amathutils_lib:/home/chinchia120/autoware.ai/install/vector_map_msgs:/home/chinchia120/autoware.ai/install/autoware_msgs:/home/chinchia120/autoware.ai/install/autoware_lanelet2_msgs:/home/chinchia120/autoware.ai/install/autoware_build_flags:${CMAKE_PREFIX_PATH} LD_LIBRARY_PATH=/home/chinchia120/autoware.ai/install/lanelet2_extension/lib:/home/chinchia120/autoware.ai/install/lanelet2_validation/lib:/home/chinchia120/autoware.ai/install/lanelet2_routing/lib:/home/chinchia120/autoware.ai/install/lanelet2_projection/lib:/home/chinchia120/autoware.ai/install/lanelet2_traffic_rules/lib:/home/chinchia120/autoware.ai/install/lanelet2_io/lib:/home/chinchia120/autoware.ai/install/vector_map/lib:/home/chinchia120/autoware.ai/install/lanelet2_core/lib:/home/chinchia120/autoware.ai/install/amathutils_lib/lib:${LD_LIBRARY_PATH} PKG_CONFIG_PATH=/home/chinchia120/autoware.ai/install/lanelet2_extension/lib/x86_64-linux-gnu/pkgconfig:/home/chinchia120/autoware.ai/install/lanelet2_extension/lib/pkgconfig:/home/chinchia120/autoware.ai/install/lanelet2_validation/lib/x86_64-linux-gnu/pkgconfig:/home/chinchia120/autoware.ai/install/lanelet2_validation/lib/pkgconfig:/home/chinchia120/autoware.ai/install/lanelet2_routing/lib/x86_64-linux-gnu/pkgconfig:/home/chinchia120/autoware.ai/install/lanelet2_routing/lib/pkgconfig:/home/chinchia120/autoware.ai/install/lanelet2_projection/lib/x86_64-linux-gnu/pkgconfig:/home/chinchia120/autoware.ai/install/lanelet2_projection/lib/pkgconfig:/home/chinchia120/autoware.ai/install/lanelet2_traffic_rules/lib/x86_64-linux-gnu/pkgconfig:/home/chinchia120/autoware.ai/install/lanelet2_traffic_rules/lib/pkgconfig:/home/chinchia120/autoware.ai/install/lanelet2_maps/lib/x86_64-linux-gnu/pkgconfig:/home/chinchia120/autoware.ai/install/lanelet2_maps/lib/pkgconfig:/home/chinchia120/autoware.ai/install/lanelet2_io/lib/x86_64-linux-gnu/pkgconfig:/home/chinchia120/autoware.ai/install/lanelet2_io/lib/pkgconfig:/home/chinchia120/autoware.ai/install/vector_map/lib/x86_64-linux-gnu/pkgconfig:/home/chinchia120/autoware.ai/install/vector_map/lib/pkgconfig:/home/chinchia120/autoware.ai/install/lanelet2_core/lib/x86_64-linux-gnu/pkgconfig:/home/chinchia120/autoware.ai/install/lanelet2_core/lib/pkgconfig:/home/chinchia120/autoware.ai/install/amathutils_lib/lib/x86_64-linux-gnu/pkgconfig:/home/chinchia120/autoware.ai/install/amathutils_lib/lib/pkgconfig:/home/chinchia120/autoware.ai/install/vector_map_msgs/lib/x86_64-linux-gnu/pkgconfig:/home/chinchia120/autoware.ai/install/vector_map_msgs/lib/pkgconfig:/home/chinchia120/autoware.ai/install/autoware_msgs/lib/x86_64-linux-gnu/pkgconfig:/home/chinchia120/autoware.ai/install/autoware_msgs/lib/pkgconfig:/home/chinchia120/autoware.ai/install/autoware_lanelet2_msgs/lib/x86_64-linux-gnu/pkgconfig:/home/chinchia120/autoware.ai/install/autoware_lanelet2_msgs/lib/pkgconfig:/home/chinchia120/autoware.ai/install/autoware_build_flags/lib/x86_64-linux-gnu/pkgconfig:/home/chinchia120/autoware.ai/install/autoware_build_flags/lib/pkgconfig:${PKG_CONFIG_PATH} PYTHONPATH=/home/chinchia120/autoware.ai/install/vector_map_msgs/lib/python2.7/dist-packages:/home/chinchia120/autoware.ai/install/autoware_msgs/lib/python2.7/dist-packages:/home/chinchia120/autoware.ai/install/autoware_lanelet2_msgs/lib/python2.7/dist-packages:${PYTHONPATH} ROS_PACKAGE_PATH=/home/chinchia120/autoware.ai/install/lanelet2_extension/share:/home/chinchia120/autoware.ai/install/lanelet2_validation/share:/home/chinchia120/autoware.ai/install/lanelet2_routing/share:/home/chinchia120/autoware.ai/install/lanelet2_projection/share:/home/chinchia120/autoware.ai/install/lanelet2_traffic_rules/share:/home/chinchia120/autoware.ai/install/lanelet2_maps/share:/home/chinchia120/autoware.ai/install/lanelet2_io/share:/home/chinchia120/autoware.ai/install/vector_map/share:/home/chinchia120/autoware.ai/install/lanelet2_core/share:/home/chinchia120/autoware.ai/install/amathutils_lib/share:/home/chinchia120/autoware.ai/install/vector_map_msgs/share:/home/chinchia120/autoware.ai/install/autoware_msgs/share:/home/chinchia120/autoware.ai/install/autoware_lanelet2_msgs/share:/home/chinchia120/autoware.ai/install/autoware_build_flags/share:${ROS_PACKAGE_PATH} /usr/bin/cmake /home/chinchia120/autoware.ai/src/autoware/common/map_file -DCMAKE_BUILD_TYPE=Release -DCATKIN_INSTALL_INTO_PREFIX_ROOT=0 -DCMAKE_INSTALL_PREFIX=/home/chinchia120/autoware.ai/install/map_file
[0.257s] -- The C compiler identification is GNU 7.5.0
[0.385s] -- The CXX compiler identification is GNU 7.5.0
[0.393s] -- Check for working C compiler: /usr/bin/cc
[0.554s] -- Check for working C compiler: /usr/bin/cc -- works
[0.554s] -- Detecting C compiler ABI info
[0.702s] -- Detecting C compiler ABI info - done
[0.720s] -- Detecting C compile features
[1.202s] -- Detecting C compile features - done
[1.202s] -- Check for working CXX compiler: /usr/bin/c++
[1.370s] -- Check for working CXX compiler: /usr/bin/c++ -- works
[1.370s] -- Detecting CXX compiler ABI info
[1.534s] -- Detecting CXX compiler ABI info - done
[1.546s] -- Detecting CXX compile features
[2.416s] -- Detecting CXX compile features - done
[2.425s] -- CUDA compilation status: 1.
[2.432s] -- Using CATKIN_DEVEL_PREFIX: /home/chinchia120/autoware.ai/build/map_file/devel
[2.433s] -- Using CMAKE_PREFIX_PATH: /home/chinchia120/autoware.ai/install/lanelet2_extension;/home/chinchia120/autoware.ai/install/lanelet2_validation;/home/chinchia120/autoware.ai/install/lanelet2_routing;/home/chinchia120/autoware.ai/install/lanelet2_projection;/home/chinchia120/autoware.ai/install/lanelet2_traffic_rules;/home/chinchia120/autoware.ai/install/lanelet2_maps;/home/chinchia120/autoware.ai/install/lanelet2_io;/home/chinchia120/autoware.ai/install/vector_map;/home/chinchia120/autoware.ai/install/lanelet2_core;/home/chinchia120/autoware.ai/install/amathutils_lib;/home/chinchia120/autoware.ai/install/vector_map_msgs;/home/chinchia120/autoware.ai/install/autoware_msgs;/home/chinchia120/autoware.ai/install/autoware_lanelet2_msgs;/home/chinchia120/autoware.ai/install/autoware_build_flags;/home/chinchia120/catkin_ws/devel;/opt/ros/melodic
[2.435s] -- This workspace overlays: /home/chinchia120/autoware.ai/install/lanelet2_extension;/home/chinchia120/autoware.ai/install/lanelet2_validation;/home/chinchia120/autoware.ai/install/lanelet2_routing;/home/chinchia120/autoware.ai/install/lanelet2_projection;/home/chinchia120/autoware.ai/install/lanelet2_traffic_rules;/home/chinchia120/autoware.ai/install/lanelet2_maps;/home/chinchia120/autoware.ai/install/lanelet2_io;/home/chinchia120/autoware.ai/install/vector_map;/home/chinchia120/autoware.ai/install/lanelet2_core;/home/chinchia120/autoware.ai/install/amathutils_lib;/home/chinchia120/autoware.ai/install/vector_map_msgs;/home/chinchia120/autoware.ai/install/autoware_msgs;/home/chinchia120/autoware.ai/install/autoware_lanelet2_msgs;/home/chinchia120/autoware.ai/install/autoware_build_flags;/home/chinchia120/catkin_ws/devel;/opt/ros/melodic
[2.470s] -- Found PythonInterp: /usr/bin/python2 (found suitable version "2.7.17", minimum required is "2") 
[2.470s] -- Using PYTHON_EXECUTABLE: /usr/bin/python2
[2.470s] -- Using Debian Python package layout
[2.470s] -- Using empy: /usr/bin/empy
[2.798s] -- Using CATKIN_ENABLE_TESTING: ON
[2.798s] -- Call enable_testing()
[2.814s] -- Using CATKIN_TEST_RESULTS_DIR: /home/chinchia120/autoware.ai/build/map_file/test_results
[2.842s] -- Found gtest sources under '/usr/src/googletest': gtests will be built
[2.843s] -- Found gmock sources under '/usr/src/googletest': gmock will be built
[2.890s] -- Found PythonInterp: /usr/bin/python2 (found version "2.7.17") 
[2.890s] -- Looking for pthread.h
[3.070s] -- Looking for pthread.h - found
[3.070s] -- Looking for pthread_create
[3.262s] -- Looking for pthread_create - not found
[3.262s] -- Looking for pthread_create in pthreads
[3.422s] -- Looking for pthread_create in pthreads - not found
[3.422s] -- Looking for pthread_create in pthread
[3.610s] -- Looking for pthread_create in pthread - found
[3.610s] -- Found Threads: TRUE  
[3.616s] -- Using Python nosetests: /usr/bin/nosetests-2.7
[3.705s] -- catkin 0.7.29
[3.705s] -- BUILD_SHARED_LIBS is on
[4.095s] -- Using these message generators: gencpp;geneus;genlisp;gennodejs;genpy
[6.771s] -- Checking for module 'eigen3'
[6.829s] --   Found eigen3, version 3.3.7
[6.937s] -- Found eigen: /usr/local/include/eigen3  
[7.143s] -- Boost version: 1.65.1
[7.144s] -- Found the following Boost libraries:
[7.144s] --   system
[7.144s] --   filesystem
[7.145s] --   thread
[7.145s] --   date_time
[7.146s] --   iostreams
[7.146s] --   serialization
[7.147s] --   chrono
[7.147s] --   atomic
[7.147s] --   regex
[7.154s] -- Checking for module 'libopenni'
[7.206s] --   Found libopenni, version 1.5.4.0
[7.336s] -- Found openni: /usr/lib/libOpenNI.so  
[7.339s] -- Checking for module 'libopenni2'
[7.387s] --   Found libopenni2, version 2.2.0.3
[7.531s] -- Found OpenNI2: /usr/lib/libOpenNI2.so  
[7.548s] -- Could NOT find ensenso (missing: ENSENSO_LIBRARY ENSENSO_INCLUDE_DIR) 
[7.549s] ** WARNING ** io features related to ensenso will be disabled
[7.555s] -- Could NOT find DAVIDSDK (missing: DAVIDSDK_LIBRARY DAVIDSDK_INCLUDE_DIR) 
[7.555s] ** WARNING ** io features related to davidSDK will be disabled
[7.558s] -- Could NOT find DSSDK (missing: _DSSDK_LIBRARIES) 
[7.559s] ** WARNING ** io features related to dssdk will be disabled
[7.560s] ** WARNING ** io features related to pcap will be disabled
[7.561s] ** WARNING ** io features related to png will be disabled
[7.736s] -- The imported target "vtkRenderingPythonTkWidgets" references the file
[7.737s]    "/usr/lib/x86_64-linux-gnu/libvtkRenderingPythonTkWidgets.so"
[7.737s] but this file does not exist.  Possible reasons include:
[7.737s] * The file was deleted, renamed, or moved to another location.
[7.737s] * An install or uninstall procedure did not complete successfully.
[7.737s] * The installation package was faulty and contained
[7.737s]    "/usr/lib/cmake/vtk-6.3/VTKTargets.cmake"
[7.737s] but not all the files it references.
[7.738s] 
[7.739s] -- The imported target "vtk" references the file
[7.739s]    "/usr/bin/vtk"
[7.739s] but this file does not exist.  Possible reasons include:
[7.740s] * The file was deleted, renamed, or moved to another location.
[7.740s] * An install or uninstall procedure did not complete successfully.
[7.740s] * The installation package was faulty and contained
[7.740s]    "/usr/lib/cmake/vtk-6.3/VTKTargets.cmake"
[7.740s] but not all the files it references.
[7.740s] 
[7.967s] -- Found libusb-1.0: /usr/include  
[7.967s] ** WARNING ** io features related to libusb-1.0 will be disabled
[7.968s] -- looking for PCL_COMMON
[7.972s] -- Found PCL_COMMON: /usr/lib/x86_64-linux-gnu/libpcl_common.so  
[7.973s] -- looking for PCL_OCTREE
[7.976s] -- Found PCL_OCTREE: /usr/lib/x86_64-linux-gnu/libpcl_octree.so  
[7.977s] -- looking for PCL_IO
[7.980s] -- Found PCL_IO: /usr/lib/x86_64-linux-gnu/libpcl_io.so  
[8.011s] -- Found PCL: /usr/lib/x86_64-linux-gnu/libboost_system.so;/usr/lib/x86_64-linux-gnu/libboost_filesystem.so;/usr/lib/x86_64-linux-gnu/libboost_thread.so;/usr/lib/x86_64-linux-gnu/libboost_date_time.so;/usr/lib/x86_64-linux-gnu/libboost_iostreams.so;/usr/lib/x86_64-linux-gnu/libboost_serialization.so;/usr/lib/x86_64-linux-gnu/libboost_chrono.so;/usr/lib/x86_64-linux-gnu/libboost_atomic.so;/usr/lib/x86_64-linux-gnu/libboost_regex.so;/usr/lib/x86_64-linux-gnu/libpthread.so;optimized;/usr/lib/x86_64-linux-gnu/libpcl_common.so;debug;/usr/lib/x86_64-linux-gnu/libpcl_common.so;optimized;/usr/lib/x86_64-linux-gnu/libpcl_octree.so;debug;/usr/lib/x86_64-linux-gnu/libpcl_octree.so;/usr/lib/libOpenNI.so;/usr/lib/libOpenNI2.so;vtkChartsCore;vtkCommonColor;vtkCommonDataModel;vtkCommonMath;vtkCommonCore;vtksys;vtkCommonMisc;vtkCommonSystem;vtkCommonTransforms;vtkInfovisCore;vtkFiltersExtraction;vtkCommonExecutionModel;vtkFiltersCore;vtkFiltersGeneral;vtkCommonComputationalGeometry;vtkFiltersStatistics;vtkImagingFourier;vtkImagingCore;vtkalglib;vtkRenderingContext2D;vtkRenderingCore;vtkFiltersGeometry;vtkFiltersSources;vtkRenderingFreeType;/usr/lib/x86_64-linux-gnu/libfreetype.so;/usr/lib/x86_64-linux-gnu/libz.so;vtkftgl;vtkDICOMParser;vtkDomainsChemistry;vtkIOXML;vtkIOGeometry;vtkIOCore;vtkIOXMLParser;/usr/lib/x86_64-linux-gnu/libexpat.so;vtkFiltersAMR;vtkParallelCore;vtkIOLegacy;vtkFiltersFlowPaths;vtkFiltersGeneric;vtkFiltersHybrid;vtkImagingSources;vtkFiltersHyperTree;vtkFiltersImaging;vtkImagingGeneral;vtkFiltersModeling;vtkFiltersParallel;vtkFiltersParallelFlowPaths;vtkParallelMPI;vtkFiltersParallelGeometry;vtkFiltersParallelImaging;vtkFiltersParallelMPI;vtkFiltersParallelStatistics;vtkFiltersProgrammable;vtkFiltersPython;/usr/lib/x86_64-linux-gnu/libpython2.7.so;vtkWrappingPythonCore;vtkWrappingTools;vtkFiltersReebGraph;vtkFiltersSMP;vtkFiltersSelection;vtkFiltersTexture;vtkFiltersVerdict;verdict;vtkGUISupportQt;vtkInteractionStyle;vtkRenderingOpenGL;vtkImagingHybrid;vtkIOImage;vtkmetaio;/usr/lib/x86_64-linux-gnu/libjpeg.so;/usr/lib/x86_64-linux-gnu/libpng.so;/usr/lib/x86_64-linux-gnu/libtiff.so;vtkGUISupportQtOpenGL;vtkGUISupportQtSQL;vtkIOSQL;sqlite3;vtkGUISupportQtWebkit;vtkViewsQt;vtkViewsInfovis;vtkInfovisLayout;vtkInfovisBoostGraphAlgorithms;vtkRenderingLabel;vtkViewsCore;vtkInteractionWidgets;vtkRenderingAnnotation;vtkImagingColor;vtkRenderingVolume;vtkGeovisCore;/usr/lib/x86_64-linux-gnu/libproj.so;vtkIOAMR;/usr/lib/x86_64-linux-gnu/hdf5/openmpi/libhdf5.so;/usr/lib/x86_64-linux-gnu/libsz.so;/usr/lib/x86_64-linux-gnu/libdl.so;/usr/lib/x86_64-linux-gnu/libm.so;/usr/lib/x86_64-linux-gnu/openmpi/lib/libmpi.so;vtkIOEnSight;vtkIOExodus;vtkexoIIc;/usr/lib/x86_64-linux-gnu/libnetcdf_c++.so;/usr/lib/x86_64-linux-gnu/libnetcdf.so;vtkIOExport;vtkRenderingGL2PS;vtkRenderingContextOpenGL;/usr/lib/x86_64-linux-gnu/libgl2ps.so;vtkIOFFMPEG;vtkIOMovie;/usr/lib/x86_64-linux-gnu/libtheoraenc.so;/usr/lib/x86_64-linux-gnu/libtheoradec.so;/usr/lib/x86_64-linux-gnu/libogg.so;vtkIOGDAL;vtkIOGeoJSON;vtkIOImport;vtkIOInfovis;/usr/lib/x86_64-linux-gnu/libxml2.so;vtkIOLSDyna;vtkIOMINC;vtkIOMPIImage;vtkIOMPIParallel;vtkIOParallel;vtkIONetCDF;/usr/lib/x86_64-linux-gnu/libjsoncpp.so;vtkIOMySQL;vtkIOODBC;vtkIOPLY;vtkIOParallelExodus;vtkIOParallelLSDyna;vtkIOParallelNetCDF;vtkIOParallelXML;vtkIOPostgreSQL;vtkIOVPIC;VPIC;vtkIOVideo;vtkIOXdmf2;vtkxdmf2;vtkImagingMath;vtkImagingMorphological;vtkImagingStatistics;vtkImagingStencil;vtkInteractionImage;vtkLocalExample;vtkParallelMPI4Py;vtkPythonInterpreter;vtkRenderingExternal;vtkRenderingFreeTypeFontConfig;vtkRenderingImage;vtkRenderingLIC;vtkRenderingLOD;vtkRenderingMatplotlib;vtkRenderingParallel;vtkRenderingParallelLIC;vtkRenderingQt;vtkRenderingVolumeAMR;vtkRenderingVolumeOpenGL;vtkTestingGenericBridge;vtkTestingIOSQL;vtkTestingRendering;vtkViewsContext2D;vtkViewsGeovis;vtkWrappingJava;optimized;/usr/lib/x86_64-linux-gnu/libpcl_io.so;debug;/usr/lib/x86_64-linux-gnu/libpcl_io.so;/usr/lib/x86_64-linux-gnu/libboost_system.so;/usr/lib/x86_64-linux-gnu/libboost_filesystem.so;/usr/lib/x86_64-linux-gnu/libboost_thread.so;/usr/lib/x86_64-linux-gnu/libboost_date_time.so;/usr/lib/x86_64-linux-gnu/libboost_iostreams.so;/usr/lib/x86_64-linux-gnu/libboost_serialization.so;/usr/lib/x86_64-linux-gnu/libboost_chrono.so;/usr/lib/x86_64-linux-gnu/libboost_atomic.so;/usr/lib/x86_64-linux-gnu/libboost_regex.so;/usr/lib/x86_64-linux-gnu/libpthread.so;/usr/lib/libOpenNI.so;/usr/lib/libOpenNI2.so;vtkChartsCore;vtkCommonColor;vtkCommonDataModel;vtkCommonMath;vtkCommonCore;vtksys;vtkCommonMisc;vtkCommonSystem;vtkCommonTransforms;vtkInfovisCore;vtkFiltersExtraction;vtkCommonExecutionModel;vtkFiltersCore;vtkFiltersGeneral;vtkCommonComputationalGeometry;vtkFiltersStatistics;vtkImagingFourier;vtkImagingCore;vtkalglib;vtkRenderingContext2D;vtkRenderingCore;vtkFiltersGeometry;vtkFiltersSources;vtkRenderingFreeType;/usr/lib/x86_64-linux-gnu/libfreetype.so;/usr/lib/x86_64-linux-gnu/libz.so;vtkftgl;vtkDICOMParser;vtkDomainsChemistry;vtkIOXML;vtkIOGeometry;vtkIOCore;vtkIOXMLParser;/usr/lib/x86_64-linux-gnu/libexpat.so;vtkFiltersAMR;vtkParallelCore;vtkIOLegacy;vtkFiltersFlowPaths;vtkFiltersGeneric;vtkFiltersHybrid;vtkImagingSources;vtkFiltersHyperTree;vtkFiltersImaging;vtkImagingGeneral;vtkFiltersModeling;vtkFiltersParallel;vtkFiltersParallelFlowPaths;vtkParallelMPI;vtkFiltersParallelGeometry;vtkFiltersParallelImaging;vtkFiltersParallelMPI;vtkFiltersParallelStatistics;vtkFiltersProgrammable;vtkFiltersPython;/usr/lib/x86_64-linux-gnu/libpython2.7.so;vtkWrappingPythonCore;vtkWrappingTools;vtkFiltersReebGraph;vtkFiltersSMP;vtkFiltersSelection;vtkFiltersTexture;vtkFiltersVerdict;verdict;vtkGUISupportQt;vtkInteractionStyle;vtkRenderingOpenGL;vtkImagingHybrid;vtkIOImage;vtkmetaio;/usr/lib/x86_64-linux-gnu/libjpeg.so;/usr/lib/x86_64-linux-gnu/libpng.so;/usr/lib/x86_64-linux-gnu/libtiff.so;vtkGUISupportQtOpenGL;vtkGUISupportQtSQL;vtkIOSQL;sqlite3;vtkGUISupportQtWebkit;vtkViewsQt;vtkViewsInfovis;vtkInfovisLayout;vtkInfovisBoostGraphAlgorithms;vtkRenderingLabel;vtkViewsCore;vtkInteractionWidgets;vtkRenderingAnnotation;vtkImagingColor;vtkRenderingVolume;vtkGeovisCore;/usr/lib/x86_64-linux-gnu/libproj.so;vtkIOAMR;/usr/lib/x86_64-linux-gnu/hdf5/openmpi/libhdf5.so;/usr/lib/x86_64-linux-gnu/libsz.so;/usr/lib/x86_64-linux-gnu/libdl.so;/usr/lib/x86_64-linux-gnu/libm.so;/usr/lib/x86_64-linux-gnu/openmpi/lib/libmpi.so;vtkIOEnSight;vtkIOExodus;vtkexoIIc;/usr/lib/x86_64-linux-gnu/libnetcdf_c++.so;/usr/lib/x86_64-linux-gnu/libnetcdf.so;vtkIOExport;vtkRenderingGL2PS;vtkRenderingContextOpenGL;/usr/lib/x86_64-linux-gnu/libgl2ps.so;vtkIOFFMPEG;vtkIOMovie;/usr/lib/x86_64-linux-gnu/libtheoraenc.so;/usr/lib/x86_64-linux-gnu/libtheoradec.so;/usr/lib/x86_64-linux-gnu/libogg.so;vtkIOGDAL;vtkIOGeoJSON;vtkIOImport;vtkIOInfovis;/usr/lib/x86_64-linux-gnu/libxml2.so;vtkIOLSDyna;vtkIOMINC;vtkIOMPIImage;vtkIOMPIParallel;vtkIOParallel;vtkIONetCDF;/usr/lib/x86_64-linux-gnu/libjsoncpp.so;vtkIOMySQL;vtkIOODBC;vtkIOPLY;vtkIOParallelExodus;vtkIOParallelLSDyna;vtkIOParallelNetCDF;vtkIOParallelXML;vtkIOPostgreSQL;vtkIOVPIC;VPIC;vtkIOVideo;vtkIOXdmf2;vtkxdmf2;vtkImagingMath;vtkImagingMorphological;vtkImagingStatistics;vtkImagingStencil;vtkInteractionImage;vtkLocalExample;vtkParallelMPI4Py;vtkPythonInterpreter;vtkRenderingExternal;vtkRenderingFreeTypeFontConfig;vtkRenderingImage;vtkRenderingLIC;vtkRenderingLOD;vtkRenderingMatplotlib;vtkRenderingParallel;vtkRenderingParallelLIC;vtkRenderingQt;vtkRenderingVolumeAMR;vtkRenderingVolumeOpenGL;vtkTestingGenericBridge;vtkTestingIOSQL;vtkTestingRendering;vtkViewsContext2D;vtkViewsGeovis;vtkWrappingJava  
[8.032s] -- Boost version: 1.65.1
[8.032s] -- Found the following Boost libraries:
[8.032s] --   filesystem
[8.033s] --   system
[8.046s] -- Found CURL: /usr/lib/x86_64-linux-gnu/libcurl.so (found version "7.58.0") 
[8.356s] -- Configuring done
[9.097s] -- Generating done
[9.124s] -- Build files have been written to: /home/chinchia120/autoware.ai/build/map_file
[9.139s] Invoked command in '/home/chinchia120/autoware.ai/build/map_file' returned '0': CMAKE_PREFIX_PATH=/home/chinchia120/autoware.ai/install/lanelet2_extension:/home/chinchia120/autoware.ai/install/lanelet2_validation:/home/chinchia120/autoware.ai/install/lanelet2_routing:/home/chinchia120/autoware.ai/install/lanelet2_projection:/home/chinchia120/autoware.ai/install/lanelet2_traffic_rules:/home/chinchia120/autoware.ai/install/lanelet2_maps:/home/chinchia120/autoware.ai/install/lanelet2_io:/home/chinchia120/autoware.ai/install/vector_map:/home/chinchia120/autoware.ai/install/lanelet2_core:/home/chinchia120/autoware.ai/install/amathutils_lib:/home/chinchia120/autoware.ai/install/vector_map_msgs:/home/chinchia120/autoware.ai/install/autoware_msgs:/home/chinchia120/autoware.ai/install/autoware_lanelet2_msgs:/home/chinchia120/autoware.ai/install/autoware_build_flags:${CMAKE_PREFIX_PATH} LD_LIBRARY_PATH=/home/chinchia120/autoware.ai/install/lanelet2_extension/lib:/home/chinchia120/autoware.ai/install/lanelet2_validation/lib:/home/chinchia120/autoware.ai/install/lanelet2_routing/lib:/home/chinchia120/autoware.ai/install/lanelet2_projection/lib:/home/chinchia120/autoware.ai/install/lanelet2_traffic_rules/lib:/home/chinchia120/autoware.ai/install/lanelet2_io/lib:/home/chinchia120/autoware.ai/install/vector_map/lib:/home/chinchia120/autoware.ai/install/lanelet2_core/lib:/home/chinchia120/autoware.ai/install/amathutils_lib/lib:${LD_LIBRARY_PATH} PKG_CONFIG_PATH=/home/chinchia120/autoware.ai/install/lanelet2_extension/lib/x86_64-linux-gnu/pkgconfig:/home/chinchia120/autoware.ai/install/lanelet2_extension/lib/pkgconfig:/home/chinchia120/autoware.ai/install/lanelet2_validation/lib/x86_64-linux-gnu/pkgconfig:/home/chinchia120/autoware.ai/install/lanelet2_validation/lib/pkgconfig:/home/chinchia120/autoware.ai/install/lanelet2_routing/lib/x86_64-linux-gnu/pkgconfig:/home/chinchia120/autoware.ai/install/lanelet2_routing/lib/pkgconfig:/home/chinchia120/autoware.ai/install/lanelet2_projection/lib/x86_64-linux-gnu/pkgconfig:/home/chinchia120/autoware.ai/install/lanelet2_projection/lib/pkgconfig:/home/chinchia120/autoware.ai/install/lanelet2_traffic_rules/lib/x86_64-linux-gnu/pkgconfig:/home/chinchia120/autoware.ai/install/lanelet2_traffic_rules/lib/pkgconfig:/home/chinchia120/autoware.ai/install/lanelet2_maps/lib/x86_64-linux-gnu/pkgconfig:/home/chinchia120/autoware.ai/install/lanelet2_maps/lib/pkgconfig:/home/chinchia120/autoware.ai/install/lanelet2_io/lib/x86_64-linux-gnu/pkgconfig:/home/chinchia120/autoware.ai/install/lanelet2_io/lib/pkgconfig:/home/chinchia120/autoware.ai/install/vector_map/lib/x86_64-linux-gnu/pkgconfig:/home/chinchia120/autoware.ai/install/vector_map/lib/pkgconfig:/home/chinchia120/autoware.ai/install/lanelet2_core/lib/x86_64-linux-gnu/pkgconfig:/home/chinchia120/autoware.ai/install/lanelet2_core/lib/pkgconfig:/home/chinchia120/autoware.ai/install/amathutils_lib/lib/x86_64-linux-gnu/pkgconfig:/home/chinchia120/autoware.ai/install/amathutils_lib/lib/pkgconfig:/home/chinchia120/autoware.ai/install/vector_map_msgs/lib/x86_64-linux-gnu/pkgconfig:/home/chinchia120/autoware.ai/install/vector_map_msgs/lib/pkgconfig:/home/chinchia120/autoware.ai/install/autoware_msgs/lib/x86_64-linux-gnu/pkgconfig:/home/chinchia120/autoware.ai/install/autoware_msgs/lib/pkgconfig:/home/chinchia120/autoware.ai/install/autoware_lanelet2_msgs/lib/x86_64-linux-gnu/pkgconfig:/home/chinchia120/autoware.ai/install/autoware_lanelet2_msgs/lib/pkgconfig:/home/chinchia120/autoware.ai/install/autoware_build_flags/lib/x86_64-linux-gnu/pkgconfig:/home/chinchia120/autoware.ai/install/autoware_build_flags/lib/pkgconfig:${PKG_CONFIG_PATH} PYTHONPATH=/home/chinchia120/autoware.ai/install/vector_map_msgs/lib/python2.7/dist-packages:/home/chinchia120/autoware.ai/install/autoware_msgs/lib/python2.7/dist-packages:/home/chinchia120/autoware.ai/install/autoware_lanelet2_msgs/lib/python2.7/dist-packages:${PYTHONPATH} ROS_PACKAGE_PATH=/home/chinchia120/autoware.ai/install/lanelet2_extension/share:/home/chinchia120/autoware.ai/install/lanelet2_validation/share:/home/chinchia120/autoware.ai/install/lanelet2_routing/share:/home/chinchia120/autoware.ai/install/lanelet2_projection/share:/home/chinchia120/autoware.ai/install/lanelet2_traffic_rules/share:/home/chinchia120/autoware.ai/install/lanelet2_maps/share:/home/chinchia120/autoware.ai/install/lanelet2_io/share:/home/chinchia120/autoware.ai/install/vector_map/share:/home/chinchia120/autoware.ai/install/lanelet2_core/share:/home/chinchia120/autoware.ai/install/amathutils_lib/share:/home/chinchia120/autoware.ai/install/vector_map_msgs/share:/home/chinchia120/autoware.ai/install/autoware_msgs/share:/home/chinchia120/autoware.ai/install/autoware_lanelet2_msgs/share:/home/chinchia120/autoware.ai/install/autoware_build_flags/share:${ROS_PACKAGE_PATH} /usr/bin/cmake /home/chinchia120/autoware.ai/src/autoware/common/map_file -DCMAKE_BUILD_TYPE=Release -DCATKIN_INSTALL_INTO_PREFIX_ROOT=0 -DCMAKE_INSTALL_PREFIX=/home/chinchia120/autoware.ai/install/map_file
[9.148s] Invoking command in '/home/chinchia120/autoware.ai/build/map_file': CMAKE_PREFIX_PATH=/home/chinchia120/autoware.ai/install/lanelet2_extension:/home/chinchia120/autoware.ai/install/lanelet2_validation:/home/chinchia120/autoware.ai/install/lanelet2_routing:/home/chinchia120/autoware.ai/install/lanelet2_projection:/home/chinchia120/autoware.ai/install/lanelet2_traffic_rules:/home/chinchia120/autoware.ai/install/lanelet2_maps:/home/chinchia120/autoware.ai/install/lanelet2_io:/home/chinchia120/autoware.ai/install/vector_map:/home/chinchia120/autoware.ai/install/lanelet2_core:/home/chinchia120/autoware.ai/install/amathutils_lib:/home/chinchia120/autoware.ai/install/vector_map_msgs:/home/chinchia120/autoware.ai/install/autoware_msgs:/home/chinchia120/autoware.ai/install/autoware_lanelet2_msgs:/home/chinchia120/autoware.ai/install/autoware_build_flags:${CMAKE_PREFIX_PATH} LD_LIBRARY_PATH=/home/chinchia120/autoware.ai/install/lanelet2_extension/lib:/home/chinchia120/autoware.ai/install/lanelet2_validation/lib:/home/chinchia120/autoware.ai/install/lanelet2_routing/lib:/home/chinchia120/autoware.ai/install/lanelet2_projection/lib:/home/chinchia120/autoware.ai/install/lanelet2_traffic_rules/lib:/home/chinchia120/autoware.ai/install/lanelet2_io/lib:/home/chinchia120/autoware.ai/install/vector_map/lib:/home/chinchia120/autoware.ai/install/lanelet2_core/lib:/home/chinchia120/autoware.ai/install/amathutils_lib/lib:${LD_LIBRARY_PATH} PKG_CONFIG_PATH=/home/chinchia120/autoware.ai/install/lanelet2_extension/lib/x86_64-linux-gnu/pkgconfig:/home/chinchia120/autoware.ai/install/lanelet2_extension/lib/pkgconfig:/home/chinchia120/autoware.ai/install/lanelet2_validation/lib/x86_64-linux-gnu/pkgconfig:/home/chinchia120/autoware.ai/install/lanelet2_validation/lib/pkgconfig:/home/chinchia120/autoware.ai/install/lanelet2_routing/lib/x86_64-linux-gnu/pkgconfig:/home/chinchia120/autoware.ai/install/lanelet2_routing/lib/pkgconfig:/home/chinchia120/autoware.ai/install/lanelet2_projection/lib/x86_64-linux-gnu/pkgconfig:/home/chinchia120/autoware.ai/install/lanelet2_projection/lib/pkgconfig:/home/chinchia120/autoware.ai/install/lanelet2_traffic_rules/lib/x86_64-linux-gnu/pkgconfig:/home/chinchia120/autoware.ai/install/lanelet2_traffic_rules/lib/pkgconfig:/home/chinchia120/autoware.ai/install/lanelet2_maps/lib/x86_64-linux-gnu/pkgconfig:/home/chinchia120/autoware.ai/install/lanelet2_maps/lib/pkgconfig:/home/chinchia120/autoware.ai/install/lanelet2_io/lib/x86_64-linux-gnu/pkgconfig:/home/chinchia120/autoware.ai/install/lanelet2_io/lib/pkgconfig:/home/chinchia120/autoware.ai/install/vector_map/lib/x86_64-linux-gnu/pkgconfig:/home/chinchia120/autoware.ai/install/vector_map/lib/pkgconfig:/home/chinchia120/autoware.ai/install/lanelet2_core/lib/x86_64-linux-gnu/pkgconfig:/home/chinchia120/autoware.ai/install/lanelet2_core/lib/pkgconfig:/home/chinchia120/autoware.ai/install/amathutils_lib/lib/x86_64-linux-gnu/pkgconfig:/home/chinchia120/autoware.ai/install/amathutils_lib/lib/pkgconfig:/home/chinchia120/autoware.ai/install/vector_map_msgs/lib/x86_64-linux-gnu/pkgconfig:/home/chinchia120/autoware.ai/install/vector_map_msgs/lib/pkgconfig:/home/chinchia120/autoware.ai/install/autoware_msgs/lib/x86_64-linux-gnu/pkgconfig:/home/chinchia120/autoware.ai/install/autoware_msgs/lib/pkgconfig:/home/chinchia120/autoware.ai/install/autoware_lanelet2_msgs/lib/x86_64-linux-gnu/pkgconfig:/home/chinchia120/autoware.ai/install/autoware_lanelet2_msgs/lib/pkgconfig:/home/chinchia120/autoware.ai/install/autoware_build_flags/lib/x86_64-linux-gnu/pkgconfig:/home/chinchia120/autoware.ai/install/autoware_build_flags/lib/pkgconfig:${PKG_CONFIG_PATH} PYTHONPATH=/home/chinchia120/autoware.ai/install/vector_map_msgs/lib/python2.7/dist-packages:/home/chinchia120/autoware.ai/install/autoware_msgs/lib/python2.7/dist-packages:/home/chinchia120/autoware.ai/install/autoware_lanelet2_msgs/lib/python2.7/dist-packages:${PYTHONPATH} ROS_PACKAGE_PATH=/home/chinchia120/autoware.ai/install/lanelet2_extension/share:/home/chinchia120/autoware.ai/install/lanelet2_validation/share:/home/chinchia120/autoware.ai/install/lanelet2_routing/share:/home/chinchia120/autoware.ai/install/lanelet2_projection/share:/home/chinchia120/autoware.ai/install/lanelet2_traffic_rules/share:/home/chinchia120/autoware.ai/install/lanelet2_maps/share:/home/chinchia120/autoware.ai/install/lanelet2_io/share:/home/chinchia120/autoware.ai/install/vector_map/share:/home/chinchia120/autoware.ai/install/lanelet2_core/share:/home/chinchia120/autoware.ai/install/amathutils_lib/share:/home/chinchia120/autoware.ai/install/vector_map_msgs/share:/home/chinchia120/autoware.ai/install/autoware_msgs/share:/home/chinchia120/autoware.ai/install/autoware_lanelet2_msgs/share:/home/chinchia120/autoware.ai/install/autoware_build_flags/share:${ROS_PACKAGE_PATH} /usr/bin/cmake --build /home/chinchia120/autoware.ai/build/map_file -- -j4 -l4
[9.268s] [35m[1mScanning dependencies of target visualization_msgs_generate_messages_cpp[0m
[9.302s] [  0%] Built target visualization_msgs_generate_messages_cpp
[9.336s] [35m[1mScanning dependencies of target vector_map_msgs_generate_messages_eus[0m
[9.365s] [  0%] Built target vector_map_msgs_generate_messages_eus
[9.392s] [35m[1mScanning dependencies of target vector_map_msgs_generate_messages_cpp[0m
[9.422s] [  0%] Built target vector_map_msgs_generate_messages_cpp
[9.450s] [35m[1mScanning dependencies of target topic_tools_generate_messages_nodejs[0m
[9.479s] [  0%] Built target topic_tools_generate_messages_nodejs
[9.509s] [35m[1mScanning dependencies of target topic_tools_generate_messages_eus[0m
[9.548s] [  0%] Built target topic_tools_generate_messages_eus
[9.578s] [35m[1mScanning dependencies of target topic_tools_generate_messages_cpp[0m
[9.608s] [  0%] Built target topic_tools_generate_messages_cpp
[9.632s] [35m[1mScanning dependencies of target std_srvs_generate_messages_py[0m
[9.657s] [  0%] Built target std_srvs_generate_messages_py
[9.683s] [35m[1mScanning dependencies of target std_srvs_generate_messages_nodejs[0m
[9.713s] [  0%] Built target std_srvs_generate_messages_nodejs
[9.740s] [35m[1mScanning dependencies of target vector_map_msgs_generate_messages_nodejs[0m
[9.774s] [  0%] Built target vector_map_msgs_generate_messages_nodejs
[9.802s] [35m[1mScanning dependencies of target bond_generate_messages_py[0m
[9.833s] [  0%] Built target bond_generate_messages_py
[9.867s] [35m[1mScanning dependencies of target bond_generate_messages_nodejs[0m
[9.904s] [  0%] Built target bond_generate_messages_nodejs
[9.940s] [35m[1mScanning dependencies of target bond_generate_messages_lisp[0m
[9.970s] [  0%] Built target bond_generate_messages_lisp
[10.006s] [35m[1mScanning dependencies of target bond_generate_messages_eus[0m
[10.035s] [  0%] Built target bond_generate_messages_eus
[10.067s] [35m[1mScanning dependencies of target bond_generate_messages_cpp[0m
[10.099s] [  0%] Built target bond_generate_messages_cpp
[10.124s] [35m[1mScanning dependencies of target nodelet_generate_messages_nodejs[0m
[10.150s] [  0%] Built target nodelet_generate_messages_nodejs
[10.181s] [35m[1mScanning dependencies of target nodelet_generate_messages_eus[0m
[10.214s] [  0%] Built target nodelet_generate_messages_eus
[10.243s] [35m[1mScanning dependencies of target nodelet_generate_messages_cpp[0m
[10.273s] [  0%] Built target nodelet_generate_messages_cpp
[10.310s] [35m[1mScanning dependencies of target dynamic_reconfigure_generate_messages_py[0m
[10.347s] [  0%] Built target dynamic_reconfigure_generate_messages_py
[10.383s] [35m[1mScanning dependencies of target dynamic_reconfigure_generate_messages_nodejs[0m
[10.416s] [  0%] Built target dynamic_reconfigure_generate_messages_nodejs
[10.451s] [35m[1mScanning dependencies of target dynamic_reconfigure_generate_messages_lisp[0m
[10.482s] [  0%] Built target dynamic_reconfigure_generate_messages_lisp
[10.518s] [35m[1mScanning dependencies of target dynamic_reconfigure_generate_messages_eus[0m
[10.549s] [  0%] Built target dynamic_reconfigure_generate_messages_eus
[10.579s] [35m[1mScanning dependencies of target pcl_ros_gencfg[0m
[10.608s] [  0%] Built target pcl_ros_gencfg
[10.638s] [35m[1mScanning dependencies of target visualization_msgs_generate_messages_py[0m
[10.670s] [  0%] Built target visualization_msgs_generate_messages_py
[10.706s] [35m[1mScanning dependencies of target visualization_msgs_generate_messages_nodejs[0m
[10.741s] [  0%] Built target visualization_msgs_generate_messages_nodejs
[10.768s] [35m[1mScanning dependencies of target geometry_msgs_generate_messages_py[0m
[10.805s] [  0%] Built target geometry_msgs_generate_messages_py
[10.835s] [35m[1mScanning dependencies of target sensor_msgs_generate_messages_nodejs[0m
[10.873s] [  0%] Built target sensor_msgs_generate_messages_nodejs
[10.909s] [35m[1mScanning dependencies of target roscpp_generate_messages_cpp[0m
[10.945s] [  0%] Built target roscpp_generate_messages_cpp
[10.977s] [35m[1mScanning dependencies of target actionlib_generate_messages_cpp[0m
[11.015s] [  0%] Built target actionlib_generate_messages_cpp
[11.047s] [35m[1mScanning dependencies of target pcl_msgs_generate_messages_eus[0m
[11.081s] [  0%] Built target pcl_msgs_generate_messages_eus
[11.119s] [35m[1mScanning dependencies of target rosgraph_msgs_generate_messages_eus[0m
[11.152s] [  0%] Built target rosgraph_msgs_generate_messages_eus
[11.184s] [35m[1mScanning dependencies of target jsk_recognition_msgs_generate_messages_lisp[0m
[11.223s] [  0%] Built target jsk_recognition_msgs_generate_messages_lisp
[11.256s] [35m[1mScanning dependencies of target jsk_recognition_msgs_generate_messages_eus[0m
[11.291s] [  0%] Built target jsk_recognition_msgs_generate_messages_eus
[11.327s] [35m[1mScanning dependencies of target tf2_msgs_generate_messages_cpp[0m
[11.359s] [  0%] Built target tf2_msgs_generate_messages_cpp
[11.391s] [35m[1mScanning dependencies of target std_msgs_generate_messages_py[0m
[11.421s] [  0%] Built target std_msgs_generate_messages_py
[11.448s] [35m[1mScanning dependencies of target nodelet_generate_messages_lisp[0m
[11.474s] [  0%] Built target nodelet_generate_messages_lisp
[11.501s] [35m[1mScanning dependencies of target autoware_msgs_generate_messages_py[0m
[11.537s] [  0%] Built target autoware_msgs_generate_messages_py
[11.573s] [35m[1mScanning dependencies of target std_msgs_generate_messages_nodejs[0m
[11.611s] [  0%] Built target std_msgs_generate_messages_nodejs
[11.649s] [35m[1mScanning dependencies of target sensor_msgs_generate_messages_eus[0m
[11.686s] [  0%] Built target sensor_msgs_generate_messages_eus
[11.716s] [35m[1mScanning dependencies of target std_srvs_generate_messages_lisp[0m
[11.744s] [  0%] Built target std_srvs_generate_messages_lisp
[11.779s] [35m[1mScanning dependencies of target _catkin_empty_exported_target[0m
[11.806s] [  0%] Built target _catkin_empty_exported_target
[11.832s] [35m[1mScanning dependencies of target sensor_msgs_generate_messages_cpp[0m
[11.864s] [  0%] Built target sensor_msgs_generate_messages_cpp
[11.892s] [35m[1mScanning dependencies of target autoware_msgs_generate_messages_cpp[0m
[11.920s] [  0%] Built target autoware_msgs_generate_messages_cpp
[11.945s] [35m[1mScanning dependencies of target rosgraph_msgs_generate_messages_cpp[0m
[11.972s] [  0%] Built target rosgraph_msgs_generate_messages_cpp
[12.000s] [35m[1mScanning dependencies of target pcl_msgs_generate_messages_nodejs[0m
[12.029s] [  0%] Built target pcl_msgs_generate_messages_nodejs
[12.059s] [35m[1mScanning dependencies of target jsk_recognition_msgs_generate_messages_py[0m
[12.089s] [  0%] Built target jsk_recognition_msgs_generate_messages_py
[12.112s] [35m[1mScanning dependencies of target std_srvs_generate_messages_cpp[0m
[12.140s] [  0%] Built target std_srvs_generate_messages_cpp
[12.173s] [35m[1mScanning dependencies of target sensor_msgs_generate_messages_lisp[0m
[12.199s] [  0%] Built target sensor_msgs_generate_messages_lisp
[12.224s] [35m[1mScanning dependencies of target nodelet_generate_messages_py[0m
[12.255s] [  0%] Built target nodelet_generate_messages_py
[12.281s] [35m[1mScanning dependencies of target sensor_msgs_generate_messages_py[0m
[12.332s] [  0%] Built target sensor_msgs_generate_messages_py
[12.357s] [35m[1mScanning dependencies of target dynamic_reconfigure_generate_messages_cpp[0m
[12.381s] [  0%] Built target dynamic_reconfigure_generate_messages_cpp
[12.410s] [35m[1mScanning dependencies of target tf_generate_messages_py[0m
[12.445s] [  0%] Built target tf_generate_messages_py
[12.474s] [35m[1mScanning dependencies of target std_msgs_generate_messages_cpp[0m
[12.500s] [  0%] Built target std_msgs_generate_messages_cpp
[12.525s] [35m[1mScanning dependencies of target jsk_footstep_msgs_generate_messages_py[0m
[12.569s] [  0%] Built target jsk_footstep_msgs_generate_messages_py
[12.605s] [35m[1mScanning dependencies of target topic_tools_generate_messages_py[0m
[12.639s] [  0%] Built target topic_tools_generate_messages_py
[12.674s] [35m[1mScanning dependencies of target nodelet_topic_tools_gencfg[0m
[12.711s] [  0%] Built target nodelet_topic_tools_gencfg
[12.746s] [35m[1mScanning dependencies of target actionlib_msgs_generate_messages_nodejs[0m
[12.776s] [  0%] Built target actionlib_msgs_generate_messages_nodejs
[12.800s] [35m[1mScanning dependencies of target geometry_msgs_generate_messages_eus[0m
[12.832s] [  0%] Built target geometry_msgs_generate_messages_eus
[12.856s] [35m[1mScanning dependencies of target std_msgs_generate_messages_lisp[0m
[12.887s] [  0%] Built target std_msgs_generate_messages_lisp
[12.924s] [35m[1mScanning dependencies of target roscpp_generate_messages_nodejs[0m
[12.958s] [  0%] Built target roscpp_generate_messages_nodejs
[12.985s] [35m[1mScanning dependencies of target geometry_msgs_generate_messages_nodejs[0m
[13.018s] [  0%] Built target geometry_msgs_generate_messages_nodejs
[13.045s] [35m[1mScanning dependencies of target geometry_msgs_generate_messages_lisp[0m
[13.075s] [  0%] Built target geometry_msgs_generate_messages_lisp
[13.100s] [35m[1mScanning dependencies of target pcl_msgs_generate_messages_cpp[0m
[13.126s] [  0%] Built target pcl_msgs_generate_messages_cpp
[13.153s] [35m[1mScanning dependencies of target topic_tools_generate_messages_lisp[0m
[13.187s] [  0%] Built target topic_tools_generate_messages_lisp
[13.222s] [35m[1mScanning dependencies of target jsk_recognition_msgs_generate_messages_cpp[0m
[13.251s] [  0%] Built target jsk_recognition_msgs_generate_messages_cpp
[13.285s] [35m[1mScanning dependencies of target autoware_msgs_generate_messages_eus[0m
[13.319s] [  0%] Built target autoware_msgs_generate_messages_eus
[13.343s] [35m[1mScanning dependencies of target autoware_msgs_generate_messages_lisp[0m
[13.375s] [  0%] Built target autoware_msgs_generate_messages_lisp
[13.406s] [35m[1mScanning dependencies of target visualization_msgs_generate_messages_lisp[0m
[13.434s] [  0%] Built target visualization_msgs_generate_messages_lisp
[13.464s] [35m[1mScanning dependencies of target std_msgs_generate_messages_eus[0m
[13.495s] [  0%] Built target std_msgs_generate_messages_eus
[13.529s] [35m[1mScanning dependencies of target autoware_msgs_generate_messages_nodejs[0m
[13.561s] [  0%] Built target autoware_msgs_generate_messages_nodejs
[13.590s] [35m[1mScanning dependencies of target jsk_footstep_msgs_generate_messages_eus[0m
[13.624s] [  0%] Built target jsk_footstep_msgs_generate_messages_eus
[13.653s] [35m[1mScanning dependencies of target actionlib_msgs_generate_messages_py[0m
[13.687s] [  0%] Built target actionlib_msgs_generate_messages_py
[13.725s] [35m[1mScanning dependencies of target jsk_footstep_msgs_generate_messages_lisp[0m
[13.765s] [  0%] Built target jsk_footstep_msgs_generate_messages_lisp
[13.802s] [35m[1mScanning dependencies of target jsk_footstep_msgs_generate_messages_nodejs[0m
[13.838s] [  0%] Built target jsk_footstep_msgs_generate_messages_nodejs
[13.874s] [35m[1mScanning dependencies of target actionlib_msgs_generate_messages_lisp[0m
[13.906s] [  0%] Built target actionlib_msgs_generate_messages_lisp
[13.931s] [35m[1mScanning dependencies of target jsk_footstep_msgs_generate_messages_cpp[0m
[13.967s] [  0%] Built target jsk_footstep_msgs_generate_messages_cpp
[14.004s] [35m[1mScanning dependencies of target actionlib_msgs_generate_messages_cpp[0m
[14.044s] [  0%] Built target actionlib_msgs_generate_messages_cpp
[14.076s] [35m[1mScanning dependencies of target tf_generate_messages_eus[0m
[14.115s] [  0%] Built target tf_generate_messages_eus
[14.141s] [35m[1mScanning dependencies of target tf_generate_messages_lisp[0m
[14.173s] [  0%] Built target tf_generate_messages_lisp
[14.200s] [35m[1mScanning dependencies of target tf_generate_messages_nodejs[0m
[14.229s] [  0%] Built target tf_generate_messages_nodejs
[14.274s] [35m[1mScanning dependencies of target autoware_lanelet2_msgs_generate_messages_cpp[0m
[14.309s] [  0%] Built target autoware_lanelet2_msgs_generate_messages_cpp
[14.340s] [35m[1mScanning dependencies of target std_srvs_generate_messages_eus[0m
[14.370s] [  0%] Built target std_srvs_generate_messages_eus
[14.403s] [35m[1mScanning dependencies of target jsk_recognition_msgs_generate_messages_nodejs[0m
[14.431s] [  0%] Built target jsk_recognition_msgs_generate_messages_nodejs
[14.465s] [35m[1mScanning dependencies of target autoware_lanelet2_msgs_generate_messages_py[0m
[14.500s] [  0%] Built target autoware_lanelet2_msgs_generate_messages_py
[14.531s] [35m[1mScanning dependencies of target roscpp_generate_messages_lisp[0m
[14.563s] [  0%] Built target roscpp_generate_messages_lisp
[14.596s] [35m[1mScanning dependencies of target rosgraph_msgs_generate_messages_lisp[0m
[14.629s] [  0%] Built target rosgraph_msgs_generate_messages_lisp
[14.658s] [35m[1mScanning dependencies of target rosgraph_msgs_generate_messages_nodejs[0m
[14.687s] [  0%] Built target rosgraph_msgs_generate_messages_nodejs
[14.722s] [35m[1mScanning dependencies of target roscpp_generate_messages_eus[0m
[14.752s] [  0%] Built target roscpp_generate_messages_eus
[14.786s] [35m[1mScanning dependencies of target actionlib_msgs_generate_messages_eus[0m
[14.815s] [  0%] Built target actionlib_msgs_generate_messages_eus
[14.849s] [35m[1mScanning dependencies of target rosgraph_msgs_generate_messages_py[0m
[14.878s] [  0%] Built target rosgraph_msgs_generate_messages_py
[14.908s] [35m[1mScanning dependencies of target pcl_msgs_generate_messages_py[0m
[14.943s] [  0%] Built target pcl_msgs_generate_messages_py
[14.981s] [35m[1mScanning dependencies of target actionlib_generate_messages_eus[0m
[15.014s] [  0%] Built target actionlib_generate_messages_eus
[15.050s] [35m[1mScanning dependencies of target geometry_msgs_generate_messages_cpp[0m
[15.088s] [  0%] Built target geometry_msgs_generate_messages_cpp
[15.121s] [35m[1mScanning dependencies of target actionlib_generate_messages_lisp[0m
[15.149s] [  0%] Built target actionlib_generate_messages_lisp
[15.178s] [35m[1mScanning dependencies of target pcl_msgs_generate_messages_lisp[0m
[15.206s] [  0%] Built target pcl_msgs_generate_messages_lisp
[15.243s] [35m[1mScanning dependencies of target tf_generate_messages_cpp[0m
[15.273s] [  0%] Built target tf_generate_messages_cpp
[15.308s] [35m[1mScanning dependencies of target actionlib_generate_messages_nodejs[0m
[15.345s] [  0%] Built target actionlib_generate_messages_nodejs
[15.374s] [35m[1mScanning dependencies of target dynamic_reconfigure_gencfg[0m
[15.410s] [  0%] Built target dynamic_reconfigure_gencfg
[15.444s] [35m[1mScanning dependencies of target tf2_msgs_generate_messages_lisp[0m
[15.483s] [  0%] Built target tf2_msgs_generate_messages_lisp
[15.512s] [35m[1mScanning dependencies of target actionlib_generate_messages_py[0m
[15.548s] [  0%] Built target actionlib_generate_messages_py
[15.582s] [35m[1mScanning dependencies of target tf2_msgs_generate_messages_py[0m
[15.613s] [  0%] Built target tf2_msgs_generate_messages_py
[15.645s] [35m[1mScanning dependencies of target autoware_lanelet2_msgs_generate_messages_eus[0m
[15.681s] [  0%] Built target autoware_lanelet2_msgs_generate_messages_eus
[15.711s] [35m[1mScanning dependencies of target tf2_msgs_generate_messages_nodejs[0m
[15.747s] [  0%] Built target tf2_msgs_generate_messages_nodejs
[15.777s] [35m[1mScanning dependencies of target autoware_lanelet2_msgs_generate_messages_lisp[0m
[15.811s] [  0%] Built target autoware_lanelet2_msgs_generate_messages_lisp
[15.840s] [35m[1mScanning dependencies of target roscpp_generate_messages_py[0m
[15.879s] [  0%] Built target roscpp_generate_messages_py
[15.909s] [35m[1mScanning dependencies of target autoware_lanelet2_msgs_generate_messages_nodejs[0m
[15.945s] [  0%] Built target autoware_lanelet2_msgs_generate_messages_nodejs
[15.973s] [35m[1mScanning dependencies of target visualization_msgs_generate_messages_eus[0m
[16.009s] [  0%] Built target visualization_msgs_generate_messages_eus
[16.044s] [35m[1mScanning dependencies of target tf2_msgs_generate_messages_eus[0m
[16.076s] [  0%] Built target tf2_msgs_generate_messages_eus
[16.111s] [35m[1mScanning dependencies of target get_file[0m
[16.191s] [  7%] [32mBuilding CXX object CMakeFiles/get_file.dir/lib/map_file/get_file.cpp.o[0m
[17.079s] [ 15%] [32m[1mLinking CXX shared library devel/lib/libget_file.so[0m
[17.242s] [ 15%] Built target get_file
[17.271s] [35m[1mScanning dependencies of target vector_map_msgs_generate_messages_lisp[0m
[17.306s] [ 15%] Built target vector_map_msgs_generate_messages_lisp
[17.339s] [35m[1mScanning dependencies of target vector_map_msgs_generate_messages_py[0m
[17.377s] [ 15%] Built target vector_map_msgs_generate_messages_py
[17.404s] [35m[1mScanning dependencies of target points_map_filter[0m
[17.630s] [ 23%] [32mBuilding CXX object CMakeFiles/points_map_filter.dir/nodes/points_map_filter/points_map_filter_node.cpp.o[0m
[31.249s] [ 30%] [32mBuilding CXX object CMakeFiles/points_map_filter.dir/nodes/points_map_filter/points_map_filter.cpp.o[0m
[46.693s] [ 38%] [32m[1mLinking CXX executable devel/lib/map_file/points_map_filter[0m
[50.831s] [ 38%] Built target points_map_filter
[50.856s] [35m[1mScanning dependencies of target points_map_loader[0m
[51.022s] [ 46%] [32mBuilding CXX object CMakeFiles/points_map_loader.dir/nodes/points_map_loader/points_map_loader.cpp.o[0m
[66.134s] [ 53%] [32m[1mLinking CXX executable devel/lib/map_file/points_map_loader[0m
[70.313s] [ 53%] Built target points_map_loader
[70.345s] [35m[1mScanning dependencies of target vector_map_loader[0m
[70.447s] [ 61%] [32mBuilding CXX object CMakeFiles/vector_map_loader.dir/nodes/vector_map_loader/vector_map_loader.cpp.o[0m
[88.709s] [ 69%] [32m[1mLinking CXX executable devel/lib/map_file/vector_map_loader[0m
[90.083s] [ 69%] Built target vector_map_loader
[90.130s] [35m[1mScanning dependencies of target lanelet2_map_loader[0m
[90.331s] [ 76%] [32mBuilding CXX object CMakeFiles/lanelet2_map_loader.dir/nodes/lanelet2_map_loader/lanelet2_map_loader.cpp.o[0m
[100.580s] [ 84%] [32m[1mLinking CXX executable devel/lib/map_file/lanelet2_map_loader[0m
[101.507s] [ 84%] Built target lanelet2_map_loader
[101.539s] [35m[1mScanning dependencies of target lanelet2_map_visualization[0m
[101.654s] [ 92%] [32mBuilding CXX object CMakeFiles/lanelet2_map_visualization.dir/nodes/lanelet2_map_loader/lanelet2_map_visualization.cpp.o[0m
[112.652s] [100%] [32m[1mLinking CXX executable devel/lib/map_file/lanelet2_map_visualization[0m
[113.463s] [100%] Built target lanelet2_map_visualization
[113.486s] Invoked command in '/home/chinchia120/autoware.ai/build/map_file' returned '0': CMAKE_PREFIX_PATH=/home/chinchia120/autoware.ai/install/lanelet2_extension:/home/chinchia120/autoware.ai/install/lanelet2_validation:/home/chinchia120/autoware.ai/install/lanelet2_routing:/home/chinchia120/autoware.ai/install/lanelet2_projection:/home/chinchia120/autoware.ai/install/lanelet2_traffic_rules:/home/chinchia120/autoware.ai/install/lanelet2_maps:/home/chinchia120/autoware.ai/install/lanelet2_io:/home/chinchia120/autoware.ai/install/vector_map:/home/chinchia120/autoware.ai/install/lanelet2_core:/home/chinchia120/autoware.ai/install/amathutils_lib:/home/chinchia120/autoware.ai/install/vector_map_msgs:/home/chinchia120/autoware.ai/install/autoware_msgs:/home/chinchia120/autoware.ai/install/autoware_lanelet2_msgs:/home/chinchia120/autoware.ai/install/autoware_build_flags:${CMAKE_PREFIX_PATH} LD_LIBRARY_PATH=/home/chinchia120/autoware.ai/install/lanelet2_extension/lib:/home/chinchia120/autoware.ai/install/lanelet2_validation/lib:/home/chinchia120/autoware.ai/install/lanelet2_routing/lib:/home/chinchia120/autoware.ai/install/lanelet2_projection/lib:/home/chinchia120/autoware.ai/install/lanelet2_traffic_rules/lib:/home/chinchia120/autoware.ai/install/lanelet2_io/lib:/home/chinchia120/autoware.ai/install/vector_map/lib:/home/chinchia120/autoware.ai/install/lanelet2_core/lib:/home/chinchia120/autoware.ai/install/amathutils_lib/lib:${LD_LIBRARY_PATH} PKG_CONFIG_PATH=/home/chinchia120/autoware.ai/install/lanelet2_extension/lib/x86_64-linux-gnu/pkgconfig:/home/chinchia120/autoware.ai/install/lanelet2_extension/lib/pkgconfig:/home/chinchia120/autoware.ai/install/lanelet2_validation/lib/x86_64-linux-gnu/pkgconfig:/home/chinchia120/autoware.ai/install/lanelet2_validation/lib/pkgconfig:/home/chinchia120/autoware.ai/install/lanelet2_routing/lib/x86_64-linux-gnu/pkgconfig:/home/chinchia120/autoware.ai/install/lanelet2_routing/lib/pkgconfig:/home/chinchia120/autoware.ai/install/lanelet2_projection/lib/x86_64-linux-gnu/pkgconfig:/home/chinchia120/autoware.ai/install/lanelet2_projection/lib/pkgconfig:/home/chinchia120/autoware.ai/install/lanelet2_traffic_rules/lib/x86_64-linux-gnu/pkgconfig:/home/chinchia120/autoware.ai/install/lanelet2_traffic_rules/lib/pkgconfig:/home/chinchia120/autoware.ai/install/lanelet2_maps/lib/x86_64-linux-gnu/pkgconfig:/home/chinchia120/autoware.ai/install/lanelet2_maps/lib/pkgconfig:/home/chinchia120/autoware.ai/install/lanelet2_io/lib/x86_64-linux-gnu/pkgconfig:/home/chinchia120/autoware.ai/install/lanelet2_io/lib/pkgconfig:/home/chinchia120/autoware.ai/install/vector_map/lib/x86_64-linux-gnu/pkgconfig:/home/chinchia120/autoware.ai/install/vector_map/lib/pkgconfig:/home/chinchia120/autoware.ai/install/lanelet2_core/lib/x86_64-linux-gnu/pkgconfig:/home/chinchia120/autoware.ai/install/lanelet2_core/lib/pkgconfig:/home/chinchia120/autoware.ai/install/amathutils_lib/lib/x86_64-linux-gnu/pkgconfig:/home/chinchia120/autoware.ai/install/amathutils_lib/lib/pkgconfig:/home/chinchia120/autoware.ai/install/vector_map_msgs/lib/x86_64-linux-gnu/pkgconfig:/home/chinchia120/autoware.ai/install/vector_map_msgs/lib/pkgconfig:/home/chinchia120/autoware.ai/install/autoware_msgs/lib/x86_64-linux-gnu/pkgconfig:/home/chinchia120/autoware.ai/install/autoware_msgs/lib/pkgconfig:/home/chinchia120/autoware.ai/install/autoware_lanelet2_msgs/lib/x86_64-linux-gnu/pkgconfig:/home/chinchia120/autoware.ai/install/autoware_lanelet2_msgs/lib/pkgconfig:/home/chinchia120/autoware.ai/install/autoware_build_flags/lib/x86_64-linux-gnu/pkgconfig:/home/chinchia120/autoware.ai/install/autoware_build_flags/lib/pkgconfig:${PKG_CONFIG_PATH} PYTHONPATH=/home/chinchia120/autoware.ai/install/vector_map_msgs/lib/python2.7/dist-packages:/home/chinchia120/autoware.ai/install/autoware_msgs/lib/python2.7/dist-packages:/home/chinchia120/autoware.ai/install/autoware_lanelet2_msgs/lib/python2.7/dist-packages:${PYTHONPATH} ROS_PACKAGE_PATH=/home/chinchia120/autoware.ai/install/lanelet2_extension/share:/home/chinchia120/autoware.ai/install/lanelet2_validation/share:/home/chinchia120/autoware.ai/install/lanelet2_routing/share:/home/chinchia120/autoware.ai/install/lanelet2_projection/share:/home/chinchia120/autoware.ai/install/lanelet2_traffic_rules/share:/home/chinchia120/autoware.ai/install/lanelet2_maps/share:/home/chinchia120/autoware.ai/install/lanelet2_io/share:/home/chinchia120/autoware.ai/install/vector_map/share:/home/chinchia120/autoware.ai/install/lanelet2_core/share:/home/chinchia120/autoware.ai/install/amathutils_lib/share:/home/chinchia120/autoware.ai/install/vector_map_msgs/share:/home/chinchia120/autoware.ai/install/autoware_msgs/share:/home/chinchia120/autoware.ai/install/autoware_lanelet2_msgs/share:/home/chinchia120/autoware.ai/install/autoware_build_flags/share:${ROS_PACKAGE_PATH} /usr/bin/cmake --build /home/chinchia120/autoware.ai/build/map_file -- -j4 -l4
[113.863s] Invoking command in '/home/chinchia120/autoware.ai/build/map_file': CMAKE_PREFIX_PATH=/home/chinchia120/autoware.ai/install/lanelet2_extension:/home/chinchia120/autoware.ai/install/lanelet2_validation:/home/chinchia120/autoware.ai/install/lanelet2_routing:/home/chinchia120/autoware.ai/install/lanelet2_projection:/home/chinchia120/autoware.ai/install/lanelet2_traffic_rules:/home/chinchia120/autoware.ai/install/lanelet2_maps:/home/chinchia120/autoware.ai/install/lanelet2_io:/home/chinchia120/autoware.ai/install/vector_map:/home/chinchia120/autoware.ai/install/lanelet2_core:/home/chinchia120/autoware.ai/install/amathutils_lib:/home/chinchia120/autoware.ai/install/vector_map_msgs:/home/chinchia120/autoware.ai/install/autoware_msgs:/home/chinchia120/autoware.ai/install/autoware_lanelet2_msgs:/home/chinchia120/autoware.ai/install/autoware_build_flags:${CMAKE_PREFIX_PATH} LD_LIBRARY_PATH=/home/chinchia120/autoware.ai/install/lanelet2_extension/lib:/home/chinchia120/autoware.ai/install/lanelet2_validation/lib:/home/chinchia120/autoware.ai/install/lanelet2_routing/lib:/home/chinchia120/autoware.ai/install/lanelet2_projection/lib:/home/chinchia120/autoware.ai/install/lanelet2_traffic_rules/lib:/home/chinchia120/autoware.ai/install/lanelet2_io/lib:/home/chinchia120/autoware.ai/install/vector_map/lib:/home/chinchia120/autoware.ai/install/lanelet2_core/lib:/home/chinchia120/autoware.ai/install/amathutils_lib/lib:${LD_LIBRARY_PATH} PKG_CONFIG_PATH=/home/chinchia120/autoware.ai/install/lanelet2_extension/lib/x86_64-linux-gnu/pkgconfig:/home/chinchia120/autoware.ai/install/lanelet2_extension/lib/pkgconfig:/home/chinchia120/autoware.ai/install/lanelet2_validation/lib/x86_64-linux-gnu/pkgconfig:/home/chinchia120/autoware.ai/install/lanelet2_validation/lib/pkgconfig:/home/chinchia120/autoware.ai/install/lanelet2_routing/lib/x86_64-linux-gnu/pkgconfig:/home/chinchia120/autoware.ai/install/lanelet2_routing/lib/pkgconfig:/home/chinchia120/autoware.ai/install/lanelet2_projection/lib/x86_64-linux-gnu/pkgconfig:/home/chinchia120/autoware.ai/install/lanelet2_projection/lib/pkgconfig:/home/chinchia120/autoware.ai/install/lanelet2_traffic_rules/lib/x86_64-linux-gnu/pkgconfig:/home/chinchia120/autoware.ai/install/lanelet2_traffic_rules/lib/pkgconfig:/home/chinchia120/autoware.ai/install/lanelet2_maps/lib/x86_64-linux-gnu/pkgconfig:/home/chinchia120/autoware.ai/install/lanelet2_maps/lib/pkgconfig:/home/chinchia120/autoware.ai/install/lanelet2_io/lib/x86_64-linux-gnu/pkgconfig:/home/chinchia120/autoware.ai/install/lanelet2_io/lib/pkgconfig:/home/chinchia120/autoware.ai/install/vector_map/lib/x86_64-linux-gnu/pkgconfig:/home/chinchia120/autoware.ai/install/vector_map/lib/pkgconfig:/home/chinchia120/autoware.ai/install/lanelet2_core/lib/x86_64-linux-gnu/pkgconfig:/home/chinchia120/autoware.ai/install/lanelet2_core/lib/pkgconfig:/home/chinchia120/autoware.ai/install/amathutils_lib/lib/x86_64-linux-gnu/pkgconfig:/home/chinchia120/autoware.ai/install/amathutils_lib/lib/pkgconfig:/home/chinchia120/autoware.ai/install/vector_map_msgs/lib/x86_64-linux-gnu/pkgconfig:/home/chinchia120/autoware.ai/install/vector_map_msgs/lib/pkgconfig:/home/chinchia120/autoware.ai/install/autoware_msgs/lib/x86_64-linux-gnu/pkgconfig:/home/chinchia120/autoware.ai/install/autoware_msgs/lib/pkgconfig:/home/chinchia120/autoware.ai/install/autoware_lanelet2_msgs/lib/x86_64-linux-gnu/pkgconfig:/home/chinchia120/autoware.ai/install/autoware_lanelet2_msgs/lib/pkgconfig:/home/chinchia120/autoware.ai/install/autoware_build_flags/lib/x86_64-linux-gnu/pkgconfig:/home/chinchia120/autoware.ai/install/autoware_build_flags/lib/pkgconfig:${PKG_CONFIG_PATH} PYTHONPATH=/home/chinchia120/autoware.ai/install/vector_map_msgs/lib/python2.7/dist-packages:/home/chinchia120/autoware.ai/install/autoware_msgs/lib/python2.7/dist-packages:/home/chinchia120/autoware.ai/install/autoware_lanelet2_msgs/lib/python2.7/dist-packages:${PYTHONPATH} ROS_PACKAGE_PATH=/home/chinchia120/autoware.ai/install/lanelet2_extension/share:/home/chinchia120/autoware.ai/install/lanelet2_validation/share:/home/chinchia120/autoware.ai/install/lanelet2_routing/share:/home/chinchia120/autoware.ai/install/lanelet2_projection/share:/home/chinchia120/autoware.ai/install/lanelet2_traffic_rules/share:/home/chinchia120/autoware.ai/install/lanelet2_maps/share:/home/chinchia120/autoware.ai/install/lanelet2_io/share:/home/chinchia120/autoware.ai/install/vector_map/share:/home/chinchia120/autoware.ai/install/lanelet2_core/share:/home/chinchia120/autoware.ai/install/amathutils_lib/share:/home/chinchia120/autoware.ai/install/vector_map_msgs/share:/home/chinchia120/autoware.ai/install/autoware_msgs/share:/home/chinchia120/autoware.ai/install/autoware_lanelet2_msgs/share:/home/chinchia120/autoware.ai/install/autoware_build_flags/share:${ROS_PACKAGE_PATH} /usr/bin/cmake --build /home/chinchia120/autoware.ai/build/map_file --target tests -- -j4 -l4
[114.036s] [35m[1mScanning dependencies of target tests[0m
[114.063s] Built target tests
[114.094s] Invoked command in '/home/chinchia120/autoware.ai/build/map_file' returned '0': CMAKE_PREFIX_PATH=/home/chinchia120/autoware.ai/install/lanelet2_extension:/home/chinchia120/autoware.ai/install/lanelet2_validation:/home/chinchia120/autoware.ai/install/lanelet2_routing:/home/chinchia120/autoware.ai/install/lanelet2_projection:/home/chinchia120/autoware.ai/install/lanelet2_traffic_rules:/home/chinchia120/autoware.ai/install/lanelet2_maps:/home/chinchia120/autoware.ai/install/lanelet2_io:/home/chinchia120/autoware.ai/install/vector_map:/home/chinchia120/autoware.ai/install/lanelet2_core:/home/chinchia120/autoware.ai/install/amathutils_lib:/home/chinchia120/autoware.ai/install/vector_map_msgs:/home/chinchia120/autoware.ai/install/autoware_msgs:/home/chinchia120/autoware.ai/install/autoware_lanelet2_msgs:/home/chinchia120/autoware.ai/install/autoware_build_flags:${CMAKE_PREFIX_PATH} LD_LIBRARY_PATH=/home/chinchia120/autoware.ai/install/lanelet2_extension/lib:/home/chinchia120/autoware.ai/install/lanelet2_validation/lib:/home/chinchia120/autoware.ai/install/lanelet2_routing/lib:/home/chinchia120/autoware.ai/install/lanelet2_projection/lib:/home/chinchia120/autoware.ai/install/lanelet2_traffic_rules/lib:/home/chinchia120/autoware.ai/install/lanelet2_io/lib:/home/chinchia120/autoware.ai/install/vector_map/lib:/home/chinchia120/autoware.ai/install/lanelet2_core/lib:/home/chinchia120/autoware.ai/install/amathutils_lib/lib:${LD_LIBRARY_PATH} PKG_CONFIG_PATH=/home/chinchia120/autoware.ai/install/lanelet2_extension/lib/x86_64-linux-gnu/pkgconfig:/home/chinchia120/autoware.ai/install/lanelet2_extension/lib/pkgconfig:/home/chinchia120/autoware.ai/install/lanelet2_validation/lib/x86_64-linux-gnu/pkgconfig:/home/chinchia120/autoware.ai/install/lanelet2_validation/lib/pkgconfig:/home/chinchia120/autoware.ai/install/lanelet2_routing/lib/x86_64-linux-gnu/pkgconfig:/home/chinchia120/autoware.ai/install/lanelet2_routing/lib/pkgconfig:/home/chinchia120/autoware.ai/install/lanelet2_projection/lib/x86_64-linux-gnu/pkgconfig:/home/chinchia120/autoware.ai/install/lanelet2_projection/lib/pkgconfig:/home/chinchia120/autoware.ai/install/lanelet2_traffic_rules/lib/x86_64-linux-gnu/pkgconfig:/home/chinchia120/autoware.ai/install/lanelet2_traffic_rules/lib/pkgconfig:/home/chinchia120/autoware.ai/install/lanelet2_maps/lib/x86_64-linux-gnu/pkgconfig:/home/chinchia120/autoware.ai/install/lanelet2_maps/lib/pkgconfig:/home/chinchia120/autoware.ai/install/lanelet2_io/lib/x86_64-linux-gnu/pkgconfig:/home/chinchia120/autoware.ai/install/lanelet2_io/lib/pkgconfig:/home/chinchia120/autoware.ai/install/vector_map/lib/x86_64-linux-gnu/pkgconfig:/home/chinchia120/autoware.ai/install/vector_map/lib/pkgconfig:/home/chinchia120/autoware.ai/install/lanelet2_core/lib/x86_64-linux-gnu/pkgconfig:/home/chinchia120/autoware.ai/install/lanelet2_core/lib/pkgconfig:/home/chinchia120/autoware.ai/install/amathutils_lib/lib/x86_64-linux-gnu/pkgconfig:/home/chinchia120/autoware.ai/install/amathutils_lib/lib/pkgconfig:/home/chinchia120/autoware.ai/install/vector_map_msgs/lib/x86_64-linux-gnu/pkgconfig:/home/chinchia120/autoware.ai/install/vector_map_msgs/lib/pkgconfig:/home/chinchia120/autoware.ai/install/autoware_msgs/lib/x86_64-linux-gnu/pkgconfig:/home/chinchia120/autoware.ai/install/autoware_msgs/lib/pkgconfig:/home/chinchia120/autoware.ai/install/autoware_lanelet2_msgs/lib/x86_64-linux-gnu/pkgconfig:/home/chinchia120/autoware.ai/install/autoware_lanelet2_msgs/lib/pkgconfig:/home/chinchia120/autoware.ai/install/autoware_build_flags/lib/x86_64-linux-gnu/pkgconfig:/home/chinchia120/autoware.ai/install/autoware_build_flags/lib/pkgconfig:${PKG_CONFIG_PATH} PYTHONPATH=/home/chinchia120/autoware.ai/install/vector_map_msgs/lib/python2.7/dist-packages:/home/chinchia120/autoware.ai/install/autoware_msgs/lib/python2.7/dist-packages:/home/chinchia120/autoware.ai/install/autoware_lanelet2_msgs/lib/python2.7/dist-packages:${PYTHONPATH} ROS_PACKAGE_PATH=/home/chinchia120/autoware.ai/install/lanelet2_extension/share:/home/chinchia120/autoware.ai/install/lanelet2_validation/share:/home/chinchia120/autoware.ai/install/lanelet2_routing/share:/home/chinchia120/autoware.ai/install/lanelet2_projection/share:/home/chinchia120/autoware.ai/install/lanelet2_traffic_rules/share:/home/chinchia120/autoware.ai/install/lanelet2_maps/share:/home/chinchia120/autoware.ai/install/lanelet2_io/share:/home/chinchia120/autoware.ai/install/vector_map/share:/home/chinchia120/autoware.ai/install/lanelet2_core/share:/home/chinchia120/autoware.ai/install/amathutils_lib/share:/home/chinchia120/autoware.ai/install/vector_map_msgs/share:/home/chinchia120/autoware.ai/install/autoware_msgs/share:/home/chinchia120/autoware.ai/install/autoware_lanelet2_msgs/share:/home/chinchia120/autoware.ai/install/autoware_build_flags/share:${ROS_PACKAGE_PATH} /usr/bin/cmake --build /home/chinchia120/autoware.ai/build/map_file --target tests -- -j4 -l4
[114.538s] Invoking command in '/home/chinchia120/autoware.ai/build/map_file': CMAKE_PREFIX_PATH=/home/chinchia120/autoware.ai/install/lanelet2_extension:/home/chinchia120/autoware.ai/install/lanelet2_validation:/home/chinchia120/autoware.ai/install/lanelet2_routing:/home/chinchia120/autoware.ai/install/lanelet2_projection:/home/chinchia120/autoware.ai/install/lanelet2_traffic_rules:/home/chinchia120/autoware.ai/install/lanelet2_maps:/home/chinchia120/autoware.ai/install/lanelet2_io:/home/chinchia120/autoware.ai/install/vector_map:/home/chinchia120/autoware.ai/install/lanelet2_core:/home/chinchia120/autoware.ai/install/amathutils_lib:/home/chinchia120/autoware.ai/install/vector_map_msgs:/home/chinchia120/autoware.ai/install/autoware_msgs:/home/chinchia120/autoware.ai/install/autoware_lanelet2_msgs:/home/chinchia120/autoware.ai/install/autoware_build_flags:${CMAKE_PREFIX_PATH} LD_LIBRARY_PATH=/home/chinchia120/autoware.ai/install/lanelet2_extension/lib:/home/chinchia120/autoware.ai/install/lanelet2_validation/lib:/home/chinchia120/autoware.ai/install/lanelet2_routing/lib:/home/chinchia120/autoware.ai/install/lanelet2_projection/lib:/home/chinchia120/autoware.ai/install/lanelet2_traffic_rules/lib:/home/chinchia120/autoware.ai/install/lanelet2_io/lib:/home/chinchia120/autoware.ai/install/vector_map/lib:/home/chinchia120/autoware.ai/install/lanelet2_core/lib:/home/chinchia120/autoware.ai/install/amathutils_lib/lib:${LD_LIBRARY_PATH} PKG_CONFIG_PATH=/home/chinchia120/autoware.ai/install/lanelet2_extension/lib/x86_64-linux-gnu/pkgconfig:/home/chinchia120/autoware.ai/install/lanelet2_extension/lib/pkgconfig:/home/chinchia120/autoware.ai/install/lanelet2_validation/lib/x86_64-linux-gnu/pkgconfig:/home/chinchia120/autoware.ai/install/lanelet2_validation/lib/pkgconfig:/home/chinchia120/autoware.ai/install/lanelet2_routing/lib/x86_64-linux-gnu/pkgconfig:/home/chinchia120/autoware.ai/install/lanelet2_routing/lib/pkgconfig:/home/chinchia120/autoware.ai/install/lanelet2_projection/lib/x86_64-linux-gnu/pkgconfig:/home/chinchia120/autoware.ai/install/lanelet2_projection/lib/pkgconfig:/home/chinchia120/autoware.ai/install/lanelet2_traffic_rules/lib/x86_64-linux-gnu/pkgconfig:/home/chinchia120/autoware.ai/install/lanelet2_traffic_rules/lib/pkgconfig:/home/chinchia120/autoware.ai/install/lanelet2_maps/lib/x86_64-linux-gnu/pkgconfig:/home/chinchia120/autoware.ai/install/lanelet2_maps/lib/pkgconfig:/home/chinchia120/autoware.ai/install/lanelet2_io/lib/x86_64-linux-gnu/pkgconfig:/home/chinchia120/autoware.ai/install/lanelet2_io/lib/pkgconfig:/home/chinchia120/autoware.ai/install/vector_map/lib/x86_64-linux-gnu/pkgconfig:/home/chinchia120/autoware.ai/install/vector_map/lib/pkgconfig:/home/chinchia120/autoware.ai/install/lanelet2_core/lib/x86_64-linux-gnu/pkgconfig:/home/chinchia120/autoware.ai/install/lanelet2_core/lib/pkgconfig:/home/chinchia120/autoware.ai/install/amathutils_lib/lib/x86_64-linux-gnu/pkgconfig:/home/chinchia120/autoware.ai/install/amathutils_lib/lib/pkgconfig:/home/chinchia120/autoware.ai/install/vector_map_msgs/lib/x86_64-linux-gnu/pkgconfig:/home/chinchia120/autoware.ai/install/vector_map_msgs/lib/pkgconfig:/home/chinchia120/autoware.ai/install/autoware_msgs/lib/x86_64-linux-gnu/pkgconfig:/home/chinchia120/autoware.ai/install/autoware_msgs/lib/pkgconfig:/home/chinchia120/autoware.ai/install/autoware_lanelet2_msgs/lib/x86_64-linux-gnu/pkgconfig:/home/chinchia120/autoware.ai/install/autoware_lanelet2_msgs/lib/pkgconfig:/home/chinchia120/autoware.ai/install/autoware_build_flags/lib/x86_64-linux-gnu/pkgconfig:/home/chinchia120/autoware.ai/install/autoware_build_flags/lib/pkgconfig:${PKG_CONFIG_PATH} PYTHONPATH=/home/chinchia120/autoware.ai/install/vector_map_msgs/lib/python2.7/dist-packages:/home/chinchia120/autoware.ai/install/autoware_msgs/lib/python2.7/dist-packages:/home/chinchia120/autoware.ai/install/autoware_lanelet2_msgs/lib/python2.7/dist-packages:${PYTHONPATH} ROS_PACKAGE_PATH=/home/chinchia120/autoware.ai/install/lanelet2_extension/share:/home/chinchia120/autoware.ai/install/lanelet2_validation/share:/home/chinchia120/autoware.ai/install/lanelet2_routing/share:/home/chinchia120/autoware.ai/install/lanelet2_projection/share:/home/chinchia120/autoware.ai/install/lanelet2_traffic_rules/share:/home/chinchia120/autoware.ai/install/lanelet2_maps/share:/home/chinchia120/autoware.ai/install/lanelet2_io/share:/home/chinchia120/autoware.ai/install/vector_map/share:/home/chinchia120/autoware.ai/install/lanelet2_core/share:/home/chinchia120/autoware.ai/install/amathutils_lib/share:/home/chinchia120/autoware.ai/install/vector_map_msgs/share:/home/chinchia120/autoware.ai/install/autoware_msgs/share:/home/chinchia120/autoware.ai/install/autoware_lanelet2_msgs/share:/home/chinchia120/autoware.ai/install/autoware_build_flags/share:${ROS_PACKAGE_PATH} /usr/bin/cmake --build /home/chinchia120/autoware.ai/build/map_file --target install -- -j4 -l4
[114.688s] [  0%] Built target visualization_msgs_generate_messages_cpp
[114.752s] [  0%] Built target vector_map_msgs_generate_messages_eus
[114.820s] [  0%] Built target vector_map_msgs_generate_messages_cpp
[114.872s] [  0%] Built target topic_tools_generate_messages_nodejs
[114.928s] [  0%] Built target topic_tools_generate_messages_eus
[114.994s] [  0%] Built target topic_tools_generate_messages_cpp
[115.044s] [  0%] Built target std_srvs_generate_messages_py
[115.096s] [  0%] Built target std_srvs_generate_messages_nodejs
[115.159s] [  0%] Built target vector_map_msgs_generate_messages_nodejs
[115.234s] [  0%] Built target bond_generate_messages_py
[115.287s] [  0%] Built target bond_generate_messages_nodejs
[115.352s] [  0%] Built target bond_generate_messages_lisp
[115.412s] [  0%] Built target bond_generate_messages_eus
[115.463s] [  0%] Built target bond_generate_messages_cpp
[115.512s] [  0%] Built target nodelet_generate_messages_nodejs
[115.573s] [  0%] Built target nodelet_generate_messages_eus
[115.628s] [  0%] Built target nodelet_generate_messages_cpp
[115.691s] [  0%] Built target dynamic_reconfigure_generate_messages_py
[115.752s] [  0%] Built target dynamic_reconfigure_generate_messages_nodejs
[115.798s] [  0%] Built target dynamic_reconfigure_generate_messages_lisp
[115.855s] [  0%] Built target dynamic_reconfigure_generate_messages_eus
[115.906s] [  0%] Built target pcl_ros_gencfg
[115.958s] [  0%] Built target visualization_msgs_generate_messages_py
[116.008s] [  0%] Built target visualization_msgs_generate_messages_nodejs
[116.059s] [  0%] Built target geometry_msgs_generate_messages_py
[116.111s] [  0%] Built target sensor_msgs_generate_messages_nodejs
[116.166s] [  0%] Built target roscpp_generate_messages_cpp
[116.231s] [  0%] Built target actionlib_generate_messages_cpp
[116.293s] [  0%] Built target pcl_msgs_generate_messages_eus
[116.344s] [  0%] Built target rosgraph_msgs_generate_messages_eus
[116.411s] [  0%] Built target jsk_recognition_msgs_generate_messages_lisp
[116.473s] [  0%] Built target jsk_recognition_msgs_generate_messages_eus
[116.537s] [  0%] Built target tf2_msgs_generate_messages_cpp
[116.600s] [  0%] Built target std_msgs_generate_messages_py
[116.657s] [  0%] Built target nodelet_generate_messages_lisp
[116.724s] [  0%] Built target autoware_msgs_generate_messages_py
[116.791s] [  0%] Built target std_msgs_generate_messages_nodejs
[116.842s] [  0%] Built target sensor_msgs_generate_messages_eus
[116.896s] [  0%] Built target std_srvs_generate_messages_lisp
[116.947s] [  0%] Built target _catkin_empty_exported_target
[116.999s] [  0%] Built target sensor_msgs_generate_messages_cpp
[117.057s] [  0%] Built target autoware_msgs_generate_messages_cpp
[117.112s] [  0%] Built target rosgraph_msgs_generate_messages_cpp
[117.172s] [  0%] Built target pcl_msgs_generate_messages_nodejs
[117.230s] [  0%] Built target jsk_recognition_msgs_generate_messages_py
[117.287s] [  0%] Built target std_srvs_generate_messages_cpp
[117.343s] [  0%] Built target sensor_msgs_generate_messages_lisp
[117.395s] [  0%] Built target nodelet_generate_messages_py
[117.445s] [  0%] Built target sensor_msgs_generate_messages_py
[117.509s] [  0%] Built target dynamic_reconfigure_generate_messages_cpp
[117.566s] [  0%] Built target tf_generate_messages_py
[117.618s] [  0%] Built target std_msgs_generate_messages_cpp
[117.680s] [  0%] Built target jsk_footstep_msgs_generate_messages_py
[117.743s] [  0%] Built target topic_tools_generate_messages_py
[117.803s] [  0%] Built target nodelet_topic_tools_gencfg
[117.860s] [  0%] Built target actionlib_msgs_generate_messages_nodejs
[117.926s] [  0%] Built target geometry_msgs_generate_messages_eus
[117.976s] [  0%] Built target std_msgs_generate_messages_lisp
[118.030s] [  0%] Built target roscpp_generate_messages_nodejs
[118.088s] [  0%] Built target geometry_msgs_generate_messages_nodejs
[118.154s] [  0%] Built target geometry_msgs_generate_messages_lisp
[118.210s] [  0%] Built target pcl_msgs_generate_messages_cpp
[118.266s] [  0%] Built target topic_tools_generate_messages_lisp
[118.328s] [  0%] Built target jsk_recognition_msgs_generate_messages_cpp
[118.383s] [  0%] Built target autoware_msgs_generate_messages_eus
[118.435s] [  0%] Built target autoware_msgs_generate_messages_lisp
[118.494s] [  0%] Built target visualization_msgs_generate_messages_lisp
[118.558s] [  0%] Built target std_msgs_generate_messages_eus
[118.623s] [  0%] Built target autoware_msgs_generate_messages_nodejs
[118.687s] [  0%] Built target jsk_footstep_msgs_generate_messages_eus
[118.754s] [  0%] Built target actionlib_msgs_generate_messages_py
[118.816s] [  0%] Built target jsk_footstep_msgs_generate_messages_lisp
[118.874s] [  0%] Built target jsk_footstep_msgs_generate_messages_nodejs
[118.941s] [  0%] Built target actionlib_msgs_generate_messages_lisp
[118.988s] [  0%] Built target jsk_footstep_msgs_generate_messages_cpp
[119.044s] [  0%] Built target actionlib_msgs_generate_messages_cpp
[119.097s] [  0%] Built target tf_generate_messages_eus
[119.154s] [  0%] Built target tf_generate_messages_lisp
[119.217s] [  0%] Built target tf_generate_messages_nodejs
[119.283s] [  0%] Built target autoware_lanelet2_msgs_generate_messages_cpp
[119.337s] [  0%] Built target std_srvs_generate_messages_eus
[119.389s] [  0%] Built target jsk_recognition_msgs_generate_messages_nodejs
[119.451s] [  0%] Built target autoware_lanelet2_msgs_generate_messages_py
[119.511s] [  0%] Built target roscpp_generate_messages_lisp
[119.573s] [  0%] Built target rosgraph_msgs_generate_messages_lisp
[119.633s] [  0%] Built target rosgraph_msgs_generate_messages_nodejs
[119.693s] [  0%] Built target roscpp_generate_messages_eus
[119.754s] [  0%] Built target actionlib_msgs_generate_messages_eus
[119.819s] [  0%] Built target rosgraph_msgs_generate_messages_py
[119.877s] [  0%] Built target pcl_msgs_generate_messages_py
[119.939s] [  0%] Built target actionlib_generate_messages_eus
[119.987s] [  0%] Built target geometry_msgs_generate_messages_cpp
[120.047s] [  0%] Built target actionlib_generate_messages_lisp
[120.101s] [  0%] Built target pcl_msgs_generate_messages_lisp
[120.158s] [  0%] Built target tf_generate_messages_cpp
[120.222s] [  0%] Built target actionlib_generate_messages_nodejs
[120.290s] [  0%] Built target dynamic_reconfigure_gencfg
[120.351s] [  0%] Built target tf2_msgs_generate_messages_lisp
[120.422s] [  0%] Built target actionlib_generate_messages_py
[120.481s] [  0%] Built target tf2_msgs_generate_messages_py
[120.529s] [  0%] Built target autoware_lanelet2_msgs_generate_messages_eus
[120.589s] [  0%] Built target tf2_msgs_generate_messages_nodejs
[120.645s] [  0%] Built target autoware_lanelet2_msgs_generate_messages_lisp
[120.714s] [  0%] Built target roscpp_generate_messages_py
[120.776s] [  0%] Built target autoware_lanelet2_msgs_generate_messages_nodejs
[120.834s] [  0%] Built target visualization_msgs_generate_messages_eus
[120.885s] [  0%] Built target tf2_msgs_generate_messages_eus
[120.954s] [ 15%] Built target get_file
[121.016s] [ 15%] Built target vector_map_msgs_generate_messages_lisp
[121.073s] [ 15%] Built target vector_map_msgs_generate_messages_py
[121.192s] [ 38%] Built target points_map_filter
[121.297s] [ 53%] Built target points_map_loader
[121.378s] [ 69%] Built target vector_map_loader
[121.470s] [ 84%] Built target lanelet2_map_loader
[121.559s] [100%] Built target lanelet2_map_visualization
[121.625s] [36mInstall the project...[0m
[121.645s] -- Install configuration: "Release"
[121.645s] -- Installing: /home/chinchia120/autoware.ai/install/map_file/lib/pkgconfig/map_file.pc
[121.645s] -- Installing: /home/chinchia120/autoware.ai/install/map_file/share/map_file/cmake/map_fileConfig.cmake
[121.646s] -- Installing: /home/chinchia120/autoware.ai/install/map_file/share/map_file/cmake/map_fileConfig-version.cmake
[121.646s] -- Installing: /home/chinchia120/autoware.ai/install/map_file/share/map_file/package.xml
[121.646s] -- Installing: /home/chinchia120/autoware.ai/install/map_file/lib/libget_file.so
[121.646s] -- Installing: /home/chinchia120/autoware.ai/install/map_file/lib/map_file/points_map_loader
[121.648s] -- Set runtime path of "/home/chinchia120/autoware.ai/install/map_file/lib/map_file/points_map_loader" to ""
[121.649s] -- Installing: /home/chinchia120/autoware.ai/install/map_file/lib/map_file/vector_map_loader
[121.651s] -- Set runtime path of "/home/chinchia120/autoware.ai/install/map_file/lib/map_file/vector_map_loader" to ""
[121.651s] -- Installing: /home/chinchia120/autoware.ai/install/map_file/lib/map_file/lanelet2_map_loader
[121.652s] -- Set runtime path of "/home/chinchia120/autoware.ai/install/map_file/lib/map_file/lanelet2_map_loader" to ""
[121.652s] -- Installing: /home/chinchia120/autoware.ai/install/map_file/lib/map_file/lanelet2_map_visualization
[121.653s] -- Set runtime path of "/home/chinchia120/autoware.ai/install/map_file/lib/map_file/lanelet2_map_visualization" to ""
[121.654s] -- Installing: /home/chinchia120/autoware.ai/install/map_file/lib/map_file/points_map_filter
[121.656s] -- Set runtime path of "/home/chinchia120/autoware.ai/install/map_file/lib/map_file/points_map_filter" to ""
[121.656s] -- Installing: /home/chinchia120/autoware.ai/install/map_file/include/map_file
[121.656s] -- Installing: /home/chinchia120/autoware.ai/install/map_file/include/map_file/points_map_filter.h
[121.657s] -- Installing: /home/chinchia120/autoware.ai/install/map_file/include/map_file/get_file.h
[121.657s] -- Installing: /home/chinchia120/autoware.ai/install/map_file/share/map_file/launch
[121.661s] -- Installing: /home/chinchia120/autoware.ai/install/map_file/share/map_file/launch/points_map_loader.launch
[121.664s] -- Installing: /home/chinchia120/autoware.ai/install/map_file/share/map_file/launch/map_filter.launch
[121.664s] -- Installing: /home/chinchia120/autoware.ai/install/map_file/share/map_file/launch/lanelet2_map_loader.launch
[121.665s] -- Installing: /home/chinchia120/autoware.ai/install/map_file/share/map_file/launch/vector_map_loader.launch
[121.666s] -- Installing: /home/chinchia120/autoware.ai/install/map_file/share/map_file/launch/map_downloader.launch
[121.673s] Invoked command in '/home/chinchia120/autoware.ai/build/map_file' returned '0': CMAKE_PREFIX_PATH=/home/chinchia120/autoware.ai/install/lanelet2_extension:/home/chinchia120/autoware.ai/install/lanelet2_validation:/home/chinchia120/autoware.ai/install/lanelet2_routing:/home/chinchia120/autoware.ai/install/lanelet2_projection:/home/chinchia120/autoware.ai/install/lanelet2_traffic_rules:/home/chinchia120/autoware.ai/install/lanelet2_maps:/home/chinchia120/autoware.ai/install/lanelet2_io:/home/chinchia120/autoware.ai/install/vector_map:/home/chinchia120/autoware.ai/install/lanelet2_core:/home/chinchia120/autoware.ai/install/amathutils_lib:/home/chinchia120/autoware.ai/install/vector_map_msgs:/home/chinchia120/autoware.ai/install/autoware_msgs:/home/chinchia120/autoware.ai/install/autoware_lanelet2_msgs:/home/chinchia120/autoware.ai/install/autoware_build_flags:${CMAKE_PREFIX_PATH} LD_LIBRARY_PATH=/home/chinchia120/autoware.ai/install/lanelet2_extension/lib:/home/chinchia120/autoware.ai/install/lanelet2_validation/lib:/home/chinchia120/autoware.ai/install/lanelet2_routing/lib:/home/chinchia120/autoware.ai/install/lanelet2_projection/lib:/home/chinchia120/autoware.ai/install/lanelet2_traffic_rules/lib:/home/chinchia120/autoware.ai/install/lanelet2_io/lib:/home/chinchia120/autoware.ai/install/vector_map/lib:/home/chinchia120/autoware.ai/install/lanelet2_core/lib:/home/chinchia120/autoware.ai/install/amathutils_lib/lib:${LD_LIBRARY_PATH} PKG_CONFIG_PATH=/home/chinchia120/autoware.ai/install/lanelet2_extension/lib/x86_64-linux-gnu/pkgconfig:/home/chinchia120/autoware.ai/install/lanelet2_extension/lib/pkgconfig:/home/chinchia120/autoware.ai/install/lanelet2_validation/lib/x86_64-linux-gnu/pkgconfig:/home/chinchia120/autoware.ai/install/lanelet2_validation/lib/pkgconfig:/home/chinchia120/autoware.ai/install/lanelet2_routing/lib/x86_64-linux-gnu/pkgconfig:/home/chinchia120/autoware.ai/install/lanelet2_routing/lib/pkgconfig:/home/chinchia120/autoware.ai/install/lanelet2_projection/lib/x86_64-linux-gnu/pkgconfig:/home/chinchia120/autoware.ai/install/lanelet2_projection/lib/pkgconfig:/home/chinchia120/autoware.ai/install/lanelet2_traffic_rules/lib/x86_64-linux-gnu/pkgconfig:/home/chinchia120/autoware.ai/install/lanelet2_traffic_rules/lib/pkgconfig:/home/chinchia120/autoware.ai/install/lanelet2_maps/lib/x86_64-linux-gnu/pkgconfig:/home/chinchia120/autoware.ai/install/lanelet2_maps/lib/pkgconfig:/home/chinchia120/autoware.ai/install/lanelet2_io/lib/x86_64-linux-gnu/pkgconfig:/home/chinchia120/autoware.ai/install/lanelet2_io/lib/pkgconfig:/home/chinchia120/autoware.ai/install/vector_map/lib/x86_64-linux-gnu/pkgconfig:/home/chinchia120/autoware.ai/install/vector_map/lib/pkgconfig:/home/chinchia120/autoware.ai/install/lanelet2_core/lib/x86_64-linux-gnu/pkgconfig:/home/chinchia120/autoware.ai/install/lanelet2_core/lib/pkgconfig:/home/chinchia120/autoware.ai/install/amathutils_lib/lib/x86_64-linux-gnu/pkgconfig:/home/chinchia120/autoware.ai/install/amathutils_lib/lib/pkgconfig:/home/chinchia120/autoware.ai/install/vector_map_msgs/lib/x86_64-linux-gnu/pkgconfig:/home/chinchia120/autoware.ai/install/vector_map_msgs/lib/pkgconfig:/home/chinchia120/autoware.ai/install/autoware_msgs/lib/x86_64-linux-gnu/pkgconfig:/home/chinchia120/autoware.ai/install/autoware_msgs/lib/pkgconfig:/home/chinchia120/autoware.ai/install/autoware_lanelet2_msgs/lib/x86_64-linux-gnu/pkgconfig:/home/chinchia120/autoware.ai/install/autoware_lanelet2_msgs/lib/pkgconfig:/home/chinchia120/autoware.ai/install/autoware_build_flags/lib/x86_64-linux-gnu/pkgconfig:/home/chinchia120/autoware.ai/install/autoware_build_flags/lib/pkgconfig:${PKG_CONFIG_PATH} PYTHONPATH=/home/chinchia120/autoware.ai/install/vector_map_msgs/lib/python2.7/dist-packages:/home/chinchia120/autoware.ai/install/autoware_msgs/lib/python2.7/dist-packages:/home/chinchia120/autoware.ai/install/autoware_lanelet2_msgs/lib/python2.7/dist-packages:${PYTHONPATH} ROS_PACKAGE_PATH=/home/chinchia120/autoware.ai/install/lanelet2_extension/share:/home/chinchia120/autoware.ai/install/lanelet2_validation/share:/home/chinchia120/autoware.ai/install/lanelet2_routing/share:/home/chinchia120/autoware.ai/install/lanelet2_projection/share:/home/chinchia120/autoware.ai/install/lanelet2_traffic_rules/share:/home/chinchia120/autoware.ai/install/lanelet2_maps/share:/home/chinchia120/autoware.ai/install/lanelet2_io/share:/home/chinchia120/autoware.ai/install/vector_map/share:/home/chinchia120/autoware.ai/install/lanelet2_core/share:/home/chinchia120/autoware.ai/install/amathutils_lib/share:/home/chinchia120/autoware.ai/install/vector_map_msgs/share:/home/chinchia120/autoware.ai/install/autoware_msgs/share:/home/chinchia120/autoware.ai/install/autoware_lanelet2_msgs/share:/home/chinchia120/autoware.ai/install/autoware_build_flags/share:${ROS_PACKAGE_PATH} /usr/bin/cmake --build /home/chinchia120/autoware.ai/build/map_file --target install -- -j4 -l4
