[0.066s] Invoking command in '/home/chinchia120/autoware.ai/build/vlg22c_cam': CMAKE_PREFIX_PATH=/home/chinchia120/autoware.ai/install/autoware_build_flags:${CMAKE_PREFIX_PATH} PKG_CONFIG_PATH=/home/chinchia120/autoware.ai/install/autoware_build_flags/lib/x86_64-linux-gnu/pkgconfig:/home/chinchia120/autoware.ai/install/autoware_build_flags/lib/pkgconfig:${PKG_CONFIG_PATH} ROS_PACKAGE_PATH=/home/chinchia120/autoware.ai/install/autoware_build_flags/share:${ROS_PACKAGE_PATH} /usr/bin/cmake /home/chinchia120/autoware.ai/src/drivers/awf_drivers/baumer -DCMAKE_BUILD_TYPE=Release -DCATKIN_INSTALL_INTO_PREFIX_ROOT=0 -DCMAKE_INSTALL_PREFIX=/home/chinchia120/autoware.ai/install/vlg22c_cam
[0.229s] -- The C compiler identification is GNU 7.5.0
[0.369s] -- The CXX compiler identification is GNU 7.5.0
[0.379s] -- Check for working C compiler: /usr/bin/cc
[0.573s] -- Check for working C compiler: /usr/bin/cc -- works
[0.574s] -- Detecting C compiler ABI info
[0.825s] -- Detecting C compiler ABI info - done
[0.857s] -- Detecting C compile features
[1.508s] -- Detecting C compile features - done
[1.510s] -- Check for working CXX compiler: /usr/bin/c++
[1.727s] -- Check for working CXX compiler: /usr/bin/c++ -- works
[1.728s] -- Detecting CXX compiler ABI info
[1.993s] -- Detecting CXX compiler ABI info - done
[2.006s] -- Detecting CXX compile features
[2.945s] -- Detecting CXX compile features - done
[2.949s] -- CUDA compilation status: 1.
[2.953s] -- Using CATKIN_DEVEL_PREFIX: /home/chinchia120/autoware.ai/build/vlg22c_cam/devel
[2.954s] -- Using CMAKE_PREFIX_PATH: /home/chinchia120/autoware.ai/install/autoware_build_flags;/home/chinchia120/catkin_ws/devel;/opt/ros/melodic
[2.955s] -- This workspace overlays: /home/chinchia120/autoware.ai/install/autoware_build_flags;/home/chinchia120/catkin_ws/devel;/opt/ros/melodic
[2.988s] -- Found PythonInterp: /usr/bin/python2 (found suitable version "2.7.17", minimum required is "2") 
[2.989s] -- Using PYTHON_EXECUTABLE: /usr/bin/python2
[2.989s] -- Using Debian Python package layout
[2.990s] -- Using empy: /usr/bin/empy
[3.319s] -- Using CATKIN_ENABLE_TESTING: ON
[3.320s] -- Call enable_testing()
[3.338s] -- Using CATKIN_TEST_RESULTS_DIR: /home/chinchia120/autoware.ai/build/vlg22c_cam/test_results
[3.378s] -- Found gtest sources under '/usr/src/googletest': gtests will be built
[3.378s] -- Found gmock sources under '/usr/src/googletest': gmock will be built
[3.413s] -- Found PythonInterp: /usr/bin/python2 (found version "2.7.17") 
[3.413s] -- Looking for pthread.h
[3.605s] -- Looking for pthread.h - found
[3.609s] -- Looking for pthread_create
[3.813s] -- Looking for pthread_create - not found
[3.813s] -- Looking for pthread_create in pthreads
[3.993s] -- Looking for pthread_create in pthreads - not found
[3.993s] -- Looking for pthread_create in pthread
[4.189s] -- Looking for pthread_create in pthread - found
[4.189s] -- Found Threads: TRUE  
[4.192s] -- Using Python nosetests: /usr/bin/nosetests-2.7
[4.286s] -- catkin 0.7.29
[4.287s] -- BUILD_SHARED_LIBS is on
[5.061s] -- Found PkgConfig: /usr/bin/pkg-config (found version "0.29.1") 
[5.093s] -- Found OpenCV: /usr (found version "3.2.0") 
[5.482s] 'BGGAPI' is not installed. 'vlg22c_cam' will not be built.
[5.486s] -- Configuring done
[5.557s] -- Generating done
[5.572s] -- Build files have been written to: /home/chinchia120/autoware.ai/build/vlg22c_cam
[5.580s] Invoked command in '/home/chinchia120/autoware.ai/build/vlg22c_cam' returned '0': CMAKE_PREFIX_PATH=/home/chinchia120/autoware.ai/install/autoware_build_flags:${CMAKE_PREFIX_PATH} PKG_CONFIG_PATH=/home/chinchia120/autoware.ai/install/autoware_build_flags/lib/x86_64-linux-gnu/pkgconfig:/home/chinchia120/autoware.ai/install/autoware_build_flags/lib/pkgconfig:${PKG_CONFIG_PATH} ROS_PACKAGE_PATH=/home/chinchia120/autoware.ai/install/autoware_build_flags/share:${ROS_PACKAGE_PATH} /usr/bin/cmake /home/chinchia120/autoware.ai/src/drivers/awf_drivers/baumer -DCMAKE_BUILD_TYPE=Release -DCATKIN_INSTALL_INTO_PREFIX_ROOT=0 -DCMAKE_INSTALL_PREFIX=/home/chinchia120/autoware.ai/install/vlg22c_cam
[5.587s] Invoking command in '/home/chinchia120/autoware.ai/build/vlg22c_cam': CMAKE_PREFIX_PATH=/home/chinchia120/autoware.ai/install/autoware_build_flags:${CMAKE_PREFIX_PATH} PKG_CONFIG_PATH=/home/chinchia120/autoware.ai/install/autoware_build_flags/lib/x86_64-linux-gnu/pkgconfig:/home/chinchia120/autoware.ai/install/autoware_build_flags/lib/pkgconfig:${PKG_CONFIG_PATH} ROS_PACKAGE_PATH=/home/chinchia120/autoware.ai/install/autoware_build_flags/share:${ROS_PACKAGE_PATH} /usr/bin/cmake --build /home/chinchia120/autoware.ai/build/vlg22c_cam -- -j4 -l4
[5.696s] Invoked command in '/home/chinchia120/autoware.ai/build/vlg22c_cam' returned '0': CMAKE_PREFIX_PATH=/home/chinchia120/autoware.ai/install/autoware_build_flags:${CMAKE_PREFIX_PATH} PKG_CONFIG_PATH=/home/chinchia120/autoware.ai/install/autoware_build_flags/lib/x86_64-linux-gnu/pkgconfig:/home/chinchia120/autoware.ai/install/autoware_build_flags/lib/pkgconfig:${PKG_CONFIG_PATH} ROS_PACKAGE_PATH=/home/chinchia120/autoware.ai/install/autoware_build_flags/share:${ROS_PACKAGE_PATH} /usr/bin/cmake --build /home/chinchia120/autoware.ai/build/vlg22c_cam -- -j4 -l4
[5.995s] Invoking command in '/home/chinchia120/autoware.ai/build/vlg22c_cam': CMAKE_PREFIX_PATH=/home/chinchia120/autoware.ai/install/autoware_build_flags:${CMAKE_PREFIX_PATH} PKG_CONFIG_PATH=/home/chinchia120/autoware.ai/install/autoware_build_flags/lib/x86_64-linux-gnu/pkgconfig:/home/chinchia120/autoware.ai/install/autoware_build_flags/lib/pkgconfig:${PKG_CONFIG_PATH} ROS_PACKAGE_PATH=/home/chinchia120/autoware.ai/install/autoware_build_flags/share:${ROS_PACKAGE_PATH} /usr/bin/cmake --build /home/chinchia120/autoware.ai/build/vlg22c_cam --target tests -- -j4 -l4
[6.150s] [35m[1mScanning dependencies of target tests[0m
[6.176s] Built target tests
[6.199s] Invoked command in '/home/chinchia120/autoware.ai/build/vlg22c_cam' returned '0': CMAKE_PREFIX_PATH=/home/chinchia120/autoware.ai/install/autoware_build_flags:${CMAKE_PREFIX_PATH} PKG_CONFIG_PATH=/home/chinchia120/autoware.ai/install/autoware_build_flags/lib/x86_64-linux-gnu/pkgconfig:/home/chinchia120/autoware.ai/install/autoware_build_flags/lib/pkgconfig:${PKG_CONFIG_PATH} ROS_PACKAGE_PATH=/home/chinchia120/autoware.ai/install/autoware_build_flags/share:${ROS_PACKAGE_PATH} /usr/bin/cmake --build /home/chinchia120/autoware.ai/build/vlg22c_cam --target tests -- -j4 -l4
[6.493s] Invoking command in '/home/chinchia120/autoware.ai/build/vlg22c_cam': CMAKE_PREFIX_PATH=/home/chinchia120/autoware.ai/install/autoware_build_flags:${CMAKE_PREFIX_PATH} PKG_CONFIG_PATH=/home/chinchia120/autoware.ai/install/autoware_build_flags/lib/x86_64-linux-gnu/pkgconfig:/home/chinchia120/autoware.ai/install/autoware_build_flags/lib/pkgconfig:${PKG_CONFIG_PATH} ROS_PACKAGE_PATH=/home/chinchia120/autoware.ai/install/autoware_build_flags/share:${ROS_PACKAGE_PATH} /usr/bin/cmake --build /home/chinchia120/autoware.ai/build/vlg22c_cam --target install -- -j4 -l4
[6.701s] [36mInstall the project...[0m
[6.719s] -- Install configuration: "Release"
[6.720s] -- Installing: /home/chinchia120/autoware.ai/install/vlg22c_cam/lib/pkgconfig/vlg22c_cam.pc
[6.720s] -- Installing: /home/chinchia120/autoware.ai/install/vlg22c_cam/share/vlg22c_cam/cmake/vlg22c_camConfig.cmake
[6.720s] -- Installing: /home/chinchia120/autoware.ai/install/vlg22c_cam/share/vlg22c_cam/cmake/vlg22c_camConfig-version.cmake
[6.721s] -- Installing: /home/chinchia120/autoware.ai/install/vlg22c_cam/share/vlg22c_cam/package.xml
[6.726s] Invoked command in '/home/chinchia120/autoware.ai/build/vlg22c_cam' returned '0': CMAKE_PREFIX_PATH=/home/chinchia120/autoware.ai/install/autoware_build_flags:${CMAKE_PREFIX_PATH} PKG_CONFIG_PATH=/home/chinchia120/autoware.ai/install/autoware_build_flags/lib/x86_64-linux-gnu/pkgconfig:/home/chinchia120/autoware.ai/install/autoware_build_flags/lib/pkgconfig:${PKG_CONFIG_PATH} ROS_PACKAGE_PATH=/home/chinchia120/autoware.ai/install/autoware_build_flags/share:${ROS_PACKAGE_PATH} /usr/bin/cmake --build /home/chinchia120/autoware.ai/build/vlg22c_cam --target install -- -j4 -l4
