[0.033s] Invoking command in '/home/chinchia120/autoware.ai/build/gazebo_imu_description': /usr/bin/cmake /home/chinchia120/autoware.ai/src/autoware/simulation/gazebo_imu_description -DCMAKE_BUILD_TYPE=Release -DCATKIN_INSTALL_INTO_PREFIX_ROOT=0 -DCMAKE_INSTALL_PREFIX=/home/chinchia120/autoware.ai/install/gazebo_imu_description
[0.215s] -- The C compiler identification is GNU 7.5.0
[0.350s] -- The CXX compiler identification is GNU 7.5.0
[0.359s] -- Check for working C compiler: /usr/bin/cc
[0.517s] -- Check for working C compiler: /usr/bin/cc -- works
[0.519s] -- Detecting C compiler ABI info
[0.677s] -- Detecting C compiler ABI info - done
[0.701s] -- Detecting C compile features
[1.166s] -- Detecting C compile features - done
[1.169s] -- Check for working CXX compiler: /usr/bin/c++
[1.345s] -- Check for working CXX compiler: /usr/bin/c++ -- works
[1.346s] -- Detecting CXX compiler ABI info
[1.530s] -- Detecting CXX compiler ABI info - done
[1.542s] -- Detecting CXX compile features
[2.356s] -- Detecting CXX compile features - done
[2.362s] -- Using CATKIN_DEVEL_PREFIX: /home/chinchia120/autoware.ai/build/gazebo_imu_description/devel
[2.362s] -- Using CMAKE_PREFIX_PATH: /home/chinchia120/catkin_ws/devel;/opt/ros/melodic
[2.363s] -- This workspace overlays: /home/chinchia120/catkin_ws/devel;/opt/ros/melodic
[2.395s] -- Found PythonInterp: /usr/bin/python2 (found suitable version "2.7.17", minimum required is "2") 
[2.395s] -- Using PYTHON_EXECUTABLE: /usr/bin/python2
[2.397s] -- Using Debian Python package layout
[2.397s] -- Using empy: /usr/bin/empy
[2.696s] -- Using CATKIN_ENABLE_TESTING: ON
[2.697s] -- Call enable_testing()
[2.709s] -- Using CATKIN_TEST_RESULTS_DIR: /home/chinchia120/autoware.ai/build/gazebo_imu_description/test_results
[2.730s] -- Found gtest sources under '/usr/src/googletest': gtests will be built
[2.730s] -- Found gmock sources under '/usr/src/googletest': gmock will be built
[2.764s] -- Found PythonInterp: /usr/bin/python2 (found version "2.7.17") 
[2.765s] -- Looking for pthread.h
[2.929s] -- Looking for pthread.h - found
[2.941s] -- Looking for pthread_create
[3.105s] -- Looking for pthread_create - not found
[3.105s] -- Looking for pthread_create in pthreads
[3.253s] -- Looking for pthread_create in pthreads - not found
[3.253s] -- Looking for pthread_create in pthread
[3.411s] -- Looking for pthread_create in pthread - found
[3.413s] -- Found Threads: TRUE  
[3.424s] -- Using Python nosetests: /usr/bin/nosetests-2.7
[3.506s] -- catkin 0.7.29
[3.506s] -- BUILD_SHARED_LIBS is on
[4.003s] -- Configuring done
[4.039s] -- Generating done
[4.049s] -- Build files have been written to: /home/chinchia120/autoware.ai/build/gazebo_imu_description
[4.065s] Invoked command in '/home/chinchia120/autoware.ai/build/gazebo_imu_description' returned '0': /usr/bin/cmake /home/chinchia120/autoware.ai/src/autoware/simulation/gazebo_imu_description -DCMAKE_BUILD_TYPE=Release -DCATKIN_INSTALL_INTO_PREFIX_ROOT=0 -DCMAKE_INSTALL_PREFIX=/home/chinchia120/autoware.ai/install/gazebo_imu_description
[4.072s] Invoking command in '/home/chinchia120/autoware.ai/build/gazebo_imu_description': /usr/bin/cmake --build /home/chinchia120/autoware.ai/build/gazebo_imu_description -- -j4 -l4
[4.194s] Invoked command in '/home/chinchia120/autoware.ai/build/gazebo_imu_description' returned '0': /usr/bin/cmake --build /home/chinchia120/autoware.ai/build/gazebo_imu_description -- -j4 -l4
[4.323s] Invoking command in '/home/chinchia120/autoware.ai/build/gazebo_imu_description': /usr/bin/cmake --build /home/chinchia120/autoware.ai/build/gazebo_imu_description --target tests -- -j4 -l4
[4.476s] [35m[1mScanning dependencies of target tests[0m
[4.512s] Built target tests
[4.553s] Invoked command in '/home/chinchia120/autoware.ai/build/gazebo_imu_description' returned '0': /usr/bin/cmake --build /home/chinchia120/autoware.ai/build/gazebo_imu_description --target tests -- -j4 -l4
[4.668s] Invoking command in '/home/chinchia120/autoware.ai/build/gazebo_imu_description': /usr/bin/cmake --build /home/chinchia120/autoware.ai/build/gazebo_imu_description --target install -- -j4 -l4
[4.832s] [36mInstall the project...[0m
[4.858s] -- Install configuration: "Release"
[4.858s] -- Installing: /home/chinchia120/autoware.ai/install/gazebo_imu_description/lib/pkgconfig/gazebo_imu_description.pc
[4.858s] -- Installing: /home/chinchia120/autoware.ai/install/gazebo_imu_description/share/gazebo_imu_description/cmake/gazebo_imu_descriptionConfig.cmake
[4.859s] -- Installing: /home/chinchia120/autoware.ai/install/gazebo_imu_description/share/gazebo_imu_description/cmake/gazebo_imu_descriptionConfig-version.cmake
[4.859s] -- Installing: /home/chinchia120/autoware.ai/install/gazebo_imu_description/share/gazebo_imu_description/package.xml
[4.859s] -- Installing: /home/chinchia120/autoware.ai/install/gazebo_imu_description/share/gazebo_imu_description/urdf
[4.860s] -- Installing: /home/chinchia120/autoware.ai/install/gazebo_imu_description/share/gazebo_imu_description/urdf/imu.xacro
[4.872s] Invoked command in '/home/chinchia120/autoware.ai/build/gazebo_imu_description' returned '0': /usr/bin/cmake --build /home/chinchia120/autoware.ai/build/gazebo_imu_description --target install -- -j4 -l4
