[0.046s] Invoking command in '/home/chinchia120/autoware.ai/build/autoware_can_msgs': /usr/bin/cmake /home/chinchia120/autoware.ai/src/autoware/messages/autoware_can_msgs -DCMAKE_BUILD_TYPE=Release -DCATKIN_INSTALL_INTO_PREFIX_ROOT=0 -DCMAKE_INSTALL_PREFIX=/home/chinchia120/autoware.ai/install/autoware_can_msgs
[0.210s] -- The C compiler identification is GNU 7.5.0
[0.358s] -- The CXX compiler identification is GNU 7.5.0
[0.368s] -- Check for working C compiler: /usr/bin/cc
[0.559s] -- Check for working C compiler: /usr/bin/cc -- works
[0.560s] -- Detecting C compiler ABI info
[0.739s] -- Detecting C compiler ABI info - done
[0.763s] -- Detecting C compile features
[1.238s] -- Detecting C compile features - done
[1.247s] -- Check for working CXX compiler: /usr/bin/c++
[1.451s] -- Check for working CXX compiler: /usr/bin/c++ -- works
[1.453s] -- Detecting CXX compiler ABI info
[1.650s] -- Detecting CXX compiler ABI info - done
[1.681s] -- Detecting CXX compile features
[2.543s] -- Detecting CXX compile features - done
[2.551s] -- Using CATKIN_DEVEL_PREFIX: /home/chinchia120/autoware.ai/build/autoware_can_msgs/devel
[2.552s] -- Using CMAKE_PREFIX_PATH: /home/chinchia120/catkin_ws/devel;/opt/ros/melodic
[2.554s] -- This workspace overlays: /home/chinchia120/catkin_ws/devel;/opt/ros/melodic
[2.586s] -- Found PythonInterp: /usr/bin/python2 (found suitable version "2.7.17", minimum required is "2") 
[2.587s] -- Using PYTHON_EXECUTABLE: /usr/bin/python2
[2.588s] -- Using Debian Python package layout
[2.588s] -- Using empy: /usr/bin/empy
[2.928s] -- Using CATKIN_ENABLE_TESTING: ON
[2.928s] -- Call enable_testing()
[2.933s] -- Using CATKIN_TEST_RESULTS_DIR: /home/chinchia120/autoware.ai/build/autoware_can_msgs/test_results
[2.982s] -- Found gtest sources under '/usr/src/googletest': gtests will be built
[2.982s] -- Found gmock sources under '/usr/src/googletest': gmock will be built
[3.010s] -- Found PythonInterp: /usr/bin/python2 (found version "2.7.17") 
[3.015s] -- Looking for pthread.h
[3.204s] -- Looking for pthread.h - found
[3.204s] -- Looking for pthread_create
[3.400s] -- Looking for pthread_create - not found
[3.400s] -- Looking for pthread_create in pthreads
[3.549s] -- Looking for pthread_create in pthreads - not found
[3.549s] -- Looking for pthread_create in pthread
[3.726s] -- Looking for pthread_create in pthread - found
[3.728s] -- Found Threads: TRUE  
[3.736s] -- Using Python nosetests: /usr/bin/nosetests-2.7
[3.826s] -- catkin 0.7.29
[3.827s] -- BUILD_SHARED_LIBS is on
[4.068s] -- Using these message generators: gencpp;geneus;genlisp;gennodejs;genpy
[4.676s] -- autoware_can_msgs: 3 messages, 0 services
[5.186s] -- Configuring done
[5.228s] -- Generating done
[5.239s] -- Build files have been written to: /home/chinchia120/autoware.ai/build/autoware_can_msgs
[5.247s] Invoked command in '/home/chinchia120/autoware.ai/build/autoware_can_msgs' returned '0': /usr/bin/cmake /home/chinchia120/autoware.ai/src/autoware/messages/autoware_can_msgs -DCMAKE_BUILD_TYPE=Release -DCATKIN_INSTALL_INTO_PREFIX_ROOT=0 -DCMAKE_INSTALL_PREFIX=/home/chinchia120/autoware.ai/install/autoware_can_msgs
[5.258s] Invoking command in '/home/chinchia120/autoware.ai/build/autoware_can_msgs': /usr/bin/cmake --build /home/chinchia120/autoware.ai/build/autoware_can_msgs -- -j4 -l4
[5.465s] [35m[1mScanning dependencies of target _autoware_can_msgs_generate_messages_check_deps_CANPacket[0m
[5.625s] [  0%] Built target _autoware_can_msgs_generate_messages_check_deps_CANPacket
[5.677s] [35m[1mScanning dependencies of target _autoware_can_msgs_generate_messages_check_deps_CANInfo[0m
[5.816s] [  0%] Built target _autoware_can_msgs_generate_messages_check_deps_CANInfo
[5.870s] [35m[1mScanning dependencies of target std_msgs_generate_messages_py[0m
[5.913s] [  0%] Built target std_msgs_generate_messages_py
[5.947s] [35m[1mScanning dependencies of target std_msgs_generate_messages_nodejs[0m
[5.989s] [  0%] Built target std_msgs_generate_messages_nodejs
[6.055s] [35m[1mScanning dependencies of target std_msgs_generate_messages_lisp[0m
[6.093s] [  0%] Built target std_msgs_generate_messages_lisp
[6.122s] [35m[1mScanning dependencies of target std_msgs_generate_messages_eus[0m
[6.155s] [  0%] Built target std_msgs_generate_messages_eus
[6.193s] [35m[1mScanning dependencies of target _autoware_can_msgs_generate_messages_check_deps_CANData[0m
[6.349s] [  0%] Built target _autoware_can_msgs_generate_messages_check_deps_CANData
[6.380s] [35m[1mScanning dependencies of target std_msgs_generate_messages_cpp[0m
[6.426s] [  0%] Built target std_msgs_generate_messages_cpp
[6.479s] [35m[1mScanning dependencies of target autoware_can_msgs_generate_messages_lisp[0m
[6.530s] [  5%] [34m[1mGenerating Lisp code from autoware_can_msgs/CANPacket.msg[0m
[6.711s] [ 11%] [34m[1mGenerating Lisp code from autoware_can_msgs/CANInfo.msg[0m
[6.917s] [ 17%] [34m[1mGenerating Lisp code from autoware_can_msgs/CANData.msg[0m
[7.076s] [ 17%] Built target autoware_can_msgs_generate_messages_lisp
[7.109s] [35m[1mScanning dependencies of target autoware_can_msgs_generate_messages_eus[0m
[7.134s] [ 23%] [34m[1mGenerating EusLisp code from autoware_can_msgs/CANPacket.msg[0m
[7.462s] [ 29%] [34m[1mGenerating EusLisp code from autoware_can_msgs/CANInfo.msg[0m
[7.774s] [ 35%] [34m[1mGenerating EusLisp code from autoware_can_msgs/CANData.msg[0m
[8.068s] [ 41%] [34m[1mGenerating EusLisp manifest code for autoware_can_msgs[0m
[10.744s] [ 41%] Built target autoware_can_msgs_generate_messages_eus
[10.775s] [35m[1mScanning dependencies of target autoware_can_msgs_generate_messages_cpp[0m
[10.806s] [ 47%] [34m[1mGenerating C++ code from autoware_can_msgs/CANPacket.msg[0m
[11.190s] [ 52%] [34m[1mGenerating C++ code from autoware_can_msgs/CANInfo.msg[0m
[11.601s] [ 58%] [34m[1mGenerating C++ code from autoware_can_msgs/CANData.msg[0m
[12.039s] [ 58%] Built target autoware_can_msgs_generate_messages_cpp
[12.083s] [35m[1mScanning dependencies of target autoware_can_msgs_generate_messages_nodejs[0m
[12.135s] [ 64%] [34m[1mGenerating Javascript code from autoware_can_msgs/CANPacket.msg[0m
[12.372s] [ 70%] [34m[1mGenerating Javascript code from autoware_can_msgs/CANData.msg[0m
[12.636s] [ 76%] [34m[1mGenerating Javascript code from autoware_can_msgs/CANInfo.msg[0m
[12.965s] [ 76%] Built target autoware_can_msgs_generate_messages_nodejs
[13.019s] [35m[1mScanning dependencies of target autoware_can_msgs_generate_messages_py[0m
[13.049s] [ 82%] [34m[1mGenerating Python from MSG autoware_can_msgs/CANPacket[0m
[13.327s] [ 88%] [34m[1mGenerating Python from MSG autoware_can_msgs/CANData[0m
[13.630s] [ 94%] [34m[1mGenerating Python from MSG autoware_can_msgs/CANInfo[0m
[13.905s] [100%] [34m[1mGenerating Python msg __init__.py for autoware_can_msgs[0m
[14.174s] [100%] Built target autoware_can_msgs_generate_messages_py
[14.207s] [35m[1mScanning dependencies of target autoware_can_msgs_generate_messages[0m
[14.236s] [100%] Built target autoware_can_msgs_generate_messages
[14.261s] Invoked command in '/home/chinchia120/autoware.ai/build/autoware_can_msgs' returned '0': /usr/bin/cmake --build /home/chinchia120/autoware.ai/build/autoware_can_msgs -- -j4 -l4
[14.405s] Invoking command in '/home/chinchia120/autoware.ai/build/autoware_can_msgs': /usr/bin/cmake --build /home/chinchia120/autoware.ai/build/autoware_can_msgs --target tests -- -j4 -l4
[14.570s] [35m[1mScanning dependencies of target tests[0m
[14.604s] Built target tests
[14.636s] Invoked command in '/home/chinchia120/autoware.ai/build/autoware_can_msgs' returned '0': /usr/bin/cmake --build /home/chinchia120/autoware.ai/build/autoware_can_msgs --target tests -- -j4 -l4
[14.795s] Invoking command in '/home/chinchia120/autoware.ai/build/autoware_can_msgs': /usr/bin/cmake --build /home/chinchia120/autoware.ai/build/autoware_can_msgs --target install -- -j4 -l4
[15.033s] [  0%] Built target _autoware_can_msgs_generate_messages_check_deps_CANPacket
[15.146s] [  0%] Built target _autoware_can_msgs_generate_messages_check_deps_CANInfo
[15.209s] [  0%] Built target std_msgs_generate_messages_py
[15.270s] [  0%] Built target std_msgs_generate_messages_nodejs
[15.324s] [  0%] Built target std_msgs_generate_messages_lisp
[15.391s] [  0%] Built target std_msgs_generate_messages_eus
[15.501s] [  0%] Built target _autoware_can_msgs_generate_messages_check_deps_CANData
[15.564s] [  0%] Built target std_msgs_generate_messages_cpp
[15.615s] [ 17%] Built target autoware_can_msgs_generate_messages_lisp
[15.679s] [ 41%] Built target autoware_can_msgs_generate_messages_eus
[15.723s] [ 58%] Built target autoware_can_msgs_generate_messages_cpp
[15.781s] [ 76%] Built target autoware_can_msgs_generate_messages_nodejs
[15.843s] [100%] Built target autoware_can_msgs_generate_messages_py
[15.902s] [100%] Built target autoware_can_msgs_generate_messages
[15.951s] [36mInstall the project...[0m
[15.973s] -- Install configuration: "Release"
[15.974s] -- Installing: /home/chinchia120/autoware.ai/install/autoware_can_msgs/share/autoware_can_msgs/msg/CANData.msg
[15.974s] -- Installing: /home/chinchia120/autoware.ai/install/autoware_can_msgs/share/autoware_can_msgs/msg/CANInfo.msg
[15.975s] -- Installing: /home/chinchia120/autoware.ai/install/autoware_can_msgs/share/autoware_can_msgs/msg/CANPacket.msg
[15.976s] -- Installing: /home/chinchia120/autoware.ai/install/autoware_can_msgs/share/autoware_can_msgs/cmake/autoware_can_msgs-msg-paths.cmake
[15.977s] -- Installing: /home/chinchia120/autoware.ai/install/autoware_can_msgs/include/autoware_can_msgs
[15.978s] -- Installing: /home/chinchia120/autoware.ai/install/autoware_can_msgs/include/autoware_can_msgs/CANInfo.h
[15.978s] -- Installing: /home/chinchia120/autoware.ai/install/autoware_can_msgs/include/autoware_can_msgs/CANData.h
[15.979s] -- Installing: /home/chinchia120/autoware.ai/install/autoware_can_msgs/include/autoware_can_msgs/CANPacket.h
[15.979s] -- Installing: /home/chinchia120/autoware.ai/install/autoware_can_msgs/share/roseus/ros/autoware_can_msgs
[15.980s] -- Installing: /home/chinchia120/autoware.ai/install/autoware_can_msgs/share/roseus/ros/autoware_can_msgs/manifest.l
[15.980s] -- Installing: /home/chinchia120/autoware.ai/install/autoware_can_msgs/share/roseus/ros/autoware_can_msgs/msg
[15.981s] -- Installing: /home/chinchia120/autoware.ai/install/autoware_can_msgs/share/roseus/ros/autoware_can_msgs/msg/CANData.l
[15.981s] -- Installing: /home/chinchia120/autoware.ai/install/autoware_can_msgs/share/roseus/ros/autoware_can_msgs/msg/CANPacket.l
[15.982s] -- Installing: /home/chinchia120/autoware.ai/install/autoware_can_msgs/share/roseus/ros/autoware_can_msgs/msg/CANInfo.l
[15.983s] -- Installing: /home/chinchia120/autoware.ai/install/autoware_can_msgs/share/common-lisp/ros/autoware_can_msgs
[15.989s] -- Installing: /home/chinchia120/autoware.ai/install/autoware_can_msgs/share/common-lisp/ros/autoware_can_msgs/msg
[15.991s] -- Installing: /home/chinchia120/autoware.ai/install/autoware_can_msgs/share/common-lisp/ros/autoware_can_msgs/msg/CANData.lisp
[15.991s] -- Installing: /home/chinchia120/autoware.ai/install/autoware_can_msgs/share/common-lisp/ros/autoware_can_msgs/msg/autoware_can_msgs-msg.asd
[15.992s] -- Installing: /home/chinchia120/autoware.ai/install/autoware_can_msgs/share/common-lisp/ros/autoware_can_msgs/msg/CANPacket.lisp
[15.992s] -- Installing: /home/chinchia120/autoware.ai/install/autoware_can_msgs/share/common-lisp/ros/autoware_can_msgs/msg/_package_CANInfo.lisp
[15.993s] -- Installing: /home/chinchia120/autoware.ai/install/autoware_can_msgs/share/common-lisp/ros/autoware_can_msgs/msg/_package_CANPacket.lisp
[15.993s] -- Installing: /home/chinchia120/autoware.ai/install/autoware_can_msgs/share/common-lisp/ros/autoware_can_msgs/msg/_package.lisp
[15.993s] -- Installing: /home/chinchia120/autoware.ai/install/autoware_can_msgs/share/common-lisp/ros/autoware_can_msgs/msg/_package_CANData.lisp
[15.994s] -- Installing: /home/chinchia120/autoware.ai/install/autoware_can_msgs/share/common-lisp/ros/autoware_can_msgs/msg/CANInfo.lisp
[15.995s] -- Installing: /home/chinchia120/autoware.ai/install/autoware_can_msgs/share/gennodejs/ros/autoware_can_msgs
[15.995s] -- Installing: /home/chinchia120/autoware.ai/install/autoware_can_msgs/share/gennodejs/ros/autoware_can_msgs/_index.js
[15.995s] -- Installing: /home/chinchia120/autoware.ai/install/autoware_can_msgs/share/gennodejs/ros/autoware_can_msgs/msg
[15.996s] -- Installing: /home/chinchia120/autoware.ai/install/autoware_can_msgs/share/gennodejs/ros/autoware_can_msgs/msg/CANInfo.js
[15.996s] -- Installing: /home/chinchia120/autoware.ai/install/autoware_can_msgs/share/gennodejs/ros/autoware_can_msgs/msg/_index.js
[15.997s] -- Installing: /home/chinchia120/autoware.ai/install/autoware_can_msgs/share/gennodejs/ros/autoware_can_msgs/msg/CANPacket.js
[15.997s] -- Installing: /home/chinchia120/autoware.ai/install/autoware_can_msgs/share/gennodejs/ros/autoware_can_msgs/msg/CANData.js
[16.032s] Listing /home/chinchia120/autoware.ai/build/autoware_can_msgs/devel/lib/python2.7/dist-packages/autoware_can_msgs ...
[16.033s] Compiling /home/chinchia120/autoware.ai/build/autoware_can_msgs/devel/lib/python2.7/dist-packages/autoware_can_msgs/__init__.py ...
[16.033s] Listing /home/chinchia120/autoware.ai/build/autoware_can_msgs/devel/lib/python2.7/dist-packages/autoware_can_msgs/msg ...
[16.033s] Compiling /home/chinchia120/autoware.ai/build/autoware_can_msgs/devel/lib/python2.7/dist-packages/autoware_can_msgs/msg/_CANData.py ...
[16.033s] Compiling /home/chinchia120/autoware.ai/build/autoware_can_msgs/devel/lib/python2.7/dist-packages/autoware_can_msgs/msg/_CANInfo.py ...
[16.033s] Compiling /home/chinchia120/autoware.ai/build/autoware_can_msgs/devel/lib/python2.7/dist-packages/autoware_can_msgs/msg/_CANPacket.py ...
[16.034s] Compiling /home/chinchia120/autoware.ai/build/autoware_can_msgs/devel/lib/python2.7/dist-packages/autoware_can_msgs/msg/__init__.py ...
[16.041s] -- Installing: /home/chinchia120/autoware.ai/install/autoware_can_msgs/lib/python2.7/dist-packages/autoware_can_msgs
[16.042s] -- Installing: /home/chinchia120/autoware.ai/install/autoware_can_msgs/lib/python2.7/dist-packages/autoware_can_msgs/__init__.py
[16.042s] -- Installing: /home/chinchia120/autoware.ai/install/autoware_can_msgs/lib/python2.7/dist-packages/autoware_can_msgs/msg
[16.042s] -- Installing: /home/chinchia120/autoware.ai/install/autoware_can_msgs/lib/python2.7/dist-packages/autoware_can_msgs/msg/_CANPacket.pyc
[16.042s] -- Installing: /home/chinchia120/autoware.ai/install/autoware_can_msgs/lib/python2.7/dist-packages/autoware_can_msgs/msg/_CANData.py
[16.042s] -- Installing: /home/chinchia120/autoware.ai/install/autoware_can_msgs/lib/python2.7/dist-packages/autoware_can_msgs/msg/__init__.py
[16.043s] -- Installing: /home/chinchia120/autoware.ai/install/autoware_can_msgs/lib/python2.7/dist-packages/autoware_can_msgs/msg/_CANInfo.pyc
[16.043s] -- Installing: /home/chinchia120/autoware.ai/install/autoware_can_msgs/lib/python2.7/dist-packages/autoware_can_msgs/msg/__init__.pyc
[16.044s] -- Installing: /home/chinchia120/autoware.ai/install/autoware_can_msgs/lib/python2.7/dist-packages/autoware_can_msgs/msg/_CANInfo.py
[16.044s] -- Installing: /home/chinchia120/autoware.ai/install/autoware_can_msgs/lib/python2.7/dist-packages/autoware_can_msgs/msg/_CANData.pyc
[16.045s] -- Installing: /home/chinchia120/autoware.ai/install/autoware_can_msgs/lib/python2.7/dist-packages/autoware_can_msgs/msg/_CANPacket.py
[16.045s] -- Installing: /home/chinchia120/autoware.ai/install/autoware_can_msgs/lib/python2.7/dist-packages/autoware_can_msgs/__init__.pyc
[16.045s] -- Installing: /home/chinchia120/autoware.ai/install/autoware_can_msgs/lib/pkgconfig/autoware_can_msgs.pc
[16.046s] -- Installing: /home/chinchia120/autoware.ai/install/autoware_can_msgs/share/autoware_can_msgs/cmake/autoware_can_msgs-msg-extras.cmake
[16.046s] -- Installing: /home/chinchia120/autoware.ai/install/autoware_can_msgs/share/autoware_can_msgs/cmake/autoware_can_msgsConfig.cmake
[16.046s] -- Installing: /home/chinchia120/autoware.ai/install/autoware_can_msgs/share/autoware_can_msgs/cmake/autoware_can_msgsConfig-version.cmake
[16.046s] -- Installing: /home/chinchia120/autoware.ai/install/autoware_can_msgs/share/autoware_can_msgs/package.xml
[16.053s] Invoked command in '/home/chinchia120/autoware.ai/build/autoware_can_msgs' returned '0': /usr/bin/cmake --build /home/chinchia120/autoware.ai/build/autoware_can_msgs --target install -- -j4 -l4
