[0.054s] Invoking command in '/home/chinchia120/autoware.ai/build/gazebo_world_description': /usr/bin/cmake /home/chinchia120/autoware.ai/src/autoware/visualization/gazebo_world_description -DCMAKE_BUILD_TYPE=Release -DCATKIN_INSTALL_INTO_PREFIX_ROOT=0 -DCMAKE_INSTALL_PREFIX=/home/chinchia120/autoware.ai/install/gazebo_world_description
[0.255s] -- The C compiler identification is GNU 7.5.0
[0.422s] -- The CXX compiler identification is GNU 7.5.0
[0.435s] -- Check for working C compiler: /usr/bin/cc
[0.632s] -- Check for working C compiler: /usr/bin/cc -- works
[0.634s] -- Detecting C compiler ABI info
[0.816s] -- Detecting C compiler ABI info - done
[0.843s] -- Detecting C compile features
[1.322s] -- Detecting C compile features - done
[1.328s] -- Check for working CXX compiler: /usr/bin/c++
[1.488s] -- Check for working CXX compiler: /usr/bin/c++ -- works
[1.490s] -- Detecting CXX compiler ABI info
[1.656s] -- Detecting CXX compiler ABI info - done
[1.672s] -- Detecting CXX compile features
[2.507s] -- Detecting CXX compile features - done
[2.510s] -- Using CATKIN_DEVEL_PREFIX: /home/chinchia120/autoware.ai/build/gazebo_world_description/devel
[2.511s] -- Using CMAKE_PREFIX_PATH: /home/chinchia120/catkin_ws/devel;/opt/ros/melodic
[2.512s] -- This workspace overlays: /home/chinchia120/catkin_ws/devel;/opt/ros/melodic
[2.539s] -- Found PythonInterp: /usr/bin/python2 (found suitable version "2.7.17", minimum required is "2") 
[2.540s] -- Using PYTHON_EXECUTABLE: /usr/bin/python2
[2.541s] -- Using Debian Python package layout
[2.542s] -- Using empy: /usr/bin/empy
[2.829s] -- Using CATKIN_ENABLE_TESTING: ON
[2.830s] -- Call enable_testing()
[2.835s] -- Using CATKIN_TEST_RESULTS_DIR: /home/chinchia120/autoware.ai/build/gazebo_world_description/test_results
[2.876s] -- Found gtest sources under '/usr/src/googletest': gtests will be built
[2.877s] -- Found gmock sources under '/usr/src/googletest': gmock will be built
[2.899s] -- Found PythonInterp: /usr/bin/python2 (found version "2.7.17") 
[2.903s] -- Looking for pthread.h
[3.046s] -- Looking for pthread.h - found
[3.047s] -- Looking for pthread_create
[3.211s] -- Looking for pthread_create - not found
[3.212s] -- Looking for pthread_create in pthreads
[3.333s] -- Looking for pthread_create in pthreads - not found
[3.334s] -- Looking for pthread_create in pthread
[3.506s] -- Looking for pthread_create in pthread - found
[3.510s] -- Found Threads: TRUE  
[3.519s] -- Using Python nosetests: /usr/bin/nosetests-2.7
[3.600s] -- catkin 0.7.29
[3.601s] -- BUILD_SHARED_LIBS is on
[4.049s] -- Configuring done
[4.073s] -- Generating done
[4.077s] -- Build files have been written to: /home/chinchia120/autoware.ai/build/gazebo_world_description
[4.088s] Invoked command in '/home/chinchia120/autoware.ai/build/gazebo_world_description' returned '0': /usr/bin/cmake /home/chinchia120/autoware.ai/src/autoware/visualization/gazebo_world_description -DCMAKE_BUILD_TYPE=Release -DCATKIN_INSTALL_INTO_PREFIX_ROOT=0 -DCMAKE_INSTALL_PREFIX=/home/chinchia120/autoware.ai/install/gazebo_world_description
[4.090s] Invoking command in '/home/chinchia120/autoware.ai/build/gazebo_world_description': /usr/bin/cmake --build /home/chinchia120/autoware.ai/build/gazebo_world_description -- -j4 -l4
[4.193s] Invoked command in '/home/chinchia120/autoware.ai/build/gazebo_world_description' returned '0': /usr/bin/cmake --build /home/chinchia120/autoware.ai/build/gazebo_world_description -- -j4 -l4
[4.288s] Invoking command in '/home/chinchia120/autoware.ai/build/gazebo_world_description': /usr/bin/cmake --build /home/chinchia120/autoware.ai/build/gazebo_world_description --target tests -- -j4 -l4
[4.403s] [35m[1mScanning dependencies of target tests[0m
[4.438s] Built target tests
[4.467s] Invoked command in '/home/chinchia120/autoware.ai/build/gazebo_world_description' returned '0': /usr/bin/cmake --build /home/chinchia120/autoware.ai/build/gazebo_world_description --target tests -- -j4 -l4
[4.559s] Invoking command in '/home/chinchia120/autoware.ai/build/gazebo_world_description': /usr/bin/cmake --build /home/chinchia120/autoware.ai/build/gazebo_world_description --target install -- -j4 -l4
[4.698s] [36mInstall the project...[0m
[4.720s] -- Install configuration: "Release"
[4.721s] -- Installing: /home/chinchia120/autoware.ai/install/gazebo_world_description/lib/pkgconfig/gazebo_world_description.pc
[4.725s] -- Installing: /home/chinchia120/autoware.ai/install/gazebo_world_description/share/gazebo_world_description/cmake/gazebo_world_descriptionConfig.cmake
[4.726s] -- Installing: /home/chinchia120/autoware.ai/install/gazebo_world_description/share/gazebo_world_description/cmake/gazebo_world_descriptionConfig-version.cmake
[4.726s] -- Installing: /home/chinchia120/autoware.ai/install/gazebo_world_description/share/gazebo_world_description/package.xml
[5.871s] Invoked command in '/home/chinchia120/autoware.ai/build/gazebo_world_description' returned '0': /usr/bin/cmake --build /home/chinchia120/autoware.ai/build/gazebo_world_description --target install -- -j4 -l4
