[0.059s] Invoking command in '/home/chinchia120/autoware.ai/build/autoware_launcher_rviz': CMAKE_PREFIX_PATH=/home/chinchia120/autoware.ai/install/autoware_build_flags:${CMAKE_PREFIX_PATH} PKG_CONFIG_PATH=/home/chinchia120/autoware.ai/install/autoware_build_flags/lib/x86_64-linux-gnu/pkgconfig:/home/chinchia120/autoware.ai/install/autoware_build_flags/lib/pkgconfig:${PKG_CONFIG_PATH} ROS_PACKAGE_PATH=/home/chinchia120/autoware.ai/install/autoware_build_flags/share:${ROS_PACKAGE_PATH} /usr/bin/cmake /home/chinchia120/autoware.ai/src/autoware/utilities/autoware_launcher_rviz -DCMAKE_BUILD_TYPE=Release -DCATKIN_INSTALL_INTO_PREFIX_ROOT=0 -DCMAKE_INSTALL_PREFIX=/home/chinchia120/autoware.ai/install/autoware_launcher_rviz
[0.248s] -- The C compiler identification is GNU 7.5.0
[0.405s] -- The CXX compiler identification is GNU 7.5.0
[0.416s] -- Check for working C compiler: /usr/bin/cc
[0.577s] -- Check for working C compiler: /usr/bin/cc -- works
[0.578s] -- Detecting C compiler ABI info
[0.756s] -- Detecting C compiler ABI info - done
[0.780s] -- Detecting C compile features
[1.260s] -- Detecting C compile features - done
[1.265s] -- Check for working CXX compiler: /usr/bin/c++
[1.436s] -- Check for working CXX compiler: /usr/bin/c++ -- works
[1.436s] -- Detecting CXX compiler ABI info
[1.613s] -- Detecting CXX compiler ABI info - done
[1.637s] -- Detecting CXX compile features
[2.599s] -- Detecting CXX compile features - done
[2.608s] -- Using CATKIN_DEVEL_PREFIX: /home/chinchia120/autoware.ai/build/autoware_launcher_rviz/devel
[2.609s] -- Using CMAKE_PREFIX_PATH: /home/chinchia120/autoware.ai/install/autoware_build_flags;/home/chinchia120/catkin_ws/devel;/opt/ros/melodic
[2.609s] -- This workspace overlays: /home/chinchia120/autoware.ai/install/autoware_build_flags;/home/chinchia120/catkin_ws/devel;/opt/ros/melodic
[2.650s] -- Found PythonInterp: /usr/bin/python2 (found suitable version "2.7.17", minimum required is "2") 
[2.651s] -- Using PYTHON_EXECUTABLE: /usr/bin/python2
[2.651s] -- Using Debian Python package layout
[2.652s] -- Using empy: /usr/bin/empy
[3.050s] -- Using CATKIN_ENABLE_TESTING: ON
[3.052s] -- Call enable_testing()
[3.059s] -- Using CATKIN_TEST_RESULTS_DIR: /home/chinchia120/autoware.ai/build/autoware_launcher_rviz/test_results
[3.096s] -- Found gtest sources under '/usr/src/googletest': gtests will be built
[3.096s] -- Found gmock sources under '/usr/src/googletest': gmock will be built
[3.133s] -- Found PythonInterp: /usr/bin/python2 (found version "2.7.17") 
[3.135s] -- Looking for pthread.h
[3.314s] -- Looking for pthread.h - found
[3.315s] -- Looking for pthread_create
[3.476s] -- Looking for pthread_create - not found
[3.477s] -- Looking for pthread_create in pthreads
[3.670s] -- Looking for pthread_create in pthreads - not found
[3.670s] -- Looking for pthread_create in pthread
[3.842s] -- Looking for pthread_create in pthread - found
[3.844s] -- Found Threads: TRUE  
[3.851s] -- Using Python nosetests: /usr/bin/nosetests-2.7
[3.946s] -- catkin 0.7.29
[3.946s] -- BUILD_SHARED_LIBS is on
[4.487s] -- Using these message generators: gencpp;geneus;genlisp;gennodejs;genpy
[4.995s] -- CUDA compilation status: 1.
[5.458s] -- Configuring done
[5.597s] -- Generating done
[5.630s] -- Build files have been written to: /home/chinchia120/autoware.ai/build/autoware_launcher_rviz
[5.641s] Invoked command in '/home/chinchia120/autoware.ai/build/autoware_launcher_rviz' returned '0': CMAKE_PREFIX_PATH=/home/chinchia120/autoware.ai/install/autoware_build_flags:${CMAKE_PREFIX_PATH} PKG_CONFIG_PATH=/home/chinchia120/autoware.ai/install/autoware_build_flags/lib/x86_64-linux-gnu/pkgconfig:/home/chinchia120/autoware.ai/install/autoware_build_flags/lib/pkgconfig:${PKG_CONFIG_PATH} ROS_PACKAGE_PATH=/home/chinchia120/autoware.ai/install/autoware_build_flags/share:${ROS_PACKAGE_PATH} /usr/bin/cmake /home/chinchia120/autoware.ai/src/autoware/utilities/autoware_launcher_rviz -DCMAKE_BUILD_TYPE=Release -DCATKIN_INSTALL_INTO_PREFIX_ROOT=0 -DCMAKE_INSTALL_PREFIX=/home/chinchia120/autoware.ai/install/autoware_launcher_rviz
[5.650s] Invoking command in '/home/chinchia120/autoware.ai/build/autoware_launcher_rviz': CMAKE_PREFIX_PATH=/home/chinchia120/autoware.ai/install/autoware_build_flags:${CMAKE_PREFIX_PATH} PKG_CONFIG_PATH=/home/chinchia120/autoware.ai/install/autoware_build_flags/lib/x86_64-linux-gnu/pkgconfig:/home/chinchia120/autoware.ai/install/autoware_build_flags/lib/pkgconfig:${PKG_CONFIG_PATH} ROS_PACKAGE_PATH=/home/chinchia120/autoware.ai/install/autoware_build_flags/share:${ROS_PACKAGE_PATH} /usr/bin/cmake --build /home/chinchia120/autoware.ai/build/autoware_launcher_rviz -- -j4 -l4
[5.761s] [ 25%] [34m[1mGenerating src/moc_module_panel.cpp[0m
[5.793s] [35m[1mScanning dependencies of target autoware_launcher_rviz[0m
[5.893s] [ 50%] [32mBuilding CXX object CMakeFiles/autoware_launcher_rviz.dir/src/moc_module_panel.cpp.o[0m
[7.811s] [ 75%] [32mBuilding CXX object CMakeFiles/autoware_launcher_rviz.dir/src/module_panel.cpp.o[0m
[11.545s] [100%] [32m[1mLinking CXX shared library devel/lib/libautoware_launcher_rviz.so[0m
[12.309s] [100%] Built target autoware_launcher_rviz
[12.340s] Invoked command in '/home/chinchia120/autoware.ai/build/autoware_launcher_rviz' returned '0': CMAKE_PREFIX_PATH=/home/chinchia120/autoware.ai/install/autoware_build_flags:${CMAKE_PREFIX_PATH} PKG_CONFIG_PATH=/home/chinchia120/autoware.ai/install/autoware_build_flags/lib/x86_64-linux-gnu/pkgconfig:/home/chinchia120/autoware.ai/install/autoware_build_flags/lib/pkgconfig:${PKG_CONFIG_PATH} ROS_PACKAGE_PATH=/home/chinchia120/autoware.ai/install/autoware_build_flags/share:${ROS_PACKAGE_PATH} /usr/bin/cmake --build /home/chinchia120/autoware.ai/build/autoware_launcher_rviz -- -j4 -l4
[12.725s] Invoking command in '/home/chinchia120/autoware.ai/build/autoware_launcher_rviz': CMAKE_PREFIX_PATH=/home/chinchia120/autoware.ai/install/autoware_build_flags:${CMAKE_PREFIX_PATH} PKG_CONFIG_PATH=/home/chinchia120/autoware.ai/install/autoware_build_flags/lib/x86_64-linux-gnu/pkgconfig:/home/chinchia120/autoware.ai/install/autoware_build_flags/lib/pkgconfig:${PKG_CONFIG_PATH} ROS_PACKAGE_PATH=/home/chinchia120/autoware.ai/install/autoware_build_flags/share:${ROS_PACKAGE_PATH} /usr/bin/cmake --build /home/chinchia120/autoware.ai/build/autoware_launcher_rviz --target tests -- -j4 -l4
[12.912s] [35m[1mScanning dependencies of target tests[0m
[12.944s] Built target tests
[12.980s] Invoked command in '/home/chinchia120/autoware.ai/build/autoware_launcher_rviz' returned '0': CMAKE_PREFIX_PATH=/home/chinchia120/autoware.ai/install/autoware_build_flags:${CMAKE_PREFIX_PATH} PKG_CONFIG_PATH=/home/chinchia120/autoware.ai/install/autoware_build_flags/lib/x86_64-linux-gnu/pkgconfig:/home/chinchia120/autoware.ai/install/autoware_build_flags/lib/pkgconfig:${PKG_CONFIG_PATH} ROS_PACKAGE_PATH=/home/chinchia120/autoware.ai/install/autoware_build_flags/share:${ROS_PACKAGE_PATH} /usr/bin/cmake --build /home/chinchia120/autoware.ai/build/autoware_launcher_rviz --target tests -- -j4 -l4
[13.361s] Invoking command in '/home/chinchia120/autoware.ai/build/autoware_launcher_rviz': CMAKE_PREFIX_PATH=/home/chinchia120/autoware.ai/install/autoware_build_flags:${CMAKE_PREFIX_PATH} PKG_CONFIG_PATH=/home/chinchia120/autoware.ai/install/autoware_build_flags/lib/x86_64-linux-gnu/pkgconfig:/home/chinchia120/autoware.ai/install/autoware_build_flags/lib/pkgconfig:${PKG_CONFIG_PATH} ROS_PACKAGE_PATH=/home/chinchia120/autoware.ai/install/autoware_build_flags/share:${ROS_PACKAGE_PATH} /usr/bin/cmake --build /home/chinchia120/autoware.ai/build/autoware_launcher_rviz --target install -- -j4 -l4
[13.545s] [100%] Built target autoware_launcher_rviz
[13.605s] [36mInstall the project...[0m
[13.631s] -- Install configuration: "Release"
[13.632s] -- Installing: /home/chinchia120/autoware.ai/install/autoware_launcher_rviz/lib/pkgconfig/autoware_launcher_rviz.pc
[13.632s] -- Installing: /home/chinchia120/autoware.ai/install/autoware_launcher_rviz/share/autoware_launcher_rviz/cmake/autoware_launcher_rvizConfig.cmake
[13.632s] -- Installing: /home/chinchia120/autoware.ai/install/autoware_launcher_rviz/share/autoware_launcher_rviz/cmake/autoware_launcher_rvizConfig-version.cmake
[13.633s] -- Installing: /home/chinchia120/autoware.ai/install/autoware_launcher_rviz/share/autoware_launcher_rviz/package.xml
[13.633s] -- Installing: /home/chinchia120/autoware.ai/install/autoware_launcher_rviz/lib/libautoware_launcher_rviz.so
[13.634s] -- Set runtime path of "/home/chinchia120/autoware.ai/install/autoware_launcher_rviz/lib/libautoware_launcher_rviz.so" to ""
[13.635s] -- Installing: /home/chinchia120/autoware.ai/install/autoware_launcher_rviz/share/autoware_launcher_rviz/plugin_description.xml
[13.640s] -- Installing: /home/chinchia120/autoware.ai/install/autoware_launcher_rviz/share/autoware_launcher_rviz/icons/icons
[13.640s] -- Installing: /home/chinchia120/autoware.ai/install/autoware_launcher_rviz/share/autoware_launcher_rviz/icons/icons/classes
[13.641s] -- Installing: /home/chinchia120/autoware.ai/install/autoware_launcher_rviz/share/autoware_launcher_rviz/icons/icons/classes/ModulePanel.png
[13.648s] Invoked command in '/home/chinchia120/autoware.ai/build/autoware_launcher_rviz' returned '0': CMAKE_PREFIX_PATH=/home/chinchia120/autoware.ai/install/autoware_build_flags:${CMAKE_PREFIX_PATH} PKG_CONFIG_PATH=/home/chinchia120/autoware.ai/install/autoware_build_flags/lib/x86_64-linux-gnu/pkgconfig:/home/chinchia120/autoware.ai/install/autoware_build_flags/lib/pkgconfig:${PKG_CONFIG_PATH} ROS_PACKAGE_PATH=/home/chinchia120/autoware.ai/install/autoware_build_flags/share:${ROS_PACKAGE_PATH} /usr/bin/cmake --build /home/chinchia120/autoware.ai/build/autoware_launcher_rviz --target install -- -j4 -l4
