[0.151s] Invoking command in '/home/chinchia120/autoware.ai/build/points2image': CMAKE_PREFIX_PATH=/home/chinchia120/autoware.ai/install/rosinterface:/home/chinchia120/autoware.ai/install/fastvirtualscan:/home/chinchia120/autoware.ai/install/autoware_msgs:/home/chinchia120/autoware.ai/install/autoware_build_flags:${CMAKE_PREFIX_PATH} LD_LIBRARY_PATH=/home/chinchia120/autoware.ai/install/rosinterface/lib:/home/chinchia120/autoware.ai/install/fastvirtualscan/lib:${LD_LIBRARY_PATH} PKG_CONFIG_PATH=/home/chinchia120/autoware.ai/install/rosinterface/lib/x86_64-linux-gnu/pkgconfig:/home/chinchia120/autoware.ai/install/rosinterface/lib/pkgconfig:/home/chinchia120/autoware.ai/install/fastvirtualscan/lib/x86_64-linux-gnu/pkgconfig:/home/chinchia120/autoware.ai/install/fastvirtualscan/lib/pkgconfig:/home/chinchia120/autoware.ai/install/autoware_msgs/lib/x86_64-linux-gnu/pkgconfig:/home/chinchia120/autoware.ai/install/autoware_msgs/lib/pkgconfig:/home/chinchia120/autoware.ai/install/autoware_build_flags/lib/x86_64-linux-gnu/pkgconfig:/home/chinchia120/autoware.ai/install/autoware_build_flags/lib/pkgconfig:${PKG_CONFIG_PATH} PYTHONPATH=/home/chinchia120/autoware.ai/install/autoware_msgs/lib/python2.7/dist-packages:${PYTHONPATH} ROS_PACKAGE_PATH=/home/chinchia120/autoware.ai/install/rosinterface/share:/home/chinchia120/autoware.ai/install/fastvirtualscan/share:/home/chinchia120/autoware.ai/install/autoware_msgs/share:/home/chinchia120/autoware.ai/install/autoware_build_flags/share:${ROS_PACKAGE_PATH} /usr/bin/cmake /home/chinchia120/autoware.ai/src/autoware/visualization/points2image -DCMAKE_BUILD_TYPE=Release -DCATKIN_INSTALL_INTO_PREFIX_ROOT=0 -DCMAKE_INSTALL_PREFIX=/home/chinchia120/autoware.ai/install/points2image
[0.338s] -- The C compiler identification is GNU 7.5.0
[0.499s] -- The CXX compiler identification is GNU 7.5.0
[0.512s] -- Check for working C compiler: /usr/bin/cc
[0.707s] -- Check for working C compiler: /usr/bin/cc -- works
[0.714s] -- Detecting C compiler ABI info
[0.914s] -- Detecting C compiler ABI info - done
[0.935s] -- Detecting C compile features
[1.501s] -- Detecting C compile features - done
[1.509s] -- Check for working CXX compiler: /usr/bin/c++
[1.721s] -- Check for working CXX compiler: /usr/bin/c++ -- works
[1.722s] -- Detecting CXX compiler ABI info
[1.922s] -- Detecting CXX compiler ABI info - done
[1.943s] -- Detecting CXX compile features
[2.844s] -- Detecting CXX compile features - done
[2.852s] -- Found PkgConfig: /usr/bin/pkg-config (found version "0.29.1") 
[2.855s] -- CUDA compilation status: 1.
[2.858s] -- Using CATKIN_DEVEL_PREFIX: /home/chinchia120/autoware.ai/build/points2image/devel
[2.859s] -- Using CMAKE_PREFIX_PATH: /home/chinchia120/autoware.ai/install/rosinterface;/home/chinchia120/autoware.ai/install/fastvirtualscan;/home/chinchia120/autoware.ai/install/autoware_msgs;/home/chinchia120/autoware.ai/install/autoware_build_flags;/home/chinchia120/catkin_ws/devel;/opt/ros/melodic
[2.860s] -- This workspace overlays: /home/chinchia120/autoware.ai/install/rosinterface;/home/chinchia120/autoware.ai/install/fastvirtualscan;/home/chinchia120/autoware.ai/install/autoware_msgs;/home/chinchia120/autoware.ai/install/autoware_build_flags;/home/chinchia120/catkin_ws/devel;/opt/ros/melodic
[2.887s] -- Found PythonInterp: /usr/bin/python2 (found suitable version "2.7.17", minimum required is "2") 
[2.888s] -- Using PYTHON_EXECUTABLE: /usr/bin/python2
[2.888s] -- Using Debian Python package layout
[2.890s] -- Using empy: /usr/bin/empy
[3.185s] -- Using CATKIN_ENABLE_TESTING: ON
[3.186s] -- Call enable_testing()
[3.190s] -- Using CATKIN_TEST_RESULTS_DIR: /home/chinchia120/autoware.ai/build/points2image/test_results
[3.232s] -- Found gtest sources under '/usr/src/googletest': gtests will be built
[3.233s] -- Found gmock sources under '/usr/src/googletest': gmock will be built
[3.259s] -- Found PythonInterp: /usr/bin/python2 (found version "2.7.17") 
[3.262s] -- Looking for pthread.h
[3.479s] -- Looking for pthread.h - found
[3.481s] -- Looking for pthread_create
[3.678s] -- Looking for pthread_create - not found
[3.678s] -- Looking for pthread_create in pthreads
[3.818s] -- Looking for pthread_create in pthreads - not found
[3.818s] -- Looking for pthread_create in pthread
[4.044s] -- Looking for pthread_create in pthread - found
[4.046s] -- Found Threads: TRUE  
[4.053s] -- Using Python nosetests: /usr/bin/nosetests-2.7
[4.139s] -- catkin 0.7.29
[4.139s] -- BUILD_SHARED_LIBS is on
[4.615s] -- Using these message generators: gencpp;geneus;genlisp;gennodejs;genpy
[7.050s] -- Found OpenCV: /usr (found version "3.2.0") 
[7.084s] -- Found GLUT: /usr/lib/x86_64-linux-gnu/libglut.so  
[7.094s] -- Found OpenGL: /usr/lib/x86_64-linux-gnu/libOpenGL.so   
[7.369s] -- Configuring done
[8.035s] -- Generating done
[8.074s] -- Build files have been written to: /home/chinchia120/autoware.ai/build/points2image
[8.084s] Invoked command in '/home/chinchia120/autoware.ai/build/points2image' returned '0': CMAKE_PREFIX_PATH=/home/chinchia120/autoware.ai/install/rosinterface:/home/chinchia120/autoware.ai/install/fastvirtualscan:/home/chinchia120/autoware.ai/install/autoware_msgs:/home/chinchia120/autoware.ai/install/autoware_build_flags:${CMAKE_PREFIX_PATH} LD_LIBRARY_PATH=/home/chinchia120/autoware.ai/install/rosinterface/lib:/home/chinchia120/autoware.ai/install/fastvirtualscan/lib:${LD_LIBRARY_PATH} PKG_CONFIG_PATH=/home/chinchia120/autoware.ai/install/rosinterface/lib/x86_64-linux-gnu/pkgconfig:/home/chinchia120/autoware.ai/install/rosinterface/lib/pkgconfig:/home/chinchia120/autoware.ai/install/fastvirtualscan/lib/x86_64-linux-gnu/pkgconfig:/home/chinchia120/autoware.ai/install/fastvirtualscan/lib/pkgconfig:/home/chinchia120/autoware.ai/install/autoware_msgs/lib/x86_64-linux-gnu/pkgconfig:/home/chinchia120/autoware.ai/install/autoware_msgs/lib/pkgconfig:/home/chinchia120/autoware.ai/install/autoware_build_flags/lib/x86_64-linux-gnu/pkgconfig:/home/chinchia120/autoware.ai/install/autoware_build_flags/lib/pkgconfig:${PKG_CONFIG_PATH} PYTHONPATH=/home/chinchia120/autoware.ai/install/autoware_msgs/lib/python2.7/dist-packages:${PYTHONPATH} ROS_PACKAGE_PATH=/home/chinchia120/autoware.ai/install/rosinterface/share:/home/chinchia120/autoware.ai/install/fastvirtualscan/share:/home/chinchia120/autoware.ai/install/autoware_msgs/share:/home/chinchia120/autoware.ai/install/autoware_build_flags/share:${ROS_PACKAGE_PATH} /usr/bin/cmake /home/chinchia120/autoware.ai/src/autoware/visualization/points2image -DCMAKE_BUILD_TYPE=Release -DCATKIN_INSTALL_INTO_PREFIX_ROOT=0 -DCMAKE_INSTALL_PREFIX=/home/chinchia120/autoware.ai/install/points2image
[8.091s] Invoking command in '/home/chinchia120/autoware.ai/build/points2image': CMAKE_PREFIX_PATH=/home/chinchia120/autoware.ai/install/rosinterface:/home/chinchia120/autoware.ai/install/fastvirtualscan:/home/chinchia120/autoware.ai/install/autoware_msgs:/home/chinchia120/autoware.ai/install/autoware_build_flags:${CMAKE_PREFIX_PATH} LD_LIBRARY_PATH=/home/chinchia120/autoware.ai/install/rosinterface/lib:/home/chinchia120/autoware.ai/install/fastvirtualscan/lib:${LD_LIBRARY_PATH} PKG_CONFIG_PATH=/home/chinchia120/autoware.ai/install/rosinterface/lib/x86_64-linux-gnu/pkgconfig:/home/chinchia120/autoware.ai/install/rosinterface/lib/pkgconfig:/home/chinchia120/autoware.ai/install/fastvirtualscan/lib/x86_64-linux-gnu/pkgconfig:/home/chinchia120/autoware.ai/install/fastvirtualscan/lib/pkgconfig:/home/chinchia120/autoware.ai/install/autoware_msgs/lib/x86_64-linux-gnu/pkgconfig:/home/chinchia120/autoware.ai/install/autoware_msgs/lib/pkgconfig:/home/chinchia120/autoware.ai/install/autoware_build_flags/lib/x86_64-linux-gnu/pkgconfig:/home/chinchia120/autoware.ai/install/autoware_build_flags/lib/pkgconfig:${PKG_CONFIG_PATH} PYTHONPATH=/home/chinchia120/autoware.ai/install/autoware_msgs/lib/python2.7/dist-packages:${PYTHONPATH} ROS_PACKAGE_PATH=/home/chinchia120/autoware.ai/install/rosinterface/share:/home/chinchia120/autoware.ai/install/fastvirtualscan/share:/home/chinchia120/autoware.ai/install/autoware_msgs/share:/home/chinchia120/autoware.ai/install/autoware_build_flags/share:${ROS_PACKAGE_PATH} /usr/bin/cmake --build /home/chinchia120/autoware.ai/build/points2image -- -j4 -l4
[8.203s] [35m[1mScanning dependencies of target std_srvs_generate_messages_lisp[0m
[8.229s] [  0%] Built target std_srvs_generate_messages_lisp
[8.261s] [35m[1mScanning dependencies of target tf2_msgs_generate_messages_cpp[0m
[8.300s] [  0%] Built target tf2_msgs_generate_messages_cpp
[8.329s] [35m[1mScanning dependencies of target tf2_msgs_generate_messages_py[0m
[8.357s] [  0%] Built target tf2_msgs_generate_messages_py
[8.382s] [35m[1mScanning dependencies of target actionlib_generate_messages_py[0m
[8.405s] [  0%] Built target actionlib_generate_messages_py
[8.429s] [35m[1mScanning dependencies of target actionlib_generate_messages_cpp[0m
[8.459s] [  0%] Built target actionlib_generate_messages_cpp
[8.488s] [35m[1mScanning dependencies of target tf_generate_messages_nodejs[0m
[8.516s] [  0%] Built target tf_generate_messages_nodejs
[8.543s] [35m[1mScanning dependencies of target tf_generate_messages_lisp[0m
[8.566s] [  0%] Built target tf_generate_messages_lisp
[8.599s] [35m[1mScanning dependencies of target topic_tools_generate_messages_nodejs[0m
[8.656s] [  0%] Built target topic_tools_generate_messages_nodejs
[8.685s] [35m[1mScanning dependencies of target topic_tools_generate_messages_eus[0m
[8.734s] [  0%] Built target topic_tools_generate_messages_eus
[8.771s] [35m[1mScanning dependencies of target topic_tools_generate_messages_cpp[0m
[8.808s] [  0%] Built target topic_tools_generate_messages_cpp
[8.862s] [35m[1mScanning dependencies of target std_srvs_generate_messages_py[0m
[8.906s] [  0%] Built target std_srvs_generate_messages_py
[8.946s] [35m[1mScanning dependencies of target geometry_msgs_generate_messages_py[0m
[8.991s] [  0%] Built target geometry_msgs_generate_messages_py
[9.033s] [35m[1mScanning dependencies of target sensor_msgs_generate_messages_nodejs[0m
[9.063s] [  0%] Built target sensor_msgs_generate_messages_nodejs
[9.106s] [35m[1mScanning dependencies of target roscpp_generate_messages_cpp[0m
[9.137s] [  0%] Built target roscpp_generate_messages_cpp
[9.182s] [35m[1mScanning dependencies of target pcl_msgs_generate_messages_eus[0m
[9.222s] [  0%] Built target pcl_msgs_generate_messages_eus
[9.260s] [35m[1mScanning dependencies of target rosgraph_msgs_generate_messages_eus[0m
[9.301s] [  0%] Built target rosgraph_msgs_generate_messages_eus
[9.325s] [35m[1mScanning dependencies of target jsk_recognition_msgs_generate_messages_lisp[0m
[9.354s] [  0%] Built target jsk_recognition_msgs_generate_messages_lisp
[9.390s] [35m[1mScanning dependencies of target jsk_recognition_msgs_generate_messages_eus[0m
[9.417s] [  0%] Built target jsk_recognition_msgs_generate_messages_eus
[9.459s] [35m[1mScanning dependencies of target std_msgs_generate_messages_py[0m
[9.487s] [  0%] Built target std_msgs_generate_messages_py
[9.540s] [35m[1mScanning dependencies of target std_msgs_generate_messages_nodejs[0m
[9.592s] [  0%] Built target std_msgs_generate_messages_nodejs
[9.636s] [35m[1mScanning dependencies of target bond_generate_messages_lisp[0m
[9.704s] [  0%] Built target bond_generate_messages_lisp
[9.732s] [35m[1mScanning dependencies of target sensor_msgs_generate_messages_eus[0m
[9.769s] [  0%] Built target sensor_msgs_generate_messages_eus
[9.805s] [35m[1mScanning dependencies of target sensor_msgs_generate_messages_cpp[0m
[9.833s] [  0%] Built target sensor_msgs_generate_messages_cpp
[9.873s] [35m[1mScanning dependencies of target autoware_msgs_generate_messages_cpp[0m
[9.913s] [  0%] Built target autoware_msgs_generate_messages_cpp
[9.974s] [35m[1mScanning dependencies of target rosgraph_msgs_generate_messages_cpp[0m
[10.010s] [  0%] Built target rosgraph_msgs_generate_messages_cpp
[10.066s] [35m[1mScanning dependencies of target tf_generate_messages_py[0m
[10.094s] [  0%] Built target tf_generate_messages_py
[10.141s] [35m[1mScanning dependencies of target dynamic_reconfigure_generate_messages_cpp[0m
[10.172s] [  0%] Built target dynamic_reconfigure_generate_messages_cpp
[10.210s] [35m[1mScanning dependencies of target pcl_msgs_generate_messages_nodejs[0m
[10.247s] [  0%] Built target pcl_msgs_generate_messages_nodejs
[10.280s] [35m[1mScanning dependencies of target nodelet_generate_messages_nodejs[0m
[10.302s] [  0%] Built target nodelet_generate_messages_nodejs
[10.326s] [35m[1mScanning dependencies of target jsk_recognition_msgs_generate_messages_py[0m
[10.352s] [  0%] Built target jsk_recognition_msgs_generate_messages_py
[10.385s] [35m[1mScanning dependencies of target sensor_msgs_generate_messages_lisp[0m
[10.416s] [  0%] Built target sensor_msgs_generate_messages_lisp
[10.457s] [35m[1mScanning dependencies of target std_msgs_generate_messages_cpp[0m
[10.486s] [  0%] Built target std_msgs_generate_messages_cpp
[10.528s] [35m[1mScanning dependencies of target jsk_footstep_msgs_generate_messages_py[0m
[10.568s] [  0%] Built target jsk_footstep_msgs_generate_messages_py
[10.611s] [35m[1mScanning dependencies of target sensor_msgs_generate_messages_py[0m
[10.647s] [  0%] Built target sensor_msgs_generate_messages_py
[10.696s] [35m[1mScanning dependencies of target nodelet_generate_messages_py[0m
[10.728s] [  0%] Built target nodelet_generate_messages_py
[10.758s] [35m[1mScanning dependencies of target geometry_msgs_generate_messages_eus[0m
[10.787s] [  0%] Built target geometry_msgs_generate_messages_eus
[10.815s] [35m[1mScanning dependencies of target std_msgs_generate_messages_lisp[0m
[10.899s] [  0%] Built target std_msgs_generate_messages_lisp
[10.926s] [35m[1mScanning dependencies of target roscpp_generate_messages_nodejs[0m
[10.948s] [  0%] Built target roscpp_generate_messages_nodejs
[10.982s] [35m[1mScanning dependencies of target geometry_msgs_generate_messages_nodejs[0m
[11.010s] [  0%] Built target geometry_msgs_generate_messages_nodejs
[11.042s] [35m[1mScanning dependencies of target actionlib_generate_messages_eus[0m
[11.075s] [  0%] Built target actionlib_generate_messages_eus
[11.118s] [35m[1mScanning dependencies of target pcl_msgs_generate_messages_py[0m
[11.148s] [  0%] Built target pcl_msgs_generate_messages_py
[11.173s] [35m[1mScanning dependencies of target geometry_msgs_generate_messages_lisp[0m
[11.203s] [  0%] Built target geometry_msgs_generate_messages_lisp
[11.244s] [35m[1mScanning dependencies of target actionlib_generate_messages_lisp[0m
[11.290s] [  0%] Built target actionlib_generate_messages_lisp
[11.331s] [35m[1mScanning dependencies of target geometry_msgs_generate_messages_cpp[0m
[11.354s] [  0%] Built target geometry_msgs_generate_messages_cpp
[11.385s] [35m[1mScanning dependencies of target pcl_msgs_generate_messages_cpp[0m
[11.406s] [  0%] Built target pcl_msgs_generate_messages_cpp
[11.460s] [35m[1mScanning dependencies of target dynamic_reconfigure_generate_messages_lisp[0m
[11.511s] [  0%] Built target dynamic_reconfigure_generate_messages_lisp
[11.542s] [35m[1mScanning dependencies of target topic_tools_generate_messages_lisp[0m
[11.579s] [  0%] Built target topic_tools_generate_messages_lisp
[11.599s] [35m[1mScanning dependencies of target jsk_recognition_msgs_generate_messages_cpp[0m
[11.628s] [  0%] Built target jsk_recognition_msgs_generate_messages_cpp
[11.653s] [35m[1mScanning dependencies of target autoware_msgs_generate_messages_eus[0m
[11.676s] [  0%] Built target autoware_msgs_generate_messages_eus
[11.696s] [35m[1mScanning dependencies of target autoware_msgs_generate_messages_lisp[0m
[11.721s] [  0%] Built target autoware_msgs_generate_messages_lisp
[11.747s] [35m[1mScanning dependencies of target autoware_msgs_generate_messages_py[0m
[11.800s] [  0%] Built target autoware_msgs_generate_messages_py
[11.833s] [35m[1mScanning dependencies of target nodelet_generate_messages_lisp[0m
[11.866s] [  0%] Built target nodelet_generate_messages_lisp
[11.905s] [35m[1mScanning dependencies of target actionlib_generate_messages_nodejs[0m
[11.934s] [  0%] Built target actionlib_generate_messages_nodejs
[11.961s] [35m[1mScanning dependencies of target tf_generate_messages_cpp[0m
[11.996s] [  0%] Built target tf_generate_messages_cpp
[12.020s] [35m[1mScanning dependencies of target pcl_msgs_generate_messages_lisp[0m
[12.069s] [  0%] Built target pcl_msgs_generate_messages_lisp
[12.094s] [35m[1mScanning dependencies of target std_msgs_generate_messages_eus[0m
[12.120s] [  0%] Built target std_msgs_generate_messages_eus
[12.152s] [35m[1mScanning dependencies of target autoware_msgs_generate_messages_nodejs[0m
[12.174s] [  0%] Built target autoware_msgs_generate_messages_nodejs
[12.225s] [35m[1mScanning dependencies of target jsk_footstep_msgs_generate_messages_eus[0m
[12.249s] [  0%] Built target jsk_footstep_msgs_generate_messages_eus
[12.293s] [35m[1mScanning dependencies of target actionlib_msgs_generate_messages_py[0m
[12.326s] [  0%] Built target actionlib_msgs_generate_messages_py
[12.353s] [35m[1mScanning dependencies of target jsk_footstep_msgs_generate_messages_lisp[0m
[12.406s] [  0%] Built target jsk_footstep_msgs_generate_messages_lisp
[12.443s] [35m[1mScanning dependencies of target jsk_footstep_msgs_generate_messages_nodejs[0m
[12.480s] [  0%] Built target jsk_footstep_msgs_generate_messages_nodejs
[12.513s] [35m[1mScanning dependencies of target tf_generate_messages_eus[0m
[12.560s] [  0%] Built target tf_generate_messages_eus
[12.593s] [35m[1mScanning dependencies of target jsk_footstep_msgs_generate_messages_cpp[0m
[12.614s] [  0%] Built target jsk_footstep_msgs_generate_messages_cpp
[12.638s] [35m[1mScanning dependencies of target actionlib_msgs_generate_messages_cpp[0m
[12.668s] [  0%] Built target actionlib_msgs_generate_messages_cpp
[12.715s] [35m[1mScanning dependencies of target std_srvs_generate_messages_cpp[0m
[12.751s] [  0%] Built target std_srvs_generate_messages_cpp
[12.780s] [35m[1mScanning dependencies of target actionlib_msgs_generate_messages_lisp[0m
[12.801s] [  0%] Built target actionlib_msgs_generate_messages_lisp
[12.827s] [35m[1mScanning dependencies of target jsk_recognition_msgs_generate_messages_nodejs[0m
[12.854s] [  0%] Built target jsk_recognition_msgs_generate_messages_nodejs
[12.885s] [35m[1mScanning dependencies of target std_srvs_generate_messages_eus[0m
[12.919s] [  0%] Built target std_srvs_generate_messages_eus
[12.952s] [35m[1mScanning dependencies of target roscpp_generate_messages_lisp[0m
[12.987s] [  0%] Built target roscpp_generate_messages_lisp
[13.020s] [35m[1mScanning dependencies of target bond_generate_messages_eus[0m
[13.046s] [  0%] Built target bond_generate_messages_eus
[13.070s] [35m[1mScanning dependencies of target roscpp_generate_messages_py[0m
[13.092s] [  0%] Built target roscpp_generate_messages_py
[13.119s] [35m[1mScanning dependencies of target rosgraph_msgs_generate_messages_lisp[0m
[13.149s] [  0%] Built target rosgraph_msgs_generate_messages_lisp
[13.173s] [35m[1mScanning dependencies of target rosgraph_msgs_generate_messages_nodejs[0m
[13.195s] [  0%] Built target rosgraph_msgs_generate_messages_nodejs
[13.217s] [35m[1mScanning dependencies of target roscpp_generate_messages_eus[0m
[13.243s] [  0%] Built target roscpp_generate_messages_eus
[13.274s] [35m[1mScanning dependencies of target actionlib_msgs_generate_messages_eus[0m
[13.295s] [  0%] Built target actionlib_msgs_generate_messages_eus
[13.321s] [35m[1mScanning dependencies of target rosgraph_msgs_generate_messages_py[0m
[13.372s] [  0%] Built target rosgraph_msgs_generate_messages_py
[13.400s] [35m[1mScanning dependencies of target pcl_ros_gencfg[0m
[13.427s] [  0%] Built target pcl_ros_gencfg
[13.454s] [35m[1mScanning dependencies of target dynamic_reconfigure_generate_messages_eus[0m
[13.478s] [  0%] Built target dynamic_reconfigure_generate_messages_eus
[13.502s] [35m[1mScanning dependencies of target dynamic_reconfigure_generate_messages_nodejs[0m
[13.528s] [  0%] Built target dynamic_reconfigure_generate_messages_nodejs
[13.553s] [35m[1mScanning dependencies of target dynamic_reconfigure_generate_messages_py[0m
[13.585s] [  0%] Built target dynamic_reconfigure_generate_messages_py
[13.611s] [35m[1mScanning dependencies of target tf2_msgs_generate_messages_lisp[0m
[13.640s] [  0%] Built target tf2_msgs_generate_messages_lisp
[13.667s] [35m[1mScanning dependencies of target dynamic_reconfigure_gencfg[0m
[13.696s] [  0%] Built target dynamic_reconfigure_gencfg
[13.724s] [35m[1mScanning dependencies of target nodelet_generate_messages_cpp[0m
[13.754s] [  0%] Built target nodelet_generate_messages_cpp
[13.784s] [35m[1mScanning dependencies of target bond_generate_messages_py[0m
[13.806s] [  0%] Built target bond_generate_messages_py
[13.830s] [35m[1mScanning dependencies of target std_srvs_generate_messages_nodejs[0m
[13.852s] [  0%] Built target std_srvs_generate_messages_nodejs
[13.878s] [35m[1mScanning dependencies of target nodelet_generate_messages_eus[0m
[13.914s] [  0%] Built target nodelet_generate_messages_eus
[13.940s] [35m[1mScanning dependencies of target bond_generate_messages_cpp[0m
[13.964s] [  0%] Built target bond_generate_messages_cpp
[13.994s] [35m[1mScanning dependencies of target bond_generate_messages_nodejs[0m
[14.018s] [  0%] Built target bond_generate_messages_nodejs
[14.046s] [35m[1mScanning dependencies of target topic_tools_generate_messages_py[0m
[14.079s] [  0%] Built target topic_tools_generate_messages_py
[14.102s] [35m[1mScanning dependencies of target actionlib_msgs_generate_messages_nodejs[0m
[14.132s] [  0%] Built target actionlib_msgs_generate_messages_nodejs
[14.165s] [35m[1mScanning dependencies of target nodelet_topic_tools_gencfg[0m
[14.200s] [  0%] Built target nodelet_topic_tools_gencfg
[14.231s] [35m[1mScanning dependencies of target _catkin_empty_exported_target[0m
[14.254s] [  0%] Built target _catkin_empty_exported_target
[14.281s] [35m[1mScanning dependencies of target vscan2linelist_autogen[0m
[14.305s] [  4%] [34m[1mAutomatic MOC for target vscan2linelist[0m
[14.376s] [  4%] Built target vscan2linelist_autogen
[14.411s] [35m[1mScanning dependencies of target tf2_msgs_generate_messages_eus[0m
[14.447s] [  4%] Built target tf2_msgs_generate_messages_eus
[14.485s] [35m[1mScanning dependencies of target vscan2linelist[0m
[14.613s] [  9%] [32mBuilding CXX object CMakeFiles/vscan2linelist.dir/nodes/vscan2linelist/vscan2linelist.cpp.o[0m
[29.827s] [ 13%] [32mBuilding CXX object CMakeFiles/vscan2linelist.dir/vscan2linelist_autogen/mocs_compilation.cpp.o[0m
[29.878s] [ 18%] [32m[1mLinking CXX executable devel/lib/points2image/vscan2linelist[0m
[30.717s] [ 18%] Built target vscan2linelist
[30.740s] [35m[1mScanning dependencies of target tf2_msgs_generate_messages_nodejs[0m
[30.765s] [ 18%] Built target tf2_msgs_generate_messages_nodejs
[30.800s] [35m[1mScanning dependencies of target points_image_autogen[0m
[30.826s] [ 22%] [34m[1mAutomatic MOC for target points_image[0m
[30.884s] [ 22%] Built target points_image_autogen
[30.917s] [35m[1mScanning dependencies of target points_image[0m
[30.970s] [ 27%] [32mBuilding CXX object CMakeFiles/points_image.dir/lib/points_image/points_image.cpp.o[0m
[35.100s] [ 31%] [32mBuilding CXX object CMakeFiles/points_image.dir/points_image_autogen/mocs_compilation.cpp.o[0m
[35.158s] [ 36%] [32m[1mLinking CXX shared library devel/lib/libpoints_image.so[0m
[35.788s] [ 36%] Built target points_image
[35.821s] [35m[1mScanning dependencies of target vscan2image_autogen[0m
[35.855s] [ 40%] [34m[1mAutomatic MOC for target vscan2image[0m
[35.917s] [ 40%] Built target vscan2image_autogen
[35.944s] [35m[1mScanning dependencies of target points2vscan_autogen[0m
[35.978s] [ 45%] [34m[1mAutomatic MOC for target points2vscan[0m
[38.637s] [ 45%] Built target points2vscan_autogen
[38.695s] [35m[1mScanning dependencies of target vscan2image[0m
[38.773s] [ 50%] [32mBuilding CXX object CMakeFiles/vscan2image.dir/nodes/vscan2image/vscan2image.cpp.o[0m
[55.084s] [ 54%] [32mBuilding CXX object CMakeFiles/vscan2image.dir/vscan2image_autogen/mocs_compilation.cpp.o[0m
[55.142s] [ 59%] [32m[1mLinking CXX executable devel/lib/points2image/vscan2image[0m
[56.783s] [ 59%] Built target vscan2image
[56.814s] [ 63%] [34m[1mGenerating ui_mainwindow.h[0m
[56.928s] [35m[1mScanning dependencies of target points2vscan[0m
[57.134s] [ 68%] [32mBuilding CXX object CMakeFiles/points2vscan.dir/nodes/points2vscan/main.cpp.o[0m
[69.998s] [ 72%] [32mBuilding CXX object CMakeFiles/points2vscan.dir/points2vscan_autogen/mocs_compilation.cpp.o[0m
[82.167s] [ 77%] [32mBuilding CXX object CMakeFiles/points2vscan.dir/nodes/points2vscan/mainwindow.cpp.o[0m
[94.164s] [ 81%] [32m[1mLinking CXX executable devel/lib/points2image/points2vscan[0m
[100.023s] [ 81%] Built target points2vscan
[100.044s] [35m[1mScanning dependencies of target points2image_autogen[0m
[100.068s] [ 86%] [34m[1mAutomatic MOC for target points2image[0m
[100.125s] [ 86%] Built target points2image_autogen
[100.151s] [35m[1mScanning dependencies of target points2image[0m
[100.207s] [ 90%] [32mBuilding CXX object CMakeFiles/points2image.dir/nodes/points2image/points2image.cpp.o[0m
[108.574s] [ 95%] [32mBuilding CXX object CMakeFiles/points2image.dir/points2image_autogen/mocs_compilation.cpp.o[0m
[108.633s] [100%] [32m[1mLinking CXX executable devel/lib/points2image/points2image[0m
[109.969s] [100%] Built target points2image
[110.003s] Invoked command in '/home/chinchia120/autoware.ai/build/points2image' returned '0': CMAKE_PREFIX_PATH=/home/chinchia120/autoware.ai/install/rosinterface:/home/chinchia120/autoware.ai/install/fastvirtualscan:/home/chinchia120/autoware.ai/install/autoware_msgs:/home/chinchia120/autoware.ai/install/autoware_build_flags:${CMAKE_PREFIX_PATH} LD_LIBRARY_PATH=/home/chinchia120/autoware.ai/install/rosinterface/lib:/home/chinchia120/autoware.ai/install/fastvirtualscan/lib:${LD_LIBRARY_PATH} PKG_CONFIG_PATH=/home/chinchia120/autoware.ai/install/rosinterface/lib/x86_64-linux-gnu/pkgconfig:/home/chinchia120/autoware.ai/install/rosinterface/lib/pkgconfig:/home/chinchia120/autoware.ai/install/fastvirtualscan/lib/x86_64-linux-gnu/pkgconfig:/home/chinchia120/autoware.ai/install/fastvirtualscan/lib/pkgconfig:/home/chinchia120/autoware.ai/install/autoware_msgs/lib/x86_64-linux-gnu/pkgconfig:/home/chinchia120/autoware.ai/install/autoware_msgs/lib/pkgconfig:/home/chinchia120/autoware.ai/install/autoware_build_flags/lib/x86_64-linux-gnu/pkgconfig:/home/chinchia120/autoware.ai/install/autoware_build_flags/lib/pkgconfig:${PKG_CONFIG_PATH} PYTHONPATH=/home/chinchia120/autoware.ai/install/autoware_msgs/lib/python2.7/dist-packages:${PYTHONPATH} ROS_PACKAGE_PATH=/home/chinchia120/autoware.ai/install/rosinterface/share:/home/chinchia120/autoware.ai/install/fastvirtualscan/share:/home/chinchia120/autoware.ai/install/autoware_msgs/share:/home/chinchia120/autoware.ai/install/autoware_build_flags/share:${ROS_PACKAGE_PATH} /usr/bin/cmake --build /home/chinchia120/autoware.ai/build/points2image -- -j4 -l4
[110.366s] Invoking command in '/home/chinchia120/autoware.ai/build/points2image': CMAKE_PREFIX_PATH=/home/chinchia120/autoware.ai/install/rosinterface:/home/chinchia120/autoware.ai/install/fastvirtualscan:/home/chinchia120/autoware.ai/install/autoware_msgs:/home/chinchia120/autoware.ai/install/autoware_build_flags:${CMAKE_PREFIX_PATH} LD_LIBRARY_PATH=/home/chinchia120/autoware.ai/install/rosinterface/lib:/home/chinchia120/autoware.ai/install/fastvirtualscan/lib:${LD_LIBRARY_PATH} PKG_CONFIG_PATH=/home/chinchia120/autoware.ai/install/rosinterface/lib/x86_64-linux-gnu/pkgconfig:/home/chinchia120/autoware.ai/install/rosinterface/lib/pkgconfig:/home/chinchia120/autoware.ai/install/fastvirtualscan/lib/x86_64-linux-gnu/pkgconfig:/home/chinchia120/autoware.ai/install/fastvirtualscan/lib/pkgconfig:/home/chinchia120/autoware.ai/install/autoware_msgs/lib/x86_64-linux-gnu/pkgconfig:/home/chinchia120/autoware.ai/install/autoware_msgs/lib/pkgconfig:/home/chinchia120/autoware.ai/install/autoware_build_flags/lib/x86_64-linux-gnu/pkgconfig:/home/chinchia120/autoware.ai/install/autoware_build_flags/lib/pkgconfig:${PKG_CONFIG_PATH} PYTHONPATH=/home/chinchia120/autoware.ai/install/autoware_msgs/lib/python2.7/dist-packages:${PYTHONPATH} ROS_PACKAGE_PATH=/home/chinchia120/autoware.ai/install/rosinterface/share:/home/chinchia120/autoware.ai/install/fastvirtualscan/share:/home/chinchia120/autoware.ai/install/autoware_msgs/share:/home/chinchia120/autoware.ai/install/autoware_build_flags/share:${ROS_PACKAGE_PATH} /usr/bin/cmake --build /home/chinchia120/autoware.ai/build/points2image --target tests -- -j4 -l4
[110.531s] [35m[1mScanning dependencies of target tests[0m
[110.558s] Built target tests
[110.583s] Invoked command in '/home/chinchia120/autoware.ai/build/points2image' returned '0': CMAKE_PREFIX_PATH=/home/chinchia120/autoware.ai/install/rosinterface:/home/chinchia120/autoware.ai/install/fastvirtualscan:/home/chinchia120/autoware.ai/install/autoware_msgs:/home/chinchia120/autoware.ai/install/autoware_build_flags:${CMAKE_PREFIX_PATH} LD_LIBRARY_PATH=/home/chinchia120/autoware.ai/install/rosinterface/lib:/home/chinchia120/autoware.ai/install/fastvirtualscan/lib:${LD_LIBRARY_PATH} PKG_CONFIG_PATH=/home/chinchia120/autoware.ai/install/rosinterface/lib/x86_64-linux-gnu/pkgconfig:/home/chinchia120/autoware.ai/install/rosinterface/lib/pkgconfig:/home/chinchia120/autoware.ai/install/fastvirtualscan/lib/x86_64-linux-gnu/pkgconfig:/home/chinchia120/autoware.ai/install/fastvirtualscan/lib/pkgconfig:/home/chinchia120/autoware.ai/install/autoware_msgs/lib/x86_64-linux-gnu/pkgconfig:/home/chinchia120/autoware.ai/install/autoware_msgs/lib/pkgconfig:/home/chinchia120/autoware.ai/install/autoware_build_flags/lib/x86_64-linux-gnu/pkgconfig:/home/chinchia120/autoware.ai/install/autoware_build_flags/lib/pkgconfig:${PKG_CONFIG_PATH} PYTHONPATH=/home/chinchia120/autoware.ai/install/autoware_msgs/lib/python2.7/dist-packages:${PYTHONPATH} ROS_PACKAGE_PATH=/home/chinchia120/autoware.ai/install/rosinterface/share:/home/chinchia120/autoware.ai/install/fastvirtualscan/share:/home/chinchia120/autoware.ai/install/autoware_msgs/share:/home/chinchia120/autoware.ai/install/autoware_build_flags/share:${ROS_PACKAGE_PATH} /usr/bin/cmake --build /home/chinchia120/autoware.ai/build/points2image --target tests -- -j4 -l4
[111.274s] Invoking command in '/home/chinchia120/autoware.ai/build/points2image': CMAKE_PREFIX_PATH=/home/chinchia120/autoware.ai/install/rosinterface:/home/chinchia120/autoware.ai/install/fastvirtualscan:/home/chinchia120/autoware.ai/install/autoware_msgs:/home/chinchia120/autoware.ai/install/autoware_build_flags:${CMAKE_PREFIX_PATH} LD_LIBRARY_PATH=/home/chinchia120/autoware.ai/install/rosinterface/lib:/home/chinchia120/autoware.ai/install/fastvirtualscan/lib:${LD_LIBRARY_PATH} PKG_CONFIG_PATH=/home/chinchia120/autoware.ai/install/rosinterface/lib/x86_64-linux-gnu/pkgconfig:/home/chinchia120/autoware.ai/install/rosinterface/lib/pkgconfig:/home/chinchia120/autoware.ai/install/fastvirtualscan/lib/x86_64-linux-gnu/pkgconfig:/home/chinchia120/autoware.ai/install/fastvirtualscan/lib/pkgconfig:/home/chinchia120/autoware.ai/install/autoware_msgs/lib/x86_64-linux-gnu/pkgconfig:/home/chinchia120/autoware.ai/install/autoware_msgs/lib/pkgconfig:/home/chinchia120/autoware.ai/install/autoware_build_flags/lib/x86_64-linux-gnu/pkgconfig:/home/chinchia120/autoware.ai/install/autoware_build_flags/lib/pkgconfig:${PKG_CONFIG_PATH} PYTHONPATH=/home/chinchia120/autoware.ai/install/autoware_msgs/lib/python2.7/dist-packages:${PYTHONPATH} ROS_PACKAGE_PATH=/home/chinchia120/autoware.ai/install/rosinterface/share:/home/chinchia120/autoware.ai/install/fastvirtualscan/share:/home/chinchia120/autoware.ai/install/autoware_msgs/share:/home/chinchia120/autoware.ai/install/autoware_build_flags/share:${ROS_PACKAGE_PATH} /usr/bin/cmake --build /home/chinchia120/autoware.ai/build/points2image --target install -- -j4 -l4
[111.435s] [  0%] Built target std_srvs_generate_messages_lisp
[111.493s] [  0%] Built target tf2_msgs_generate_messages_cpp
[111.553s] [  0%] Built target tf2_msgs_generate_messages_py
[111.608s] [  0%] Built target actionlib_generate_messages_py
[111.667s] [  0%] Built target actionlib_generate_messages_cpp
[111.716s] [  0%] Built target tf_generate_messages_nodejs
[111.778s] [  0%] Built target tf_generate_messages_lisp
[111.835s] [  0%] Built target topic_tools_generate_messages_nodejs
[111.893s] [  0%] Built target topic_tools_generate_messages_eus
[111.952s] [  0%] Built target topic_tools_generate_messages_cpp
[112.005s] [  0%] Built target std_srvs_generate_messages_py
[112.068s] [  0%] Built target geometry_msgs_generate_messages_py
[112.120s] [  0%] Built target sensor_msgs_generate_messages_nodejs
[112.182s] [  0%] Built target roscpp_generate_messages_cpp
[112.243s] [  0%] Built target pcl_msgs_generate_messages_eus
[112.295s] [  0%] Built target rosgraph_msgs_generate_messages_eus
[112.349s] [  0%] Built target jsk_recognition_msgs_generate_messages_lisp
[112.403s] [  0%] Built target jsk_recognition_msgs_generate_messages_eus
[112.461s] [  0%] Built target std_msgs_generate_messages_py
[112.522s] [  0%] Built target std_msgs_generate_messages_nodejs
[112.581s] [  0%] Built target bond_generate_messages_lisp
[112.649s] [  0%] Built target sensor_msgs_generate_messages_eus
[112.711s] [  0%] Built target sensor_msgs_generate_messages_cpp
[112.771s] [  0%] Built target autoware_msgs_generate_messages_cpp
[112.833s] [  0%] Built target rosgraph_msgs_generate_messages_cpp
[112.887s] [  0%] Built target tf_generate_messages_py
[112.941s] [  0%] Built target dynamic_reconfigure_generate_messages_cpp
[113.002s] [  0%] Built target pcl_msgs_generate_messages_nodejs
[113.069s] [  0%] Built target nodelet_generate_messages_nodejs
[113.131s] [  0%] Built target jsk_recognition_msgs_generate_messages_py
[113.196s] [  0%] Built target sensor_msgs_generate_messages_lisp
[113.267s] [  0%] Built target std_msgs_generate_messages_cpp
[113.330s] [  0%] Built target jsk_footstep_msgs_generate_messages_py
[113.393s] [  0%] Built target sensor_msgs_generate_messages_py
[113.443s] [  0%] Built target nodelet_generate_messages_py
[113.500s] [  0%] Built target geometry_msgs_generate_messages_eus
[113.551s] [  0%] Built target std_msgs_generate_messages_lisp
[113.604s] [  0%] Built target roscpp_generate_messages_nodejs
[113.650s] [  0%] Built target geometry_msgs_generate_messages_nodejs
[113.697s] [  0%] Built target actionlib_generate_messages_eus
[113.751s] [  0%] Built target pcl_msgs_generate_messages_py
[113.807s] [  0%] Built target geometry_msgs_generate_messages_lisp
[113.865s] [  0%] Built target actionlib_generate_messages_lisp
[113.922s] [  0%] Built target geometry_msgs_generate_messages_cpp
[113.967s] [  0%] Built target pcl_msgs_generate_messages_cpp
[114.012s] [  0%] Built target dynamic_reconfigure_generate_messages_lisp
[114.057s] [  0%] Built target topic_tools_generate_messages_lisp
[114.117s] [  0%] Built target jsk_recognition_msgs_generate_messages_cpp
[114.176s] [  0%] Built target autoware_msgs_generate_messages_eus
[114.242s] [  0%] Built target autoware_msgs_generate_messages_lisp
[114.291s] [  0%] Built target autoware_msgs_generate_messages_py
[114.343s] [  0%] Built target nodelet_generate_messages_lisp
[114.399s] [  0%] Built target actionlib_generate_messages_nodejs
[114.442s] [  0%] Built target tf_generate_messages_cpp
[114.496s] [  0%] Built target pcl_msgs_generate_messages_lisp
[114.553s] [  0%] Built target std_msgs_generate_messages_eus
[114.612s] [  0%] Built target autoware_msgs_generate_messages_nodejs
[114.674s] [  0%] Built target jsk_footstep_msgs_generate_messages_eus
[114.743s] [  0%] Built target actionlib_msgs_generate_messages_py
[114.796s] [  0%] Built target jsk_footstep_msgs_generate_messages_lisp
[114.850s] [  0%] Built target jsk_footstep_msgs_generate_messages_nodejs
[114.901s] [  0%] Built target tf_generate_messages_eus
[114.949s] [  0%] Built target jsk_footstep_msgs_generate_messages_cpp
[115.007s] [  0%] Built target actionlib_msgs_generate_messages_cpp
[115.069s] [  0%] Built target std_srvs_generate_messages_cpp
[115.117s] [  0%] Built target actionlib_msgs_generate_messages_lisp
[115.182s] [  0%] Built target jsk_recognition_msgs_generate_messages_nodejs
[115.237s] [  0%] Built target std_srvs_generate_messages_eus
[115.293s] [  0%] Built target roscpp_generate_messages_lisp
[115.346s] [  0%] Built target bond_generate_messages_eus
[115.393s] [  0%] Built target roscpp_generate_messages_py
[115.450s] [  0%] Built target rosgraph_msgs_generate_messages_lisp
[115.513s] [  0%] Built target rosgraph_msgs_generate_messages_nodejs
[115.566s] [  0%] Built target roscpp_generate_messages_eus
[115.627s] [  0%] Built target actionlib_msgs_generate_messages_eus
[115.678s] [  0%] Built target rosgraph_msgs_generate_messages_py
[115.738s] [  0%] Built target pcl_ros_gencfg
[115.799s] [  0%] Built target dynamic_reconfigure_generate_messages_eus
[115.846s] [  0%] Built target dynamic_reconfigure_generate_messages_nodejs
[115.901s] [  0%] Built target dynamic_reconfigure_generate_messages_py
[115.950s] [  0%] Built target tf2_msgs_generate_messages_lisp
[115.997s] [  0%] Built target dynamic_reconfigure_gencfg
[116.058s] [  0%] Built target nodelet_generate_messages_cpp
[116.106s] [  0%] Built target bond_generate_messages_py
[116.155s] [  0%] Built target std_srvs_generate_messages_nodejs
[116.214s] [  0%] Built target nodelet_generate_messages_eus
[116.266s] [  0%] Built target bond_generate_messages_cpp
[116.311s] [  0%] Built target bond_generate_messages_nodejs
[116.363s] [  0%] Built target topic_tools_generate_messages_py
[116.423s] [  0%] Built target actionlib_msgs_generate_messages_nodejs
[116.489s] [  0%] Built target nodelet_topic_tools_gencfg
[116.543s] [  0%] Built target _catkin_empty_exported_target
[116.594s] [  4%] [34m[1mAutomatic MOC for target vscan2linelist[0m
[116.639s] [  4%] Built target vscan2linelist_autogen
[116.689s] [  4%] Built target tf2_msgs_generate_messages_eus
[116.786s] [ 18%] Built target vscan2linelist
[116.836s] [ 18%] Built target tf2_msgs_generate_messages_nodejs
[116.894s] [ 22%] [34m[1mAutomatic MOC for target points_image[0m
[116.941s] [ 22%] Built target points_image_autogen
[117.024s] [ 36%] Built target points_image
[117.096s] [ 40%] [34m[1mAutomatic MOC for target vscan2image[0m
[117.145s] [ 40%] Built target vscan2image_autogen
[117.201s] [ 45%] [34m[1mAutomatic MOC for target points2vscan[0m
[117.250s] [ 45%] Built target points2vscan_autogen
[117.312s] [ 59%] Built target vscan2image
[117.415s] [ 81%] Built target points2vscan
[117.462s] [ 86%] [34m[1mAutomatic MOC for target points2image[0m
[117.513s] [ 86%] Built target points2image_autogen
[117.588s] [100%] Built target points2image
[117.645s] [36mInstall the project...[0m
[117.679s] -- Install configuration: "Release"
[117.679s] -- Installing: /home/chinchia120/autoware.ai/install/points2image/lib/pkgconfig/points2image.pc
[117.680s] -- Installing: /home/chinchia120/autoware.ai/install/points2image/share/points2image/cmake/points2imageConfig.cmake
[117.681s] -- Installing: /home/chinchia120/autoware.ai/install/points2image/share/points2image/cmake/points2imageConfig-version.cmake
[117.682s] -- Installing: /home/chinchia120/autoware.ai/install/points2image/share/points2image/package.xml
[117.682s] -- Installing: /home/chinchia120/autoware.ai/install/points2image/lib/libpoints_image.so
[117.687s] -- Set runtime path of "/home/chinchia120/autoware.ai/install/points2image/lib/libpoints_image.so" to ""
[117.687s] -- Installing: /home/chinchia120/autoware.ai/install/points2image/lib/points2image/vscan2linelist
[117.712s] -- Set runtime path of "/home/chinchia120/autoware.ai/install/points2image/lib/points2image/vscan2linelist" to ""
[117.713s] -- Installing: /home/chinchia120/autoware.ai/install/points2image/lib/points2image/vscan2image
[117.719s] -- Set runtime path of "/home/chinchia120/autoware.ai/install/points2image/lib/points2image/vscan2image" to ""
[117.719s] -- Installing: /home/chinchia120/autoware.ai/install/points2image/lib/points2image/points2image
[117.727s] -- Set runtime path of "/home/chinchia120/autoware.ai/install/points2image/lib/points2image/points2image" to ""
[117.728s] -- Installing: /home/chinchia120/autoware.ai/install/points2image/lib/points2image/points2vscan
[117.740s] -- Set runtime path of "/home/chinchia120/autoware.ai/install/points2image/lib/points2image/points2vscan" to ""
[117.753s] Invoked command in '/home/chinchia120/autoware.ai/build/points2image' returned '0': CMAKE_PREFIX_PATH=/home/chinchia120/autoware.ai/install/rosinterface:/home/chinchia120/autoware.ai/install/fastvirtualscan:/home/chinchia120/autoware.ai/install/autoware_msgs:/home/chinchia120/autoware.ai/install/autoware_build_flags:${CMAKE_PREFIX_PATH} LD_LIBRARY_PATH=/home/chinchia120/autoware.ai/install/rosinterface/lib:/home/chinchia120/autoware.ai/install/fastvirtualscan/lib:${LD_LIBRARY_PATH} PKG_CONFIG_PATH=/home/chinchia120/autoware.ai/install/rosinterface/lib/x86_64-linux-gnu/pkgconfig:/home/chinchia120/autoware.ai/install/rosinterface/lib/pkgconfig:/home/chinchia120/autoware.ai/install/fastvirtualscan/lib/x86_64-linux-gnu/pkgconfig:/home/chinchia120/autoware.ai/install/fastvirtualscan/lib/pkgconfig:/home/chinchia120/autoware.ai/install/autoware_msgs/lib/x86_64-linux-gnu/pkgconfig:/home/chinchia120/autoware.ai/install/autoware_msgs/lib/pkgconfig:/home/chinchia120/autoware.ai/install/autoware_build_flags/lib/x86_64-linux-gnu/pkgconfig:/home/chinchia120/autoware.ai/install/autoware_build_flags/lib/pkgconfig:${PKG_CONFIG_PATH} PYTHONPATH=/home/chinchia120/autoware.ai/install/autoware_msgs/lib/python2.7/dist-packages:${PYTHONPATH} ROS_PACKAGE_PATH=/home/chinchia120/autoware.ai/install/rosinterface/share:/home/chinchia120/autoware.ai/install/fastvirtualscan/share:/home/chinchia120/autoware.ai/install/autoware_msgs/share:/home/chinchia120/autoware.ai/install/autoware_build_flags/share:${ROS_PACKAGE_PATH} /usr/bin/cmake --build /home/chinchia120/autoware.ai/build/points2image --target install -- -j4 -l4
