[0.036s] Invoking command in '/home/chinchia120/autoware.ai/build/sick_ldmrs_driver': CMAKE_PREFIX_PATH=/home/chinchia120/autoware.ai/install/sick_ldmrs_msgs:/home/chinchia120/autoware.ai/install/sick_ldmrs_description:${CMAKE_PREFIX_PATH} PKG_CONFIG_PATH=/home/chinchia120/autoware.ai/install/sick_ldmrs_msgs/lib/x86_64-linux-gnu/pkgconfig:/home/chinchia120/autoware.ai/install/sick_ldmrs_msgs/lib/pkgconfig:/home/chinchia120/autoware.ai/install/sick_ldmrs_description/lib/x86_64-linux-gnu/pkgconfig:/home/chinchia120/autoware.ai/install/sick_ldmrs_description/lib/pkgconfig:${PKG_CONFIG_PATH} PYTHONPATH=/home/chinchia120/autoware.ai/install/sick_ldmrs_msgs/lib/python2.7/dist-packages:${PYTHONPATH} ROS_PACKAGE_PATH=/home/chinchia120/autoware.ai/install/sick_ldmrs_msgs/share:/home/chinchia120/autoware.ai/install/sick_ldmrs_description/share:${ROS_PACKAGE_PATH} /usr/bin/cmake /home/chinchia120/autoware.ai/src/drivers/awf_drivers/sick_ldmrs_driver -DCMAKE_BUILD_TYPE=Release -DCATKIN_INSTALL_INTO_PREFIX_ROOT=0 -DCMAKE_INSTALL_PREFIX=/home/chinchia120/autoware.ai/install/sick_ldmrs_driver
[0.197s] -- The C compiler identification is GNU 7.5.0
[0.348s] -- The CXX compiler identification is GNU 7.5.0
[0.359s] -- Check for working C compiler: /usr/bin/cc
[0.539s] -- Check for working C compiler: /usr/bin/cc -- works
[0.547s] -- Detecting C compiler ABI info
[0.691s] -- Detecting C compiler ABI info - done
[0.706s] -- Detecting C compile features
[1.171s] -- Detecting C compile features - done
[1.174s] -- Check for working CXX compiler: /usr/bin/c++
[1.363s] -- Check for working CXX compiler: /usr/bin/c++ -- works
[1.372s] -- Detecting CXX compiler ABI info
[1.571s] -- Detecting CXX compiler ABI info - done
[1.587s] -- Detecting CXX compile features
[2.342s] -- Detecting CXX compile features - done
[2.346s] -- Using CATKIN_DEVEL_PREFIX: /home/chinchia120/autoware.ai/build/sick_ldmrs_driver/devel
[2.347s] -- Using CMAKE_PREFIX_PATH: /home/chinchia120/autoware.ai/install/sick_ldmrs_msgs;/home/chinchia120/autoware.ai/install/sick_ldmrs_description;/home/chinchia120/catkin_ws/devel;/opt/ros/melodic
[2.348s] -- This workspace overlays: /home/chinchia120/autoware.ai/install/sick_ldmrs_msgs;/home/chinchia120/autoware.ai/install/sick_ldmrs_description;/home/chinchia120/catkin_ws/devel;/opt/ros/melodic
[2.382s] -- Found PythonInterp: /usr/bin/python2 (found suitable version "2.7.17", minimum required is "2") 
[2.383s] -- Using PYTHON_EXECUTABLE: /usr/bin/python2
[2.384s] -- Using Debian Python package layout
[2.385s] -- Using empy: /usr/bin/empy
[2.660s] -- Using CATKIN_ENABLE_TESTING: ON
[2.660s] -- Call enable_testing()
[2.665s] -- Using CATKIN_TEST_RESULTS_DIR: /home/chinchia120/autoware.ai/build/sick_ldmrs_driver/test_results
[2.702s] -- Found gtest sources under '/usr/src/googletest': gtests will be built
[2.702s] -- Found gmock sources under '/usr/src/googletest': gmock will be built
[2.741s] -- Found PythonInterp: /usr/bin/python2 (found version "2.7.17") 
[2.744s] -- Looking for pthread.h
[2.897s] -- Looking for pthread.h - found
[2.898s] -- Looking for pthread_create
[3.066s] -- Looking for pthread_create - not found
[3.068s] -- Looking for pthread_create in pthreads
[3.216s] -- Looking for pthread_create in pthreads - not found
[3.216s] -- Looking for pthread_create in pthread
[3.382s] -- Looking for pthread_create in pthread - found
[3.386s] -- Found Threads: TRUE  
[3.397s] -- Using Python nosetests: /usr/bin/nosetests-2.7
[3.515s] -- catkin 0.7.29
[3.516s] -- BUILD_SHARED_LIBS is on
[4.729s] -- Using these message generators: gencpp;geneus;genlisp;gennodejs;genpy
[5.131s] -- Boost version: 1.65.1
[5.131s] -- Found the following Boost libraries:
[5.132s] --   system
[5.462s] -- Configuring done
[5.625s] -- Generating done
[5.648s] -- Build files have been written to: /home/chinchia120/autoware.ai/build/sick_ldmrs_driver
[5.659s] Invoked command in '/home/chinchia120/autoware.ai/build/sick_ldmrs_driver' returned '0': CMAKE_PREFIX_PATH=/home/chinchia120/autoware.ai/install/sick_ldmrs_msgs:/home/chinchia120/autoware.ai/install/sick_ldmrs_description:${CMAKE_PREFIX_PATH} PKG_CONFIG_PATH=/home/chinchia120/autoware.ai/install/sick_ldmrs_msgs/lib/x86_64-linux-gnu/pkgconfig:/home/chinchia120/autoware.ai/install/sick_ldmrs_msgs/lib/pkgconfig:/home/chinchia120/autoware.ai/install/sick_ldmrs_description/lib/x86_64-linux-gnu/pkgconfig:/home/chinchia120/autoware.ai/install/sick_ldmrs_description/lib/pkgconfig:${PKG_CONFIG_PATH} PYTHONPATH=/home/chinchia120/autoware.ai/install/sick_ldmrs_msgs/lib/python2.7/dist-packages:${PYTHONPATH} ROS_PACKAGE_PATH=/home/chinchia120/autoware.ai/install/sick_ldmrs_msgs/share:/home/chinchia120/autoware.ai/install/sick_ldmrs_description/share:${ROS_PACKAGE_PATH} /usr/bin/cmake /home/chinchia120/autoware.ai/src/drivers/awf_drivers/sick_ldmrs_driver -DCMAKE_BUILD_TYPE=Release -DCATKIN_INSTALL_INTO_PREFIX_ROOT=0 -DCMAKE_INSTALL_PREFIX=/home/chinchia120/autoware.ai/install/sick_ldmrs_driver
[5.665s] Invoking command in '/home/chinchia120/autoware.ai/build/sick_ldmrs_driver': CMAKE_PREFIX_PATH=/home/chinchia120/autoware.ai/install/sick_ldmrs_msgs:/home/chinchia120/autoware.ai/install/sick_ldmrs_description:${CMAKE_PREFIX_PATH} PKG_CONFIG_PATH=/home/chinchia120/autoware.ai/install/sick_ldmrs_msgs/lib/x86_64-linux-gnu/pkgconfig:/home/chinchia120/autoware.ai/install/sick_ldmrs_msgs/lib/pkgconfig:/home/chinchia120/autoware.ai/install/sick_ldmrs_description/lib/x86_64-linux-gnu/pkgconfig:/home/chinchia120/autoware.ai/install/sick_ldmrs_description/lib/pkgconfig:${PKG_CONFIG_PATH} PYTHONPATH=/home/chinchia120/autoware.ai/install/sick_ldmrs_msgs/lib/python2.7/dist-packages:${PYTHONPATH} ROS_PACKAGE_PATH=/home/chinchia120/autoware.ai/install/sick_ldmrs_msgs/share:/home/chinchia120/autoware.ai/install/sick_ldmrs_description/share:${ROS_PACKAGE_PATH} /usr/bin/cmake --build /home/chinchia120/autoware.ai/build/sick_ldmrs_driver -- -j4 -l4
[5.764s] [35m[1mScanning dependencies of target sick_ldmrs_driver_gencfg[0m
[5.801s] [  1%] [34m[1mGenerating dynamic reconfigure files from cfg/SickLDMRSDriver.cfg: /home/chinchia120/autoware.ai/build/sick_ldmrs_driver/devel/include/sick_ldmrs_driver/SickLDMRSDriverConfig.h /home/chinchia120/autoware.ai/build/sick_ldmrs_driver/devel/lib/python2.7/dist-packages/sick_ldmrs_driver/cfg/SickLDMRSDriverConfig.py[0m
[5.972s] Generating reconfiguration files for SickLDMRSDriver in sick_ldmrs_driver
[5.982s] Wrote header file in /home/chinchia120/autoware.ai/build/sick_ldmrs_driver/devel/include/sick_ldmrs_driver/SickLDMRSDriverConfig.h
[6.113s] [  1%] Built target sick_ldmrs_driver_gencfg
[6.140s] [35m[1mScanning dependencies of target pcl_msgs_generate_messages_eus[0m
[6.164s] [  1%] Built target pcl_msgs_generate_messages_eus
[6.193s] [35m[1mScanning dependencies of target pcl_msgs_generate_messages_cpp[0m
[6.218s] [  1%] Built target pcl_msgs_generate_messages_cpp
[6.249s] [35m[1mScanning dependencies of target dynamic_reconfigure_generate_messages_lisp[0m
[6.273s] [  1%] Built target dynamic_reconfigure_generate_messages_lisp
[6.297s] [35m[1mScanning dependencies of target dynamic_reconfigure_generate_messages_py[0m
[6.324s] [  1%] Built target dynamic_reconfigure_generate_messages_py
[6.354s] [35m[1mScanning dependencies of target diagnostic_msgs_generate_messages_nodejs[0m
[6.383s] [  1%] Built target diagnostic_msgs_generate_messages_nodejs
[6.424s] [35m[1mScanning dependencies of target rosgraph_msgs_generate_messages_lisp[0m
[6.456s] [  1%] Built target rosgraph_msgs_generate_messages_lisp
[6.479s] [35m[1mScanning dependencies of target rosgraph_msgs_generate_messages_eus[0m
[6.501s] [  1%] Built target rosgraph_msgs_generate_messages_eus
[6.535s] [35m[1mScanning dependencies of target dynamic_reconfigure_generate_messages_nodejs[0m
[6.573s] [  1%] Built target dynamic_reconfigure_generate_messages_nodejs
[6.606s] [35m[1mScanning dependencies of target rosgraph_msgs_generate_messages_cpp[0m
[6.648s] [  1%] Built target rosgraph_msgs_generate_messages_cpp
[6.671s] [35m[1mScanning dependencies of target roscpp_generate_messages_py[0m
[6.705s] [  1%] Built target roscpp_generate_messages_py
[6.731s] [35m[1mScanning dependencies of target roscpp_generate_messages_lisp[0m
[6.759s] [  1%] Built target roscpp_generate_messages_lisp
[6.781s] [35m[1mScanning dependencies of target geometry_msgs_generate_messages_eus[0m
[6.804s] [  1%] Built target geometry_msgs_generate_messages_eus
[6.837s] [35m[1mScanning dependencies of target pcl_msgs_generate_messages_nodejs[0m
[6.863s] [  1%] Built target pcl_msgs_generate_messages_nodejs
[6.889s] [35m[1mScanning dependencies of target sensor_msgs_generate_messages_lisp[0m
[6.912s] [  1%] Built target sensor_msgs_generate_messages_lisp
[6.944s] [35m[1mScanning dependencies of target std_msgs_generate_messages_cpp[0m
[6.973s] [  1%] Built target std_msgs_generate_messages_cpp
[6.995s] [35m[1mScanning dependencies of target actionlib_msgs_generate_messages_nodejs[0m
[7.029s] [  1%] Built target actionlib_msgs_generate_messages_nodejs
[7.051s] [35m[1mScanning dependencies of target rosgraph_msgs_generate_messages_nodejs[0m
[7.074s] [  1%] Built target rosgraph_msgs_generate_messages_nodejs
[7.096s] [35m[1mScanning dependencies of target actionlib_msgs_generate_messages_lisp[0m
[7.121s] [  1%] Built target actionlib_msgs_generate_messages_lisp
[7.149s] [35m[1mScanning dependencies of target diagnostic_msgs_generate_messages_eus[0m
[7.179s] [  1%] Built target diagnostic_msgs_generate_messages_eus
[7.202s] [35m[1mScanning dependencies of target diagnostic_msgs_generate_messages_lisp[0m
[7.237s] [  1%] Built target diagnostic_msgs_generate_messages_lisp
[7.266s] [35m[1mScanning dependencies of target dynamic_reconfigure_generate_messages_eus[0m
[7.293s] [  1%] Built target dynamic_reconfigure_generate_messages_eus
[7.316s] [35m[1mScanning dependencies of target sick_ldmrs_msgs_generate_messages_nodejs[0m
[7.347s] [  1%] Built target sick_ldmrs_msgs_generate_messages_nodejs
[7.376s] [35m[1mScanning dependencies of target diagnostic_msgs_generate_messages_py[0m
[7.401s] [  1%] Built target diagnostic_msgs_generate_messages_py
[7.431s] [35m[1mScanning dependencies of target roscpp_generate_messages_nodejs[0m
[7.457s] [  1%] Built target roscpp_generate_messages_nodejs
[7.482s] [35m[1mScanning dependencies of target std_msgs_generate_messages_lisp[0m
[7.505s] [  1%] Built target std_msgs_generate_messages_lisp
[7.531s] [35m[1mScanning dependencies of target std_msgs_generate_messages_nodejs[0m
[7.561s] [  1%] Built target std_msgs_generate_messages_nodejs
[7.585s] [35m[1mScanning dependencies of target sick_ldmrs_msgs_generate_messages_eus[0m
[7.620s] [  1%] Built target sick_ldmrs_msgs_generate_messages_eus
[7.651s] [35m[1mScanning dependencies of target std_msgs_generate_messages_py[0m
[7.674s] [  1%] Built target std_msgs_generate_messages_py
[7.696s] [35m[1mScanning dependencies of target actionlib_generate_messages_nodejs[0m
[7.728s] [  1%] Built target actionlib_generate_messages_nodejs
[7.760s] [35m[1mScanning dependencies of target tf2_msgs_generate_messages_py[0m
[7.794s] [  1%] Built target tf2_msgs_generate_messages_py
[7.837s] [35m[1mScanning dependencies of target sick_ldmrs_msgs_generate_messages_py[0m
[7.863s] [  1%] Built target sick_ldmrs_msgs_generate_messages_py
[7.888s] [35m[1mScanning dependencies of target actionlib_generate_messages_py[0m
[7.921s] [  1%] Built target actionlib_generate_messages_py
[7.946s] [35m[1mScanning dependencies of target tf_generate_messages_eus[0m
[7.974s] [  1%] Built target tf_generate_messages_eus
[8.007s] [35m[1mScanning dependencies of target actionlib_msgs_generate_messages_cpp[0m
[8.044s] [  1%] Built target actionlib_msgs_generate_messages_cpp
[8.075s] [35m[1mScanning dependencies of target roscpp_generate_messages_eus[0m
[8.106s] [  1%] Built target roscpp_generate_messages_eus
[8.139s] [35m[1mScanning dependencies of target rosgraph_msgs_generate_messages_py[0m
[8.172s] [  1%] Built target rosgraph_msgs_generate_messages_py
[8.204s] [35m[1mScanning dependencies of target actionlib_msgs_generate_messages_eus[0m
[8.239s] [  1%] Built target actionlib_msgs_generate_messages_eus
[8.271s] [35m[1mScanning dependencies of target actionlib_msgs_generate_messages_py[0m
[8.305s] [  1%] Built target actionlib_msgs_generate_messages_py
[8.342s] [35m[1mScanning dependencies of target tf2_msgs_generate_messages_cpp[0m
[8.369s] [  1%] Built target tf2_msgs_generate_messages_cpp
[8.403s] [35m[1mScanning dependencies of target tf2_msgs_generate_messages_eus[0m
[8.434s] [  1%] Built target tf2_msgs_generate_messages_eus
[8.458s] [35m[1mScanning dependencies of target tf2_msgs_generate_messages_nodejs[0m
[8.489s] [  1%] Built target tf2_msgs_generate_messages_nodejs
[8.516s] [35m[1mScanning dependencies of target std_msgs_generate_messages_eus[0m
[8.552s] [  1%] Built target std_msgs_generate_messages_eus
[8.591s] [35m[1mScanning dependencies of target sick_ldmrs[0m
[8.742s] [  2%] [32mBuilding CXX object src/driver/src/CMakeFiles/sick_ldmrs.dir/application/LdmrsApp.cpp.o[0m
[9.770s] [  3%] [32mBuilding CXX object src/driver/src/CMakeFiles/sick_ldmrs.dir/application/LdmrsFieldApp.cpp.o[0m
[11.164s] [  3%] [32mBuilding CXX object src/driver/src/CMakeFiles/sick_ldmrs.dir/application/LdmrsSectorChangeApp.cpp.o[0m
[12.762s] [  4%] [32mBuilding CXX object src/driver/src/CMakeFiles/sick_ldmrs.dir/application/LdmrsNtpTimeApp.cpp.o[0m
[13.773s] [  5%] [32mBuilding CXX object src/driver/src/CMakeFiles/sick_ldmrs.dir/application/LdmrsScanpointCoordinateApp.cpp.o[0m
[14.904s] [  6%] [32mBuilding CXX object src/driver/src/CMakeFiles/sick_ldmrs.dir/application/BasicApplication.cpp.o[0m
[15.260s] [  7%] [32mBuilding CXX object src/driver/src/CMakeFiles/sick_ldmrs.dir/devices/BasicDevice.cpp.o[0m
[15.637s] [  8%] [32mBuilding CXX object src/driver/src/CMakeFiles/sick_ldmrs.dir/devices/LD_MRS.cpp.o[0m
[17.080s] [  9%] [32mBuilding CXX object src/driver/src/CMakeFiles/sick_ldmrs.dir/devices/LuxBase.cpp.o[0m
[20.416s] [  9%] [32mBuilding CXX object src/driver/src/CMakeFiles/sick_ldmrs.dir/sopas/LdmrsSopasLayer.cpp.o[0m
[25.439s] [ 10%] [32mBuilding CXX object src/driver/src/CMakeFiles/sick_ldmrs.dir/sopas/SopasBase.cpp.o[0m
[29.229s] [ 12%] [32mBuilding CXX object src/driver/src/CMakeFiles/sick_ldmrs.dir/sopas/colaa.cpp.o[0m
[30.136s] [ 13%] [32mBuilding CXX object src/driver/src/CMakeFiles/sick_ldmrs.dir/sopas/colab.cpp.o[0m
[30.693s] [ 14%] [32mBuilding CXX object src/driver/src/CMakeFiles/sick_ldmrs.dir/datatypes/Measurement.cpp.o[0m
[31.180s] [ 15%] [32mBuilding CXX object src/driver/src/CMakeFiles/sick_ldmrs.dir/datatypes/SensorStateInfo.cpp.o[0m
[33.063s] [ 15%] [32mBuilding CXX object src/driver/src/CMakeFiles/sick_ldmrs.dir/datatypes/Fields.cpp.o[0m
[34.092s] [ 16%] [32mBuilding CXX object src/driver/src/CMakeFiles/sick_ldmrs.dir/datatypes/FieldParameter.cpp.o[0m
[34.652s] [ 17%] [32mBuilding CXX object src/driver/src/CMakeFiles/sick_ldmrs.dir/datatypes/FieldDescription.cpp.o[0m
[35.179s] [ 18%] [32mBuilding CXX object src/driver/src/CMakeFiles/sick_ldmrs.dir/datatypes/EvalCase.cpp.o[0m
[35.637s] [ 19%] [32mBuilding CXX object src/driver/src/CMakeFiles/sick_ldmrs.dir/datatypes/EvalCases.cpp.o[0m
[36.037s] [ 20%] [32mBuilding CXX object src/driver/src/CMakeFiles/sick_ldmrs.dir/datatypes/EvalCaseResult.cpp.o[0m
[36.668s] [ 21%] [32mBuilding CXX object src/driver/src/CMakeFiles/sick_ldmrs.dir/datatypes/EvalCaseResults.cpp.o[0m
[37.321s] [ 21%] [32mBuilding CXX object src/driver/src/CMakeFiles/sick_ldmrs.dir/datatypes/Polygon2D.cpp.o[0m
[38.460s] [ 23%] [32mBuilding CXX object src/driver/src/CMakeFiles/sick_ldmrs.dir/datatypes/Polygon3D.cpp.o[0m
[39.347s] [ 24%] [32mBuilding CXX object src/driver/src/CMakeFiles/sick_ldmrs.dir/datatypes/Trigger.cpp.o[0m
[39.852s] [ 25%] [32mBuilding CXX object src/driver/src/CMakeFiles/sick_ldmrs.dir/datatypes/Point2D.cpp.o[0m
[40.360s] [ 26%] [32mBuilding CXX object src/driver/src/CMakeFiles/sick_ldmrs.dir/datatypes/Point3D.cpp.o[0m
[41.027s] [ 27%] [32mBuilding CXX object src/driver/src/CMakeFiles/sick_ldmrs.dir/datatypes/Position3D.cpp.o[0m
[41.672s] [ 27%] [32mBuilding CXX object src/driver/src/CMakeFiles/sick_ldmrs.dir/datatypes/PositionWGS84.cpp.o[0m
[42.561s] [ 28%] [32mBuilding CXX object src/driver/src/CMakeFiles/sick_ldmrs.dir/datatypes/Circle2D.cpp.o[0m
[43.013s] [ 29%] [32mBuilding CXX object src/driver/src/CMakeFiles/sick_ldmrs.dir/datatypes/Ellipse2D.cpp.o[0m
[43.650s] [ 30%] [32mBuilding CXX object src/driver/src/CMakeFiles/sick_ldmrs.dir/datatypes/Box2D.cpp.o[0m
[44.492s] [ 31%] [32mBuilding CXX object src/driver/src/CMakeFiles/sick_ldmrs.dir/datatypes/Line2D.cpp.o[0m
[45.305s] [ 32%] [32mBuilding CXX object src/driver/src/CMakeFiles/sick_ldmrs.dir/datatypes/Msg.cpp.o[0m
[45.795s] [ 34%] [32mBuilding CXX object src/driver/src/CMakeFiles/sick_ldmrs.dir/datatypes/Scan.cpp.o[0m
[47.093s] [ 34%] [32mBuilding CXX object src/driver/src/CMakeFiles/sick_ldmrs.dir/datatypes/ScanPoint.cpp.o[0m
[47.844s] [ 35%] [32mBuilding CXX object src/driver/src/CMakeFiles/sick_ldmrs.dir/datatypes/ScannerInfo.cpp.o[0m
[48.537s] [ 36%] [32mBuilding CXX object src/driver/src/CMakeFiles/sick_ldmrs.dir/datatypes/Object.cpp.o[0m
[50.135s] [ 37%] [32mBuilding CXX object src/driver/src/CMakeFiles/sick_ldmrs.dir/interfaces/tcp.cpp.o[0m
[50.968s] [ 38%] [32mBuilding CXX object src/driver/src/CMakeFiles/sick_ldmrs.dir/interfaces/file.cpp.o[0m
[51.723s] [ 39%] [32mBuilding CXX object src/driver/src/CMakeFiles/sick_ldmrs.dir/tools/errorhandler.cpp.o[0m
[52.142s] [ 39%] [32mBuilding CXX object src/driver/src/CMakeFiles/sick_ldmrs.dir/tools/SickThread.cpp.o[0m
[52.501s] [ 40%] [32mBuilding CXX object src/driver/src/CMakeFiles/sick_ldmrs.dir/tools/Mutex.cpp.o[0m
[52.829s] [ 41%] [32mBuilding CXX object src/driver/src/CMakeFiles/sick_ldmrs.dir/tools/toolbox.cpp.o[0m
[54.101s] [ 42%] [32mBuilding CXX object src/driver/src/CMakeFiles/sick_ldmrs.dir/tools/MathToolbox.cpp.o[0m
[54.532s] [ 43%] [32mBuilding CXX object src/driver/src/CMakeFiles/sick_ldmrs.dir/tools/BasicDataBuffer.cpp.o[0m
[55.036s] [ 45%] [32mBuilding CXX object src/driver/src/CMakeFiles/sick_ldmrs.dir/tools/Timer.cpp.o[0m
[55.412s] [ 46%] [32mBuilding CXX object src/driver/src/CMakeFiles/sick_ldmrs.dir/tools/Time.cpp.o[0m
[55.944s] [ 46%] [32mBuilding CXX object src/driver/src/CMakeFiles/sick_ldmrs.dir/tools/WatchdogTimer.cpp.o[0m
[56.329s] [ 47%] [32mBuilding CXX object src/driver/src/CMakeFiles/sick_ldmrs.dir/manager.cpp.o[0m
[58.218s] [ 48%] [32mBuilding CXX object src/driver/src/CMakeFiles/sick_ldmrs.dir/main.cpp.o[0m
[59.176s] [ 49%] [32m[1mLinking CXX shared library libsick_ldmrs.so[0m
[59.573s] [ 49%] Built target sick_ldmrs
[59.606s] [35m[1mScanning dependencies of target geometry_msgs_generate_messages_nodejs[0m
[59.629s] [ 49%] Built target geometry_msgs_generate_messages_nodejs
[59.659s] [35m[1mScanning dependencies of target sensor_msgs_generate_messages_nodejs[0m
[59.688s] [ 49%] Built target sensor_msgs_generate_messages_nodejs
[59.723s] [35m[1mScanning dependencies of target actionlib_generate_messages_cpp[0m
[59.753s] [ 49%] Built target actionlib_generate_messages_cpp
[59.786s] [35m[1mScanning dependencies of target sensor_msgs_generate_messages_cpp[0m
[59.815s] [ 49%] Built target sensor_msgs_generate_messages_cpp
[59.845s] [35m[1mScanning dependencies of target roscpp_generate_messages_cpp[0m
[59.903s] [ 49%] Built target roscpp_generate_messages_cpp
[59.957s] [35m[1mScanning dependencies of target sensor_msgs_generate_messages_eus[0m
[60.037s] [ 49%] Built target sensor_msgs_generate_messages_eus
[60.099s] [35m[1mScanning dependencies of target sensor_msgs_generate_messages_py[0m
[60.136s] [ 49%] Built target sensor_msgs_generate_messages_py
[60.166s] [35m[1mScanning dependencies of target dynamic_reconfigure_generate_messages_cpp[0m
[60.197s] [ 49%] Built target dynamic_reconfigure_generate_messages_cpp
[60.231s] [35m[1mScanning dependencies of target tf_generate_messages_py[0m
[60.267s] [ 49%] Built target tf_generate_messages_py
[60.298s] [35m[1mScanning dependencies of target geometry_msgs_generate_messages_lisp[0m
[60.326s] [ 49%] Built target geometry_msgs_generate_messages_lisp
[60.354s] [35m[1mScanning dependencies of target geometry_msgs_generate_messages_py[0m
[60.380s] [ 49%] Built target geometry_msgs_generate_messages_py
[60.413s] [35m[1mScanning dependencies of target sick_ldmrs_msgs_generate_messages_cpp[0m
[60.441s] [ 49%] Built target sick_ldmrs_msgs_generate_messages_cpp
[60.470s] [35m[1mScanning dependencies of target dynamic_reconfigure_gencfg[0m
[60.495s] [ 49%] Built target dynamic_reconfigure_gencfg
[60.532s] [35m[1mScanning dependencies of target tf2_msgs_generate_messages_lisp[0m
[60.559s] [ 49%] Built target tf2_msgs_generate_messages_lisp
[60.591s] [35m[1mScanning dependencies of target tf_generate_messages_lisp[0m
[60.620s] [ 49%] Built target tf_generate_messages_lisp
[60.643s] [35m[1mScanning dependencies of target tf_generate_messages_nodejs[0m
[60.675s] [ 49%] Built target tf_generate_messages_nodejs
[60.701s] [35m[1mScanning dependencies of target pcl_msgs_generate_messages_py[0m
[60.723s] [ 49%] Built target pcl_msgs_generate_messages_py
[60.758s] [35m[1mScanning dependencies of target diagnostic_msgs_generate_messages_cpp[0m
[60.784s] [ 49%] Built target diagnostic_msgs_generate_messages_cpp
[60.818s] [35m[1mScanning dependencies of target actionlib_generate_messages_eus[0m
[60.844s] [ 49%] Built target actionlib_generate_messages_eus
[60.876s] [35m[1mScanning dependencies of target geometry_msgs_generate_messages_cpp[0m
[60.906s] [ 49%] Built target geometry_msgs_generate_messages_cpp
[60.928s] [35m[1mScanning dependencies of target actionlib_generate_messages_lisp[0m
[60.951s] [ 49%] Built target actionlib_generate_messages_lisp
[60.983s] [35m[1mScanning dependencies of target pcl_msgs_generate_messages_lisp[0m
[61.009s] [ 49%] Built target pcl_msgs_generate_messages_lisp
[61.036s] [35m[1mScanning dependencies of target LDMRS_Example[0m
[61.115s] [ 49%] [32mBuilding CXX object src/driver/src/CMakeFiles/LDMRS_Example.dir/application/LdmrsApp.cpp.o[0m
[62.205s] [ 50%] [32mBuilding CXX object src/driver/src/CMakeFiles/LDMRS_Example.dir/application/LdmrsFieldApp.cpp.o[0m
[63.826s] [ 51%] [32mBuilding CXX object src/driver/src/CMakeFiles/LDMRS_Example.dir/application/LdmrsSectorChangeApp.cpp.o[0m
[65.462s] [ 52%] [32mBuilding CXX object src/driver/src/CMakeFiles/LDMRS_Example.dir/application/LdmrsNtpTimeApp.cpp.o[0m
[66.549s] [ 53%] [32mBuilding CXX object src/driver/src/CMakeFiles/LDMRS_Example.dir/application/LdmrsScanpointCoordinateApp.cpp.o[0m
[67.631s] [ 54%] [32mBuilding CXX object src/driver/src/CMakeFiles/LDMRS_Example.dir/application/BasicApplication.cpp.o[0m
[68.060s] [ 54%] [32mBuilding CXX object src/driver/src/CMakeFiles/LDMRS_Example.dir/devices/BasicDevice.cpp.o[0m
[68.586s] [ 56%] [32mBuilding CXX object src/driver/src/CMakeFiles/LDMRS_Example.dir/devices/LD_MRS.cpp.o[0m
[70.556s] [ 57%] [32mBuilding CXX object src/driver/src/CMakeFiles/LDMRS_Example.dir/devices/LuxBase.cpp.o[0m
[73.872s] [ 58%] [32mBuilding CXX object src/driver/src/CMakeFiles/LDMRS_Example.dir/sopas/LdmrsSopasLayer.cpp.o[0m
[77.605s] [ 59%] [32mBuilding CXX object src/driver/src/CMakeFiles/LDMRS_Example.dir/sopas/SopasBase.cpp.o[0m
[80.679s] [ 60%] [32mBuilding CXX object src/driver/src/CMakeFiles/LDMRS_Example.dir/sopas/colaa.cpp.o[0m
[81.571s] [ 61%] [32mBuilding CXX object src/driver/src/CMakeFiles/LDMRS_Example.dir/sopas/colab.cpp.o[0m
[81.998s] [ 61%] [32mBuilding CXX object src/driver/src/CMakeFiles/LDMRS_Example.dir/datatypes/Measurement.cpp.o[0m
[82.414s] [ 62%] [32mBuilding CXX object src/driver/src/CMakeFiles/LDMRS_Example.dir/datatypes/SensorStateInfo.cpp.o[0m
[83.811s] [ 63%] [32mBuilding CXX object src/driver/src/CMakeFiles/LDMRS_Example.dir/datatypes/Fields.cpp.o[0m
[84.747s] [ 64%] [32mBuilding CXX object src/driver/src/CMakeFiles/LDMRS_Example.dir/datatypes/FieldParameter.cpp.o[0m
[85.336s] [ 65%] [32mBuilding CXX object src/driver/src/CMakeFiles/LDMRS_Example.dir/datatypes/FieldDescription.cpp.o[0m
[85.806s] [ 67%] [32mBuilding CXX object src/driver/src/CMakeFiles/LDMRS_Example.dir/datatypes/EvalCase.cpp.o[0m
[86.260s] [ 67%] [32mBuilding CXX object src/driver/src/CMakeFiles/LDMRS_Example.dir/datatypes/EvalCases.cpp.o[0m
[86.672s] [ 68%] [32mBuilding CXX object src/driver/src/CMakeFiles/LDMRS_Example.dir/datatypes/EvalCaseResult.cpp.o[0m
[87.273s] [ 69%] [32mBuilding CXX object src/driver/src/CMakeFiles/LDMRS_Example.dir/datatypes/EvalCaseResults.cpp.o[0m
[87.857s] [ 70%] [32mBuilding CXX object src/driver/src/CMakeFiles/LDMRS_Example.dir/datatypes/Polygon2D.cpp.o[0m
[89.107s] [ 71%] [32mBuilding CXX object src/driver/src/CMakeFiles/LDMRS_Example.dir/datatypes/Polygon3D.cpp.o[0m
[90.036s] [ 72%] [32mBuilding CXX object src/driver/src/CMakeFiles/LDMRS_Example.dir/datatypes/Trigger.cpp.o[0m
[90.544s] [ 73%] [32mBuilding CXX object src/driver/src/CMakeFiles/LDMRS_Example.dir/datatypes/Point2D.cpp.o[0m
[91.036s] [ 73%] [32mBuilding CXX object src/driver/src/CMakeFiles/LDMRS_Example.dir/datatypes/Point3D.cpp.o[0m
[91.632s] [ 74%] [32mBuilding CXX object src/driver/src/CMakeFiles/LDMRS_Example.dir/datatypes/Position3D.cpp.o[0m
[92.294s] [ 75%] [32mBuilding CXX object src/driver/src/CMakeFiles/LDMRS_Example.dir/datatypes/PositionWGS84.cpp.o[0m
[93.220s] [ 76%] [32mBuilding CXX object src/driver/src/CMakeFiles/LDMRS_Example.dir/datatypes/Circle2D.cpp.o[0m
[93.720s] [ 78%] [32mBuilding CXX object src/driver/src/CMakeFiles/LDMRS_Example.dir/datatypes/Ellipse2D.cpp.o[0m
[94.367s] [ 79%] [32mBuilding CXX object src/driver/src/CMakeFiles/LDMRS_Example.dir/datatypes/Box2D.cpp.o[0m
[95.140s] [ 79%] [32mBuilding CXX object src/driver/src/CMakeFiles/LDMRS_Example.dir/datatypes/Line2D.cpp.o[0m
[95.875s] [ 80%] [32mBuilding CXX object src/driver/src/CMakeFiles/LDMRS_Example.dir/datatypes/Msg.cpp.o[0m
[96.341s] [ 81%] [32mBuilding CXX object src/driver/src/CMakeFiles/LDMRS_Example.dir/datatypes/Scan.cpp.o[0m
[97.685s] [ 82%] [32mBuilding CXX object src/driver/src/CMakeFiles/LDMRS_Example.dir/datatypes/ScanPoint.cpp.o[0m
[98.356s] [ 83%] [32mBuilding CXX object src/driver/src/CMakeFiles/LDMRS_Example.dir/datatypes/ScannerInfo.cpp.o[0m
[98.910s] [ 84%] [32mBuilding CXX object src/driver/src/CMakeFiles/LDMRS_Example.dir/datatypes/Object.cpp.o[0m
[100.065s] [ 85%] [32mBuilding CXX object src/driver/src/CMakeFiles/LDMRS_Example.dir/interfaces/tcp.cpp.o[0m
[100.755s] [ 85%] [32mBuilding CXX object src/driver/src/CMakeFiles/LDMRS_Example.dir/interfaces/file.cpp.o[0m
[101.364s] [ 86%] [32mBuilding CXX object src/driver/src/CMakeFiles/LDMRS_Example.dir/tools/errorhandler.cpp.o[0m
[101.706s] [ 87%] [32mBuilding CXX object src/driver/src/CMakeFiles/LDMRS_Example.dir/tools/SickThread.cpp.o[0m
[101.997s] [ 89%] [32mBuilding CXX object src/driver/src/CMakeFiles/LDMRS_Example.dir/tools/Mutex.cpp.o[0m
[102.303s] [ 90%] [32mBuilding CXX object src/driver/src/CMakeFiles/LDMRS_Example.dir/tools/toolbox.cpp.o[0m
[103.382s] [ 91%] [32mBuilding CXX object src/driver/src/CMakeFiles/LDMRS_Example.dir/tools/MathToolbox.cpp.o[0m
[103.735s] [ 91%] [32mBuilding CXX object src/driver/src/CMakeFiles/LDMRS_Example.dir/tools/BasicDataBuffer.cpp.o[0m
[104.130s] [ 92%] [32mBuilding CXX object src/driver/src/CMakeFiles/LDMRS_Example.dir/tools/Timer.cpp.o[0m
[104.479s] [ 93%] [32mBuilding CXX object src/driver/src/CMakeFiles/LDMRS_Example.dir/tools/Time.cpp.o[0m
[104.857s] [ 94%] [32mBuilding CXX object src/driver/src/CMakeFiles/LDMRS_Example.dir/tools/WatchdogTimer.cpp.o[0m
[105.183s] [ 95%] [32mBuilding CXX object src/driver/src/CMakeFiles/LDMRS_Example.dir/manager.cpp.o[0m
[106.800s] [ 96%] [32mBuilding CXX object src/driver/src/CMakeFiles/LDMRS_Example.dir/main.cpp.o[0m
[107.458s] [ 97%] [32m[1mLinking CXX executable LDMRS_Example[0m
[107.680s] [ 97%] Built target LDMRS_Example
[107.700s] [35m[1mScanning dependencies of target sick_ldmrs_msgs_generate_messages_lisp[0m
[107.721s] [ 97%] Built target sick_ldmrs_msgs_generate_messages_lisp
[107.743s] [35m[1mScanning dependencies of target tf_generate_messages_cpp[0m
[107.773s] [ 97%] Built target tf_generate_messages_cpp
[107.796s] [35m[1mScanning dependencies of target sick_ldmrs_node[0m
[108.114s] [ 98%] [32mBuilding CXX object CMakeFiles/sick_ldmrs_node.dir/src/sick_ldmrs_node.cpp.o[0m
[129.346s] [100%] [32m[1mLinking CXX executable devel/lib/sick_ldmrs_driver/sick_ldmrs_node[0m
[129.888s] [100%] Built target sick_ldmrs_node
[129.919s] Invoked command in '/home/chinchia120/autoware.ai/build/sick_ldmrs_driver' returned '0': CMAKE_PREFIX_PATH=/home/chinchia120/autoware.ai/install/sick_ldmrs_msgs:/home/chinchia120/autoware.ai/install/sick_ldmrs_description:${CMAKE_PREFIX_PATH} PKG_CONFIG_PATH=/home/chinchia120/autoware.ai/install/sick_ldmrs_msgs/lib/x86_64-linux-gnu/pkgconfig:/home/chinchia120/autoware.ai/install/sick_ldmrs_msgs/lib/pkgconfig:/home/chinchia120/autoware.ai/install/sick_ldmrs_description/lib/x86_64-linux-gnu/pkgconfig:/home/chinchia120/autoware.ai/install/sick_ldmrs_description/lib/pkgconfig:${PKG_CONFIG_PATH} PYTHONPATH=/home/chinchia120/autoware.ai/install/sick_ldmrs_msgs/lib/python2.7/dist-packages:${PYTHONPATH} ROS_PACKAGE_PATH=/home/chinchia120/autoware.ai/install/sick_ldmrs_msgs/share:/home/chinchia120/autoware.ai/install/sick_ldmrs_description/share:${ROS_PACKAGE_PATH} /usr/bin/cmake --build /home/chinchia120/autoware.ai/build/sick_ldmrs_driver -- -j4 -l4
[130.176s] Invoking command in '/home/chinchia120/autoware.ai/build/sick_ldmrs_driver': CMAKE_PREFIX_PATH=/home/chinchia120/autoware.ai/install/sick_ldmrs_msgs:/home/chinchia120/autoware.ai/install/sick_ldmrs_description:${CMAKE_PREFIX_PATH} PKG_CONFIG_PATH=/home/chinchia120/autoware.ai/install/sick_ldmrs_msgs/lib/x86_64-linux-gnu/pkgconfig:/home/chinchia120/autoware.ai/install/sick_ldmrs_msgs/lib/pkgconfig:/home/chinchia120/autoware.ai/install/sick_ldmrs_description/lib/x86_64-linux-gnu/pkgconfig:/home/chinchia120/autoware.ai/install/sick_ldmrs_description/lib/pkgconfig:${PKG_CONFIG_PATH} PYTHONPATH=/home/chinchia120/autoware.ai/install/sick_ldmrs_msgs/lib/python2.7/dist-packages:${PYTHONPATH} ROS_PACKAGE_PATH=/home/chinchia120/autoware.ai/install/sick_ldmrs_msgs/share:/home/chinchia120/autoware.ai/install/sick_ldmrs_description/share:${ROS_PACKAGE_PATH} /usr/bin/cmake --build /home/chinchia120/autoware.ai/build/sick_ldmrs_driver --target tests -- -j4 -l4
[130.330s] [35m[1mScanning dependencies of target tests[0m
[130.357s] Built target tests
[130.386s] Invoked command in '/home/chinchia120/autoware.ai/build/sick_ldmrs_driver' returned '0': CMAKE_PREFIX_PATH=/home/chinchia120/autoware.ai/install/sick_ldmrs_msgs:/home/chinchia120/autoware.ai/install/sick_ldmrs_description:${CMAKE_PREFIX_PATH} PKG_CONFIG_PATH=/home/chinchia120/autoware.ai/install/sick_ldmrs_msgs/lib/x86_64-linux-gnu/pkgconfig:/home/chinchia120/autoware.ai/install/sick_ldmrs_msgs/lib/pkgconfig:/home/chinchia120/autoware.ai/install/sick_ldmrs_description/lib/x86_64-linux-gnu/pkgconfig:/home/chinchia120/autoware.ai/install/sick_ldmrs_description/lib/pkgconfig:${PKG_CONFIG_PATH} PYTHONPATH=/home/chinchia120/autoware.ai/install/sick_ldmrs_msgs/lib/python2.7/dist-packages:${PYTHONPATH} ROS_PACKAGE_PATH=/home/chinchia120/autoware.ai/install/sick_ldmrs_msgs/share:/home/chinchia120/autoware.ai/install/sick_ldmrs_description/share:${ROS_PACKAGE_PATH} /usr/bin/cmake --build /home/chinchia120/autoware.ai/build/sick_ldmrs_driver --target tests -- -j4 -l4
[130.671s] Invoking command in '/home/chinchia120/autoware.ai/build/sick_ldmrs_driver': CMAKE_PREFIX_PATH=/home/chinchia120/autoware.ai/install/sick_ldmrs_msgs:/home/chinchia120/autoware.ai/install/sick_ldmrs_description:${CMAKE_PREFIX_PATH} PKG_CONFIG_PATH=/home/chinchia120/autoware.ai/install/sick_ldmrs_msgs/lib/x86_64-linux-gnu/pkgconfig:/home/chinchia120/autoware.ai/install/sick_ldmrs_msgs/lib/pkgconfig:/home/chinchia120/autoware.ai/install/sick_ldmrs_description/lib/x86_64-linux-gnu/pkgconfig:/home/chinchia120/autoware.ai/install/sick_ldmrs_description/lib/pkgconfig:${PKG_CONFIG_PATH} PYTHONPATH=/home/chinchia120/autoware.ai/install/sick_ldmrs_msgs/lib/python2.7/dist-packages:${PYTHONPATH} ROS_PACKAGE_PATH=/home/chinchia120/autoware.ai/install/sick_ldmrs_msgs/share:/home/chinchia120/autoware.ai/install/sick_ldmrs_description/share:${ROS_PACKAGE_PATH} /usr/bin/cmake --build /home/chinchia120/autoware.ai/build/sick_ldmrs_driver --target install -- -j4 -l4
[130.789s] [  1%] Built target sick_ldmrs_driver_gencfg
[130.851s] [  1%] Built target pcl_msgs_generate_messages_eus
[130.906s] [  1%] Built target pcl_msgs_generate_messages_cpp
[130.961s] [  1%] Built target dynamic_reconfigure_generate_messages_lisp
[131.022s] [  1%] Built target dynamic_reconfigure_generate_messages_py
[131.080s] [  1%] Built target diagnostic_msgs_generate_messages_nodejs
[131.134s] [  1%] Built target rosgraph_msgs_generate_messages_lisp
[131.198s] [  1%] Built target rosgraph_msgs_generate_messages_eus
[131.250s] [  1%] Built target dynamic_reconfigure_generate_messages_nodejs
[131.304s] [  1%] Built target rosgraph_msgs_generate_messages_cpp
[131.365s] [  1%] Built target roscpp_generate_messages_py
[131.427s] [  1%] Built target roscpp_generate_messages_lisp
[131.481s] [  1%] Built target geometry_msgs_generate_messages_eus
[131.536s] [  1%] Built target pcl_msgs_generate_messages_nodejs
[131.593s] [  1%] Built target sensor_msgs_generate_messages_lisp
[131.660s] [  1%] Built target std_msgs_generate_messages_cpp
[131.719s] [  1%] Built target actionlib_msgs_generate_messages_nodejs
[131.781s] [  1%] Built target rosgraph_msgs_generate_messages_nodejs
[131.835s] [  1%] Built target actionlib_msgs_generate_messages_lisp
[131.881s] [  1%] Built target diagnostic_msgs_generate_messages_eus
[131.940s] [  1%] Built target diagnostic_msgs_generate_messages_lisp
[131.988s] [  1%] Built target dynamic_reconfigure_generate_messages_eus
[132.047s] [  1%] Built target sick_ldmrs_msgs_generate_messages_nodejs
[132.108s] [  1%] Built target diagnostic_msgs_generate_messages_py
[132.163s] [  1%] Built target roscpp_generate_messages_nodejs
[132.225s] [  1%] Built target std_msgs_generate_messages_lisp
[132.271s] [  1%] Built target std_msgs_generate_messages_nodejs
[132.327s] [  1%] Built target sick_ldmrs_msgs_generate_messages_eus
[132.369s] [  1%] Built target std_msgs_generate_messages_py
[132.429s] [  1%] Built target actionlib_generate_messages_nodejs
[132.482s] [  1%] Built target tf2_msgs_generate_messages_py
[132.537s] [  1%] Built target sick_ldmrs_msgs_generate_messages_py
[132.588s] [  1%] Built target actionlib_generate_messages_py
[132.638s] [  1%] Built target tf_generate_messages_eus
[132.702s] [  1%] Built target actionlib_msgs_generate_messages_cpp
[132.754s] [  1%] Built target roscpp_generate_messages_eus
[132.811s] [  1%] Built target rosgraph_msgs_generate_messages_py
[132.874s] [  1%] Built target actionlib_msgs_generate_messages_eus
[132.930s] [  1%] Built target actionlib_msgs_generate_messages_py
[132.974s] [  1%] Built target tf2_msgs_generate_messages_cpp
[133.030s] [  1%] Built target tf2_msgs_generate_messages_eus
[133.094s] [  1%] Built target tf2_msgs_generate_messages_nodejs
[133.143s] [  1%] Built target std_msgs_generate_messages_eus
[133.241s] [ 49%] Built target sick_ldmrs
[133.293s] [ 49%] Built target geometry_msgs_generate_messages_nodejs
[133.339s] [ 49%] Built target sensor_msgs_generate_messages_nodejs
[133.393s] [ 49%] Built target actionlib_generate_messages_cpp
[133.443s] [ 49%] Built target sensor_msgs_generate_messages_cpp
[133.492s] [ 49%] Built target roscpp_generate_messages_cpp
[133.546s] [ 49%] Built target sensor_msgs_generate_messages_eus
[133.604s] [ 49%] Built target sensor_msgs_generate_messages_py
[133.651s] [ 49%] Built target dynamic_reconfigure_generate_messages_cpp
[133.697s] [ 49%] Built target tf_generate_messages_py
[133.744s] [ 49%] Built target geometry_msgs_generate_messages_lisp
[133.796s] [ 49%] Built target geometry_msgs_generate_messages_py
[133.856s] [ 49%] Built target sick_ldmrs_msgs_generate_messages_cpp
[133.904s] [ 49%] Built target dynamic_reconfigure_gencfg
[133.954s] [ 49%] Built target tf2_msgs_generate_messages_lisp
[134.006s] [ 49%] Built target tf_generate_messages_lisp
[134.049s] [ 49%] Built target tf_generate_messages_nodejs
[134.102s] [ 49%] Built target pcl_msgs_generate_messages_py
[134.166s] [ 49%] Built target diagnostic_msgs_generate_messages_cpp
[134.220s] [ 49%] Built target actionlib_generate_messages_eus
[134.269s] [ 49%] Built target geometry_msgs_generate_messages_cpp
[134.330s] [ 49%] Built target actionlib_generate_messages_lisp
[134.383s] [ 49%] Built target pcl_msgs_generate_messages_lisp
[134.472s] [ 97%] Built target LDMRS_Example
[134.519s] [ 97%] Built target sick_ldmrs_msgs_generate_messages_lisp
[134.570s] [ 97%] Built target tf_generate_messages_cpp
[134.641s] [100%] Built target sick_ldmrs_node
[134.698s] [36mInstall the project...[0m
[134.717s] -- Install configuration: "Release"
[134.717s] -- Installing: /home/chinchia120/autoware.ai/install/sick_ldmrs_driver/include/sick_ldmrs_driver/SickLDMRSDriverConfig.h
[134.717s] -- Installing: /home/chinchia120/autoware.ai/install/sick_ldmrs_driver/lib/python2.7/dist-packages/sick_ldmrs_driver/__init__.py
[134.748s] Listing /home/chinchia120/autoware.ai/build/sick_ldmrs_driver/devel/lib/python2.7/dist-packages/sick_ldmrs_driver/cfg ...
[134.749s] Compiling /home/chinchia120/autoware.ai/build/sick_ldmrs_driver/devel/lib/python2.7/dist-packages/sick_ldmrs_driver/cfg/SickLDMRSDriverConfig.py ...
[134.749s] Compiling /home/chinchia120/autoware.ai/build/sick_ldmrs_driver/devel/lib/python2.7/dist-packages/sick_ldmrs_driver/cfg/__init__.py ...
[134.753s] -- Installing: /home/chinchia120/autoware.ai/install/sick_ldmrs_driver/lib/python2.7/dist-packages/sick_ldmrs_driver/cfg
[134.754s] -- Installing: /home/chinchia120/autoware.ai/install/sick_ldmrs_driver/lib/python2.7/dist-packages/sick_ldmrs_driver/cfg/SickLDMRSDriverConfig.pyc
[134.754s] -- Installing: /home/chinchia120/autoware.ai/install/sick_ldmrs_driver/lib/python2.7/dist-packages/sick_ldmrs_driver/cfg/__init__.py
[134.754s] -- Installing: /home/chinchia120/autoware.ai/install/sick_ldmrs_driver/lib/python2.7/dist-packages/sick_ldmrs_driver/cfg/SickLDMRSDriverConfig.py
[134.754s] -- Installing: /home/chinchia120/autoware.ai/install/sick_ldmrs_driver/lib/python2.7/dist-packages/sick_ldmrs_driver/cfg/__init__.pyc
[134.755s] -- Installing: /home/chinchia120/autoware.ai/install/sick_ldmrs_driver/lib/pkgconfig/sick_ldmrs_driver.pc
[134.755s] -- Installing: /home/chinchia120/autoware.ai/install/sick_ldmrs_driver/share/sick_ldmrs_driver/cmake/sick_ldmrs_driverConfig.cmake
[134.755s] -- Installing: /home/chinchia120/autoware.ai/install/sick_ldmrs_driver/share/sick_ldmrs_driver/cmake/sick_ldmrs_driverConfig-version.cmake
[134.756s] -- Installing: /home/chinchia120/autoware.ai/install/sick_ldmrs_driver/share/sick_ldmrs_driver/package.xml
[134.756s] -- Up-to-date: /home/chinchia120/autoware.ai/install/sick_ldmrs_driver/include/sick_ldmrs_driver
[134.756s] -- Installing: /home/chinchia120/autoware.ai/install/sick_ldmrs_driver/include/sick_ldmrs_driver/sick_ldmrs_node.hpp
[134.756s] -- Installing: /home/chinchia120/autoware.ai/install/sick_ldmrs_driver/lib/sick_ldmrs_driver/sick_ldmrs_node
[134.759s] -- Set runtime path of "/home/chinchia120/autoware.ai/install/sick_ldmrs_driver/lib/sick_ldmrs_driver/sick_ldmrs_node" to ""
[134.760s] -- Installing: /home/chinchia120/autoware.ai/install/sick_ldmrs_driver/share/sick_ldmrs_driver/config
[134.776s] -- Installing: /home/chinchia120/autoware.ai/install/sick_ldmrs_driver/share/sick_ldmrs_driver/config/analyzers.yaml
[134.776s] -- Installing: /home/chinchia120/autoware.ai/install/sick_ldmrs_driver/share/sick_ldmrs_driver/launch
[134.776s] -- Installing: /home/chinchia120/autoware.ai/install/sick_ldmrs_driver/share/sick_ldmrs_driver/launch/sick_ldmrs.launch
[134.777s] -- Installing: /home/chinchia120/autoware.ai/install/sick_ldmrs_driver/share/sick_ldmrs_driver/launch/sick_ldmrs_node_with_aggregator.launch
[134.779s] -- Installing: /home/chinchia120/autoware.ai/install/sick_ldmrs_driver/share/sick_ldmrs_driver/launch/sick_ldmrs_node.launch
[134.780s] -- Installing: /home/chinchia120/autoware.ai/install/sick_ldmrs_driver/lib/cmake/SickLDMRS/SickLDMRSConfig.cmake
[134.780s] -- Installing: /home/chinchia120/autoware.ai/install/sick_ldmrs_driver/lib/cmake/SickLDMRS/SickLDMRSConfigVersion.cmake
[134.781s] -- Installing: /home/chinchia120/autoware.ai/install/sick_ldmrs_driver/lib/cmake/SickLDMRS/SickLDMRSTargets.cmake
[134.781s] -- Installing: /home/chinchia120/autoware.ai/install/sick_ldmrs_driver/lib/cmake/SickLDMRS/SickLDMRSTargets-release.cmake
[134.781s] -- Installing: /home/chinchia120/autoware.ai/install/sick_ldmrs_driver/share/sick_ldmrs/package.xml
[134.782s] -- Installing: /home/chinchia120/autoware.ai/install/sick_ldmrs_driver/bin/LDMRS_Example
[134.786s] -- Installing: /home/chinchia120/autoware.ai/install/sick_ldmrs_driver/lib/libsick_ldmrs.so.0.1.0
[134.788s] -- Installing: /home/chinchia120/autoware.ai/install/sick_ldmrs_driver/lib/libsick_ldmrs.so.0
[134.788s] -- Installing: /home/chinchia120/autoware.ai/install/sick_ldmrs_driver/lib/libsick_ldmrs.so
[134.789s] -- Installing: /home/chinchia120/autoware.ai/install/sick_ldmrs_driver/include/sick_ldmrs/.
[134.789s] -- Installing: /home/chinchia120/autoware.ai/install/sick_ldmrs_driver/include/sick_ldmrs/./application
[134.789s] -- Installing: /home/chinchia120/autoware.ai/install/sick_ldmrs_driver/include/sick_ldmrs/./application/LdmrsSectorChangeApp.hpp
[134.790s] -- Installing: /home/chinchia120/autoware.ai/install/sick_ldmrs_driver/include/sick_ldmrs/./application/LdmrsApp.hpp
[134.790s] -- Installing: /home/chinchia120/autoware.ai/install/sick_ldmrs_driver/include/sick_ldmrs/./application/LdmrsScanpointCoordinateApp.hpp
[134.790s] -- Installing: /home/chinchia120/autoware.ai/install/sick_ldmrs_driver/include/sick_ldmrs/./application/BasicApplication.hpp
[134.790s] -- Installing: /home/chinchia120/autoware.ai/install/sick_ldmrs_driver/include/sick_ldmrs/./application/LdmrsFieldApp.hpp
[134.790s] -- Installing: /home/chinchia120/autoware.ai/install/sick_ldmrs_driver/include/sick_ldmrs/./application/LdmrsNtpTimeApp.hpp
[134.791s] -- Installing: /home/chinchia120/autoware.ai/install/sick_ldmrs_driver/include/sick_ldmrs/./BasicDatatypes.hpp
[134.791s] -- Installing: /home/chinchia120/autoware.ai/install/sick_ldmrs_driver/include/sick_ldmrs/./interfaces
[134.791s] -- Installing: /home/chinchia120/autoware.ai/install/sick_ldmrs_driver/include/sick_ldmrs/./interfaces/file.hpp
[134.791s] -- Installing: /home/chinchia120/autoware.ai/install/sick_ldmrs_driver/include/sick_ldmrs/./interfaces/tcp.hpp
[134.791s] -- Installing: /home/chinchia120/autoware.ai/install/sick_ldmrs_driver/include/sick_ldmrs/./tools
[134.791s] -- Installing: /home/chinchia120/autoware.ai/install/sick_ldmrs_driver/include/sick_ldmrs/./tools/Time.hpp
[134.792s] -- Installing: /home/chinchia120/autoware.ai/install/sick_ldmrs_driver/include/sick_ldmrs/./tools/WatchdogTimer.hpp
[134.792s] -- Installing: /home/chinchia120/autoware.ai/install/sick_ldmrs_driver/include/sick_ldmrs/./tools/errorhandler.hpp
[134.792s] -- Installing: /home/chinchia120/autoware.ai/install/sick_ldmrs_driver/include/sick_ldmrs/./tools/Mutex.hpp
[134.792s] -- Installing: /home/chinchia120/autoware.ai/install/sick_ldmrs_driver/include/sick_ldmrs/./tools/BasicDataBuffer.hpp
[134.792s] -- Installing: /home/chinchia120/autoware.ai/install/sick_ldmrs_driver/include/sick_ldmrs/./tools/MathToolbox.hpp
[134.792s] -- Installing: /home/chinchia120/autoware.ai/install/sick_ldmrs_driver/include/sick_ldmrs/./tools/Timer.hpp
[134.793s] -- Installing: /home/chinchia120/autoware.ai/install/sick_ldmrs_driver/include/sick_ldmrs/./tools/toolbox.hpp
[134.793s] -- Installing: /home/chinchia120/autoware.ai/install/sick_ldmrs_driver/include/sick_ldmrs/./tools/SickThread.hpp
[134.793s] -- Installing: /home/chinchia120/autoware.ai/install/sick_ldmrs_driver/include/sick_ldmrs/./devices
[134.793s] -- Installing: /home/chinchia120/autoware.ai/install/sick_ldmrs_driver/include/sick_ldmrs/./devices/LuxBase.hpp
[134.793s] -- Installing: /home/chinchia120/autoware.ai/install/sick_ldmrs_driver/include/sick_ldmrs/./devices/LD_MRS.hpp
[134.793s] -- Installing: /home/chinchia120/autoware.ai/install/sick_ldmrs_driver/include/sick_ldmrs/./devices/BasicDevice.hpp
[134.794s] -- Installing: /home/chinchia120/autoware.ai/install/sick_ldmrs_driver/include/sick_ldmrs/./datatypes
[134.794s] -- Installing: /home/chinchia120/autoware.ai/install/sick_ldmrs_driver/include/sick_ldmrs/./datatypes/Fields.hpp
[134.794s] -- Installing: /home/chinchia120/autoware.ai/install/sick_ldmrs_driver/include/sick_ldmrs/./datatypes/Point2D.hpp
[134.794s] -- Installing: /home/chinchia120/autoware.ai/install/sick_ldmrs_driver/include/sick_ldmrs/./datatypes/EvalCase.hpp
[134.794s] -- Installing: /home/chinchia120/autoware.ai/install/sick_ldmrs_driver/include/sick_ldmrs/./datatypes/SensorStateInfo.hpp
[134.794s] -- Installing: /home/chinchia120/autoware.ai/install/sick_ldmrs_driver/include/sick_ldmrs/./datatypes/EvalCases.hpp
[134.795s] -- Installing: /home/chinchia120/autoware.ai/install/sick_ldmrs_driver/include/sick_ldmrs/./datatypes/PositionWGS84.hpp
[134.795s] -- Installing: /home/chinchia120/autoware.ai/install/sick_ldmrs_driver/include/sick_ldmrs/./datatypes/Msg.hpp
[134.796s] -- Installing: /home/chinchia120/autoware.ai/install/sick_ldmrs_driver/include/sick_ldmrs/./datatypes/Object.hpp
[134.796s] -- Installing: /home/chinchia120/autoware.ai/install/sick_ldmrs_driver/include/sick_ldmrs/./datatypes/FieldDescription.hpp
[134.796s] -- Installing: /home/chinchia120/autoware.ai/install/sick_ldmrs_driver/include/sick_ldmrs/./datatypes/FieldParameter.hpp
[134.796s] -- Installing: /home/chinchia120/autoware.ai/install/sick_ldmrs_driver/include/sick_ldmrs/./datatypes/Position3D.hpp
[134.797s] -- Installing: /home/chinchia120/autoware.ai/install/sick_ldmrs_driver/include/sick_ldmrs/./datatypes/Box2D.hpp
[134.797s] -- Installing: /home/chinchia120/autoware.ai/install/sick_ldmrs_driver/include/sick_ldmrs/./datatypes/Line2D.hpp
[134.797s] -- Installing: /home/chinchia120/autoware.ai/install/sick_ldmrs_driver/include/sick_ldmrs/./datatypes/Measurement.hpp
[134.798s] -- Installing: /home/chinchia120/autoware.ai/install/sick_ldmrs_driver/include/sick_ldmrs/./datatypes/EvalCaseResult.hpp
[134.798s] -- Installing: /home/chinchia120/autoware.ai/install/sick_ldmrs_driver/include/sick_ldmrs/./datatypes/ScannerInfo.hpp
[134.798s] -- Installing: /home/chinchia120/autoware.ai/install/sick_ldmrs_driver/include/sick_ldmrs/./datatypes/Point3D.hpp
[134.799s] -- Installing: /home/chinchia120/autoware.ai/install/sick_ldmrs_driver/include/sick_ldmrs/./datatypes/Circle2D.hpp
[134.799s] -- Installing: /home/chinchia120/autoware.ai/install/sick_ldmrs_driver/include/sick_ldmrs/./datatypes/Trigger.hpp
[134.799s] -- Installing: /home/chinchia120/autoware.ai/install/sick_ldmrs_driver/include/sick_ldmrs/./datatypes/Ellipse2D.hpp
[134.799s] -- Installing: /home/chinchia120/autoware.ai/install/sick_ldmrs_driver/include/sick_ldmrs/./datatypes/EvalCaseResults.hpp
[134.800s] -- Installing: /home/chinchia120/autoware.ai/install/sick_ldmrs_driver/include/sick_ldmrs/./datatypes/Polygon3D.hpp
[134.800s] -- Installing: /home/chinchia120/autoware.ai/install/sick_ldmrs_driver/include/sick_ldmrs/./datatypes/Polygon2D.hpp
[134.800s] -- Installing: /home/chinchia120/autoware.ai/install/sick_ldmrs_driver/include/sick_ldmrs/./datatypes/Scan.hpp
[134.800s] -- Installing: /home/chinchia120/autoware.ai/install/sick_ldmrs_driver/include/sick_ldmrs/./datatypes/ScanPoint.hpp
[134.806s] -- Installing: /home/chinchia120/autoware.ai/install/sick_ldmrs_driver/include/sick_ldmrs/./sopas
[134.808s] -- Installing: /home/chinchia120/autoware.ai/install/sick_ldmrs_driver/include/sick_ldmrs/./sopas/SopasBase.hpp
[134.808s] -- Installing: /home/chinchia120/autoware.ai/install/sick_ldmrs_driver/include/sick_ldmrs/./sopas/colaa.hpp
[134.808s] -- Installing: /home/chinchia120/autoware.ai/install/sick_ldmrs_driver/include/sick_ldmrs/./sopas/LdmrsSopasLayer.hpp
[134.808s] -- Installing: /home/chinchia120/autoware.ai/install/sick_ldmrs_driver/include/sick_ldmrs/./sopas/colab.hpp
[134.809s] -- Installing: /home/chinchia120/autoware.ai/install/sick_ldmrs_driver/include/sick_ldmrs/./manager.hpp
[134.809s] Invoked command in '/home/chinchia120/autoware.ai/build/sick_ldmrs_driver' returned '0': CMAKE_PREFIX_PATH=/home/chinchia120/autoware.ai/install/sick_ldmrs_msgs:/home/chinchia120/autoware.ai/install/sick_ldmrs_description:${CMAKE_PREFIX_PATH} PKG_CONFIG_PATH=/home/chinchia120/autoware.ai/install/sick_ldmrs_msgs/lib/x86_64-linux-gnu/pkgconfig:/home/chinchia120/autoware.ai/install/sick_ldmrs_msgs/lib/pkgconfig:/home/chinchia120/autoware.ai/install/sick_ldmrs_description/lib/x86_64-linux-gnu/pkgconfig:/home/chinchia120/autoware.ai/install/sick_ldmrs_description/lib/pkgconfig:${PKG_CONFIG_PATH} PYTHONPATH=/home/chinchia120/autoware.ai/install/sick_ldmrs_msgs/lib/python2.7/dist-packages:${PYTHONPATH} ROS_PACKAGE_PATH=/home/chinchia120/autoware.ai/install/sick_ldmrs_msgs/share:/home/chinchia120/autoware.ai/install/sick_ldmrs_description/share:${ROS_PACKAGE_PATH} /usr/bin/cmake --build /home/chinchia120/autoware.ai/build/sick_ldmrs_driver --target install -- -j4 -l4
