Determining if the pthread_create exist failed with the following output:
Change Dir: /home/chinchia120/autoware.ai/build/vision_segment_enet_detect/CMakeFiles/CMakeTmp

Run Build Command:"/usr/bin/make" "cmTC_ffeca/fast"
/usr/bin/make -f CMakeFiles/cmTC_ffeca.dir/build.make CMakeFiles/cmTC_ffeca.dir/build
make[1]: Entering directory '/home/chinchia120/autoware.ai/build/vision_segment_enet_detect/CMakeFiles/CMakeTmp'
Building C object CMakeFiles/cmTC_ffeca.dir/CheckSymbolExists.c.o
/usr/bin/cc    -o CMakeFiles/cmTC_ffeca.dir/CheckSymbolExists.c.o   -c /home/chinchia120/autoware.ai/build/vision_segment_enet_detect/CMakeFiles/CMakeTmp/CheckSymbolExists.c
Linking C executable cmTC_ffeca
/usr/bin/cmake -E cmake_link_script CMakeFiles/cmTC_ffeca.dir/link.txt --verbose=1
/usr/bin/cc      -rdynamic CMakeFiles/cmTC_ffeca.dir/CheckSymbolExists.c.o  -o cmTC_ffeca 
CMakeFiles/cmTC_ffeca.dir/CheckSymbolExists.c.o: In function `main':
CheckSymbolExists.c:(.text+0x1b): undefined reference to `pthread_create'
collect2: error: ld returned 1 exit status
CMakeFiles/cmTC_ffeca.dir/build.make:97: recipe for target 'cmTC_ffeca' failed
make[1]: *** [cmTC_ffeca] Error 1
make[1]: Leaving directory '/home/chinchia120/autoware.ai/build/vision_segment_enet_detect/CMakeFiles/CMakeTmp'
Makefile:126: recipe for target 'cmTC_ffeca/fast' failed
make: *** [cmTC_ffeca/fast] Error 2

File /home/chinchia120/autoware.ai/build/vision_segment_enet_detect/CMakeFiles/CMakeTmp/CheckSymbolExists.c:
/* */
#include <pthread.h>

int main(int argc, char** argv)
{
  (void)argv;
#ifndef pthread_create
  return ((int*)(&pthread_create))[argc];
#else
  (void)argc;
  return 0;
#endif
}

Determining if the function pthread_create exists in the pthreads failed with the following output:
Change Dir: /home/chinchia120/autoware.ai/build/vision_segment_enet_detect/CMakeFiles/CMakeTmp

Run Build Command:"/usr/bin/make" "cmTC_4870f/fast"
/usr/bin/make -f CMakeFiles/cmTC_4870f.dir/build.make CMakeFiles/cmTC_4870f.dir/build
make[1]: Entering directory '/home/chinchia120/autoware.ai/build/vision_segment_enet_detect/CMakeFiles/CMakeTmp'
Building C object CMakeFiles/cmTC_4870f.dir/CheckFunctionExists.c.o
/usr/bin/cc   -DCHECK_FUNCTION_EXISTS=pthread_create   -o CMakeFiles/cmTC_4870f.dir/CheckFunctionExists.c.o   -c /usr/share/cmake-3.10/Modules/CheckFunctionExists.c
Linking C executable cmTC_4870f
/usr/bin/cmake -E cmake_link_script CMakeFiles/cmTC_4870f.dir/link.txt --verbose=1
/usr/bin/cc  -DCHECK_FUNCTION_EXISTS=pthread_create    -rdynamic CMakeFiles/cmTC_4870f.dir/CheckFunctionExists.c.o  -o cmTC_4870f -lpthreads 
/usr/bin/ld: cannot find -lpthreads
collect2: error: ld returned 1 exit status
CMakeFiles/cmTC_4870f.dir/build.make:97: recipe for target 'cmTC_4870f' failed
make[1]: *** [cmTC_4870f] Error 1
make[1]: Leaving directory '/home/chinchia120/autoware.ai/build/vision_segment_enet_detect/CMakeFiles/CMakeTmp'
Makefile:126: recipe for target 'cmTC_4870f/fast' failed
make: *** [cmTC_4870f/fast] Error 2


