[0.049s] Invoking command in '/home/chinchia120/autoware.ai/build/log_tools': CMAKE_PREFIX_PATH=/home/chinchia120/autoware.ai/install/autoware_build_flags:${CMAKE_PREFIX_PATH} PKG_CONFIG_PATH=/home/chinchia120/autoware.ai/install/autoware_build_flags/lib/x86_64-linux-gnu/pkgconfig:/home/chinchia120/autoware.ai/install/autoware_build_flags/lib/pkgconfig:${PKG_CONFIG_PATH} ROS_PACKAGE_PATH=/home/chinchia120/autoware.ai/install/autoware_build_flags/share:${ROS_PACKAGE_PATH} /usr/bin/cmake /home/chinchia120/autoware.ai/src/autoware/utilities/log_tools -DCMAKE_BUILD_TYPE=Release -DCATKIN_INSTALL_INTO_PREFIX_ROOT=0 -DCMAKE_INSTALL_PREFIX=/home/chinchia120/autoware.ai/install/log_tools
[0.194s] -- The C compiler identification is GNU 7.5.0
[0.349s] -- The CXX compiler identification is GNU 7.5.0
[0.359s] -- Check for working C compiler: /usr/bin/cc
[0.527s] -- Check for working C compiler: /usr/bin/cc -- works
[0.532s] -- Detecting C compiler ABI info
[0.702s] -- Detecting C compiler ABI info - done
[0.722s] -- Detecting C compile features
[1.183s] -- Detecting C compile features - done
[1.188s] -- Check for working CXX compiler: /usr/bin/c++
[1.378s] -- Check for working CXX compiler: /usr/bin/c++ -- works
[1.379s] -- Detecting CXX compiler ABI info
[1.569s] -- Detecting CXX compiler ABI info - done
[1.593s] -- Detecting CXX compile features
[2.417s] -- Detecting CXX compile features - done
[2.421s] -- CUDA compilation status: 1.
[2.424s] -- Using CATKIN_DEVEL_PREFIX: /home/chinchia120/autoware.ai/build/log_tools/devel
[2.424s] -- Using CMAKE_PREFIX_PATH: /home/chinchia120/autoware.ai/install/autoware_build_flags;/home/chinchia120/catkin_ws/devel;/opt/ros/melodic
[2.425s] -- This workspace overlays: /home/chinchia120/autoware.ai/install/autoware_build_flags;/home/chinchia120/catkin_ws/devel;/opt/ros/melodic
[2.456s] -- Found PythonInterp: /usr/bin/python2 (found suitable version "2.7.17", minimum required is "2") 
[2.457s] -- Using PYTHON_EXECUTABLE: /usr/bin/python2
[2.457s] -- Using Debian Python package layout
[2.457s] -- Using empy: /usr/bin/empy
[2.798s] -- Using CATKIN_ENABLE_TESTING: ON
[2.798s] -- Call enable_testing()
[2.803s] -- Using CATKIN_TEST_RESULTS_DIR: /home/chinchia120/autoware.ai/build/log_tools/test_results
[2.867s] -- Found gtest sources under '/usr/src/googletest': gtests will be built
[2.867s] -- Found gmock sources under '/usr/src/googletest': gmock will be built
[2.899s] -- Found PythonInterp: /usr/bin/python2 (found version "2.7.17") 
[2.912s] -- Looking for pthread.h
[3.061s] -- Looking for pthread.h - found
[3.061s] -- Looking for pthread_create
[3.238s] -- Looking for pthread_create - not found
[3.238s] -- Looking for pthread_create in pthreads
[3.380s] -- Looking for pthread_create in pthreads - not found
[3.381s] -- Looking for pthread_create in pthread
[3.555s] -- Looking for pthread_create in pthread - found
[3.557s] -- Found Threads: TRUE  
[3.565s] -- Using Python nosetests: /usr/bin/nosetests-2.7
[3.656s] -- catkin 0.7.29
[3.657s] -- BUILD_SHARED_LIBS is on
[4.131s] -- Configuring done
[4.158s] -- Generating done
[4.164s] -- Build files have been written to: /home/chinchia120/autoware.ai/build/log_tools
[4.170s] Invoked command in '/home/chinchia120/autoware.ai/build/log_tools' returned '0': CMAKE_PREFIX_PATH=/home/chinchia120/autoware.ai/install/autoware_build_flags:${CMAKE_PREFIX_PATH} PKG_CONFIG_PATH=/home/chinchia120/autoware.ai/install/autoware_build_flags/lib/x86_64-linux-gnu/pkgconfig:/home/chinchia120/autoware.ai/install/autoware_build_flags/lib/pkgconfig:${PKG_CONFIG_PATH} ROS_PACKAGE_PATH=/home/chinchia120/autoware.ai/install/autoware_build_flags/share:${ROS_PACKAGE_PATH} /usr/bin/cmake /home/chinchia120/autoware.ai/src/autoware/utilities/log_tools -DCMAKE_BUILD_TYPE=Release -DCATKIN_INSTALL_INTO_PREFIX_ROOT=0 -DCMAKE_INSTALL_PREFIX=/home/chinchia120/autoware.ai/install/log_tools
[4.177s] Invoking command in '/home/chinchia120/autoware.ai/build/log_tools': CMAKE_PREFIX_PATH=/home/chinchia120/autoware.ai/install/autoware_build_flags:${CMAKE_PREFIX_PATH} PKG_CONFIG_PATH=/home/chinchia120/autoware.ai/install/autoware_build_flags/lib/x86_64-linux-gnu/pkgconfig:/home/chinchia120/autoware.ai/install/autoware_build_flags/lib/pkgconfig:${PKG_CONFIG_PATH} ROS_PACKAGE_PATH=/home/chinchia120/autoware.ai/install/autoware_build_flags/share:${ROS_PACKAGE_PATH} /usr/bin/cmake --build /home/chinchia120/autoware.ai/build/log_tools -- -j4 -l4
[4.280s] Invoked command in '/home/chinchia120/autoware.ai/build/log_tools' returned '0': CMAKE_PREFIX_PATH=/home/chinchia120/autoware.ai/install/autoware_build_flags:${CMAKE_PREFIX_PATH} PKG_CONFIG_PATH=/home/chinchia120/autoware.ai/install/autoware_build_flags/lib/x86_64-linux-gnu/pkgconfig:/home/chinchia120/autoware.ai/install/autoware_build_flags/lib/pkgconfig:${PKG_CONFIG_PATH} ROS_PACKAGE_PATH=/home/chinchia120/autoware.ai/install/autoware_build_flags/share:${ROS_PACKAGE_PATH} /usr/bin/cmake --build /home/chinchia120/autoware.ai/build/log_tools -- -j4 -l4
[4.376s] Invoking command in '/home/chinchia120/autoware.ai/build/log_tools': CMAKE_PREFIX_PATH=/home/chinchia120/autoware.ai/install/autoware_build_flags:${CMAKE_PREFIX_PATH} PKG_CONFIG_PATH=/home/chinchia120/autoware.ai/install/autoware_build_flags/lib/x86_64-linux-gnu/pkgconfig:/home/chinchia120/autoware.ai/install/autoware_build_flags/lib/pkgconfig:${PKG_CONFIG_PATH} ROS_PACKAGE_PATH=/home/chinchia120/autoware.ai/install/autoware_build_flags/share:${ROS_PACKAGE_PATH} /usr/bin/cmake --build /home/chinchia120/autoware.ai/build/log_tools --target tests -- -j4 -l4
[4.502s] [35m[1mScanning dependencies of target tests[0m
[4.532s] Built target tests
[4.560s] Invoked command in '/home/chinchia120/autoware.ai/build/log_tools' returned '0': CMAKE_PREFIX_PATH=/home/chinchia120/autoware.ai/install/autoware_build_flags:${CMAKE_PREFIX_PATH} PKG_CONFIG_PATH=/home/chinchia120/autoware.ai/install/autoware_build_flags/lib/x86_64-linux-gnu/pkgconfig:/home/chinchia120/autoware.ai/install/autoware_build_flags/lib/pkgconfig:${PKG_CONFIG_PATH} ROS_PACKAGE_PATH=/home/chinchia120/autoware.ai/install/autoware_build_flags/share:${ROS_PACKAGE_PATH} /usr/bin/cmake --build /home/chinchia120/autoware.ai/build/log_tools --target tests -- -j4 -l4
[4.655s] Invoking command in '/home/chinchia120/autoware.ai/build/log_tools': CMAKE_PREFIX_PATH=/home/chinchia120/autoware.ai/install/autoware_build_flags:${CMAKE_PREFIX_PATH} PKG_CONFIG_PATH=/home/chinchia120/autoware.ai/install/autoware_build_flags/lib/x86_64-linux-gnu/pkgconfig:/home/chinchia120/autoware.ai/install/autoware_build_flags/lib/pkgconfig:${PKG_CONFIG_PATH} ROS_PACKAGE_PATH=/home/chinchia120/autoware.ai/install/autoware_build_flags/share:${ROS_PACKAGE_PATH} /usr/bin/cmake --build /home/chinchia120/autoware.ai/build/log_tools --target install -- -j4 -l4
[4.789s] [36mInstall the project...[0m
[4.812s] -- Install configuration: "Release"
[4.812s] -- Installing: /home/chinchia120/autoware.ai/install/log_tools/lib/pkgconfig/log_tools.pc
[4.813s] -- Installing: /home/chinchia120/autoware.ai/install/log_tools/share/log_tools/cmake/log_toolsConfig.cmake
[4.813s] -- Installing: /home/chinchia120/autoware.ai/install/log_tools/share/log_tools/cmake/log_toolsConfig-version.cmake
[4.813s] -- Installing: /home/chinchia120/autoware.ai/install/log_tools/share/log_tools/package.xml
[4.813s] -- Installing: /home/chinchia120/autoware.ai/install/log_tools/lib/log_tools/client.py
[4.814s] -- Installing: /home/chinchia120/autoware.ai/install/log_tools/lib/log_tools/common.py
[4.814s] -- Installing: /home/chinchia120/autoware.ai/install/log_tools/lib/log_tools/recorder.py
[4.814s] -- Installing: /home/chinchia120/autoware.ai/install/log_tools/lib/log_tools/server.py
[4.820s] Invoked command in '/home/chinchia120/autoware.ai/build/log_tools' returned '0': CMAKE_PREFIX_PATH=/home/chinchia120/autoware.ai/install/autoware_build_flags:${CMAKE_PREFIX_PATH} PKG_CONFIG_PATH=/home/chinchia120/autoware.ai/install/autoware_build_flags/lib/x86_64-linux-gnu/pkgconfig:/home/chinchia120/autoware.ai/install/autoware_build_flags/lib/pkgconfig:${PKG_CONFIG_PATH} ROS_PACKAGE_PATH=/home/chinchia120/autoware.ai/install/autoware_build_flags/share:${ROS_PACKAGE_PATH} /usr/bin/cmake --build /home/chinchia120/autoware.ai/build/log_tools --target install -- -j4 -l4
