[0.179s] Invoking command in '/home/chinchia120/autoware.ai/build/lane_planner': CMAKE_PREFIX_PATH=/home/chinchia120/autoware.ai/install/lanelet2_extension:/home/chinchia120/autoware.ai/install/lanelet2_validation:/home/chinchia120/autoware.ai/install/lanelet2_routing:/home/chinchia120/autoware.ai/install/lanelet2_projection:/home/chinchia120/autoware.ai/install/libwaypoint_follower:/home/chinchia120/autoware.ai/install/lanelet2_traffic_rules:/home/chinchia120/autoware.ai/install/lanelet2_maps:/home/chinchia120/autoware.ai/install/lanelet2_io:/home/chinchia120/autoware.ai/install/vector_map:/home/chinchia120/autoware.ai/install/lanelet2_core:/home/chinchia120/autoware.ai/install/amathutils_lib:/home/chinchia120/autoware.ai/install/vector_map_msgs:/home/chinchia120/autoware.ai/install/tablet_socket_msgs:/home/chinchia120/autoware.ai/install/gnss:/home/chinchia120/autoware.ai/install/autoware_msgs:/home/chinchia120/autoware.ai/install/autoware_lanelet2_msgs:/home/chinchia120/autoware.ai/install/autoware_config_msgs:/home/chinchia120/autoware.ai/install/autoware_build_flags:${CMAKE_PREFIX_PATH} LD_LIBRARY_PATH=/home/chinchia120/autoware.ai/install/lanelet2_extension/lib:/home/chinchia120/autoware.ai/install/lanelet2_validation/lib:/home/chinchia120/autoware.ai/install/lanelet2_routing/lib:/home/chinchia120/autoware.ai/install/lanelet2_projection/lib:/home/chinchia120/autoware.ai/install/libwaypoint_follower/lib:/home/chinchia120/autoware.ai/install/lanelet2_traffic_rules/lib:/home/chinchia120/autoware.ai/install/lanelet2_io/lib:/home/chinchia120/autoware.ai/install/vector_map/lib:/home/chinchia120/autoware.ai/install/lanelet2_core/lib:/home/chinchia120/autoware.ai/install/amathutils_lib/lib:/home/chinchia120/autoware.ai/install/gnss/lib:${LD_LIBRARY_PATH} PKG_CONFIG_PATH=/home/chinchia120/autoware.ai/install/lanelet2_extension/lib/x86_64-linux-gnu/pkgconfig:/home/chinchia120/autoware.ai/install/lanelet2_extension/lib/pkgconfig:/home/chinchia120/autoware.ai/install/lanelet2_validation/lib/x86_64-linux-gnu/pkgconfig:/home/chinchia120/autoware.ai/install/lanelet2_validation/lib/pkgconfig:/home/chinchia120/autoware.ai/install/lanelet2_routing/lib/x86_64-linux-gnu/pkgconfig:/home/chinchia120/autoware.ai/install/lanelet2_routing/lib/pkgconfig:/home/chinchia120/autoware.ai/install/lanelet2_projection/lib/x86_64-linux-gnu/pkgconfig:/home/chinchia120/autoware.ai/install/lanelet2_projection/lib/pkgconfig:/home/chinchia120/autoware.ai/install/libwaypoint_follower/lib/x86_64-linux-gnu/pkgconfig:/home/chinchia120/autoware.ai/install/libwaypoint_follower/lib/pkgconfig:/home/chinchia120/autoware.ai/install/lanelet2_traffic_rules/lib/x86_64-linux-gnu/pkgconfig:/home/chinchia120/autoware.ai/install/lanelet2_traffic_rules/lib/pkgconfig:/home/chinchia120/autoware.ai/install/lanelet2_maps/lib/x86_64-linux-gnu/pkgconfig:/home/chinchia120/autoware.ai/install/lanelet2_maps/lib/pkgconfig:/home/chinchia120/autoware.ai/install/lanelet2_io/lib/x86_64-linux-gnu/pkgconfig:/home/chinchia120/autoware.ai/install/lanelet2_io/lib/pkgconfig:/home/chinchia120/autoware.ai/install/vector_map/lib/x86_64-linux-gnu/pkgconfig:/home/chinchia120/autoware.ai/install/vector_map/lib/pkgconfig:/home/chinchia120/autoware.ai/install/lanelet2_core/lib/x86_64-linux-gnu/pkgconfig:/home/chinchia120/autoware.ai/install/lanelet2_core/lib/pkgconfig:/home/chinchia120/autoware.ai/install/amathutils_lib/lib/x86_64-linux-gnu/pkgconfig:/home/chinchia120/autoware.ai/install/amathutils_lib/lib/pkgconfig:/home/chinchia120/autoware.ai/install/vector_map_msgs/lib/x86_64-linux-gnu/pkgconfig:/home/chinchia120/autoware.ai/install/vector_map_msgs/lib/pkgconfig:/home/chinchia120/autoware.ai/install/tablet_socket_msgs/lib/x86_64-linux-gnu/pkgconfig:/home/chinchia120/autoware.ai/install/tablet_socket_msgs/lib/pkgconfig:/home/chinchia120/autoware.ai/install/gnss/lib/x86_64-linux-gnu/pkgconfig:/home/chinchia120/autoware.ai/install/gnss/lib/pkgconfig:/home/chinchia120/autoware.ai/install/autoware_msgs/lib/x86_64-linux-gnu/pkgconfig:/home/chinchia120/autoware.ai/install/autoware_msgs/lib/pkgconfig:/home/chinchia120/autoware.ai/install/autoware_lanelet2_msgs/lib/x86_64-linux-gnu/pkgconfig:/home/chinchia120/autoware.ai/install/autoware_lanelet2_msgs/lib/pkgconfig:/home/chinchia120/autoware.ai/install/autoware_config_msgs/lib/x86_64-linux-gnu/pkgconfig:/home/chinchia120/autoware.ai/install/autoware_config_msgs/lib/pkgconfig:/home/chinchia120/autoware.ai/install/autoware_build_flags/lib/x86_64-linux-gnu/pkgconfig:/home/chinchia120/autoware.ai/install/autoware_build_flags/lib/pkgconfig:${PKG_CONFIG_PATH} PYTHONPATH=/home/chinchia120/autoware.ai/install/vector_map_msgs/lib/python2.7/dist-packages:/home/chinchia120/autoware.ai/install/tablet_socket_msgs/lib/python2.7/dist-packages:/home/chinchia120/autoware.ai/install/autoware_msgs/lib/python2.7/dist-packages:/home/chinchia120/autoware.ai/install/autoware_lanelet2_msgs/lib/python2.7/dist-packages:/home/chinchia120/autoware.ai/install/autoware_config_msgs/lib/python2.7/dist-packages:${PYTHONPATH} ROS_PACKAGE_PATH=/home/chinchia120/autoware.ai/install/lanelet2_extension/share:/home/chinchia120/autoware.ai/install/lanelet2_validation/share:/home/chinchia120/autoware.ai/install/lanelet2_routing/share:/home/chinchia120/autoware.ai/install/lanelet2_projection/share:/home/chinchia120/autoware.ai/install/libwaypoint_follower/share:/home/chinchia120/autoware.ai/install/lanelet2_traffic_rules/share:/home/chinchia120/autoware.ai/install/lanelet2_maps/share:/home/chinchia120/autoware.ai/install/lanelet2_io/share:/home/chinchia120/autoware.ai/install/vector_map/share:/home/chinchia120/autoware.ai/install/lanelet2_core/share:/home/chinchia120/autoware.ai/install/amathutils_lib/share:/home/chinchia120/autoware.ai/install/vector_map_msgs/share:/home/chinchia120/autoware.ai/install/tablet_socket_msgs/share:/home/chinchia120/autoware.ai/install/gnss/share:/home/chinchia120/autoware.ai/install/autoware_msgs/share:/home/chinchia120/autoware.ai/install/autoware_lanelet2_msgs/share:/home/chinchia120/autoware.ai/install/autoware_config_msgs/share:/home/chinchia120/autoware.ai/install/autoware_build_flags/share:${ROS_PACKAGE_PATH} /usr/bin/cmake /home/chinchia120/autoware.ai/src/autoware/core_planning/lane_planner -DCMAKE_BUILD_TYPE=Release -DCATKIN_INSTALL_INTO_PREFIX_ROOT=0 -DCMAKE_INSTALL_PREFIX=/home/chinchia120/autoware.ai/install/lane_planner
[0.314s] -- The C compiler identification is GNU 7.5.0
[0.451s] -- The CXX compiler identification is GNU 7.5.0
[0.461s] -- Check for working C compiler: /usr/bin/cc
[0.635s] -- Check for working C compiler: /usr/bin/cc -- works
[0.636s] -- Detecting C compiler ABI info
[0.805s] -- Detecting C compiler ABI info - done
[0.831s] -- Detecting C compile features
[1.377s] -- Detecting C compile features - done
[1.387s] -- Check for working CXX compiler: /usr/bin/c++
[1.614s] -- Check for working CXX compiler: /usr/bin/c++ -- works
[1.616s] -- Detecting CXX compiler ABI info
[1.890s] -- Detecting CXX compiler ABI info - done
[1.918s] -- Detecting CXX compile features
[2.847s] -- Detecting CXX compile features - done
[2.865s] -- CUDA compilation status: 1.
[2.873s] -- Using CATKIN_DEVEL_PREFIX: /home/chinchia120/autoware.ai/build/lane_planner/devel
[2.874s] -- Using CMAKE_PREFIX_PATH: /home/chinchia120/autoware.ai/install/lanelet2_extension;/home/chinchia120/autoware.ai/install/lanelet2_validation;/home/chinchia120/autoware.ai/install/lanelet2_routing;/home/chinchia120/autoware.ai/install/lanelet2_projection;/home/chinchia120/autoware.ai/install/libwaypoint_follower;/home/chinchia120/autoware.ai/install/lanelet2_traffic_rules;/home/chinchia120/autoware.ai/install/lanelet2_maps;/home/chinchia120/autoware.ai/install/lanelet2_io;/home/chinchia120/autoware.ai/install/vector_map;/home/chinchia120/autoware.ai/install/lanelet2_core;/home/chinchia120/autoware.ai/install/amathutils_lib;/home/chinchia120/autoware.ai/install/vector_map_msgs;/home/chinchia120/autoware.ai/install/tablet_socket_msgs;/home/chinchia120/autoware.ai/install/gnss;/home/chinchia120/autoware.ai/install/autoware_msgs;/home/chinchia120/autoware.ai/install/autoware_lanelet2_msgs;/home/chinchia120/autoware.ai/install/autoware_config_msgs;/home/chinchia120/autoware.ai/install/autoware_build_flags;/home/chinchia120/catkin_ws/devel;/opt/ros/melodic
[2.877s] -- This workspace overlays: /home/chinchia120/autoware.ai/install/lanelet2_extension;/home/chinchia120/autoware.ai/install/lanelet2_validation;/home/chinchia120/autoware.ai/install/lanelet2_routing;/home/chinchia120/autoware.ai/install/lanelet2_projection;/home/chinchia120/autoware.ai/install/libwaypoint_follower;/home/chinchia120/autoware.ai/install/lanelet2_traffic_rules;/home/chinchia120/autoware.ai/install/lanelet2_maps;/home/chinchia120/autoware.ai/install/lanelet2_io;/home/chinchia120/autoware.ai/install/vector_map;/home/chinchia120/autoware.ai/install/lanelet2_core;/home/chinchia120/autoware.ai/install/amathutils_lib;/home/chinchia120/autoware.ai/install/vector_map_msgs;/home/chinchia120/autoware.ai/install/tablet_socket_msgs;/home/chinchia120/autoware.ai/install/gnss;/home/chinchia120/autoware.ai/install/autoware_msgs;/home/chinchia120/autoware.ai/install/autoware_lanelet2_msgs;/home/chinchia120/autoware.ai/install/autoware_config_msgs;/home/chinchia120/autoware.ai/install/autoware_build_flags;/home/chinchia120/catkin_ws/devel;/opt/ros/melodic
[2.914s] -- Found PythonInterp: /usr/bin/python2 (found suitable version "2.7.17", minimum required is "2") 
[2.914s] -- Using PYTHON_EXECUTABLE: /usr/bin/python2
[2.914s] -- Using Debian Python package layout
[2.915s] -- Using empy: /usr/bin/empy
[3.208s] -- Using CATKIN_ENABLE_TESTING: ON
[3.208s] -- Call enable_testing()
[3.213s] -- Using CATKIN_TEST_RESULTS_DIR: /home/chinchia120/autoware.ai/build/lane_planner/test_results
[3.258s] -- Found gtest sources under '/usr/src/googletest': gtests will be built
[3.258s] -- Found gmock sources under '/usr/src/googletest': gmock will be built
[3.286s] -- Found PythonInterp: /usr/bin/python2 (found version "2.7.17") 
[3.288s] -- Looking for pthread.h
[3.469s] -- Looking for pthread.h - found
[3.470s] -- Looking for pthread_create
[3.648s] -- Looking for pthread_create - not found
[3.648s] -- Looking for pthread_create in pthreads
[3.793s] -- Looking for pthread_create in pthreads - not found
[3.794s] -- Looking for pthread_create in pthread
[3.973s] -- Looking for pthread_create in pthread - found
[3.976s] -- Found Threads: TRUE  
[3.985s] -- Using Python nosetests: /usr/bin/nosetests-2.7
[4.075s] -- catkin 0.7.29
[4.075s] -- BUILD_SHARED_LIBS is on
[4.561s] -- Using these message generators: gencpp;geneus;genlisp;gennodejs;genpy
[5.861s] -- Configuring done
[6.213s] -- Generating done
[6.243s] -- Build files have been written to: /home/chinchia120/autoware.ai/build/lane_planner
[6.260s] Invoked command in '/home/chinchia120/autoware.ai/build/lane_planner' returned '0': CMAKE_PREFIX_PATH=/home/chinchia120/autoware.ai/install/lanelet2_extension:/home/chinchia120/autoware.ai/install/lanelet2_validation:/home/chinchia120/autoware.ai/install/lanelet2_routing:/home/chinchia120/autoware.ai/install/lanelet2_projection:/home/chinchia120/autoware.ai/install/libwaypoint_follower:/home/chinchia120/autoware.ai/install/lanelet2_traffic_rules:/home/chinchia120/autoware.ai/install/lanelet2_maps:/home/chinchia120/autoware.ai/install/lanelet2_io:/home/chinchia120/autoware.ai/install/vector_map:/home/chinchia120/autoware.ai/install/lanelet2_core:/home/chinchia120/autoware.ai/install/amathutils_lib:/home/chinchia120/autoware.ai/install/vector_map_msgs:/home/chinchia120/autoware.ai/install/tablet_socket_msgs:/home/chinchia120/autoware.ai/install/gnss:/home/chinchia120/autoware.ai/install/autoware_msgs:/home/chinchia120/autoware.ai/install/autoware_lanelet2_msgs:/home/chinchia120/autoware.ai/install/autoware_config_msgs:/home/chinchia120/autoware.ai/install/autoware_build_flags:${CMAKE_PREFIX_PATH} LD_LIBRARY_PATH=/home/chinchia120/autoware.ai/install/lanelet2_extension/lib:/home/chinchia120/autoware.ai/install/lanelet2_validation/lib:/home/chinchia120/autoware.ai/install/lanelet2_routing/lib:/home/chinchia120/autoware.ai/install/lanelet2_projection/lib:/home/chinchia120/autoware.ai/install/libwaypoint_follower/lib:/home/chinchia120/autoware.ai/install/lanelet2_traffic_rules/lib:/home/chinchia120/autoware.ai/install/lanelet2_io/lib:/home/chinchia120/autoware.ai/install/vector_map/lib:/home/chinchia120/autoware.ai/install/lanelet2_core/lib:/home/chinchia120/autoware.ai/install/amathutils_lib/lib:/home/chinchia120/autoware.ai/install/gnss/lib:${LD_LIBRARY_PATH} PKG_CONFIG_PATH=/home/chinchia120/autoware.ai/install/lanelet2_extension/lib/x86_64-linux-gnu/pkgconfig:/home/chinchia120/autoware.ai/install/lanelet2_extension/lib/pkgconfig:/home/chinchia120/autoware.ai/install/lanelet2_validation/lib/x86_64-linux-gnu/pkgconfig:/home/chinchia120/autoware.ai/install/lanelet2_validation/lib/pkgconfig:/home/chinchia120/autoware.ai/install/lanelet2_routing/lib/x86_64-linux-gnu/pkgconfig:/home/chinchia120/autoware.ai/install/lanelet2_routing/lib/pkgconfig:/home/chinchia120/autoware.ai/install/lanelet2_projection/lib/x86_64-linux-gnu/pkgconfig:/home/chinchia120/autoware.ai/install/lanelet2_projection/lib/pkgconfig:/home/chinchia120/autoware.ai/install/libwaypoint_follower/lib/x86_64-linux-gnu/pkgconfig:/home/chinchia120/autoware.ai/install/libwaypoint_follower/lib/pkgconfig:/home/chinchia120/autoware.ai/install/lanelet2_traffic_rules/lib/x86_64-linux-gnu/pkgconfig:/home/chinchia120/autoware.ai/install/lanelet2_traffic_rules/lib/pkgconfig:/home/chinchia120/autoware.ai/install/lanelet2_maps/lib/x86_64-linux-gnu/pkgconfig:/home/chinchia120/autoware.ai/install/lanelet2_maps/lib/pkgconfig:/home/chinchia120/autoware.ai/install/lanelet2_io/lib/x86_64-linux-gnu/pkgconfig:/home/chinchia120/autoware.ai/install/lanelet2_io/lib/pkgconfig:/home/chinchia120/autoware.ai/install/vector_map/lib/x86_64-linux-gnu/pkgconfig:/home/chinchia120/autoware.ai/install/vector_map/lib/pkgconfig:/home/chinchia120/autoware.ai/install/lanelet2_core/lib/x86_64-linux-gnu/pkgconfig:/home/chinchia120/autoware.ai/install/lanelet2_core/lib/pkgconfig:/home/chinchia120/autoware.ai/install/amathutils_lib/lib/x86_64-linux-gnu/pkgconfig:/home/chinchia120/autoware.ai/install/amathutils_lib/lib/pkgconfig:/home/chinchia120/autoware.ai/install/vector_map_msgs/lib/x86_64-linux-gnu/pkgconfig:/home/chinchia120/autoware.ai/install/vector_map_msgs/lib/pkgconfig:/home/chinchia120/autoware.ai/install/tablet_socket_msgs/lib/x86_64-linux-gnu/pkgconfig:/home/chinchia120/autoware.ai/install/tablet_socket_msgs/lib/pkgconfig:/home/chinchia120/autoware.ai/install/gnss/lib/x86_64-linux-gnu/pkgconfig:/home/chinchia120/autoware.ai/install/gnss/lib/pkgconfig:/home/chinchia120/autoware.ai/install/autoware_msgs/lib/x86_64-linux-gnu/pkgconfig:/home/chinchia120/autoware.ai/install/autoware_msgs/lib/pkgconfig:/home/chinchia120/autoware.ai/install/autoware_lanelet2_msgs/lib/x86_64-linux-gnu/pkgconfig:/home/chinchia120/autoware.ai/install/autoware_lanelet2_msgs/lib/pkgconfig:/home/chinchia120/autoware.ai/install/autoware_config_msgs/lib/x86_64-linux-gnu/pkgconfig:/home/chinchia120/autoware.ai/install/autoware_config_msgs/lib/pkgconfig:/home/chinchia120/autoware.ai/install/autoware_build_flags/lib/x86_64-linux-gnu/pkgconfig:/home/chinchia120/autoware.ai/install/autoware_build_flags/lib/pkgconfig:${PKG_CONFIG_PATH} PYTHONPATH=/home/chinchia120/autoware.ai/install/vector_map_msgs/lib/python2.7/dist-packages:/home/chinchia120/autoware.ai/install/tablet_socket_msgs/lib/python2.7/dist-packages:/home/chinchia120/autoware.ai/install/autoware_msgs/lib/python2.7/dist-packages:/home/chinchia120/autoware.ai/install/autoware_lanelet2_msgs/lib/python2.7/dist-packages:/home/chinchia120/autoware.ai/install/autoware_config_msgs/lib/python2.7/dist-packages:${PYTHONPATH} ROS_PACKAGE_PATH=/home/chinchia120/autoware.ai/install/lanelet2_extension/share:/home/chinchia120/autoware.ai/install/lanelet2_validation/share:/home/chinchia120/autoware.ai/install/lanelet2_routing/share:/home/chinchia120/autoware.ai/install/lanelet2_projection/share:/home/chinchia120/autoware.ai/install/libwaypoint_follower/share:/home/chinchia120/autoware.ai/install/lanelet2_traffic_rules/share:/home/chinchia120/autoware.ai/install/lanelet2_maps/share:/home/chinchia120/autoware.ai/install/lanelet2_io/share:/home/chinchia120/autoware.ai/install/vector_map/share:/home/chinchia120/autoware.ai/install/lanelet2_core/share:/home/chinchia120/autoware.ai/install/amathutils_lib/share:/home/chinchia120/autoware.ai/install/vector_map_msgs/share:/home/chinchia120/autoware.ai/install/tablet_socket_msgs/share:/home/chinchia120/autoware.ai/install/gnss/share:/home/chinchia120/autoware.ai/install/autoware_msgs/share:/home/chinchia120/autoware.ai/install/autoware_lanelet2_msgs/share:/home/chinchia120/autoware.ai/install/autoware_config_msgs/share:/home/chinchia120/autoware.ai/install/autoware_build_flags/share:${ROS_PACKAGE_PATH} /usr/bin/cmake /home/chinchia120/autoware.ai/src/autoware/core_planning/lane_planner -DCMAKE_BUILD_TYPE=Release -DCATKIN_INSTALL_INTO_PREFIX_ROOT=0 -DCMAKE_INSTALL_PREFIX=/home/chinchia120/autoware.ai/install/lane_planner
[6.264s] Invoking command in '/home/chinchia120/autoware.ai/build/lane_planner': CMAKE_PREFIX_PATH=/home/chinchia120/autoware.ai/install/lanelet2_extension:/home/chinchia120/autoware.ai/install/lanelet2_validation:/home/chinchia120/autoware.ai/install/lanelet2_routing:/home/chinchia120/autoware.ai/install/lanelet2_projection:/home/chinchia120/autoware.ai/install/libwaypoint_follower:/home/chinchia120/autoware.ai/install/lanelet2_traffic_rules:/home/chinchia120/autoware.ai/install/lanelet2_maps:/home/chinchia120/autoware.ai/install/lanelet2_io:/home/chinchia120/autoware.ai/install/vector_map:/home/chinchia120/autoware.ai/install/lanelet2_core:/home/chinchia120/autoware.ai/install/amathutils_lib:/home/chinchia120/autoware.ai/install/vector_map_msgs:/home/chinchia120/autoware.ai/install/tablet_socket_msgs:/home/chinchia120/autoware.ai/install/gnss:/home/chinchia120/autoware.ai/install/autoware_msgs:/home/chinchia120/autoware.ai/install/autoware_lanelet2_msgs:/home/chinchia120/autoware.ai/install/autoware_config_msgs:/home/chinchia120/autoware.ai/install/autoware_build_flags:${CMAKE_PREFIX_PATH} LD_LIBRARY_PATH=/home/chinchia120/autoware.ai/install/lanelet2_extension/lib:/home/chinchia120/autoware.ai/install/lanelet2_validation/lib:/home/chinchia120/autoware.ai/install/lanelet2_routing/lib:/home/chinchia120/autoware.ai/install/lanelet2_projection/lib:/home/chinchia120/autoware.ai/install/libwaypoint_follower/lib:/home/chinchia120/autoware.ai/install/lanelet2_traffic_rules/lib:/home/chinchia120/autoware.ai/install/lanelet2_io/lib:/home/chinchia120/autoware.ai/install/vector_map/lib:/home/chinchia120/autoware.ai/install/lanelet2_core/lib:/home/chinchia120/autoware.ai/install/amathutils_lib/lib:/home/chinchia120/autoware.ai/install/gnss/lib:${LD_LIBRARY_PATH} PKG_CONFIG_PATH=/home/chinchia120/autoware.ai/install/lanelet2_extension/lib/x86_64-linux-gnu/pkgconfig:/home/chinchia120/autoware.ai/install/lanelet2_extension/lib/pkgconfig:/home/chinchia120/autoware.ai/install/lanelet2_validation/lib/x86_64-linux-gnu/pkgconfig:/home/chinchia120/autoware.ai/install/lanelet2_validation/lib/pkgconfig:/home/chinchia120/autoware.ai/install/lanelet2_routing/lib/x86_64-linux-gnu/pkgconfig:/home/chinchia120/autoware.ai/install/lanelet2_routing/lib/pkgconfig:/home/chinchia120/autoware.ai/install/lanelet2_projection/lib/x86_64-linux-gnu/pkgconfig:/home/chinchia120/autoware.ai/install/lanelet2_projection/lib/pkgconfig:/home/chinchia120/autoware.ai/install/libwaypoint_follower/lib/x86_64-linux-gnu/pkgconfig:/home/chinchia120/autoware.ai/install/libwaypoint_follower/lib/pkgconfig:/home/chinchia120/autoware.ai/install/lanelet2_traffic_rules/lib/x86_64-linux-gnu/pkgconfig:/home/chinchia120/autoware.ai/install/lanelet2_traffic_rules/lib/pkgconfig:/home/chinchia120/autoware.ai/install/lanelet2_maps/lib/x86_64-linux-gnu/pkgconfig:/home/chinchia120/autoware.ai/install/lanelet2_maps/lib/pkgconfig:/home/chinchia120/autoware.ai/install/lanelet2_io/lib/x86_64-linux-gnu/pkgconfig:/home/chinchia120/autoware.ai/install/lanelet2_io/lib/pkgconfig:/home/chinchia120/autoware.ai/install/vector_map/lib/x86_64-linux-gnu/pkgconfig:/home/chinchia120/autoware.ai/install/vector_map/lib/pkgconfig:/home/chinchia120/autoware.ai/install/lanelet2_core/lib/x86_64-linux-gnu/pkgconfig:/home/chinchia120/autoware.ai/install/lanelet2_core/lib/pkgconfig:/home/chinchia120/autoware.ai/install/amathutils_lib/lib/x86_64-linux-gnu/pkgconfig:/home/chinchia120/autoware.ai/install/amathutils_lib/lib/pkgconfig:/home/chinchia120/autoware.ai/install/vector_map_msgs/lib/x86_64-linux-gnu/pkgconfig:/home/chinchia120/autoware.ai/install/vector_map_msgs/lib/pkgconfig:/home/chinchia120/autoware.ai/install/tablet_socket_msgs/lib/x86_64-linux-gnu/pkgconfig:/home/chinchia120/autoware.ai/install/tablet_socket_msgs/lib/pkgconfig:/home/chinchia120/autoware.ai/install/gnss/lib/x86_64-linux-gnu/pkgconfig:/home/chinchia120/autoware.ai/install/gnss/lib/pkgconfig:/home/chinchia120/autoware.ai/install/autoware_msgs/lib/x86_64-linux-gnu/pkgconfig:/home/chinchia120/autoware.ai/install/autoware_msgs/lib/pkgconfig:/home/chinchia120/autoware.ai/install/autoware_lanelet2_msgs/lib/x86_64-linux-gnu/pkgconfig:/home/chinchia120/autoware.ai/install/autoware_lanelet2_msgs/lib/pkgconfig:/home/chinchia120/autoware.ai/install/autoware_config_msgs/lib/x86_64-linux-gnu/pkgconfig:/home/chinchia120/autoware.ai/install/autoware_config_msgs/lib/pkgconfig:/home/chinchia120/autoware.ai/install/autoware_build_flags/lib/x86_64-linux-gnu/pkgconfig:/home/chinchia120/autoware.ai/install/autoware_build_flags/lib/pkgconfig:${PKG_CONFIG_PATH} PYTHONPATH=/home/chinchia120/autoware.ai/install/vector_map_msgs/lib/python2.7/dist-packages:/home/chinchia120/autoware.ai/install/tablet_socket_msgs/lib/python2.7/dist-packages:/home/chinchia120/autoware.ai/install/autoware_msgs/lib/python2.7/dist-packages:/home/chinchia120/autoware.ai/install/autoware_lanelet2_msgs/lib/python2.7/dist-packages:/home/chinchia120/autoware.ai/install/autoware_config_msgs/lib/python2.7/dist-packages:${PYTHONPATH} ROS_PACKAGE_PATH=/home/chinchia120/autoware.ai/install/lanelet2_extension/share:/home/chinchia120/autoware.ai/install/lanelet2_validation/share:/home/chinchia120/autoware.ai/install/lanelet2_routing/share:/home/chinchia120/autoware.ai/install/lanelet2_projection/share:/home/chinchia120/autoware.ai/install/libwaypoint_follower/share:/home/chinchia120/autoware.ai/install/lanelet2_traffic_rules/share:/home/chinchia120/autoware.ai/install/lanelet2_maps/share:/home/chinchia120/autoware.ai/install/lanelet2_io/share:/home/chinchia120/autoware.ai/install/vector_map/share:/home/chinchia120/autoware.ai/install/lanelet2_core/share:/home/chinchia120/autoware.ai/install/amathutils_lib/share:/home/chinchia120/autoware.ai/install/vector_map_msgs/share:/home/chinchia120/autoware.ai/install/tablet_socket_msgs/share:/home/chinchia120/autoware.ai/install/gnss/share:/home/chinchia120/autoware.ai/install/autoware_msgs/share:/home/chinchia120/autoware.ai/install/autoware_lanelet2_msgs/share:/home/chinchia120/autoware.ai/install/autoware_config_msgs/share:/home/chinchia120/autoware.ai/install/autoware_build_flags/share:${ROS_PACKAGE_PATH} /usr/bin/cmake --build /home/chinchia120/autoware.ai/build/lane_planner -- -j4 -l4
[6.397s] [35m[1mScanning dependencies of target autoware_lanelet2_msgs_generate_messages_lisp[0m
[6.423s] [  0%] Built target autoware_lanelet2_msgs_generate_messages_lisp
[6.456s] [35m[1mScanning dependencies of target vector_map_msgs_generate_messages_lisp[0m
[6.493s] [  0%] Built target vector_map_msgs_generate_messages_lisp
[6.526s] [35m[1mScanning dependencies of target vector_map_msgs_generate_messages_eus[0m
[6.556s] [  0%] Built target vector_map_msgs_generate_messages_eus
[6.587s] [35m[1mScanning dependencies of target vector_map_msgs_generate_messages_cpp[0m
[6.615s] [  0%] Built target vector_map_msgs_generate_messages_cpp
[6.649s] [35m[1mScanning dependencies of target visualization_msgs_generate_messages_py[0m
[6.684s] [  0%] Built target visualization_msgs_generate_messages_py
[6.709s] [35m[1mScanning dependencies of target tablet_socket_msgs_generate_messages_lisp[0m
[6.736s] [  0%] Built target tablet_socket_msgs_generate_messages_lisp
[6.764s] [35m[1mScanning dependencies of target visualization_msgs_generate_messages_nodejs[0m
[6.795s] [  0%] Built target visualization_msgs_generate_messages_nodejs
[6.821s] [35m[1mScanning dependencies of target visualization_msgs_generate_messages_eus[0m
[6.845s] [  0%] Built target visualization_msgs_generate_messages_eus
[6.880s] [35m[1mScanning dependencies of target sensor_msgs_generate_messages_nodejs[0m
[6.906s] [  0%] Built target sensor_msgs_generate_messages_nodejs
[6.932s] [35m[1mScanning dependencies of target roscpp_generate_messages_cpp[0m
[6.960s] [  0%] Built target roscpp_generate_messages_cpp
[6.987s] [35m[1mScanning dependencies of target actionlib_generate_messages_cpp[0m
[7.017s] [  0%] Built target actionlib_generate_messages_cpp
[7.053s] [35m[1mScanning dependencies of target rosgraph_msgs_generate_messages_eus[0m
[7.078s] [  0%] Built target rosgraph_msgs_generate_messages_eus
[7.102s] [35m[1mScanning dependencies of target jsk_recognition_msgs_generate_messages_lisp[0m
[7.138s] [  0%] Built target jsk_recognition_msgs_generate_messages_lisp
[7.174s] [35m[1mScanning dependencies of target jsk_recognition_msgs_generate_messages_eus[0m
[7.203s] [  0%] Built target jsk_recognition_msgs_generate_messages_eus
[7.237s] [35m[1mScanning dependencies of target tf2_msgs_generate_messages_cpp[0m
[7.267s] [  0%] Built target tf2_msgs_generate_messages_cpp
[7.300s] [35m[1mScanning dependencies of target geometry_msgs_generate_messages_py[0m
[7.335s] [  0%] Built target geometry_msgs_generate_messages_py
[7.363s] [35m[1mScanning dependencies of target geometry_msgs_generate_messages_lisp[0m
[7.389s] [  0%] Built target geometry_msgs_generate_messages_lisp
[7.414s] [35m[1mScanning dependencies of target geometry_msgs_generate_messages_eus[0m
[7.439s] [  0%] Built target geometry_msgs_generate_messages_eus
[7.470s] [35m[1mScanning dependencies of target autoware_msgs_generate_messages_lisp[0m
[7.506s] [  0%] Built target autoware_msgs_generate_messages_lisp
[7.532s] [35m[1mScanning dependencies of target pcl_msgs_generate_messages_cpp[0m
[7.566s] [  0%] Built target pcl_msgs_generate_messages_cpp
[7.598s] [35m[1mScanning dependencies of target sensor_msgs_generate_messages_lisp[0m
[7.633s] [  0%] Built target sensor_msgs_generate_messages_lisp
[7.670s] [35m[1mScanning dependencies of target jsk_recognition_msgs_generate_messages_cpp[0m
[7.704s] [  0%] Built target jsk_recognition_msgs_generate_messages_cpp
[7.740s] [35m[1mScanning dependencies of target autoware_msgs_generate_messages_eus[0m
[7.772s] [  0%] Built target autoware_msgs_generate_messages_eus
[7.801s] [35m[1mScanning dependencies of target jsk_recognition_msgs_generate_messages_py[0m
[7.831s] [  0%] Built target jsk_recognition_msgs_generate_messages_py
[7.870s] [35m[1mScanning dependencies of target sensor_msgs_generate_messages_py[0m
[7.905s] [  0%] Built target sensor_msgs_generate_messages_py
[7.934s] [35m[1mScanning dependencies of target tablet_socket_msgs_generate_messages_nodejs[0m
[7.970s] [  0%] Built target tablet_socket_msgs_generate_messages_nodejs
[8.004s] [35m[1mScanning dependencies of target tf_generate_messages_py[0m
[8.035s] [  0%] Built target tf_generate_messages_py
[8.087s] [35m[1mScanning dependencies of target autoware_msgs_generate_messages_py[0m
[8.117s] [  0%] Built target autoware_msgs_generate_messages_py
[8.143s] [35m[1mScanning dependencies of target std_msgs_generate_messages_py[0m
[8.171s] [  0%] Built target std_msgs_generate_messages_py
[8.199s] [35m[1mScanning dependencies of target std_msgs_generate_messages_cpp[0m
[8.234s] [  0%] Built target std_msgs_generate_messages_cpp
[8.268s] [35m[1mScanning dependencies of target tablet_socket_msgs_generate_messages_py[0m
[8.304s] [  0%] Built target tablet_socket_msgs_generate_messages_py
[8.335s] [35m[1mScanning dependencies of target jsk_footstep_msgs_generate_messages_py[0m
[8.367s] [  0%] Built target jsk_footstep_msgs_generate_messages_py
[8.398s] [35m[1mScanning dependencies of target actionlib_msgs_generate_messages_nodejs[0m
[8.431s] [  0%] Built target actionlib_msgs_generate_messages_nodejs
[8.465s] [35m[1mScanning dependencies of target autoware_config_msgs_generate_messages_py[0m
[8.493s] [  0%] Built target autoware_config_msgs_generate_messages_py
[8.522s] [35m[1mScanning dependencies of target roscpp_generate_messages_eus[0m
[8.550s] [  0%] Built target roscpp_generate_messages_eus
[8.583s] [35m[1mScanning dependencies of target actionlib_msgs_generate_messages_eus[0m
[8.611s] [  0%] Built target actionlib_msgs_generate_messages_eus
[8.644s] [35m[1mScanning dependencies of target rosgraph_msgs_generate_messages_py[0m
[8.673s] [  0%] Built target rosgraph_msgs_generate_messages_py
[8.709s] [35m[1mScanning dependencies of target autoware_msgs_generate_messages_nodejs[0m
[8.744s] [  0%] Built target autoware_msgs_generate_messages_nodejs
[8.771s] [35m[1mScanning dependencies of target visualization_msgs_generate_messages_lisp[0m
[8.806s] [  0%] Built target visualization_msgs_generate_messages_lisp
[8.838s] [35m[1mScanning dependencies of target std_msgs_generate_messages_eus[0m
[8.871s] [  0%] Built target std_msgs_generate_messages_eus
[8.900s] [35m[1mScanning dependencies of target geometry_msgs_generate_messages_nodejs[0m
[8.937s] [  0%] Built target geometry_msgs_generate_messages_nodejs
[8.967s] [35m[1mScanning dependencies of target autoware_config_msgs_generate_messages_eus[0m
[8.999s] [  0%] Built target autoware_config_msgs_generate_messages_eus
[9.029s] [35m[1mScanning dependencies of target tablet_socket_msgs_generate_messages_cpp[0m
[9.066s] [  0%] Built target tablet_socket_msgs_generate_messages_cpp
[9.101s] [35m[1mScanning dependencies of target autoware_config_msgs_generate_messages_lisp[0m
[9.137s] [  0%] Built target autoware_config_msgs_generate_messages_lisp
[9.166s] [35m[1mScanning dependencies of target sensor_msgs_generate_messages_eus[0m
[9.199s] [  0%] Built target sensor_msgs_generate_messages_eus
[9.232s] [35m[1mScanning dependencies of target sensor_msgs_generate_messages_cpp[0m
[9.263s] [  0%] Built target sensor_msgs_generate_messages_cpp
[9.300s] [35m[1mScanning dependencies of target roscpp_generate_messages_nodejs[0m
[9.331s] [  0%] Built target roscpp_generate_messages_nodejs
[9.371s] [35m[1mScanning dependencies of target std_msgs_generate_messages_lisp[0m
[9.401s] [  0%] Built target std_msgs_generate_messages_lisp
[9.430s] [35m[1mScanning dependencies of target std_msgs_generate_messages_nodejs[0m
[9.460s] [  0%] Built target std_msgs_generate_messages_nodejs
[9.492s] [35m[1mScanning dependencies of target autoware_msgs_generate_messages_cpp[0m
[9.530s] [  0%] Built target autoware_msgs_generate_messages_cpp
[9.570s] [35m[1mScanning dependencies of target rosgraph_msgs_generate_messages_cpp[0m
[9.601s] [  0%] Built target rosgraph_msgs_generate_messages_cpp
[9.635s] [35m[1mScanning dependencies of target pcl_msgs_generate_messages_eus[0m
[9.673s] [  0%] Built target pcl_msgs_generate_messages_eus
[9.716s] [35m[1mScanning dependencies of target pcl_msgs_generate_messages_nodejs[0m
[9.742s] [  0%] Built target pcl_msgs_generate_messages_nodejs
[9.772s] [35m[1mScanning dependencies of target jsk_footstep_msgs_generate_messages_eus[0m
[9.800s] [  0%] Built target jsk_footstep_msgs_generate_messages_eus
[9.831s] [35m[1mScanning dependencies of target actionlib_msgs_generate_messages_py[0m
[9.856s] [  0%] Built target actionlib_msgs_generate_messages_py
[9.891s] [35m[1mScanning dependencies of target jsk_footstep_msgs_generate_messages_lisp[0m
[9.919s] [  0%] Built target jsk_footstep_msgs_generate_messages_lisp
[9.954s] [35m[1mScanning dependencies of target jsk_footstep_msgs_generate_messages_nodejs[0m
[9.988s] [  0%] Built target jsk_footstep_msgs_generate_messages_nodejs
[10.019s] [35m[1mScanning dependencies of target actionlib_msgs_generate_messages_lisp[0m
[10.050s] [  0%] Built target actionlib_msgs_generate_messages_lisp
[10.084s] [35m[1mScanning dependencies of target jsk_footstep_msgs_generate_messages_cpp[0m
[10.116s] [  0%] Built target jsk_footstep_msgs_generate_messages_cpp
[10.145s] [35m[1mScanning dependencies of target actionlib_msgs_generate_messages_cpp[0m
[10.177s] [  0%] Built target actionlib_msgs_generate_messages_cpp
[10.203s] [35m[1mScanning dependencies of target tf_generate_messages_eus[0m
[10.235s] [  0%] Built target tf_generate_messages_eus
[10.268s] [35m[1mScanning dependencies of target tf_generate_messages_lisp[0m
[10.299s] [  0%] Built target tf_generate_messages_lisp
[10.334s] [35m[1mScanning dependencies of target autoware_config_msgs_generate_messages_nodejs[0m
[10.374s] [  0%] Built target autoware_config_msgs_generate_messages_nodejs
[10.401s] [35m[1mScanning dependencies of target tf_generate_messages_nodejs[0m
[10.436s] [  0%] Built target tf_generate_messages_nodejs
[10.468s] [35m[1mScanning dependencies of target autoware_lanelet2_msgs_generate_messages_cpp[0m
[10.503s] [  0%] Built target autoware_lanelet2_msgs_generate_messages_cpp
[10.541s] [35m[1mScanning dependencies of target autoware_lanelet2_msgs_generate_messages_py[0m
[10.578s] [  0%] Built target autoware_lanelet2_msgs_generate_messages_py
[10.617s] [35m[1mScanning dependencies of target jsk_recognition_msgs_generate_messages_nodejs[0m
[10.653s] [  0%] Built target jsk_recognition_msgs_generate_messages_nodejs
[10.685s] [35m[1mScanning dependencies of target roscpp_generate_messages_lisp[0m
[10.716s] [  0%] Built target roscpp_generate_messages_lisp
[10.745s] [35m[1mScanning dependencies of target autoware_lanelet2_msgs_generate_messages_nodejs[0m
[10.773s] [  0%] Built target autoware_lanelet2_msgs_generate_messages_nodejs
[10.806s] [35m[1mScanning dependencies of target roscpp_generate_messages_py[0m
[10.834s] [  0%] Built target roscpp_generate_messages_py
[10.863s] [35m[1mScanning dependencies of target rosgraph_msgs_generate_messages_lisp[0m
[10.896s] [  0%] Built target rosgraph_msgs_generate_messages_lisp
[10.922s] [35m[1mScanning dependencies of target autoware_config_msgs_generate_messages_cpp[0m
[10.961s] [  0%] Built target autoware_config_msgs_generate_messages_cpp
[10.996s] [35m[1mScanning dependencies of target rosgraph_msgs_generate_messages_nodejs[0m
[11.023s] [  0%] Built target rosgraph_msgs_generate_messages_nodejs
[11.051s] [35m[1mScanning dependencies of target pcl_msgs_generate_messages_py[0m
[11.089s] [  0%] Built target pcl_msgs_generate_messages_py
[11.120s] [35m[1mScanning dependencies of target actionlib_generate_messages_eus[0m
[11.152s] [  0%] Built target actionlib_generate_messages_eus
[11.182s] [35m[1mScanning dependencies of target geometry_msgs_generate_messages_cpp[0m
[11.217s] [  0%] Built target geometry_msgs_generate_messages_cpp
[11.244s] [35m[1mScanning dependencies of target actionlib_generate_messages_lisp[0m
[11.280s] [  0%] Built target actionlib_generate_messages_lisp
[11.308s] [35m[1mScanning dependencies of target pcl_msgs_generate_messages_lisp[0m
[11.342s] [  0%] Built target pcl_msgs_generate_messages_lisp
[11.371s] [35m[1mScanning dependencies of target tf_generate_messages_cpp[0m
[11.399s] [  0%] Built target tf_generate_messages_cpp
[11.437s] [35m[1mScanning dependencies of target actionlib_generate_messages_nodejs[0m
[11.489s] [  0%] Built target actionlib_generate_messages_nodejs
[11.526s] [35m[1mScanning dependencies of target tablet_socket_msgs_generate_messages_eus[0m
[11.560s] [  0%] Built target tablet_socket_msgs_generate_messages_eus
[11.593s] [35m[1mScanning dependencies of target visualization_msgs_generate_messages_cpp[0m
[11.626s] [  0%] Built target visualization_msgs_generate_messages_cpp
[11.651s] [35m[1mScanning dependencies of target tf2_msgs_generate_messages_eus[0m
[11.677s] [  0%] Built target tf2_msgs_generate_messages_eus
[11.707s] [35m[1mScanning dependencies of target tf2_msgs_generate_messages_lisp[0m
[11.732s] [  0%] Built target tf2_msgs_generate_messages_lisp
[11.766s] [35m[1mScanning dependencies of target actionlib_generate_messages_py[0m
[11.799s] [  0%] Built target actionlib_generate_messages_py
[11.837s] [35m[1mScanning dependencies of target tf2_msgs_generate_messages_py[0m
[11.864s] [  0%] Built target tf2_msgs_generate_messages_py
[11.894s] [35m[1mScanning dependencies of target autoware_lanelet2_msgs_generate_messages_eus[0m
[11.924s] [  0%] Built target autoware_lanelet2_msgs_generate_messages_eus
[11.963s] [35m[1mScanning dependencies of target tf2_msgs_generate_messages_nodejs[0m
[11.997s] [  0%] Built target tf2_msgs_generate_messages_nodejs
[12.021s] [35m[1mScanning dependencies of target vector_map_msgs_generate_messages_nodejs[0m
[12.047s] [  0%] Built target vector_map_msgs_generate_messages_nodejs
[12.089s] [35m[1mScanning dependencies of target vector_map_msgs_generate_messages_py[0m
[12.123s] [  0%] Built target vector_map_msgs_generate_messages_py
[12.159s] [35m[1mScanning dependencies of target lane_select[0m
[12.300s] [  7%] [32mBuilding CXX object CMakeFiles/lane_select.dir/nodes/lane_select/lane_select_node.cpp.o[0m
[19.435s] [ 14%] [32mBuilding CXX object CMakeFiles/lane_select.dir/nodes/lane_select/hermite_curve.cpp.o[0m
[22.398s] [ 21%] [32mBuilding CXX object CMakeFiles/lane_select.dir/nodes/lane_select/lane_select_core.cpp.o[0m
[34.808s] [ 28%] [32m[1mLinking CXX executable devel/lib/lane_planner/lane_select[0m
[35.237s] [ 28%] Built target lane_select
[35.263s] [35m[1mScanning dependencies of target lane_planner[0m
[35.335s] [ 35%] [32mBuilding CXX object CMakeFiles/lane_planner.dir/lib/lane_planner/lane_planner_vmap.cpp.o[0m
[41.813s] [ 42%] [32m[1mLinking CXX shared library devel/lib/liblane_planner.so[0m
[42.123s] [ 42%] Built target lane_planner
[42.158s] [35m[1mScanning dependencies of target lane_stop[0m
[42.253s] [ 50%] [32mBuilding CXX object CMakeFiles/lane_stop.dir/nodes/lane_stop/lane_stop.cpp.o[0m
[49.365s] [ 57%] [32m[1mLinking CXX executable devel/lib/lane_planner/lane_stop[0m
[49.828s] [ 57%] Built target lane_stop
[49.861s] [35m[1mScanning dependencies of target lane_navi[0m
[49.943s] [ 64%] [32mBuilding CXX object CMakeFiles/lane_navi.dir/nodes/lane_navi/lane_navi.cpp.o[0m
[56.808s] [ 71%] [32m[1mLinking CXX executable devel/lib/lane_planner/lane_navi[0m
[57.295s] [ 71%] Built target lane_navi
[57.332s] [35m[1mScanning dependencies of target lane_rule[0m
[57.449s] [ 78%] [32mBuilding CXX object CMakeFiles/lane_rule.dir/nodes/lane_rule/lane_rule.cpp.o[0m
[67.404s] [ 85%] [32m[1mLinking CXX executable devel/lib/lane_planner/lane_rule[0m
[67.825s] [ 85%] Built target lane_rule
[67.850s] [35m[1mScanning dependencies of target lane_rule_lanelet2[0m
[67.992s] [ 92%] [32mBuilding CXX object CMakeFiles/lane_rule_lanelet2.dir/nodes/lane_rule_lanelet2/lane_rule_lanelet2.cpp.o[0m
[91.148s] [100%] [32m[1mLinking CXX executable devel/lib/lane_planner/lane_rule_lanelet2[0m
[91.590s] [100%] Built target lane_rule_lanelet2
[91.623s] Invoked command in '/home/chinchia120/autoware.ai/build/lane_planner' returned '0': CMAKE_PREFIX_PATH=/home/chinchia120/autoware.ai/install/lanelet2_extension:/home/chinchia120/autoware.ai/install/lanelet2_validation:/home/chinchia120/autoware.ai/install/lanelet2_routing:/home/chinchia120/autoware.ai/install/lanelet2_projection:/home/chinchia120/autoware.ai/install/libwaypoint_follower:/home/chinchia120/autoware.ai/install/lanelet2_traffic_rules:/home/chinchia120/autoware.ai/install/lanelet2_maps:/home/chinchia120/autoware.ai/install/lanelet2_io:/home/chinchia120/autoware.ai/install/vector_map:/home/chinchia120/autoware.ai/install/lanelet2_core:/home/chinchia120/autoware.ai/install/amathutils_lib:/home/chinchia120/autoware.ai/install/vector_map_msgs:/home/chinchia120/autoware.ai/install/tablet_socket_msgs:/home/chinchia120/autoware.ai/install/gnss:/home/chinchia120/autoware.ai/install/autoware_msgs:/home/chinchia120/autoware.ai/install/autoware_lanelet2_msgs:/home/chinchia120/autoware.ai/install/autoware_config_msgs:/home/chinchia120/autoware.ai/install/autoware_build_flags:${CMAKE_PREFIX_PATH} LD_LIBRARY_PATH=/home/chinchia120/autoware.ai/install/lanelet2_extension/lib:/home/chinchia120/autoware.ai/install/lanelet2_validation/lib:/home/chinchia120/autoware.ai/install/lanelet2_routing/lib:/home/chinchia120/autoware.ai/install/lanelet2_projection/lib:/home/chinchia120/autoware.ai/install/libwaypoint_follower/lib:/home/chinchia120/autoware.ai/install/lanelet2_traffic_rules/lib:/home/chinchia120/autoware.ai/install/lanelet2_io/lib:/home/chinchia120/autoware.ai/install/vector_map/lib:/home/chinchia120/autoware.ai/install/lanelet2_core/lib:/home/chinchia120/autoware.ai/install/amathutils_lib/lib:/home/chinchia120/autoware.ai/install/gnss/lib:${LD_LIBRARY_PATH} PKG_CONFIG_PATH=/home/chinchia120/autoware.ai/install/lanelet2_extension/lib/x86_64-linux-gnu/pkgconfig:/home/chinchia120/autoware.ai/install/lanelet2_extension/lib/pkgconfig:/home/chinchia120/autoware.ai/install/lanelet2_validation/lib/x86_64-linux-gnu/pkgconfig:/home/chinchia120/autoware.ai/install/lanelet2_validation/lib/pkgconfig:/home/chinchia120/autoware.ai/install/lanelet2_routing/lib/x86_64-linux-gnu/pkgconfig:/home/chinchia120/autoware.ai/install/lanelet2_routing/lib/pkgconfig:/home/chinchia120/autoware.ai/install/lanelet2_projection/lib/x86_64-linux-gnu/pkgconfig:/home/chinchia120/autoware.ai/install/lanelet2_projection/lib/pkgconfig:/home/chinchia120/autoware.ai/install/libwaypoint_follower/lib/x86_64-linux-gnu/pkgconfig:/home/chinchia120/autoware.ai/install/libwaypoint_follower/lib/pkgconfig:/home/chinchia120/autoware.ai/install/lanelet2_traffic_rules/lib/x86_64-linux-gnu/pkgconfig:/home/chinchia120/autoware.ai/install/lanelet2_traffic_rules/lib/pkgconfig:/home/chinchia120/autoware.ai/install/lanelet2_maps/lib/x86_64-linux-gnu/pkgconfig:/home/chinchia120/autoware.ai/install/lanelet2_maps/lib/pkgconfig:/home/chinchia120/autoware.ai/install/lanelet2_io/lib/x86_64-linux-gnu/pkgconfig:/home/chinchia120/autoware.ai/install/lanelet2_io/lib/pkgconfig:/home/chinchia120/autoware.ai/install/vector_map/lib/x86_64-linux-gnu/pkgconfig:/home/chinchia120/autoware.ai/install/vector_map/lib/pkgconfig:/home/chinchia120/autoware.ai/install/lanelet2_core/lib/x86_64-linux-gnu/pkgconfig:/home/chinchia120/autoware.ai/install/lanelet2_core/lib/pkgconfig:/home/chinchia120/autoware.ai/install/amathutils_lib/lib/x86_64-linux-gnu/pkgconfig:/home/chinchia120/autoware.ai/install/amathutils_lib/lib/pkgconfig:/home/chinchia120/autoware.ai/install/vector_map_msgs/lib/x86_64-linux-gnu/pkgconfig:/home/chinchia120/autoware.ai/install/vector_map_msgs/lib/pkgconfig:/home/chinchia120/autoware.ai/install/tablet_socket_msgs/lib/x86_64-linux-gnu/pkgconfig:/home/chinchia120/autoware.ai/install/tablet_socket_msgs/lib/pkgconfig:/home/chinchia120/autoware.ai/install/gnss/lib/x86_64-linux-gnu/pkgconfig:/home/chinchia120/autoware.ai/install/gnss/lib/pkgconfig:/home/chinchia120/autoware.ai/install/autoware_msgs/lib/x86_64-linux-gnu/pkgconfig:/home/chinchia120/autoware.ai/install/autoware_msgs/lib/pkgconfig:/home/chinchia120/autoware.ai/install/autoware_lanelet2_msgs/lib/x86_64-linux-gnu/pkgconfig:/home/chinchia120/autoware.ai/install/autoware_lanelet2_msgs/lib/pkgconfig:/home/chinchia120/autoware.ai/install/autoware_config_msgs/lib/x86_64-linux-gnu/pkgconfig:/home/chinchia120/autoware.ai/install/autoware_config_msgs/lib/pkgconfig:/home/chinchia120/autoware.ai/install/autoware_build_flags/lib/x86_64-linux-gnu/pkgconfig:/home/chinchia120/autoware.ai/install/autoware_build_flags/lib/pkgconfig:${PKG_CONFIG_PATH} PYTHONPATH=/home/chinchia120/autoware.ai/install/vector_map_msgs/lib/python2.7/dist-packages:/home/chinchia120/autoware.ai/install/tablet_socket_msgs/lib/python2.7/dist-packages:/home/chinchia120/autoware.ai/install/autoware_msgs/lib/python2.7/dist-packages:/home/chinchia120/autoware.ai/install/autoware_lanelet2_msgs/lib/python2.7/dist-packages:/home/chinchia120/autoware.ai/install/autoware_config_msgs/lib/python2.7/dist-packages:${PYTHONPATH} ROS_PACKAGE_PATH=/home/chinchia120/autoware.ai/install/lanelet2_extension/share:/home/chinchia120/autoware.ai/install/lanelet2_validation/share:/home/chinchia120/autoware.ai/install/lanelet2_routing/share:/home/chinchia120/autoware.ai/install/lanelet2_projection/share:/home/chinchia120/autoware.ai/install/libwaypoint_follower/share:/home/chinchia120/autoware.ai/install/lanelet2_traffic_rules/share:/home/chinchia120/autoware.ai/install/lanelet2_maps/share:/home/chinchia120/autoware.ai/install/lanelet2_io/share:/home/chinchia120/autoware.ai/install/vector_map/share:/home/chinchia120/autoware.ai/install/lanelet2_core/share:/home/chinchia120/autoware.ai/install/amathutils_lib/share:/home/chinchia120/autoware.ai/install/vector_map_msgs/share:/home/chinchia120/autoware.ai/install/tablet_socket_msgs/share:/home/chinchia120/autoware.ai/install/gnss/share:/home/chinchia120/autoware.ai/install/autoware_msgs/share:/home/chinchia120/autoware.ai/install/autoware_lanelet2_msgs/share:/home/chinchia120/autoware.ai/install/autoware_config_msgs/share:/home/chinchia120/autoware.ai/install/autoware_build_flags/share:${ROS_PACKAGE_PATH} /usr/bin/cmake --build /home/chinchia120/autoware.ai/build/lane_planner -- -j4 -l4
[92.070s] Invoking command in '/home/chinchia120/autoware.ai/build/lane_planner': CMAKE_PREFIX_PATH=/home/chinchia120/autoware.ai/install/lanelet2_extension:/home/chinchia120/autoware.ai/install/lanelet2_validation:/home/chinchia120/autoware.ai/install/lanelet2_routing:/home/chinchia120/autoware.ai/install/lanelet2_projection:/home/chinchia120/autoware.ai/install/libwaypoint_follower:/home/chinchia120/autoware.ai/install/lanelet2_traffic_rules:/home/chinchia120/autoware.ai/install/lanelet2_maps:/home/chinchia120/autoware.ai/install/lanelet2_io:/home/chinchia120/autoware.ai/install/vector_map:/home/chinchia120/autoware.ai/install/lanelet2_core:/home/chinchia120/autoware.ai/install/amathutils_lib:/home/chinchia120/autoware.ai/install/vector_map_msgs:/home/chinchia120/autoware.ai/install/tablet_socket_msgs:/home/chinchia120/autoware.ai/install/gnss:/home/chinchia120/autoware.ai/install/autoware_msgs:/home/chinchia120/autoware.ai/install/autoware_lanelet2_msgs:/home/chinchia120/autoware.ai/install/autoware_config_msgs:/home/chinchia120/autoware.ai/install/autoware_build_flags:${CMAKE_PREFIX_PATH} LD_LIBRARY_PATH=/home/chinchia120/autoware.ai/install/lanelet2_extension/lib:/home/chinchia120/autoware.ai/install/lanelet2_validation/lib:/home/chinchia120/autoware.ai/install/lanelet2_routing/lib:/home/chinchia120/autoware.ai/install/lanelet2_projection/lib:/home/chinchia120/autoware.ai/install/libwaypoint_follower/lib:/home/chinchia120/autoware.ai/install/lanelet2_traffic_rules/lib:/home/chinchia120/autoware.ai/install/lanelet2_io/lib:/home/chinchia120/autoware.ai/install/vector_map/lib:/home/chinchia120/autoware.ai/install/lanelet2_core/lib:/home/chinchia120/autoware.ai/install/amathutils_lib/lib:/home/chinchia120/autoware.ai/install/gnss/lib:${LD_LIBRARY_PATH} PKG_CONFIG_PATH=/home/chinchia120/autoware.ai/install/lanelet2_extension/lib/x86_64-linux-gnu/pkgconfig:/home/chinchia120/autoware.ai/install/lanelet2_extension/lib/pkgconfig:/home/chinchia120/autoware.ai/install/lanelet2_validation/lib/x86_64-linux-gnu/pkgconfig:/home/chinchia120/autoware.ai/install/lanelet2_validation/lib/pkgconfig:/home/chinchia120/autoware.ai/install/lanelet2_routing/lib/x86_64-linux-gnu/pkgconfig:/home/chinchia120/autoware.ai/install/lanelet2_routing/lib/pkgconfig:/home/chinchia120/autoware.ai/install/lanelet2_projection/lib/x86_64-linux-gnu/pkgconfig:/home/chinchia120/autoware.ai/install/lanelet2_projection/lib/pkgconfig:/home/chinchia120/autoware.ai/install/libwaypoint_follower/lib/x86_64-linux-gnu/pkgconfig:/home/chinchia120/autoware.ai/install/libwaypoint_follower/lib/pkgconfig:/home/chinchia120/autoware.ai/install/lanelet2_traffic_rules/lib/x86_64-linux-gnu/pkgconfig:/home/chinchia120/autoware.ai/install/lanelet2_traffic_rules/lib/pkgconfig:/home/chinchia120/autoware.ai/install/lanelet2_maps/lib/x86_64-linux-gnu/pkgconfig:/home/chinchia120/autoware.ai/install/lanelet2_maps/lib/pkgconfig:/home/chinchia120/autoware.ai/install/lanelet2_io/lib/x86_64-linux-gnu/pkgconfig:/home/chinchia120/autoware.ai/install/lanelet2_io/lib/pkgconfig:/home/chinchia120/autoware.ai/install/vector_map/lib/x86_64-linux-gnu/pkgconfig:/home/chinchia120/autoware.ai/install/vector_map/lib/pkgconfig:/home/chinchia120/autoware.ai/install/lanelet2_core/lib/x86_64-linux-gnu/pkgconfig:/home/chinchia120/autoware.ai/install/lanelet2_core/lib/pkgconfig:/home/chinchia120/autoware.ai/install/amathutils_lib/lib/x86_64-linux-gnu/pkgconfig:/home/chinchia120/autoware.ai/install/amathutils_lib/lib/pkgconfig:/home/chinchia120/autoware.ai/install/vector_map_msgs/lib/x86_64-linux-gnu/pkgconfig:/home/chinchia120/autoware.ai/install/vector_map_msgs/lib/pkgconfig:/home/chinchia120/autoware.ai/install/tablet_socket_msgs/lib/x86_64-linux-gnu/pkgconfig:/home/chinchia120/autoware.ai/install/tablet_socket_msgs/lib/pkgconfig:/home/chinchia120/autoware.ai/install/gnss/lib/x86_64-linux-gnu/pkgconfig:/home/chinchia120/autoware.ai/install/gnss/lib/pkgconfig:/home/chinchia120/autoware.ai/install/autoware_msgs/lib/x86_64-linux-gnu/pkgconfig:/home/chinchia120/autoware.ai/install/autoware_msgs/lib/pkgconfig:/home/chinchia120/autoware.ai/install/autoware_lanelet2_msgs/lib/x86_64-linux-gnu/pkgconfig:/home/chinchia120/autoware.ai/install/autoware_lanelet2_msgs/lib/pkgconfig:/home/chinchia120/autoware.ai/install/autoware_config_msgs/lib/x86_64-linux-gnu/pkgconfig:/home/chinchia120/autoware.ai/install/autoware_config_msgs/lib/pkgconfig:/home/chinchia120/autoware.ai/install/autoware_build_flags/lib/x86_64-linux-gnu/pkgconfig:/home/chinchia120/autoware.ai/install/autoware_build_flags/lib/pkgconfig:${PKG_CONFIG_PATH} PYTHONPATH=/home/chinchia120/autoware.ai/install/vector_map_msgs/lib/python2.7/dist-packages:/home/chinchia120/autoware.ai/install/tablet_socket_msgs/lib/python2.7/dist-packages:/home/chinchia120/autoware.ai/install/autoware_msgs/lib/python2.7/dist-packages:/home/chinchia120/autoware.ai/install/autoware_lanelet2_msgs/lib/python2.7/dist-packages:/home/chinchia120/autoware.ai/install/autoware_config_msgs/lib/python2.7/dist-packages:${PYTHONPATH} ROS_PACKAGE_PATH=/home/chinchia120/autoware.ai/install/lanelet2_extension/share:/home/chinchia120/autoware.ai/install/lanelet2_validation/share:/home/chinchia120/autoware.ai/install/lanelet2_routing/share:/home/chinchia120/autoware.ai/install/lanelet2_projection/share:/home/chinchia120/autoware.ai/install/libwaypoint_follower/share:/home/chinchia120/autoware.ai/install/lanelet2_traffic_rules/share:/home/chinchia120/autoware.ai/install/lanelet2_maps/share:/home/chinchia120/autoware.ai/install/lanelet2_io/share:/home/chinchia120/autoware.ai/install/vector_map/share:/home/chinchia120/autoware.ai/install/lanelet2_core/share:/home/chinchia120/autoware.ai/install/amathutils_lib/share:/home/chinchia120/autoware.ai/install/vector_map_msgs/share:/home/chinchia120/autoware.ai/install/tablet_socket_msgs/share:/home/chinchia120/autoware.ai/install/gnss/share:/home/chinchia120/autoware.ai/install/autoware_msgs/share:/home/chinchia120/autoware.ai/install/autoware_lanelet2_msgs/share:/home/chinchia120/autoware.ai/install/autoware_config_msgs/share:/home/chinchia120/autoware.ai/install/autoware_build_flags/share:${ROS_PACKAGE_PATH} /usr/bin/cmake --build /home/chinchia120/autoware.ai/build/lane_planner --target tests -- -j4 -l4
[92.248s] [35m[1mScanning dependencies of target gtest[0m
[92.303s] [ 16%] [32mBuilding CXX object gtest/googlemock/gtest/CMakeFiles/gtest.dir/src/gtest-all.cc.o[0m
[100.617s] [ 33%] [32m[1mLinking CXX shared library libgtest.so[0m
[100.772s] [ 33%] Built target gtest
[100.824s] [ 33%] Built target vector_map_msgs_generate_messages_lisp
[100.882s] [ 33%] Built target vector_map_msgs_generate_messages_eus
[100.938s] [ 33%] Built target vector_map_msgs_generate_messages_cpp
[100.987s] [ 33%] Built target visualization_msgs_generate_messages_py
[101.043s] [ 33%] Built target tablet_socket_msgs_generate_messages_lisp
[101.098s] [ 33%] Built target visualization_msgs_generate_messages_nodejs
[101.162s] [ 33%] Built target visualization_msgs_generate_messages_eus
[101.221s] [ 33%] Built target sensor_msgs_generate_messages_nodejs
[101.268s] [ 33%] Built target roscpp_generate_messages_cpp
[101.321s] [ 33%] Built target actionlib_generate_messages_cpp
[101.383s] [ 33%] Built target rosgraph_msgs_generate_messages_eus
[101.440s] [ 33%] Built target jsk_recognition_msgs_generate_messages_lisp
[101.493s] [ 33%] Built target jsk_recognition_msgs_generate_messages_eus
[101.547s] [ 33%] Built target tf2_msgs_generate_messages_cpp
[101.594s] [ 33%] Built target geometry_msgs_generate_messages_py
[101.650s] [ 33%] Built target geometry_msgs_generate_messages_lisp
[101.713s] [ 33%] Built target geometry_msgs_generate_messages_eus
[101.765s] [ 33%] Built target autoware_msgs_generate_messages_lisp
[101.817s] [ 33%] Built target pcl_msgs_generate_messages_cpp
[101.884s] [ 33%] Built target sensor_msgs_generate_messages_lisp
[101.945s] [ 33%] Built target jsk_recognition_msgs_generate_messages_cpp
[101.992s] [ 33%] Built target autoware_msgs_generate_messages_eus
[102.052s] [ 33%] Built target jsk_recognition_msgs_generate_messages_py
[102.113s] [ 33%] Built target sensor_msgs_generate_messages_py
[102.161s] [ 33%] Built target tablet_socket_msgs_generate_messages_nodejs
[102.214s] [ 33%] Built target tf_generate_messages_py
[102.278s] [ 33%] Built target autoware_msgs_generate_messages_py
[102.328s] [ 33%] Built target std_msgs_generate_messages_py
[102.383s] [ 33%] Built target std_msgs_generate_messages_cpp
[102.435s] [ 33%] Built target tablet_socket_msgs_generate_messages_py
[102.488s] [ 33%] Built target jsk_footstep_msgs_generate_messages_py
[102.543s] [ 33%] Built target actionlib_msgs_generate_messages_nodejs
[102.605s] [ 33%] Built target autoware_config_msgs_generate_messages_py
[102.669s] [ 33%] Built target roscpp_generate_messages_eus
[102.723s] [ 33%] Built target actionlib_msgs_generate_messages_eus
[102.787s] [ 33%] Built target rosgraph_msgs_generate_messages_py
[102.854s] [ 33%] Built target autoware_msgs_generate_messages_nodejs
[102.913s] [ 33%] Built target visualization_msgs_generate_messages_lisp
[102.976s] [ 33%] Built target std_msgs_generate_messages_eus
[103.035s] [ 33%] Built target geometry_msgs_generate_messages_nodejs
[103.087s] [ 33%] Built target autoware_config_msgs_generate_messages_eus
[103.146s] [ 33%] Built target tablet_socket_msgs_generate_messages_cpp
[103.202s] [ 33%] Built target autoware_config_msgs_generate_messages_lisp
[103.257s] [ 33%] Built target sensor_msgs_generate_messages_eus
[103.306s] [ 33%] Built target sensor_msgs_generate_messages_cpp
[103.374s] [ 33%] Built target roscpp_generate_messages_nodejs
[103.425s] [ 33%] Built target std_msgs_generate_messages_lisp
[103.492s] [ 33%] Built target std_msgs_generate_messages_nodejs
[103.560s] [ 33%] Built target autoware_msgs_generate_messages_cpp
[103.610s] [ 33%] Built target rosgraph_msgs_generate_messages_cpp
[103.673s] [ 33%] Built target pcl_msgs_generate_messages_eus
[103.740s] [ 33%] Built target pcl_msgs_generate_messages_nodejs
[103.807s] [ 33%] Built target jsk_footstep_msgs_generate_messages_eus
[103.869s] [ 33%] Built target actionlib_msgs_generate_messages_py
[103.922s] [ 33%] Built target jsk_footstep_msgs_generate_messages_lisp
[103.976s] [ 33%] Built target jsk_footstep_msgs_generate_messages_nodejs
[104.031s] [ 33%] Built target actionlib_msgs_generate_messages_lisp
[104.089s] [ 33%] Built target jsk_footstep_msgs_generate_messages_cpp
[104.140s] [ 33%] Built target actionlib_msgs_generate_messages_cpp
[104.200s] [ 33%] Built target tf_generate_messages_eus
[104.255s] [ 33%] Built target tf_generate_messages_lisp
[104.307s] [ 33%] Built target autoware_config_msgs_generate_messages_nodejs
[104.375s] [ 33%] Built target tf_generate_messages_nodejs
[104.435s] [ 33%] Built target autoware_lanelet2_msgs_generate_messages_cpp
[104.493s] [ 33%] Built target autoware_lanelet2_msgs_generate_messages_py
[104.556s] [ 33%] Built target jsk_recognition_msgs_generate_messages_nodejs
[104.606s] [ 33%] Built target roscpp_generate_messages_lisp
[104.678s] [ 33%] Built target autoware_lanelet2_msgs_generate_messages_nodejs
[104.739s] [ 33%] Built target roscpp_generate_messages_py
[104.813s] [ 33%] Built target rosgraph_msgs_generate_messages_lisp
[104.874s] [ 33%] Built target autoware_config_msgs_generate_messages_cpp
[104.938s] [ 33%] Built target rosgraph_msgs_generate_messages_nodejs
[104.989s] [ 33%] Built target pcl_msgs_generate_messages_py
[105.054s] [ 33%] Built target actionlib_generate_messages_eus
[105.108s] [ 33%] Built target geometry_msgs_generate_messages_cpp
[105.175s] [ 33%] Built target actionlib_generate_messages_lisp
[105.235s] [ 33%] Built target pcl_msgs_generate_messages_lisp
[105.289s] [ 33%] Built target tf_generate_messages_cpp
[105.353s] [ 33%] Built target actionlib_generate_messages_nodejs
[105.422s] [ 33%] Built target tablet_socket_msgs_generate_messages_eus
[105.481s] [ 33%] Built target visualization_msgs_generate_messages_cpp
[105.549s] [ 33%] Built target tf2_msgs_generate_messages_eus
[105.608s] [ 33%] Built target tf2_msgs_generate_messages_lisp
[105.682s] [ 33%] Built target actionlib_generate_messages_py
[105.738s] [ 33%] Built target tf2_msgs_generate_messages_py
[105.794s] [ 33%] Built target autoware_lanelet2_msgs_generate_messages_eus
[105.845s] [ 33%] Built target tf2_msgs_generate_messages_nodejs
[105.916s] [ 33%] Built target autoware_lanelet2_msgs_generate_messages_lisp
[105.977s] [ 33%] Built target vector_map_msgs_generate_messages_nodejs
[106.031s] [ 33%] Built target vector_map_msgs_generate_messages_py
[106.059s] [35m[1mScanning dependencies of target test-lane_select[0m
[106.191s] [ 50%] [32mBuilding CXX object CMakeFiles/test-lane_select.dir/test/src/test_lane_select.cpp.o[0m
[115.035s] [ 66%] [32mBuilding CXX object CMakeFiles/test-lane_select.dir/nodes/lane_select/hermite_curve.cpp.o[0m
[118.079s] [ 83%] [32mBuilding CXX object CMakeFiles/test-lane_select.dir/nodes/lane_select/lane_select_core.cpp.o[0m
[130.485s] [100%] [32m[1mLinking CXX executable devel/lib/lane_planner/test-lane_select[0m
[130.991s] [100%] Built target test-lane_select
[131.026s] [35m[1mScanning dependencies of target tests[0m
[131.056s] [100%] Built target tests
[131.091s] Invoked command in '/home/chinchia120/autoware.ai/build/lane_planner' returned '0': CMAKE_PREFIX_PATH=/home/chinchia120/autoware.ai/install/lanelet2_extension:/home/chinchia120/autoware.ai/install/lanelet2_validation:/home/chinchia120/autoware.ai/install/lanelet2_routing:/home/chinchia120/autoware.ai/install/lanelet2_projection:/home/chinchia120/autoware.ai/install/libwaypoint_follower:/home/chinchia120/autoware.ai/install/lanelet2_traffic_rules:/home/chinchia120/autoware.ai/install/lanelet2_maps:/home/chinchia120/autoware.ai/install/lanelet2_io:/home/chinchia120/autoware.ai/install/vector_map:/home/chinchia120/autoware.ai/install/lanelet2_core:/home/chinchia120/autoware.ai/install/amathutils_lib:/home/chinchia120/autoware.ai/install/vector_map_msgs:/home/chinchia120/autoware.ai/install/tablet_socket_msgs:/home/chinchia120/autoware.ai/install/gnss:/home/chinchia120/autoware.ai/install/autoware_msgs:/home/chinchia120/autoware.ai/install/autoware_lanelet2_msgs:/home/chinchia120/autoware.ai/install/autoware_config_msgs:/home/chinchia120/autoware.ai/install/autoware_build_flags:${CMAKE_PREFIX_PATH} LD_LIBRARY_PATH=/home/chinchia120/autoware.ai/install/lanelet2_extension/lib:/home/chinchia120/autoware.ai/install/lanelet2_validation/lib:/home/chinchia120/autoware.ai/install/lanelet2_routing/lib:/home/chinchia120/autoware.ai/install/lanelet2_projection/lib:/home/chinchia120/autoware.ai/install/libwaypoint_follower/lib:/home/chinchia120/autoware.ai/install/lanelet2_traffic_rules/lib:/home/chinchia120/autoware.ai/install/lanelet2_io/lib:/home/chinchia120/autoware.ai/install/vector_map/lib:/home/chinchia120/autoware.ai/install/lanelet2_core/lib:/home/chinchia120/autoware.ai/install/amathutils_lib/lib:/home/chinchia120/autoware.ai/install/gnss/lib:${LD_LIBRARY_PATH} PKG_CONFIG_PATH=/home/chinchia120/autoware.ai/install/lanelet2_extension/lib/x86_64-linux-gnu/pkgconfig:/home/chinchia120/autoware.ai/install/lanelet2_extension/lib/pkgconfig:/home/chinchia120/autoware.ai/install/lanelet2_validation/lib/x86_64-linux-gnu/pkgconfig:/home/chinchia120/autoware.ai/install/lanelet2_validation/lib/pkgconfig:/home/chinchia120/autoware.ai/install/lanelet2_routing/lib/x86_64-linux-gnu/pkgconfig:/home/chinchia120/autoware.ai/install/lanelet2_routing/lib/pkgconfig:/home/chinchia120/autoware.ai/install/lanelet2_projection/lib/x86_64-linux-gnu/pkgconfig:/home/chinchia120/autoware.ai/install/lanelet2_projection/lib/pkgconfig:/home/chinchia120/autoware.ai/install/libwaypoint_follower/lib/x86_64-linux-gnu/pkgconfig:/home/chinchia120/autoware.ai/install/libwaypoint_follower/lib/pkgconfig:/home/chinchia120/autoware.ai/install/lanelet2_traffic_rules/lib/x86_64-linux-gnu/pkgconfig:/home/chinchia120/autoware.ai/install/lanelet2_traffic_rules/lib/pkgconfig:/home/chinchia120/autoware.ai/install/lanelet2_maps/lib/x86_64-linux-gnu/pkgconfig:/home/chinchia120/autoware.ai/install/lanelet2_maps/lib/pkgconfig:/home/chinchia120/autoware.ai/install/lanelet2_io/lib/x86_64-linux-gnu/pkgconfig:/home/chinchia120/autoware.ai/install/lanelet2_io/lib/pkgconfig:/home/chinchia120/autoware.ai/install/vector_map/lib/x86_64-linux-gnu/pkgconfig:/home/chinchia120/autoware.ai/install/vector_map/lib/pkgconfig:/home/chinchia120/autoware.ai/install/lanelet2_core/lib/x86_64-linux-gnu/pkgconfig:/home/chinchia120/autoware.ai/install/lanelet2_core/lib/pkgconfig:/home/chinchia120/autoware.ai/install/amathutils_lib/lib/x86_64-linux-gnu/pkgconfig:/home/chinchia120/autoware.ai/install/amathutils_lib/lib/pkgconfig:/home/chinchia120/autoware.ai/install/vector_map_msgs/lib/x86_64-linux-gnu/pkgconfig:/home/chinchia120/autoware.ai/install/vector_map_msgs/lib/pkgconfig:/home/chinchia120/autoware.ai/install/tablet_socket_msgs/lib/x86_64-linux-gnu/pkgconfig:/home/chinchia120/autoware.ai/install/tablet_socket_msgs/lib/pkgconfig:/home/chinchia120/autoware.ai/install/gnss/lib/x86_64-linux-gnu/pkgconfig:/home/chinchia120/autoware.ai/install/gnss/lib/pkgconfig:/home/chinchia120/autoware.ai/install/autoware_msgs/lib/x86_64-linux-gnu/pkgconfig:/home/chinchia120/autoware.ai/install/autoware_msgs/lib/pkgconfig:/home/chinchia120/autoware.ai/install/autoware_lanelet2_msgs/lib/x86_64-linux-gnu/pkgconfig:/home/chinchia120/autoware.ai/install/autoware_lanelet2_msgs/lib/pkgconfig:/home/chinchia120/autoware.ai/install/autoware_config_msgs/lib/x86_64-linux-gnu/pkgconfig:/home/chinchia120/autoware.ai/install/autoware_config_msgs/lib/pkgconfig:/home/chinchia120/autoware.ai/install/autoware_build_flags/lib/x86_64-linux-gnu/pkgconfig:/home/chinchia120/autoware.ai/install/autoware_build_flags/lib/pkgconfig:${PKG_CONFIG_PATH} PYTHONPATH=/home/chinchia120/autoware.ai/install/vector_map_msgs/lib/python2.7/dist-packages:/home/chinchia120/autoware.ai/install/tablet_socket_msgs/lib/python2.7/dist-packages:/home/chinchia120/autoware.ai/install/autoware_msgs/lib/python2.7/dist-packages:/home/chinchia120/autoware.ai/install/autoware_lanelet2_msgs/lib/python2.7/dist-packages:/home/chinchia120/autoware.ai/install/autoware_config_msgs/lib/python2.7/dist-packages:${PYTHONPATH} ROS_PACKAGE_PATH=/home/chinchia120/autoware.ai/install/lanelet2_extension/share:/home/chinchia120/autoware.ai/install/lanelet2_validation/share:/home/chinchia120/autoware.ai/install/lanelet2_routing/share:/home/chinchia120/autoware.ai/install/lanelet2_projection/share:/home/chinchia120/autoware.ai/install/libwaypoint_follower/share:/home/chinchia120/autoware.ai/install/lanelet2_traffic_rules/share:/home/chinchia120/autoware.ai/install/lanelet2_maps/share:/home/chinchia120/autoware.ai/install/lanelet2_io/share:/home/chinchia120/autoware.ai/install/vector_map/share:/home/chinchia120/autoware.ai/install/lanelet2_core/share:/home/chinchia120/autoware.ai/install/amathutils_lib/share:/home/chinchia120/autoware.ai/install/vector_map_msgs/share:/home/chinchia120/autoware.ai/install/tablet_socket_msgs/share:/home/chinchia120/autoware.ai/install/gnss/share:/home/chinchia120/autoware.ai/install/autoware_msgs/share:/home/chinchia120/autoware.ai/install/autoware_lanelet2_msgs/share:/home/chinchia120/autoware.ai/install/autoware_config_msgs/share:/home/chinchia120/autoware.ai/install/autoware_build_flags/share:${ROS_PACKAGE_PATH} /usr/bin/cmake --build /home/chinchia120/autoware.ai/build/lane_planner --target tests -- -j4 -l4
[131.511s] Invoking command in '/home/chinchia120/autoware.ai/build/lane_planner': CMAKE_PREFIX_PATH=/home/chinchia120/autoware.ai/install/lanelet2_extension:/home/chinchia120/autoware.ai/install/lanelet2_validation:/home/chinchia120/autoware.ai/install/lanelet2_routing:/home/chinchia120/autoware.ai/install/lanelet2_projection:/home/chinchia120/autoware.ai/install/libwaypoint_follower:/home/chinchia120/autoware.ai/install/lanelet2_traffic_rules:/home/chinchia120/autoware.ai/install/lanelet2_maps:/home/chinchia120/autoware.ai/install/lanelet2_io:/home/chinchia120/autoware.ai/install/vector_map:/home/chinchia120/autoware.ai/install/lanelet2_core:/home/chinchia120/autoware.ai/install/amathutils_lib:/home/chinchia120/autoware.ai/install/vector_map_msgs:/home/chinchia120/autoware.ai/install/tablet_socket_msgs:/home/chinchia120/autoware.ai/install/gnss:/home/chinchia120/autoware.ai/install/autoware_msgs:/home/chinchia120/autoware.ai/install/autoware_lanelet2_msgs:/home/chinchia120/autoware.ai/install/autoware_config_msgs:/home/chinchia120/autoware.ai/install/autoware_build_flags:${CMAKE_PREFIX_PATH} LD_LIBRARY_PATH=/home/chinchia120/autoware.ai/install/lanelet2_extension/lib:/home/chinchia120/autoware.ai/install/lanelet2_validation/lib:/home/chinchia120/autoware.ai/install/lanelet2_routing/lib:/home/chinchia120/autoware.ai/install/lanelet2_projection/lib:/home/chinchia120/autoware.ai/install/libwaypoint_follower/lib:/home/chinchia120/autoware.ai/install/lanelet2_traffic_rules/lib:/home/chinchia120/autoware.ai/install/lanelet2_io/lib:/home/chinchia120/autoware.ai/install/vector_map/lib:/home/chinchia120/autoware.ai/install/lanelet2_core/lib:/home/chinchia120/autoware.ai/install/amathutils_lib/lib:/home/chinchia120/autoware.ai/install/gnss/lib:${LD_LIBRARY_PATH} PKG_CONFIG_PATH=/home/chinchia120/autoware.ai/install/lanelet2_extension/lib/x86_64-linux-gnu/pkgconfig:/home/chinchia120/autoware.ai/install/lanelet2_extension/lib/pkgconfig:/home/chinchia120/autoware.ai/install/lanelet2_validation/lib/x86_64-linux-gnu/pkgconfig:/home/chinchia120/autoware.ai/install/lanelet2_validation/lib/pkgconfig:/home/chinchia120/autoware.ai/install/lanelet2_routing/lib/x86_64-linux-gnu/pkgconfig:/home/chinchia120/autoware.ai/install/lanelet2_routing/lib/pkgconfig:/home/chinchia120/autoware.ai/install/lanelet2_projection/lib/x86_64-linux-gnu/pkgconfig:/home/chinchia120/autoware.ai/install/lanelet2_projection/lib/pkgconfig:/home/chinchia120/autoware.ai/install/libwaypoint_follower/lib/x86_64-linux-gnu/pkgconfig:/home/chinchia120/autoware.ai/install/libwaypoint_follower/lib/pkgconfig:/home/chinchia120/autoware.ai/install/lanelet2_traffic_rules/lib/x86_64-linux-gnu/pkgconfig:/home/chinchia120/autoware.ai/install/lanelet2_traffic_rules/lib/pkgconfig:/home/chinchia120/autoware.ai/install/lanelet2_maps/lib/x86_64-linux-gnu/pkgconfig:/home/chinchia120/autoware.ai/install/lanelet2_maps/lib/pkgconfig:/home/chinchia120/autoware.ai/install/lanelet2_io/lib/x86_64-linux-gnu/pkgconfig:/home/chinchia120/autoware.ai/install/lanelet2_io/lib/pkgconfig:/home/chinchia120/autoware.ai/install/vector_map/lib/x86_64-linux-gnu/pkgconfig:/home/chinchia120/autoware.ai/install/vector_map/lib/pkgconfig:/home/chinchia120/autoware.ai/install/lanelet2_core/lib/x86_64-linux-gnu/pkgconfig:/home/chinchia120/autoware.ai/install/lanelet2_core/lib/pkgconfig:/home/chinchia120/autoware.ai/install/amathutils_lib/lib/x86_64-linux-gnu/pkgconfig:/home/chinchia120/autoware.ai/install/amathutils_lib/lib/pkgconfig:/home/chinchia120/autoware.ai/install/vector_map_msgs/lib/x86_64-linux-gnu/pkgconfig:/home/chinchia120/autoware.ai/install/vector_map_msgs/lib/pkgconfig:/home/chinchia120/autoware.ai/install/tablet_socket_msgs/lib/x86_64-linux-gnu/pkgconfig:/home/chinchia120/autoware.ai/install/tablet_socket_msgs/lib/pkgconfig:/home/chinchia120/autoware.ai/install/gnss/lib/x86_64-linux-gnu/pkgconfig:/home/chinchia120/autoware.ai/install/gnss/lib/pkgconfig:/home/chinchia120/autoware.ai/install/autoware_msgs/lib/x86_64-linux-gnu/pkgconfig:/home/chinchia120/autoware.ai/install/autoware_msgs/lib/pkgconfig:/home/chinchia120/autoware.ai/install/autoware_lanelet2_msgs/lib/x86_64-linux-gnu/pkgconfig:/home/chinchia120/autoware.ai/install/autoware_lanelet2_msgs/lib/pkgconfig:/home/chinchia120/autoware.ai/install/autoware_config_msgs/lib/x86_64-linux-gnu/pkgconfig:/home/chinchia120/autoware.ai/install/autoware_config_msgs/lib/pkgconfig:/home/chinchia120/autoware.ai/install/autoware_build_flags/lib/x86_64-linux-gnu/pkgconfig:/home/chinchia120/autoware.ai/install/autoware_build_flags/lib/pkgconfig:${PKG_CONFIG_PATH} PYTHONPATH=/home/chinchia120/autoware.ai/install/vector_map_msgs/lib/python2.7/dist-packages:/home/chinchia120/autoware.ai/install/tablet_socket_msgs/lib/python2.7/dist-packages:/home/chinchia120/autoware.ai/install/autoware_msgs/lib/python2.7/dist-packages:/home/chinchia120/autoware.ai/install/autoware_lanelet2_msgs/lib/python2.7/dist-packages:/home/chinchia120/autoware.ai/install/autoware_config_msgs/lib/python2.7/dist-packages:${PYTHONPATH} ROS_PACKAGE_PATH=/home/chinchia120/autoware.ai/install/lanelet2_extension/share:/home/chinchia120/autoware.ai/install/lanelet2_validation/share:/home/chinchia120/autoware.ai/install/lanelet2_routing/share:/home/chinchia120/autoware.ai/install/lanelet2_projection/share:/home/chinchia120/autoware.ai/install/libwaypoint_follower/share:/home/chinchia120/autoware.ai/install/lanelet2_traffic_rules/share:/home/chinchia120/autoware.ai/install/lanelet2_maps/share:/home/chinchia120/autoware.ai/install/lanelet2_io/share:/home/chinchia120/autoware.ai/install/vector_map/share:/home/chinchia120/autoware.ai/install/lanelet2_core/share:/home/chinchia120/autoware.ai/install/amathutils_lib/share:/home/chinchia120/autoware.ai/install/vector_map_msgs/share:/home/chinchia120/autoware.ai/install/tablet_socket_msgs/share:/home/chinchia120/autoware.ai/install/gnss/share:/home/chinchia120/autoware.ai/install/autoware_msgs/share:/home/chinchia120/autoware.ai/install/autoware_lanelet2_msgs/share:/home/chinchia120/autoware.ai/install/autoware_config_msgs/share:/home/chinchia120/autoware.ai/install/autoware_build_flags/share:${ROS_PACKAGE_PATH} /usr/bin/cmake --build /home/chinchia120/autoware.ai/build/lane_planner --target install -- -j4 -l4
[131.668s] [  0%] Built target autoware_lanelet2_msgs_generate_messages_lisp
[131.738s] [  0%] Built target vector_map_msgs_generate_messages_lisp
[131.814s] [  0%] Built target vector_map_msgs_generate_messages_eus
[131.879s] [  0%] Built target vector_map_msgs_generate_messages_cpp
[131.947s] [  0%] Built target visualization_msgs_generate_messages_py
[132.021s] [  0%] Built target tablet_socket_msgs_generate_messages_lisp
[132.122s] [  0%] Built target visualization_msgs_generate_messages_nodejs
[132.221s] [  0%] Built target visualization_msgs_generate_messages_eus
[132.286s] [  0%] Built target sensor_msgs_generate_messages_nodejs
[132.351s] [  0%] Built target roscpp_generate_messages_cpp
[132.421s] [  0%] Built target actionlib_generate_messages_cpp
[132.485s] [  0%] Built target rosgraph_msgs_generate_messages_eus
[132.550s] [  0%] Built target jsk_recognition_msgs_generate_messages_lisp
[132.613s] [  0%] Built target jsk_recognition_msgs_generate_messages_eus
[132.681s] [  0%] Built target tf2_msgs_generate_messages_cpp
[132.734s] [  0%] Built target geometry_msgs_generate_messages_py
[132.802s] [  0%] Built target geometry_msgs_generate_messages_lisp
[132.866s] [  0%] Built target geometry_msgs_generate_messages_eus
[132.927s] [  0%] Built target autoware_msgs_generate_messages_lisp
[132.993s] [  0%] Built target pcl_msgs_generate_messages_cpp
[133.067s] [  0%] Built target sensor_msgs_generate_messages_lisp
[133.121s] [  0%] Built target jsk_recognition_msgs_generate_messages_cpp
[133.184s] [  0%] Built target autoware_msgs_generate_messages_eus
[133.244s] [  0%] Built target jsk_recognition_msgs_generate_messages_py
[133.309s] [  0%] Built target sensor_msgs_generate_messages_py
[133.370s] [  0%] Built target tablet_socket_msgs_generate_messages_nodejs
[133.441s] [  0%] Built target tf_generate_messages_py
[133.501s] [  0%] Built target autoware_msgs_generate_messages_py
[133.566s] [  0%] Built target std_msgs_generate_messages_py
[133.619s] [  0%] Built target std_msgs_generate_messages_cpp
[133.685s] [  0%] Built target tablet_socket_msgs_generate_messages_py
[133.738s] [  0%] Built target jsk_footstep_msgs_generate_messages_py
[133.798s] [  0%] Built target actionlib_msgs_generate_messages_nodejs
[133.852s] [  0%] Built target autoware_config_msgs_generate_messages_py
[133.923s] [  0%] Built target roscpp_generate_messages_eus
[133.985s] [  0%] Built target actionlib_msgs_generate_messages_eus
[134.037s] [  0%] Built target rosgraph_msgs_generate_messages_py
[134.093s] [  0%] Built target autoware_msgs_generate_messages_nodejs
[134.145s] [  0%] Built target visualization_msgs_generate_messages_lisp
[134.203s] [  0%] Built target std_msgs_generate_messages_eus
[134.269s] [  0%] Built target geometry_msgs_generate_messages_nodejs
[134.327s] [  0%] Built target autoware_config_msgs_generate_messages_eus
[134.389s] [  0%] Built target tablet_socket_msgs_generate_messages_cpp
[134.439s] [  0%] Built target autoware_config_msgs_generate_messages_lisp
[134.500s] [  0%] Built target sensor_msgs_generate_messages_eus
[134.571s] [  0%] Built target sensor_msgs_generate_messages_cpp
[134.629s] [  0%] Built target roscpp_generate_messages_nodejs
[134.693s] [  0%] Built target std_msgs_generate_messages_lisp
[134.764s] [  0%] Built target std_msgs_generate_messages_nodejs
[134.823s] [  0%] Built target autoware_msgs_generate_messages_cpp
[134.885s] [  0%] Built target rosgraph_msgs_generate_messages_cpp
[134.951s] [  0%] Built target pcl_msgs_generate_messages_eus
[135.022s] [  0%] Built target pcl_msgs_generate_messages_nodejs
[135.080s] [  0%] Built target jsk_footstep_msgs_generate_messages_eus
[135.150s] [  0%] Built target actionlib_msgs_generate_messages_py
[135.214s] [  0%] Built target jsk_footstep_msgs_generate_messages_lisp
[135.281s] [  0%] Built target jsk_footstep_msgs_generate_messages_nodejs
[135.349s] [  0%] Built target actionlib_msgs_generate_messages_lisp
[135.402s] [  0%] Built target jsk_footstep_msgs_generate_messages_cpp
[135.454s] [  0%] Built target actionlib_msgs_generate_messages_cpp
[135.516s] [  0%] Built target tf_generate_messages_eus
[135.573s] [  0%] Built target tf_generate_messages_lisp
[135.622s] [  0%] Built target autoware_config_msgs_generate_messages_nodejs
[135.694s] [  0%] Built target tf_generate_messages_nodejs
[135.756s] [  0%] Built target autoware_lanelet2_msgs_generate_messages_cpp
[135.815s] [  0%] Built target autoware_lanelet2_msgs_generate_messages_py
[135.867s] [  0%] Built target jsk_recognition_msgs_generate_messages_nodejs
[135.927s] [  0%] Built target roscpp_generate_messages_lisp
[135.985s] [  0%] Built target autoware_lanelet2_msgs_generate_messages_nodejs
[136.041s] [  0%] Built target roscpp_generate_messages_py
[136.115s] [  0%] Built target rosgraph_msgs_generate_messages_lisp
[136.166s] [  0%] Built target autoware_config_msgs_generate_messages_cpp
[136.220s] [  0%] Built target rosgraph_msgs_generate_messages_nodejs
[136.288s] [  0%] Built target pcl_msgs_generate_messages_py
[136.362s] [  0%] Built target actionlib_generate_messages_eus
[136.439s] [  0%] Built target geometry_msgs_generate_messages_cpp
[136.517s] [  0%] Built target actionlib_generate_messages_lisp
[136.582s] [  0%] Built target pcl_msgs_generate_messages_lisp
[136.656s] [  0%] Built target tf_generate_messages_cpp
[136.717s] [  0%] Built target actionlib_generate_messages_nodejs
[136.774s] [  0%] Built target tablet_socket_msgs_generate_messages_eus
[136.843s] [  0%] Built target visualization_msgs_generate_messages_cpp
[136.904s] [  0%] Built target tf2_msgs_generate_messages_eus
[136.977s] [  0%] Built target tf2_msgs_generate_messages_lisp
[137.040s] [  0%] Built target actionlib_generate_messages_py
[137.110s] [  0%] Built target tf2_msgs_generate_messages_py
[137.178s] [  0%] Built target autoware_lanelet2_msgs_generate_messages_eus
[137.252s] [  0%] Built target tf2_msgs_generate_messages_nodejs
[137.309s] [  0%] Built target vector_map_msgs_generate_messages_nodejs
[137.395s] [  0%] Built target vector_map_msgs_generate_messages_py
[137.502s] [ 28%] Built target lane_select
[137.583s] [ 42%] Built target lane_planner
[137.674s] [ 57%] Built target lane_stop
[137.761s] [ 71%] Built target lane_navi
[137.845s] [ 85%] Built target lane_rule
[137.956s] [100%] Built target lane_rule_lanelet2
[138.029s] [36mInstall the project...[0m
[138.056s] -- Install configuration: "Release"
[138.057s] -- Installing: /home/chinchia120/autoware.ai/install/lane_planner/lib/pkgconfig/lane_planner.pc
[138.057s] -- Installing: /home/chinchia120/autoware.ai/install/lane_planner/share/lane_planner/cmake/lane_plannerConfig.cmake
[138.057s] -- Installing: /home/chinchia120/autoware.ai/install/lane_planner/share/lane_planner/cmake/lane_plannerConfig-version.cmake
[138.057s] -- Installing: /home/chinchia120/autoware.ai/install/lane_planner/share/lane_planner/package.xml
[138.058s] -- Installing: /home/chinchia120/autoware.ai/install/lane_planner/include/lane_planner
[138.058s] -- Installing: /home/chinchia120/autoware.ai/install/lane_planner/include/lane_planner/lane_planner_vmap.hpp
[138.058s] -- Installing: /home/chinchia120/autoware.ai/install/lane_planner/lib/lane_planner/lane_navi
[138.059s] -- Set runtime path of "/home/chinchia120/autoware.ai/install/lane_planner/lib/lane_planner/lane_navi" to ""
[138.059s] -- Installing: /home/chinchia120/autoware.ai/install/lane_planner/lib/liblane_planner.so
[138.065s] -- Set runtime path of "/home/chinchia120/autoware.ai/install/lane_planner/lib/liblane_planner.so" to ""
[138.066s] -- Installing: /home/chinchia120/autoware.ai/install/lane_planner/lib/lane_planner/lane_rule
[138.067s] -- Set runtime path of "/home/chinchia120/autoware.ai/install/lane_planner/lib/lane_planner/lane_rule" to ""
[138.067s] -- Installing: /home/chinchia120/autoware.ai/install/lane_planner/lib/lane_planner/lane_rule_lanelet2
[138.069s] -- Set runtime path of "/home/chinchia120/autoware.ai/install/lane_planner/lib/lane_planner/lane_rule_lanelet2" to ""
[138.069s] -- Installing: /home/chinchia120/autoware.ai/install/lane_planner/lib/lane_planner/lane_select
[138.071s] -- Set runtime path of "/home/chinchia120/autoware.ai/install/lane_planner/lib/lane_planner/lane_select" to ""
[138.071s] -- Installing: /home/chinchia120/autoware.ai/install/lane_planner/lib/lane_planner/lane_stop
[138.072s] -- Set runtime path of "/home/chinchia120/autoware.ai/install/lane_planner/lib/lane_planner/lane_stop" to ""
[138.072s] -- Installing: /home/chinchia120/autoware.ai/install/lane_planner/share/lane_planner/launch
[138.073s] -- Installing: /home/chinchia120/autoware.ai/install/lane_planner/share/lane_planner/launch/lane_navi.launch
[138.074s] -- Installing: /home/chinchia120/autoware.ai/install/lane_planner/share/lane_planner/launch/lane_select.launch
[138.075s] -- Installing: /home/chinchia120/autoware.ai/install/lane_planner/share/lane_planner/launch/lane_rule_option.launch
[138.084s] Invoked command in '/home/chinchia120/autoware.ai/build/lane_planner' returned '0': CMAKE_PREFIX_PATH=/home/chinchia120/autoware.ai/install/lanelet2_extension:/home/chinchia120/autoware.ai/install/lanelet2_validation:/home/chinchia120/autoware.ai/install/lanelet2_routing:/home/chinchia120/autoware.ai/install/lanelet2_projection:/home/chinchia120/autoware.ai/install/libwaypoint_follower:/home/chinchia120/autoware.ai/install/lanelet2_traffic_rules:/home/chinchia120/autoware.ai/install/lanelet2_maps:/home/chinchia120/autoware.ai/install/lanelet2_io:/home/chinchia120/autoware.ai/install/vector_map:/home/chinchia120/autoware.ai/install/lanelet2_core:/home/chinchia120/autoware.ai/install/amathutils_lib:/home/chinchia120/autoware.ai/install/vector_map_msgs:/home/chinchia120/autoware.ai/install/tablet_socket_msgs:/home/chinchia120/autoware.ai/install/gnss:/home/chinchia120/autoware.ai/install/autoware_msgs:/home/chinchia120/autoware.ai/install/autoware_lanelet2_msgs:/home/chinchia120/autoware.ai/install/autoware_config_msgs:/home/chinchia120/autoware.ai/install/autoware_build_flags:${CMAKE_PREFIX_PATH} LD_LIBRARY_PATH=/home/chinchia120/autoware.ai/install/lanelet2_extension/lib:/home/chinchia120/autoware.ai/install/lanelet2_validation/lib:/home/chinchia120/autoware.ai/install/lanelet2_routing/lib:/home/chinchia120/autoware.ai/install/lanelet2_projection/lib:/home/chinchia120/autoware.ai/install/libwaypoint_follower/lib:/home/chinchia120/autoware.ai/install/lanelet2_traffic_rules/lib:/home/chinchia120/autoware.ai/install/lanelet2_io/lib:/home/chinchia120/autoware.ai/install/vector_map/lib:/home/chinchia120/autoware.ai/install/lanelet2_core/lib:/home/chinchia120/autoware.ai/install/amathutils_lib/lib:/home/chinchia120/autoware.ai/install/gnss/lib:${LD_LIBRARY_PATH} PKG_CONFIG_PATH=/home/chinchia120/autoware.ai/install/lanelet2_extension/lib/x86_64-linux-gnu/pkgconfig:/home/chinchia120/autoware.ai/install/lanelet2_extension/lib/pkgconfig:/home/chinchia120/autoware.ai/install/lanelet2_validation/lib/x86_64-linux-gnu/pkgconfig:/home/chinchia120/autoware.ai/install/lanelet2_validation/lib/pkgconfig:/home/chinchia120/autoware.ai/install/lanelet2_routing/lib/x86_64-linux-gnu/pkgconfig:/home/chinchia120/autoware.ai/install/lanelet2_routing/lib/pkgconfig:/home/chinchia120/autoware.ai/install/lanelet2_projection/lib/x86_64-linux-gnu/pkgconfig:/home/chinchia120/autoware.ai/install/lanelet2_projection/lib/pkgconfig:/home/chinchia120/autoware.ai/install/libwaypoint_follower/lib/x86_64-linux-gnu/pkgconfig:/home/chinchia120/autoware.ai/install/libwaypoint_follower/lib/pkgconfig:/home/chinchia120/autoware.ai/install/lanelet2_traffic_rules/lib/x86_64-linux-gnu/pkgconfig:/home/chinchia120/autoware.ai/install/lanelet2_traffic_rules/lib/pkgconfig:/home/chinchia120/autoware.ai/install/lanelet2_maps/lib/x86_64-linux-gnu/pkgconfig:/home/chinchia120/autoware.ai/install/lanelet2_maps/lib/pkgconfig:/home/chinchia120/autoware.ai/install/lanelet2_io/lib/x86_64-linux-gnu/pkgconfig:/home/chinchia120/autoware.ai/install/lanelet2_io/lib/pkgconfig:/home/chinchia120/autoware.ai/install/vector_map/lib/x86_64-linux-gnu/pkgconfig:/home/chinchia120/autoware.ai/install/vector_map/lib/pkgconfig:/home/chinchia120/autoware.ai/install/lanelet2_core/lib/x86_64-linux-gnu/pkgconfig:/home/chinchia120/autoware.ai/install/lanelet2_core/lib/pkgconfig:/home/chinchia120/autoware.ai/install/amathutils_lib/lib/x86_64-linux-gnu/pkgconfig:/home/chinchia120/autoware.ai/install/amathutils_lib/lib/pkgconfig:/home/chinchia120/autoware.ai/install/vector_map_msgs/lib/x86_64-linux-gnu/pkgconfig:/home/chinchia120/autoware.ai/install/vector_map_msgs/lib/pkgconfig:/home/chinchia120/autoware.ai/install/tablet_socket_msgs/lib/x86_64-linux-gnu/pkgconfig:/home/chinchia120/autoware.ai/install/tablet_socket_msgs/lib/pkgconfig:/home/chinchia120/autoware.ai/install/gnss/lib/x86_64-linux-gnu/pkgconfig:/home/chinchia120/autoware.ai/install/gnss/lib/pkgconfig:/home/chinchia120/autoware.ai/install/autoware_msgs/lib/x86_64-linux-gnu/pkgconfig:/home/chinchia120/autoware.ai/install/autoware_msgs/lib/pkgconfig:/home/chinchia120/autoware.ai/install/autoware_lanelet2_msgs/lib/x86_64-linux-gnu/pkgconfig:/home/chinchia120/autoware.ai/install/autoware_lanelet2_msgs/lib/pkgconfig:/home/chinchia120/autoware.ai/install/autoware_config_msgs/lib/x86_64-linux-gnu/pkgconfig:/home/chinchia120/autoware.ai/install/autoware_config_msgs/lib/pkgconfig:/home/chinchia120/autoware.ai/install/autoware_build_flags/lib/x86_64-linux-gnu/pkgconfig:/home/chinchia120/autoware.ai/install/autoware_build_flags/lib/pkgconfig:${PKG_CONFIG_PATH} PYTHONPATH=/home/chinchia120/autoware.ai/install/vector_map_msgs/lib/python2.7/dist-packages:/home/chinchia120/autoware.ai/install/tablet_socket_msgs/lib/python2.7/dist-packages:/home/chinchia120/autoware.ai/install/autoware_msgs/lib/python2.7/dist-packages:/home/chinchia120/autoware.ai/install/autoware_lanelet2_msgs/lib/python2.7/dist-packages:/home/chinchia120/autoware.ai/install/autoware_config_msgs/lib/python2.7/dist-packages:${PYTHONPATH} ROS_PACKAGE_PATH=/home/chinchia120/autoware.ai/install/lanelet2_extension/share:/home/chinchia120/autoware.ai/install/lanelet2_validation/share:/home/chinchia120/autoware.ai/install/lanelet2_routing/share:/home/chinchia120/autoware.ai/install/lanelet2_projection/share:/home/chinchia120/autoware.ai/install/libwaypoint_follower/share:/home/chinchia120/autoware.ai/install/lanelet2_traffic_rules/share:/home/chinchia120/autoware.ai/install/lanelet2_maps/share:/home/chinchia120/autoware.ai/install/lanelet2_io/share:/home/chinchia120/autoware.ai/install/vector_map/share:/home/chinchia120/autoware.ai/install/lanelet2_core/share:/home/chinchia120/autoware.ai/install/amathutils_lib/share:/home/chinchia120/autoware.ai/install/vector_map_msgs/share:/home/chinchia120/autoware.ai/install/tablet_socket_msgs/share:/home/chinchia120/autoware.ai/install/gnss/share:/home/chinchia120/autoware.ai/install/autoware_msgs/share:/home/chinchia120/autoware.ai/install/autoware_lanelet2_msgs/share:/home/chinchia120/autoware.ai/install/autoware_config_msgs/share:/home/chinchia120/autoware.ai/install/autoware_build_flags/share:${ROS_PACKAGE_PATH} /usr/bin/cmake --build /home/chinchia120/autoware.ai/build/lane_planner --target install -- -j4 -l4
