[0.058s] Invoking command in '/home/chinchia120/autoware.ai/build/op_simu': CMAKE_PREFIX_PATH=/home/chinchia120/autoware.ai/install/op_planner:/home/chinchia120/autoware.ai/install/op_utility:/home/chinchia120/autoware.ai/install/vector_map_server:/home/chinchia120/autoware.ai/install/vector_map:/home/chinchia120/autoware.ai/install/vector_map_msgs:/home/chinchia120/autoware.ai/install/autoware_msgs:/home/chinchia120/autoware.ai/install/autoware_build_flags:${CMAKE_PREFIX_PATH} LD_LIBRARY_PATH=/home/chinchia120/autoware.ai/install/op_planner/lib:/home/chinchia120/autoware.ai/install/op_utility/lib:/home/chinchia120/autoware.ai/install/vector_map/lib:${LD_LIBRARY_PATH} PKG_CONFIG_PATH=/home/chinchia120/autoware.ai/install/op_planner/lib/x86_64-linux-gnu/pkgconfig:/home/chinchia120/autoware.ai/install/op_planner/lib/pkgconfig:/home/chinchia120/autoware.ai/install/op_utility/lib/x86_64-linux-gnu/pkgconfig:/home/chinchia120/autoware.ai/install/op_utility/lib/pkgconfig:/home/chinchia120/autoware.ai/install/vector_map_server/lib/x86_64-linux-gnu/pkgconfig:/home/chinchia120/autoware.ai/install/vector_map_server/lib/pkgconfig:/home/chinchia120/autoware.ai/install/vector_map/lib/x86_64-linux-gnu/pkgconfig:/home/chinchia120/autoware.ai/install/vector_map/lib/pkgconfig:/home/chinchia120/autoware.ai/install/vector_map_msgs/lib/x86_64-linux-gnu/pkgconfig:/home/chinchia120/autoware.ai/install/vector_map_msgs/lib/pkgconfig:/home/chinchia120/autoware.ai/install/autoware_msgs/lib/x86_64-linux-gnu/pkgconfig:/home/chinchia120/autoware.ai/install/autoware_msgs/lib/pkgconfig:/home/chinchia120/autoware.ai/install/autoware_build_flags/lib/x86_64-linux-gnu/pkgconfig:/home/chinchia120/autoware.ai/install/autoware_build_flags/lib/pkgconfig:${PKG_CONFIG_PATH} PYTHONPATH=/home/chinchia120/autoware.ai/install/vector_map_server/lib/python2.7/dist-packages:/home/chinchia120/autoware.ai/install/vector_map_msgs/lib/python2.7/dist-packages:/home/chinchia120/autoware.ai/install/autoware_msgs/lib/python2.7/dist-packages:${PYTHONPATH} ROS_PACKAGE_PATH=/home/chinchia120/autoware.ai/install/op_planner/share:/home/chinchia120/autoware.ai/install/op_utility/share:/home/chinchia120/autoware.ai/install/vector_map_server/share:/home/chinchia120/autoware.ai/install/vector_map/share:/home/chinchia120/autoware.ai/install/vector_map_msgs/share:/home/chinchia120/autoware.ai/install/autoware_msgs/share:/home/chinchia120/autoware.ai/install/autoware_build_flags/share:${ROS_PACKAGE_PATH} /usr/bin/cmake /home/chinchia120/autoware.ai/src/autoware/common/op_simu -DCMAKE_BUILD_TYPE=Release -DCATKIN_INSTALL_INTO_PREFIX_ROOT=0 -DCMAKE_INSTALL_PREFIX=/home/chinchia120/autoware.ai/install/op_simu
[0.215s] -- The C compiler identification is GNU 7.5.0
[0.351s] -- The CXX compiler identification is GNU 7.5.0
[0.363s] -- Check for working C compiler: /usr/bin/cc
[0.526s] -- Check for working C compiler: /usr/bin/cc -- works
[0.534s] -- Detecting C compiler ABI info
[0.714s] -- Detecting C compiler ABI info - done
[0.726s] -- Detecting C compile features
[1.231s] -- Detecting C compile features - done
[1.236s] -- Check for working CXX compiler: /usr/bin/c++
[1.434s] -- Check for working CXX compiler: /usr/bin/c++ -- works
[1.434s] -- Detecting CXX compiler ABI info
[1.638s] -- Detecting CXX compiler ABI info - done
[1.655s] -- Detecting CXX compile features
[2.442s] -- Detecting CXX compile features - done
[2.448s] -- CUDA compilation status: 1.
[2.453s] -- Using CATKIN_DEVEL_PREFIX: /home/chinchia120/autoware.ai/build/op_simu/devel
[2.454s] -- Using CMAKE_PREFIX_PATH: /home/chinchia120/autoware.ai/install/op_planner;/home/chinchia120/autoware.ai/install/op_utility;/home/chinchia120/autoware.ai/install/vector_map_server;/home/chinchia120/autoware.ai/install/vector_map;/home/chinchia120/autoware.ai/install/vector_map_msgs;/home/chinchia120/autoware.ai/install/autoware_msgs;/home/chinchia120/autoware.ai/install/autoware_build_flags;/home/chinchia120/catkin_ws/devel;/opt/ros/melodic
[2.455s] -- This workspace overlays: /home/chinchia120/autoware.ai/install/op_planner;/home/chinchia120/autoware.ai/install/op_utility;/home/chinchia120/autoware.ai/install/vector_map_server;/home/chinchia120/autoware.ai/install/vector_map;/home/chinchia120/autoware.ai/install/vector_map_msgs;/home/chinchia120/autoware.ai/install/autoware_msgs;/home/chinchia120/autoware.ai/install/autoware_build_flags;/home/chinchia120/catkin_ws/devel;/opt/ros/melodic
[2.493s] -- Found PythonInterp: /usr/bin/python2 (found suitable version "2.7.17", minimum required is "2") 
[2.494s] -- Using PYTHON_EXECUTABLE: /usr/bin/python2
[2.494s] -- Using Debian Python package layout
[2.494s] -- Using empy: /usr/bin/empy
[2.796s] -- Using CATKIN_ENABLE_TESTING: ON
[2.796s] -- Call enable_testing()
[2.804s] -- Using CATKIN_TEST_RESULTS_DIR: /home/chinchia120/autoware.ai/build/op_simu/test_results
[2.841s] -- Found gtest sources under '/usr/src/googletest': gtests will be built
[2.841s] -- Found gmock sources under '/usr/src/googletest': gmock will be built
[2.870s] -- Found PythonInterp: /usr/bin/python2 (found version "2.7.17") 
[2.870s] -- Looking for pthread.h
[3.050s] -- Looking for pthread.h - found
[3.050s] -- Looking for pthread_create
[3.230s] -- Looking for pthread_create - not found
[3.230s] -- Looking for pthread_create in pthreads
[3.382s] -- Looking for pthread_create in pthreads - not found
[3.382s] -- Looking for pthread_create in pthread
[3.554s] -- Looking for pthread_create in pthread - found
[3.554s] -- Found Threads: TRUE  
[3.563s] -- Using Python nosetests: /usr/bin/nosetests-2.7
[3.651s] -- catkin 0.7.29
[3.651s] -- BUILD_SHARED_LIBS is on
[4.069s] -- Using these message generators: gencpp;geneus;genlisp;gennodejs;genpy
[4.558s] -- Found OpenCV: /usr (found version "3.2.0") 
[4.584s] -- Found OpenGL: /usr/lib/x86_64-linux-gnu/libOpenGL.so   
[4.598s] -- Found GLEW: /usr/include  
[4.609s] -- Found GLUT: /usr/lib/x86_64-linux-gnu/libglut.so  
[4.683s] -- Looking for XOpenDisplay in /usr/lib/x86_64-linux-gnu/libX11.so;/usr/lib/x86_64-linux-gnu/libXext.so
[4.889s] -- Looking for XOpenDisplay in /usr/lib/x86_64-linux-gnu/libX11.so;/usr/lib/x86_64-linux-gnu/libXext.so - found
[4.890s] -- Looking for gethostbyname
[5.065s] -- Looking for gethostbyname - found
[5.066s] -- Looking for connect
[5.240s] -- Looking for connect - found
[5.240s] -- Looking for remove
[5.396s] -- Looking for remove - found
[5.397s] -- Looking for shmat
[5.574s] -- Looking for shmat - found
[5.575s] -- Looking for IceConnectionNumber in ICE
[5.741s] -- Looking for IceConnectionNumber in ICE - found
[5.742s] -- Found X11: /usr/lib/x86_64-linux-gnu/libX11.so
[6.022s] -- Configuring done
[6.203s] -- Generating done
[6.227s] -- Build files have been written to: /home/chinchia120/autoware.ai/build/op_simu
[6.240s] Invoked command in '/home/chinchia120/autoware.ai/build/op_simu' returned '0': CMAKE_PREFIX_PATH=/home/chinchia120/autoware.ai/install/op_planner:/home/chinchia120/autoware.ai/install/op_utility:/home/chinchia120/autoware.ai/install/vector_map_server:/home/chinchia120/autoware.ai/install/vector_map:/home/chinchia120/autoware.ai/install/vector_map_msgs:/home/chinchia120/autoware.ai/install/autoware_msgs:/home/chinchia120/autoware.ai/install/autoware_build_flags:${CMAKE_PREFIX_PATH} LD_LIBRARY_PATH=/home/chinchia120/autoware.ai/install/op_planner/lib:/home/chinchia120/autoware.ai/install/op_utility/lib:/home/chinchia120/autoware.ai/install/vector_map/lib:${LD_LIBRARY_PATH} PKG_CONFIG_PATH=/home/chinchia120/autoware.ai/install/op_planner/lib/x86_64-linux-gnu/pkgconfig:/home/chinchia120/autoware.ai/install/op_planner/lib/pkgconfig:/home/chinchia120/autoware.ai/install/op_utility/lib/x86_64-linux-gnu/pkgconfig:/home/chinchia120/autoware.ai/install/op_utility/lib/pkgconfig:/home/chinchia120/autoware.ai/install/vector_map_server/lib/x86_64-linux-gnu/pkgconfig:/home/chinchia120/autoware.ai/install/vector_map_server/lib/pkgconfig:/home/chinchia120/autoware.ai/install/vector_map/lib/x86_64-linux-gnu/pkgconfig:/home/chinchia120/autoware.ai/install/vector_map/lib/pkgconfig:/home/chinchia120/autoware.ai/install/vector_map_msgs/lib/x86_64-linux-gnu/pkgconfig:/home/chinchia120/autoware.ai/install/vector_map_msgs/lib/pkgconfig:/home/chinchia120/autoware.ai/install/autoware_msgs/lib/x86_64-linux-gnu/pkgconfig:/home/chinchia120/autoware.ai/install/autoware_msgs/lib/pkgconfig:/home/chinchia120/autoware.ai/install/autoware_build_flags/lib/x86_64-linux-gnu/pkgconfig:/home/chinchia120/autoware.ai/install/autoware_build_flags/lib/pkgconfig:${PKG_CONFIG_PATH} PYTHONPATH=/home/chinchia120/autoware.ai/install/vector_map_server/lib/python2.7/dist-packages:/home/chinchia120/autoware.ai/install/vector_map_msgs/lib/python2.7/dist-packages:/home/chinchia120/autoware.ai/install/autoware_msgs/lib/python2.7/dist-packages:${PYTHONPATH} ROS_PACKAGE_PATH=/home/chinchia120/autoware.ai/install/op_planner/share:/home/chinchia120/autoware.ai/install/op_utility/share:/home/chinchia120/autoware.ai/install/vector_map_server/share:/home/chinchia120/autoware.ai/install/vector_map/share:/home/chinchia120/autoware.ai/install/vector_map_msgs/share:/home/chinchia120/autoware.ai/install/autoware_msgs/share:/home/chinchia120/autoware.ai/install/autoware_build_flags/share:${ROS_PACKAGE_PATH} /usr/bin/cmake /home/chinchia120/autoware.ai/src/autoware/common/op_simu -DCMAKE_BUILD_TYPE=Release -DCATKIN_INSTALL_INTO_PREFIX_ROOT=0 -DCMAKE_INSTALL_PREFIX=/home/chinchia120/autoware.ai/install/op_simu
[6.243s] Invoking command in '/home/chinchia120/autoware.ai/build/op_simu': CMAKE_PREFIX_PATH=/home/chinchia120/autoware.ai/install/op_planner:/home/chinchia120/autoware.ai/install/op_utility:/home/chinchia120/autoware.ai/install/vector_map_server:/home/chinchia120/autoware.ai/install/vector_map:/home/chinchia120/autoware.ai/install/vector_map_msgs:/home/chinchia120/autoware.ai/install/autoware_msgs:/home/chinchia120/autoware.ai/install/autoware_build_flags:${CMAKE_PREFIX_PATH} LD_LIBRARY_PATH=/home/chinchia120/autoware.ai/install/op_planner/lib:/home/chinchia120/autoware.ai/install/op_utility/lib:/home/chinchia120/autoware.ai/install/vector_map/lib:${LD_LIBRARY_PATH} PKG_CONFIG_PATH=/home/chinchia120/autoware.ai/install/op_planner/lib/x86_64-linux-gnu/pkgconfig:/home/chinchia120/autoware.ai/install/op_planner/lib/pkgconfig:/home/chinchia120/autoware.ai/install/op_utility/lib/x86_64-linux-gnu/pkgconfig:/home/chinchia120/autoware.ai/install/op_utility/lib/pkgconfig:/home/chinchia120/autoware.ai/install/vector_map_server/lib/x86_64-linux-gnu/pkgconfig:/home/chinchia120/autoware.ai/install/vector_map_server/lib/pkgconfig:/home/chinchia120/autoware.ai/install/vector_map/lib/x86_64-linux-gnu/pkgconfig:/home/chinchia120/autoware.ai/install/vector_map/lib/pkgconfig:/home/chinchia120/autoware.ai/install/vector_map_msgs/lib/x86_64-linux-gnu/pkgconfig:/home/chinchia120/autoware.ai/install/vector_map_msgs/lib/pkgconfig:/home/chinchia120/autoware.ai/install/autoware_msgs/lib/x86_64-linux-gnu/pkgconfig:/home/chinchia120/autoware.ai/install/autoware_msgs/lib/pkgconfig:/home/chinchia120/autoware.ai/install/autoware_build_flags/lib/x86_64-linux-gnu/pkgconfig:/home/chinchia120/autoware.ai/install/autoware_build_flags/lib/pkgconfig:${PKG_CONFIG_PATH} PYTHONPATH=/home/chinchia120/autoware.ai/install/vector_map_server/lib/python2.7/dist-packages:/home/chinchia120/autoware.ai/install/vector_map_msgs/lib/python2.7/dist-packages:/home/chinchia120/autoware.ai/install/autoware_msgs/lib/python2.7/dist-packages:${PYTHONPATH} ROS_PACKAGE_PATH=/home/chinchia120/autoware.ai/install/op_planner/share:/home/chinchia120/autoware.ai/install/op_utility/share:/home/chinchia120/autoware.ai/install/vector_map_server/share:/home/chinchia120/autoware.ai/install/vector_map/share:/home/chinchia120/autoware.ai/install/vector_map_msgs/share:/home/chinchia120/autoware.ai/install/autoware_msgs/share:/home/chinchia120/autoware.ai/install/autoware_build_flags/share:${ROS_PACKAGE_PATH} /usr/bin/cmake --build /home/chinchia120/autoware.ai/build/op_simu -- -j4 -l4
[6.362s] [35m[1mScanning dependencies of target Simu[0m
[6.435s] [ 11%] [32mBuilding CXX object CMakeFiles/Simu.dir/src/SimpleTracker.cpp.o[0m
[15.099s] [ 22%] [32mBuilding CXX object CMakeFiles/Simu.dir/src/TrajectoryFollower.cpp.o[0m
[19.746s] [ 33%] [32mBuilding CXX object CMakeFiles/Simu.dir/main.cpp.o[0m
[20.288s] [ 44%] [32mBuilding CXX object CMakeFiles/Simu.dir/src/SimulatedTrajectoryFollower.cpp.o[0m
[23.082s] [ 55%] [32m[1mLinking CXX executable devel/lib/op_simu/Simu[0m
[23.332s] [ 55%] Built target Simu
[23.353s] [35m[1mScanning dependencies of target op_simu[0m
[23.397s] [ 66%] [32mBuilding CXX object CMakeFiles/op_simu.dir/src/SimpleTracker.cpp.o[0m
[29.537s] [ 77%] [32mBuilding CXX object CMakeFiles/op_simu.dir/src/TrajectoryFollower.cpp.o[0m
[32.821s] [ 88%] [32mBuilding CXX object CMakeFiles/op_simu.dir/src/SimulatedTrajectoryFollower.cpp.o[0m
[35.196s] [100%] [32m[1mLinking CXX shared library devel/lib/libop_simu.so[0m
[35.442s] [100%] Built target op_simu
[35.474s] Invoked command in '/home/chinchia120/autoware.ai/build/op_simu' returned '0': CMAKE_PREFIX_PATH=/home/chinchia120/autoware.ai/install/op_planner:/home/chinchia120/autoware.ai/install/op_utility:/home/chinchia120/autoware.ai/install/vector_map_server:/home/chinchia120/autoware.ai/install/vector_map:/home/chinchia120/autoware.ai/install/vector_map_msgs:/home/chinchia120/autoware.ai/install/autoware_msgs:/home/chinchia120/autoware.ai/install/autoware_build_flags:${CMAKE_PREFIX_PATH} LD_LIBRARY_PATH=/home/chinchia120/autoware.ai/install/op_planner/lib:/home/chinchia120/autoware.ai/install/op_utility/lib:/home/chinchia120/autoware.ai/install/vector_map/lib:${LD_LIBRARY_PATH} PKG_CONFIG_PATH=/home/chinchia120/autoware.ai/install/op_planner/lib/x86_64-linux-gnu/pkgconfig:/home/chinchia120/autoware.ai/install/op_planner/lib/pkgconfig:/home/chinchia120/autoware.ai/install/op_utility/lib/x86_64-linux-gnu/pkgconfig:/home/chinchia120/autoware.ai/install/op_utility/lib/pkgconfig:/home/chinchia120/autoware.ai/install/vector_map_server/lib/x86_64-linux-gnu/pkgconfig:/home/chinchia120/autoware.ai/install/vector_map_server/lib/pkgconfig:/home/chinchia120/autoware.ai/install/vector_map/lib/x86_64-linux-gnu/pkgconfig:/home/chinchia120/autoware.ai/install/vector_map/lib/pkgconfig:/home/chinchia120/autoware.ai/install/vector_map_msgs/lib/x86_64-linux-gnu/pkgconfig:/home/chinchia120/autoware.ai/install/vector_map_msgs/lib/pkgconfig:/home/chinchia120/autoware.ai/install/autoware_msgs/lib/x86_64-linux-gnu/pkgconfig:/home/chinchia120/autoware.ai/install/autoware_msgs/lib/pkgconfig:/home/chinchia120/autoware.ai/install/autoware_build_flags/lib/x86_64-linux-gnu/pkgconfig:/home/chinchia120/autoware.ai/install/autoware_build_flags/lib/pkgconfig:${PKG_CONFIG_PATH} PYTHONPATH=/home/chinchia120/autoware.ai/install/vector_map_server/lib/python2.7/dist-packages:/home/chinchia120/autoware.ai/install/vector_map_msgs/lib/python2.7/dist-packages:/home/chinchia120/autoware.ai/install/autoware_msgs/lib/python2.7/dist-packages:${PYTHONPATH} ROS_PACKAGE_PATH=/home/chinchia120/autoware.ai/install/op_planner/share:/home/chinchia120/autoware.ai/install/op_utility/share:/home/chinchia120/autoware.ai/install/vector_map_server/share:/home/chinchia120/autoware.ai/install/vector_map/share:/home/chinchia120/autoware.ai/install/vector_map_msgs/share:/home/chinchia120/autoware.ai/install/autoware_msgs/share:/home/chinchia120/autoware.ai/install/autoware_build_flags/share:${ROS_PACKAGE_PATH} /usr/bin/cmake --build /home/chinchia120/autoware.ai/build/op_simu -- -j4 -l4
[35.784s] Invoking command in '/home/chinchia120/autoware.ai/build/op_simu': CMAKE_PREFIX_PATH=/home/chinchia120/autoware.ai/install/op_planner:/home/chinchia120/autoware.ai/install/op_utility:/home/chinchia120/autoware.ai/install/vector_map_server:/home/chinchia120/autoware.ai/install/vector_map:/home/chinchia120/autoware.ai/install/vector_map_msgs:/home/chinchia120/autoware.ai/install/autoware_msgs:/home/chinchia120/autoware.ai/install/autoware_build_flags:${CMAKE_PREFIX_PATH} LD_LIBRARY_PATH=/home/chinchia120/autoware.ai/install/op_planner/lib:/home/chinchia120/autoware.ai/install/op_utility/lib:/home/chinchia120/autoware.ai/install/vector_map/lib:${LD_LIBRARY_PATH} PKG_CONFIG_PATH=/home/chinchia120/autoware.ai/install/op_planner/lib/x86_64-linux-gnu/pkgconfig:/home/chinchia120/autoware.ai/install/op_planner/lib/pkgconfig:/home/chinchia120/autoware.ai/install/op_utility/lib/x86_64-linux-gnu/pkgconfig:/home/chinchia120/autoware.ai/install/op_utility/lib/pkgconfig:/home/chinchia120/autoware.ai/install/vector_map_server/lib/x86_64-linux-gnu/pkgconfig:/home/chinchia120/autoware.ai/install/vector_map_server/lib/pkgconfig:/home/chinchia120/autoware.ai/install/vector_map/lib/x86_64-linux-gnu/pkgconfig:/home/chinchia120/autoware.ai/install/vector_map/lib/pkgconfig:/home/chinchia120/autoware.ai/install/vector_map_msgs/lib/x86_64-linux-gnu/pkgconfig:/home/chinchia120/autoware.ai/install/vector_map_msgs/lib/pkgconfig:/home/chinchia120/autoware.ai/install/autoware_msgs/lib/x86_64-linux-gnu/pkgconfig:/home/chinchia120/autoware.ai/install/autoware_msgs/lib/pkgconfig:/home/chinchia120/autoware.ai/install/autoware_build_flags/lib/x86_64-linux-gnu/pkgconfig:/home/chinchia120/autoware.ai/install/autoware_build_flags/lib/pkgconfig:${PKG_CONFIG_PATH} PYTHONPATH=/home/chinchia120/autoware.ai/install/vector_map_server/lib/python2.7/dist-packages:/home/chinchia120/autoware.ai/install/vector_map_msgs/lib/python2.7/dist-packages:/home/chinchia120/autoware.ai/install/autoware_msgs/lib/python2.7/dist-packages:${PYTHONPATH} ROS_PACKAGE_PATH=/home/chinchia120/autoware.ai/install/op_planner/share:/home/chinchia120/autoware.ai/install/op_utility/share:/home/chinchia120/autoware.ai/install/vector_map_server/share:/home/chinchia120/autoware.ai/install/vector_map/share:/home/chinchia120/autoware.ai/install/vector_map_msgs/share:/home/chinchia120/autoware.ai/install/autoware_msgs/share:/home/chinchia120/autoware.ai/install/autoware_build_flags/share:${ROS_PACKAGE_PATH} /usr/bin/cmake --build /home/chinchia120/autoware.ai/build/op_simu --target tests -- -j4 -l4
[35.921s] [35m[1mScanning dependencies of target tests[0m
[35.949s] Built target tests
[35.985s] Invoked command in '/home/chinchia120/autoware.ai/build/op_simu' returned '0': CMAKE_PREFIX_PATH=/home/chinchia120/autoware.ai/install/op_planner:/home/chinchia120/autoware.ai/install/op_utility:/home/chinchia120/autoware.ai/install/vector_map_server:/home/chinchia120/autoware.ai/install/vector_map:/home/chinchia120/autoware.ai/install/vector_map_msgs:/home/chinchia120/autoware.ai/install/autoware_msgs:/home/chinchia120/autoware.ai/install/autoware_build_flags:${CMAKE_PREFIX_PATH} LD_LIBRARY_PATH=/home/chinchia120/autoware.ai/install/op_planner/lib:/home/chinchia120/autoware.ai/install/op_utility/lib:/home/chinchia120/autoware.ai/install/vector_map/lib:${LD_LIBRARY_PATH} PKG_CONFIG_PATH=/home/chinchia120/autoware.ai/install/op_planner/lib/x86_64-linux-gnu/pkgconfig:/home/chinchia120/autoware.ai/install/op_planner/lib/pkgconfig:/home/chinchia120/autoware.ai/install/op_utility/lib/x86_64-linux-gnu/pkgconfig:/home/chinchia120/autoware.ai/install/op_utility/lib/pkgconfig:/home/chinchia120/autoware.ai/install/vector_map_server/lib/x86_64-linux-gnu/pkgconfig:/home/chinchia120/autoware.ai/install/vector_map_server/lib/pkgconfig:/home/chinchia120/autoware.ai/install/vector_map/lib/x86_64-linux-gnu/pkgconfig:/home/chinchia120/autoware.ai/install/vector_map/lib/pkgconfig:/home/chinchia120/autoware.ai/install/vector_map_msgs/lib/x86_64-linux-gnu/pkgconfig:/home/chinchia120/autoware.ai/install/vector_map_msgs/lib/pkgconfig:/home/chinchia120/autoware.ai/install/autoware_msgs/lib/x86_64-linux-gnu/pkgconfig:/home/chinchia120/autoware.ai/install/autoware_msgs/lib/pkgconfig:/home/chinchia120/autoware.ai/install/autoware_build_flags/lib/x86_64-linux-gnu/pkgconfig:/home/chinchia120/autoware.ai/install/autoware_build_flags/lib/pkgconfig:${PKG_CONFIG_PATH} PYTHONPATH=/home/chinchia120/autoware.ai/install/vector_map_server/lib/python2.7/dist-packages:/home/chinchia120/autoware.ai/install/vector_map_msgs/lib/python2.7/dist-packages:/home/chinchia120/autoware.ai/install/autoware_msgs/lib/python2.7/dist-packages:${PYTHONPATH} ROS_PACKAGE_PATH=/home/chinchia120/autoware.ai/install/op_planner/share:/home/chinchia120/autoware.ai/install/op_utility/share:/home/chinchia120/autoware.ai/install/vector_map_server/share:/home/chinchia120/autoware.ai/install/vector_map/share:/home/chinchia120/autoware.ai/install/vector_map_msgs/share:/home/chinchia120/autoware.ai/install/autoware_msgs/share:/home/chinchia120/autoware.ai/install/autoware_build_flags/share:${ROS_PACKAGE_PATH} /usr/bin/cmake --build /home/chinchia120/autoware.ai/build/op_simu --target tests -- -j4 -l4
[36.273s] Invoking command in '/home/chinchia120/autoware.ai/build/op_simu': CMAKE_PREFIX_PATH=/home/chinchia120/autoware.ai/install/op_planner:/home/chinchia120/autoware.ai/install/op_utility:/home/chinchia120/autoware.ai/install/vector_map_server:/home/chinchia120/autoware.ai/install/vector_map:/home/chinchia120/autoware.ai/install/vector_map_msgs:/home/chinchia120/autoware.ai/install/autoware_msgs:/home/chinchia120/autoware.ai/install/autoware_build_flags:${CMAKE_PREFIX_PATH} LD_LIBRARY_PATH=/home/chinchia120/autoware.ai/install/op_planner/lib:/home/chinchia120/autoware.ai/install/op_utility/lib:/home/chinchia120/autoware.ai/install/vector_map/lib:${LD_LIBRARY_PATH} PKG_CONFIG_PATH=/home/chinchia120/autoware.ai/install/op_planner/lib/x86_64-linux-gnu/pkgconfig:/home/chinchia120/autoware.ai/install/op_planner/lib/pkgconfig:/home/chinchia120/autoware.ai/install/op_utility/lib/x86_64-linux-gnu/pkgconfig:/home/chinchia120/autoware.ai/install/op_utility/lib/pkgconfig:/home/chinchia120/autoware.ai/install/vector_map_server/lib/x86_64-linux-gnu/pkgconfig:/home/chinchia120/autoware.ai/install/vector_map_server/lib/pkgconfig:/home/chinchia120/autoware.ai/install/vector_map/lib/x86_64-linux-gnu/pkgconfig:/home/chinchia120/autoware.ai/install/vector_map/lib/pkgconfig:/home/chinchia120/autoware.ai/install/vector_map_msgs/lib/x86_64-linux-gnu/pkgconfig:/home/chinchia120/autoware.ai/install/vector_map_msgs/lib/pkgconfig:/home/chinchia120/autoware.ai/install/autoware_msgs/lib/x86_64-linux-gnu/pkgconfig:/home/chinchia120/autoware.ai/install/autoware_msgs/lib/pkgconfig:/home/chinchia120/autoware.ai/install/autoware_build_flags/lib/x86_64-linux-gnu/pkgconfig:/home/chinchia120/autoware.ai/install/autoware_build_flags/lib/pkgconfig:${PKG_CONFIG_PATH} PYTHONPATH=/home/chinchia120/autoware.ai/install/vector_map_server/lib/python2.7/dist-packages:/home/chinchia120/autoware.ai/install/vector_map_msgs/lib/python2.7/dist-packages:/home/chinchia120/autoware.ai/install/autoware_msgs/lib/python2.7/dist-packages:${PYTHONPATH} ROS_PACKAGE_PATH=/home/chinchia120/autoware.ai/install/op_planner/share:/home/chinchia120/autoware.ai/install/op_utility/share:/home/chinchia120/autoware.ai/install/vector_map_server/share:/home/chinchia120/autoware.ai/install/vector_map/share:/home/chinchia120/autoware.ai/install/vector_map_msgs/share:/home/chinchia120/autoware.ai/install/autoware_msgs/share:/home/chinchia120/autoware.ai/install/autoware_build_flags/share:${ROS_PACKAGE_PATH} /usr/bin/cmake --build /home/chinchia120/autoware.ai/build/op_simu --target install -- -j4 -l4
[36.429s] [ 55%] Built target Simu
[36.519s] [100%] Built target op_simu
[36.600s] [36mInstall the project...[0m
[36.619s] -- Install configuration: "Release"
[36.620s] -- Installing: /home/chinchia120/autoware.ai/install/op_simu/lib/pkgconfig/op_simu.pc
[36.620s] -- Installing: /home/chinchia120/autoware.ai/install/op_simu/share/op_simu/cmake/op_simuConfig.cmake
[36.622s] -- Installing: /home/chinchia120/autoware.ai/install/op_simu/share/op_simu/cmake/op_simuConfig-version.cmake
[36.622s] -- Installing: /home/chinchia120/autoware.ai/install/op_simu/share/op_simu/package.xml
[36.623s] -- Installing: /home/chinchia120/autoware.ai/install/op_simu/include/op_simu
[36.623s] -- Installing: /home/chinchia120/autoware.ai/install/op_simu/include/op_simu/TrajectoryFollower.h
[36.623s] -- Installing: /home/chinchia120/autoware.ai/install/op_simu/include/op_simu/SimulatedTrajectoryFollower.h
[36.624s] -- Installing: /home/chinchia120/autoware.ai/install/op_simu/include/op_simu/SimpleTracker.h
[36.625s] -- Installing: /home/chinchia120/autoware.ai/install/op_simu/lib/libop_simu.so
[36.627s] -- Set runtime path of "/home/chinchia120/autoware.ai/install/op_simu/lib/libop_simu.so" to ""
[36.627s] -- Installing: /home/chinchia120/autoware.ai/install/op_simu/lib/op_simu/Simu
[36.629s] -- Set runtime path of "/home/chinchia120/autoware.ai/install/op_simu/lib/op_simu/Simu" to ""
[36.639s] Invoked command in '/home/chinchia120/autoware.ai/build/op_simu' returned '0': CMAKE_PREFIX_PATH=/home/chinchia120/autoware.ai/install/op_planner:/home/chinchia120/autoware.ai/install/op_utility:/home/chinchia120/autoware.ai/install/vector_map_server:/home/chinchia120/autoware.ai/install/vector_map:/home/chinchia120/autoware.ai/install/vector_map_msgs:/home/chinchia120/autoware.ai/install/autoware_msgs:/home/chinchia120/autoware.ai/install/autoware_build_flags:${CMAKE_PREFIX_PATH} LD_LIBRARY_PATH=/home/chinchia120/autoware.ai/install/op_planner/lib:/home/chinchia120/autoware.ai/install/op_utility/lib:/home/chinchia120/autoware.ai/install/vector_map/lib:${LD_LIBRARY_PATH} PKG_CONFIG_PATH=/home/chinchia120/autoware.ai/install/op_planner/lib/x86_64-linux-gnu/pkgconfig:/home/chinchia120/autoware.ai/install/op_planner/lib/pkgconfig:/home/chinchia120/autoware.ai/install/op_utility/lib/x86_64-linux-gnu/pkgconfig:/home/chinchia120/autoware.ai/install/op_utility/lib/pkgconfig:/home/chinchia120/autoware.ai/install/vector_map_server/lib/x86_64-linux-gnu/pkgconfig:/home/chinchia120/autoware.ai/install/vector_map_server/lib/pkgconfig:/home/chinchia120/autoware.ai/install/vector_map/lib/x86_64-linux-gnu/pkgconfig:/home/chinchia120/autoware.ai/install/vector_map/lib/pkgconfig:/home/chinchia120/autoware.ai/install/vector_map_msgs/lib/x86_64-linux-gnu/pkgconfig:/home/chinchia120/autoware.ai/install/vector_map_msgs/lib/pkgconfig:/home/chinchia120/autoware.ai/install/autoware_msgs/lib/x86_64-linux-gnu/pkgconfig:/home/chinchia120/autoware.ai/install/autoware_msgs/lib/pkgconfig:/home/chinchia120/autoware.ai/install/autoware_build_flags/lib/x86_64-linux-gnu/pkgconfig:/home/chinchia120/autoware.ai/install/autoware_build_flags/lib/pkgconfig:${PKG_CONFIG_PATH} PYTHONPATH=/home/chinchia120/autoware.ai/install/vector_map_server/lib/python2.7/dist-packages:/home/chinchia120/autoware.ai/install/vector_map_msgs/lib/python2.7/dist-packages:/home/chinchia120/autoware.ai/install/autoware_msgs/lib/python2.7/dist-packages:${PYTHONPATH} ROS_PACKAGE_PATH=/home/chinchia120/autoware.ai/install/op_planner/share:/home/chinchia120/autoware.ai/install/op_utility/share:/home/chinchia120/autoware.ai/install/vector_map_server/share:/home/chinchia120/autoware.ai/install/vector_map/share:/home/chinchia120/autoware.ai/install/vector_map_msgs/share:/home/chinchia120/autoware.ai/install/autoware_msgs/share:/home/chinchia120/autoware.ai/install/autoware_build_flags/share:${ROS_PACKAGE_PATH} /usr/bin/cmake --build /home/chinchia120/autoware.ai/build/op_simu --target install -- -j4 -l4
