[0.100s] Invoking command in '/home/chinchia120/autoware.ai/build/tablet_socket': CMAKE_PREFIX_PATH=/home/chinchia120/autoware.ai/install/tablet_socket_msgs:/home/chinchia120/autoware.ai/install/gnss:/home/chinchia120/autoware.ai/install/autoware_msgs:/home/chinchia120/autoware.ai/install/autoware_can_msgs:/home/chinchia120/autoware.ai/install/autoware_build_flags:${CMAKE_PREFIX_PATH} LD_LIBRARY_PATH=/home/chinchia120/autoware.ai/install/gnss/lib:${LD_LIBRARY_PATH} PKG_CONFIG_PATH=/home/chinchia120/autoware.ai/install/tablet_socket_msgs/lib/x86_64-linux-gnu/pkgconfig:/home/chinchia120/autoware.ai/install/tablet_socket_msgs/lib/pkgconfig:/home/chinchia120/autoware.ai/install/gnss/lib/x86_64-linux-gnu/pkgconfig:/home/chinchia120/autoware.ai/install/gnss/lib/pkgconfig:/home/chinchia120/autoware.ai/install/autoware_msgs/lib/x86_64-linux-gnu/pkgconfig:/home/chinchia120/autoware.ai/install/autoware_msgs/lib/pkgconfig:/home/chinchia120/autoware.ai/install/autoware_can_msgs/lib/x86_64-linux-gnu/pkgconfig:/home/chinchia120/autoware.ai/install/autoware_can_msgs/lib/pkgconfig:/home/chinchia120/autoware.ai/install/autoware_build_flags/lib/x86_64-linux-gnu/pkgconfig:/home/chinchia120/autoware.ai/install/autoware_build_flags/lib/pkgconfig:${PKG_CONFIG_PATH} PYTHONPATH=/home/chinchia120/autoware.ai/install/tablet_socket_msgs/lib/python2.7/dist-packages:/home/chinchia120/autoware.ai/install/autoware_msgs/lib/python2.7/dist-packages:/home/chinchia120/autoware.ai/install/autoware_can_msgs/lib/python2.7/dist-packages:${PYTHONPATH} ROS_PACKAGE_PATH=/home/chinchia120/autoware.ai/install/tablet_socket_msgs/share:/home/chinchia120/autoware.ai/install/gnss/share:/home/chinchia120/autoware.ai/install/autoware_msgs/share:/home/chinchia120/autoware.ai/install/autoware_can_msgs/share:/home/chinchia120/autoware.ai/install/autoware_build_flags/share:${ROS_PACKAGE_PATH} /usr/bin/cmake /home/chinchia120/autoware.ai/src/autoware/utilities/tablet_socket -DCMAKE_BUILD_TYPE=Release -DCATKIN_INSTALL_INTO_PREFIX_ROOT=0 -DCMAKE_INSTALL_PREFIX=/home/chinchia120/autoware.ai/install/tablet_socket
[0.235s] -- The C compiler identification is GNU 7.5.0
[0.367s] -- The CXX compiler identification is GNU 7.5.0
[0.375s] -- Check for working C compiler: /usr/bin/cc
[0.522s] -- Check for working C compiler: /usr/bin/cc -- works
[0.523s] -- Detecting C compiler ABI info
[0.690s] -- Detecting C compiler ABI info - done
[0.714s] -- Detecting C compile features
[1.196s] -- Detecting C compile features - done
[1.201s] -- Check for working CXX compiler: /usr/bin/c++
[1.381s] -- Check for working CXX compiler: /usr/bin/c++ -- works
[1.382s] -- Detecting CXX compiler ABI info
[1.569s] -- Detecting CXX compiler ABI info - done
[1.591s] -- Detecting CXX compile features
[2.537s] -- Detecting CXX compile features - done
[2.546s] -- CUDA compilation status: 1.
[2.550s] -- Using CATKIN_DEVEL_PREFIX: /home/chinchia120/autoware.ai/build/tablet_socket/devel
[2.550s] -- Using CMAKE_PREFIX_PATH: /home/chinchia120/autoware.ai/install/tablet_socket_msgs;/home/chinchia120/autoware.ai/install/gnss;/home/chinchia120/autoware.ai/install/autoware_msgs;/home/chinchia120/autoware.ai/install/autoware_can_msgs;/home/chinchia120/autoware.ai/install/autoware_build_flags;/home/chinchia120/catkin_ws/devel;/opt/ros/melodic
[2.552s] -- This workspace overlays: /home/chinchia120/autoware.ai/install/tablet_socket_msgs;/home/chinchia120/autoware.ai/install/gnss;/home/chinchia120/autoware.ai/install/autoware_msgs;/home/chinchia120/autoware.ai/install/autoware_can_msgs;/home/chinchia120/autoware.ai/install/autoware_build_flags;/home/chinchia120/catkin_ws/devel;/opt/ros/melodic
[2.582s] -- Found PythonInterp: /usr/bin/python2 (found suitable version "2.7.17", minimum required is "2") 
[2.582s] -- Using PYTHON_EXECUTABLE: /usr/bin/python2
[2.582s] -- Using Debian Python package layout
[2.582s] -- Using empy: /usr/bin/empy
[2.854s] -- Using CATKIN_ENABLE_TESTING: ON
[2.854s] -- Call enable_testing()
[2.858s] -- Using CATKIN_TEST_RESULTS_DIR: /home/chinchia120/autoware.ai/build/tablet_socket/test_results
[2.899s] -- Found gtest sources under '/usr/src/googletest': gtests will be built
[2.900s] -- Found gmock sources under '/usr/src/googletest': gmock will be built
[2.932s] -- Found PythonInterp: /usr/bin/python2 (found version "2.7.17") 
[2.934s] -- Looking for pthread.h
[3.079s] -- Looking for pthread.h - found
[3.080s] -- Looking for pthread_create
[3.262s] -- Looking for pthread_create - not found
[3.262s] -- Looking for pthread_create in pthreads
[3.408s] -- Looking for pthread_create in pthreads - not found
[3.409s] -- Looking for pthread_create in pthread
[3.997s] -- Looking for pthread_create in pthread - found
[3.998s] -- Found Threads: TRUE  
[4.005s] -- Using Python nosetests: /usr/bin/nosetests-2.7
[4.077s] -- catkin 0.7.29
[4.077s] -- BUILD_SHARED_LIBS is on
[4.436s] -- Using these message generators: gencpp;geneus;genlisp;gennodejs;genpy
[5.157s] -- Configuring done
[5.296s] -- Generating done
[5.329s] -- Build files have been written to: /home/chinchia120/autoware.ai/build/tablet_socket
[5.336s] Invoked command in '/home/chinchia120/autoware.ai/build/tablet_socket' returned '0': CMAKE_PREFIX_PATH=/home/chinchia120/autoware.ai/install/tablet_socket_msgs:/home/chinchia120/autoware.ai/install/gnss:/home/chinchia120/autoware.ai/install/autoware_msgs:/home/chinchia120/autoware.ai/install/autoware_can_msgs:/home/chinchia120/autoware.ai/install/autoware_build_flags:${CMAKE_PREFIX_PATH} LD_LIBRARY_PATH=/home/chinchia120/autoware.ai/install/gnss/lib:${LD_LIBRARY_PATH} PKG_CONFIG_PATH=/home/chinchia120/autoware.ai/install/tablet_socket_msgs/lib/x86_64-linux-gnu/pkgconfig:/home/chinchia120/autoware.ai/install/tablet_socket_msgs/lib/pkgconfig:/home/chinchia120/autoware.ai/install/gnss/lib/x86_64-linux-gnu/pkgconfig:/home/chinchia120/autoware.ai/install/gnss/lib/pkgconfig:/home/chinchia120/autoware.ai/install/autoware_msgs/lib/x86_64-linux-gnu/pkgconfig:/home/chinchia120/autoware.ai/install/autoware_msgs/lib/pkgconfig:/home/chinchia120/autoware.ai/install/autoware_can_msgs/lib/x86_64-linux-gnu/pkgconfig:/home/chinchia120/autoware.ai/install/autoware_can_msgs/lib/pkgconfig:/home/chinchia120/autoware.ai/install/autoware_build_flags/lib/x86_64-linux-gnu/pkgconfig:/home/chinchia120/autoware.ai/install/autoware_build_flags/lib/pkgconfig:${PKG_CONFIG_PATH} PYTHONPATH=/home/chinchia120/autoware.ai/install/tablet_socket_msgs/lib/python2.7/dist-packages:/home/chinchia120/autoware.ai/install/autoware_msgs/lib/python2.7/dist-packages:/home/chinchia120/autoware.ai/install/autoware_can_msgs/lib/python2.7/dist-packages:${PYTHONPATH} ROS_PACKAGE_PATH=/home/chinchia120/autoware.ai/install/tablet_socket_msgs/share:/home/chinchia120/autoware.ai/install/gnss/share:/home/chinchia120/autoware.ai/install/autoware_msgs/share:/home/chinchia120/autoware.ai/install/autoware_can_msgs/share:/home/chinchia120/autoware.ai/install/autoware_build_flags/share:${ROS_PACKAGE_PATH} /usr/bin/cmake /home/chinchia120/autoware.ai/src/autoware/utilities/tablet_socket -DCMAKE_BUILD_TYPE=Release -DCATKIN_INSTALL_INTO_PREFIX_ROOT=0 -DCMAKE_INSTALL_PREFIX=/home/chinchia120/autoware.ai/install/tablet_socket
[5.342s] Invoking command in '/home/chinchia120/autoware.ai/build/tablet_socket': CMAKE_PREFIX_PATH=/home/chinchia120/autoware.ai/install/tablet_socket_msgs:/home/chinchia120/autoware.ai/install/gnss:/home/chinchia120/autoware.ai/install/autoware_msgs:/home/chinchia120/autoware.ai/install/autoware_can_msgs:/home/chinchia120/autoware.ai/install/autoware_build_flags:${CMAKE_PREFIX_PATH} LD_LIBRARY_PATH=/home/chinchia120/autoware.ai/install/gnss/lib:${LD_LIBRARY_PATH} PKG_CONFIG_PATH=/home/chinchia120/autoware.ai/install/tablet_socket_msgs/lib/x86_64-linux-gnu/pkgconfig:/home/chinchia120/autoware.ai/install/tablet_socket_msgs/lib/pkgconfig:/home/chinchia120/autoware.ai/install/gnss/lib/x86_64-linux-gnu/pkgconfig:/home/chinchia120/autoware.ai/install/gnss/lib/pkgconfig:/home/chinchia120/autoware.ai/install/autoware_msgs/lib/x86_64-linux-gnu/pkgconfig:/home/chinchia120/autoware.ai/install/autoware_msgs/lib/pkgconfig:/home/chinchia120/autoware.ai/install/autoware_can_msgs/lib/x86_64-linux-gnu/pkgconfig:/home/chinchia120/autoware.ai/install/autoware_can_msgs/lib/pkgconfig:/home/chinchia120/autoware.ai/install/autoware_build_flags/lib/x86_64-linux-gnu/pkgconfig:/home/chinchia120/autoware.ai/install/autoware_build_flags/lib/pkgconfig:${PKG_CONFIG_PATH} PYTHONPATH=/home/chinchia120/autoware.ai/install/tablet_socket_msgs/lib/python2.7/dist-packages:/home/chinchia120/autoware.ai/install/autoware_msgs/lib/python2.7/dist-packages:/home/chinchia120/autoware.ai/install/autoware_can_msgs/lib/python2.7/dist-packages:${PYTHONPATH} ROS_PACKAGE_PATH=/home/chinchia120/autoware.ai/install/tablet_socket_msgs/share:/home/chinchia120/autoware.ai/install/gnss/share:/home/chinchia120/autoware.ai/install/autoware_msgs/share:/home/chinchia120/autoware.ai/install/autoware_can_msgs/share:/home/chinchia120/autoware.ai/install/autoware_build_flags/share:${ROS_PACKAGE_PATH} /usr/bin/cmake --build /home/chinchia120/autoware.ai/build/tablet_socket -- -j4 -l4
[5.431s] [35m[1mScanning dependencies of target tf2_msgs_generate_messages_lisp[0m
[5.453s] [  0%] Built target tf2_msgs_generate_messages_lisp
[5.473s] [35m[1mScanning dependencies of target roscpp_generate_messages_cpp[0m
[5.500s] [  0%] Built target roscpp_generate_messages_cpp
[5.530s] [35m[1mScanning dependencies of target actionlib_generate_messages_cpp[0m
[5.562s] [  0%] Built target actionlib_generate_messages_cpp
[5.595s] [35m[1mScanning dependencies of target rosgraph_msgs_generate_messages_eus[0m
[5.618s] [  0%] Built target rosgraph_msgs_generate_messages_eus
[5.640s] [35m[1mScanning dependencies of target jsk_recognition_msgs_generate_messages_lisp[0m
[5.667s] [  0%] Built target jsk_recognition_msgs_generate_messages_lisp
[5.687s] [35m[1mScanning dependencies of target jsk_recognition_msgs_generate_messages_eus[0m
[5.713s] [  0%] Built target jsk_recognition_msgs_generate_messages_eus
[5.740s] [35m[1mScanning dependencies of target tf2_msgs_generate_messages_cpp[0m
[5.764s] [  0%] Built target tf2_msgs_generate_messages_cpp
[5.789s] [35m[1mScanning dependencies of target geometry_msgs_generate_messages_lisp[0m
[5.824s] [  0%] Built target geometry_msgs_generate_messages_lisp
[5.852s] [35m[1mScanning dependencies of target geometry_msgs_generate_messages_eus[0m
[5.874s] [  0%] Built target geometry_msgs_generate_messages_eus
[5.903s] [35m[1mScanning dependencies of target autoware_msgs_generate_messages_lisp[0m
[5.931s] [  0%] Built target autoware_msgs_generate_messages_lisp
[5.965s] [35m[1mScanning dependencies of target pcl_msgs_generate_messages_cpp[0m
[5.997s] [  0%] Built target pcl_msgs_generate_messages_cpp
[6.024s] [35m[1mScanning dependencies of target sensor_msgs_generate_messages_lisp[0m
[6.046s] [  0%] Built target sensor_msgs_generate_messages_lisp
[6.068s] [35m[1mScanning dependencies of target jsk_recognition_msgs_generate_messages_cpp[0m
[6.092s] [  0%] Built target jsk_recognition_msgs_generate_messages_cpp
[6.116s] [35m[1mScanning dependencies of target autoware_msgs_generate_messages_eus[0m
[6.140s] [  0%] Built target autoware_msgs_generate_messages_eus
[6.170s] [35m[1mScanning dependencies of target autoware_can_msgs_generate_messages_cpp[0m
[6.211s] [  0%] Built target autoware_can_msgs_generate_messages_cpp
[6.236s] [35m[1mScanning dependencies of target autoware_can_msgs_generate_messages_lisp[0m
[6.268s] [  0%] Built target autoware_can_msgs_generate_messages_lisp
[6.294s] [35m[1mScanning dependencies of target autoware_can_msgs_generate_messages_nodejs[0m
[6.317s] [  0%] Built target autoware_can_msgs_generate_messages_nodejs
[6.339s] [35m[1mScanning dependencies of target jsk_recognition_msgs_generate_messages_py[0m
[6.370s] [  0%] Built target jsk_recognition_msgs_generate_messages_py
[6.391s] [35m[1mScanning dependencies of target sensor_msgs_generate_messages_py[0m
[6.414s] [  0%] Built target sensor_msgs_generate_messages_py
[6.435s] [35m[1mScanning dependencies of target autoware_msgs_generate_messages_py[0m
[6.460s] [  0%] Built target autoware_msgs_generate_messages_py
[6.482s] [35m[1mScanning dependencies of target std_msgs_generate_messages_py[0m
[6.517s] [  0%] Built target std_msgs_generate_messages_py
[6.545s] [35m[1mScanning dependencies of target actionlib_msgs_generate_messages_nodejs[0m
[6.570s] [  0%] Built target actionlib_msgs_generate_messages_nodejs
[6.591s] [35m[1mScanning dependencies of target std_msgs_generate_messages_cpp[0m
[6.630s] [  0%] Built target std_msgs_generate_messages_cpp
[6.654s] [35m[1mScanning dependencies of target autoware_msgs_generate_messages_nodejs[0m
[6.677s] [  0%] Built target autoware_msgs_generate_messages_nodejs
[6.711s] [35m[1mScanning dependencies of target std_msgs_generate_messages_eus[0m
[6.738s] [  0%] Built target std_msgs_generate_messages_eus
[6.765s] [35m[1mScanning dependencies of target geometry_msgs_generate_messages_nodejs[0m
[6.792s] [  0%] Built target geometry_msgs_generate_messages_nodejs
[6.822s] [35m[1mScanning dependencies of target geometry_msgs_generate_messages_py[0m
[6.856s] [  0%] Built target geometry_msgs_generate_messages_py
[6.882s] [35m[1mScanning dependencies of target autoware_can_msgs_generate_messages_py[0m
[6.904s] [  0%] Built target autoware_can_msgs_generate_messages_py
[6.936s] [35m[1mScanning dependencies of target tablet_socket_msgs_generate_messages_cpp[0m
[6.968s] [  0%] Built target tablet_socket_msgs_generate_messages_cpp
[6.997s] [35m[1mScanning dependencies of target sensor_msgs_generate_messages_eus[0m
[7.035s] [  0%] Built target sensor_msgs_generate_messages_eus
[7.065s] [35m[1mScanning dependencies of target sensor_msgs_generate_messages_cpp[0m
[7.088s] [  0%] Built target sensor_msgs_generate_messages_cpp
[7.123s] [35m[1mScanning dependencies of target roscpp_generate_messages_nodejs[0m
[7.149s] [  0%] Built target roscpp_generate_messages_nodejs
[7.193s] [35m[1mScanning dependencies of target std_msgs_generate_messages_lisp[0m
[7.229s] [  0%] Built target std_msgs_generate_messages_lisp
[7.259s] [35m[1mScanning dependencies of target std_msgs_generate_messages_nodejs[0m
[7.306s] [  0%] Built target std_msgs_generate_messages_nodejs
[7.336s] [35m[1mScanning dependencies of target autoware_msgs_generate_messages_cpp[0m
[7.365s] [  0%] Built target autoware_msgs_generate_messages_cpp
[7.392s] [35m[1mScanning dependencies of target rosgraph_msgs_generate_messages_cpp[0m
[7.424s] [  0%] Built target rosgraph_msgs_generate_messages_cpp
[7.454s] [35m[1mScanning dependencies of target pcl_msgs_generate_messages_eus[0m
[7.497s] [  0%] Built target pcl_msgs_generate_messages_eus
[7.535s] [35m[1mScanning dependencies of target pcl_msgs_generate_messages_nodejs[0m
[7.560s] [  0%] Built target pcl_msgs_generate_messages_nodejs
[7.588s] [35m[1mScanning dependencies of target jsk_footstep_msgs_generate_messages_eus[0m
[7.612s] [  0%] Built target jsk_footstep_msgs_generate_messages_eus
[7.649s] [35m[1mScanning dependencies of target actionlib_msgs_generate_messages_py[0m
[7.671s] [  0%] Built target actionlib_msgs_generate_messages_py
[7.702s] [35m[1mScanning dependencies of target jsk_footstep_msgs_generate_messages_lisp[0m
[7.729s] [  0%] Built target jsk_footstep_msgs_generate_messages_lisp
[7.761s] [35m[1mScanning dependencies of target jsk_footstep_msgs_generate_messages_nodejs[0m
[7.784s] [  0%] Built target jsk_footstep_msgs_generate_messages_nodejs
[7.820s] [35m[1mScanning dependencies of target actionlib_msgs_generate_messages_lisp[0m
[7.848s] [  0%] Built target actionlib_msgs_generate_messages_lisp
[7.876s] [35m[1mScanning dependencies of target jsk_recognition_msgs_generate_messages_nodejs[0m
[7.911s] [  0%] Built target jsk_recognition_msgs_generate_messages_nodejs
[7.936s] [35m[1mScanning dependencies of target roscpp_generate_messages_lisp[0m
[7.972s] [  0%] Built target roscpp_generate_messages_lisp
[8.001s] [35m[1mScanning dependencies of target roscpp_generate_messages_py[0m
[8.035s] [  0%] Built target roscpp_generate_messages_py
[8.065s] [35m[1mScanning dependencies of target rosgraph_msgs_generate_messages_lisp[0m
[8.098s] [  0%] Built target rosgraph_msgs_generate_messages_lisp
[8.128s] [35m[1mScanning dependencies of target rosgraph_msgs_generate_messages_nodejs[0m
[8.165s] [  0%] Built target rosgraph_msgs_generate_messages_nodejs
[8.192s] [35m[1mScanning dependencies of target roscpp_generate_messages_eus[0m
[8.214s] [  0%] Built target roscpp_generate_messages_eus
[8.252s] [35m[1mScanning dependencies of target actionlib_msgs_generate_messages_eus[0m
[8.278s] [  0%] Built target actionlib_msgs_generate_messages_eus
[8.302s] [35m[1mScanning dependencies of target autoware_can_msgs_generate_messages_eus[0m
[8.332s] [  0%] Built target autoware_can_msgs_generate_messages_eus
[8.370s] [35m[1mScanning dependencies of target rosgraph_msgs_generate_messages_py[0m
[8.392s] [  0%] Built target rosgraph_msgs_generate_messages_py
[8.418s] [35m[1mScanning dependencies of target tablet_socket_msgs_generate_messages_lisp[0m
[8.444s] [  0%] Built target tablet_socket_msgs_generate_messages_lisp
[8.475s] [35m[1mScanning dependencies of target tf_generate_messages_py[0m
[8.506s] [  0%] Built target tf_generate_messages_py
[8.542s] [35m[1mScanning dependencies of target tablet_socket_msgs_generate_messages_nodejs[0m
[8.567s] [  0%] Built target tablet_socket_msgs_generate_messages_nodejs
[8.605s] [35m[1mScanning dependencies of target tf_generate_messages_nodejs[0m
[8.636s] [  0%] Built target tf_generate_messages_nodejs
[8.662s] [35m[1mScanning dependencies of target jsk_footstep_msgs_generate_messages_py[0m
[8.688s] [  0%] Built target jsk_footstep_msgs_generate_messages_py
[8.718s] [35m[1mScanning dependencies of target tablet_socket_msgs_generate_messages_py[0m
[8.746s] [  0%] Built target tablet_socket_msgs_generate_messages_py
[8.776s] [35m[1mScanning dependencies of target actionlib_generate_messages_nodejs[0m
[8.810s] [  0%] Built target actionlib_generate_messages_nodejs
[8.831s] [35m[1mScanning dependencies of target pcl_msgs_generate_messages_lisp[0m
[8.858s] [  0%] Built target pcl_msgs_generate_messages_lisp
[8.881s] [35m[1mScanning dependencies of target tf_generate_messages_cpp[0m
[8.905s] [  0%] Built target tf_generate_messages_cpp
[8.933s] [35m[1mScanning dependencies of target jsk_footstep_msgs_generate_messages_cpp[0m
[8.959s] [  0%] Built target jsk_footstep_msgs_generate_messages_cpp
[8.981s] [35m[1mScanning dependencies of target actionlib_msgs_generate_messages_cpp[0m
[9.012s] [  0%] Built target actionlib_msgs_generate_messages_cpp
[9.039s] [35m[1mScanning dependencies of target tf_generate_messages_eus[0m
[9.078s] [  0%] Built target tf_generate_messages_eus
[9.099s] [35m[1mScanning dependencies of target tf_generate_messages_lisp[0m
[9.121s] [  0%] Built target tf_generate_messages_lisp
[9.144s] [35m[1mScanning dependencies of target pcl_msgs_generate_messages_py[0m
[9.174s] [  0%] Built target pcl_msgs_generate_messages_py
[9.202s] [35m[1mScanning dependencies of target actionlib_generate_messages_eus[0m
[9.232s] [  0%] Built target actionlib_generate_messages_eus
[9.260s] [35m[1mScanning dependencies of target geometry_msgs_generate_messages_cpp[0m
[9.295s] [  0%] Built target geometry_msgs_generate_messages_cpp
[9.326s] [35m[1mScanning dependencies of target actionlib_generate_messages_lisp[0m
[9.357s] [  0%] Built target actionlib_generate_messages_lisp
[9.389s] [35m[1mScanning dependencies of target tf2_msgs_generate_messages_py[0m
[9.422s] [  0%] Built target tf2_msgs_generate_messages_py
[9.445s] [35m[1mScanning dependencies of target actionlib_generate_messages_py[0m
[9.468s] [  0%] Built target actionlib_generate_messages_py
[9.497s] [35m[1mScanning dependencies of target tablet_socket_msgs_generate_messages_eus[0m
[9.519s] [  0%] Built target tablet_socket_msgs_generate_messages_eus
[9.542s] [35m[1mScanning dependencies of target tf2_msgs_generate_messages_eus[0m
[9.567s] [  0%] Built target tf2_msgs_generate_messages_eus
[9.601s] [35m[1mScanning dependencies of target sensor_msgs_generate_messages_nodejs[0m
[9.623s] [  0%] Built target sensor_msgs_generate_messages_nodejs
[9.649s] [35m[1mScanning dependencies of target tf2_msgs_generate_messages_nodejs[0m
[9.675s] [  0%] Built target tf2_msgs_generate_messages_nodejs
[9.705s] [35m[1mScanning dependencies of target tablet_sender[0m
[9.756s] [ 25%] [32mBuilding CXX object CMakeFiles/tablet_sender.dir/nodes/tablet_sender/tablet_sender.cpp.o[0m
[14.594s] [ 50%] [32m[1mLinking CXX executable devel/lib/tablet_socket/tablet_sender[0m
[14.874s] [ 50%] Built target tablet_sender
[14.909s] [35m[1mScanning dependencies of target tablet_receiver[0m
[14.983s] [ 75%] [32mBuilding CXX object CMakeFiles/tablet_receiver.dir/nodes/tablet_receiver/tablet_receiver.cpp.o[0m
[20.951s] [100%] [32m[1mLinking CXX executable devel/lib/tablet_socket/tablet_receiver[0m
[21.262s] [100%] Built target tablet_receiver
[21.282s] Invoked command in '/home/chinchia120/autoware.ai/build/tablet_socket' returned '0': CMAKE_PREFIX_PATH=/home/chinchia120/autoware.ai/install/tablet_socket_msgs:/home/chinchia120/autoware.ai/install/gnss:/home/chinchia120/autoware.ai/install/autoware_msgs:/home/chinchia120/autoware.ai/install/autoware_can_msgs:/home/chinchia120/autoware.ai/install/autoware_build_flags:${CMAKE_PREFIX_PATH} LD_LIBRARY_PATH=/home/chinchia120/autoware.ai/install/gnss/lib:${LD_LIBRARY_PATH} PKG_CONFIG_PATH=/home/chinchia120/autoware.ai/install/tablet_socket_msgs/lib/x86_64-linux-gnu/pkgconfig:/home/chinchia120/autoware.ai/install/tablet_socket_msgs/lib/pkgconfig:/home/chinchia120/autoware.ai/install/gnss/lib/x86_64-linux-gnu/pkgconfig:/home/chinchia120/autoware.ai/install/gnss/lib/pkgconfig:/home/chinchia120/autoware.ai/install/autoware_msgs/lib/x86_64-linux-gnu/pkgconfig:/home/chinchia120/autoware.ai/install/autoware_msgs/lib/pkgconfig:/home/chinchia120/autoware.ai/install/autoware_can_msgs/lib/x86_64-linux-gnu/pkgconfig:/home/chinchia120/autoware.ai/install/autoware_can_msgs/lib/pkgconfig:/home/chinchia120/autoware.ai/install/autoware_build_flags/lib/x86_64-linux-gnu/pkgconfig:/home/chinchia120/autoware.ai/install/autoware_build_flags/lib/pkgconfig:${PKG_CONFIG_PATH} PYTHONPATH=/home/chinchia120/autoware.ai/install/tablet_socket_msgs/lib/python2.7/dist-packages:/home/chinchia120/autoware.ai/install/autoware_msgs/lib/python2.7/dist-packages:/home/chinchia120/autoware.ai/install/autoware_can_msgs/lib/python2.7/dist-packages:${PYTHONPATH} ROS_PACKAGE_PATH=/home/chinchia120/autoware.ai/install/tablet_socket_msgs/share:/home/chinchia120/autoware.ai/install/gnss/share:/home/chinchia120/autoware.ai/install/autoware_msgs/share:/home/chinchia120/autoware.ai/install/autoware_can_msgs/share:/home/chinchia120/autoware.ai/install/autoware_build_flags/share:${ROS_PACKAGE_PATH} /usr/bin/cmake --build /home/chinchia120/autoware.ai/build/tablet_socket -- -j4 -l4
[21.700s] Invoking command in '/home/chinchia120/autoware.ai/build/tablet_socket': CMAKE_PREFIX_PATH=/home/chinchia120/autoware.ai/install/tablet_socket_msgs:/home/chinchia120/autoware.ai/install/gnss:/home/chinchia120/autoware.ai/install/autoware_msgs:/home/chinchia120/autoware.ai/install/autoware_can_msgs:/home/chinchia120/autoware.ai/install/autoware_build_flags:${CMAKE_PREFIX_PATH} LD_LIBRARY_PATH=/home/chinchia120/autoware.ai/install/gnss/lib:${LD_LIBRARY_PATH} PKG_CONFIG_PATH=/home/chinchia120/autoware.ai/install/tablet_socket_msgs/lib/x86_64-linux-gnu/pkgconfig:/home/chinchia120/autoware.ai/install/tablet_socket_msgs/lib/pkgconfig:/home/chinchia120/autoware.ai/install/gnss/lib/x86_64-linux-gnu/pkgconfig:/home/chinchia120/autoware.ai/install/gnss/lib/pkgconfig:/home/chinchia120/autoware.ai/install/autoware_msgs/lib/x86_64-linux-gnu/pkgconfig:/home/chinchia120/autoware.ai/install/autoware_msgs/lib/pkgconfig:/home/chinchia120/autoware.ai/install/autoware_can_msgs/lib/x86_64-linux-gnu/pkgconfig:/home/chinchia120/autoware.ai/install/autoware_can_msgs/lib/pkgconfig:/home/chinchia120/autoware.ai/install/autoware_build_flags/lib/x86_64-linux-gnu/pkgconfig:/home/chinchia120/autoware.ai/install/autoware_build_flags/lib/pkgconfig:${PKG_CONFIG_PATH} PYTHONPATH=/home/chinchia120/autoware.ai/install/tablet_socket_msgs/lib/python2.7/dist-packages:/home/chinchia120/autoware.ai/install/autoware_msgs/lib/python2.7/dist-packages:/home/chinchia120/autoware.ai/install/autoware_can_msgs/lib/python2.7/dist-packages:${PYTHONPATH} ROS_PACKAGE_PATH=/home/chinchia120/autoware.ai/install/tablet_socket_msgs/share:/home/chinchia120/autoware.ai/install/gnss/share:/home/chinchia120/autoware.ai/install/autoware_msgs/share:/home/chinchia120/autoware.ai/install/autoware_can_msgs/share:/home/chinchia120/autoware.ai/install/autoware_build_flags/share:${ROS_PACKAGE_PATH} /usr/bin/cmake --build /home/chinchia120/autoware.ai/build/tablet_socket --target tests -- -j4 -l4
[21.916s] [35m[1mScanning dependencies of target tests[0m
[21.961s] Built target tests
[22.002s] Invoked command in '/home/chinchia120/autoware.ai/build/tablet_socket' returned '0': CMAKE_PREFIX_PATH=/home/chinchia120/autoware.ai/install/tablet_socket_msgs:/home/chinchia120/autoware.ai/install/gnss:/home/chinchia120/autoware.ai/install/autoware_msgs:/home/chinchia120/autoware.ai/install/autoware_can_msgs:/home/chinchia120/autoware.ai/install/autoware_build_flags:${CMAKE_PREFIX_PATH} LD_LIBRARY_PATH=/home/chinchia120/autoware.ai/install/gnss/lib:${LD_LIBRARY_PATH} PKG_CONFIG_PATH=/home/chinchia120/autoware.ai/install/tablet_socket_msgs/lib/x86_64-linux-gnu/pkgconfig:/home/chinchia120/autoware.ai/install/tablet_socket_msgs/lib/pkgconfig:/home/chinchia120/autoware.ai/install/gnss/lib/x86_64-linux-gnu/pkgconfig:/home/chinchia120/autoware.ai/install/gnss/lib/pkgconfig:/home/chinchia120/autoware.ai/install/autoware_msgs/lib/x86_64-linux-gnu/pkgconfig:/home/chinchia120/autoware.ai/install/autoware_msgs/lib/pkgconfig:/home/chinchia120/autoware.ai/install/autoware_can_msgs/lib/x86_64-linux-gnu/pkgconfig:/home/chinchia120/autoware.ai/install/autoware_can_msgs/lib/pkgconfig:/home/chinchia120/autoware.ai/install/autoware_build_flags/lib/x86_64-linux-gnu/pkgconfig:/home/chinchia120/autoware.ai/install/autoware_build_flags/lib/pkgconfig:${PKG_CONFIG_PATH} PYTHONPATH=/home/chinchia120/autoware.ai/install/tablet_socket_msgs/lib/python2.7/dist-packages:/home/chinchia120/autoware.ai/install/autoware_msgs/lib/python2.7/dist-packages:/home/chinchia120/autoware.ai/install/autoware_can_msgs/lib/python2.7/dist-packages:${PYTHONPATH} ROS_PACKAGE_PATH=/home/chinchia120/autoware.ai/install/tablet_socket_msgs/share:/home/chinchia120/autoware.ai/install/gnss/share:/home/chinchia120/autoware.ai/install/autoware_msgs/share:/home/chinchia120/autoware.ai/install/autoware_can_msgs/share:/home/chinchia120/autoware.ai/install/autoware_build_flags/share:${ROS_PACKAGE_PATH} /usr/bin/cmake --build /home/chinchia120/autoware.ai/build/tablet_socket --target tests -- -j4 -l4
[22.324s] Invoking command in '/home/chinchia120/autoware.ai/build/tablet_socket': CMAKE_PREFIX_PATH=/home/chinchia120/autoware.ai/install/tablet_socket_msgs:/home/chinchia120/autoware.ai/install/gnss:/home/chinchia120/autoware.ai/install/autoware_msgs:/home/chinchia120/autoware.ai/install/autoware_can_msgs:/home/chinchia120/autoware.ai/install/autoware_build_flags:${CMAKE_PREFIX_PATH} LD_LIBRARY_PATH=/home/chinchia120/autoware.ai/install/gnss/lib:${LD_LIBRARY_PATH} PKG_CONFIG_PATH=/home/chinchia120/autoware.ai/install/tablet_socket_msgs/lib/x86_64-linux-gnu/pkgconfig:/home/chinchia120/autoware.ai/install/tablet_socket_msgs/lib/pkgconfig:/home/chinchia120/autoware.ai/install/gnss/lib/x86_64-linux-gnu/pkgconfig:/home/chinchia120/autoware.ai/install/gnss/lib/pkgconfig:/home/chinchia120/autoware.ai/install/autoware_msgs/lib/x86_64-linux-gnu/pkgconfig:/home/chinchia120/autoware.ai/install/autoware_msgs/lib/pkgconfig:/home/chinchia120/autoware.ai/install/autoware_can_msgs/lib/x86_64-linux-gnu/pkgconfig:/home/chinchia120/autoware.ai/install/autoware_can_msgs/lib/pkgconfig:/home/chinchia120/autoware.ai/install/autoware_build_flags/lib/x86_64-linux-gnu/pkgconfig:/home/chinchia120/autoware.ai/install/autoware_build_flags/lib/pkgconfig:${PKG_CONFIG_PATH} PYTHONPATH=/home/chinchia120/autoware.ai/install/tablet_socket_msgs/lib/python2.7/dist-packages:/home/chinchia120/autoware.ai/install/autoware_msgs/lib/python2.7/dist-packages:/home/chinchia120/autoware.ai/install/autoware_can_msgs/lib/python2.7/dist-packages:${PYTHONPATH} ROS_PACKAGE_PATH=/home/chinchia120/autoware.ai/install/tablet_socket_msgs/share:/home/chinchia120/autoware.ai/install/gnss/share:/home/chinchia120/autoware.ai/install/autoware_msgs/share:/home/chinchia120/autoware.ai/install/autoware_can_msgs/share:/home/chinchia120/autoware.ai/install/autoware_build_flags/share:${ROS_PACKAGE_PATH} /usr/bin/cmake --build /home/chinchia120/autoware.ai/build/tablet_socket --target install -- -j4 -l4
[22.500s] [  0%] Built target tf2_msgs_generate_messages_lisp
[22.564s] [  0%] Built target roscpp_generate_messages_cpp
[22.638s] [  0%] Built target actionlib_generate_messages_cpp
[22.710s] [  0%] Built target rosgraph_msgs_generate_messages_eus
[22.760s] [  0%] Built target jsk_recognition_msgs_generate_messages_lisp
[22.820s] [  0%] Built target jsk_recognition_msgs_generate_messages_eus
[22.877s] [  0%] Built target tf2_msgs_generate_messages_cpp
[22.951s] [  0%] Built target geometry_msgs_generate_messages_lisp
[23.005s] [  0%] Built target geometry_msgs_generate_messages_eus
[23.076s] [  0%] Built target autoware_msgs_generate_messages_lisp
[23.134s] [  0%] Built target pcl_msgs_generate_messages_cpp
[23.186s] [  0%] Built target sensor_msgs_generate_messages_lisp
[23.233s] [  0%] Built target jsk_recognition_msgs_generate_messages_cpp
[23.293s] [  0%] Built target autoware_msgs_generate_messages_eus
[23.339s] [  0%] Built target autoware_can_msgs_generate_messages_cpp
[23.413s] [  0%] Built target autoware_can_msgs_generate_messages_lisp
[23.484s] [  0%] Built target autoware_can_msgs_generate_messages_nodejs
[23.544s] [  0%] Built target jsk_recognition_msgs_generate_messages_py
[23.611s] [  0%] Built target sensor_msgs_generate_messages_py
[23.692s] [  0%] Built target autoware_msgs_generate_messages_py
[23.737s] [  0%] Built target std_msgs_generate_messages_py
[23.791s] [  0%] Built target actionlib_msgs_generate_messages_nodejs
[23.848s] [  0%] Built target std_msgs_generate_messages_cpp
[23.906s] [  0%] Built target autoware_msgs_generate_messages_nodejs
[24.003s] [  0%] Built target std_msgs_generate_messages_eus
[24.061s] [  0%] Built target geometry_msgs_generate_messages_nodejs
[24.113s] [  0%] Built target geometry_msgs_generate_messages_py
[24.170s] [  0%] Built target autoware_can_msgs_generate_messages_py
[24.223s] [  0%] Built target tablet_socket_msgs_generate_messages_cpp
[24.302s] [  0%] Built target sensor_msgs_generate_messages_eus
[24.369s] [  0%] Built target sensor_msgs_generate_messages_cpp
[24.436s] [  0%] Built target roscpp_generate_messages_nodejs
[24.491s] [  0%] Built target std_msgs_generate_messages_lisp
[24.558s] [  0%] Built target std_msgs_generate_messages_nodejs
[24.621s] [  0%] Built target autoware_msgs_generate_messages_cpp
[24.677s] [  0%] Built target rosgraph_msgs_generate_messages_cpp
[24.747s] [  0%] Built target pcl_msgs_generate_messages_eus
[24.819s] [  0%] Built target pcl_msgs_generate_messages_nodejs
[24.862s] [  0%] Built target jsk_footstep_msgs_generate_messages_eus
[24.937s] [  0%] Built target actionlib_msgs_generate_messages_py
[24.990s] [  0%] Built target jsk_footstep_msgs_generate_messages_lisp
[25.046s] [  0%] Built target jsk_footstep_msgs_generate_messages_nodejs
[25.110s] [  0%] Built target actionlib_msgs_generate_messages_lisp
[25.812s] [  0%] Built target jsk_recognition_msgs_generate_messages_nodejs
[27.276s] [  0%] Built target roscpp_generate_messages_lisp
[27.333s] [  0%] Built target roscpp_generate_messages_py
[27.408s] [  0%] Built target rosgraph_msgs_generate_messages_lisp
[27.462s] [  0%] Built target rosgraph_msgs_generate_messages_nodejs
[27.513s] [  0%] Built target roscpp_generate_messages_eus
[27.581s] [  0%] Built target actionlib_msgs_generate_messages_eus
[27.632s] [  0%] Built target autoware_can_msgs_generate_messages_eus
[27.682s] [  0%] Built target rosgraph_msgs_generate_messages_py
[27.767s] [  0%] Built target tablet_socket_msgs_generate_messages_lisp
[27.849s] [  0%] Built target tf_generate_messages_py
[27.936s] [  0%] Built target tablet_socket_msgs_generate_messages_nodejs
[28.010s] [  0%] Built target tf_generate_messages_nodejs
[28.087s] [  0%] Built target jsk_footstep_msgs_generate_messages_py
[28.160s] [  0%] Built target tablet_socket_msgs_generate_messages_py
[28.216s] [  0%] Built target actionlib_generate_messages_nodejs
[28.287s] [  0%] Built target pcl_msgs_generate_messages_lisp
[28.353s] [  0%] Built target tf_generate_messages_cpp
[28.419s] [  0%] Built target jsk_footstep_msgs_generate_messages_cpp
[28.549s] [  0%] Built target actionlib_msgs_generate_messages_cpp
[28.636s] [  0%] Built target tf_generate_messages_eus
[28.695s] [  0%] Built target tf_generate_messages_lisp
[28.745s] [  0%] Built target pcl_msgs_generate_messages_py
[28.814s] [  0%] Built target actionlib_generate_messages_eus
[28.884s] [  0%] Built target geometry_msgs_generate_messages_cpp
[28.936s] [  0%] Built target actionlib_generate_messages_lisp
[28.994s] [  0%] Built target tf2_msgs_generate_messages_py
[29.072s] [  0%] Built target actionlib_generate_messages_py
[29.129s] [  0%] Built target tablet_socket_msgs_generate_messages_eus
[29.190s] [  0%] Built target tf2_msgs_generate_messages_eus
[29.237s] [  0%] Built target sensor_msgs_generate_messages_nodejs
[29.332s] [  0%] Built target tf2_msgs_generate_messages_nodejs
[29.408s] [ 50%] Built target tablet_sender
[29.763s] [100%] Built target tablet_receiver
[29.823s] [36mInstall the project...[0m
[29.843s] -- Install configuration: "Release"
[29.843s] -- Installing: /home/chinchia120/autoware.ai/install/tablet_socket/lib/pkgconfig/tablet_socket.pc
[30.325s] -- Installing: /home/chinchia120/autoware.ai/install/tablet_socket/share/tablet_socket/cmake/tablet_socketConfig.cmake
[30.325s] -- Installing: /home/chinchia120/autoware.ai/install/tablet_socket/share/tablet_socket/cmake/tablet_socketConfig-version.cmake
[30.326s] -- Installing: /home/chinchia120/autoware.ai/install/tablet_socket/share/tablet_socket/package.xml
[30.326s] -- Installing: /home/chinchia120/autoware.ai/install/tablet_socket/lib/tablet_socket/tablet_receiver
[30.327s] -- Set runtime path of "/home/chinchia120/autoware.ai/install/tablet_socket/lib/tablet_socket/tablet_receiver" to ""
[30.327s] -- Installing: /home/chinchia120/autoware.ai/install/tablet_socket/lib/tablet_socket/tablet_sender
[30.328s] -- Set runtime path of "/home/chinchia120/autoware.ai/install/tablet_socket/lib/tablet_socket/tablet_sender" to ""
[30.333s] Invoked command in '/home/chinchia120/autoware.ai/build/tablet_socket' returned '0': CMAKE_PREFIX_PATH=/home/chinchia120/autoware.ai/install/tablet_socket_msgs:/home/chinchia120/autoware.ai/install/gnss:/home/chinchia120/autoware.ai/install/autoware_msgs:/home/chinchia120/autoware.ai/install/autoware_can_msgs:/home/chinchia120/autoware.ai/install/autoware_build_flags:${CMAKE_PREFIX_PATH} LD_LIBRARY_PATH=/home/chinchia120/autoware.ai/install/gnss/lib:${LD_LIBRARY_PATH} PKG_CONFIG_PATH=/home/chinchia120/autoware.ai/install/tablet_socket_msgs/lib/x86_64-linux-gnu/pkgconfig:/home/chinchia120/autoware.ai/install/tablet_socket_msgs/lib/pkgconfig:/home/chinchia120/autoware.ai/install/gnss/lib/x86_64-linux-gnu/pkgconfig:/home/chinchia120/autoware.ai/install/gnss/lib/pkgconfig:/home/chinchia120/autoware.ai/install/autoware_msgs/lib/x86_64-linux-gnu/pkgconfig:/home/chinchia120/autoware.ai/install/autoware_msgs/lib/pkgconfig:/home/chinchia120/autoware.ai/install/autoware_can_msgs/lib/x86_64-linux-gnu/pkgconfig:/home/chinchia120/autoware.ai/install/autoware_can_msgs/lib/pkgconfig:/home/chinchia120/autoware.ai/install/autoware_build_flags/lib/x86_64-linux-gnu/pkgconfig:/home/chinchia120/autoware.ai/install/autoware_build_flags/lib/pkgconfig:${PKG_CONFIG_PATH} PYTHONPATH=/home/chinchia120/autoware.ai/install/tablet_socket_msgs/lib/python2.7/dist-packages:/home/chinchia120/autoware.ai/install/autoware_msgs/lib/python2.7/dist-packages:/home/chinchia120/autoware.ai/install/autoware_can_msgs/lib/python2.7/dist-packages:${PYTHONPATH} ROS_PACKAGE_PATH=/home/chinchia120/autoware.ai/install/tablet_socket_msgs/share:/home/chinchia120/autoware.ai/install/gnss/share:/home/chinchia120/autoware.ai/install/autoware_msgs/share:/home/chinchia120/autoware.ai/install/autoware_can_msgs/share:/home/chinchia120/autoware.ai/install/autoware_build_flags/share:${ROS_PACKAGE_PATH} /usr/bin/cmake --build /home/chinchia120/autoware.ai/build/tablet_socket --target install -- -j4 -l4
