[0.102s] Invoking command in '/home/chinchia120/autoware.ai/build/lidar_euclidean_cluster_detect': CMAKE_PREFIX_PATH=/home/chinchia120/autoware.ai/install/vector_map_server:/home/chinchia120/autoware.ai/install/vector_map:/home/chinchia120/autoware.ai/install/vector_map_msgs:/home/chinchia120/autoware.ai/install/autoware_msgs:/home/chinchia120/autoware.ai/install/autoware_build_flags:${CMAKE_PREFIX_PATH} LD_LIBRARY_PATH=/home/chinchia120/autoware.ai/install/vector_map/lib:${LD_LIBRARY_PATH} PKG_CONFIG_PATH=/home/chinchia120/autoware.ai/install/vector_map_server/lib/x86_64-linux-gnu/pkgconfig:/home/chinchia120/autoware.ai/install/vector_map_server/lib/pkgconfig:/home/chinchia120/autoware.ai/install/vector_map/lib/x86_64-linux-gnu/pkgconfig:/home/chinchia120/autoware.ai/install/vector_map/lib/pkgconfig:/home/chinchia120/autoware.ai/install/vector_map_msgs/lib/x86_64-linux-gnu/pkgconfig:/home/chinchia120/autoware.ai/install/vector_map_msgs/lib/pkgconfig:/home/chinchia120/autoware.ai/install/autoware_msgs/lib/x86_64-linux-gnu/pkgconfig:/home/chinchia120/autoware.ai/install/autoware_msgs/lib/pkgconfig:/home/chinchia120/autoware.ai/install/autoware_build_flags/lib/x86_64-linux-gnu/pkgconfig:/home/chinchia120/autoware.ai/install/autoware_build_flags/lib/pkgconfig:${PKG_CONFIG_PATH} PYTHONPATH=/home/chinchia120/autoware.ai/install/vector_map_server/lib/python2.7/dist-packages:/home/chinchia120/autoware.ai/install/vector_map_msgs/lib/python2.7/dist-packages:/home/chinchia120/autoware.ai/install/autoware_msgs/lib/python2.7/dist-packages:${PYTHONPATH} ROS_PACKAGE_PATH=/home/chinchia120/autoware.ai/install/vector_map_server/share:/home/chinchia120/autoware.ai/install/vector_map/share:/home/chinchia120/autoware.ai/install/vector_map_msgs/share:/home/chinchia120/autoware.ai/install/autoware_msgs/share:/home/chinchia120/autoware.ai/install/autoware_build_flags/share:${ROS_PACKAGE_PATH} /usr/bin/cmake /home/chinchia120/autoware.ai/src/autoware/core_perception/lidar_euclidean_cluster_detect -DCMAKE_BUILD_TYPE=Release -DCATKIN_INSTALL_INTO_PREFIX_ROOT=0 -DCMAKE_INSTALL_PREFIX=/home/chinchia120/autoware.ai/install/lidar_euclidean_cluster_detect
[0.261s] -- The C compiler identification is GNU 7.5.0
[0.393s] -- The CXX compiler identification is GNU 7.5.0
[0.402s] -- Check for working C compiler: /usr/bin/cc
[0.594s] -- Check for working C compiler: /usr/bin/cc -- works
[0.595s] -- Detecting C compiler ABI info
[0.771s] -- Detecting C compiler ABI info - done
[0.792s] -- Detecting C compile features
[1.325s] -- Detecting C compile features - done
[1.326s] -- Check for working CXX compiler: /usr/bin/c++
[1.514s] -- Check for working CXX compiler: /usr/bin/c++ -- works
[1.514s] -- Detecting CXX compiler ABI info
[1.727s] -- Detecting CXX compiler ABI info - done
[1.745s] -- Detecting CXX compile features
[2.607s] -- Detecting CXX compile features - done
[2.620s] -- CUDA compilation status: 1.
[2.625s] -- Using CATKIN_DEVEL_PREFIX: /home/chinchia120/autoware.ai/build/lidar_euclidean_cluster_detect/devel
[2.626s] -- Using CMAKE_PREFIX_PATH: /home/chinchia120/autoware.ai/install/vector_map_server;/home/chinchia120/autoware.ai/install/vector_map;/home/chinchia120/autoware.ai/install/vector_map_msgs;/home/chinchia120/autoware.ai/install/autoware_msgs;/home/chinchia120/autoware.ai/install/autoware_build_flags;/home/chinchia120/catkin_ws/devel;/opt/ros/melodic
[2.627s] -- This workspace overlays: /home/chinchia120/autoware.ai/install/vector_map_server;/home/chinchia120/autoware.ai/install/vector_map;/home/chinchia120/autoware.ai/install/vector_map_msgs;/home/chinchia120/autoware.ai/install/autoware_msgs;/home/chinchia120/autoware.ai/install/autoware_build_flags;/home/chinchia120/catkin_ws/devel;/opt/ros/melodic
[2.670s] -- Found PythonInterp: /usr/bin/python2 (found suitable version "2.7.17", minimum required is "2") 
[2.671s] -- Using PYTHON_EXECUTABLE: /usr/bin/python2
[2.671s] -- Using Debian Python package layout
[2.671s] -- Using empy: /usr/bin/empy
[2.950s] -- Using CATKIN_ENABLE_TESTING: ON
[2.950s] -- Call enable_testing()
[2.955s] -- Using CATKIN_TEST_RESULTS_DIR: /home/chinchia120/autoware.ai/build/lidar_euclidean_cluster_detect/test_results
[3.009s] -- Found gtest sources under '/usr/src/googletest': gtests will be built
[3.009s] -- Found gmock sources under '/usr/src/googletest': gmock will be built
[3.042s] -- Found PythonInterp: /usr/bin/python2 (found version "2.7.17") 
[3.042s] -- Looking for pthread.h
[3.228s] -- Looking for pthread.h - found
[3.231s] -- Looking for pthread_create
[3.386s] -- Looking for pthread_create - not found
[3.387s] -- Looking for pthread_create in pthreads
[3.539s] -- Looking for pthread_create in pthreads - not found
[3.539s] -- Looking for pthread_create in pthread
[3.696s] -- Looking for pthread_create in pthread - found
[3.698s] -- Found Threads: TRUE  
[3.706s] -- Using Python nosetests: /usr/bin/nosetests-2.7
[3.804s] -- catkin 0.7.29
[3.804s] -- BUILD_SHARED_LIBS is on
[4.208s] -- Using these message generators: gencpp;geneus;genlisp;gennodejs;genpy
[8.646s] -- Found OpenMP_C: -fopenmp (found version "4.5") 
[8.847s] -- Found OpenMP_CXX: -fopenmp (found version "4.5") 
[8.849s] -- Found OpenMP: TRUE (found version "4.5")  
[8.894s] -- Found OpenCV: /usr (found version "3.2.0") 
[9.212s] -- Found PkgConfig: /usr/bin/pkg-config (found version "0.29.1") 
[9.216s] -- Checking for module 'yaml-cpp'
[9.362s] --   Found yaml-cpp, version 0.5.2
[9.544s] -- Found CUDA: /usr/local/cuda-10.0 (found version "10.0") 
[9.578s] -- USING ACCELERATED CLUSTERING --
[9.578s] Version: 10.0
[9.579s] Library: /usr/lib/x86_64-linux-gnu/libcuda.so
[9.579s] Runtime: /usr/local/cuda-10.0/lib64/libcudart.so
[9.607s] -- Configuring done
[9.912s] -- Generating done
[9.956s] -- Build files have been written to: /home/chinchia120/autoware.ai/build/lidar_euclidean_cluster_detect
[9.972s] Invoked command in '/home/chinchia120/autoware.ai/build/lidar_euclidean_cluster_detect' returned '0': CMAKE_PREFIX_PATH=/home/chinchia120/autoware.ai/install/vector_map_server:/home/chinchia120/autoware.ai/install/vector_map:/home/chinchia120/autoware.ai/install/vector_map_msgs:/home/chinchia120/autoware.ai/install/autoware_msgs:/home/chinchia120/autoware.ai/install/autoware_build_flags:${CMAKE_PREFIX_PATH} LD_LIBRARY_PATH=/home/chinchia120/autoware.ai/install/vector_map/lib:${LD_LIBRARY_PATH} PKG_CONFIG_PATH=/home/chinchia120/autoware.ai/install/vector_map_server/lib/x86_64-linux-gnu/pkgconfig:/home/chinchia120/autoware.ai/install/vector_map_server/lib/pkgconfig:/home/chinchia120/autoware.ai/install/vector_map/lib/x86_64-linux-gnu/pkgconfig:/home/chinchia120/autoware.ai/install/vector_map/lib/pkgconfig:/home/chinchia120/autoware.ai/install/vector_map_msgs/lib/x86_64-linux-gnu/pkgconfig:/home/chinchia120/autoware.ai/install/vector_map_msgs/lib/pkgconfig:/home/chinchia120/autoware.ai/install/autoware_msgs/lib/x86_64-linux-gnu/pkgconfig:/home/chinchia120/autoware.ai/install/autoware_msgs/lib/pkgconfig:/home/chinchia120/autoware.ai/install/autoware_build_flags/lib/x86_64-linux-gnu/pkgconfig:/home/chinchia120/autoware.ai/install/autoware_build_flags/lib/pkgconfig:${PKG_CONFIG_PATH} PYTHONPATH=/home/chinchia120/autoware.ai/install/vector_map_server/lib/python2.7/dist-packages:/home/chinchia120/autoware.ai/install/vector_map_msgs/lib/python2.7/dist-packages:/home/chinchia120/autoware.ai/install/autoware_msgs/lib/python2.7/dist-packages:${PYTHONPATH} ROS_PACKAGE_PATH=/home/chinchia120/autoware.ai/install/vector_map_server/share:/home/chinchia120/autoware.ai/install/vector_map/share:/home/chinchia120/autoware.ai/install/vector_map_msgs/share:/home/chinchia120/autoware.ai/install/autoware_msgs/share:/home/chinchia120/autoware.ai/install/autoware_build_flags/share:${ROS_PACKAGE_PATH} /usr/bin/cmake /home/chinchia120/autoware.ai/src/autoware/core_perception/lidar_euclidean_cluster_detect -DCMAKE_BUILD_TYPE=Release -DCATKIN_INSTALL_INTO_PREFIX_ROOT=0 -DCMAKE_INSTALL_PREFIX=/home/chinchia120/autoware.ai/install/lidar_euclidean_cluster_detect
[9.975s] Invoking command in '/home/chinchia120/autoware.ai/build/lidar_euclidean_cluster_detect': CMAKE_PREFIX_PATH=/home/chinchia120/autoware.ai/install/vector_map_server:/home/chinchia120/autoware.ai/install/vector_map:/home/chinchia120/autoware.ai/install/vector_map_msgs:/home/chinchia120/autoware.ai/install/autoware_msgs:/home/chinchia120/autoware.ai/install/autoware_build_flags:${CMAKE_PREFIX_PATH} LD_LIBRARY_PATH=/home/chinchia120/autoware.ai/install/vector_map/lib:${LD_LIBRARY_PATH} PKG_CONFIG_PATH=/home/chinchia120/autoware.ai/install/vector_map_server/lib/x86_64-linux-gnu/pkgconfig:/home/chinchia120/autoware.ai/install/vector_map_server/lib/pkgconfig:/home/chinchia120/autoware.ai/install/vector_map/lib/x86_64-linux-gnu/pkgconfig:/home/chinchia120/autoware.ai/install/vector_map/lib/pkgconfig:/home/chinchia120/autoware.ai/install/vector_map_msgs/lib/x86_64-linux-gnu/pkgconfig:/home/chinchia120/autoware.ai/install/vector_map_msgs/lib/pkgconfig:/home/chinchia120/autoware.ai/install/autoware_msgs/lib/x86_64-linux-gnu/pkgconfig:/home/chinchia120/autoware.ai/install/autoware_msgs/lib/pkgconfig:/home/chinchia120/autoware.ai/install/autoware_build_flags/lib/x86_64-linux-gnu/pkgconfig:/home/chinchia120/autoware.ai/install/autoware_build_flags/lib/pkgconfig:${PKG_CONFIG_PATH} PYTHONPATH=/home/chinchia120/autoware.ai/install/vector_map_server/lib/python2.7/dist-packages:/home/chinchia120/autoware.ai/install/vector_map_msgs/lib/python2.7/dist-packages:/home/chinchia120/autoware.ai/install/autoware_msgs/lib/python2.7/dist-packages:${PYTHONPATH} ROS_PACKAGE_PATH=/home/chinchia120/autoware.ai/install/vector_map_server/share:/home/chinchia120/autoware.ai/install/vector_map/share:/home/chinchia120/autoware.ai/install/vector_map_msgs/share:/home/chinchia120/autoware.ai/install/autoware_msgs/share:/home/chinchia120/autoware.ai/install/autoware_build_flags/share:${ROS_PACKAGE_PATH} /usr/bin/cmake --build /home/chinchia120/autoware.ai/build/lidar_euclidean_cluster_detect -- -j4 -l4
[10.107s] [ 20%] [34m[1mBuilding NVCC (Device) object CMakeFiles/gpu_euclidean_clustering.dir/nodes/lidar_euclidean_cluster_detect/gpu_euclidean_clustering_generated_gpu_euclidean_clustering.cu.o[0m
[21.463s] [35m[1mScanning dependencies of target gpu_euclidean_clustering[0m
[21.492s] [ 40%] [32m[1mLinking CXX shared library devel/lib/libgpu_euclidean_clustering.so[0m
[21.702s] [ 40%] Built target gpu_euclidean_clustering
[21.732s] [35m[1mScanning dependencies of target vector_map_msgs_generate_messages_lisp[0m
[21.756s] [ 40%] Built target vector_map_msgs_generate_messages_lisp
[21.780s] [35m[1mScanning dependencies of target vector_map_msgs_generate_messages_eus[0m
[21.809s] [ 40%] Built target vector_map_msgs_generate_messages_eus
[21.835s] [35m[1mScanning dependencies of target vector_map_msgs_generate_messages_cpp[0m
[21.858s] [ 40%] Built target vector_map_msgs_generate_messages_cpp
[21.889s] [35m[1mScanning dependencies of target vector_map_server_generate_messages_nodejs[0m
[21.915s] [ 40%] Built target vector_map_server_generate_messages_nodejs
[21.941s] [35m[1mScanning dependencies of target map_msgs_generate_messages_lisp[0m
[21.969s] [ 40%] Built target map_msgs_generate_messages_lisp
[21.998s] [35m[1mScanning dependencies of target rviz_generate_messages_py[0m
[22.022s] [ 40%] Built target rviz_generate_messages_py
[22.051s] [35m[1mScanning dependencies of target rviz_generate_messages_cpp[0m
[22.077s] [ 40%] Built target rviz_generate_messages_cpp
[22.105s] [35m[1mScanning dependencies of target people_msgs_generate_messages_py[0m
[22.132s] [ 40%] Built target people_msgs_generate_messages_py
[22.160s] [35m[1mScanning dependencies of target people_msgs_generate_messages_lisp[0m
[22.195s] [ 40%] Built target people_msgs_generate_messages_lisp
[22.228s] [35m[1mScanning dependencies of target rviz_generate_messages_eus[0m
[22.261s] [ 40%] Built target rviz_generate_messages_eus
[22.294s] [35m[1mScanning dependencies of target people_msgs_generate_messages_eus[0m
[22.325s] [ 40%] Built target people_msgs_generate_messages_eus
[22.356s] [35m[1mScanning dependencies of target people_msgs_generate_messages_cpp[0m
[22.386s] [ 40%] Built target people_msgs_generate_messages_cpp
[22.418s] [35m[1mScanning dependencies of target vector_map_msgs_generate_messages_nodejs[0m
[22.454s] [ 40%] Built target vector_map_msgs_generate_messages_nodejs
[22.482s] [35m[1mScanning dependencies of target bond_generate_messages_py[0m
[22.509s] [ 40%] Built target bond_generate_messages_py
[22.551s] [35m[1mScanning dependencies of target bond_generate_messages_nodejs[0m
[22.575s] [ 40%] Built target bond_generate_messages_nodejs
[22.599s] [35m[1mScanning dependencies of target bond_generate_messages_lisp[0m
[22.636s] [ 40%] Built target bond_generate_messages_lisp
[22.661s] [35m[1mScanning dependencies of target bond_generate_messages_eus[0m
[22.689s] [ 40%] Built target bond_generate_messages_eus
[22.716s] [35m[1mScanning dependencies of target bond_generate_messages_cpp[0m
[22.748s] [ 40%] Built target bond_generate_messages_cpp
[22.775s] [35m[1mScanning dependencies of target nodelet_generate_messages_nodejs[0m
[22.801s] [ 40%] Built target nodelet_generate_messages_nodejs
[22.826s] [35m[1mScanning dependencies of target map_msgs_generate_messages_eus[0m
[22.851s] [ 40%] Built target map_msgs_generate_messages_eus
[22.880s] [35m[1mScanning dependencies of target nodelet_generate_messages_eus[0m
[22.917s] [ 40%] Built target nodelet_generate_messages_eus
[22.947s] [35m[1mScanning dependencies of target nodelet_generate_messages_cpp[0m
[22.971s] [ 40%] Built target nodelet_generate_messages_cpp
[22.993s] [35m[1mScanning dependencies of target dynamic_reconfigure_generate_messages_py[0m
[23.021s] [ 40%] Built target dynamic_reconfigure_generate_messages_py
[23.054s] [35m[1mScanning dependencies of target dynamic_reconfigure_generate_messages_nodejs[0m
[23.082s] [ 40%] Built target dynamic_reconfigure_generate_messages_nodejs
[23.107s] [35m[1mScanning dependencies of target people_msgs_generate_messages_nodejs[0m
[23.137s] [ 40%] Built target people_msgs_generate_messages_nodejs
[23.159s] [35m[1mScanning dependencies of target dynamic_reconfigure_generate_messages_lisp[0m
[23.184s] [ 40%] Built target dynamic_reconfigure_generate_messages_lisp
[23.216s] [35m[1mScanning dependencies of target dynamic_reconfigure_generate_messages_eus[0m
[23.244s] [ 40%] Built target dynamic_reconfigure_generate_messages_eus
[23.275s] [35m[1mScanning dependencies of target map_msgs_generate_messages_py[0m
[23.300s] [ 40%] Built target map_msgs_generate_messages_py
[23.327s] [35m[1mScanning dependencies of target pcl_ros_gencfg[0m
[23.351s] [ 40%] Built target pcl_ros_gencfg
[23.372s] [35m[1mScanning dependencies of target jsk_hark_msgs_generate_messages_py[0m
[23.398s] [ 40%] Built target jsk_hark_msgs_generate_messages_py
[23.426s] [35m[1mScanning dependencies of target rviz_generate_messages_nodejs[0m
[23.454s] [ 40%] Built target rviz_generate_messages_nodejs
[23.479s] [35m[1mScanning dependencies of target jsk_hark_msgs_generate_messages_nodejs[0m
[23.510s] [ 40%] Built target jsk_hark_msgs_generate_messages_nodejs
[23.547s] [35m[1mScanning dependencies of target jsk_hark_msgs_generate_messages_eus[0m
[23.581s] [ 40%] Built target jsk_hark_msgs_generate_messages_eus
[23.611s] [35m[1mScanning dependencies of target jsk_rviz_plugins_generate_messages_py[0m
[23.702s] [ 40%] Built target jsk_rviz_plugins_generate_messages_py
[23.781s] [35m[1mScanning dependencies of target jsk_rviz_plugins_generate_messages_nodejs[0m
[23.838s] [ 40%] Built target jsk_rviz_plugins_generate_messages_nodejs
[23.868s] [35m[1mScanning dependencies of target jsk_recognition_utils_gencfg[0m
[23.891s] [ 40%] Built target jsk_recognition_utils_gencfg
[23.921s] [35m[1mScanning dependencies of target jsk_rviz_plugins_generate_messages_lisp[0m
[23.951s] [ 40%] Built target jsk_rviz_plugins_generate_messages_lisp
[23.975s] [35m[1mScanning dependencies of target rviz_generate_messages_lisp[0m
[23.997s] [ 40%] Built target rviz_generate_messages_lisp
[24.020s] [35m[1mScanning dependencies of target jsk_rviz_plugins_gencfg[0m
[24.044s] [ 40%] Built target jsk_rviz_plugins_gencfg
[24.067s] [35m[1mScanning dependencies of target visualization_msgs_generate_messages_py[0m
[24.097s] [ 40%] Built target visualization_msgs_generate_messages_py
[24.128s] [35m[1mScanning dependencies of target visualization_msgs_generate_messages_nodejs[0m
[24.155s] [ 40%] Built target visualization_msgs_generate_messages_nodejs
[24.183s] [35m[1mScanning dependencies of target vector_map_server_generate_messages_cpp[0m
[24.205s] [ 40%] Built target vector_map_server_generate_messages_cpp
[24.233s] [35m[1mScanning dependencies of target visualization_msgs_generate_messages_eus[0m
[24.264s] [ 40%] Built target visualization_msgs_generate_messages_eus
[24.292s] [35m[1mScanning dependencies of target tf2_msgs_generate_messages_nodejs[0m
[24.314s] [ 40%] Built target tf2_msgs_generate_messages_nodejs
[24.345s] [35m[1mScanning dependencies of target tf2_msgs_generate_messages_cpp[0m
[24.377s] [ 40%] Built target tf2_msgs_generate_messages_cpp
[24.404s] [35m[1mScanning dependencies of target map_msgs_generate_messages_cpp[0m
[24.432s] [ 40%] Built target map_msgs_generate_messages_cpp
[24.464s] [35m[1mScanning dependencies of target tf2_msgs_generate_messages_py[0m
[24.494s] [ 40%] Built target tf2_msgs_generate_messages_py
[24.527s] [35m[1mScanning dependencies of target actionlib_generate_messages_py[0m
[24.553s] [ 40%] Built target actionlib_generate_messages_py
[24.575s] [35m[1mScanning dependencies of target actionlib_generate_messages_cpp[0m
[24.609s] [ 40%] Built target actionlib_generate_messages_cpp
[24.638s] [35m[1mScanning dependencies of target dynamic_reconfigure_generate_messages_cpp[0m
[24.668s] [ 40%] Built target dynamic_reconfigure_generate_messages_cpp
[24.695s] [35m[1mScanning dependencies of target tf_generate_messages_py[0m
[24.718s] [ 40%] Built target tf_generate_messages_py
[24.745s] [35m[1mScanning dependencies of target tf_generate_messages_nodejs[0m
[24.771s] [ 40%] Built target tf_generate_messages_nodejs
[24.800s] [35m[1mScanning dependencies of target tf_generate_messages_lisp[0m
[24.824s] [ 40%] Built target tf_generate_messages_lisp
[24.847s] [35m[1mScanning dependencies of target geometry_msgs_generate_messages_py[0m
[24.873s] [ 40%] Built target geometry_msgs_generate_messages_py
[24.902s] [35m[1mScanning dependencies of target sensor_msgs_generate_messages_nodejs[0m
[24.932s] [ 40%] Built target sensor_msgs_generate_messages_nodejs
[24.962s] [35m[1mScanning dependencies of target vector_map_server_generate_messages_eus[0m
[24.988s] [ 40%] Built target vector_map_server_generate_messages_eus
[25.008s] [35m[1mScanning dependencies of target roscpp_generate_messages_cpp[0m
[25.036s] [ 40%] Built target roscpp_generate_messages_cpp
[25.057s] [35m[1mScanning dependencies of target pcl_msgs_generate_messages_eus[0m
[25.089s] [ 40%] Built target pcl_msgs_generate_messages_eus
[25.120s] [35m[1mScanning dependencies of target rosgraph_msgs_generate_messages_eus[0m
[25.147s] [ 40%] Built target rosgraph_msgs_generate_messages_eus
[25.172s] [35m[1mScanning dependencies of target jsk_recognition_msgs_generate_messages_lisp[0m
[25.198s] [ 40%] Built target jsk_recognition_msgs_generate_messages_lisp
[25.224s] [35m[1mScanning dependencies of target jsk_recognition_msgs_generate_messages_eus[0m
[25.255s] [ 40%] Built target jsk_recognition_msgs_generate_messages_eus
[25.282s] [35m[1mScanning dependencies of target std_msgs_generate_messages_py[0m
[25.305s] [ 40%] Built target std_msgs_generate_messages_py
[25.327s] [35m[1mScanning dependencies of target nodelet_generate_messages_lisp[0m
[25.351s] [ 40%] Built target nodelet_generate_messages_lisp
[25.382s] [35m[1mScanning dependencies of target autoware_msgs_generate_messages_py[0m
[25.413s] [ 40%] Built target autoware_msgs_generate_messages_py
[25.437s] [35m[1mScanning dependencies of target jsk_hark_msgs_generate_messages_lisp[0m
[25.467s] [ 40%] Built target jsk_hark_msgs_generate_messages_lisp
[25.494s] [35m[1mScanning dependencies of target std_msgs_generate_messages_nodejs[0m
[25.533s] [ 40%] Built target std_msgs_generate_messages_nodejs
[25.556s] [35m[1mScanning dependencies of target sensor_msgs_generate_messages_eus[0m
[25.584s] [ 40%] Built target sensor_msgs_generate_messages_eus
[25.611s] [35m[1mScanning dependencies of target sensor_msgs_generate_messages_cpp[0m
[25.643s] [ 40%] Built target sensor_msgs_generate_messages_cpp
[25.677s] [35m[1mScanning dependencies of target autoware_msgs_generate_messages_cpp[0m
[25.708s] [ 40%] Built target autoware_msgs_generate_messages_cpp
[25.739s] [35m[1mScanning dependencies of target rosgraph_msgs_generate_messages_cpp[0m
[25.765s] [ 40%] Built target rosgraph_msgs_generate_messages_cpp
[25.790s] [35m[1mScanning dependencies of target topic_tools_generate_messages_cpp[0m
[25.812s] [ 40%] Built target topic_tools_generate_messages_cpp
[25.836s] [35m[1mScanning dependencies of target jsk_recognition_msgs_generate_messages_py[0m
[25.861s] [ 40%] Built target jsk_recognition_msgs_generate_messages_py
[25.886s] [35m[1mScanning dependencies of target nodelet_generate_messages_py[0m
[25.914s] [ 40%] Built target nodelet_generate_messages_py
[25.943s] [35m[1mScanning dependencies of target sensor_msgs_generate_messages_py[0m
[25.967s] [ 40%] Built target sensor_msgs_generate_messages_py
[25.999s] [35m[1mScanning dependencies of target std_msgs_generate_messages_cpp[0m
[26.025s] [ 40%] Built target std_msgs_generate_messages_cpp
[26.048s] [35m[1mScanning dependencies of target jsk_footstep_msgs_generate_messages_py[0m
[26.075s] [ 40%] Built target jsk_footstep_msgs_generate_messages_py
[26.099s] [35m[1mScanning dependencies of target nav_msgs_generate_messages_nodejs[0m
[26.131s] [ 40%] Built target nav_msgs_generate_messages_nodejs
[26.163s] [35m[1mScanning dependencies of target geometry_msgs_generate_messages_eus[0m
[26.190s] [ 40%] Built target geometry_msgs_generate_messages_eus
[26.223s] [35m[1mScanning dependencies of target jsk_rviz_plugins_generate_messages_cpp[0m
[26.253s] [ 40%] Built target jsk_rviz_plugins_generate_messages_cpp
[26.283s] [35m[1mScanning dependencies of target std_msgs_generate_messages_lisp[0m
[26.311s] [ 40%] Built target std_msgs_generate_messages_lisp
[26.339s] [35m[1mScanning dependencies of target roscpp_generate_messages_nodejs[0m
[26.363s] [ 40%] Built target roscpp_generate_messages_nodejs
[26.395s] [35m[1mScanning dependencies of target geometry_msgs_generate_messages_nodejs[0m
[26.426s] [ 40%] Built target geometry_msgs_generate_messages_nodejs
[26.452s] [35m[1mScanning dependencies of target jsk_rviz_plugins_generate_messages_eus[0m
[26.483s] [ 40%] Built target jsk_rviz_plugins_generate_messages_eus
[26.508s] [35m[1mScanning dependencies of target actionlib_generate_messages_eus[0m
[26.546s] [ 40%] Built target actionlib_generate_messages_eus
[26.572s] [35m[1mScanning dependencies of target pcl_msgs_generate_messages_py[0m
[26.596s] [ 40%] Built target pcl_msgs_generate_messages_py
[26.619s] [35m[1mScanning dependencies of target geometry_msgs_generate_messages_lisp[0m
[26.648s] [ 40%] Built target geometry_msgs_generate_messages_lisp
[26.671s] [35m[1mScanning dependencies of target actionlib_generate_messages_lisp[0m
[26.694s] [ 40%] Built target actionlib_generate_messages_lisp
[26.718s] [35m[1mScanning dependencies of target geometry_msgs_generate_messages_cpp[0m
[26.749s] [ 40%] Built target geometry_msgs_generate_messages_cpp
[26.772s] [35m[1mScanning dependencies of target pcl_msgs_generate_messages_cpp[0m
[26.804s] [ 40%] Built target pcl_msgs_generate_messages_cpp
[26.831s] [35m[1mScanning dependencies of target autoware_msgs_generate_messages_eus[0m
[26.864s] [ 40%] Built target autoware_msgs_generate_messages_eus
[26.893s] [35m[1mScanning dependencies of target autoware_msgs_generate_messages_lisp[0m
[26.943s] [ 40%] Built target autoware_msgs_generate_messages_lisp
[26.970s] [35m[1mScanning dependencies of target topic_tools_generate_messages_eus[0m
[26.998s] [ 40%] Built target topic_tools_generate_messages_eus
[27.023s] [35m[1mScanning dependencies of target visualization_msgs_generate_messages_lisp[0m
[27.054s] [ 40%] Built target visualization_msgs_generate_messages_lisp
[27.079s] [35m[1mScanning dependencies of target std_msgs_generate_messages_eus[0m
[27.112s] [ 40%] Built target std_msgs_generate_messages_eus
[27.148s] [35m[1mScanning dependencies of target autoware_msgs_generate_messages_nodejs[0m
[27.172s] [ 40%] Built target autoware_msgs_generate_messages_nodejs
[27.194s] [35m[1mScanning dependencies of target jsk_footstep_msgs_generate_messages_eus[0m
[27.218s] [ 40%] Built target jsk_footstep_msgs_generate_messages_eus
[27.245s] [35m[1mScanning dependencies of target actionlib_msgs_generate_messages_py[0m
[27.271s] [ 40%] Built target actionlib_msgs_generate_messages_py
[27.303s] [35m[1mScanning dependencies of target visualization_msgs_generate_messages_cpp[0m
[27.336s] [ 40%] Built target visualization_msgs_generate_messages_cpp
[27.361s] [35m[1mScanning dependencies of target tf2_msgs_generate_messages_eus[0m
[27.393s] [ 40%] Built target tf2_msgs_generate_messages_eus
[27.415s] [35m[1mScanning dependencies of target nav_msgs_generate_messages_eus[0m
[27.440s] [ 40%] Built target nav_msgs_generate_messages_eus
[27.472s] [35m[1mScanning dependencies of target vector_map_server_generate_messages_lisp[0m
[27.504s] [ 40%] Built target vector_map_server_generate_messages_lisp
[27.539s] [35m[1mScanning dependencies of target jsk_footstep_msgs_generate_messages_lisp[0m
[27.566s] [ 40%] Built target jsk_footstep_msgs_generate_messages_lisp
[27.590s] [35m[1mScanning dependencies of target jsk_footstep_msgs_generate_messages_nodejs[0m
[27.615s] [ 40%] Built target jsk_footstep_msgs_generate_messages_nodejs
[27.644s] [35m[1mScanning dependencies of target grid_map_msgs_generate_messages_nodejs[0m
[27.671s] [ 40%] Built target grid_map_msgs_generate_messages_nodejs
[27.695s] [35m[1mScanning dependencies of target std_srvs_generate_messages_cpp[0m
[27.721s] [ 40%] Built target std_srvs_generate_messages_cpp
[27.752s] [35m[1mScanning dependencies of target actionlib_msgs_generate_messages_lisp[0m
[27.778s] [ 40%] Built target actionlib_msgs_generate_messages_lisp
[27.802s] [35m[1mScanning dependencies of target grid_map_msgs_generate_messages_lisp[0m
[27.833s] [ 40%] Built target grid_map_msgs_generate_messages_lisp
[27.858s] [35m[1mScanning dependencies of target jsk_recognition_msgs_generate_messages_nodejs[0m
[27.882s] [ 40%] Built target jsk_recognition_msgs_generate_messages_nodejs
[27.912s] [35m[1mScanning dependencies of target std_srvs_generate_messages_eus[0m
[27.937s] [ 40%] Built target std_srvs_generate_messages_eus
[27.969s] [35m[1mScanning dependencies of target roscpp_generate_messages_lisp[0m
[28.005s] [ 40%] Built target roscpp_generate_messages_lisp
[28.033s] [35m[1mScanning dependencies of target grid_map_msgs_generate_messages_eus[0m
[28.065s] [ 40%] Built target grid_map_msgs_generate_messages_eus
[28.091s] [35m[1mScanning dependencies of target rosgraph_msgs_generate_messages_lisp[0m
[28.117s] [ 40%] Built target rosgraph_msgs_generate_messages_lisp
[28.142s] [35m[1mScanning dependencies of target rosgraph_msgs_generate_messages_nodejs[0m
[28.169s] [ 40%] Built target rosgraph_msgs_generate_messages_nodejs
[28.191s] [35m[1mScanning dependencies of target vector_map_server_generate_messages_py[0m
[28.213s] [ 40%] Built target vector_map_server_generate_messages_py
[28.242s] [35m[1mScanning dependencies of target roscpp_generate_messages_eus[0m
[28.268s] [ 40%] Built target roscpp_generate_messages_eus
[28.291s] [35m[1mScanning dependencies of target actionlib_msgs_generate_messages_eus[0m
[28.321s] [ 40%] Built target actionlib_msgs_generate_messages_eus
[28.352s] [35m[1mScanning dependencies of target rosgraph_msgs_generate_messages_py[0m
[28.381s] [ 40%] Built target rosgraph_msgs_generate_messages_py
[28.404s] [35m[1mScanning dependencies of target roscpp_generate_messages_py[0m
[28.435s] [ 40%] Built target roscpp_generate_messages_py
[28.467s] [35m[1mScanning dependencies of target grid_map_msgs_generate_messages_cpp[0m
[28.491s] [ 40%] Built target grid_map_msgs_generate_messages_cpp
[28.521s] [35m[1mScanning dependencies of target jsk_hark_msgs_generate_messages_cpp[0m
[28.554s] [ 40%] Built target jsk_hark_msgs_generate_messages_cpp
[28.585s] [35m[1mScanning dependencies of target grid_map_msgs_generate_messages_py[0m
[28.611s] [ 40%] Built target grid_map_msgs_generate_messages_py
[28.635s] [35m[1mScanning dependencies of target sensor_msgs_generate_messages_lisp[0m
[28.664s] [ 40%] Built target sensor_msgs_generate_messages_lisp
[28.699s] [35m[1mScanning dependencies of target nav_msgs_generate_messages_cpp[0m
[28.730s] [ 40%] Built target nav_msgs_generate_messages_cpp
[28.762s] [35m[1mScanning dependencies of target pcl_msgs_generate_messages_nodejs[0m
[28.786s] [ 40%] Built target pcl_msgs_generate_messages_nodejs
[28.817s] [35m[1mScanning dependencies of target nav_msgs_generate_messages_lisp[0m
[28.839s] [ 40%] Built target nav_msgs_generate_messages_lisp
[28.865s] [35m[1mScanning dependencies of target dynamic_reconfigure_gencfg[0m
[28.897s] [ 40%] Built target dynamic_reconfigure_gencfg
[28.928s] [35m[1mScanning dependencies of target tf2_msgs_generate_messages_lisp[0m
[28.967s] [ 40%] Built target tf2_msgs_generate_messages_lisp
[29.051s] [35m[1mScanning dependencies of target nav_msgs_generate_messages_py[0m
[29.083s] [ 40%] Built target nav_msgs_generate_messages_py
[29.110s] [35m[1mScanning dependencies of target _catkin_empty_exported_target[0m
[29.140s] [ 40%] Built target _catkin_empty_exported_target
[29.169s] [35m[1mScanning dependencies of target std_srvs_generate_messages_lisp[0m
[29.192s] [ 40%] Built target std_srvs_generate_messages_lisp
[29.213s] [35m[1mScanning dependencies of target jsk_recognition_msgs_generate_messages_cpp[0m
[29.236s] [ 40%] Built target jsk_recognition_msgs_generate_messages_cpp
[29.265s] [35m[1mScanning dependencies of target topic_tools_generate_messages_lisp[0m
[29.296s] [ 40%] Built target topic_tools_generate_messages_lisp
[29.320s] [35m[1mScanning dependencies of target std_srvs_generate_messages_nodejs[0m
[29.345s] [ 40%] Built target std_srvs_generate_messages_nodejs
[29.368s] [35m[1mScanning dependencies of target std_srvs_generate_messages_py[0m
[29.391s] [ 40%] Built target std_srvs_generate_messages_py
[29.422s] [35m[1mScanning dependencies of target topic_tools_generate_messages_nodejs[0m
[29.444s] [ 40%] Built target topic_tools_generate_messages_nodejs
[29.478s] [35m[1mScanning dependencies of target map_msgs_generate_messages_nodejs[0m
[29.505s] [ 40%] Built target map_msgs_generate_messages_nodejs
[29.532s] [35m[1mScanning dependencies of target nodelet_topic_tools_gencfg[0m
[29.556s] [ 40%] Built target nodelet_topic_tools_gencfg
[29.584s] [35m[1mScanning dependencies of target actionlib_msgs_generate_messages_nodejs[0m
[29.608s] [ 40%] Built target actionlib_msgs_generate_messages_nodejs
[29.630s] [35m[1mScanning dependencies of target topic_tools_generate_messages_py[0m
[29.652s] [ 40%] Built target topic_tools_generate_messages_py
[29.674s] [35m[1mScanning dependencies of target actionlib_generate_messages_nodejs[0m
[29.702s] [ 40%] Built target actionlib_generate_messages_nodejs
[29.733s] [35m[1mScanning dependencies of target pcl_msgs_generate_messages_lisp[0m
[29.764s] [ 40%] Built target pcl_msgs_generate_messages_lisp
[29.795s] [35m[1mScanning dependencies of target tf_generate_messages_cpp[0m
[29.820s] [ 40%] Built target tf_generate_messages_cpp
[29.847s] [35m[1mScanning dependencies of target jsk_footstep_msgs_generate_messages_cpp[0m
[29.874s] [ 40%] Built target jsk_footstep_msgs_generate_messages_cpp
[29.895s] [35m[1mScanning dependencies of target actionlib_msgs_generate_messages_cpp[0m
[29.924s] [ 40%] Built target actionlib_msgs_generate_messages_cpp
[29.947s] [35m[1mScanning dependencies of target vector_map_msgs_generate_messages_py[0m
[29.975s] [ 40%] Built target vector_map_msgs_generate_messages_py
[30.005s] [35m[1mScanning dependencies of target tf_generate_messages_eus[0m
[30.035s] [ 40%] Built target tf_generate_messages_eus
[30.060s] [35m[1mScanning dependencies of target lidar_euclidean_cluster_detect[0m
[30.414s] [ 60%] [32mBuilding CXX object CMakeFiles/lidar_euclidean_cluster_detect.dir/nodes/lidar_euclidean_cluster_detect/lidar_euclidean_cluster_detect.cpp.o[0m
[42.997s] [01m[K/home/chinchia120/autoware.ai/src/autoware/core_perception/lidar_euclidean_cluster_detect/nodes/lidar_euclidean_cluster_detect/lidar_euclidean_cluster_detect.cpp:[m[K In function ‘[01m[Kvoid segmentByDistance(pcl::PointCloud<pcl::PointXYZ>::Ptr, pcl::PointCloud<pcl::PointXYZRGB>::Ptr, autoware_msgs::Centroids&, autoware_msgs::CloudClusterArray&)[m[K’:
[42.998s] [01m[K/home/chinchia120/autoware.ai/src/autoware/core_perception/lidar_euclidean_cluster_detect/nodes/lidar_euclidean_cluster_detect/lidar_euclidean_cluster_detect.cpp:662:3:[m[K [01;35m[Kwarning: [m[Kthis ‘[01m[Kelse[m[K’ clause does not guard... [[01;35m[K-Wmisleading-indentation[m[K]
[42.998s]    [01;35m[Kelse[m[K
[42.998s]    [01;35m[K^~~~[m[K
[42.998s] [01m[K/home/chinchia120/autoware.ai/src/autoware/core_perception/lidar_euclidean_cluster_detect/nodes/lidar_euclidean_cluster_detect/lidar_euclidean_cluster_detect.cpp:666:5:[m[K [01;36m[Knote: [m[K...this statement, but the latter is misleadingly indented as if it were guarded by the ‘[01m[Kelse[m[K’
[42.999s]      [01;36m[Kfor[m[K (unsigned int i = 0; i < final_clusters.size(); i++)
[42.999s]      [01;36m[K^~~[m[K
[55.738s] In file included from [01m[K/home/chinchia120/autoware.ai/src/autoware/core_perception/lidar_euclidean_cluster_detect/nodes/lidar_euclidean_cluster_detect/lidar_euclidean_cluster_detect.cpp:31:0[m[K:
[55.739s] [01m[K/usr/include/pcl-1.8/pcl/sample_consensus/model_types.h:[m[K In function ‘[01m[Kvoid __static_initialization_and_destruction_0(int, int)[m[K’:
[55.739s] [01m[K/usr/include/pcl-1.8/pcl/sample_consensus/model_types.h:99:3:[m[K [01;35m[Kwarning: [m[K‘[01m[Kpcl::SAC_SAMPLE_SIZE[m[K’ is deprecated: This map is deprecated and is kept only to prevent breaking existing user code. Starting from PCL 1.8.0 model sample size is a protected member of the SampleConsensusModel class [[01;35m[K-Wdeprecated-declarations[m[K]
[55.739s]    [01;35m[KSAC_SAMPLE_SIZE[m[K (sample_size_pairs, sample_size_pairs + sizeof (sample_size_pairs) / sizeof (SampleSizeModel));
[55.739s]    [01;35m[K^~~~~~~~~~~~~~~[m[K
[55.739s] [01m[K/usr/include/pcl-1.8/pcl/sample_consensus/model_types.h:99:3:[m[K [01;36m[Knote: [m[Kdeclared here
[67.523s] [ 80%] [32mBuilding CXX object CMakeFiles/lidar_euclidean_cluster_detect.dir/nodes/lidar_euclidean_cluster_detect/cluster.cpp.o[0m
[88.799s] In file included from [01m[K/home/chinchia120/autoware.ai/src/autoware/core_perception/lidar_euclidean_cluster_detect/include/cluster.h:30:0[m[K,
[88.799s]                  from [01m[K/home/chinchia120/autoware.ai/src/autoware/core_perception/lidar_euclidean_cluster_detect/nodes/lidar_euclidean_cluster_detect/cluster.cpp:8[m[K:
[88.800s] [01m[K/usr/include/pcl-1.8/pcl/sample_consensus/model_types.h:[m[K In function ‘[01m[Kvoid __static_initialization_and_destruction_0(int, int)[m[K’:
[88.800s] [01m[K/usr/include/pcl-1.8/pcl/sample_consensus/model_types.h:99:3:[m[K [01;35m[Kwarning: [m[K‘[01m[Kpcl::SAC_SAMPLE_SIZE[m[K’ is deprecated: This map is deprecated and is kept only to prevent breaking existing user code. Starting from PCL 1.8.0 model sample size is a protected member of the SampleConsensusModel class [[01;35m[K-Wdeprecated-declarations[m[K]
[88.800s]    [01;35m[KSAC_SAMPLE_SIZE[m[K (sample_size_pairs, sample_size_pairs + sizeof (sample_size_pairs) / sizeof (SampleSizeModel));
[88.800s]    [01;35m[K^~~~~~~~~~~~~~~[m[K
[88.801s] [01m[K/usr/include/pcl-1.8/pcl/sample_consensus/model_types.h:99:3:[m[K [01;36m[Knote: [m[Kdeclared here
[94.440s] [100%] [32m[1mLinking CXX executable devel/lib/lidar_euclidean_cluster_detect/lidar_euclidean_cluster_detect[0m
[107.013s] [100%] Built target lidar_euclidean_cluster_detect
[107.059s] Invoked command in '/home/chinchia120/autoware.ai/build/lidar_euclidean_cluster_detect' returned '0': CMAKE_PREFIX_PATH=/home/chinchia120/autoware.ai/install/vector_map_server:/home/chinchia120/autoware.ai/install/vector_map:/home/chinchia120/autoware.ai/install/vector_map_msgs:/home/chinchia120/autoware.ai/install/autoware_msgs:/home/chinchia120/autoware.ai/install/autoware_build_flags:${CMAKE_PREFIX_PATH} LD_LIBRARY_PATH=/home/chinchia120/autoware.ai/install/vector_map/lib:${LD_LIBRARY_PATH} PKG_CONFIG_PATH=/home/chinchia120/autoware.ai/install/vector_map_server/lib/x86_64-linux-gnu/pkgconfig:/home/chinchia120/autoware.ai/install/vector_map_server/lib/pkgconfig:/home/chinchia120/autoware.ai/install/vector_map/lib/x86_64-linux-gnu/pkgconfig:/home/chinchia120/autoware.ai/install/vector_map/lib/pkgconfig:/home/chinchia120/autoware.ai/install/vector_map_msgs/lib/x86_64-linux-gnu/pkgconfig:/home/chinchia120/autoware.ai/install/vector_map_msgs/lib/pkgconfig:/home/chinchia120/autoware.ai/install/autoware_msgs/lib/x86_64-linux-gnu/pkgconfig:/home/chinchia120/autoware.ai/install/autoware_msgs/lib/pkgconfig:/home/chinchia120/autoware.ai/install/autoware_build_flags/lib/x86_64-linux-gnu/pkgconfig:/home/chinchia120/autoware.ai/install/autoware_build_flags/lib/pkgconfig:${PKG_CONFIG_PATH} PYTHONPATH=/home/chinchia120/autoware.ai/install/vector_map_server/lib/python2.7/dist-packages:/home/chinchia120/autoware.ai/install/vector_map_msgs/lib/python2.7/dist-packages:/home/chinchia120/autoware.ai/install/autoware_msgs/lib/python2.7/dist-packages:${PYTHONPATH} ROS_PACKAGE_PATH=/home/chinchia120/autoware.ai/install/vector_map_server/share:/home/chinchia120/autoware.ai/install/vector_map/share:/home/chinchia120/autoware.ai/install/vector_map_msgs/share:/home/chinchia120/autoware.ai/install/autoware_msgs/share:/home/chinchia120/autoware.ai/install/autoware_build_flags/share:${ROS_PACKAGE_PATH} /usr/bin/cmake --build /home/chinchia120/autoware.ai/build/lidar_euclidean_cluster_detect -- -j4 -l4
[107.649s] Invoking command in '/home/chinchia120/autoware.ai/build/lidar_euclidean_cluster_detect': CMAKE_PREFIX_PATH=/home/chinchia120/autoware.ai/install/vector_map_server:/home/chinchia120/autoware.ai/install/vector_map:/home/chinchia120/autoware.ai/install/vector_map_msgs:/home/chinchia120/autoware.ai/install/autoware_msgs:/home/chinchia120/autoware.ai/install/autoware_build_flags:${CMAKE_PREFIX_PATH} LD_LIBRARY_PATH=/home/chinchia120/autoware.ai/install/vector_map/lib:${LD_LIBRARY_PATH} PKG_CONFIG_PATH=/home/chinchia120/autoware.ai/install/vector_map_server/lib/x86_64-linux-gnu/pkgconfig:/home/chinchia120/autoware.ai/install/vector_map_server/lib/pkgconfig:/home/chinchia120/autoware.ai/install/vector_map/lib/x86_64-linux-gnu/pkgconfig:/home/chinchia120/autoware.ai/install/vector_map/lib/pkgconfig:/home/chinchia120/autoware.ai/install/vector_map_msgs/lib/x86_64-linux-gnu/pkgconfig:/home/chinchia120/autoware.ai/install/vector_map_msgs/lib/pkgconfig:/home/chinchia120/autoware.ai/install/autoware_msgs/lib/x86_64-linux-gnu/pkgconfig:/home/chinchia120/autoware.ai/install/autoware_msgs/lib/pkgconfig:/home/chinchia120/autoware.ai/install/autoware_build_flags/lib/x86_64-linux-gnu/pkgconfig:/home/chinchia120/autoware.ai/install/autoware_build_flags/lib/pkgconfig:${PKG_CONFIG_PATH} PYTHONPATH=/home/chinchia120/autoware.ai/install/vector_map_server/lib/python2.7/dist-packages:/home/chinchia120/autoware.ai/install/vector_map_msgs/lib/python2.7/dist-packages:/home/chinchia120/autoware.ai/install/autoware_msgs/lib/python2.7/dist-packages:${PYTHONPATH} ROS_PACKAGE_PATH=/home/chinchia120/autoware.ai/install/vector_map_server/share:/home/chinchia120/autoware.ai/install/vector_map/share:/home/chinchia120/autoware.ai/install/vector_map_msgs/share:/home/chinchia120/autoware.ai/install/autoware_msgs/share:/home/chinchia120/autoware.ai/install/autoware_build_flags/share:${ROS_PACKAGE_PATH} /usr/bin/cmake --build /home/chinchia120/autoware.ai/build/lidar_euclidean_cluster_detect --target tests -- -j4 -l4
[107.748s] -- CUDA compilation status: 1.
[107.749s] -- Using CATKIN_DEVEL_PREFIX: /home/chinchia120/autoware.ai/build/lidar_euclidean_cluster_detect/devel
[107.750s] -- Using CMAKE_PREFIX_PATH: /home/chinchia120/autoware.ai/install/vector_map_server;/home/chinchia120/autoware.ai/install/vector_map;/home/chinchia120/autoware.ai/install/vector_map_msgs;/home/chinchia120/autoware.ai/install/autoware_msgs;/home/chinchia120/autoware.ai/install/autoware_build_flags;/home/chinchia120/catkin_ws/devel;/opt/ros/melodic
[107.751s] -- This workspace overlays: /home/chinchia120/autoware.ai/install/vector_map_server;/home/chinchia120/autoware.ai/install/vector_map;/home/chinchia120/autoware.ai/install/vector_map_msgs;/home/chinchia120/autoware.ai/install/autoware_msgs;/home/chinchia120/autoware.ai/install/autoware_build_flags;/home/chinchia120/catkin_ws/devel;/opt/ros/melodic
[107.796s] -- Found PythonInterp: /usr/bin/python2 (found suitable version "2.7.17", minimum required is "2") 
[107.797s] -- Using PYTHON_EXECUTABLE: /usr/bin/python2
[107.797s] -- Using Debian Python package layout
[107.798s] -- Using empy: /usr/bin/empy
[108.170s] -- Using CATKIN_ENABLE_TESTING: ON
[108.170s] -- Call enable_testing()
[108.171s] -- Using CATKIN_TEST_RESULTS_DIR: /home/chinchia120/autoware.ai/build/lidar_euclidean_cluster_detect/test_results
[108.215s] -- Found gtest sources under '/usr/src/googletest': gtests will be built
[108.216s] -- Found gmock sources under '/usr/src/googletest': gmock will be built
[108.253s] -- Found PythonInterp: /usr/bin/python2 (found version "2.7.17") 
[108.267s] -- Using Python nosetests: /usr/bin/nosetests-2.7
[108.386s] -- catkin 0.7.29
[108.387s] -- BUILD_SHARED_LIBS is on
[108.835s] -- Using these message generators: gencpp;geneus;genlisp;gennodejs;genpy
[113.239s] -- Found OpenMP_C: -fopenmp  
[113.242s] -- Found OpenMP_CXX: -fopenmp  
[113.243s] -- Found OpenMP: TRUE   
[113.656s] -- USING ACCELERATED CLUSTERING --
[113.657s] Version: 10.0
[113.657s] Library: /usr/lib/x86_64-linux-gnu/libcuda.so
[113.657s] Runtime: /usr/local/cuda-10.0/lib64/libcudart.so
[113.709s] -- Configuring done
[114.068s] -- Generating done
[114.170s] -- Build files have been written to: /home/chinchia120/autoware.ai/build/lidar_euclidean_cluster_detect
[114.288s] [35m[1mScanning dependencies of target tests[0m
[114.315s] Built target tests
[114.346s] Invoked command in '/home/chinchia120/autoware.ai/build/lidar_euclidean_cluster_detect' returned '0': CMAKE_PREFIX_PATH=/home/chinchia120/autoware.ai/install/vector_map_server:/home/chinchia120/autoware.ai/install/vector_map:/home/chinchia120/autoware.ai/install/vector_map_msgs:/home/chinchia120/autoware.ai/install/autoware_msgs:/home/chinchia120/autoware.ai/install/autoware_build_flags:${CMAKE_PREFIX_PATH} LD_LIBRARY_PATH=/home/chinchia120/autoware.ai/install/vector_map/lib:${LD_LIBRARY_PATH} PKG_CONFIG_PATH=/home/chinchia120/autoware.ai/install/vector_map_server/lib/x86_64-linux-gnu/pkgconfig:/home/chinchia120/autoware.ai/install/vector_map_server/lib/pkgconfig:/home/chinchia120/autoware.ai/install/vector_map/lib/x86_64-linux-gnu/pkgconfig:/home/chinchia120/autoware.ai/install/vector_map/lib/pkgconfig:/home/chinchia120/autoware.ai/install/vector_map_msgs/lib/x86_64-linux-gnu/pkgconfig:/home/chinchia120/autoware.ai/install/vector_map_msgs/lib/pkgconfig:/home/chinchia120/autoware.ai/install/autoware_msgs/lib/x86_64-linux-gnu/pkgconfig:/home/chinchia120/autoware.ai/install/autoware_msgs/lib/pkgconfig:/home/chinchia120/autoware.ai/install/autoware_build_flags/lib/x86_64-linux-gnu/pkgconfig:/home/chinchia120/autoware.ai/install/autoware_build_flags/lib/pkgconfig:${PKG_CONFIG_PATH} PYTHONPATH=/home/chinchia120/autoware.ai/install/vector_map_server/lib/python2.7/dist-packages:/home/chinchia120/autoware.ai/install/vector_map_msgs/lib/python2.7/dist-packages:/home/chinchia120/autoware.ai/install/autoware_msgs/lib/python2.7/dist-packages:${PYTHONPATH} ROS_PACKAGE_PATH=/home/chinchia120/autoware.ai/install/vector_map_server/share:/home/chinchia120/autoware.ai/install/vector_map/share:/home/chinchia120/autoware.ai/install/vector_map_msgs/share:/home/chinchia120/autoware.ai/install/autoware_msgs/share:/home/chinchia120/autoware.ai/install/autoware_build_flags/share:${ROS_PACKAGE_PATH} /usr/bin/cmake --build /home/chinchia120/autoware.ai/build/lidar_euclidean_cluster_detect --target tests -- -j4 -l4
[114.872s] Invoking command in '/home/chinchia120/autoware.ai/build/lidar_euclidean_cluster_detect': CMAKE_PREFIX_PATH=/home/chinchia120/autoware.ai/install/vector_map_server:/home/chinchia120/autoware.ai/install/vector_map:/home/chinchia120/autoware.ai/install/vector_map_msgs:/home/chinchia120/autoware.ai/install/autoware_msgs:/home/chinchia120/autoware.ai/install/autoware_build_flags:${CMAKE_PREFIX_PATH} LD_LIBRARY_PATH=/home/chinchia120/autoware.ai/install/vector_map/lib:${LD_LIBRARY_PATH} PKG_CONFIG_PATH=/home/chinchia120/autoware.ai/install/vector_map_server/lib/x86_64-linux-gnu/pkgconfig:/home/chinchia120/autoware.ai/install/vector_map_server/lib/pkgconfig:/home/chinchia120/autoware.ai/install/vector_map/lib/x86_64-linux-gnu/pkgconfig:/home/chinchia120/autoware.ai/install/vector_map/lib/pkgconfig:/home/chinchia120/autoware.ai/install/vector_map_msgs/lib/x86_64-linux-gnu/pkgconfig:/home/chinchia120/autoware.ai/install/vector_map_msgs/lib/pkgconfig:/home/chinchia120/autoware.ai/install/autoware_msgs/lib/x86_64-linux-gnu/pkgconfig:/home/chinchia120/autoware.ai/install/autoware_msgs/lib/pkgconfig:/home/chinchia120/autoware.ai/install/autoware_build_flags/lib/x86_64-linux-gnu/pkgconfig:/home/chinchia120/autoware.ai/install/autoware_build_flags/lib/pkgconfig:${PKG_CONFIG_PATH} PYTHONPATH=/home/chinchia120/autoware.ai/install/vector_map_server/lib/python2.7/dist-packages:/home/chinchia120/autoware.ai/install/vector_map_msgs/lib/python2.7/dist-packages:/home/chinchia120/autoware.ai/install/autoware_msgs/lib/python2.7/dist-packages:${PYTHONPATH} ROS_PACKAGE_PATH=/home/chinchia120/autoware.ai/install/vector_map_server/share:/home/chinchia120/autoware.ai/install/vector_map/share:/home/chinchia120/autoware.ai/install/vector_map_msgs/share:/home/chinchia120/autoware.ai/install/autoware_msgs/share:/home/chinchia120/autoware.ai/install/autoware_build_flags/share:${ROS_PACKAGE_PATH} /usr/bin/cmake --build /home/chinchia120/autoware.ai/build/lidar_euclidean_cluster_detect --target install -- -j4 -l4
[115.104s] [ 20%] [32m[1mLinking CXX shared library devel/lib/libgpu_euclidean_clustering.so[0m
[115.287s] [ 40%] Built target gpu_euclidean_clustering
[115.341s] [ 40%] Built target vector_map_msgs_generate_messages_lisp
[115.410s] [ 40%] Built target vector_map_msgs_generate_messages_eus
[115.460s] [ 40%] Built target vector_map_msgs_generate_messages_cpp
[115.511s] [ 40%] Built target vector_map_server_generate_messages_nodejs
[115.562s] [ 40%] Built target map_msgs_generate_messages_lisp
[115.616s] [ 40%] Built target rviz_generate_messages_py
[115.664s] [ 40%] Built target rviz_generate_messages_cpp
[115.722s] [ 40%] Built target people_msgs_generate_messages_py
[115.777s] [ 40%] Built target people_msgs_generate_messages_lisp
[115.834s] [ 40%] Built target rviz_generate_messages_eus
[115.881s] [ 40%] Built target people_msgs_generate_messages_eus
[115.935s] [ 40%] Built target people_msgs_generate_messages_cpp
[115.994s] [ 40%] Built target vector_map_msgs_generate_messages_nodejs
[116.066s] [ 40%] Built target bond_generate_messages_py
[116.127s] [ 40%] Built target bond_generate_messages_nodejs
[116.179s] [ 40%] Built target bond_generate_messages_lisp
[116.241s] [ 40%] Built target bond_generate_messages_eus
[116.300s] [ 40%] Built target bond_generate_messages_cpp
[116.361s] [ 40%] Built target nodelet_generate_messages_nodejs
[116.417s] [ 40%] Built target map_msgs_generate_messages_eus
[116.481s] [ 40%] Built target nodelet_generate_messages_eus
[116.535s] [ 40%] Built target nodelet_generate_messages_cpp
[116.592s] [ 40%] Built target dynamic_reconfigure_generate_messages_py
[116.656s] [ 40%] Built target dynamic_reconfigure_generate_messages_nodejs
[116.720s] [ 40%] Built target people_msgs_generate_messages_nodejs
[116.766s] [ 40%] Built target dynamic_reconfigure_generate_messages_lisp
[116.825s] [ 40%] Built target dynamic_reconfigure_generate_messages_eus
[116.875s] [ 40%] Built target map_msgs_generate_messages_py
[116.948s] [ 40%] Built target pcl_ros_gencfg
[117.015s] [ 40%] Built target jsk_hark_msgs_generate_messages_py
[117.076s] [ 40%] Built target rviz_generate_messages_nodejs
[117.127s] [ 40%] Built target jsk_hark_msgs_generate_messages_nodejs
[117.179s] [ 40%] Built target jsk_hark_msgs_generate_messages_eus
[117.233s] [ 40%] Built target jsk_rviz_plugins_generate_messages_py
[117.290s] [ 40%] Built target jsk_rviz_plugins_generate_messages_nodejs
[117.337s] [ 40%] Built target jsk_recognition_utils_gencfg
[117.396s] [ 40%] Built target jsk_rviz_plugins_generate_messages_lisp
[117.449s] [ 40%] Built target rviz_generate_messages_lisp
[117.499s] [ 40%] Built target jsk_rviz_plugins_gencfg
[117.546s] [ 40%] Built target visualization_msgs_generate_messages_py
[117.604s] [ 40%] Built target visualization_msgs_generate_messages_nodejs
[117.665s] [ 40%] Built target vector_map_server_generate_messages_cpp
[117.717s] [ 40%] Built target visualization_msgs_generate_messages_eus
[117.767s] [ 40%] Built target tf2_msgs_generate_messages_nodejs
[117.825s] [ 40%] Built target tf2_msgs_generate_messages_cpp
[117.876s] [ 40%] Built target map_msgs_generate_messages_cpp
[117.926s] [ 40%] Built target tf2_msgs_generate_messages_py
[117.985s] [ 40%] Built target actionlib_generate_messages_py
[118.040s] [ 40%] Built target actionlib_generate_messages_cpp
[118.099s] [ 40%] Built target dynamic_reconfigure_generate_messages_cpp
[118.154s] [ 40%] Built target tf_generate_messages_py
[118.223s] [ 40%] Built target tf_generate_messages_nodejs
[118.284s] [ 40%] Built target tf_generate_messages_lisp
[118.345s] [ 40%] Built target geometry_msgs_generate_messages_py
[118.412s] [ 40%] Built target sensor_msgs_generate_messages_nodejs
[118.468s] [ 40%] Built target vector_map_server_generate_messages_eus
[118.526s] [ 40%] Built target roscpp_generate_messages_cpp
[118.591s] [ 40%] Built target pcl_msgs_generate_messages_eus
[118.647s] [ 40%] Built target rosgraph_msgs_generate_messages_eus
[118.723s] [ 40%] Built target jsk_recognition_msgs_generate_messages_lisp
[118.787s] [ 40%] Built target jsk_recognition_msgs_generate_messages_eus
[118.857s] [ 40%] Built target std_msgs_generate_messages_py
[118.925s] [ 40%] Built target nodelet_generate_messages_lisp
[118.979s] [ 40%] Built target autoware_msgs_generate_messages_py
[119.038s] [ 40%] Built target jsk_hark_msgs_generate_messages_lisp
[119.101s] [ 40%] Built target std_msgs_generate_messages_nodejs
[119.161s] [ 40%] Built target sensor_msgs_generate_messages_eus
[119.212s] [ 40%] Built target sensor_msgs_generate_messages_cpp
[119.270s] [ 40%] Built target autoware_msgs_generate_messages_cpp
[119.332s] [ 40%] Built target rosgraph_msgs_generate_messages_cpp
[119.385s] [ 40%] Built target topic_tools_generate_messages_cpp
[119.439s] [ 40%] Built target jsk_recognition_msgs_generate_messages_py
[119.484s] [ 40%] Built target nodelet_generate_messages_py
[119.543s] [ 40%] Built target sensor_msgs_generate_messages_py
[119.590s] [ 40%] Built target std_msgs_generate_messages_cpp
[119.642s] [ 40%] Built target jsk_footstep_msgs_generate_messages_py
[119.696s] [ 40%] Built target nav_msgs_generate_messages_nodejs
[119.753s] [ 40%] Built target geometry_msgs_generate_messages_eus
[119.813s] [ 40%] Built target jsk_rviz_plugins_generate_messages_cpp
[119.868s] [ 40%] Built target std_msgs_generate_messages_lisp
[119.914s] [ 40%] Built target roscpp_generate_messages_nodejs
[119.967s] [ 40%] Built target geometry_msgs_generate_messages_nodejs
[120.031s] [ 40%] Built target jsk_rviz_plugins_generate_messages_eus
[120.093s] [ 40%] Built target actionlib_generate_messages_eus
[120.145s] [ 40%] Built target pcl_msgs_generate_messages_py
[120.197s] [ 40%] Built target geometry_msgs_generate_messages_lisp
[120.254s] [ 40%] Built target actionlib_generate_messages_lisp
[120.312s] [ 40%] Built target geometry_msgs_generate_messages_cpp
[120.376s] [ 40%] Built target pcl_msgs_generate_messages_cpp
[120.429s] [ 40%] Built target autoware_msgs_generate_messages_eus
[120.484s] [ 40%] Built target autoware_msgs_generate_messages_lisp
[120.542s] [ 40%] Built target topic_tools_generate_messages_eus
[120.603s] [ 40%] Built target visualization_msgs_generate_messages_lisp
[120.657s] [ 40%] Built target std_msgs_generate_messages_eus
[120.721s] [ 40%] Built target autoware_msgs_generate_messages_nodejs
[120.775s] [ 40%] Built target jsk_footstep_msgs_generate_messages_eus
[120.831s] [ 40%] Built target actionlib_msgs_generate_messages_py
[120.891s] [ 40%] Built target visualization_msgs_generate_messages_cpp
[120.945s] [ 40%] Built target tf2_msgs_generate_messages_eus
[121.006s] [ 40%] Built target nav_msgs_generate_messages_eus
[121.064s] [ 40%] Built target vector_map_server_generate_messages_lisp
[121.140s] [ 40%] Built target jsk_footstep_msgs_generate_messages_lisp
[121.220s] [ 40%] Built target jsk_footstep_msgs_generate_messages_nodejs
[121.277s] [ 40%] Built target grid_map_msgs_generate_messages_nodejs
[121.332s] [ 40%] Built target std_srvs_generate_messages_cpp
[121.396s] [ 40%] Built target actionlib_msgs_generate_messages_lisp
[121.456s] [ 40%] Built target grid_map_msgs_generate_messages_lisp
[121.512s] [ 40%] Built target jsk_recognition_msgs_generate_messages_nodejs
[121.575s] [ 40%] Built target std_srvs_generate_messages_eus
[121.640s] [ 40%] Built target roscpp_generate_messages_lisp
[121.700s] [ 40%] Built target grid_map_msgs_generate_messages_eus
[121.750s] [ 40%] Built target rosgraph_msgs_generate_messages_lisp
[121.819s] [ 40%] Built target rosgraph_msgs_generate_messages_nodejs
[121.879s] [ 40%] Built target vector_map_server_generate_messages_py
[121.932s] [ 40%] Built target roscpp_generate_messages_eus
[121.984s] [ 40%] Built target actionlib_msgs_generate_messages_eus
[122.042s] [ 40%] Built target rosgraph_msgs_generate_messages_py
[122.097s] [ 40%] Built target roscpp_generate_messages_py
[122.157s] [ 40%] Built target grid_map_msgs_generate_messages_cpp
[122.214s] [ 40%] Built target jsk_hark_msgs_generate_messages_cpp
[122.273s] [ 40%] Built target grid_map_msgs_generate_messages_py
[122.319s] [ 40%] Built target sensor_msgs_generate_messages_lisp
[122.370s] [ 40%] Built target nav_msgs_generate_messages_cpp
[122.443s] [ 40%] Built target pcl_msgs_generate_messages_nodejs
[122.495s] [ 40%] Built target nav_msgs_generate_messages_lisp
[122.546s] [ 40%] Built target dynamic_reconfigure_gencfg
[122.605s] [ 40%] Built target tf2_msgs_generate_messages_lisp
[122.655s] [ 40%] Built target nav_msgs_generate_messages_py
[122.700s] [ 40%] Built target _catkin_empty_exported_target
[122.750s] [ 40%] Built target std_srvs_generate_messages_lisp
[122.801s] [ 40%] Built target jsk_recognition_msgs_generate_messages_cpp
[122.855s] [ 40%] Built target topic_tools_generate_messages_lisp
[122.916s] [ 40%] Built target std_srvs_generate_messages_nodejs
[122.978s] [ 40%] Built target std_srvs_generate_messages_py
[123.023s] [ 40%] Built target topic_tools_generate_messages_nodejs
[123.074s] [ 40%] Built target map_msgs_generate_messages_nodejs
[123.128s] [ 40%] Built target nodelet_topic_tools_gencfg
[123.187s] [ 40%] Built target actionlib_msgs_generate_messages_nodejs
[123.237s] [ 40%] Built target topic_tools_generate_messages_py
[123.289s] [ 40%] Built target actionlib_generate_messages_nodejs
[123.350s] [ 40%] Built target pcl_msgs_generate_messages_lisp
[123.395s] [ 40%] Built target tf_generate_messages_cpp
[123.462s] [ 40%] Built target jsk_footstep_msgs_generate_messages_cpp
[123.527s] [ 40%] Built target actionlib_msgs_generate_messages_cpp
[123.581s] [ 40%] Built target vector_map_msgs_generate_messages_py
[123.642s] [ 40%] Built target tf_generate_messages_eus
[123.774s] [ 60%] [32m[1mLinking CXX executable devel/lib/lidar_euclidean_cluster_detect/lidar_euclidean_cluster_detect[0m
[134.196s] [100%] Built target lidar_euclidean_cluster_detect
[134.252s] [36mInstall the project...[0m
[134.277s] -- Install configuration: "Release"
[134.278s] -- Installing: /home/chinchia120/autoware.ai/install/lidar_euclidean_cluster_detect/lib/pkgconfig/lidar_euclidean_cluster_detect.pc
[134.279s] -- Installing: /home/chinchia120/autoware.ai/install/lidar_euclidean_cluster_detect/share/lidar_euclidean_cluster_detect/cmake/lidar_euclidean_cluster_detectConfig.cmake
[134.280s] -- Installing: /home/chinchia120/autoware.ai/install/lidar_euclidean_cluster_detect/share/lidar_euclidean_cluster_detect/cmake/lidar_euclidean_cluster_detectConfig-version.cmake
[134.281s] -- Installing: /home/chinchia120/autoware.ai/install/lidar_euclidean_cluster_detect/share/lidar_euclidean_cluster_detect/package.xml
[134.282s] -- Installing: /home/chinchia120/autoware.ai/install/lidar_euclidean_cluster_detect/lib/libgpu_euclidean_clustering.so
[134.285s] -- Installing: /home/chinchia120/autoware.ai/install/lidar_euclidean_cluster_detect/include/lidar_euclidean_cluster_detect
[134.286s] -- Installing: /home/chinchia120/autoware.ai/install/lidar_euclidean_cluster_detect/include/lidar_euclidean_cluster_detect/gencolors.cpp
[134.287s] -- Installing: /home/chinchia120/autoware.ai/install/lidar_euclidean_cluster_detect/include/lidar_euclidean_cluster_detect/cluster.h
[134.287s] -- Installing: /home/chinchia120/autoware.ai/install/lidar_euclidean_cluster_detect/include/lidar_euclidean_cluster_detect/gpu_euclidean_clustering.h
[134.289s] -- Installing: /home/chinchia120/autoware.ai/install/lidar_euclidean_cluster_detect/lib/lidar_euclidean_cluster_detect/lidar_euclidean_cluster_detect
[134.293s] -- Set runtime path of "/home/chinchia120/autoware.ai/install/lidar_euclidean_cluster_detect/lib/lidar_euclidean_cluster_detect/lidar_euclidean_cluster_detect" to ""
[134.294s] -- Installing: /home/chinchia120/autoware.ai/install/lidar_euclidean_cluster_detect/share/lidar_euclidean_cluster_detect/launch
[134.295s] -- Installing: /home/chinchia120/autoware.ai/install/lidar_euclidean_cluster_detect/share/lidar_euclidean_cluster_detect/launch/euclidean_clustering_Exp.launch
[134.296s] -- Installing: /home/chinchia120/autoware.ai/install/lidar_euclidean_cluster_detect/share/lidar_euclidean_cluster_detect/launch/lidar_euclidean_cluster_detect_param.launch
[134.297s] -- Installing: /home/chinchia120/autoware.ai/install/lidar_euclidean_cluster_detect/share/lidar_euclidean_cluster_detect/launch/lidar_euclidean_cluster_detect.launch
[134.298s] -- Installing: /home/chinchia120/autoware.ai/install/lidar_euclidean_cluster_detect/share/lidar_euclidean_cluster_detect/config
[134.300s] -- Installing: /home/chinchia120/autoware.ai/install/lidar_euclidean_cluster_detect/share/lidar_euclidean_cluster_detect/config/params.yaml
[134.309s] Invoked command in '/home/chinchia120/autoware.ai/build/lidar_euclidean_cluster_detect' returned '0': CMAKE_PREFIX_PATH=/home/chinchia120/autoware.ai/install/vector_map_server:/home/chinchia120/autoware.ai/install/vector_map:/home/chinchia120/autoware.ai/install/vector_map_msgs:/home/chinchia120/autoware.ai/install/autoware_msgs:/home/chinchia120/autoware.ai/install/autoware_build_flags:${CMAKE_PREFIX_PATH} LD_LIBRARY_PATH=/home/chinchia120/autoware.ai/install/vector_map/lib:${LD_LIBRARY_PATH} PKG_CONFIG_PATH=/home/chinchia120/autoware.ai/install/vector_map_server/lib/x86_64-linux-gnu/pkgconfig:/home/chinchia120/autoware.ai/install/vector_map_server/lib/pkgconfig:/home/chinchia120/autoware.ai/install/vector_map/lib/x86_64-linux-gnu/pkgconfig:/home/chinchia120/autoware.ai/install/vector_map/lib/pkgconfig:/home/chinchia120/autoware.ai/install/vector_map_msgs/lib/x86_64-linux-gnu/pkgconfig:/home/chinchia120/autoware.ai/install/vector_map_msgs/lib/pkgconfig:/home/chinchia120/autoware.ai/install/autoware_msgs/lib/x86_64-linux-gnu/pkgconfig:/home/chinchia120/autoware.ai/install/autoware_msgs/lib/pkgconfig:/home/chinchia120/autoware.ai/install/autoware_build_flags/lib/x86_64-linux-gnu/pkgconfig:/home/chinchia120/autoware.ai/install/autoware_build_flags/lib/pkgconfig:${PKG_CONFIG_PATH} PYTHONPATH=/home/chinchia120/autoware.ai/install/vector_map_server/lib/python2.7/dist-packages:/home/chinchia120/autoware.ai/install/vector_map_msgs/lib/python2.7/dist-packages:/home/chinchia120/autoware.ai/install/autoware_msgs/lib/python2.7/dist-packages:${PYTHONPATH} ROS_PACKAGE_PATH=/home/chinchia120/autoware.ai/install/vector_map_server/share:/home/chinchia120/autoware.ai/install/vector_map/share:/home/chinchia120/autoware.ai/install/vector_map_msgs/share:/home/chinchia120/autoware.ai/install/autoware_msgs/share:/home/chinchia120/autoware.ai/install/autoware_build_flags/share:${ROS_PACKAGE_PATH} /usr/bin/cmake --build /home/chinchia120/autoware.ai/build/lidar_euclidean_cluster_detect --target install -- -j4 -l4
