[0.058s] Invoking command in '/home/chinchia120/autoware.ai/build/kvaser': CMAKE_PREFIX_PATH=/home/chinchia120/autoware.ai/install/autoware_can_msgs:${CMAKE_PREFIX_PATH} PKG_CONFIG_PATH=/home/chinchia120/autoware.ai/install/autoware_can_msgs/lib/x86_64-linux-gnu/pkgconfig:/home/chinchia120/autoware.ai/install/autoware_can_msgs/lib/pkgconfig:${PKG_CONFIG_PATH} PYTHONPATH=/home/chinchia120/autoware.ai/install/autoware_can_msgs/lib/python2.7/dist-packages:${PYTHONPATH} ROS_PACKAGE_PATH=/home/chinchia120/autoware.ai/install/autoware_can_msgs/share:${ROS_PACKAGE_PATH} /usr/bin/cmake /home/chinchia120/autoware.ai/src/drivers/awf_drivers/kvaser -DCMAKE_BUILD_TYPE=Release -DCATKIN_INSTALL_INTO_PREFIX_ROOT=0 -DCMAKE_INSTALL_PREFIX=/home/chinchia120/autoware.ai/install/kvaser
[0.219s] -- The C compiler identification is GNU 7.5.0
[0.372s] -- The CXX compiler identification is GNU 7.5.0
[0.383s] -- Check for working C compiler: /usr/bin/cc
[0.565s] -- Check for working C compiler: /usr/bin/cc -- works
[0.565s] -- Detecting C compiler ABI info
[0.731s] -- Detecting C compiler ABI info - done
[0.749s] -- Detecting C compile features
[1.250s] -- Detecting C compile features - done
[1.258s] -- Check for working CXX compiler: /usr/bin/c++
[1.452s] -- Check for working CXX compiler: /usr/bin/c++ -- works
[1.452s] -- Detecting CXX compiler ABI info
[1.653s] -- Detecting CXX compiler ABI info - done
[1.675s] -- Detecting CXX compile features
[2.541s] -- Detecting CXX compile features - done
[2.545s] -- Using CATKIN_DEVEL_PREFIX: /home/chinchia120/autoware.ai/build/kvaser/devel
[2.546s] -- Using CMAKE_PREFIX_PATH: /home/chinchia120/autoware.ai/install/autoware_can_msgs;/home/chinchia120/catkin_ws/devel;/opt/ros/melodic
[2.547s] -- This workspace overlays: /home/chinchia120/autoware.ai/install/autoware_can_msgs;/home/chinchia120/catkin_ws/devel;/opt/ros/melodic
[2.588s] -- Found PythonInterp: /usr/bin/python2 (found suitable version "2.7.17", minimum required is "2") 
[2.588s] -- Using PYTHON_EXECUTABLE: /usr/bin/python2
[2.589s] -- Using Debian Python package layout
[2.589s] -- Using empy: /usr/bin/empy
[2.890s] -- Using CATKIN_ENABLE_TESTING: ON
[2.891s] -- Call enable_testing()
[2.895s] -- Using CATKIN_TEST_RESULTS_DIR: /home/chinchia120/autoware.ai/build/kvaser/test_results
[2.937s] -- Found gtest sources under '/usr/src/googletest': gtests will be built
[2.938s] -- Found gmock sources under '/usr/src/googletest': gmock will be built
[2.972s] -- Found PythonInterp: /usr/bin/python2 (found version "2.7.17") 
[2.972s] -- Looking for pthread.h
[3.162s] -- Looking for pthread.h - found
[3.162s] -- Looking for pthread_create
[3.329s] -- Looking for pthread_create - not found
[3.329s] -- Looking for pthread_create in pthreads
[3.456s] -- Looking for pthread_create in pthreads - not found
[3.457s] -- Looking for pthread_create in pthread
[3.601s] -- Looking for pthread_create in pthread - found
[3.602s] -- Found Threads: TRUE  
[3.610s] -- Using Python nosetests: /usr/bin/nosetests-2.7
[3.704s] -- catkin 0.7.29
[3.704s] -- BUILD_SHARED_LIBS is on
[4.437s] 'canlib' is not installed. 'can_listener' is not built.
[4.438s] -- Configuring done
[4.500s] -- Generating done
[4.509s] -- Build files have been written to: /home/chinchia120/autoware.ai/build/kvaser
[4.518s] Invoked command in '/home/chinchia120/autoware.ai/build/kvaser' returned '0': CMAKE_PREFIX_PATH=/home/chinchia120/autoware.ai/install/autoware_can_msgs:${CMAKE_PREFIX_PATH} PKG_CONFIG_PATH=/home/chinchia120/autoware.ai/install/autoware_can_msgs/lib/x86_64-linux-gnu/pkgconfig:/home/chinchia120/autoware.ai/install/autoware_can_msgs/lib/pkgconfig:${PKG_CONFIG_PATH} PYTHONPATH=/home/chinchia120/autoware.ai/install/autoware_can_msgs/lib/python2.7/dist-packages:${PYTHONPATH} ROS_PACKAGE_PATH=/home/chinchia120/autoware.ai/install/autoware_can_msgs/share:${ROS_PACKAGE_PATH} /usr/bin/cmake /home/chinchia120/autoware.ai/src/drivers/awf_drivers/kvaser -DCMAKE_BUILD_TYPE=Release -DCATKIN_INSTALL_INTO_PREFIX_ROOT=0 -DCMAKE_INSTALL_PREFIX=/home/chinchia120/autoware.ai/install/kvaser
[4.525s] Invoking command in '/home/chinchia120/autoware.ai/build/kvaser': CMAKE_PREFIX_PATH=/home/chinchia120/autoware.ai/install/autoware_can_msgs:${CMAKE_PREFIX_PATH} PKG_CONFIG_PATH=/home/chinchia120/autoware.ai/install/autoware_can_msgs/lib/x86_64-linux-gnu/pkgconfig:/home/chinchia120/autoware.ai/install/autoware_can_msgs/lib/pkgconfig:${PKG_CONFIG_PATH} PYTHONPATH=/home/chinchia120/autoware.ai/install/autoware_can_msgs/lib/python2.7/dist-packages:${PYTHONPATH} ROS_PACKAGE_PATH=/home/chinchia120/autoware.ai/install/autoware_can_msgs/share:${ROS_PACKAGE_PATH} /usr/bin/cmake --build /home/chinchia120/autoware.ai/build/kvaser -- -j4 -l4
[4.631s] [35m[1mScanning dependencies of target geometry_msgs_generate_messages_lisp[0m
[4.657s] [  0%] Built target geometry_msgs_generate_messages_lisp
[4.683s] [35m[1mScanning dependencies of target std_msgs_generate_messages_lisp[0m
[4.711s] [  0%] Built target std_msgs_generate_messages_lisp
[4.734s] [35m[1mScanning dependencies of target roscpp_generate_messages_cpp[0m
[4.763s] [  0%] Built target roscpp_generate_messages_cpp
[4.795s] [35m[1mScanning dependencies of target autoware_can_msgs_generate_messages_py[0m
[4.821s] [  0%] Built target autoware_can_msgs_generate_messages_py
[4.852s] [35m[1mScanning dependencies of target visualization_msgs_generate_messages_py[0m
[4.887s] [  0%] Built target visualization_msgs_generate_messages_py
[4.919s] [35m[1mScanning dependencies of target geometry_msgs_generate_messages_py[0m
[4.949s] [  0%] Built target geometry_msgs_generate_messages_py
[4.978s] [35m[1mScanning dependencies of target std_msgs_generate_messages_eus[0m
[5.008s] [  0%] Built target std_msgs_generate_messages_eus
[5.038s] [35m[1mScanning dependencies of target rosgraph_msgs_generate_messages_nodejs[0m
[5.063s] [  0%] Built target rosgraph_msgs_generate_messages_nodejs
[5.100s] [35m[1mScanning dependencies of target rosgraph_msgs_generate_messages_py[0m
[5.138s] [  0%] Built target rosgraph_msgs_generate_messages_py
[5.174s] [35m[1mScanning dependencies of target autoware_can_msgs_generate_messages_eus[0m
[5.204s] [  0%] Built target autoware_can_msgs_generate_messages_eus
[5.227s] [35m[1mScanning dependencies of target roscpp_generate_messages_lisp[0m
[5.256s] [  0%] Built target roscpp_generate_messages_lisp
[5.292s] [35m[1mScanning dependencies of target geometry_msgs_generate_messages_nodejs[0m
[5.325s] [  0%] Built target geometry_msgs_generate_messages_nodejs
[5.351s] [35m[1mScanning dependencies of target autoware_can_msgs_generate_messages_nodejs[0m
[5.386s] [  0%] Built target autoware_can_msgs_generate_messages_nodejs
[5.418s] [35m[1mScanning dependencies of target autoware_can_msgs_generate_messages_lisp[0m
[5.445s] [  0%] Built target autoware_can_msgs_generate_messages_lisp
[5.472s] [35m[1mScanning dependencies of target autoware_can_msgs_generate_messages_cpp[0m
[5.504s] [  0%] Built target autoware_can_msgs_generate_messages_cpp
[5.535s] [35m[1mScanning dependencies of target rosgraph_msgs_generate_messages_cpp[0m
[5.571s] [  0%] Built target rosgraph_msgs_generate_messages_cpp
[5.593s] [35m[1mScanning dependencies of target roscpp_generate_messages_py[0m
[5.624s] [  0%] Built target roscpp_generate_messages_py
[5.657s] [35m[1mScanning dependencies of target roscpp_generate_messages_nodejs[0m
[5.690s] [  0%] Built target roscpp_generate_messages_nodejs
[5.724s] [35m[1mScanning dependencies of target roscpp_generate_messages_eus[0m
[5.749s] [  0%] Built target roscpp_generate_messages_eus
[5.782s] [35m[1mScanning dependencies of target geometry_msgs_generate_messages_eus[0m
[5.809s] [  0%] Built target geometry_msgs_generate_messages_eus
[5.839s] [35m[1mScanning dependencies of target rosgraph_msgs_generate_messages_eus[0m
[5.874s] [  0%] Built target rosgraph_msgs_generate_messages_eus
[5.900s] [35m[1mScanning dependencies of target rosgraph_msgs_generate_messages_lisp[0m
[5.926s] [  0%] Built target rosgraph_msgs_generate_messages_lisp
[5.953s] [35m[1mScanning dependencies of target visualization_msgs_generate_messages_cpp[0m
[5.980s] [  0%] Built target visualization_msgs_generate_messages_cpp
[6.013s] [35m[1mScanning dependencies of target visualization_msgs_generate_messages_eus[0m
[6.048s] [  0%] Built target visualization_msgs_generate_messages_eus
[6.078s] [35m[1mScanning dependencies of target std_msgs_generate_messages_cpp[0m
[6.105s] [  0%] Built target std_msgs_generate_messages_cpp
[6.127s] [35m[1mScanning dependencies of target visualization_msgs_generate_messages_lisp[0m
[6.160s] [  0%] Built target visualization_msgs_generate_messages_lisp
[6.197s] [35m[1mScanning dependencies of target visualization_msgs_generate_messages_nodejs[0m
[6.229s] [  0%] Built target visualization_msgs_generate_messages_nodejs
[6.256s] [35m[1mScanning dependencies of target geometry_msgs_generate_messages_cpp[0m
[6.285s] [  0%] Built target geometry_msgs_generate_messages_cpp
[6.314s] [35m[1mScanning dependencies of target std_msgs_generate_messages_nodejs[0m
[6.348s] [  0%] Built target std_msgs_generate_messages_nodejs
[6.385s] [35m[1mScanning dependencies of target std_msgs_generate_messages_py[0m
[6.414s] [  0%] Built target std_msgs_generate_messages_py
[6.440s] [35m[1mScanning dependencies of target can_draw[0m
[6.490s] [ 25%] [32mBuilding CXX object CMakeFiles/can_draw.dir/nodes/can_draw/can_draw.cpp.o[0m
[10.712s] [ 50%] [32m[1mLinking CXX executable devel/lib/kvaser/can_draw[0m
[10.962s] [ 50%] Built target can_draw
[10.989s] [35m[1mScanning dependencies of target can_converter[0m
[11.040s] [ 75%] [32mBuilding CXX object CMakeFiles/can_converter.dir/nodes/can_converter/can_converter.cpp.o[0m
[14.365s] [100%] [32m[1mLinking CXX executable devel/lib/kvaser/can_converter[0m
[14.627s] [100%] Built target can_converter
[14.656s] Invoked command in '/home/chinchia120/autoware.ai/build/kvaser' returned '0': CMAKE_PREFIX_PATH=/home/chinchia120/autoware.ai/install/autoware_can_msgs:${CMAKE_PREFIX_PATH} PKG_CONFIG_PATH=/home/chinchia120/autoware.ai/install/autoware_can_msgs/lib/x86_64-linux-gnu/pkgconfig:/home/chinchia120/autoware.ai/install/autoware_can_msgs/lib/pkgconfig:${PKG_CONFIG_PATH} PYTHONPATH=/home/chinchia120/autoware.ai/install/autoware_can_msgs/lib/python2.7/dist-packages:${PYTHONPATH} ROS_PACKAGE_PATH=/home/chinchia120/autoware.ai/install/autoware_can_msgs/share:${ROS_PACKAGE_PATH} /usr/bin/cmake --build /home/chinchia120/autoware.ai/build/kvaser -- -j4 -l4
[14.848s] Invoking command in '/home/chinchia120/autoware.ai/build/kvaser': CMAKE_PREFIX_PATH=/home/chinchia120/autoware.ai/install/autoware_can_msgs:${CMAKE_PREFIX_PATH} PKG_CONFIG_PATH=/home/chinchia120/autoware.ai/install/autoware_can_msgs/lib/x86_64-linux-gnu/pkgconfig:/home/chinchia120/autoware.ai/install/autoware_can_msgs/lib/pkgconfig:${PKG_CONFIG_PATH} PYTHONPATH=/home/chinchia120/autoware.ai/install/autoware_can_msgs/lib/python2.7/dist-packages:${PYTHONPATH} ROS_PACKAGE_PATH=/home/chinchia120/autoware.ai/install/autoware_can_msgs/share:${ROS_PACKAGE_PATH} /usr/bin/cmake --build /home/chinchia120/autoware.ai/build/kvaser --target tests -- -j4 -l4
[14.982s] [35m[1mScanning dependencies of target tests[0m
[15.008s] Built target tests
[15.037s] Invoked command in '/home/chinchia120/autoware.ai/build/kvaser' returned '0': CMAKE_PREFIX_PATH=/home/chinchia120/autoware.ai/install/autoware_can_msgs:${CMAKE_PREFIX_PATH} PKG_CONFIG_PATH=/home/chinchia120/autoware.ai/install/autoware_can_msgs/lib/x86_64-linux-gnu/pkgconfig:/home/chinchia120/autoware.ai/install/autoware_can_msgs/lib/pkgconfig:${PKG_CONFIG_PATH} PYTHONPATH=/home/chinchia120/autoware.ai/install/autoware_can_msgs/lib/python2.7/dist-packages:${PYTHONPATH} ROS_PACKAGE_PATH=/home/chinchia120/autoware.ai/install/autoware_can_msgs/share:${ROS_PACKAGE_PATH} /usr/bin/cmake --build /home/chinchia120/autoware.ai/build/kvaser --target tests -- -j4 -l4
[15.239s] Invoking command in '/home/chinchia120/autoware.ai/build/kvaser': CMAKE_PREFIX_PATH=/home/chinchia120/autoware.ai/install/autoware_can_msgs:${CMAKE_PREFIX_PATH} PKG_CONFIG_PATH=/home/chinchia120/autoware.ai/install/autoware_can_msgs/lib/x86_64-linux-gnu/pkgconfig:/home/chinchia120/autoware.ai/install/autoware_can_msgs/lib/pkgconfig:${PKG_CONFIG_PATH} PYTHONPATH=/home/chinchia120/autoware.ai/install/autoware_can_msgs/lib/python2.7/dist-packages:${PYTHONPATH} ROS_PACKAGE_PATH=/home/chinchia120/autoware.ai/install/autoware_can_msgs/share:${ROS_PACKAGE_PATH} /usr/bin/cmake --build /home/chinchia120/autoware.ai/build/kvaser --target install -- -j4 -l4
[15.380s] [  0%] Built target geometry_msgs_generate_messages_lisp
[15.430s] [  0%] Built target std_msgs_generate_messages_lisp
[15.494s] [  0%] Built target roscpp_generate_messages_cpp
[15.545s] [  0%] Built target autoware_can_msgs_generate_messages_py
[15.589s] [  0%] Built target visualization_msgs_generate_messages_py
[15.645s] [  0%] Built target geometry_msgs_generate_messages_py
[15.688s] [  0%] Built target std_msgs_generate_messages_eus
[15.735s] [  0%] Built target rosgraph_msgs_generate_messages_nodejs
[15.793s] [  0%] Built target rosgraph_msgs_generate_messages_py
[15.853s] [  0%] Built target autoware_can_msgs_generate_messages_eus
[15.903s] [  0%] Built target roscpp_generate_messages_lisp
[15.956s] [  0%] Built target geometry_msgs_generate_messages_nodejs
[15.997s] [  0%] Built target autoware_can_msgs_generate_messages_nodejs
[16.040s] [  0%] Built target autoware_can_msgs_generate_messages_lisp
[16.082s] [  0%] Built target autoware_can_msgs_generate_messages_cpp
[16.129s] [  0%] Built target rosgraph_msgs_generate_messages_cpp
[16.185s] [  0%] Built target roscpp_generate_messages_py
[16.238s] [  0%] Built target roscpp_generate_messages_nodejs
[16.286s] [  0%] Built target roscpp_generate_messages_eus
[16.349s] [  0%] Built target geometry_msgs_generate_messages_eus
[16.390s] [  0%] Built target rosgraph_msgs_generate_messages_eus
[16.442s] [  0%] Built target rosgraph_msgs_generate_messages_lisp
[16.502s] [  0%] Built target visualization_msgs_generate_messages_cpp
[16.552s] [  0%] Built target visualization_msgs_generate_messages_eus
[16.603s] [  0%] Built target std_msgs_generate_messages_cpp
[16.666s] [  0%] Built target visualization_msgs_generate_messages_lisp
[16.722s] [  0%] Built target visualization_msgs_generate_messages_nodejs
[16.773s] [  0%] Built target geometry_msgs_generate_messages_cpp
[16.827s] [  0%] Built target std_msgs_generate_messages_nodejs
[16.877s] [  0%] Built target std_msgs_generate_messages_py
[16.937s] [ 50%] Built target can_draw
[16.993s] [100%] Built target can_converter
[17.053s] [36mInstall the project...[0m
[17.072s] -- Install configuration: "Release"
[17.072s] -- Installing: /home/chinchia120/autoware.ai/install/kvaser/lib/pkgconfig/kvaser.pc
[17.072s] -- Installing: /home/chinchia120/autoware.ai/install/kvaser/share/kvaser/cmake/kvaserConfig.cmake
[17.073s] -- Installing: /home/chinchia120/autoware.ai/install/kvaser/share/kvaser/cmake/kvaserConfig-version.cmake
[17.073s] -- Installing: /home/chinchia120/autoware.ai/install/kvaser/share/kvaser/package.xml
[17.073s] -- Installing: /home/chinchia120/autoware.ai/install/kvaser/lib/kvaser/can_converter
[17.074s] -- Set runtime path of "/home/chinchia120/autoware.ai/install/kvaser/lib/kvaser/can_converter" to ""
[17.074s] -- Installing: /home/chinchia120/autoware.ai/install/kvaser/lib/kvaser/can_draw
[17.075s] -- Set runtime path of "/home/chinchia120/autoware.ai/install/kvaser/lib/kvaser/can_draw" to ""
[17.084s] Invoked command in '/home/chinchia120/autoware.ai/build/kvaser' returned '0': CMAKE_PREFIX_PATH=/home/chinchia120/autoware.ai/install/autoware_can_msgs:${CMAKE_PREFIX_PATH} PKG_CONFIG_PATH=/home/chinchia120/autoware.ai/install/autoware_can_msgs/lib/x86_64-linux-gnu/pkgconfig:/home/chinchia120/autoware.ai/install/autoware_can_msgs/lib/pkgconfig:${PKG_CONFIG_PATH} PYTHONPATH=/home/chinchia120/autoware.ai/install/autoware_can_msgs/lib/python2.7/dist-packages:${PYTHONPATH} ROS_PACKAGE_PATH=/home/chinchia120/autoware.ai/install/autoware_can_msgs/share:${ROS_PACKAGE_PATH} /usr/bin/cmake --build /home/chinchia120/autoware.ai/build/kvaser --target install -- -j4 -l4
