[0.067s] Invoking command in '/home/chinchia120/autoware.ai/build/ros_observer': /usr/bin/cmake /home/chinchia120/autoware.ai/src/autoware/common/ros_observer -DCMAKE_BUILD_TYPE=Release -DCATKIN_INSTALL_INTO_PREFIX_ROOT=0 -DCMAKE_INSTALL_PREFIX=/home/chinchia120/autoware.ai/install/ros_observer
[0.663s] -- The C compiler identification is GNU 7.5.0
[1.054s] -- The CXX compiler identification is GNU 7.5.0
[1.092s] -- Check for working C compiler: /usr/bin/cc
[1.587s] -- Check for working C compiler: /usr/bin/cc -- works
[1.587s] -- Detecting C compiler ABI info
[2.063s] -- Detecting C compiler ABI info - done
[2.117s] -- Detecting C compile features
[3.782s] -- Detecting C compile features - done
[3.787s] -- Check for working CXX compiler: /usr/bin/c++
[4.360s] -- Check for working CXX compiler: /usr/bin/c++ -- works
[4.362s] -- Detecting CXX compiler ABI info
[5.038s] -- Detecting CXX compiler ABI info - done
[5.092s] -- Detecting CXX compile features
[7.680s] -- Detecting CXX compile features - done
[7.684s] -- Using CATKIN_DEVEL_PREFIX: /home/chinchia120/autoware.ai/build/ros_observer/devel
[7.685s] -- Using CMAKE_PREFIX_PATH: /home/chinchia120/catkin_ws/devel;/opt/ros/melodic
[7.685s] -- This workspace overlays: /home/chinchia120/catkin_ws/devel;/opt/ros/melodic
[7.763s] -- Found PythonInterp: /usr/bin/python2 (found suitable version "2.7.17", minimum required is "2") 
[7.763s] -- Using PYTHON_EXECUTABLE: /usr/bin/python2
[7.763s] -- Using Debian Python package layout
[7.763s] -- Using empy: /usr/bin/empy
[8.565s] -- Using CATKIN_ENABLE_TESTING: ON
[8.565s] -- Call enable_testing()
[8.578s] -- Using CATKIN_TEST_RESULTS_DIR: /home/chinchia120/autoware.ai/build/ros_observer/test_results
[8.673s] -- Found gtest sources under '/usr/src/googletest': gtests will be built
[8.673s] -- Found gmock sources under '/usr/src/googletest': gmock will be built
[8.755s] -- Found PythonInterp: /usr/bin/python2 (found version "2.7.17") 
[8.757s] -- Looking for pthread.h
[9.433s] -- Looking for pthread.h - found
[9.434s] -- Looking for pthread_create
[10.663s] -- Looking for pthread_create - not found
[10.663s] -- Looking for pthread_create in pthreads
[11.270s] -- Looking for pthread_create in pthreads - not found
[11.270s] -- Looking for pthread_create in pthread
[11.954s] -- Looking for pthread_create in pthread - found
[11.956s] -- Found Threads: TRUE  
[11.970s] -- Using Python nosetests: /usr/bin/nosetests-2.7
[12.205s] -- catkin 0.7.29
[12.205s] -- BUILD_SHARED_LIBS is on
[14.122s] -- Boost version: 1.65.1
[14.122s] -- Found the following Boost libraries:
[14.122s] --   thread
[14.122s] --   chrono
[14.122s] --   system
[14.123s] --   date_time
[14.123s] --   atomic
[14.736s] -- Configuring done
[14.960s] -- Generating done
[14.976s] -- Build files have been written to: /home/chinchia120/autoware.ai/build/ros_observer
[14.986s] Invoked command in '/home/chinchia120/autoware.ai/build/ros_observer' returned '0': /usr/bin/cmake /home/chinchia120/autoware.ai/src/autoware/common/ros_observer -DCMAKE_BUILD_TYPE=Release -DCATKIN_INSTALL_INTO_PREFIX_ROOT=0 -DCMAKE_INSTALL_PREFIX=/home/chinchia120/autoware.ai/install/ros_observer
[14.992s] Invoking command in '/home/chinchia120/autoware.ai/build/ros_observer': /usr/bin/cmake --build /home/chinchia120/autoware.ai/build/ros_observer -- -j4 -l4
[15.335s] [35m[1mScanning dependencies of target std_msgs_generate_messages_lisp[0m
[15.435s] [  0%] Built target std_msgs_generate_messages_lisp
[15.545s] [35m[1mScanning dependencies of target std_msgs_generate_messages_eus[0m
[15.624s] [  0%] Built target std_msgs_generate_messages_eus
[15.683s] [35m[1mScanning dependencies of target rosgraph_msgs_generate_messages_lisp[0m
[15.792s] [  0%] Built target rosgraph_msgs_generate_messages_lisp
[15.844s] [35m[1mScanning dependencies of target rosgraph_msgs_generate_messages_eus[0m
[15.907s] [  0%] Built target rosgraph_msgs_generate_messages_eus
[15.990s] [35m[1mScanning dependencies of target rosgraph_msgs_generate_messages_cpp[0m
[16.103s] [  0%] Built target rosgraph_msgs_generate_messages_cpp
[16.223s] [35m[1mScanning dependencies of target std_msgs_generate_messages_py[0m
[16.313s] [  0%] Built target std_msgs_generate_messages_py
[16.397s] [35m[1mScanning dependencies of target roscpp_generate_messages_nodejs[0m
[16.499s] [  0%] Built target roscpp_generate_messages_nodejs
[16.553s] [35m[1mScanning dependencies of target roscpp_generate_messages_eus[0m
[16.630s] [  0%] Built target roscpp_generate_messages_eus
[16.734s] [35m[1mScanning dependencies of target roscpp_generate_messages_lisp[0m
[16.823s] [  0%] Built target roscpp_generate_messages_lisp
[16.914s] [35m[1mScanning dependencies of target roscpp_generate_messages_cpp[0m
[17.067s] [  0%] Built target roscpp_generate_messages_cpp
[17.194s] [35m[1mScanning dependencies of target std_msgs_generate_messages_cpp[0m
[17.274s] [  0%] Built target std_msgs_generate_messages_cpp
[17.335s] [35m[1mScanning dependencies of target roscpp_generate_messages_py[0m
[17.429s] [  0%] Built target roscpp_generate_messages_py
[17.557s] [35m[1mScanning dependencies of target std_msgs_generate_messages_nodejs[0m
[17.658s] [  0%] Built target std_msgs_generate_messages_nodejs
[17.728s] [35m[1mScanning dependencies of target rosgraph_msgs_generate_messages_py[0m
[17.840s] [  0%] Built target rosgraph_msgs_generate_messages_py
[17.998s] [35m[1mScanning dependencies of target rosgraph_msgs_generate_messages_nodejs[0m
[18.151s] [  0%] Built target rosgraph_msgs_generate_messages_nodejs
[18.275s] [35m[1mScanning dependencies of target ros_observer[0m
[18.387s] [ 25%] [32mBuilding CXX object CMakeFiles/ros_observer.dir/src/ros_observer.cpp.o[0m
[31.744s] [ 50%] [32m[1mLinking CXX executable devel/lib/ros_observer/ros_observer[0m
[32.010s] [ 50%] Built target ros_observer
[32.060s] [35m[1mScanning dependencies of target lib_ros_observer[0m
[32.134s] [ 75%] [32mBuilding CXX object CMakeFiles/lib_ros_observer.dir/lib/lib_ros_observer.cpp.o[0m
[38.403s] [100%] [32m[1mLinking CXX shared library devel/lib/liblib_ros_observer.so[0m
[38.618s] [100%] Built target lib_ros_observer
[38.641s] Invoked command in '/home/chinchia120/autoware.ai/build/ros_observer' returned '0': /usr/bin/cmake --build /home/chinchia120/autoware.ai/build/ros_observer -- -j4 -l4
[38.846s] Invoking command in '/home/chinchia120/autoware.ai/build/ros_observer': /usr/bin/cmake --build /home/chinchia120/autoware.ai/build/ros_observer --target tests -- -j4 -l4
[39.024s] [  0%] Built target std_msgs_generate_messages_lisp
[39.101s] [  0%] Built target std_msgs_generate_messages_eus
[39.158s] [  0%] Built target rosgraph_msgs_generate_messages_lisp
[39.220s] [  0%] Built target rosgraph_msgs_generate_messages_eus
[39.277s] [  0%] Built target rosgraph_msgs_generate_messages_cpp
[39.332s] [  0%] Built target std_msgs_generate_messages_py
[39.408s] [  0%] Built target roscpp_generate_messages_nodejs
[39.478s] [  0%] Built target roscpp_generate_messages_eus
[39.537s] [  0%] Built target roscpp_generate_messages_lisp
[39.603s] [  0%] Built target roscpp_generate_messages_cpp
[39.663s] [  0%] Built target std_msgs_generate_messages_cpp
[39.740s] [  0%] Built target roscpp_generate_messages_py
[39.813s] [  0%] Built target std_msgs_generate_messages_nodejs
[39.842s] [35m[1mScanning dependencies of target gtest[0m
[39.933s] [ 16%] [32mBuilding CXX object gtest/googlemock/gtest/CMakeFiles/gtest.dir/src/gtest-all.cc.o[0m
[51.941s] [ 33%] [32m[1mLinking CXX shared library libgtest.so[0m
[52.132s] [ 33%] Built target gtest
[52.189s] [ 33%] Built target rosgraph_msgs_generate_messages_py
[52.249s] [ 33%] Built target rosgraph_msgs_generate_messages_nodejs
[52.320s] [ 66%] Built target lib_ros_observer
[52.349s] [35m[1mScanning dependencies of target test_ros_observer[0m
[52.455s] [ 83%] [32mBuilding CXX object CMakeFiles/test_ros_observer.dir/test/src/test_ros_observer.cpp.o[0m
[64.785s] [100%] [32m[1mLinking CXX executable devel/lib/ros_observer/test_ros_observer[0m
[65.180s] [100%] Built target test_ros_observer
[65.208s] [35m[1mScanning dependencies of target tests[0m
[65.240s] [100%] Built target tests
[65.265s] Invoked command in '/home/chinchia120/autoware.ai/build/ros_observer' returned '0': /usr/bin/cmake --build /home/chinchia120/autoware.ai/build/ros_observer --target tests -- -j4 -l4
[65.480s] Invoking command in '/home/chinchia120/autoware.ai/build/ros_observer': /usr/bin/cmake --build /home/chinchia120/autoware.ai/build/ros_observer --target install -- -j4 -l4
[65.637s] [  0%] Built target std_msgs_generate_messages_lisp
[65.700s] [  0%] Built target std_msgs_generate_messages_eus
[65.759s] [  0%] Built target rosgraph_msgs_generate_messages_lisp
[65.816s] [  0%] Built target rosgraph_msgs_generate_messages_eus
[65.879s] [  0%] Built target rosgraph_msgs_generate_messages_cpp
[65.937s] [  0%] Built target std_msgs_generate_messages_py
[65.994s] [  0%] Built target roscpp_generate_messages_nodejs
[66.051s] [  0%] Built target roscpp_generate_messages_eus
[66.117s] [  0%] Built target roscpp_generate_messages_lisp
[66.172s] [  0%] Built target roscpp_generate_messages_cpp
[66.242s] [  0%] Built target std_msgs_generate_messages_cpp
[66.314s] [  0%] Built target roscpp_generate_messages_py
[66.387s] [  0%] Built target std_msgs_generate_messages_nodejs
[66.454s] [  0%] Built target rosgraph_msgs_generate_messages_py
[66.526s] [  0%] Built target rosgraph_msgs_generate_messages_nodejs
[66.603s] [ 50%] Built target ros_observer
[66.680s] [100%] Built target lib_ros_observer
[66.736s] [36mInstall the project...[0m
[66.758s] -- Install configuration: "Release"
[66.758s] -- Installing: /home/chinchia120/autoware.ai/install/ros_observer/lib/pkgconfig/ros_observer.pc
[66.759s] -- Installing: /home/chinchia120/autoware.ai/install/ros_observer/share/ros_observer/cmake/ros_observerConfig.cmake
[66.760s] -- Installing: /home/chinchia120/autoware.ai/install/ros_observer/share/ros_observer/cmake/ros_observerConfig-version.cmake
[66.760s] -- Installing: /home/chinchia120/autoware.ai/install/ros_observer/share/ros_observer/package.xml
[66.761s] -- Installing: /home/chinchia120/autoware.ai/install/ros_observer/include/ros_observer
[66.761s] -- Installing: /home/chinchia120/autoware.ai/install/ros_observer/include/ros_observer/lib_ros_observer.h
[66.761s] -- Installing: /home/chinchia120/autoware.ai/install/ros_observer/include/ros_observer/ros_observer.h
[66.761s] -- Installing: /home/chinchia120/autoware.ai/install/ros_observer/lib/ros_observer/ros_observer
[66.762s] -- Installing: /home/chinchia120/autoware.ai/install/ros_observer/lib/liblib_ros_observer.so
[66.768s] -- Set runtime path of "/home/chinchia120/autoware.ai/install/ros_observer/lib/liblib_ros_observer.so" to ""
[66.768s] -- Installing: /home/chinchia120/autoware.ai/install/ros_observer/share/ros_observer/launch
[66.768s] -- Installing: /home/chinchia120/autoware.ai/install/ros_observer/share/ros_observer/launch/test.launch
[66.769s] -- Installing: /home/chinchia120/autoware.ai/install/ros_observer/share/ros_observer/launch/ros_observer.launch
[66.774s] Invoked command in '/home/chinchia120/autoware.ai/build/ros_observer' returned '0': /usr/bin/cmake --build /home/chinchia120/autoware.ai/build/ros_observer --target install -- -j4 -l4
