[0.042s] Invoking command in '/home/chinchia120/autoware.ai/build/microstrain_driver': /usr/bin/cmake /home/chinchia120/autoware.ai/src/drivers/awf_drivers/microstrain -DCMAKE_BUILD_TYPE=Release -DCATKIN_INSTALL_INTO_PREFIX_ROOT=0 -DCMAKE_INSTALL_PREFIX=/home/chinchia120/autoware.ai/install/microstrain_driver
[0.195s] -- The C compiler identification is GNU 7.5.0
[0.313s] -- The CXX compiler identification is GNU 7.5.0
[0.332s] -- Check for working C compiler: /usr/bin/cc
[0.480s] -- Check for working C compiler: /usr/bin/cc -- works
[0.480s] -- Detecting C compiler ABI info
[0.640s] -- Detecting C compiler ABI info - done
[0.653s] -- Detecting C compile features
[1.141s] -- Detecting C compile features - done
[1.149s] -- Check for working CXX compiler: /usr/bin/c++
[1.340s] -- Check for working CXX compiler: /usr/bin/c++ -- works
[1.340s] -- Detecting CXX compiler ABI info
[1.532s] -- Detecting CXX compiler ABI info - done
[1.555s] -- Detecting CXX compile features
[2.390s] -- Detecting CXX compile features - done
[2.394s] -- Using CATKIN_DEVEL_PREFIX: /home/chinchia120/autoware.ai/build/microstrain_driver/devel
[2.395s] -- Using CMAKE_PREFIX_PATH: /home/chinchia120/catkin_ws/devel;/opt/ros/melodic
[2.395s] -- This workspace overlays: /home/chinchia120/catkin_ws/devel;/opt/ros/melodic
[2.423s] -- Found PythonInterp: /usr/bin/python2 (found suitable version "2.7.17", minimum required is "2") 
[2.424s] -- Using PYTHON_EXECUTABLE: /usr/bin/python2
[2.424s] -- Using Debian Python package layout
[2.424s] -- Using empy: /usr/bin/empy
[2.726s] -- Using CATKIN_ENABLE_TESTING: ON
[2.726s] -- Call enable_testing()
[2.740s] -- Using CATKIN_TEST_RESULTS_DIR: /home/chinchia120/autoware.ai/build/microstrain_driver/test_results
[2.764s] -- Found gtest sources under '/usr/src/googletest': gtests will be built
[2.764s] -- Found gmock sources under '/usr/src/googletest': gmock will be built
[2.800s] -- Found PythonInterp: /usr/bin/python2 (found version "2.7.17") 
[2.800s] -- Looking for pthread.h
[2.969s] -- Looking for pthread.h - found
[2.970s] -- Looking for pthread_create
[3.138s] -- Looking for pthread_create - not found
[3.141s] -- Looking for pthread_create in pthreads
[3.286s] -- Looking for pthread_create in pthreads - not found
[3.286s] -- Looking for pthread_create in pthread
[3.450s] -- Looking for pthread_create in pthread - found
[3.452s] -- Found Threads: TRUE  
[3.463s] -- Using Python nosetests: /usr/bin/nosetests-2.7
[3.543s] -- catkin 0.7.29
[3.543s] -- BUILD_SHARED_LIBS is on
[3.870s] -- Using these message generators: gencpp;geneus;genlisp;gennodejs;genpy
[4.446s] -- Configuring done
[4.553s] -- Generating done
[4.569s] -- Build files have been written to: /home/chinchia120/autoware.ai/build/microstrain_driver
[4.578s] Invoked command in '/home/chinchia120/autoware.ai/build/microstrain_driver' returned '0': /usr/bin/cmake /home/chinchia120/autoware.ai/src/drivers/awf_drivers/microstrain -DCMAKE_BUILD_TYPE=Release -DCATKIN_INSTALL_INTO_PREFIX_ROOT=0 -DCMAKE_INSTALL_PREFIX=/home/chinchia120/autoware.ai/install/microstrain_driver
[4.580s] Invoking command in '/home/chinchia120/autoware.ai/build/microstrain_driver': /usr/bin/cmake --build /home/chinchia120/autoware.ai/build/microstrain_driver -- -j4 -l4
[4.699s] [35m[1mScanning dependencies of target microstrain_driver[0m
[4.821s] [  5%] [32mBuilding CXX object CMakeFiles/microstrain_driver.dir/src/microstrain.cpp.o[0m
[9.226s] [ 11%] [32mBuilding C object CMakeFiles/microstrain_driver.dir/MIPSDK/C/Library/Source/mip_sdk_base.c.o[0m
[9.534s] [ 17%] [32mBuilding C object CMakeFiles/microstrain_driver.dir/MIPSDK/C/Library/Source/mip_sdk_inteface.c.o[0m
[9.583s] [01m[K/home/chinchia120/autoware.ai/src/drivers/awf_drivers/microstrain/MIPSDK/C/Library/Source/mip_sdk_inteface.c:[m[K In function ‘[01m[K__mip_interface_command_response_handler[m[K’:
[9.583s] [01m[K/home/chinchia120/autoware.ai/src/drivers/awf_drivers/microstrain/MIPSDK/C/Library/Source/mip_sdk_inteface.c:755:49:[m[K [01;35m[Kwarning: [m[Kassignment from incompatible pointer type [[01;35m[K-Wincompatible-pointer-types[m[K]
[9.584s]     device_interface->command_response_data      [01;35m[K=[m[K field_header_ptr;
[9.584s] 
[9.584s]                                                  [01;35m[K^[m[K
[9.769s] [ 23%] [32mBuilding C object CMakeFiles/microstrain_driver.dir/MIPSDK/C/Library/Source/mip_sdk_3dm.c.o[0m
[10.132s] [ 29%] [32mBuilding C object CMakeFiles/microstrain_driver.dir/MIPSDK/C/Library/Source/mip_sdk_filter.c.o[0m
[10.541s] [ 35%] [32mBuilding C object CMakeFiles/microstrain_driver.dir/MIPSDK/C/Library/Source/mip_sdk_system.c.o[0m
[10.631s] [ 41%] [32mBuilding C object CMakeFiles/microstrain_driver.dir/MIPSDK/C/Library/Source/mip_sdk_ahrs.c.o[0m
[10.794s] [ 47%] [32mBuilding C object CMakeFiles/microstrain_driver.dir/MIPSDK/C/Library/Source/mip_sdk_gps.c.o[0m
[10.906s] [ 52%] [32mBuilding C object CMakeFiles/microstrain_driver.dir/MIPSDK/C/Library/Source/ring_buffer.c.o[0m
[11.090s] [ 58%] [32mBuilding C object CMakeFiles/microstrain_driver.dir/MIPSDK/C/Utilities/Source/byteswap_utilities.c.o[0m
[11.155s] [ 64%] [32mBuilding C object CMakeFiles/microstrain_driver.dir/MIPSDK/C/Library/Source/mip.c.o[0m
[11.173s] [01m[K/home/chinchia120/autoware.ai/src/drivers/awf_drivers/microstrain/MIPSDK/C/Library/Source/mip.c:[m[K In function ‘[01m[Kmip_add_field[m[K’:
[11.173s] [01m[K/home/chinchia120/autoware.ai/src/drivers/awf_drivers/microstrain/MIPSDK/C/Library/Source/mip.c:189:3:[m[K [01;35m[Kwarning: [m[Kimplicit declaration of function ‘[01m[Kmemcpy[m[K’ [[01;35m[K-Wimplicit-function-declaration[m[K]
[11.173s]    [01;35m[Kmemcpy[m[K(field_data_ptr, field_data, data_size);
[11.173s] 
[11.173s]    [01;35m[K^~~~~~[m[K
[11.173s] [01m[K/home/chinchia120/autoware.ai/src/drivers/awf_drivers/microstrain/MIPSDK/C/Library/Source/mip.c:189:3:[m[K [01;35m[Kwarning: [m[Kincompatible implicit declaration of built-in function ‘[01m[Kmemcpy[m[K’
[11.173s] [01m[K/home/chinchia120/autoware.ai/src/drivers/awf_drivers/microstrain/MIPSDK/C/Library/Source/mip.c:189:3:[m[K [01;36m[Knote: [m[Kinclude ‘[01m[K<string.h>[m[K’ or provide a declaration of ‘[01m[Kmemcpy[m[K’
[11.174s] [01m[K/home/chinchia120/autoware.ai/src/drivers/awf_drivers/microstrain/MIPSDK/C/Library/Source/mip.c:[m[K In function ‘[01m[Kmip_add_formatted_field[m[K’:
[11.174s] [01m[K/home/chinchia120/autoware.ai/src/drivers/awf_drivers/microstrain/MIPSDK/C/Library/Source/mip.c:250:2:[m[K [01;35m[Kwarning: [m[Kincompatible implicit declaration of built-in function ‘[01m[Kmemcpy[m[K’
[11.174s]   [01;35m[Kmemcpy[m[K(field_location, field, field_header_ptr->size);
[11.174s] 
[11.174s]   [01;35m[K^~~~~~[m[K
[11.176s] [01m[K/home/chinchia120/autoware.ai/src/drivers/awf_drivers/microstrain/MIPSDK/C/Library/Source/mip.c:250:2:[m[K [01;36m[Knote: [m[Kinclude ‘[01m[K<string.h>[m[K’ or provide a declaration of ‘[01m[Kmemcpy[m[K’
[11.292s] [ 70%] [32mBuilding C object CMakeFiles/microstrain_driver.dir/src/mip_sdk_user_functions.c.o[0m
[11.439s] [ 76%] [32m[1mLinking CXX shared library devel/lib/libmicrostrain_driver.so[0m
[11.674s] [ 76%] Built target microstrain_driver
[11.705s] [35m[1mScanning dependencies of target 3dm_gx5_15_node[0m
[11.757s] [ 82%] [32mBuilding CXX object CMakeFiles/3dm_gx5_15_node.dir/src/3dm_gx5_15_node.cpp.o[0m
[14.327s] [ 88%] [32m[1mLinking CXX executable devel/lib/microstrain_driver/3dm_gx5_15_node[0m
[14.607s] [ 88%] Built target 3dm_gx5_15_node
[14.646s] [35m[1mScanning dependencies of target 3dm_gx5_45_node[0m
[14.703s] [ 94%] [32mBuilding CXX object CMakeFiles/3dm_gx5_45_node.dir/src/3dm_gx5_45_node.cpp.o[0m
[17.177s] [100%] [32m[1mLinking CXX executable devel/lib/microstrain_driver/3dm_gx5_45_node[0m
[17.460s] [100%] Built target 3dm_gx5_45_node
[17.495s] Invoked command in '/home/chinchia120/autoware.ai/build/microstrain_driver' returned '0': /usr/bin/cmake --build /home/chinchia120/autoware.ai/build/microstrain_driver -- -j4 -l4
[17.829s] Invoking command in '/home/chinchia120/autoware.ai/build/microstrain_driver': /usr/bin/cmake --build /home/chinchia120/autoware.ai/build/microstrain_driver --target tests -- -j4 -l4
[17.972s] [35m[1mScanning dependencies of target tests[0m
[18.006s] Built target tests
[18.032s] Invoked command in '/home/chinchia120/autoware.ai/build/microstrain_driver' returned '0': /usr/bin/cmake --build /home/chinchia120/autoware.ai/build/microstrain_driver --target tests -- -j4 -l4
[18.364s] Invoking command in '/home/chinchia120/autoware.ai/build/microstrain_driver': /usr/bin/cmake --build /home/chinchia120/autoware.ai/build/microstrain_driver --target install -- -j4 -l4
[18.522s] [ 76%] Built target microstrain_driver
[18.585s] [ 88%] Built target 3dm_gx5_15_node
[18.648s] [100%] Built target 3dm_gx5_45_node
[18.719s] [36mInstall the project...[0m
[18.747s] -- Install configuration: "Release"
[18.748s] -- Installing: /home/chinchia120/autoware.ai/install/microstrain_driver/lib/pkgconfig/microstrain_driver.pc
[18.748s] -- Installing: /home/chinchia120/autoware.ai/install/microstrain_driver/share/microstrain_driver/cmake/microstrain_driverConfig.cmake
[18.749s] -- Installing: /home/chinchia120/autoware.ai/install/microstrain_driver/share/microstrain_driver/cmake/microstrain_driverConfig-version.cmake
[18.749s] -- Installing: /home/chinchia120/autoware.ai/install/microstrain_driver/share/microstrain_driver/package.xml
[18.750s] -- Installing: /home/chinchia120/autoware.ai/install/microstrain_driver/lib/libmicrostrain_driver.so
[18.751s] -- Set runtime path of "/home/chinchia120/autoware.ai/install/microstrain_driver/lib/libmicrostrain_driver.so" to ""
[18.752s] -- Installing: /home/chinchia120/autoware.ai/install/microstrain_driver/lib/microstrain_driver/3dm_gx5_15_node
[18.753s] -- Set runtime path of "/home/chinchia120/autoware.ai/install/microstrain_driver/lib/microstrain_driver/3dm_gx5_15_node" to ""
[18.753s] -- Installing: /home/chinchia120/autoware.ai/install/microstrain_driver/lib/microstrain_driver/3dm_gx5_45_node
[18.754s] -- Set runtime path of "/home/chinchia120/autoware.ai/install/microstrain_driver/lib/microstrain_driver/3dm_gx5_45_node" to ""
[18.755s] -- Installing: /home/chinchia120/autoware.ai/install/microstrain_driver/share/microstrain_driver/launch
[18.755s] -- Installing: /home/chinchia120/autoware.ai/install/microstrain_driver/share/microstrain_driver/launch/microstrain.launch
[18.760s] -- Installing: /home/chinchia120/autoware.ai/install/microstrain_driver/share/microstrain_driver/launch/3dm_gx5_15.launch
[18.769s] Invoked command in '/home/chinchia120/autoware.ai/build/microstrain_driver' returned '0': /usr/bin/cmake --build /home/chinchia120/autoware.ai/build/microstrain_driver --target install -- -j4 -l4
