[0.080s] Invoking command in '/home/chinchia120/autoware.ai/build/vision_ssd_detect': CMAKE_PREFIX_PATH=/home/chinchia120/autoware.ai/install/gnss:/home/chinchia120/autoware.ai/install/autoware_msgs:/home/chinchia120/autoware.ai/install/autoware_config_msgs:/home/chinchia120/autoware.ai/install/autoware_build_flags:${CMAKE_PREFIX_PATH} LD_LIBRARY_PATH=/home/chinchia120/autoware.ai/install/gnss/lib:${LD_LIBRARY_PATH} PKG_CONFIG_PATH=/home/chinchia120/autoware.ai/install/gnss/lib/x86_64-linux-gnu/pkgconfig:/home/chinchia120/autoware.ai/install/gnss/lib/pkgconfig:/home/chinchia120/autoware.ai/install/autoware_msgs/lib/x86_64-linux-gnu/pkgconfig:/home/chinchia120/autoware.ai/install/autoware_msgs/lib/pkgconfig:/home/chinchia120/autoware.ai/install/autoware_config_msgs/lib/x86_64-linux-gnu/pkgconfig:/home/chinchia120/autoware.ai/install/autoware_config_msgs/lib/pkgconfig:/home/chinchia120/autoware.ai/install/autoware_build_flags/lib/x86_64-linux-gnu/pkgconfig:/home/chinchia120/autoware.ai/install/autoware_build_flags/lib/pkgconfig:${PKG_CONFIG_PATH} PYTHONPATH=/home/chinchia120/autoware.ai/install/autoware_msgs/lib/python2.7/dist-packages:/home/chinchia120/autoware.ai/install/autoware_config_msgs/lib/python2.7/dist-packages:${PYTHONPATH} ROS_PACKAGE_PATH=/home/chinchia120/autoware.ai/install/gnss/share:/home/chinchia120/autoware.ai/install/autoware_msgs/share:/home/chinchia120/autoware.ai/install/autoware_config_msgs/share:/home/chinchia120/autoware.ai/install/autoware_build_flags/share:${ROS_PACKAGE_PATH} /usr/bin/cmake /home/chinchia120/autoware.ai/src/autoware/core_perception/vision_ssd_detect -DCMAKE_BUILD_TYPE=Release -DCATKIN_INSTALL_INTO_PREFIX_ROOT=0 -DCMAKE_INSTALL_PREFIX=/home/chinchia120/autoware.ai/install/vision_ssd_detect
[0.252s] -- The C compiler identification is GNU 7.5.0
[0.396s] -- The CXX compiler identification is GNU 7.5.0
[0.404s] -- Check for working C compiler: /usr/bin/cc
[0.569s] -- Check for working C compiler: /usr/bin/cc -- works
[0.570s] -- Detecting C compiler ABI info
[0.777s] -- Detecting C compiler ABI info - done
[0.812s] -- Detecting C compile features
[1.421s] -- Detecting C compile features - done
[1.437s] -- Check for working CXX compiler: /usr/bin/c++
[1.668s] -- Check for working CXX compiler: /usr/bin/c++ -- works
[1.668s] -- Detecting CXX compiler ABI info
[1.868s] -- Detecting CXX compiler ABI info - done
[1.894s] -- Detecting CXX compile features
[2.863s] -- Detecting CXX compile features - done
[2.876s] -- Found PkgConfig: /usr/bin/pkg-config (found version "0.29.1") 
[2.877s] -- CUDA compilation status: 1.
[2.877s] -- Using CATKIN_DEVEL_PREFIX: /home/chinchia120/autoware.ai/build/vision_ssd_detect/devel
[2.877s] -- Using CMAKE_PREFIX_PATH: /home/chinchia120/autoware.ai/install/gnss;/home/chinchia120/autoware.ai/install/autoware_msgs;/home/chinchia120/autoware.ai/install/autoware_config_msgs;/home/chinchia120/autoware.ai/install/autoware_build_flags;/home/chinchia120/catkin_ws/devel;/opt/ros/melodic
[2.877s] -- This workspace overlays: /home/chinchia120/autoware.ai/install/gnss;/home/chinchia120/autoware.ai/install/autoware_msgs;/home/chinchia120/autoware.ai/install/autoware_config_msgs;/home/chinchia120/autoware.ai/install/autoware_build_flags;/home/chinchia120/catkin_ws/devel;/opt/ros/melodic
[2.904s] -- Found PythonInterp: /usr/bin/python2 (found suitable version "2.7.17", minimum required is "2") 
[2.904s] -- Using PYTHON_EXECUTABLE: /usr/bin/python2
[2.905s] -- Using Debian Python package layout
[2.905s] -- Using empy: /usr/bin/empy
[3.200s] -- Using CATKIN_ENABLE_TESTING: ON
[3.201s] -- Call enable_testing()
[3.208s] -- Using CATKIN_TEST_RESULTS_DIR: /home/chinchia120/autoware.ai/build/vision_ssd_detect/test_results
[3.235s] -- Found gtest sources under '/usr/src/googletest': gtests will be built
[3.235s] -- Found gmock sources under '/usr/src/googletest': gmock will be built
[3.266s] -- Found PythonInterp: /usr/bin/python2 (found version "2.7.17") 
[3.267s] -- Looking for pthread.h
[3.468s] -- Looking for pthread.h - found
[3.469s] -- Looking for pthread_create
[3.688s] -- Looking for pthread_create - not found
[3.689s] -- Looking for pthread_create in pthreads
[3.834s] -- Looking for pthread_create in pthreads - not found
[3.834s] -- Looking for pthread_create in pthread
[4.000s] -- Looking for pthread_create in pthread - found
[4.000s] -- Found Threads: TRUE  
[4.004s] -- Using Python nosetests: /usr/bin/nosetests-2.7
[4.098s] -- catkin 0.7.29
[4.098s] -- BUILD_SHARED_LIBS is on
[4.525s] -- Using these message generators: gencpp;geneus;genlisp;gennodejs;genpy
[5.076s] -- Found CUDA: /usr/local/cuda-10.0 (found version "10.0") 
[5.113s] -- Found OpenCV: /usr (found version "3.2.0") 
[5.414s] 'SSD/Caffe' is not installed. 'ssd_unc' will not be built.
[5.418s] -- Configuring done
[5.522s] -- Generating done
[5.551s] -- Build files have been written to: /home/chinchia120/autoware.ai/build/vision_ssd_detect
[5.562s] Invoked command in '/home/chinchia120/autoware.ai/build/vision_ssd_detect' returned '0': CMAKE_PREFIX_PATH=/home/chinchia120/autoware.ai/install/gnss:/home/chinchia120/autoware.ai/install/autoware_msgs:/home/chinchia120/autoware.ai/install/autoware_config_msgs:/home/chinchia120/autoware.ai/install/autoware_build_flags:${CMAKE_PREFIX_PATH} LD_LIBRARY_PATH=/home/chinchia120/autoware.ai/install/gnss/lib:${LD_LIBRARY_PATH} PKG_CONFIG_PATH=/home/chinchia120/autoware.ai/install/gnss/lib/x86_64-linux-gnu/pkgconfig:/home/chinchia120/autoware.ai/install/gnss/lib/pkgconfig:/home/chinchia120/autoware.ai/install/autoware_msgs/lib/x86_64-linux-gnu/pkgconfig:/home/chinchia120/autoware.ai/install/autoware_msgs/lib/pkgconfig:/home/chinchia120/autoware.ai/install/autoware_config_msgs/lib/x86_64-linux-gnu/pkgconfig:/home/chinchia120/autoware.ai/install/autoware_config_msgs/lib/pkgconfig:/home/chinchia120/autoware.ai/install/autoware_build_flags/lib/x86_64-linux-gnu/pkgconfig:/home/chinchia120/autoware.ai/install/autoware_build_flags/lib/pkgconfig:${PKG_CONFIG_PATH} PYTHONPATH=/home/chinchia120/autoware.ai/install/autoware_msgs/lib/python2.7/dist-packages:/home/chinchia120/autoware.ai/install/autoware_config_msgs/lib/python2.7/dist-packages:${PYTHONPATH} ROS_PACKAGE_PATH=/home/chinchia120/autoware.ai/install/gnss/share:/home/chinchia120/autoware.ai/install/autoware_msgs/share:/home/chinchia120/autoware.ai/install/autoware_config_msgs/share:/home/chinchia120/autoware.ai/install/autoware_build_flags/share:${ROS_PACKAGE_PATH} /usr/bin/cmake /home/chinchia120/autoware.ai/src/autoware/core_perception/vision_ssd_detect -DCMAKE_BUILD_TYPE=Release -DCATKIN_INSTALL_INTO_PREFIX_ROOT=0 -DCMAKE_INSTALL_PREFIX=/home/chinchia120/autoware.ai/install/vision_ssd_detect
[5.568s] Invoking command in '/home/chinchia120/autoware.ai/build/vision_ssd_detect': CMAKE_PREFIX_PATH=/home/chinchia120/autoware.ai/install/gnss:/home/chinchia120/autoware.ai/install/autoware_msgs:/home/chinchia120/autoware.ai/install/autoware_config_msgs:/home/chinchia120/autoware.ai/install/autoware_build_flags:${CMAKE_PREFIX_PATH} LD_LIBRARY_PATH=/home/chinchia120/autoware.ai/install/gnss/lib:${LD_LIBRARY_PATH} PKG_CONFIG_PATH=/home/chinchia120/autoware.ai/install/gnss/lib/x86_64-linux-gnu/pkgconfig:/home/chinchia120/autoware.ai/install/gnss/lib/pkgconfig:/home/chinchia120/autoware.ai/install/autoware_msgs/lib/x86_64-linux-gnu/pkgconfig:/home/chinchia120/autoware.ai/install/autoware_msgs/lib/pkgconfig:/home/chinchia120/autoware.ai/install/autoware_config_msgs/lib/x86_64-linux-gnu/pkgconfig:/home/chinchia120/autoware.ai/install/autoware_config_msgs/lib/pkgconfig:/home/chinchia120/autoware.ai/install/autoware_build_flags/lib/x86_64-linux-gnu/pkgconfig:/home/chinchia120/autoware.ai/install/autoware_build_flags/lib/pkgconfig:${PKG_CONFIG_PATH} PYTHONPATH=/home/chinchia120/autoware.ai/install/autoware_msgs/lib/python2.7/dist-packages:/home/chinchia120/autoware.ai/install/autoware_config_msgs/lib/python2.7/dist-packages:${PYTHONPATH} ROS_PACKAGE_PATH=/home/chinchia120/autoware.ai/install/gnss/share:/home/chinchia120/autoware.ai/install/autoware_msgs/share:/home/chinchia120/autoware.ai/install/autoware_config_msgs/share:/home/chinchia120/autoware.ai/install/autoware_build_flags/share:${ROS_PACKAGE_PATH} /usr/bin/cmake --build /home/chinchia120/autoware.ai/build/vision_ssd_detect -- -j4 -l4
[5.701s] Invoked command in '/home/chinchia120/autoware.ai/build/vision_ssd_detect' returned '0': CMAKE_PREFIX_PATH=/home/chinchia120/autoware.ai/install/gnss:/home/chinchia120/autoware.ai/install/autoware_msgs:/home/chinchia120/autoware.ai/install/autoware_config_msgs:/home/chinchia120/autoware.ai/install/autoware_build_flags:${CMAKE_PREFIX_PATH} LD_LIBRARY_PATH=/home/chinchia120/autoware.ai/install/gnss/lib:${LD_LIBRARY_PATH} PKG_CONFIG_PATH=/home/chinchia120/autoware.ai/install/gnss/lib/x86_64-linux-gnu/pkgconfig:/home/chinchia120/autoware.ai/install/gnss/lib/pkgconfig:/home/chinchia120/autoware.ai/install/autoware_msgs/lib/x86_64-linux-gnu/pkgconfig:/home/chinchia120/autoware.ai/install/autoware_msgs/lib/pkgconfig:/home/chinchia120/autoware.ai/install/autoware_config_msgs/lib/x86_64-linux-gnu/pkgconfig:/home/chinchia120/autoware.ai/install/autoware_config_msgs/lib/pkgconfig:/home/chinchia120/autoware.ai/install/autoware_build_flags/lib/x86_64-linux-gnu/pkgconfig:/home/chinchia120/autoware.ai/install/autoware_build_flags/lib/pkgconfig:${PKG_CONFIG_PATH} PYTHONPATH=/home/chinchia120/autoware.ai/install/autoware_msgs/lib/python2.7/dist-packages:/home/chinchia120/autoware.ai/install/autoware_config_msgs/lib/python2.7/dist-packages:${PYTHONPATH} ROS_PACKAGE_PATH=/home/chinchia120/autoware.ai/install/gnss/share:/home/chinchia120/autoware.ai/install/autoware_msgs/share:/home/chinchia120/autoware.ai/install/autoware_config_msgs/share:/home/chinchia120/autoware.ai/install/autoware_build_flags/share:${ROS_PACKAGE_PATH} /usr/bin/cmake --build /home/chinchia120/autoware.ai/build/vision_ssd_detect -- -j4 -l4
[6.186s] Invoking command in '/home/chinchia120/autoware.ai/build/vision_ssd_detect': CMAKE_PREFIX_PATH=/home/chinchia120/autoware.ai/install/gnss:/home/chinchia120/autoware.ai/install/autoware_msgs:/home/chinchia120/autoware.ai/install/autoware_config_msgs:/home/chinchia120/autoware.ai/install/autoware_build_flags:${CMAKE_PREFIX_PATH} LD_LIBRARY_PATH=/home/chinchia120/autoware.ai/install/gnss/lib:${LD_LIBRARY_PATH} PKG_CONFIG_PATH=/home/chinchia120/autoware.ai/install/gnss/lib/x86_64-linux-gnu/pkgconfig:/home/chinchia120/autoware.ai/install/gnss/lib/pkgconfig:/home/chinchia120/autoware.ai/install/autoware_msgs/lib/x86_64-linux-gnu/pkgconfig:/home/chinchia120/autoware.ai/install/autoware_msgs/lib/pkgconfig:/home/chinchia120/autoware.ai/install/autoware_config_msgs/lib/x86_64-linux-gnu/pkgconfig:/home/chinchia120/autoware.ai/install/autoware_config_msgs/lib/pkgconfig:/home/chinchia120/autoware.ai/install/autoware_build_flags/lib/x86_64-linux-gnu/pkgconfig:/home/chinchia120/autoware.ai/install/autoware_build_flags/lib/pkgconfig:${PKG_CONFIG_PATH} PYTHONPATH=/home/chinchia120/autoware.ai/install/autoware_msgs/lib/python2.7/dist-packages:/home/chinchia120/autoware.ai/install/autoware_config_msgs/lib/python2.7/dist-packages:${PYTHONPATH} ROS_PACKAGE_PATH=/home/chinchia120/autoware.ai/install/gnss/share:/home/chinchia120/autoware.ai/install/autoware_msgs/share:/home/chinchia120/autoware.ai/install/autoware_config_msgs/share:/home/chinchia120/autoware.ai/install/autoware_build_flags/share:${ROS_PACKAGE_PATH} /usr/bin/cmake --build /home/chinchia120/autoware.ai/build/vision_ssd_detect --target tests -- -j4 -l4
[6.356s] [35m[1mScanning dependencies of target tests[0m
[6.390s] Built target tests
[6.419s] Invoked command in '/home/chinchia120/autoware.ai/build/vision_ssd_detect' returned '0': CMAKE_PREFIX_PATH=/home/chinchia120/autoware.ai/install/gnss:/home/chinchia120/autoware.ai/install/autoware_msgs:/home/chinchia120/autoware.ai/install/autoware_config_msgs:/home/chinchia120/autoware.ai/install/autoware_build_flags:${CMAKE_PREFIX_PATH} LD_LIBRARY_PATH=/home/chinchia120/autoware.ai/install/gnss/lib:${LD_LIBRARY_PATH} PKG_CONFIG_PATH=/home/chinchia120/autoware.ai/install/gnss/lib/x86_64-linux-gnu/pkgconfig:/home/chinchia120/autoware.ai/install/gnss/lib/pkgconfig:/home/chinchia120/autoware.ai/install/autoware_msgs/lib/x86_64-linux-gnu/pkgconfig:/home/chinchia120/autoware.ai/install/autoware_msgs/lib/pkgconfig:/home/chinchia120/autoware.ai/install/autoware_config_msgs/lib/x86_64-linux-gnu/pkgconfig:/home/chinchia120/autoware.ai/install/autoware_config_msgs/lib/pkgconfig:/home/chinchia120/autoware.ai/install/autoware_build_flags/lib/x86_64-linux-gnu/pkgconfig:/home/chinchia120/autoware.ai/install/autoware_build_flags/lib/pkgconfig:${PKG_CONFIG_PATH} PYTHONPATH=/home/chinchia120/autoware.ai/install/autoware_msgs/lib/python2.7/dist-packages:/home/chinchia120/autoware.ai/install/autoware_config_msgs/lib/python2.7/dist-packages:${PYTHONPATH} ROS_PACKAGE_PATH=/home/chinchia120/autoware.ai/install/gnss/share:/home/chinchia120/autoware.ai/install/autoware_msgs/share:/home/chinchia120/autoware.ai/install/autoware_config_msgs/share:/home/chinchia120/autoware.ai/install/autoware_build_flags/share:${ROS_PACKAGE_PATH} /usr/bin/cmake --build /home/chinchia120/autoware.ai/build/vision_ssd_detect --target tests -- -j4 -l4
[6.732s] Invoking command in '/home/chinchia120/autoware.ai/build/vision_ssd_detect': CMAKE_PREFIX_PATH=/home/chinchia120/autoware.ai/install/gnss:/home/chinchia120/autoware.ai/install/autoware_msgs:/home/chinchia120/autoware.ai/install/autoware_config_msgs:/home/chinchia120/autoware.ai/install/autoware_build_flags:${CMAKE_PREFIX_PATH} LD_LIBRARY_PATH=/home/chinchia120/autoware.ai/install/gnss/lib:${LD_LIBRARY_PATH} PKG_CONFIG_PATH=/home/chinchia120/autoware.ai/install/gnss/lib/x86_64-linux-gnu/pkgconfig:/home/chinchia120/autoware.ai/install/gnss/lib/pkgconfig:/home/chinchia120/autoware.ai/install/autoware_msgs/lib/x86_64-linux-gnu/pkgconfig:/home/chinchia120/autoware.ai/install/autoware_msgs/lib/pkgconfig:/home/chinchia120/autoware.ai/install/autoware_config_msgs/lib/x86_64-linux-gnu/pkgconfig:/home/chinchia120/autoware.ai/install/autoware_config_msgs/lib/pkgconfig:/home/chinchia120/autoware.ai/install/autoware_build_flags/lib/x86_64-linux-gnu/pkgconfig:/home/chinchia120/autoware.ai/install/autoware_build_flags/lib/pkgconfig:${PKG_CONFIG_PATH} PYTHONPATH=/home/chinchia120/autoware.ai/install/autoware_msgs/lib/python2.7/dist-packages:/home/chinchia120/autoware.ai/install/autoware_config_msgs/lib/python2.7/dist-packages:${PYTHONPATH} ROS_PACKAGE_PATH=/home/chinchia120/autoware.ai/install/gnss/share:/home/chinchia120/autoware.ai/install/autoware_msgs/share:/home/chinchia120/autoware.ai/install/autoware_config_msgs/share:/home/chinchia120/autoware.ai/install/autoware_build_flags/share:${ROS_PACKAGE_PATH} /usr/bin/cmake --build /home/chinchia120/autoware.ai/build/vision_ssd_detect --target install -- -j4 -l4
[6.895s] [36mInstall the project...[0m
[6.921s] -- Install configuration: "Release"
[6.924s] -- Installing: /home/chinchia120/autoware.ai/install/vision_ssd_detect/lib/pkgconfig/vision_ssd_detect.pc
[6.925s] -- Installing: /home/chinchia120/autoware.ai/install/vision_ssd_detect/share/vision_ssd_detect/cmake/vision_ssd_detectConfig.cmake
[6.925s] -- Installing: /home/chinchia120/autoware.ai/install/vision_ssd_detect/share/vision_ssd_detect/cmake/vision_ssd_detectConfig-version.cmake
[6.926s] -- Installing: /home/chinchia120/autoware.ai/install/vision_ssd_detect/share/vision_ssd_detect/package.xml
[6.932s] Invoked command in '/home/chinchia120/autoware.ai/build/vision_ssd_detect' returned '0': CMAKE_PREFIX_PATH=/home/chinchia120/autoware.ai/install/gnss:/home/chinchia120/autoware.ai/install/autoware_msgs:/home/chinchia120/autoware.ai/install/autoware_config_msgs:/home/chinchia120/autoware.ai/install/autoware_build_flags:${CMAKE_PREFIX_PATH} LD_LIBRARY_PATH=/home/chinchia120/autoware.ai/install/gnss/lib:${LD_LIBRARY_PATH} PKG_CONFIG_PATH=/home/chinchia120/autoware.ai/install/gnss/lib/x86_64-linux-gnu/pkgconfig:/home/chinchia120/autoware.ai/install/gnss/lib/pkgconfig:/home/chinchia120/autoware.ai/install/autoware_msgs/lib/x86_64-linux-gnu/pkgconfig:/home/chinchia120/autoware.ai/install/autoware_msgs/lib/pkgconfig:/home/chinchia120/autoware.ai/install/autoware_config_msgs/lib/x86_64-linux-gnu/pkgconfig:/home/chinchia120/autoware.ai/install/autoware_config_msgs/lib/pkgconfig:/home/chinchia120/autoware.ai/install/autoware_build_flags/lib/x86_64-linux-gnu/pkgconfig:/home/chinchia120/autoware.ai/install/autoware_build_flags/lib/pkgconfig:${PKG_CONFIG_PATH} PYTHONPATH=/home/chinchia120/autoware.ai/install/autoware_msgs/lib/python2.7/dist-packages:/home/chinchia120/autoware.ai/install/autoware_config_msgs/lib/python2.7/dist-packages:${PYTHONPATH} ROS_PACKAGE_PATH=/home/chinchia120/autoware.ai/install/gnss/share:/home/chinchia120/autoware.ai/install/autoware_msgs/share:/home/chinchia120/autoware.ai/install/autoware_config_msgs/share:/home/chinchia120/autoware.ai/install/autoware_build_flags/share:${ROS_PACKAGE_PATH} /usr/bin/cmake --build /home/chinchia120/autoware.ai/build/vision_ssd_detect --target install -- -j4 -l4
