Determining if the pthread_create exist failed with the following output:
Change Dir: /home/chinchia120/autoware.ai/build/trafficlight_recognizer/CMakeFiles/CMakeTmp

Run Build Command:"/usr/bin/make" "cmTC_8a775/fast"
/usr/bin/make -f CMakeFiles/cmTC_8a775.dir/build.make CMakeFiles/cmTC_8a775.dir/build
make[1]: Entering directory '/home/chinchia120/autoware.ai/build/trafficlight_recognizer/CMakeFiles/CMakeTmp'
Building C object CMakeFiles/cmTC_8a775.dir/CheckSymbolExists.c.o
/usr/bin/cc    -o CMakeFiles/cmTC_8a775.dir/CheckSymbolExists.c.o   -c /home/chinchia120/autoware.ai/build/trafficlight_recognizer/CMakeFiles/CMakeTmp/CheckSymbolExists.c
Linking C executable cmTC_8a775
/usr/bin/cmake -E cmake_link_script CMakeFiles/cmTC_8a775.dir/link.txt --verbose=1
/usr/bin/cc      -rdynamic CMakeFiles/cmTC_8a775.dir/CheckSymbolExists.c.o  -o cmTC_8a775 
CMakeFiles/cmTC_8a775.dir/CheckSymbolExists.c.o: In function `main':
CheckSymbolExists.c:(.text+0x1b): undefined reference to `pthread_create'
collect2: error: ld returned 1 exit status
CMakeFiles/cmTC_8a775.dir/build.make:97: recipe for target 'cmTC_8a775' failed
make[1]: *** [cmTC_8a775] Error 1
make[1]: Leaving directory '/home/chinchia120/autoware.ai/build/trafficlight_recognizer/CMakeFiles/CMakeTmp'
Makefile:126: recipe for target 'cmTC_8a775/fast' failed
make: *** [cmTC_8a775/fast] Error 2

File /home/chinchia120/autoware.ai/build/trafficlight_recognizer/CMakeFiles/CMakeTmp/CheckSymbolExists.c:
/* */
#include <pthread.h>

int main(int argc, char** argv)
{
  (void)argv;
#ifndef pthread_create
  return ((int*)(&pthread_create))[argc];
#else
  (void)argc;
  return 0;
#endif
}

Determining if the function pthread_create exists in the pthreads failed with the following output:
Change Dir: /home/chinchia120/autoware.ai/build/trafficlight_recognizer/CMakeFiles/CMakeTmp

Run Build Command:"/usr/bin/make" "cmTC_a694c/fast"
/usr/bin/make -f CMakeFiles/cmTC_a694c.dir/build.make CMakeFiles/cmTC_a694c.dir/build
make[1]: Entering directory '/home/chinchia120/autoware.ai/build/trafficlight_recognizer/CMakeFiles/CMakeTmp'
Building C object CMakeFiles/cmTC_a694c.dir/CheckFunctionExists.c.o
/usr/bin/cc   -DCHECK_FUNCTION_EXISTS=pthread_create   -o CMakeFiles/cmTC_a694c.dir/CheckFunctionExists.c.o   -c /usr/share/cmake-3.10/Modules/CheckFunctionExists.c
Linking C executable cmTC_a694c
/usr/bin/cmake -E cmake_link_script CMakeFiles/cmTC_a694c.dir/link.txt --verbose=1
/usr/bin/cc  -DCHECK_FUNCTION_EXISTS=pthread_create    -rdynamic CMakeFiles/cmTC_a694c.dir/CheckFunctionExists.c.o  -o cmTC_a694c -lpthreads 
/usr/bin/ld: cannot find -lpthreads
collect2: error: ld returned 1 exit status
CMakeFiles/cmTC_a694c.dir/build.make:97: recipe for target 'cmTC_a694c' failed
make[1]: *** [cmTC_a694c] Error 1
make[1]: Leaving directory '/home/chinchia120/autoware.ai/build/trafficlight_recognizer/CMakeFiles/CMakeTmp'
Makefile:126: recipe for target 'cmTC_a694c/fast' failed
make: *** [cmTC_a694c/fast] Error 2


