Determining if the pthread_create exist failed with the following output:
Change Dir: /home/chinchia120/autoware.ai/build/autoware_driveworks_gmsl_interface/CMakeFiles/CMakeTmp

Run Build Command:"/usr/bin/make" "cmTC_77ef2/fast"
/usr/bin/make -f CMakeFiles/cmTC_77ef2.dir/build.make CMakeFiles/cmTC_77ef2.dir/build
make[1]: Entering directory '/home/chinchia120/autoware.ai/build/autoware_driveworks_gmsl_interface/CMakeFiles/CMakeTmp'
Building C object CMakeFiles/cmTC_77ef2.dir/CheckSymbolExists.c.o
/usr/bin/cc   -fPIC    -o CMakeFiles/cmTC_77ef2.dir/CheckSymbolExists.c.o   -c /home/chinchia120/autoware.ai/build/autoware_driveworks_gmsl_interface/CMakeFiles/CMakeTmp/CheckSymbolExists.c
Linking C executable cmTC_77ef2
/usr/bin/cmake -E cmake_link_script CMakeFiles/cmTC_77ef2.dir/link.txt --verbose=1
/usr/bin/cc -fPIC     -rdynamic CMakeFiles/cmTC_77ef2.dir/CheckSymbolExists.c.o  -o cmTC_77ef2 
CMakeFiles/cmTC_77ef2.dir/CheckSymbolExists.c.o: In function `main':
CheckSymbolExists.c:(.text+0x1b): undefined reference to `pthread_create'
collect2: error: ld returned 1 exit status
CMakeFiles/cmTC_77ef2.dir/build.make:97: recipe for target 'cmTC_77ef2' failed
make[1]: *** [cmTC_77ef2] Error 1
make[1]: Leaving directory '/home/chinchia120/autoware.ai/build/autoware_driveworks_gmsl_interface/CMakeFiles/CMakeTmp'
Makefile:126: recipe for target 'cmTC_77ef2/fast' failed
make: *** [cmTC_77ef2/fast] Error 2

File /home/chinchia120/autoware.ai/build/autoware_driveworks_gmsl_interface/CMakeFiles/CMakeTmp/CheckSymbolExists.c:
/* */
#include <pthread.h>

int main(int argc, char** argv)
{
  (void)argv;
#ifndef pthread_create
  return ((int*)(&pthread_create))[argc];
#else
  (void)argc;
  return 0;
#endif
}

Determining if the function pthread_create exists in the pthreads failed with the following output:
Change Dir: /home/chinchia120/autoware.ai/build/autoware_driveworks_gmsl_interface/CMakeFiles/CMakeTmp

Run Build Command:"/usr/bin/make" "cmTC_271f8/fast"
/usr/bin/make -f CMakeFiles/cmTC_271f8.dir/build.make CMakeFiles/cmTC_271f8.dir/build
make[1]: Entering directory '/home/chinchia120/autoware.ai/build/autoware_driveworks_gmsl_interface/CMakeFiles/CMakeTmp'
Building C object CMakeFiles/cmTC_271f8.dir/CheckFunctionExists.c.o
/usr/bin/cc   -fPIC -DCHECK_FUNCTION_EXISTS=pthread_create   -o CMakeFiles/cmTC_271f8.dir/CheckFunctionExists.c.o   -c /usr/share/cmake-3.10/Modules/CheckFunctionExists.c
Linking C executable cmTC_271f8
/usr/bin/cmake -E cmake_link_script CMakeFiles/cmTC_271f8.dir/link.txt --verbose=1
/usr/bin/cc -fPIC -DCHECK_FUNCTION_EXISTS=pthread_create    -rdynamic CMakeFiles/cmTC_271f8.dir/CheckFunctionExists.c.o  -o cmTC_271f8 -lpthreads 
/usr/bin/ld: cannot find -lpthreads
collect2: error: ld returned 1 exit status
CMakeFiles/cmTC_271f8.dir/build.make:97: recipe for target 'cmTC_271f8' failed
make[1]: *** [cmTC_271f8] Error 1
make[1]: Leaving directory '/home/chinchia120/autoware.ai/build/autoware_driveworks_gmsl_interface/CMakeFiles/CMakeTmp'
Makefile:126: recipe for target 'cmTC_271f8/fast' failed
make: *** [cmTC_271f8/fast] Error 2


