-- The C compiler identification is GNU 7.5.0
-- The CXX compiler identification is GNU 7.5.0
-- Check for working C compiler: /usr/bin/cc
-- Check for working C compiler: /usr/bin/cc -- works
-- Detecting C compiler ABI info
-- Detecting C compiler ABI info - done
-- Detecting C compile features
-- Detecting C compile features - done
-- Check for working CXX compiler: /usr/bin/c++
-- Check for working CXX compiler: /usr/bin/c++ -- works
-- Detecting CXX compiler ABI info
-- Detecting CXX compiler ABI info - done
-- Detecting CXX compile features
-- Detecting CXX compile features - done
-- Using CATKIN_DEVEL_PREFIX: /home/chinchia120/autoware.ai/build/ds4_msgs/devel
-- Using CMAKE_PREFIX_PATH: /home/chinchia120/catkin_ws/devel;/opt/ros/melodic
-- This workspace overlays: /home/chinchia120/catkin_ws/devel;/opt/ros/melodic
-- Found PythonInterp: /usr/bin/python2 (found suitable version "2.7.17", minimum required is "2") 
-- Using PYTHON_EXECUTABLE: /usr/bin/python2
-- Using Debian Python package layout
-- Using empy: /usr/bin/empy
-- Using CATKIN_ENABLE_TESTING: ON
-- Call enable_testing()
-- Using CATKIN_TEST_RESULTS_DIR: /home/chinchia120/autoware.ai/build/ds4_msgs/test_results
-- Found gtest sources under '/usr/src/googletest': gtests will be built
-- Found gmock sources under '/usr/src/googletest': gmock will be built
-- Found PythonInterp: /usr/bin/python2 (found version "2.7.17") 
-- Looking for pthread.h
-- Looking for pthread.h - found
-- Looking for pthread_create
-- Looking for pthread_create - not found
-- Looking for pthread_create in pthreads
-- Looking for pthread_create in pthreads - not found
-- Looking for pthread_create in pthread
-- Looking for pthread_create in pthread - found
-- Found Threads: TRUE  
-- Using Python nosetests: /usr/bin/nosetests-2.7
-- catkin 0.7.29
-- BUILD_SHARED_LIBS is on
-- Using these message generators: gencpp;geneus;genlisp;gennodejs;genpy
-- ds4_msgs: 1 messages, 0 services
-- Configuring done
-- Generating done
-- Build files have been written to: /home/chinchia120/autoware.ai/build/ds4_msgs
[35m[1mScanning dependencies of target _ds4_msgs_generate_messages_check_deps_DS4[0m
[  0%] Built target _ds4_msgs_generate_messages_check_deps_DS4
[35m[1mScanning dependencies of target std_msgs_generate_messages_nodejs[0m
[  0%] Built target std_msgs_generate_messages_nodejs
[35m[1mScanning dependencies of target std_msgs_generate_messages_eus[0m
[  0%] Built target std_msgs_generate_messages_eus
[35m[1mScanning dependencies of target std_msgs_generate_messages_lisp[0m
[  0%] Built target std_msgs_generate_messages_lisp
[35m[1mScanning dependencies of target ds4_msgs_generate_messages_nodejs[0m
[ 14%] [34m[1mGenerating Javascript code from ds4_msgs/DS4.msg[0m
[ 14%] Built target ds4_msgs_generate_messages_nodejs
[35m[1mScanning dependencies of target ds4_msgs_generate_messages_eus[0m
[ 28%] [34m[1mGenerating EusLisp code from ds4_msgs/DS4.msg[0m
[ 42%] [34m[1mGenerating EusLisp manifest code for ds4_msgs[0m
[ 42%] Built target ds4_msgs_generate_messages_eus
[35m[1mScanning dependencies of target ds4_msgs_generate_messages_lisp[0m
[ 57%] [34m[1mGenerating Lisp code from ds4_msgs/DS4.msg[0m
[ 57%] Built target ds4_msgs_generate_messages_lisp
[35m[1mScanning dependencies of target std_msgs_generate_messages_cpp[0m
[ 57%] Built target std_msgs_generate_messages_cpp
[35m[1mScanning dependencies of target std_msgs_generate_messages_py[0m
[ 57%] Built target std_msgs_generate_messages_py
[35m[1mScanning dependencies of target ds4_msgs_generate_messages_cpp[0m
[ 71%] [34m[1mGenerating C++ code from ds4_msgs/DS4.msg[0m
[ 71%] Built target ds4_msgs_generate_messages_cpp
[35m[1mScanning dependencies of target ds4_msgs_generate_messages_py[0m
[ 85%] [34m[1mGenerating Python from MSG ds4_msgs/DS4[0m
[100%] [34m[1mGenerating Python msg __init__.py for ds4_msgs[0m
[100%] Built target ds4_msgs_generate_messages_py
[35m[1mScanning dependencies of target ds4_msgs_generate_messages[0m
[100%] Built target ds4_msgs_generate_messages
[35m[1mScanning dependencies of target tests[0m
Built target tests
[  0%] Built target _ds4_msgs_generate_messages_check_deps_DS4
[  0%] Built target std_msgs_generate_messages_nodejs
[  0%] Built target std_msgs_generate_messages_eus
[  0%] Built target std_msgs_generate_messages_lisp
[ 14%] Built target ds4_msgs_generate_messages_nodejs
[ 42%] Built target ds4_msgs_generate_messages_eus
[ 57%] Built target ds4_msgs_generate_messages_lisp
[ 57%] Built target std_msgs_generate_messages_cpp
[ 57%] Built target std_msgs_generate_messages_py
[ 71%] Built target ds4_msgs_generate_messages_cpp
[100%] Built target ds4_msgs_generate_messages_py
[100%] Built target ds4_msgs_generate_messages
[36mInstall the project...[0m
-- Install configuration: "Release"
-- Installing: /home/chinchia120/autoware.ai/install/ds4_msgs/share/ds4_msgs/msg/DS4.msg
-- Installing: /home/chinchia120/autoware.ai/install/ds4_msgs/share/ds4_msgs/cmake/ds4_msgs-msg-paths.cmake
-- Installing: /home/chinchia120/autoware.ai/install/ds4_msgs/include/ds4_msgs
-- Installing: /home/chinchia120/autoware.ai/install/ds4_msgs/include/ds4_msgs/DS4.h
-- Installing: /home/chinchia120/autoware.ai/install/ds4_msgs/share/roseus/ros/ds4_msgs
-- Installing: /home/chinchia120/autoware.ai/install/ds4_msgs/share/roseus/ros/ds4_msgs/manifest.l
-- Installing: /home/chinchia120/autoware.ai/install/ds4_msgs/share/roseus/ros/ds4_msgs/msg
-- Installing: /home/chinchia120/autoware.ai/install/ds4_msgs/share/roseus/ros/ds4_msgs/msg/DS4.l
-- Installing: /home/chinchia120/autoware.ai/install/ds4_msgs/share/common-lisp/ros/ds4_msgs
-- Installing: /home/chinchia120/autoware.ai/install/ds4_msgs/share/common-lisp/ros/ds4_msgs/msg
-- Installing: /home/chinchia120/autoware.ai/install/ds4_msgs/share/common-lisp/ros/ds4_msgs/msg/DS4.lisp
-- Installing: /home/chinchia120/autoware.ai/install/ds4_msgs/share/common-lisp/ros/ds4_msgs/msg/ds4_msgs-msg.asd
-- Installing: /home/chinchia120/autoware.ai/install/ds4_msgs/share/common-lisp/ros/ds4_msgs/msg/_package_DS4.lisp
-- Installing: /home/chinchia120/autoware.ai/install/ds4_msgs/share/common-lisp/ros/ds4_msgs/msg/_package.lisp
-- Installing: /home/chinchia120/autoware.ai/install/ds4_msgs/share/gennodejs/ros/ds4_msgs
-- Installing: /home/chinchia120/autoware.ai/install/ds4_msgs/share/gennodejs/ros/ds4_msgs/_index.js
-- Installing: /home/chinchia120/autoware.ai/install/ds4_msgs/share/gennodejs/ros/ds4_msgs/msg
-- Installing: /home/chinchia120/autoware.ai/install/ds4_msgs/share/gennodejs/ros/ds4_msgs/msg/_index.js
-- Installing: /home/chinchia120/autoware.ai/install/ds4_msgs/share/gennodejs/ros/ds4_msgs/msg/DS4.js
Listing /home/chinchia120/autoware.ai/build/ds4_msgs/devel/lib/python2.7/dist-packages/ds4_msgs ...
Compiling /home/chinchia120/autoware.ai/build/ds4_msgs/devel/lib/python2.7/dist-packages/ds4_msgs/__init__.py ...
Listing /home/chinchia120/autoware.ai/build/ds4_msgs/devel/lib/python2.7/dist-packages/ds4_msgs/msg ...
Compiling /home/chinchia120/autoware.ai/build/ds4_msgs/devel/lib/python2.7/dist-packages/ds4_msgs/msg/_DS4.py ...
Compiling /home/chinchia120/autoware.ai/build/ds4_msgs/devel/lib/python2.7/dist-packages/ds4_msgs/msg/__init__.py ...
-- Installing: /home/chinchia120/autoware.ai/install/ds4_msgs/lib/python2.7/dist-packages/ds4_msgs
-- Installing: /home/chinchia120/autoware.ai/install/ds4_msgs/lib/python2.7/dist-packages/ds4_msgs/__init__.py
-- Installing: /home/chinchia120/autoware.ai/install/ds4_msgs/lib/python2.7/dist-packages/ds4_msgs/msg
-- Installing: /home/chinchia120/autoware.ai/install/ds4_msgs/lib/python2.7/dist-packages/ds4_msgs/msg/_DS4.pyc
-- Installing: /home/chinchia120/autoware.ai/install/ds4_msgs/lib/python2.7/dist-packages/ds4_msgs/msg/__init__.py
-- Installing: /home/chinchia120/autoware.ai/install/ds4_msgs/lib/python2.7/dist-packages/ds4_msgs/msg/_DS4.py
-- Installing: /home/chinchia120/autoware.ai/install/ds4_msgs/lib/python2.7/dist-packages/ds4_msgs/msg/__init__.pyc
-- Installing: /home/chinchia120/autoware.ai/install/ds4_msgs/lib/python2.7/dist-packages/ds4_msgs/__init__.pyc
-- Installing: /home/chinchia120/autoware.ai/install/ds4_msgs/lib/pkgconfig/ds4_msgs.pc
-- Installing: /home/chinchia120/autoware.ai/install/ds4_msgs/share/ds4_msgs/cmake/ds4_msgs-msg-extras.cmake
-- Installing: /home/chinchia120/autoware.ai/install/ds4_msgs/share/ds4_msgs/cmake/ds4_msgsConfig.cmake
-- Installing: /home/chinchia120/autoware.ai/install/ds4_msgs/share/ds4_msgs/cmake/ds4_msgsConfig-version.cmake
-- Installing: /home/chinchia120/autoware.ai/install/ds4_msgs/share/ds4_msgs/package.xml
