[0.048s] Invoking command in '/home/chinchia120/autoware.ai/build/ds4_msgs': /usr/bin/cmake /home/chinchia120/autoware.ai/src/drivers/ds4/ds4_msgs -DCMAKE_BUILD_TYPE=Release -DCATKIN_INSTALL_INTO_PREFIX_ROOT=0 -DCMAKE_INSTALL_PREFIX=/home/chinchia120/autoware.ai/install/ds4_msgs
[0.247s] -- The C compiler identification is GNU 7.5.0
[0.403s] -- The CXX compiler identification is GNU 7.5.0
[0.414s] -- Check for working C compiler: /usr/bin/cc
[0.649s] -- Check for working C compiler: /usr/bin/cc -- works
[0.649s] -- Detecting C compiler ABI info
[0.824s] -- Detecting C compiler ABI info - done
[0.843s] -- Detecting C compile features
[1.440s] -- Detecting C compile features - done
[1.445s] -- Check for working CXX compiler: /usr/bin/c++
[1.642s] -- Check for working CXX compiler: /usr/bin/c++ -- works
[1.643s] -- Detecting CXX compiler ABI info
[1.833s] -- Detecting CXX compiler ABI info - done
[1.851s] -- Detecting CXX compile features
[2.703s] -- Detecting CXX compile features - done
[2.708s] -- Using CATKIN_DEVEL_PREFIX: /home/chinchia120/autoware.ai/build/ds4_msgs/devel
[2.709s] -- Using CMAKE_PREFIX_PATH: /home/chinchia120/catkin_ws/devel;/opt/ros/melodic
[2.709s] -- This workspace overlays: /home/chinchia120/catkin_ws/devel;/opt/ros/melodic
[2.741s] -- Found PythonInterp: /usr/bin/python2 (found suitable version "2.7.17", minimum required is "2") 
[2.742s] -- Using PYTHON_EXECUTABLE: /usr/bin/python2
[2.743s] -- Using Debian Python package layout
[2.744s] -- Using empy: /usr/bin/empy
[3.087s] -- Using CATKIN_ENABLE_TESTING: ON
[3.087s] -- Call enable_testing()
[3.096s] -- Using CATKIN_TEST_RESULTS_DIR: /home/chinchia120/autoware.ai/build/ds4_msgs/test_results
[3.140s] -- Found gtest sources under '/usr/src/googletest': gtests will be built
[3.141s] -- Found gmock sources under '/usr/src/googletest': gmock will be built
[3.168s] -- Found PythonInterp: /usr/bin/python2 (found version "2.7.17") 
[3.170s] -- Looking for pthread.h
[3.347s] -- Looking for pthread.h - found
[3.349s] -- Looking for pthread_create
[3.511s] -- Looking for pthread_create - not found
[3.513s] -- Looking for pthread_create in pthreads
[3.686s] -- Looking for pthread_create in pthreads - not found
[3.687s] -- Looking for pthread_create in pthread
[3.848s] -- Looking for pthread_create in pthread - found
[3.851s] -- Found Threads: TRUE  
[3.863s] -- Using Python nosetests: /usr/bin/nosetests-2.7
[3.941s] -- catkin 0.7.29
[3.941s] -- BUILD_SHARED_LIBS is on
[4.198s] -- Using these message generators: gencpp;geneus;genlisp;gennodejs;genpy
[4.755s] -- ds4_msgs: 1 messages, 0 services
[5.029s] -- Configuring done
[5.091s] -- Generating done
[5.104s] -- Build files have been written to: /home/chinchia120/autoware.ai/build/ds4_msgs
[5.116s] Invoked command in '/home/chinchia120/autoware.ai/build/ds4_msgs' returned '0': /usr/bin/cmake /home/chinchia120/autoware.ai/src/drivers/ds4/ds4_msgs -DCMAKE_BUILD_TYPE=Release -DCATKIN_INSTALL_INTO_PREFIX_ROOT=0 -DCMAKE_INSTALL_PREFIX=/home/chinchia120/autoware.ai/install/ds4_msgs
[5.119s] Invoking command in '/home/chinchia120/autoware.ai/build/ds4_msgs': /usr/bin/cmake --build /home/chinchia120/autoware.ai/build/ds4_msgs -- -j4 -l4
[5.250s] [35m[1mScanning dependencies of target _ds4_msgs_generate_messages_check_deps_DS4[0m
[5.328s] [  0%] Built target _ds4_msgs_generate_messages_check_deps_DS4
[5.361s] [35m[1mScanning dependencies of target std_msgs_generate_messages_nodejs[0m
[5.388s] [  0%] Built target std_msgs_generate_messages_nodejs
[5.416s] [35m[1mScanning dependencies of target std_msgs_generate_messages_eus[0m
[5.446s] [  0%] Built target std_msgs_generate_messages_eus
[5.476s] [35m[1mScanning dependencies of target std_msgs_generate_messages_lisp[0m
[5.507s] [  0%] Built target std_msgs_generate_messages_lisp
[5.537s] [35m[1mScanning dependencies of target ds4_msgs_generate_messages_nodejs[0m
[5.573s] [ 14%] [34m[1mGenerating Javascript code from ds4_msgs/DS4.msg[0m
[5.669s] [ 14%] Built target ds4_msgs_generate_messages_nodejs
[5.700s] [35m[1mScanning dependencies of target ds4_msgs_generate_messages_eus[0m
[5.725s] [ 28%] [34m[1mGenerating EusLisp code from ds4_msgs/DS4.msg[0m
[5.876s] [ 42%] [34m[1mGenerating EusLisp manifest code for ds4_msgs[0m
[7.284s] [ 42%] Built target ds4_msgs_generate_messages_eus
[7.310s] [35m[1mScanning dependencies of target ds4_msgs_generate_messages_lisp[0m
[7.337s] [ 57%] [34m[1mGenerating Lisp code from ds4_msgs/DS4.msg[0m
[7.425s] [ 57%] Built target ds4_msgs_generate_messages_lisp
[7.446s] [35m[1mScanning dependencies of target std_msgs_generate_messages_cpp[0m
[7.473s] [ 57%] Built target std_msgs_generate_messages_cpp
[7.495s] [35m[1mScanning dependencies of target std_msgs_generate_messages_py[0m
[7.525s] [ 57%] Built target std_msgs_generate_messages_py
[7.547s] [35m[1mScanning dependencies of target ds4_msgs_generate_messages_cpp[0m
[7.574s] [ 71%] [34m[1mGenerating C++ code from ds4_msgs/DS4.msg[0m
[7.785s] [ 71%] Built target ds4_msgs_generate_messages_cpp
[7.806s] [35m[1mScanning dependencies of target ds4_msgs_generate_messages_py[0m
[7.833s] [ 85%] [34m[1mGenerating Python from MSG ds4_msgs/DS4[0m
[8.065s] [100%] [34m[1mGenerating Python msg __init__.py for ds4_msgs[0m
[8.290s] [100%] Built target ds4_msgs_generate_messages_py
[8.320s] [35m[1mScanning dependencies of target ds4_msgs_generate_messages[0m
[8.343s] [100%] Built target ds4_msgs_generate_messages
[8.363s] Invoked command in '/home/chinchia120/autoware.ai/build/ds4_msgs' returned '0': /usr/bin/cmake --build /home/chinchia120/autoware.ai/build/ds4_msgs -- -j4 -l4
[8.522s] Invoking command in '/home/chinchia120/autoware.ai/build/ds4_msgs': /usr/bin/cmake --build /home/chinchia120/autoware.ai/build/ds4_msgs --target tests -- -j4 -l4
[8.663s] [35m[1mScanning dependencies of target tests[0m
[8.692s] Built target tests
[8.718s] Invoked command in '/home/chinchia120/autoware.ai/build/ds4_msgs' returned '0': /usr/bin/cmake --build /home/chinchia120/autoware.ai/build/ds4_msgs --target tests -- -j4 -l4
[8.888s] Invoking command in '/home/chinchia120/autoware.ai/build/ds4_msgs': /usr/bin/cmake --build /home/chinchia120/autoware.ai/build/ds4_msgs --target install -- -j4 -l4
[9.075s] [  0%] Built target _ds4_msgs_generate_messages_check_deps_DS4
[9.130s] [  0%] Built target std_msgs_generate_messages_nodejs
[9.193s] [  0%] Built target std_msgs_generate_messages_eus
[9.251s] [  0%] Built target std_msgs_generate_messages_lisp
[9.309s] [ 14%] Built target ds4_msgs_generate_messages_nodejs
[9.354s] [ 42%] Built target ds4_msgs_generate_messages_eus
[9.409s] [ 57%] Built target ds4_msgs_generate_messages_lisp
[9.457s] [ 57%] Built target std_msgs_generate_messages_cpp
[9.519s] [ 57%] Built target std_msgs_generate_messages_py
[9.578s] [ 71%] Built target ds4_msgs_generate_messages_cpp
[9.642s] [100%] Built target ds4_msgs_generate_messages_py
[9.696s] [100%] Built target ds4_msgs_generate_messages
[9.748s] [36mInstall the project...[0m
[9.766s] -- Install configuration: "Release"
[9.767s] -- Installing: /home/chinchia120/autoware.ai/install/ds4_msgs/share/ds4_msgs/msg/DS4.msg
[9.767s] -- Installing: /home/chinchia120/autoware.ai/install/ds4_msgs/share/ds4_msgs/cmake/ds4_msgs-msg-paths.cmake
[9.768s] -- Installing: /home/chinchia120/autoware.ai/install/ds4_msgs/include/ds4_msgs
[9.768s] -- Installing: /home/chinchia120/autoware.ai/install/ds4_msgs/include/ds4_msgs/DS4.h
[9.768s] -- Installing: /home/chinchia120/autoware.ai/install/ds4_msgs/share/roseus/ros/ds4_msgs
[9.769s] -- Installing: /home/chinchia120/autoware.ai/install/ds4_msgs/share/roseus/ros/ds4_msgs/manifest.l
[9.769s] -- Installing: /home/chinchia120/autoware.ai/install/ds4_msgs/share/roseus/ros/ds4_msgs/msg
[9.769s] -- Installing: /home/chinchia120/autoware.ai/install/ds4_msgs/share/roseus/ros/ds4_msgs/msg/DS4.l
[9.770s] -- Installing: /home/chinchia120/autoware.ai/install/ds4_msgs/share/common-lisp/ros/ds4_msgs
[9.770s] -- Installing: /home/chinchia120/autoware.ai/install/ds4_msgs/share/common-lisp/ros/ds4_msgs/msg
[9.771s] -- Installing: /home/chinchia120/autoware.ai/install/ds4_msgs/share/common-lisp/ros/ds4_msgs/msg/DS4.lisp
[9.771s] -- Installing: /home/chinchia120/autoware.ai/install/ds4_msgs/share/common-lisp/ros/ds4_msgs/msg/ds4_msgs-msg.asd
[9.772s] -- Installing: /home/chinchia120/autoware.ai/install/ds4_msgs/share/common-lisp/ros/ds4_msgs/msg/_package_DS4.lisp
[9.772s] -- Installing: /home/chinchia120/autoware.ai/install/ds4_msgs/share/common-lisp/ros/ds4_msgs/msg/_package.lisp
[9.772s] -- Installing: /home/chinchia120/autoware.ai/install/ds4_msgs/share/gennodejs/ros/ds4_msgs
[9.773s] -- Installing: /home/chinchia120/autoware.ai/install/ds4_msgs/share/gennodejs/ros/ds4_msgs/_index.js
[9.773s] -- Installing: /home/chinchia120/autoware.ai/install/ds4_msgs/share/gennodejs/ros/ds4_msgs/msg
[9.773s] -- Installing: /home/chinchia120/autoware.ai/install/ds4_msgs/share/gennodejs/ros/ds4_msgs/msg/_index.js
[9.773s] -- Installing: /home/chinchia120/autoware.ai/install/ds4_msgs/share/gennodejs/ros/ds4_msgs/msg/DS4.js
[9.799s] Listing /home/chinchia120/autoware.ai/build/ds4_msgs/devel/lib/python2.7/dist-packages/ds4_msgs ...
[9.799s] Compiling /home/chinchia120/autoware.ai/build/ds4_msgs/devel/lib/python2.7/dist-packages/ds4_msgs/__init__.py ...
[9.799s] Listing /home/chinchia120/autoware.ai/build/ds4_msgs/devel/lib/python2.7/dist-packages/ds4_msgs/msg ...
[9.799s] Compiling /home/chinchia120/autoware.ai/build/ds4_msgs/devel/lib/python2.7/dist-packages/ds4_msgs/msg/_DS4.py ...
[9.799s] Compiling /home/chinchia120/autoware.ai/build/ds4_msgs/devel/lib/python2.7/dist-packages/ds4_msgs/msg/__init__.py ...
[9.801s] -- Installing: /home/chinchia120/autoware.ai/install/ds4_msgs/lib/python2.7/dist-packages/ds4_msgs
[9.802s] -- Installing: /home/chinchia120/autoware.ai/install/ds4_msgs/lib/python2.7/dist-packages/ds4_msgs/__init__.py
[9.802s] -- Installing: /home/chinchia120/autoware.ai/install/ds4_msgs/lib/python2.7/dist-packages/ds4_msgs/msg
[9.802s] -- Installing: /home/chinchia120/autoware.ai/install/ds4_msgs/lib/python2.7/dist-packages/ds4_msgs/msg/_DS4.pyc
[9.802s] -- Installing: /home/chinchia120/autoware.ai/install/ds4_msgs/lib/python2.7/dist-packages/ds4_msgs/msg/__init__.py
[9.803s] -- Installing: /home/chinchia120/autoware.ai/install/ds4_msgs/lib/python2.7/dist-packages/ds4_msgs/msg/_DS4.py
[9.803s] -- Installing: /home/chinchia120/autoware.ai/install/ds4_msgs/lib/python2.7/dist-packages/ds4_msgs/msg/__init__.pyc
[9.803s] -- Installing: /home/chinchia120/autoware.ai/install/ds4_msgs/lib/python2.7/dist-packages/ds4_msgs/__init__.pyc
[9.803s] -- Installing: /home/chinchia120/autoware.ai/install/ds4_msgs/lib/pkgconfig/ds4_msgs.pc
[9.803s] -- Installing: /home/chinchia120/autoware.ai/install/ds4_msgs/share/ds4_msgs/cmake/ds4_msgs-msg-extras.cmake
[9.803s] -- Installing: /home/chinchia120/autoware.ai/install/ds4_msgs/share/ds4_msgs/cmake/ds4_msgsConfig.cmake
[9.803s] -- Installing: /home/chinchia120/autoware.ai/install/ds4_msgs/share/ds4_msgs/cmake/ds4_msgsConfig-version.cmake
[9.804s] -- Installing: /home/chinchia120/autoware.ai/install/ds4_msgs/share/ds4_msgs/package.xml
[9.809s] Invoked command in '/home/chinchia120/autoware.ai/build/ds4_msgs' returned '0': /usr/bin/cmake --build /home/chinchia120/autoware.ai/build/ds4_msgs --target install -- -j4 -l4
