[0.175s] Invoking command in '/home/chinchia120/autoware.ai/build/op_utilities': CMAKE_PREFIX_PATH=/home/chinchia120/autoware.ai/install/op_ros_helpers:/home/chinchia120/autoware.ai/install/map_file:/home/chinchia120/autoware.ai/install/op_simu:/home/chinchia120/autoware.ai/install/lanelet2_extension:/home/chinchia120/autoware.ai/install/op_planner:/home/chinchia120/autoware.ai/install/lanelet2_validation:/home/chinchia120/autoware.ai/install/op_utility:/home/chinchia120/autoware.ai/install/lanelet2_routing:/home/chinchia120/autoware.ai/install/lanelet2_projection:/home/chinchia120/autoware.ai/install/vector_map_server:/home/chinchia120/autoware.ai/install/libwaypoint_follower:/home/chinchia120/autoware.ai/install/lanelet2_traffic_rules:/home/chinchia120/autoware.ai/install/lanelet2_maps:/home/chinchia120/autoware.ai/install/lanelet2_io:/home/chinchia120/autoware.ai/install/vector_map:/home/chinchia120/autoware.ai/install/lanelet2_core:/home/chinchia120/autoware.ai/install/amathutils_lib:/home/chinchia120/autoware.ai/install/vector_map_msgs:/home/chinchia120/autoware.ai/install/autoware_msgs:/home/chinchia120/autoware.ai/install/autoware_lanelet2_msgs:/home/chinchia120/autoware.ai/install/autoware_build_flags:${CMAKE_PREFIX_PATH} LD_LIBRARY_PATH=/home/chinchia120/autoware.ai/install/op_ros_helpers/lib:/home/chinchia120/autoware.ai/install/map_file/lib:/home/chinchia120/autoware.ai/install/op_simu/lib:/home/chinchia120/autoware.ai/install/lanelet2_extension/lib:/home/chinchia120/autoware.ai/install/op_planner/lib:/home/chinchia120/autoware.ai/install/lanelet2_validation/lib:/home/chinchia120/autoware.ai/install/op_utility/lib:/home/chinchia120/autoware.ai/install/lanelet2_routing/lib:/home/chinchia120/autoware.ai/install/lanelet2_projection/lib:/home/chinchia120/autoware.ai/install/libwaypoint_follower/lib:/home/chinchia120/autoware.ai/install/lanelet2_traffic_rules/lib:/home/chinchia120/autoware.ai/install/lanelet2_io/lib:/home/chinchia120/autoware.ai/install/vector_map/lib:/home/chinchia120/autoware.ai/install/lanelet2_core/lib:/home/chinchia120/autoware.ai/install/amathutils_lib/lib:${LD_LIBRARY_PATH} PKG_CONFIG_PATH=/home/chinchia120/autoware.ai/install/op_ros_helpers/lib/x86_64-linux-gnu/pkgconfig:/home/chinchia120/autoware.ai/install/op_ros_helpers/lib/pkgconfig:/home/chinchia120/autoware.ai/install/map_file/lib/x86_64-linux-gnu/pkgconfig:/home/chinchia120/autoware.ai/install/map_file/lib/pkgconfig:/home/chinchia120/autoware.ai/install/op_simu/lib/x86_64-linux-gnu/pkgconfig:/home/chinchia120/autoware.ai/install/op_simu/lib/pkgconfig:/home/chinchia120/autoware.ai/install/lanelet2_extension/lib/x86_64-linux-gnu/pkgconfig:/home/chinchia120/autoware.ai/install/lanelet2_extension/lib/pkgconfig:/home/chinchia120/autoware.ai/install/op_planner/lib/x86_64-linux-gnu/pkgconfig:/home/chinchia120/autoware.ai/install/op_planner/lib/pkgconfig:/home/chinchia120/autoware.ai/install/lanelet2_validation/lib/x86_64-linux-gnu/pkgconfig:/home/chinchia120/autoware.ai/install/lanelet2_validation/lib/pkgconfig:/home/chinchia120/autoware.ai/install/op_utility/lib/x86_64-linux-gnu/pkgconfig:/home/chinchia120/autoware.ai/install/op_utility/lib/pkgconfig:/home/chinchia120/autoware.ai/install/lanelet2_routing/lib/x86_64-linux-gnu/pkgconfig:/home/chinchia120/autoware.ai/install/lanelet2_routing/lib/pkgconfig:/home/chinchia120/autoware.ai/install/lanelet2_projection/lib/x86_64-linux-gnu/pkgconfig:/home/chinchia120/autoware.ai/install/lanelet2_projection/lib/pkgconfig:/home/chinchia120/autoware.ai/install/vector_map_server/lib/x86_64-linux-gnu/pkgconfig:/home/chinchia120/autoware.ai/install/vector_map_server/lib/pkgconfig:/home/chinchia120/autoware.ai/install/libwaypoint_follower/lib/x86_64-linux-gnu/pkgconfig:/home/chinchia120/autoware.ai/install/libwaypoint_follower/lib/pkgconfig:/home/chinchia120/autoware.ai/install/lanelet2_traffic_rules/lib/x86_64-linux-gnu/pkgconfig:/home/chinchia120/autoware.ai/install/lanelet2_traffic_rules/lib/pkgconfig:/home/chinchia120/autoware.ai/install/lanelet2_maps/lib/x86_64-linux-gnu/pkgconfig:/home/chinchia120/autoware.ai/install/lanelet2_maps/lib/pkgconfig:/home/chinchia120/autoware.ai/install/lanelet2_io/lib/x86_64-linux-gnu/pkgconfig:/home/chinchia120/autoware.ai/install/lanelet2_io/lib/pkgconfig:/home/chinchia120/autoware.ai/install/vector_map/lib/x86_64-linux-gnu/pkgconfig:/home/chinchia120/autoware.ai/install/vector_map/lib/pkgconfig:/home/chinchia120/autoware.ai/install/lanelet2_core/lib/x86_64-linux-gnu/pkgconfig:/home/chinchia120/autoware.ai/install/lanelet2_core/lib/pkgconfig:/home/chinchia120/autoware.ai/install/amathutils_lib/lib/x86_64-linux-gnu/pkgconfig:/home/chinchia120/autoware.ai/install/amathutils_lib/lib/pkgconfig:/home/chinchia120/autoware.ai/install/vector_map_msgs/lib/x86_64-linux-gnu/pkgconfig:/home/chinchia120/autoware.ai/install/vector_map_msgs/lib/pkgconfig:/home/chinchia120/autoware.ai/install/autoware_msgs/lib/x86_64-linux-gnu/pkgconfig:/home/chinchia120/autoware.ai/install/autoware_msgs/lib/pkgconfig:/home/chinchia120/autoware.ai/install/autoware_lanelet2_msgs/lib/x86_64-linux-gnu/pkgconfig:/home/chinchia120/autoware.ai/install/autoware_lanelet2_msgs/lib/pkgconfig:/home/chinchia120/autoware.ai/install/autoware_build_flags/lib/x86_64-linux-gnu/pkgconfig:/home/chinchia120/autoware.ai/install/autoware_build_flags/lib/pkgconfig:${PKG_CONFIG_PATH} PYTHONPATH=/home/chinchia120/autoware.ai/install/vector_map_server/lib/python2.7/dist-packages:/home/chinchia120/autoware.ai/install/vector_map_msgs/lib/python2.7/dist-packages:/home/chinchia120/autoware.ai/install/autoware_msgs/lib/python2.7/dist-packages:/home/chinchia120/autoware.ai/install/autoware_lanelet2_msgs/lib/python2.7/dist-packages:${PYTHONPATH} ROS_PACKAGE_PATH=/home/chinchia120/autoware.ai/install/op_ros_helpers/share:/home/chinchia120/autoware.ai/install/map_file/share:/home/chinchia120/autoware.ai/install/op_simu/share:/home/chinchia120/autoware.ai/install/lanelet2_extension/share:/home/chinchia120/autoware.ai/install/op_planner/share:/home/chinchia120/autoware.ai/install/lanelet2_validation/share:/home/chinchia120/autoware.ai/install/op_utility/share:/home/chinchia120/autoware.ai/install/lanelet2_routing/share:/home/chinchia120/autoware.ai/install/lanelet2_projection/share:/home/chinchia120/autoware.ai/install/vector_map_server/share:/home/chinchia120/autoware.ai/install/libwaypoint_follower/share:/home/chinchia120/autoware.ai/install/lanelet2_traffic_rules/share:/home/chinchia120/autoware.ai/install/lanelet2_maps/share:/home/chinchia120/autoware.ai/install/lanelet2_io/share:/home/chinchia120/autoware.ai/install/vector_map/share:/home/chinchia120/autoware.ai/install/lanelet2_core/share:/home/chinchia120/autoware.ai/install/amathutils_lib/share:/home/chinchia120/autoware.ai/install/vector_map_msgs/share:/home/chinchia120/autoware.ai/install/autoware_msgs/share:/home/chinchia120/autoware.ai/install/autoware_lanelet2_msgs/share:/home/chinchia120/autoware.ai/install/autoware_build_flags/share:${ROS_PACKAGE_PATH} /usr/bin/cmake /home/chinchia120/autoware.ai/src/autoware/core_planning/op_utilities -DCMAKE_BUILD_TYPE=Release -DCATKIN_INSTALL_INTO_PREFIX_ROOT=0 -DCMAKE_INSTALL_PREFIX=/home/chinchia120/autoware.ai/install/op_utilities
[0.349s] -- The C compiler identification is GNU 7.5.0
[0.487s] -- The CXX compiler identification is GNU 7.5.0
[0.500s] -- Check for working C compiler: /usr/bin/cc
[0.677s] -- Check for working C compiler: /usr/bin/cc -- works
[0.678s] -- Detecting C compiler ABI info
[0.868s] -- Detecting C compiler ABI info - done
[0.887s] -- Detecting C compile features
[1.412s] -- Detecting C compile features - done
[1.417s] -- Check for working CXX compiler: /usr/bin/c++
[1.610s] -- Check for working CXX compiler: /usr/bin/c++ -- works
[1.612s] -- Detecting CXX compiler ABI info
[1.809s] -- Detecting CXX compiler ABI info - done
[1.835s] -- Detecting CXX compile features
[2.669s] -- Detecting CXX compile features - done
[2.675s] -- CUDA compilation status: 1.
[2.682s] -- Using CATKIN_DEVEL_PREFIX: /home/chinchia120/autoware.ai/build/op_utilities/devel
[2.718s] -- Using CMAKE_PREFIX_PATH: /home/chinchia120/autoware.ai/install/op_ros_helpers;/home/chinchia120/autoware.ai/install/map_file;/home/chinchia120/autoware.ai/install/op_simu;/home/chinchia120/autoware.ai/install/lanelet2_extension;/home/chinchia120/autoware.ai/install/op_planner;/home/chinchia120/autoware.ai/install/lanelet2_validation;/home/chinchia120/autoware.ai/install/op_utility;/home/chinchia120/autoware.ai/install/lanelet2_routing;/home/chinchia120/autoware.ai/install/lanelet2_projection;/home/chinchia120/autoware.ai/install/vector_map_server;/home/chinchia120/autoware.ai/install/libwaypoint_follower;/home/chinchia120/autoware.ai/install/lanelet2_traffic_rules;/home/chinchia120/autoware.ai/install/lanelet2_maps;/home/chinchia120/autoware.ai/install/lanelet2_io;/home/chinchia120/autoware.ai/install/vector_map;/home/chinchia120/autoware.ai/install/lanelet2_core;/home/chinchia120/autoware.ai/install/amathutils_lib;/home/chinchia120/autoware.ai/install/vector_map_msgs;/home/chinchia120/autoware.ai/install/autoware_msgs;/home/chinchia120/autoware.ai/install/autoware_lanelet2_msgs;/home/chinchia120/autoware.ai/install/autoware_build_flags;/home/chinchia120/catkin_ws/devel;/opt/ros/melodic
[2.718s] -- This workspace overlays: /home/chinchia120/autoware.ai/install/op_ros_helpers;/home/chinchia120/autoware.ai/install/map_file;/home/chinchia120/autoware.ai/install/op_simu;/home/chinchia120/autoware.ai/install/lanelet2_extension;/home/chinchia120/autoware.ai/install/op_planner;/home/chinchia120/autoware.ai/install/lanelet2_validation;/home/chinchia120/autoware.ai/install/op_utility;/home/chinchia120/autoware.ai/install/lanelet2_routing;/home/chinchia120/autoware.ai/install/lanelet2_projection;/home/chinchia120/autoware.ai/install/vector_map_server;/home/chinchia120/autoware.ai/install/libwaypoint_follower;/home/chinchia120/autoware.ai/install/lanelet2_traffic_rules;/home/chinchia120/autoware.ai/install/lanelet2_maps;/home/chinchia120/autoware.ai/install/lanelet2_io;/home/chinchia120/autoware.ai/install/vector_map;/home/chinchia120/autoware.ai/install/lanelet2_core;/home/chinchia120/autoware.ai/install/amathutils_lib;/home/chinchia120/autoware.ai/install/vector_map_msgs;/home/chinchia120/autoware.ai/install/autoware_msgs;/home/chinchia120/autoware.ai/install/autoware_lanelet2_msgs;/home/chinchia120/autoware.ai/install/autoware_build_flags;/home/chinchia120/catkin_ws/devel;/opt/ros/melodic
[2.738s] -- Found PythonInterp: /usr/bin/python2 (found suitable version "2.7.17", minimum required is "2") 
[2.739s] -- Using PYTHON_EXECUTABLE: /usr/bin/python2
[2.739s] -- Using Debian Python package layout
[2.740s] -- Using empy: /usr/bin/empy
[3.042s] -- Using CATKIN_ENABLE_TESTING: ON
[3.042s] -- Call enable_testing()
[3.047s] -- Using CATKIN_TEST_RESULTS_DIR: /home/chinchia120/autoware.ai/build/op_utilities/test_results
[3.084s] -- Found gtest sources under '/usr/src/googletest': gtests will be built
[3.085s] -- Found gmock sources under '/usr/src/googletest': gmock will be built
[3.109s] -- Found PythonInterp: /usr/bin/python2 (found version "2.7.17") 
[3.111s] -- Looking for pthread.h
[3.283s] -- Looking for pthread.h - found
[3.284s] -- Looking for pthread_create
[3.482s] -- Looking for pthread_create - not found
[3.483s] -- Looking for pthread_create in pthreads
[3.633s] -- Looking for pthread_create in pthreads - not found
[3.634s] -- Looking for pthread_create in pthread
[3.802s] -- Looking for pthread_create in pthread - found
[3.804s] -- Found Threads: TRUE  
[3.813s] -- Using Python nosetests: /usr/bin/nosetests-2.7
[3.908s] -- catkin 0.7.29
[3.908s] -- BUILD_SHARED_LIBS is on
[4.393s] -- Using these message generators: gencpp;geneus;genlisp;gennodejs;genpy
[5.650s] -- Found OpenCV: /usr (found version "3.2.0") 
[5.676s] -- Found OpenGL: /usr/lib/x86_64-linux-gnu/libOpenGL.so   
[5.698s] -- Found GLEW: /usr/include  
[5.714s] -- Found GLUT: /usr/lib/x86_64-linux-gnu/libglut.so  
[5.822s] -- Looking for XOpenDisplay in /usr/lib/x86_64-linux-gnu/libX11.so;/usr/lib/x86_64-linux-gnu/libXext.so
[6.009s] -- Looking for XOpenDisplay in /usr/lib/x86_64-linux-gnu/libX11.so;/usr/lib/x86_64-linux-gnu/libXext.so - found
[6.011s] -- Looking for gethostbyname
[6.181s] -- Looking for gethostbyname - found
[6.182s] -- Looking for connect
[6.354s] -- Looking for connect - found
[6.355s] -- Looking for remove
[6.527s] -- Looking for remove - found
[6.528s] -- Looking for shmat
[6.694s] -- Looking for shmat - found
[6.695s] -- Looking for IceConnectionNumber in ICE
[6.866s] -- Looking for IceConnectionNumber in ICE - found
[6.867s] -- Found X11: /usr/lib/x86_64-linux-gnu/libX11.so
[7.134s] -- Configuring done
[7.480s] -- Generating done
[7.511s] -- Build files have been written to: /home/chinchia120/autoware.ai/build/op_utilities
[7.526s] Invoked command in '/home/chinchia120/autoware.ai/build/op_utilities' returned '0': CMAKE_PREFIX_PATH=/home/chinchia120/autoware.ai/install/op_ros_helpers:/home/chinchia120/autoware.ai/install/map_file:/home/chinchia120/autoware.ai/install/op_simu:/home/chinchia120/autoware.ai/install/lanelet2_extension:/home/chinchia120/autoware.ai/install/op_planner:/home/chinchia120/autoware.ai/install/lanelet2_validation:/home/chinchia120/autoware.ai/install/op_utility:/home/chinchia120/autoware.ai/install/lanelet2_routing:/home/chinchia120/autoware.ai/install/lanelet2_projection:/home/chinchia120/autoware.ai/install/vector_map_server:/home/chinchia120/autoware.ai/install/libwaypoint_follower:/home/chinchia120/autoware.ai/install/lanelet2_traffic_rules:/home/chinchia120/autoware.ai/install/lanelet2_maps:/home/chinchia120/autoware.ai/install/lanelet2_io:/home/chinchia120/autoware.ai/install/vector_map:/home/chinchia120/autoware.ai/install/lanelet2_core:/home/chinchia120/autoware.ai/install/amathutils_lib:/home/chinchia120/autoware.ai/install/vector_map_msgs:/home/chinchia120/autoware.ai/install/autoware_msgs:/home/chinchia120/autoware.ai/install/autoware_lanelet2_msgs:/home/chinchia120/autoware.ai/install/autoware_build_flags:${CMAKE_PREFIX_PATH} LD_LIBRARY_PATH=/home/chinchia120/autoware.ai/install/op_ros_helpers/lib:/home/chinchia120/autoware.ai/install/map_file/lib:/home/chinchia120/autoware.ai/install/op_simu/lib:/home/chinchia120/autoware.ai/install/lanelet2_extension/lib:/home/chinchia120/autoware.ai/install/op_planner/lib:/home/chinchia120/autoware.ai/install/lanelet2_validation/lib:/home/chinchia120/autoware.ai/install/op_utility/lib:/home/chinchia120/autoware.ai/install/lanelet2_routing/lib:/home/chinchia120/autoware.ai/install/lanelet2_projection/lib:/home/chinchia120/autoware.ai/install/libwaypoint_follower/lib:/home/chinchia120/autoware.ai/install/lanelet2_traffic_rules/lib:/home/chinchia120/autoware.ai/install/lanelet2_io/lib:/home/chinchia120/autoware.ai/install/vector_map/lib:/home/chinchia120/autoware.ai/install/lanelet2_core/lib:/home/chinchia120/autoware.ai/install/amathutils_lib/lib:${LD_LIBRARY_PATH} PKG_CONFIG_PATH=/home/chinchia120/autoware.ai/install/op_ros_helpers/lib/x86_64-linux-gnu/pkgconfig:/home/chinchia120/autoware.ai/install/op_ros_helpers/lib/pkgconfig:/home/chinchia120/autoware.ai/install/map_file/lib/x86_64-linux-gnu/pkgconfig:/home/chinchia120/autoware.ai/install/map_file/lib/pkgconfig:/home/chinchia120/autoware.ai/install/op_simu/lib/x86_64-linux-gnu/pkgconfig:/home/chinchia120/autoware.ai/install/op_simu/lib/pkgconfig:/home/chinchia120/autoware.ai/install/lanelet2_extension/lib/x86_64-linux-gnu/pkgconfig:/home/chinchia120/autoware.ai/install/lanelet2_extension/lib/pkgconfig:/home/chinchia120/autoware.ai/install/op_planner/lib/x86_64-linux-gnu/pkgconfig:/home/chinchia120/autoware.ai/install/op_planner/lib/pkgconfig:/home/chinchia120/autoware.ai/install/lanelet2_validation/lib/x86_64-linux-gnu/pkgconfig:/home/chinchia120/autoware.ai/install/lanelet2_validation/lib/pkgconfig:/home/chinchia120/autoware.ai/install/op_utility/lib/x86_64-linux-gnu/pkgconfig:/home/chinchia120/autoware.ai/install/op_utility/lib/pkgconfig:/home/chinchia120/autoware.ai/install/lanelet2_routing/lib/x86_64-linux-gnu/pkgconfig:/home/chinchia120/autoware.ai/install/lanelet2_routing/lib/pkgconfig:/home/chinchia120/autoware.ai/install/lanelet2_projection/lib/x86_64-linux-gnu/pkgconfig:/home/chinchia120/autoware.ai/install/lanelet2_projection/lib/pkgconfig:/home/chinchia120/autoware.ai/install/vector_map_server/lib/x86_64-linux-gnu/pkgconfig:/home/chinchia120/autoware.ai/install/vector_map_server/lib/pkgconfig:/home/chinchia120/autoware.ai/install/libwaypoint_follower/lib/x86_64-linux-gnu/pkgconfig:/home/chinchia120/autoware.ai/install/libwaypoint_follower/lib/pkgconfig:/home/chinchia120/autoware.ai/install/lanelet2_traffic_rules/lib/x86_64-linux-gnu/pkgconfig:/home/chinchia120/autoware.ai/install/lanelet2_traffic_rules/lib/pkgconfig:/home/chinchia120/autoware.ai/install/lanelet2_maps/lib/x86_64-linux-gnu/pkgconfig:/home/chinchia120/autoware.ai/install/lanelet2_maps/lib/pkgconfig:/home/chinchia120/autoware.ai/install/lanelet2_io/lib/x86_64-linux-gnu/pkgconfig:/home/chinchia120/autoware.ai/install/lanelet2_io/lib/pkgconfig:/home/chinchia120/autoware.ai/install/vector_map/lib/x86_64-linux-gnu/pkgconfig:/home/chinchia120/autoware.ai/install/vector_map/lib/pkgconfig:/home/chinchia120/autoware.ai/install/lanelet2_core/lib/x86_64-linux-gnu/pkgconfig:/home/chinchia120/autoware.ai/install/lanelet2_core/lib/pkgconfig:/home/chinchia120/autoware.ai/install/amathutils_lib/lib/x86_64-linux-gnu/pkgconfig:/home/chinchia120/autoware.ai/install/amathutils_lib/lib/pkgconfig:/home/chinchia120/autoware.ai/install/vector_map_msgs/lib/x86_64-linux-gnu/pkgconfig:/home/chinchia120/autoware.ai/install/vector_map_msgs/lib/pkgconfig:/home/chinchia120/autoware.ai/install/autoware_msgs/lib/x86_64-linux-gnu/pkgconfig:/home/chinchia120/autoware.ai/install/autoware_msgs/lib/pkgconfig:/home/chinchia120/autoware.ai/install/autoware_lanelet2_msgs/lib/x86_64-linux-gnu/pkgconfig:/home/chinchia120/autoware.ai/install/autoware_lanelet2_msgs/lib/pkgconfig:/home/chinchia120/autoware.ai/install/autoware_build_flags/lib/x86_64-linux-gnu/pkgconfig:/home/chinchia120/autoware.ai/install/autoware_build_flags/lib/pkgconfig:${PKG_CONFIG_PATH} PYTHONPATH=/home/chinchia120/autoware.ai/install/vector_map_server/lib/python2.7/dist-packages:/home/chinchia120/autoware.ai/install/vector_map_msgs/lib/python2.7/dist-packages:/home/chinchia120/autoware.ai/install/autoware_msgs/lib/python2.7/dist-packages:/home/chinchia120/autoware.ai/install/autoware_lanelet2_msgs/lib/python2.7/dist-packages:${PYTHONPATH} ROS_PACKAGE_PATH=/home/chinchia120/autoware.ai/install/op_ros_helpers/share:/home/chinchia120/autoware.ai/install/map_file/share:/home/chinchia120/autoware.ai/install/op_simu/share:/home/chinchia120/autoware.ai/install/lanelet2_extension/share:/home/chinchia120/autoware.ai/install/op_planner/share:/home/chinchia120/autoware.ai/install/lanelet2_validation/share:/home/chinchia120/autoware.ai/install/op_utility/share:/home/chinchia120/autoware.ai/install/lanelet2_routing/share:/home/chinchia120/autoware.ai/install/lanelet2_projection/share:/home/chinchia120/autoware.ai/install/vector_map_server/share:/home/chinchia120/autoware.ai/install/libwaypoint_follower/share:/home/chinchia120/autoware.ai/install/lanelet2_traffic_rules/share:/home/chinchia120/autoware.ai/install/lanelet2_maps/share:/home/chinchia120/autoware.ai/install/lanelet2_io/share:/home/chinchia120/autoware.ai/install/vector_map/share:/home/chinchia120/autoware.ai/install/lanelet2_core/share:/home/chinchia120/autoware.ai/install/amathutils_lib/share:/home/chinchia120/autoware.ai/install/vector_map_msgs/share:/home/chinchia120/autoware.ai/install/autoware_msgs/share:/home/chinchia120/autoware.ai/install/autoware_lanelet2_msgs/share:/home/chinchia120/autoware.ai/install/autoware_build_flags/share:${ROS_PACKAGE_PATH} /usr/bin/cmake /home/chinchia120/autoware.ai/src/autoware/core_planning/op_utilities -DCMAKE_BUILD_TYPE=Release -DCATKIN_INSTALL_INTO_PREFIX_ROOT=0 -DCMAKE_INSTALL_PREFIX=/home/chinchia120/autoware.ai/install/op_utilities
[7.528s] Invoking command in '/home/chinchia120/autoware.ai/build/op_utilities': CMAKE_PREFIX_PATH=/home/chinchia120/autoware.ai/install/op_ros_helpers:/home/chinchia120/autoware.ai/install/map_file:/home/chinchia120/autoware.ai/install/op_simu:/home/chinchia120/autoware.ai/install/lanelet2_extension:/home/chinchia120/autoware.ai/install/op_planner:/home/chinchia120/autoware.ai/install/lanelet2_validation:/home/chinchia120/autoware.ai/install/op_utility:/home/chinchia120/autoware.ai/install/lanelet2_routing:/home/chinchia120/autoware.ai/install/lanelet2_projection:/home/chinchia120/autoware.ai/install/vector_map_server:/home/chinchia120/autoware.ai/install/libwaypoint_follower:/home/chinchia120/autoware.ai/install/lanelet2_traffic_rules:/home/chinchia120/autoware.ai/install/lanelet2_maps:/home/chinchia120/autoware.ai/install/lanelet2_io:/home/chinchia120/autoware.ai/install/vector_map:/home/chinchia120/autoware.ai/install/lanelet2_core:/home/chinchia120/autoware.ai/install/amathutils_lib:/home/chinchia120/autoware.ai/install/vector_map_msgs:/home/chinchia120/autoware.ai/install/autoware_msgs:/home/chinchia120/autoware.ai/install/autoware_lanelet2_msgs:/home/chinchia120/autoware.ai/install/autoware_build_flags:${CMAKE_PREFIX_PATH} LD_LIBRARY_PATH=/home/chinchia120/autoware.ai/install/op_ros_helpers/lib:/home/chinchia120/autoware.ai/install/map_file/lib:/home/chinchia120/autoware.ai/install/op_simu/lib:/home/chinchia120/autoware.ai/install/lanelet2_extension/lib:/home/chinchia120/autoware.ai/install/op_planner/lib:/home/chinchia120/autoware.ai/install/lanelet2_validation/lib:/home/chinchia120/autoware.ai/install/op_utility/lib:/home/chinchia120/autoware.ai/install/lanelet2_routing/lib:/home/chinchia120/autoware.ai/install/lanelet2_projection/lib:/home/chinchia120/autoware.ai/install/libwaypoint_follower/lib:/home/chinchia120/autoware.ai/install/lanelet2_traffic_rules/lib:/home/chinchia120/autoware.ai/install/lanelet2_io/lib:/home/chinchia120/autoware.ai/install/vector_map/lib:/home/chinchia120/autoware.ai/install/lanelet2_core/lib:/home/chinchia120/autoware.ai/install/amathutils_lib/lib:${LD_LIBRARY_PATH} PKG_CONFIG_PATH=/home/chinchia120/autoware.ai/install/op_ros_helpers/lib/x86_64-linux-gnu/pkgconfig:/home/chinchia120/autoware.ai/install/op_ros_helpers/lib/pkgconfig:/home/chinchia120/autoware.ai/install/map_file/lib/x86_64-linux-gnu/pkgconfig:/home/chinchia120/autoware.ai/install/map_file/lib/pkgconfig:/home/chinchia120/autoware.ai/install/op_simu/lib/x86_64-linux-gnu/pkgconfig:/home/chinchia120/autoware.ai/install/op_simu/lib/pkgconfig:/home/chinchia120/autoware.ai/install/lanelet2_extension/lib/x86_64-linux-gnu/pkgconfig:/home/chinchia120/autoware.ai/install/lanelet2_extension/lib/pkgconfig:/home/chinchia120/autoware.ai/install/op_planner/lib/x86_64-linux-gnu/pkgconfig:/home/chinchia120/autoware.ai/install/op_planner/lib/pkgconfig:/home/chinchia120/autoware.ai/install/lanelet2_validation/lib/x86_64-linux-gnu/pkgconfig:/home/chinchia120/autoware.ai/install/lanelet2_validation/lib/pkgconfig:/home/chinchia120/autoware.ai/install/op_utility/lib/x86_64-linux-gnu/pkgconfig:/home/chinchia120/autoware.ai/install/op_utility/lib/pkgconfig:/home/chinchia120/autoware.ai/install/lanelet2_routing/lib/x86_64-linux-gnu/pkgconfig:/home/chinchia120/autoware.ai/install/lanelet2_routing/lib/pkgconfig:/home/chinchia120/autoware.ai/install/lanelet2_projection/lib/x86_64-linux-gnu/pkgconfig:/home/chinchia120/autoware.ai/install/lanelet2_projection/lib/pkgconfig:/home/chinchia120/autoware.ai/install/vector_map_server/lib/x86_64-linux-gnu/pkgconfig:/home/chinchia120/autoware.ai/install/vector_map_server/lib/pkgconfig:/home/chinchia120/autoware.ai/install/libwaypoint_follower/lib/x86_64-linux-gnu/pkgconfig:/home/chinchia120/autoware.ai/install/libwaypoint_follower/lib/pkgconfig:/home/chinchia120/autoware.ai/install/lanelet2_traffic_rules/lib/x86_64-linux-gnu/pkgconfig:/home/chinchia120/autoware.ai/install/lanelet2_traffic_rules/lib/pkgconfig:/home/chinchia120/autoware.ai/install/lanelet2_maps/lib/x86_64-linux-gnu/pkgconfig:/home/chinchia120/autoware.ai/install/lanelet2_maps/lib/pkgconfig:/home/chinchia120/autoware.ai/install/lanelet2_io/lib/x86_64-linux-gnu/pkgconfig:/home/chinchia120/autoware.ai/install/lanelet2_io/lib/pkgconfig:/home/chinchia120/autoware.ai/install/vector_map/lib/x86_64-linux-gnu/pkgconfig:/home/chinchia120/autoware.ai/install/vector_map/lib/pkgconfig:/home/chinchia120/autoware.ai/install/lanelet2_core/lib/x86_64-linux-gnu/pkgconfig:/home/chinchia120/autoware.ai/install/lanelet2_core/lib/pkgconfig:/home/chinchia120/autoware.ai/install/amathutils_lib/lib/x86_64-linux-gnu/pkgconfig:/home/chinchia120/autoware.ai/install/amathutils_lib/lib/pkgconfig:/home/chinchia120/autoware.ai/install/vector_map_msgs/lib/x86_64-linux-gnu/pkgconfig:/home/chinchia120/autoware.ai/install/vector_map_msgs/lib/pkgconfig:/home/chinchia120/autoware.ai/install/autoware_msgs/lib/x86_64-linux-gnu/pkgconfig:/home/chinchia120/autoware.ai/install/autoware_msgs/lib/pkgconfig:/home/chinchia120/autoware.ai/install/autoware_lanelet2_msgs/lib/x86_64-linux-gnu/pkgconfig:/home/chinchia120/autoware.ai/install/autoware_lanelet2_msgs/lib/pkgconfig:/home/chinchia120/autoware.ai/install/autoware_build_flags/lib/x86_64-linux-gnu/pkgconfig:/home/chinchia120/autoware.ai/install/autoware_build_flags/lib/pkgconfig:${PKG_CONFIG_PATH} PYTHONPATH=/home/chinchia120/autoware.ai/install/vector_map_server/lib/python2.7/dist-packages:/home/chinchia120/autoware.ai/install/vector_map_msgs/lib/python2.7/dist-packages:/home/chinchia120/autoware.ai/install/autoware_msgs/lib/python2.7/dist-packages:/home/chinchia120/autoware.ai/install/autoware_lanelet2_msgs/lib/python2.7/dist-packages:${PYTHONPATH} ROS_PACKAGE_PATH=/home/chinchia120/autoware.ai/install/op_ros_helpers/share:/home/chinchia120/autoware.ai/install/map_file/share:/home/chinchia120/autoware.ai/install/op_simu/share:/home/chinchia120/autoware.ai/install/lanelet2_extension/share:/home/chinchia120/autoware.ai/install/op_planner/share:/home/chinchia120/autoware.ai/install/lanelet2_validation/share:/home/chinchia120/autoware.ai/install/op_utility/share:/home/chinchia120/autoware.ai/install/lanelet2_routing/share:/home/chinchia120/autoware.ai/install/lanelet2_projection/share:/home/chinchia120/autoware.ai/install/vector_map_server/share:/home/chinchia120/autoware.ai/install/libwaypoint_follower/share:/home/chinchia120/autoware.ai/install/lanelet2_traffic_rules/share:/home/chinchia120/autoware.ai/install/lanelet2_maps/share:/home/chinchia120/autoware.ai/install/lanelet2_io/share:/home/chinchia120/autoware.ai/install/vector_map/share:/home/chinchia120/autoware.ai/install/lanelet2_core/share:/home/chinchia120/autoware.ai/install/amathutils_lib/share:/home/chinchia120/autoware.ai/install/vector_map_msgs/share:/home/chinchia120/autoware.ai/install/autoware_msgs/share:/home/chinchia120/autoware.ai/install/autoware_lanelet2_msgs/share:/home/chinchia120/autoware.ai/install/autoware_build_flags/share:${ROS_PACKAGE_PATH} /usr/bin/cmake --build /home/chinchia120/autoware.ai/build/op_utilities -- -j4 -l4
[7.645s] [35m[1mScanning dependencies of target op_bag_player[0m
[7.814s] [  7%] [32mBuilding CXX object CMakeFiles/op_bag_player.dir/nodes/op_bag_player/op_bag_player.cpp.o[0m
[14.697s] [ 15%] [32mBuilding CXX object CMakeFiles/op_bag_player.dir/nodes/op_bag_player/op_bag_player_core.cpp.o[0m
[25.689s] [ 23%] [32mBuilding CXX object CMakeFiles/op_bag_player.dir/nodes/op_bag_player/DrawObjBase.cpp.o[0m
[25.961s] [ 30%] [32mBuilding CXX object CMakeFiles/op_bag_player.dir/nodes/op_bag_player/DrawingHelpers.cpp.o[0m
[30.228s] [ 38%] [32mBuilding CXX object CMakeFiles/op_bag_player.dir/nodes/op_bag_player/MainWindowWrapper.cpp.o[0m
[33.057s] [ 46%] [32mBuilding CXX object CMakeFiles/op_bag_player.dir/nodes/op_bag_player/BagTopicPlayer.cpp.o[0m
[38.875s] [ 53%] [32m[1mLinking CXX executable devel/lib/op_utilities/op_bag_player[0m
[39.525s] [ 53%] Built target op_bag_player
[39.551s] [35m[1mScanning dependencies of target topic_tools_generate_messages_nodejs[0m
[39.579s] [ 53%] Built target topic_tools_generate_messages_nodejs
[39.604s] [35m[1mScanning dependencies of target topic_tools_generate_messages_eus[0m
[39.633s] [ 53%] Built target topic_tools_generate_messages_eus
[39.658s] [35m[1mScanning dependencies of target topic_tools_generate_messages_cpp[0m
[39.684s] [ 53%] Built target topic_tools_generate_messages_cpp
[39.711s] [35m[1mScanning dependencies of target std_srvs_generate_messages_py[0m
[39.739s] [ 53%] Built target std_srvs_generate_messages_py
[39.764s] [35m[1mScanning dependencies of target std_srvs_generate_messages_nodejs[0m
[39.788s] [ 53%] Built target std_srvs_generate_messages_nodejs
[39.814s] [35m[1mScanning dependencies of target tf_generate_messages_py[0m
[39.846s] [ 53%] Built target tf_generate_messages_py
[39.880s] [35m[1mScanning dependencies of target tf_generate_messages_nodejs[0m
[39.906s] [ 53%] Built target tf_generate_messages_nodejs
[39.936s] [35m[1mScanning dependencies of target tf_generate_messages_lisp[0m
[39.967s] [ 53%] Built target tf_generate_messages_lisp
[39.995s] [35m[1mScanning dependencies of target vector_map_server_generate_messages_nodejs[0m
[40.028s] [ 53%] Built target vector_map_server_generate_messages_nodejs
[40.060s] [35m[1mScanning dependencies of target geometry_msgs_generate_messages_py[0m
[40.095s] [ 53%] Built target geometry_msgs_generate_messages_py
[40.128s] [35m[1mScanning dependencies of target sensor_msgs_generate_messages_nodejs[0m
[40.163s] [ 53%] Built target sensor_msgs_generate_messages_nodejs
[40.192s] [35m[1mScanning dependencies of target actionlib_generate_messages_cpp[0m
[40.229s] [ 53%] Built target actionlib_generate_messages_cpp
[40.257s] [35m[1mScanning dependencies of target pcl_msgs_generate_messages_eus[0m
[40.290s] [ 53%] Built target pcl_msgs_generate_messages_eus
[40.318s] [35m[1mScanning dependencies of target rosgraph_msgs_generate_messages_eus[0m
[40.349s] [ 53%] Built target rosgraph_msgs_generate_messages_eus
[40.382s] [35m[1mScanning dependencies of target jsk_recognition_msgs_generate_messages_lisp[0m
[40.407s] [ 53%] Built target jsk_recognition_msgs_generate_messages_lisp
[40.431s] [35m[1mScanning dependencies of target jsk_recognition_msgs_generate_messages_eus[0m
[40.462s] [ 53%] Built target jsk_recognition_msgs_generate_messages_eus
[40.486s] [35m[1mScanning dependencies of target tf2_msgs_generate_messages_cpp[0m
[40.513s] [ 53%] Built target tf2_msgs_generate_messages_cpp
[40.540s] [35m[1mScanning dependencies of target std_msgs_generate_messages_py[0m
[40.573s] [ 53%] Built target std_msgs_generate_messages_py
[40.604s] [35m[1mScanning dependencies of target autoware_msgs_generate_messages_py[0m
[40.628s] [ 53%] Built target autoware_msgs_generate_messages_py
[40.656s] [35m[1mScanning dependencies of target std_msgs_generate_messages_nodejs[0m
[40.681s] [ 53%] Built target std_msgs_generate_messages_nodejs
[40.704s] [35m[1mScanning dependencies of target sensor_msgs_generate_messages_eus[0m
[40.731s] [ 53%] Built target sensor_msgs_generate_messages_eus
[40.762s] [35m[1mScanning dependencies of target std_srvs_generate_messages_lisp[0m
[40.792s] [ 53%] Built target std_srvs_generate_messages_lisp
[40.828s] [35m[1mScanning dependencies of target _catkin_empty_exported_target[0m
[40.857s] [ 53%] Built target _catkin_empty_exported_target
[40.884s] [35m[1mScanning dependencies of target sensor_msgs_generate_messages_cpp[0m
[40.909s] [ 53%] Built target sensor_msgs_generate_messages_cpp
[40.935s] [35m[1mScanning dependencies of target autoware_msgs_generate_messages_cpp[0m
[40.959s] [ 53%] Built target autoware_msgs_generate_messages_cpp
[40.991s] [35m[1mScanning dependencies of target rosgraph_msgs_generate_messages_cpp[0m
[41.023s] [ 53%] Built target rosgraph_msgs_generate_messages_cpp
[41.051s] [35m[1mScanning dependencies of target pcl_msgs_generate_messages_nodejs[0m
[41.082s] [ 53%] Built target pcl_msgs_generate_messages_nodejs
[41.106s] [35m[1mScanning dependencies of target jsk_recognition_msgs_generate_messages_py[0m
[41.131s] [ 53%] Built target jsk_recognition_msgs_generate_messages_py
[41.157s] [35m[1mScanning dependencies of target std_srvs_generate_messages_cpp[0m
[41.188s] [ 53%] Built target std_srvs_generate_messages_cpp
[41.217s] [35m[1mScanning dependencies of target sensor_msgs_generate_messages_lisp[0m
[41.246s] [ 53%] Built target sensor_msgs_generate_messages_lisp
[41.271s] [35m[1mScanning dependencies of target sensor_msgs_generate_messages_py[0m
[41.295s] [ 53%] Built target sensor_msgs_generate_messages_py
[41.320s] [35m[1mScanning dependencies of target std_msgs_generate_messages_cpp[0m
[41.345s] [ 53%] Built target std_msgs_generate_messages_cpp
[41.374s] [35m[1mScanning dependencies of target jsk_footstep_msgs_generate_messages_py[0m
[41.403s] [ 53%] Built target jsk_footstep_msgs_generate_messages_py
[41.428s] [35m[1mScanning dependencies of target visualization_msgs_generate_messages_nodejs[0m
[41.462s] [ 53%] Built target visualization_msgs_generate_messages_nodejs
[41.494s] [35m[1mScanning dependencies of target vector_map_msgs_generate_messages_nodejs[0m
[41.521s] [ 53%] Built target vector_map_msgs_generate_messages_nodejs
[41.547s] [35m[1mScanning dependencies of target topic_tools_generate_messages_py[0m
[41.572s] [ 53%] Built target topic_tools_generate_messages_py
[41.603s] [35m[1mScanning dependencies of target actionlib_msgs_generate_messages_nodejs[0m
[41.637s] [ 53%] Built target actionlib_msgs_generate_messages_nodejs
[41.666s] [35m[1mScanning dependencies of target geometry_msgs_generate_messages_eus[0m
[41.698s] [ 53%] Built target geometry_msgs_generate_messages_eus
[41.722s] [35m[1mScanning dependencies of target std_msgs_generate_messages_lisp[0m
[41.747s] [ 53%] Built target std_msgs_generate_messages_lisp
[41.772s] [35m[1mScanning dependencies of target roscpp_generate_messages_nodejs[0m
[41.801s] [ 53%] Built target roscpp_generate_messages_nodejs
[41.827s] [35m[1mScanning dependencies of target geometry_msgs_generate_messages_nodejs[0m
[41.852s] [ 53%] Built target geometry_msgs_generate_messages_nodejs
[41.883s] [35m[1mScanning dependencies of target geometry_msgs_generate_messages_lisp[0m
[41.913s] [ 53%] Built target geometry_msgs_generate_messages_lisp
[41.940s] [35m[1mScanning dependencies of target pcl_msgs_generate_messages_cpp[0m
[41.975s] [ 53%] Built target pcl_msgs_generate_messages_cpp
[42.014s] [35m[1mScanning dependencies of target topic_tools_generate_messages_lisp[0m
[42.051s] [ 53%] Built target topic_tools_generate_messages_lisp
[42.086s] [35m[1mScanning dependencies of target jsk_recognition_msgs_generate_messages_cpp[0m
[42.122s] [ 53%] Built target jsk_recognition_msgs_generate_messages_cpp
[42.159s] [35m[1mScanning dependencies of target autoware_msgs_generate_messages_eus[0m
[42.194s] [ 53%] Built target autoware_msgs_generate_messages_eus
[42.230s] [35m[1mScanning dependencies of target autoware_msgs_generate_messages_lisp[0m
[42.268s] [ 53%] Built target autoware_msgs_generate_messages_lisp
[42.297s] [35m[1mScanning dependencies of target visualization_msgs_generate_messages_lisp[0m
[42.323s] [ 53%] Built target visualization_msgs_generate_messages_lisp
[42.355s] [35m[1mScanning dependencies of target std_msgs_generate_messages_eus[0m
[42.393s] [ 53%] Built target std_msgs_generate_messages_eus
[42.425s] [35m[1mScanning dependencies of target vector_map_msgs_generate_messages_py[0m
[42.453s] [ 53%] Built target vector_map_msgs_generate_messages_py
[42.486s] [35m[1mScanning dependencies of target autoware_msgs_generate_messages_nodejs[0m
[42.514s] [ 53%] Built target autoware_msgs_generate_messages_nodejs
[42.541s] [35m[1mScanning dependencies of target jsk_footstep_msgs_generate_messages_eus[0m
[42.568s] [ 53%] Built target jsk_footstep_msgs_generate_messages_eus
[42.595s] [35m[1mScanning dependencies of target actionlib_msgs_generate_messages_py[0m
[42.622s] [ 53%] Built target actionlib_msgs_generate_messages_py
[42.652s] [35m[1mScanning dependencies of target vector_map_server_generate_messages_lisp[0m
[42.688s] [ 53%] Built target vector_map_server_generate_messages_lisp
[42.712s] [35m[1mScanning dependencies of target jsk_footstep_msgs_generate_messages_lisp[0m
[42.738s] [ 53%] Built target jsk_footstep_msgs_generate_messages_lisp
[42.769s] [35m[1mScanning dependencies of target jsk_footstep_msgs_generate_messages_nodejs[0m
[42.804s] [ 53%] Built target jsk_footstep_msgs_generate_messages_nodejs
[42.830s] [35m[1mScanning dependencies of target tf_generate_messages_eus[0m
[42.856s] [ 53%] Built target tf_generate_messages_eus
[42.892s] [35m[1mScanning dependencies of target jsk_footstep_msgs_generate_messages_cpp[0m
[42.925s] [ 53%] Built target jsk_footstep_msgs_generate_messages_cpp
[42.957s] [35m[1mScanning dependencies of target actionlib_msgs_generate_messages_cpp[0m
[42.991s] [ 53%] Built target actionlib_msgs_generate_messages_cpp
[43.022s] [35m[1mScanning dependencies of target vector_map_msgs_generate_messages_lisp[0m
[43.053s] [ 53%] Built target vector_map_msgs_generate_messages_lisp
[43.090s] [35m[1mScanning dependencies of target actionlib_msgs_generate_messages_lisp[0m
[43.126s] [ 53%] Built target actionlib_msgs_generate_messages_lisp
[43.157s] [35m[1mScanning dependencies of target pcl_msgs_generate_messages_py[0m
[43.193s] [ 53%] Built target pcl_msgs_generate_messages_py
[43.225s] [35m[1mScanning dependencies of target actionlib_generate_messages_eus[0m
[43.260s] [ 53%] Built target actionlib_generate_messages_eus
[43.286s] [35m[1mScanning dependencies of target geometry_msgs_generate_messages_cpp[0m
[43.312s] [ 53%] Built target geometry_msgs_generate_messages_cpp
[43.338s] [35m[1mScanning dependencies of target actionlib_generate_messages_lisp[0m
[43.369s] [ 53%] Built target actionlib_generate_messages_lisp
[43.401s] [35m[1mScanning dependencies of target tf_generate_messages_cpp[0m
[43.433s] [ 53%] Built target tf_generate_messages_cpp
[43.464s] [35m[1mScanning dependencies of target pcl_msgs_generate_messages_lisp[0m
[43.496s] [ 53%] Built target pcl_msgs_generate_messages_lisp
[43.534s] [35m[1mScanning dependencies of target actionlib_generate_messages_nodejs[0m
[43.567s] [ 53%] Built target actionlib_generate_messages_nodejs
[43.597s] [35m[1mScanning dependencies of target std_srvs_generate_messages_eus[0m
[43.630s] [ 53%] Built target std_srvs_generate_messages_eus
[43.666s] [35m[1mScanning dependencies of target jsk_recognition_msgs_generate_messages_nodejs[0m
[43.701s] [ 53%] Built target jsk_recognition_msgs_generate_messages_nodejs
[43.726s] [35m[1mScanning dependencies of target roscpp_generate_messages_lisp[0m
[43.751s] [ 53%] Built target roscpp_generate_messages_lisp
[43.785s] [35m[1mScanning dependencies of target roscpp_generate_messages_py[0m
[43.813s] [ 53%] Built target roscpp_generate_messages_py
[43.839s] [35m[1mScanning dependencies of target rosgraph_msgs_generate_messages_lisp[0m
[43.867s] [ 53%] Built target rosgraph_msgs_generate_messages_lisp
[43.900s] [35m[1mScanning dependencies of target rosgraph_msgs_generate_messages_nodejs[0m
[43.927s] [ 53%] Built target rosgraph_msgs_generate_messages_nodejs
[43.957s] [35m[1mScanning dependencies of target vector_map_server_generate_messages_py[0m
[43.983s] [ 53%] Built target vector_map_server_generate_messages_py
[44.019s] [35m[1mScanning dependencies of target roscpp_generate_messages_eus[0m
[44.052s] [ 53%] Built target roscpp_generate_messages_eus
[44.088s] [35m[1mScanning dependencies of target actionlib_msgs_generate_messages_eus[0m
[44.120s] [ 53%] Built target actionlib_msgs_generate_messages_eus
[44.154s] [35m[1mScanning dependencies of target rosgraph_msgs_generate_messages_py[0m
[44.211s] [ 53%] Built target rosgraph_msgs_generate_messages_py
[44.240s] [35m[1mScanning dependencies of target tf2_msgs_generate_messages_lisp[0m
[44.265s] [ 53%] Built target tf2_msgs_generate_messages_lisp
[44.298s] [35m[1mScanning dependencies of target actionlib_generate_messages_py[0m
[44.329s] [ 53%] Built target actionlib_generate_messages_py
[44.362s] [35m[1mScanning dependencies of target tf2_msgs_generate_messages_py[0m
[44.398s] [ 53%] Built target tf2_msgs_generate_messages_py
[44.429s] [35m[1mScanning dependencies of target tf2_msgs_generate_messages_nodejs[0m
[44.458s] [ 53%] Built target tf2_msgs_generate_messages_nodejs
[44.494s] [35m[1mScanning dependencies of target tf2_msgs_generate_messages_eus[0m
[44.526s] [ 53%] Built target tf2_msgs_generate_messages_eus
[44.552s] [35m[1mScanning dependencies of target visualization_msgs_generate_messages_cpp[0m
[44.585s] [ 53%] Built target visualization_msgs_generate_messages_cpp
[44.613s] [35m[1mScanning dependencies of target visualization_msgs_generate_messages_py[0m
[44.647s] [ 53%] Built target visualization_msgs_generate_messages_py
[44.673s] [35m[1mScanning dependencies of target vector_map_msgs_generate_messages_cpp[0m
[44.711s] [ 53%] Built target vector_map_msgs_generate_messages_cpp
[44.748s] [35m[1mScanning dependencies of target vector_map_msgs_generate_messages_eus[0m
[44.782s] [ 53%] Built target vector_map_msgs_generate_messages_eus
[44.814s] [35m[1mScanning dependencies of target visualization_msgs_generate_messages_eus[0m
[44.851s] [ 53%] Built target visualization_msgs_generate_messages_eus
[44.886s] [35m[1mScanning dependencies of target vector_map_server_generate_messages_cpp[0m
[44.915s] [ 53%] Built target vector_map_server_generate_messages_cpp
[44.943s] [35m[1mScanning dependencies of target roscpp_generate_messages_cpp[0m
[44.980s] [ 53%] Built target roscpp_generate_messages_cpp
[45.009s] [35m[1mScanning dependencies of target vector_map_server_generate_messages_eus[0m
[45.037s] [ 53%] Built target vector_map_server_generate_messages_eus
[45.067s] [35m[1mScanning dependencies of target op_data_logger[0m
[45.247s] [ 61%] [32mBuilding CXX object CMakeFiles/op_data_logger.dir/nodes/op_data_logger/op_data_logger.cpp.o[0m
[52.361s] [ 69%] [32mBuilding CXX object CMakeFiles/op_data_logger.dir/nodes/op_data_logger/op_data_logger_core.cpp.o[0m
[61.347s] [01m[K/home/chinchia120/autoware.ai/src/autoware/core_planning/op_utilities/nodes/op_data_logger/op_data_logger_core.cpp:[m[K In member function ‘[01m[Kvoid DataLoggerNS::OpenPlannerDataLogger::CompareAndLog(DataLoggerNS::VehicleDataContainer&, PlannerHNS::DetectedObject&)[m[K’:
[61.347s] [01m[K/home/chinchia120/autoware.ai/src/autoware/core_planning/op_utilities/nodes/op_data_logger/op_data_logger_core.cpp:293:42:[m[K [01;35m[Kwarning: [m[Kcomparison between ‘[01m[Kenum PlannerHNS::STATE_TYPE[m[K’ and ‘[01m[Kenum PlannerHNS::BEH_STATE_TYPE[m[K’ [[01;35m[K-Wenum-compare[m[K]
[61.347s]    if(ground_truth.beh.state == predicted.[01;35m[Kbehavior_state[m[K)
[61.347s]                                           [01;35m[K^~~~~~~~~~~~~~[m[K
[68.516s] [ 76%] [32m[1mLinking CXX executable devel/lib/op_utilities/op_data_logger[0m
[68.988s] [ 76%] Built target op_data_logger
[69.014s] [35m[1mScanning dependencies of target op_pose2tf[0m
[69.103s] [ 84%] [32mBuilding CXX object CMakeFiles/op_pose2tf.dir/nodes/op_pose2tf/op_pose2tf.cpp.o[0m
[69.114s] [ 92%] [32mBuilding CXX object CMakeFiles/op_pose2tf.dir/nodes/op_pose2tf/op_pose2tf_core.cpp.o[0m
[77.644s] [100%] [32m[1mLinking CXX executable devel/lib/op_utilities/op_pose2tf[0m
[78.082s] [100%] Built target op_pose2tf
[78.111s] Invoked command in '/home/chinchia120/autoware.ai/build/op_utilities' returned '0': CMAKE_PREFIX_PATH=/home/chinchia120/autoware.ai/install/op_ros_helpers:/home/chinchia120/autoware.ai/install/map_file:/home/chinchia120/autoware.ai/install/op_simu:/home/chinchia120/autoware.ai/install/lanelet2_extension:/home/chinchia120/autoware.ai/install/op_planner:/home/chinchia120/autoware.ai/install/lanelet2_validation:/home/chinchia120/autoware.ai/install/op_utility:/home/chinchia120/autoware.ai/install/lanelet2_routing:/home/chinchia120/autoware.ai/install/lanelet2_projection:/home/chinchia120/autoware.ai/install/vector_map_server:/home/chinchia120/autoware.ai/install/libwaypoint_follower:/home/chinchia120/autoware.ai/install/lanelet2_traffic_rules:/home/chinchia120/autoware.ai/install/lanelet2_maps:/home/chinchia120/autoware.ai/install/lanelet2_io:/home/chinchia120/autoware.ai/install/vector_map:/home/chinchia120/autoware.ai/install/lanelet2_core:/home/chinchia120/autoware.ai/install/amathutils_lib:/home/chinchia120/autoware.ai/install/vector_map_msgs:/home/chinchia120/autoware.ai/install/autoware_msgs:/home/chinchia120/autoware.ai/install/autoware_lanelet2_msgs:/home/chinchia120/autoware.ai/install/autoware_build_flags:${CMAKE_PREFIX_PATH} LD_LIBRARY_PATH=/home/chinchia120/autoware.ai/install/op_ros_helpers/lib:/home/chinchia120/autoware.ai/install/map_file/lib:/home/chinchia120/autoware.ai/install/op_simu/lib:/home/chinchia120/autoware.ai/install/lanelet2_extension/lib:/home/chinchia120/autoware.ai/install/op_planner/lib:/home/chinchia120/autoware.ai/install/lanelet2_validation/lib:/home/chinchia120/autoware.ai/install/op_utility/lib:/home/chinchia120/autoware.ai/install/lanelet2_routing/lib:/home/chinchia120/autoware.ai/install/lanelet2_projection/lib:/home/chinchia120/autoware.ai/install/libwaypoint_follower/lib:/home/chinchia120/autoware.ai/install/lanelet2_traffic_rules/lib:/home/chinchia120/autoware.ai/install/lanelet2_io/lib:/home/chinchia120/autoware.ai/install/vector_map/lib:/home/chinchia120/autoware.ai/install/lanelet2_core/lib:/home/chinchia120/autoware.ai/install/amathutils_lib/lib:${LD_LIBRARY_PATH} PKG_CONFIG_PATH=/home/chinchia120/autoware.ai/install/op_ros_helpers/lib/x86_64-linux-gnu/pkgconfig:/home/chinchia120/autoware.ai/install/op_ros_helpers/lib/pkgconfig:/home/chinchia120/autoware.ai/install/map_file/lib/x86_64-linux-gnu/pkgconfig:/home/chinchia120/autoware.ai/install/map_file/lib/pkgconfig:/home/chinchia120/autoware.ai/install/op_simu/lib/x86_64-linux-gnu/pkgconfig:/home/chinchia120/autoware.ai/install/op_simu/lib/pkgconfig:/home/chinchia120/autoware.ai/install/lanelet2_extension/lib/x86_64-linux-gnu/pkgconfig:/home/chinchia120/autoware.ai/install/lanelet2_extension/lib/pkgconfig:/home/chinchia120/autoware.ai/install/op_planner/lib/x86_64-linux-gnu/pkgconfig:/home/chinchia120/autoware.ai/install/op_planner/lib/pkgconfig:/home/chinchia120/autoware.ai/install/lanelet2_validation/lib/x86_64-linux-gnu/pkgconfig:/home/chinchia120/autoware.ai/install/lanelet2_validation/lib/pkgconfig:/home/chinchia120/autoware.ai/install/op_utility/lib/x86_64-linux-gnu/pkgconfig:/home/chinchia120/autoware.ai/install/op_utility/lib/pkgconfig:/home/chinchia120/autoware.ai/install/lanelet2_routing/lib/x86_64-linux-gnu/pkgconfig:/home/chinchia120/autoware.ai/install/lanelet2_routing/lib/pkgconfig:/home/chinchia120/autoware.ai/install/lanelet2_projection/lib/x86_64-linux-gnu/pkgconfig:/home/chinchia120/autoware.ai/install/lanelet2_projection/lib/pkgconfig:/home/chinchia120/autoware.ai/install/vector_map_server/lib/x86_64-linux-gnu/pkgconfig:/home/chinchia120/autoware.ai/install/vector_map_server/lib/pkgconfig:/home/chinchia120/autoware.ai/install/libwaypoint_follower/lib/x86_64-linux-gnu/pkgconfig:/home/chinchia120/autoware.ai/install/libwaypoint_follower/lib/pkgconfig:/home/chinchia120/autoware.ai/install/lanelet2_traffic_rules/lib/x86_64-linux-gnu/pkgconfig:/home/chinchia120/autoware.ai/install/lanelet2_traffic_rules/lib/pkgconfig:/home/chinchia120/autoware.ai/install/lanelet2_maps/lib/x86_64-linux-gnu/pkgconfig:/home/chinchia120/autoware.ai/install/lanelet2_maps/lib/pkgconfig:/home/chinchia120/autoware.ai/install/lanelet2_io/lib/x86_64-linux-gnu/pkgconfig:/home/chinchia120/autoware.ai/install/lanelet2_io/lib/pkgconfig:/home/chinchia120/autoware.ai/install/vector_map/lib/x86_64-linux-gnu/pkgconfig:/home/chinchia120/autoware.ai/install/vector_map/lib/pkgconfig:/home/chinchia120/autoware.ai/install/lanelet2_core/lib/x86_64-linux-gnu/pkgconfig:/home/chinchia120/autoware.ai/install/lanelet2_core/lib/pkgconfig:/home/chinchia120/autoware.ai/install/amathutils_lib/lib/x86_64-linux-gnu/pkgconfig:/home/chinchia120/autoware.ai/install/amathutils_lib/lib/pkgconfig:/home/chinchia120/autoware.ai/install/vector_map_msgs/lib/x86_64-linux-gnu/pkgconfig:/home/chinchia120/autoware.ai/install/vector_map_msgs/lib/pkgconfig:/home/chinchia120/autoware.ai/install/autoware_msgs/lib/x86_64-linux-gnu/pkgconfig:/home/chinchia120/autoware.ai/install/autoware_msgs/lib/pkgconfig:/home/chinchia120/autoware.ai/install/autoware_lanelet2_msgs/lib/x86_64-linux-gnu/pkgconfig:/home/chinchia120/autoware.ai/install/autoware_lanelet2_msgs/lib/pkgconfig:/home/chinchia120/autoware.ai/install/autoware_build_flags/lib/x86_64-linux-gnu/pkgconfig:/home/chinchia120/autoware.ai/install/autoware_build_flags/lib/pkgconfig:${PKG_CONFIG_PATH} PYTHONPATH=/home/chinchia120/autoware.ai/install/vector_map_server/lib/python2.7/dist-packages:/home/chinchia120/autoware.ai/install/vector_map_msgs/lib/python2.7/dist-packages:/home/chinchia120/autoware.ai/install/autoware_msgs/lib/python2.7/dist-packages:/home/chinchia120/autoware.ai/install/autoware_lanelet2_msgs/lib/python2.7/dist-packages:${PYTHONPATH} ROS_PACKAGE_PATH=/home/chinchia120/autoware.ai/install/op_ros_helpers/share:/home/chinchia120/autoware.ai/install/map_file/share:/home/chinchia120/autoware.ai/install/op_simu/share:/home/chinchia120/autoware.ai/install/lanelet2_extension/share:/home/chinchia120/autoware.ai/install/op_planner/share:/home/chinchia120/autoware.ai/install/lanelet2_validation/share:/home/chinchia120/autoware.ai/install/op_utility/share:/home/chinchia120/autoware.ai/install/lanelet2_routing/share:/home/chinchia120/autoware.ai/install/lanelet2_projection/share:/home/chinchia120/autoware.ai/install/vector_map_server/share:/home/chinchia120/autoware.ai/install/libwaypoint_follower/share:/home/chinchia120/autoware.ai/install/lanelet2_traffic_rules/share:/home/chinchia120/autoware.ai/install/lanelet2_maps/share:/home/chinchia120/autoware.ai/install/lanelet2_io/share:/home/chinchia120/autoware.ai/install/vector_map/share:/home/chinchia120/autoware.ai/install/lanelet2_core/share:/home/chinchia120/autoware.ai/install/amathutils_lib/share:/home/chinchia120/autoware.ai/install/vector_map_msgs/share:/home/chinchia120/autoware.ai/install/autoware_msgs/share:/home/chinchia120/autoware.ai/install/autoware_lanelet2_msgs/share:/home/chinchia120/autoware.ai/install/autoware_build_flags/share:${ROS_PACKAGE_PATH} /usr/bin/cmake --build /home/chinchia120/autoware.ai/build/op_utilities -- -j4 -l4
[78.447s] Invoking command in '/home/chinchia120/autoware.ai/build/op_utilities': CMAKE_PREFIX_PATH=/home/chinchia120/autoware.ai/install/op_ros_helpers:/home/chinchia120/autoware.ai/install/map_file:/home/chinchia120/autoware.ai/install/op_simu:/home/chinchia120/autoware.ai/install/lanelet2_extension:/home/chinchia120/autoware.ai/install/op_planner:/home/chinchia120/autoware.ai/install/lanelet2_validation:/home/chinchia120/autoware.ai/install/op_utility:/home/chinchia120/autoware.ai/install/lanelet2_routing:/home/chinchia120/autoware.ai/install/lanelet2_projection:/home/chinchia120/autoware.ai/install/vector_map_server:/home/chinchia120/autoware.ai/install/libwaypoint_follower:/home/chinchia120/autoware.ai/install/lanelet2_traffic_rules:/home/chinchia120/autoware.ai/install/lanelet2_maps:/home/chinchia120/autoware.ai/install/lanelet2_io:/home/chinchia120/autoware.ai/install/vector_map:/home/chinchia120/autoware.ai/install/lanelet2_core:/home/chinchia120/autoware.ai/install/amathutils_lib:/home/chinchia120/autoware.ai/install/vector_map_msgs:/home/chinchia120/autoware.ai/install/autoware_msgs:/home/chinchia120/autoware.ai/install/autoware_lanelet2_msgs:/home/chinchia120/autoware.ai/install/autoware_build_flags:${CMAKE_PREFIX_PATH} LD_LIBRARY_PATH=/home/chinchia120/autoware.ai/install/op_ros_helpers/lib:/home/chinchia120/autoware.ai/install/map_file/lib:/home/chinchia120/autoware.ai/install/op_simu/lib:/home/chinchia120/autoware.ai/install/lanelet2_extension/lib:/home/chinchia120/autoware.ai/install/op_planner/lib:/home/chinchia120/autoware.ai/install/lanelet2_validation/lib:/home/chinchia120/autoware.ai/install/op_utility/lib:/home/chinchia120/autoware.ai/install/lanelet2_routing/lib:/home/chinchia120/autoware.ai/install/lanelet2_projection/lib:/home/chinchia120/autoware.ai/install/libwaypoint_follower/lib:/home/chinchia120/autoware.ai/install/lanelet2_traffic_rules/lib:/home/chinchia120/autoware.ai/install/lanelet2_io/lib:/home/chinchia120/autoware.ai/install/vector_map/lib:/home/chinchia120/autoware.ai/install/lanelet2_core/lib:/home/chinchia120/autoware.ai/install/amathutils_lib/lib:${LD_LIBRARY_PATH} PKG_CONFIG_PATH=/home/chinchia120/autoware.ai/install/op_ros_helpers/lib/x86_64-linux-gnu/pkgconfig:/home/chinchia120/autoware.ai/install/op_ros_helpers/lib/pkgconfig:/home/chinchia120/autoware.ai/install/map_file/lib/x86_64-linux-gnu/pkgconfig:/home/chinchia120/autoware.ai/install/map_file/lib/pkgconfig:/home/chinchia120/autoware.ai/install/op_simu/lib/x86_64-linux-gnu/pkgconfig:/home/chinchia120/autoware.ai/install/op_simu/lib/pkgconfig:/home/chinchia120/autoware.ai/install/lanelet2_extension/lib/x86_64-linux-gnu/pkgconfig:/home/chinchia120/autoware.ai/install/lanelet2_extension/lib/pkgconfig:/home/chinchia120/autoware.ai/install/op_planner/lib/x86_64-linux-gnu/pkgconfig:/home/chinchia120/autoware.ai/install/op_planner/lib/pkgconfig:/home/chinchia120/autoware.ai/install/lanelet2_validation/lib/x86_64-linux-gnu/pkgconfig:/home/chinchia120/autoware.ai/install/lanelet2_validation/lib/pkgconfig:/home/chinchia120/autoware.ai/install/op_utility/lib/x86_64-linux-gnu/pkgconfig:/home/chinchia120/autoware.ai/install/op_utility/lib/pkgconfig:/home/chinchia120/autoware.ai/install/lanelet2_routing/lib/x86_64-linux-gnu/pkgconfig:/home/chinchia120/autoware.ai/install/lanelet2_routing/lib/pkgconfig:/home/chinchia120/autoware.ai/install/lanelet2_projection/lib/x86_64-linux-gnu/pkgconfig:/home/chinchia120/autoware.ai/install/lanelet2_projection/lib/pkgconfig:/home/chinchia120/autoware.ai/install/vector_map_server/lib/x86_64-linux-gnu/pkgconfig:/home/chinchia120/autoware.ai/install/vector_map_server/lib/pkgconfig:/home/chinchia120/autoware.ai/install/libwaypoint_follower/lib/x86_64-linux-gnu/pkgconfig:/home/chinchia120/autoware.ai/install/libwaypoint_follower/lib/pkgconfig:/home/chinchia120/autoware.ai/install/lanelet2_traffic_rules/lib/x86_64-linux-gnu/pkgconfig:/home/chinchia120/autoware.ai/install/lanelet2_traffic_rules/lib/pkgconfig:/home/chinchia120/autoware.ai/install/lanelet2_maps/lib/x86_64-linux-gnu/pkgconfig:/home/chinchia120/autoware.ai/install/lanelet2_maps/lib/pkgconfig:/home/chinchia120/autoware.ai/install/lanelet2_io/lib/x86_64-linux-gnu/pkgconfig:/home/chinchia120/autoware.ai/install/lanelet2_io/lib/pkgconfig:/home/chinchia120/autoware.ai/install/vector_map/lib/x86_64-linux-gnu/pkgconfig:/home/chinchia120/autoware.ai/install/vector_map/lib/pkgconfig:/home/chinchia120/autoware.ai/install/lanelet2_core/lib/x86_64-linux-gnu/pkgconfig:/home/chinchia120/autoware.ai/install/lanelet2_core/lib/pkgconfig:/home/chinchia120/autoware.ai/install/amathutils_lib/lib/x86_64-linux-gnu/pkgconfig:/home/chinchia120/autoware.ai/install/amathutils_lib/lib/pkgconfig:/home/chinchia120/autoware.ai/install/vector_map_msgs/lib/x86_64-linux-gnu/pkgconfig:/home/chinchia120/autoware.ai/install/vector_map_msgs/lib/pkgconfig:/home/chinchia120/autoware.ai/install/autoware_msgs/lib/x86_64-linux-gnu/pkgconfig:/home/chinchia120/autoware.ai/install/autoware_msgs/lib/pkgconfig:/home/chinchia120/autoware.ai/install/autoware_lanelet2_msgs/lib/x86_64-linux-gnu/pkgconfig:/home/chinchia120/autoware.ai/install/autoware_lanelet2_msgs/lib/pkgconfig:/home/chinchia120/autoware.ai/install/autoware_build_flags/lib/x86_64-linux-gnu/pkgconfig:/home/chinchia120/autoware.ai/install/autoware_build_flags/lib/pkgconfig:${PKG_CONFIG_PATH} PYTHONPATH=/home/chinchia120/autoware.ai/install/vector_map_server/lib/python2.7/dist-packages:/home/chinchia120/autoware.ai/install/vector_map_msgs/lib/python2.7/dist-packages:/home/chinchia120/autoware.ai/install/autoware_msgs/lib/python2.7/dist-packages:/home/chinchia120/autoware.ai/install/autoware_lanelet2_msgs/lib/python2.7/dist-packages:${PYTHONPATH} ROS_PACKAGE_PATH=/home/chinchia120/autoware.ai/install/op_ros_helpers/share:/home/chinchia120/autoware.ai/install/map_file/share:/home/chinchia120/autoware.ai/install/op_simu/share:/home/chinchia120/autoware.ai/install/lanelet2_extension/share:/home/chinchia120/autoware.ai/install/op_planner/share:/home/chinchia120/autoware.ai/install/lanelet2_validation/share:/home/chinchia120/autoware.ai/install/op_utility/share:/home/chinchia120/autoware.ai/install/lanelet2_routing/share:/home/chinchia120/autoware.ai/install/lanelet2_projection/share:/home/chinchia120/autoware.ai/install/vector_map_server/share:/home/chinchia120/autoware.ai/install/libwaypoint_follower/share:/home/chinchia120/autoware.ai/install/lanelet2_traffic_rules/share:/home/chinchia120/autoware.ai/install/lanelet2_maps/share:/home/chinchia120/autoware.ai/install/lanelet2_io/share:/home/chinchia120/autoware.ai/install/vector_map/share:/home/chinchia120/autoware.ai/install/lanelet2_core/share:/home/chinchia120/autoware.ai/install/amathutils_lib/share:/home/chinchia120/autoware.ai/install/vector_map_msgs/share:/home/chinchia120/autoware.ai/install/autoware_msgs/share:/home/chinchia120/autoware.ai/install/autoware_lanelet2_msgs/share:/home/chinchia120/autoware.ai/install/autoware_build_flags/share:${ROS_PACKAGE_PATH} /usr/bin/cmake --build /home/chinchia120/autoware.ai/build/op_utilities --target tests -- -j4 -l4
[78.581s] [35m[1mScanning dependencies of target tests[0m
[78.616s] Built target tests
[78.640s] Invoked command in '/home/chinchia120/autoware.ai/build/op_utilities' returned '0': CMAKE_PREFIX_PATH=/home/chinchia120/autoware.ai/install/op_ros_helpers:/home/chinchia120/autoware.ai/install/map_file:/home/chinchia120/autoware.ai/install/op_simu:/home/chinchia120/autoware.ai/install/lanelet2_extension:/home/chinchia120/autoware.ai/install/op_planner:/home/chinchia120/autoware.ai/install/lanelet2_validation:/home/chinchia120/autoware.ai/install/op_utility:/home/chinchia120/autoware.ai/install/lanelet2_routing:/home/chinchia120/autoware.ai/install/lanelet2_projection:/home/chinchia120/autoware.ai/install/vector_map_server:/home/chinchia120/autoware.ai/install/libwaypoint_follower:/home/chinchia120/autoware.ai/install/lanelet2_traffic_rules:/home/chinchia120/autoware.ai/install/lanelet2_maps:/home/chinchia120/autoware.ai/install/lanelet2_io:/home/chinchia120/autoware.ai/install/vector_map:/home/chinchia120/autoware.ai/install/lanelet2_core:/home/chinchia120/autoware.ai/install/amathutils_lib:/home/chinchia120/autoware.ai/install/vector_map_msgs:/home/chinchia120/autoware.ai/install/autoware_msgs:/home/chinchia120/autoware.ai/install/autoware_lanelet2_msgs:/home/chinchia120/autoware.ai/install/autoware_build_flags:${CMAKE_PREFIX_PATH} LD_LIBRARY_PATH=/home/chinchia120/autoware.ai/install/op_ros_helpers/lib:/home/chinchia120/autoware.ai/install/map_file/lib:/home/chinchia120/autoware.ai/install/op_simu/lib:/home/chinchia120/autoware.ai/install/lanelet2_extension/lib:/home/chinchia120/autoware.ai/install/op_planner/lib:/home/chinchia120/autoware.ai/install/lanelet2_validation/lib:/home/chinchia120/autoware.ai/install/op_utility/lib:/home/chinchia120/autoware.ai/install/lanelet2_routing/lib:/home/chinchia120/autoware.ai/install/lanelet2_projection/lib:/home/chinchia120/autoware.ai/install/libwaypoint_follower/lib:/home/chinchia120/autoware.ai/install/lanelet2_traffic_rules/lib:/home/chinchia120/autoware.ai/install/lanelet2_io/lib:/home/chinchia120/autoware.ai/install/vector_map/lib:/home/chinchia120/autoware.ai/install/lanelet2_core/lib:/home/chinchia120/autoware.ai/install/amathutils_lib/lib:${LD_LIBRARY_PATH} PKG_CONFIG_PATH=/home/chinchia120/autoware.ai/install/op_ros_helpers/lib/x86_64-linux-gnu/pkgconfig:/home/chinchia120/autoware.ai/install/op_ros_helpers/lib/pkgconfig:/home/chinchia120/autoware.ai/install/map_file/lib/x86_64-linux-gnu/pkgconfig:/home/chinchia120/autoware.ai/install/map_file/lib/pkgconfig:/home/chinchia120/autoware.ai/install/op_simu/lib/x86_64-linux-gnu/pkgconfig:/home/chinchia120/autoware.ai/install/op_simu/lib/pkgconfig:/home/chinchia120/autoware.ai/install/lanelet2_extension/lib/x86_64-linux-gnu/pkgconfig:/home/chinchia120/autoware.ai/install/lanelet2_extension/lib/pkgconfig:/home/chinchia120/autoware.ai/install/op_planner/lib/x86_64-linux-gnu/pkgconfig:/home/chinchia120/autoware.ai/install/op_planner/lib/pkgconfig:/home/chinchia120/autoware.ai/install/lanelet2_validation/lib/x86_64-linux-gnu/pkgconfig:/home/chinchia120/autoware.ai/install/lanelet2_validation/lib/pkgconfig:/home/chinchia120/autoware.ai/install/op_utility/lib/x86_64-linux-gnu/pkgconfig:/home/chinchia120/autoware.ai/install/op_utility/lib/pkgconfig:/home/chinchia120/autoware.ai/install/lanelet2_routing/lib/x86_64-linux-gnu/pkgconfig:/home/chinchia120/autoware.ai/install/lanelet2_routing/lib/pkgconfig:/home/chinchia120/autoware.ai/install/lanelet2_projection/lib/x86_64-linux-gnu/pkgconfig:/home/chinchia120/autoware.ai/install/lanelet2_projection/lib/pkgconfig:/home/chinchia120/autoware.ai/install/vector_map_server/lib/x86_64-linux-gnu/pkgconfig:/home/chinchia120/autoware.ai/install/vector_map_server/lib/pkgconfig:/home/chinchia120/autoware.ai/install/libwaypoint_follower/lib/x86_64-linux-gnu/pkgconfig:/home/chinchia120/autoware.ai/install/libwaypoint_follower/lib/pkgconfig:/home/chinchia120/autoware.ai/install/lanelet2_traffic_rules/lib/x86_64-linux-gnu/pkgconfig:/home/chinchia120/autoware.ai/install/lanelet2_traffic_rules/lib/pkgconfig:/home/chinchia120/autoware.ai/install/lanelet2_maps/lib/x86_64-linux-gnu/pkgconfig:/home/chinchia120/autoware.ai/install/lanelet2_maps/lib/pkgconfig:/home/chinchia120/autoware.ai/install/lanelet2_io/lib/x86_64-linux-gnu/pkgconfig:/home/chinchia120/autoware.ai/install/lanelet2_io/lib/pkgconfig:/home/chinchia120/autoware.ai/install/vector_map/lib/x86_64-linux-gnu/pkgconfig:/home/chinchia120/autoware.ai/install/vector_map/lib/pkgconfig:/home/chinchia120/autoware.ai/install/lanelet2_core/lib/x86_64-linux-gnu/pkgconfig:/home/chinchia120/autoware.ai/install/lanelet2_core/lib/pkgconfig:/home/chinchia120/autoware.ai/install/amathutils_lib/lib/x86_64-linux-gnu/pkgconfig:/home/chinchia120/autoware.ai/install/amathutils_lib/lib/pkgconfig:/home/chinchia120/autoware.ai/install/vector_map_msgs/lib/x86_64-linux-gnu/pkgconfig:/home/chinchia120/autoware.ai/install/vector_map_msgs/lib/pkgconfig:/home/chinchia120/autoware.ai/install/autoware_msgs/lib/x86_64-linux-gnu/pkgconfig:/home/chinchia120/autoware.ai/install/autoware_msgs/lib/pkgconfig:/home/chinchia120/autoware.ai/install/autoware_lanelet2_msgs/lib/x86_64-linux-gnu/pkgconfig:/home/chinchia120/autoware.ai/install/autoware_lanelet2_msgs/lib/pkgconfig:/home/chinchia120/autoware.ai/install/autoware_build_flags/lib/x86_64-linux-gnu/pkgconfig:/home/chinchia120/autoware.ai/install/autoware_build_flags/lib/pkgconfig:${PKG_CONFIG_PATH} PYTHONPATH=/home/chinchia120/autoware.ai/install/vector_map_server/lib/python2.7/dist-packages:/home/chinchia120/autoware.ai/install/vector_map_msgs/lib/python2.7/dist-packages:/home/chinchia120/autoware.ai/install/autoware_msgs/lib/python2.7/dist-packages:/home/chinchia120/autoware.ai/install/autoware_lanelet2_msgs/lib/python2.7/dist-packages:${PYTHONPATH} ROS_PACKAGE_PATH=/home/chinchia120/autoware.ai/install/op_ros_helpers/share:/home/chinchia120/autoware.ai/install/map_file/share:/home/chinchia120/autoware.ai/install/op_simu/share:/home/chinchia120/autoware.ai/install/lanelet2_extension/share:/home/chinchia120/autoware.ai/install/op_planner/share:/home/chinchia120/autoware.ai/install/lanelet2_validation/share:/home/chinchia120/autoware.ai/install/op_utility/share:/home/chinchia120/autoware.ai/install/lanelet2_routing/share:/home/chinchia120/autoware.ai/install/lanelet2_projection/share:/home/chinchia120/autoware.ai/install/vector_map_server/share:/home/chinchia120/autoware.ai/install/libwaypoint_follower/share:/home/chinchia120/autoware.ai/install/lanelet2_traffic_rules/share:/home/chinchia120/autoware.ai/install/lanelet2_maps/share:/home/chinchia120/autoware.ai/install/lanelet2_io/share:/home/chinchia120/autoware.ai/install/vector_map/share:/home/chinchia120/autoware.ai/install/lanelet2_core/share:/home/chinchia120/autoware.ai/install/amathutils_lib/share:/home/chinchia120/autoware.ai/install/vector_map_msgs/share:/home/chinchia120/autoware.ai/install/autoware_msgs/share:/home/chinchia120/autoware.ai/install/autoware_lanelet2_msgs/share:/home/chinchia120/autoware.ai/install/autoware_build_flags/share:${ROS_PACKAGE_PATH} /usr/bin/cmake --build /home/chinchia120/autoware.ai/build/op_utilities --target tests -- -j4 -l4
[78.956s] Invoking command in '/home/chinchia120/autoware.ai/build/op_utilities': CMAKE_PREFIX_PATH=/home/chinchia120/autoware.ai/install/op_ros_helpers:/home/chinchia120/autoware.ai/install/map_file:/home/chinchia120/autoware.ai/install/op_simu:/home/chinchia120/autoware.ai/install/lanelet2_extension:/home/chinchia120/autoware.ai/install/op_planner:/home/chinchia120/autoware.ai/install/lanelet2_validation:/home/chinchia120/autoware.ai/install/op_utility:/home/chinchia120/autoware.ai/install/lanelet2_routing:/home/chinchia120/autoware.ai/install/lanelet2_projection:/home/chinchia120/autoware.ai/install/vector_map_server:/home/chinchia120/autoware.ai/install/libwaypoint_follower:/home/chinchia120/autoware.ai/install/lanelet2_traffic_rules:/home/chinchia120/autoware.ai/install/lanelet2_maps:/home/chinchia120/autoware.ai/install/lanelet2_io:/home/chinchia120/autoware.ai/install/vector_map:/home/chinchia120/autoware.ai/install/lanelet2_core:/home/chinchia120/autoware.ai/install/amathutils_lib:/home/chinchia120/autoware.ai/install/vector_map_msgs:/home/chinchia120/autoware.ai/install/autoware_msgs:/home/chinchia120/autoware.ai/install/autoware_lanelet2_msgs:/home/chinchia120/autoware.ai/install/autoware_build_flags:${CMAKE_PREFIX_PATH} LD_LIBRARY_PATH=/home/chinchia120/autoware.ai/install/op_ros_helpers/lib:/home/chinchia120/autoware.ai/install/map_file/lib:/home/chinchia120/autoware.ai/install/op_simu/lib:/home/chinchia120/autoware.ai/install/lanelet2_extension/lib:/home/chinchia120/autoware.ai/install/op_planner/lib:/home/chinchia120/autoware.ai/install/lanelet2_validation/lib:/home/chinchia120/autoware.ai/install/op_utility/lib:/home/chinchia120/autoware.ai/install/lanelet2_routing/lib:/home/chinchia120/autoware.ai/install/lanelet2_projection/lib:/home/chinchia120/autoware.ai/install/libwaypoint_follower/lib:/home/chinchia120/autoware.ai/install/lanelet2_traffic_rules/lib:/home/chinchia120/autoware.ai/install/lanelet2_io/lib:/home/chinchia120/autoware.ai/install/vector_map/lib:/home/chinchia120/autoware.ai/install/lanelet2_core/lib:/home/chinchia120/autoware.ai/install/amathutils_lib/lib:${LD_LIBRARY_PATH} PKG_CONFIG_PATH=/home/chinchia120/autoware.ai/install/op_ros_helpers/lib/x86_64-linux-gnu/pkgconfig:/home/chinchia120/autoware.ai/install/op_ros_helpers/lib/pkgconfig:/home/chinchia120/autoware.ai/install/map_file/lib/x86_64-linux-gnu/pkgconfig:/home/chinchia120/autoware.ai/install/map_file/lib/pkgconfig:/home/chinchia120/autoware.ai/install/op_simu/lib/x86_64-linux-gnu/pkgconfig:/home/chinchia120/autoware.ai/install/op_simu/lib/pkgconfig:/home/chinchia120/autoware.ai/install/lanelet2_extension/lib/x86_64-linux-gnu/pkgconfig:/home/chinchia120/autoware.ai/install/lanelet2_extension/lib/pkgconfig:/home/chinchia120/autoware.ai/install/op_planner/lib/x86_64-linux-gnu/pkgconfig:/home/chinchia120/autoware.ai/install/op_planner/lib/pkgconfig:/home/chinchia120/autoware.ai/install/lanelet2_validation/lib/x86_64-linux-gnu/pkgconfig:/home/chinchia120/autoware.ai/install/lanelet2_validation/lib/pkgconfig:/home/chinchia120/autoware.ai/install/op_utility/lib/x86_64-linux-gnu/pkgconfig:/home/chinchia120/autoware.ai/install/op_utility/lib/pkgconfig:/home/chinchia120/autoware.ai/install/lanelet2_routing/lib/x86_64-linux-gnu/pkgconfig:/home/chinchia120/autoware.ai/install/lanelet2_routing/lib/pkgconfig:/home/chinchia120/autoware.ai/install/lanelet2_projection/lib/x86_64-linux-gnu/pkgconfig:/home/chinchia120/autoware.ai/install/lanelet2_projection/lib/pkgconfig:/home/chinchia120/autoware.ai/install/vector_map_server/lib/x86_64-linux-gnu/pkgconfig:/home/chinchia120/autoware.ai/install/vector_map_server/lib/pkgconfig:/home/chinchia120/autoware.ai/install/libwaypoint_follower/lib/x86_64-linux-gnu/pkgconfig:/home/chinchia120/autoware.ai/install/libwaypoint_follower/lib/pkgconfig:/home/chinchia120/autoware.ai/install/lanelet2_traffic_rules/lib/x86_64-linux-gnu/pkgconfig:/home/chinchia120/autoware.ai/install/lanelet2_traffic_rules/lib/pkgconfig:/home/chinchia120/autoware.ai/install/lanelet2_maps/lib/x86_64-linux-gnu/pkgconfig:/home/chinchia120/autoware.ai/install/lanelet2_maps/lib/pkgconfig:/home/chinchia120/autoware.ai/install/lanelet2_io/lib/x86_64-linux-gnu/pkgconfig:/home/chinchia120/autoware.ai/install/lanelet2_io/lib/pkgconfig:/home/chinchia120/autoware.ai/install/vector_map/lib/x86_64-linux-gnu/pkgconfig:/home/chinchia120/autoware.ai/install/vector_map/lib/pkgconfig:/home/chinchia120/autoware.ai/install/lanelet2_core/lib/x86_64-linux-gnu/pkgconfig:/home/chinchia120/autoware.ai/install/lanelet2_core/lib/pkgconfig:/home/chinchia120/autoware.ai/install/amathutils_lib/lib/x86_64-linux-gnu/pkgconfig:/home/chinchia120/autoware.ai/install/amathutils_lib/lib/pkgconfig:/home/chinchia120/autoware.ai/install/vector_map_msgs/lib/x86_64-linux-gnu/pkgconfig:/home/chinchia120/autoware.ai/install/vector_map_msgs/lib/pkgconfig:/home/chinchia120/autoware.ai/install/autoware_msgs/lib/x86_64-linux-gnu/pkgconfig:/home/chinchia120/autoware.ai/install/autoware_msgs/lib/pkgconfig:/home/chinchia120/autoware.ai/install/autoware_lanelet2_msgs/lib/x86_64-linux-gnu/pkgconfig:/home/chinchia120/autoware.ai/install/autoware_lanelet2_msgs/lib/pkgconfig:/home/chinchia120/autoware.ai/install/autoware_build_flags/lib/x86_64-linux-gnu/pkgconfig:/home/chinchia120/autoware.ai/install/autoware_build_flags/lib/pkgconfig:${PKG_CONFIG_PATH} PYTHONPATH=/home/chinchia120/autoware.ai/install/vector_map_server/lib/python2.7/dist-packages:/home/chinchia120/autoware.ai/install/vector_map_msgs/lib/python2.7/dist-packages:/home/chinchia120/autoware.ai/install/autoware_msgs/lib/python2.7/dist-packages:/home/chinchia120/autoware.ai/install/autoware_lanelet2_msgs/lib/python2.7/dist-packages:${PYTHONPATH} ROS_PACKAGE_PATH=/home/chinchia120/autoware.ai/install/op_ros_helpers/share:/home/chinchia120/autoware.ai/install/map_file/share:/home/chinchia120/autoware.ai/install/op_simu/share:/home/chinchia120/autoware.ai/install/lanelet2_extension/share:/home/chinchia120/autoware.ai/install/op_planner/share:/home/chinchia120/autoware.ai/install/lanelet2_validation/share:/home/chinchia120/autoware.ai/install/op_utility/share:/home/chinchia120/autoware.ai/install/lanelet2_routing/share:/home/chinchia120/autoware.ai/install/lanelet2_projection/share:/home/chinchia120/autoware.ai/install/vector_map_server/share:/home/chinchia120/autoware.ai/install/libwaypoint_follower/share:/home/chinchia120/autoware.ai/install/lanelet2_traffic_rules/share:/home/chinchia120/autoware.ai/install/lanelet2_maps/share:/home/chinchia120/autoware.ai/install/lanelet2_io/share:/home/chinchia120/autoware.ai/install/vector_map/share:/home/chinchia120/autoware.ai/install/lanelet2_core/share:/home/chinchia120/autoware.ai/install/amathutils_lib/share:/home/chinchia120/autoware.ai/install/vector_map_msgs/share:/home/chinchia120/autoware.ai/install/autoware_msgs/share:/home/chinchia120/autoware.ai/install/autoware_lanelet2_msgs/share:/home/chinchia120/autoware.ai/install/autoware_build_flags/share:${ROS_PACKAGE_PATH} /usr/bin/cmake --build /home/chinchia120/autoware.ai/build/op_utilities --target install -- -j4 -l4
[79.127s] [ 53%] Built target op_bag_player
[79.128s] [ 76%] Built target op_data_logger
[79.181s] [ 76%] Built target topic_tools_generate_messages_eus
[79.183s] [ 76%] Built target topic_tools_generate_messages_nodejs
[79.241s] [ 76%] Built target topic_tools_generate_messages_cpp
[79.244s] [ 76%] Built target std_srvs_generate_messages_py
[79.299s] [ 76%] Built target std_srvs_generate_messages_nodejs
[79.300s] [ 76%] Built target tf_generate_messages_py
[79.356s] [ 76%] Built target tf_generate_messages_lisp
[79.405s] [ 76%] Built target vector_map_server_generate_messages_nodejs
[79.455s] [ 76%] Built target geometry_msgs_generate_messages_py
[79.506s] [ 76%] Built target sensor_msgs_generate_messages_nodejs
[79.571s] [ 76%] Built target actionlib_generate_messages_cpp
[79.629s] [ 76%] Built target pcl_msgs_generate_messages_eus
[79.683s] [ 76%] Built target rosgraph_msgs_generate_messages_eus
[79.733s] [ 76%] Built target jsk_recognition_msgs_generate_messages_lisp
[79.782s] [ 76%] Built target jsk_recognition_msgs_generate_messages_eus
[79.835s] [ 76%] Built target tf2_msgs_generate_messages_cpp
[79.888s] [ 76%] Built target std_msgs_generate_messages_py
[79.935s] [ 76%] Built target autoware_msgs_generate_messages_py
[79.988s] [ 76%] Built target std_msgs_generate_messages_nodejs
[80.041s] [ 76%] Built target sensor_msgs_generate_messages_eus
[80.098s] [ 76%] Built target std_srvs_generate_messages_lisp
[80.153s] [ 76%] Built target _catkin_empty_exported_target
[80.213s] [ 76%] Built target sensor_msgs_generate_messages_cpp
[80.269s] [ 76%] Built target autoware_msgs_generate_messages_cpp
[80.322s] [ 76%] Built target rosgraph_msgs_generate_messages_cpp
[80.385s] [ 76%] Built target pcl_msgs_generate_messages_nodejs
[80.435s] [ 76%] Built target jsk_recognition_msgs_generate_messages_py
[80.484s] [ 76%] Built target std_srvs_generate_messages_cpp
[80.541s] [ 76%] Built target sensor_msgs_generate_messages_lisp
[80.589s] [ 76%] Built target sensor_msgs_generate_messages_py
[80.645s] [ 76%] Built target std_msgs_generate_messages_cpp
[80.692s] [ 76%] Built target jsk_footstep_msgs_generate_messages_py
[80.740s] [ 76%] Built target visualization_msgs_generate_messages_nodejs
[80.790s] [ 76%] Built target vector_map_msgs_generate_messages_nodejs
[80.842s] [ 76%] Built target topic_tools_generate_messages_py
[80.896s] [ 76%] Built target actionlib_msgs_generate_messages_nodejs
[80.952s] [ 76%] Built target geometry_msgs_generate_messages_eus
[81.005s] [ 76%] Built target std_msgs_generate_messages_lisp
[81.063s] [ 76%] Built target roscpp_generate_messages_nodejs
[81.126s] [ 76%] Built target geometry_msgs_generate_messages_nodejs
[81.173s] [ 76%] Built target geometry_msgs_generate_messages_lisp
[81.230s] [ 76%] Built target pcl_msgs_generate_messages_cpp
[81.282s] [ 76%] Built target topic_tools_generate_messages_lisp
[81.330s] [ 76%] Built target jsk_recognition_msgs_generate_messages_cpp
[81.382s] [ 76%] Built target autoware_msgs_generate_messages_eus
[81.430s] [ 76%] Built target autoware_msgs_generate_messages_lisp
[81.480s] [ 76%] Built target visualization_msgs_generate_messages_lisp
[81.538s] [ 76%] Built target std_msgs_generate_messages_eus
[81.587s] [ 76%] Built target vector_map_msgs_generate_messages_py
[81.648s] [ 76%] Built target autoware_msgs_generate_messages_nodejs
[81.699s] [ 76%] Built target jsk_footstep_msgs_generate_messages_eus
[81.761s] [ 76%] Built target actionlib_msgs_generate_messages_py
[81.819s] [ 76%] Built target vector_map_server_generate_messages_lisp
[81.868s] [ 76%] Built target jsk_footstep_msgs_generate_messages_lisp
[81.938s] [ 76%] Built target jsk_footstep_msgs_generate_messages_nodejs
[81.998s] [ 76%] Built target tf_generate_messages_eus
[82.052s] [ 76%] Built target jsk_footstep_msgs_generate_messages_cpp
[82.105s] [ 76%] Built target actionlib_msgs_generate_messages_cpp
[82.157s] [ 76%] Built target vector_map_msgs_generate_messages_lisp
[82.214s] [ 76%] Built target actionlib_msgs_generate_messages_lisp
[82.264s] [ 76%] Built target pcl_msgs_generate_messages_py
[82.356s] [ 76%] Built target actionlib_generate_messages_eus
[82.402s] [ 76%] Built target geometry_msgs_generate_messages_cpp
[82.446s] [ 76%] Built target tf_generate_messages_nodejs
[82.469s] [ 76%] Built target actionlib_generate_messages_lisp
[82.506s] [ 76%] Built target tf_generate_messages_cpp
[82.529s] [ 76%] Built target pcl_msgs_generate_messages_lisp
[82.578s] [ 76%] Built target actionlib_generate_messages_nodejs
[82.602s] [ 76%] Built target std_srvs_generate_messages_eus
[82.652s] [ 76%] Built target jsk_recognition_msgs_generate_messages_nodejs
[82.669s] [ 76%] Built target roscpp_generate_messages_lisp
[82.741s] [ 76%] Built target roscpp_generate_messages_py
[82.741s] [ 76%] Built target rosgraph_msgs_generate_messages_lisp
[82.812s] [ 76%] Built target vector_map_server_generate_messages_py
[82.814s] [ 76%] Built target rosgraph_msgs_generate_messages_nodejs
[82.873s] [ 76%] Built target actionlib_msgs_generate_messages_eus
[82.883s] [ 76%] Built target roscpp_generate_messages_eus
[82.937s] [ 76%] Built target rosgraph_msgs_generate_messages_py
[82.953s] [ 76%] Built target tf2_msgs_generate_messages_lisp
[83.016s] [ 76%] Built target actionlib_generate_messages_py
[83.028s] [ 76%] Built target tf2_msgs_generate_messages_py
[83.094s] [ 76%] Built target tf2_msgs_generate_messages_nodejs
[83.108s] [ 76%] Built target tf2_msgs_generate_messages_eus
[83.157s] [ 76%] Built target visualization_msgs_generate_messages_cpp
[83.189s] [ 76%] Built target visualization_msgs_generate_messages_py
[83.217s] [ 76%] Built target vector_map_msgs_generate_messages_cpp
[83.258s] [ 76%] Built target vector_map_msgs_generate_messages_eus
[83.287s] [ 76%] Built target visualization_msgs_generate_messages_eus
[83.343s] [ 76%] Built target vector_map_server_generate_messages_cpp
[83.363s] [ 76%] Built target roscpp_generate_messages_cpp
[83.412s] [ 76%] Built target vector_map_server_generate_messages_eus
[83.493s] [100%] Built target op_pose2tf
[83.543s] [36mInstall the project...[0m
[83.562s] -- Install configuration: "Release"
[83.562s] -- Installing: /home/chinchia120/autoware.ai/install/op_utilities/lib/pkgconfig/op_utilities.pc
[83.563s] -- Installing: /home/chinchia120/autoware.ai/install/op_utilities/share/op_utilities/cmake/op_utilitiesConfig.cmake
[83.563s] -- Installing: /home/chinchia120/autoware.ai/install/op_utilities/share/op_utilities/cmake/op_utilitiesConfig-version.cmake
[83.563s] -- Installing: /home/chinchia120/autoware.ai/install/op_utilities/share/op_utilities/package.xml
[83.563s] -- Installing: /home/chinchia120/autoware.ai/install/op_utilities/lib/op_utilities/op_pose2tf
[83.564s] -- Set runtime path of "/home/chinchia120/autoware.ai/install/op_utilities/lib/op_utilities/op_pose2tf" to ""
[83.565s] -- Installing: /home/chinchia120/autoware.ai/install/op_utilities/lib/op_utilities/op_data_logger
[83.566s] -- Set runtime path of "/home/chinchia120/autoware.ai/install/op_utilities/lib/op_utilities/op_data_logger" to ""
[83.566s] -- Installing: /home/chinchia120/autoware.ai/install/op_utilities/lib/op_utilities/op_bag_player
[83.567s] -- Set runtime path of "/home/chinchia120/autoware.ai/install/op_utilities/lib/op_utilities/op_bag_player" to ""
[83.568s] -- Installing: /home/chinchia120/autoware.ai/install/op_utilities/share/op_utilities/launch
[83.593s] -- Installing: /home/chinchia120/autoware.ai/install/op_utilities/share/op_utilities/launch/op_bag_player.launch
[83.594s] -- Installing: /home/chinchia120/autoware.ai/install/op_utilities/share/op_utilities/launch/op_data_logger.launch
[83.595s] -- Installing: /home/chinchia120/autoware.ai/install/op_utilities/share/op_utilities/launch/op_pose2tf.launch
[83.596s] -- Installing: /home/chinchia120/autoware.ai/install/op_utilities/share/op_utilities/launch/op_map_converter.launch
[83.603s] Invoked command in '/home/chinchia120/autoware.ai/build/op_utilities' returned '0': CMAKE_PREFIX_PATH=/home/chinchia120/autoware.ai/install/op_ros_helpers:/home/chinchia120/autoware.ai/install/map_file:/home/chinchia120/autoware.ai/install/op_simu:/home/chinchia120/autoware.ai/install/lanelet2_extension:/home/chinchia120/autoware.ai/install/op_planner:/home/chinchia120/autoware.ai/install/lanelet2_validation:/home/chinchia120/autoware.ai/install/op_utility:/home/chinchia120/autoware.ai/install/lanelet2_routing:/home/chinchia120/autoware.ai/install/lanelet2_projection:/home/chinchia120/autoware.ai/install/vector_map_server:/home/chinchia120/autoware.ai/install/libwaypoint_follower:/home/chinchia120/autoware.ai/install/lanelet2_traffic_rules:/home/chinchia120/autoware.ai/install/lanelet2_maps:/home/chinchia120/autoware.ai/install/lanelet2_io:/home/chinchia120/autoware.ai/install/vector_map:/home/chinchia120/autoware.ai/install/lanelet2_core:/home/chinchia120/autoware.ai/install/amathutils_lib:/home/chinchia120/autoware.ai/install/vector_map_msgs:/home/chinchia120/autoware.ai/install/autoware_msgs:/home/chinchia120/autoware.ai/install/autoware_lanelet2_msgs:/home/chinchia120/autoware.ai/install/autoware_build_flags:${CMAKE_PREFIX_PATH} LD_LIBRARY_PATH=/home/chinchia120/autoware.ai/install/op_ros_helpers/lib:/home/chinchia120/autoware.ai/install/map_file/lib:/home/chinchia120/autoware.ai/install/op_simu/lib:/home/chinchia120/autoware.ai/install/lanelet2_extension/lib:/home/chinchia120/autoware.ai/install/op_planner/lib:/home/chinchia120/autoware.ai/install/lanelet2_validation/lib:/home/chinchia120/autoware.ai/install/op_utility/lib:/home/chinchia120/autoware.ai/install/lanelet2_routing/lib:/home/chinchia120/autoware.ai/install/lanelet2_projection/lib:/home/chinchia120/autoware.ai/install/libwaypoint_follower/lib:/home/chinchia120/autoware.ai/install/lanelet2_traffic_rules/lib:/home/chinchia120/autoware.ai/install/lanelet2_io/lib:/home/chinchia120/autoware.ai/install/vector_map/lib:/home/chinchia120/autoware.ai/install/lanelet2_core/lib:/home/chinchia120/autoware.ai/install/amathutils_lib/lib:${LD_LIBRARY_PATH} PKG_CONFIG_PATH=/home/chinchia120/autoware.ai/install/op_ros_helpers/lib/x86_64-linux-gnu/pkgconfig:/home/chinchia120/autoware.ai/install/op_ros_helpers/lib/pkgconfig:/home/chinchia120/autoware.ai/install/map_file/lib/x86_64-linux-gnu/pkgconfig:/home/chinchia120/autoware.ai/install/map_file/lib/pkgconfig:/home/chinchia120/autoware.ai/install/op_simu/lib/x86_64-linux-gnu/pkgconfig:/home/chinchia120/autoware.ai/install/op_simu/lib/pkgconfig:/home/chinchia120/autoware.ai/install/lanelet2_extension/lib/x86_64-linux-gnu/pkgconfig:/home/chinchia120/autoware.ai/install/lanelet2_extension/lib/pkgconfig:/home/chinchia120/autoware.ai/install/op_planner/lib/x86_64-linux-gnu/pkgconfig:/home/chinchia120/autoware.ai/install/op_planner/lib/pkgconfig:/home/chinchia120/autoware.ai/install/lanelet2_validation/lib/x86_64-linux-gnu/pkgconfig:/home/chinchia120/autoware.ai/install/lanelet2_validation/lib/pkgconfig:/home/chinchia120/autoware.ai/install/op_utility/lib/x86_64-linux-gnu/pkgconfig:/home/chinchia120/autoware.ai/install/op_utility/lib/pkgconfig:/home/chinchia120/autoware.ai/install/lanelet2_routing/lib/x86_64-linux-gnu/pkgconfig:/home/chinchia120/autoware.ai/install/lanelet2_routing/lib/pkgconfig:/home/chinchia120/autoware.ai/install/lanelet2_projection/lib/x86_64-linux-gnu/pkgconfig:/home/chinchia120/autoware.ai/install/lanelet2_projection/lib/pkgconfig:/home/chinchia120/autoware.ai/install/vector_map_server/lib/x86_64-linux-gnu/pkgconfig:/home/chinchia120/autoware.ai/install/vector_map_server/lib/pkgconfig:/home/chinchia120/autoware.ai/install/libwaypoint_follower/lib/x86_64-linux-gnu/pkgconfig:/home/chinchia120/autoware.ai/install/libwaypoint_follower/lib/pkgconfig:/home/chinchia120/autoware.ai/install/lanelet2_traffic_rules/lib/x86_64-linux-gnu/pkgconfig:/home/chinchia120/autoware.ai/install/lanelet2_traffic_rules/lib/pkgconfig:/home/chinchia120/autoware.ai/install/lanelet2_maps/lib/x86_64-linux-gnu/pkgconfig:/home/chinchia120/autoware.ai/install/lanelet2_maps/lib/pkgconfig:/home/chinchia120/autoware.ai/install/lanelet2_io/lib/x86_64-linux-gnu/pkgconfig:/home/chinchia120/autoware.ai/install/lanelet2_io/lib/pkgconfig:/home/chinchia120/autoware.ai/install/vector_map/lib/x86_64-linux-gnu/pkgconfig:/home/chinchia120/autoware.ai/install/vector_map/lib/pkgconfig:/home/chinchia120/autoware.ai/install/lanelet2_core/lib/x86_64-linux-gnu/pkgconfig:/home/chinchia120/autoware.ai/install/lanelet2_core/lib/pkgconfig:/home/chinchia120/autoware.ai/install/amathutils_lib/lib/x86_64-linux-gnu/pkgconfig:/home/chinchia120/autoware.ai/install/amathutils_lib/lib/pkgconfig:/home/chinchia120/autoware.ai/install/vector_map_msgs/lib/x86_64-linux-gnu/pkgconfig:/home/chinchia120/autoware.ai/install/vector_map_msgs/lib/pkgconfig:/home/chinchia120/autoware.ai/install/autoware_msgs/lib/x86_64-linux-gnu/pkgconfig:/home/chinchia120/autoware.ai/install/autoware_msgs/lib/pkgconfig:/home/chinchia120/autoware.ai/install/autoware_lanelet2_msgs/lib/x86_64-linux-gnu/pkgconfig:/home/chinchia120/autoware.ai/install/autoware_lanelet2_msgs/lib/pkgconfig:/home/chinchia120/autoware.ai/install/autoware_build_flags/lib/x86_64-linux-gnu/pkgconfig:/home/chinchia120/autoware.ai/install/autoware_build_flags/lib/pkgconfig:${PKG_CONFIG_PATH} PYTHONPATH=/home/chinchia120/autoware.ai/install/vector_map_server/lib/python2.7/dist-packages:/home/chinchia120/autoware.ai/install/vector_map_msgs/lib/python2.7/dist-packages:/home/chinchia120/autoware.ai/install/autoware_msgs/lib/python2.7/dist-packages:/home/chinchia120/autoware.ai/install/autoware_lanelet2_msgs/lib/python2.7/dist-packages:${PYTHONPATH} ROS_PACKAGE_PATH=/home/chinchia120/autoware.ai/install/op_ros_helpers/share:/home/chinchia120/autoware.ai/install/map_file/share:/home/chinchia120/autoware.ai/install/op_simu/share:/home/chinchia120/autoware.ai/install/lanelet2_extension/share:/home/chinchia120/autoware.ai/install/op_planner/share:/home/chinchia120/autoware.ai/install/lanelet2_validation/share:/home/chinchia120/autoware.ai/install/op_utility/share:/home/chinchia120/autoware.ai/install/lanelet2_routing/share:/home/chinchia120/autoware.ai/install/lanelet2_projection/share:/home/chinchia120/autoware.ai/install/vector_map_server/share:/home/chinchia120/autoware.ai/install/libwaypoint_follower/share:/home/chinchia120/autoware.ai/install/lanelet2_traffic_rules/share:/home/chinchia120/autoware.ai/install/lanelet2_maps/share:/home/chinchia120/autoware.ai/install/lanelet2_io/share:/home/chinchia120/autoware.ai/install/vector_map/share:/home/chinchia120/autoware.ai/install/lanelet2_core/share:/home/chinchia120/autoware.ai/install/amathutils_lib/share:/home/chinchia120/autoware.ai/install/vector_map_msgs/share:/home/chinchia120/autoware.ai/install/autoware_msgs/share:/home/chinchia120/autoware.ai/install/autoware_lanelet2_msgs/share:/home/chinchia120/autoware.ai/install/autoware_build_flags/share:${ROS_PACKAGE_PATH} /usr/bin/cmake --build /home/chinchia120/autoware.ai/build/op_utilities --target install -- -j4 -l4
