[0.271s] Invoking command in '/home/chinchia120/autoware.ai/build/twist_gate': CMAKE_PREFIX_PATH=/home/chinchia120/autoware.ai/install/autoware_health_checker:/home/chinchia120/autoware.ai/install/tablet_socket_msgs:/home/chinchia120/autoware.ai/install/ros_observer:/home/chinchia120/autoware.ai/install/autoware_system_msgs:/home/chinchia120/autoware.ai/install/autoware_msgs:/home/chinchia120/autoware.ai/install/autoware_config_msgs:/home/chinchia120/autoware.ai/install/autoware_build_flags:${CMAKE_PREFIX_PATH} LD_LIBRARY_PATH=/home/chinchia120/autoware.ai/install/autoware_health_checker/lib:/home/chinchia120/autoware.ai/install/ros_observer/lib:${LD_LIBRARY_PATH} PKG_CONFIG_PATH=/home/chinchia120/autoware.ai/install/autoware_health_checker/lib/x86_64-linux-gnu/pkgconfig:/home/chinchia120/autoware.ai/install/autoware_health_checker/lib/pkgconfig:/home/chinchia120/autoware.ai/install/tablet_socket_msgs/lib/x86_64-linux-gnu/pkgconfig:/home/chinchia120/autoware.ai/install/tablet_socket_msgs/lib/pkgconfig:/home/chinchia120/autoware.ai/install/ros_observer/lib/x86_64-linux-gnu/pkgconfig:/home/chinchia120/autoware.ai/install/ros_observer/lib/pkgconfig:/home/chinchia120/autoware.ai/install/autoware_system_msgs/lib/x86_64-linux-gnu/pkgconfig:/home/chinchia120/autoware.ai/install/autoware_system_msgs/lib/pkgconfig:/home/chinchia120/autoware.ai/install/autoware_msgs/lib/x86_64-linux-gnu/pkgconfig:/home/chinchia120/autoware.ai/install/autoware_msgs/lib/pkgconfig:/home/chinchia120/autoware.ai/install/autoware_config_msgs/lib/x86_64-linux-gnu/pkgconfig:/home/chinchia120/autoware.ai/install/autoware_config_msgs/lib/pkgconfig:/home/chinchia120/autoware.ai/install/autoware_build_flags/lib/x86_64-linux-gnu/pkgconfig:/home/chinchia120/autoware.ai/install/autoware_build_flags/lib/pkgconfig:${PKG_CONFIG_PATH} PYTHONPATH=/home/chinchia120/autoware.ai/install/tablet_socket_msgs/lib/python2.7/dist-packages:/home/chinchia120/autoware.ai/install/autoware_system_msgs/lib/python2.7/dist-packages:/home/chinchia120/autoware.ai/install/autoware_msgs/lib/python2.7/dist-packages:/home/chinchia120/autoware.ai/install/autoware_config_msgs/lib/python2.7/dist-packages:${PYTHONPATH} ROS_PACKAGE_PATH=/home/chinchia120/autoware.ai/install/autoware_health_checker/share:/home/chinchia120/autoware.ai/install/tablet_socket_msgs/share:/home/chinchia120/autoware.ai/install/ros_observer/share:/home/chinchia120/autoware.ai/install/autoware_system_msgs/share:/home/chinchia120/autoware.ai/install/autoware_msgs/share:/home/chinchia120/autoware.ai/install/autoware_config_msgs/share:/home/chinchia120/autoware.ai/install/autoware_build_flags/share:${ROS_PACKAGE_PATH} /usr/bin/cmake /home/chinchia120/autoware.ai/src/autoware/core_planning/twist_gate -DCMAKE_BUILD_TYPE=Release -DCATKIN_INSTALL_INTO_PREFIX_ROOT=0 -DCMAKE_INSTALL_PREFIX=/home/chinchia120/autoware.ai/install/twist_gate
[0.498s] -- The C compiler identification is GNU 7.5.0
[0.638s] -- The CXX compiler identification is GNU 7.5.0
[0.667s] -- Check for working C compiler: /usr/bin/cc
[0.877s] -- Check for working C compiler: /usr/bin/cc -- works
[0.879s] -- Detecting C compiler ABI info
[1.067s] -- Detecting C compiler ABI info - done
[1.093s] -- Detecting C compile features
[1.612s] -- Detecting C compile features - done
[1.622s] -- Check for working CXX compiler: /usr/bin/c++
[1.808s] -- Check for working CXX compiler: /usr/bin/c++ -- works
[1.810s] -- Detecting CXX compiler ABI info
[2.010s] -- Detecting CXX compiler ABI info - done
[2.026s] -- Detecting CXX compile features
[2.812s] -- Detecting CXX compile features - done
[2.839s] -- CUDA compilation status: 1.
[2.848s] -- Using CATKIN_DEVEL_PREFIX: /home/chinchia120/autoware.ai/build/twist_gate/devel
[2.848s] -- Using CMAKE_PREFIX_PATH: /home/chinchia120/autoware.ai/install/autoware_health_checker;/home/chinchia120/autoware.ai/install/tablet_socket_msgs;/home/chinchia120/autoware.ai/install/ros_observer;/home/chinchia120/autoware.ai/install/autoware_system_msgs;/home/chinchia120/autoware.ai/install/autoware_msgs;/home/chinchia120/autoware.ai/install/autoware_config_msgs;/home/chinchia120/autoware.ai/install/autoware_build_flags;/home/chinchia120/catkin_ws/devel;/opt/ros/melodic
[2.849s] -- This workspace overlays: /home/chinchia120/autoware.ai/install/autoware_health_checker;/home/chinchia120/autoware.ai/install/tablet_socket_msgs;/home/chinchia120/autoware.ai/install/ros_observer;/home/chinchia120/autoware.ai/install/autoware_system_msgs;/home/chinchia120/autoware.ai/install/autoware_msgs;/home/chinchia120/autoware.ai/install/autoware_config_msgs;/home/chinchia120/autoware.ai/install/autoware_build_flags;/home/chinchia120/catkin_ws/devel;/opt/ros/melodic
[2.905s] -- Found PythonInterp: /usr/bin/python2 (found suitable version "2.7.17", minimum required is "2") 
[2.906s] -- Using PYTHON_EXECUTABLE: /usr/bin/python2
[2.906s] -- Using Debian Python package layout
[2.906s] -- Using empy: /usr/bin/empy
[3.255s] -- Using CATKIN_ENABLE_TESTING: ON
[3.255s] -- Call enable_testing()
[3.270s] -- Using CATKIN_TEST_RESULTS_DIR: /home/chinchia120/autoware.ai/build/twist_gate/test_results
[3.325s] -- Found gtest sources under '/usr/src/googletest': gtests will be built
[3.325s] -- Found gmock sources under '/usr/src/googletest': gmock will be built
[3.352s] -- Found PythonInterp: /usr/bin/python2 (found version "2.7.17") 
[3.356s] -- Looking for pthread.h
[3.507s] -- Looking for pthread.h - found
[3.509s] -- Looking for pthread_create
[3.670s] -- Looking for pthread_create - not found
[3.670s] -- Looking for pthread_create in pthreads
[3.824s] -- Looking for pthread_create in pthreads - not found
[3.825s] -- Looking for pthread_create in pthread
[3.973s] -- Looking for pthread_create in pthread - found
[3.975s] -- Found Threads: TRUE  
[3.990s] -- Using Python nosetests: /usr/bin/nosetests-2.7
[4.120s] -- catkin 0.7.29
[4.120s] -- BUILD_SHARED_LIBS is on
[4.662s] -- Using these message generators: gencpp;geneus;genlisp;gennodejs;genpy
[5.303s] -- Configuring done
[5.482s] -- Generating done
[5.511s] -- Build files have been written to: /home/chinchia120/autoware.ai/build/twist_gate
[5.520s] Invoked command in '/home/chinchia120/autoware.ai/build/twist_gate' returned '0': CMAKE_PREFIX_PATH=/home/chinchia120/autoware.ai/install/autoware_health_checker:/home/chinchia120/autoware.ai/install/tablet_socket_msgs:/home/chinchia120/autoware.ai/install/ros_observer:/home/chinchia120/autoware.ai/install/autoware_system_msgs:/home/chinchia120/autoware.ai/install/autoware_msgs:/home/chinchia120/autoware.ai/install/autoware_config_msgs:/home/chinchia120/autoware.ai/install/autoware_build_flags:${CMAKE_PREFIX_PATH} LD_LIBRARY_PATH=/home/chinchia120/autoware.ai/install/autoware_health_checker/lib:/home/chinchia120/autoware.ai/install/ros_observer/lib:${LD_LIBRARY_PATH} PKG_CONFIG_PATH=/home/chinchia120/autoware.ai/install/autoware_health_checker/lib/x86_64-linux-gnu/pkgconfig:/home/chinchia120/autoware.ai/install/autoware_health_checker/lib/pkgconfig:/home/chinchia120/autoware.ai/install/tablet_socket_msgs/lib/x86_64-linux-gnu/pkgconfig:/home/chinchia120/autoware.ai/install/tablet_socket_msgs/lib/pkgconfig:/home/chinchia120/autoware.ai/install/ros_observer/lib/x86_64-linux-gnu/pkgconfig:/home/chinchia120/autoware.ai/install/ros_observer/lib/pkgconfig:/home/chinchia120/autoware.ai/install/autoware_system_msgs/lib/x86_64-linux-gnu/pkgconfig:/home/chinchia120/autoware.ai/install/autoware_system_msgs/lib/pkgconfig:/home/chinchia120/autoware.ai/install/autoware_msgs/lib/x86_64-linux-gnu/pkgconfig:/home/chinchia120/autoware.ai/install/autoware_msgs/lib/pkgconfig:/home/chinchia120/autoware.ai/install/autoware_config_msgs/lib/x86_64-linux-gnu/pkgconfig:/home/chinchia120/autoware.ai/install/autoware_config_msgs/lib/pkgconfig:/home/chinchia120/autoware.ai/install/autoware_build_flags/lib/x86_64-linux-gnu/pkgconfig:/home/chinchia120/autoware.ai/install/autoware_build_flags/lib/pkgconfig:${PKG_CONFIG_PATH} PYTHONPATH=/home/chinchia120/autoware.ai/install/tablet_socket_msgs/lib/python2.7/dist-packages:/home/chinchia120/autoware.ai/install/autoware_system_msgs/lib/python2.7/dist-packages:/home/chinchia120/autoware.ai/install/autoware_msgs/lib/python2.7/dist-packages:/home/chinchia120/autoware.ai/install/autoware_config_msgs/lib/python2.7/dist-packages:${PYTHONPATH} ROS_PACKAGE_PATH=/home/chinchia120/autoware.ai/install/autoware_health_checker/share:/home/chinchia120/autoware.ai/install/tablet_socket_msgs/share:/home/chinchia120/autoware.ai/install/ros_observer/share:/home/chinchia120/autoware.ai/install/autoware_system_msgs/share:/home/chinchia120/autoware.ai/install/autoware_msgs/share:/home/chinchia120/autoware.ai/install/autoware_config_msgs/share:/home/chinchia120/autoware.ai/install/autoware_build_flags/share:${ROS_PACKAGE_PATH} /usr/bin/cmake /home/chinchia120/autoware.ai/src/autoware/core_planning/twist_gate -DCMAKE_BUILD_TYPE=Release -DCATKIN_INSTALL_INTO_PREFIX_ROOT=0 -DCMAKE_INSTALL_PREFIX=/home/chinchia120/autoware.ai/install/twist_gate
[5.527s] Invoking command in '/home/chinchia120/autoware.ai/build/twist_gate': CMAKE_PREFIX_PATH=/home/chinchia120/autoware.ai/install/autoware_health_checker:/home/chinchia120/autoware.ai/install/tablet_socket_msgs:/home/chinchia120/autoware.ai/install/ros_observer:/home/chinchia120/autoware.ai/install/autoware_system_msgs:/home/chinchia120/autoware.ai/install/autoware_msgs:/home/chinchia120/autoware.ai/install/autoware_config_msgs:/home/chinchia120/autoware.ai/install/autoware_build_flags:${CMAKE_PREFIX_PATH} LD_LIBRARY_PATH=/home/chinchia120/autoware.ai/install/autoware_health_checker/lib:/home/chinchia120/autoware.ai/install/ros_observer/lib:${LD_LIBRARY_PATH} PKG_CONFIG_PATH=/home/chinchia120/autoware.ai/install/autoware_health_checker/lib/x86_64-linux-gnu/pkgconfig:/home/chinchia120/autoware.ai/install/autoware_health_checker/lib/pkgconfig:/home/chinchia120/autoware.ai/install/tablet_socket_msgs/lib/x86_64-linux-gnu/pkgconfig:/home/chinchia120/autoware.ai/install/tablet_socket_msgs/lib/pkgconfig:/home/chinchia120/autoware.ai/install/ros_observer/lib/x86_64-linux-gnu/pkgconfig:/home/chinchia120/autoware.ai/install/ros_observer/lib/pkgconfig:/home/chinchia120/autoware.ai/install/autoware_system_msgs/lib/x86_64-linux-gnu/pkgconfig:/home/chinchia120/autoware.ai/install/autoware_system_msgs/lib/pkgconfig:/home/chinchia120/autoware.ai/install/autoware_msgs/lib/x86_64-linux-gnu/pkgconfig:/home/chinchia120/autoware.ai/install/autoware_msgs/lib/pkgconfig:/home/chinchia120/autoware.ai/install/autoware_config_msgs/lib/x86_64-linux-gnu/pkgconfig:/home/chinchia120/autoware.ai/install/autoware_config_msgs/lib/pkgconfig:/home/chinchia120/autoware.ai/install/autoware_build_flags/lib/x86_64-linux-gnu/pkgconfig:/home/chinchia120/autoware.ai/install/autoware_build_flags/lib/pkgconfig:${PKG_CONFIG_PATH} PYTHONPATH=/home/chinchia120/autoware.ai/install/tablet_socket_msgs/lib/python2.7/dist-packages:/home/chinchia120/autoware.ai/install/autoware_system_msgs/lib/python2.7/dist-packages:/home/chinchia120/autoware.ai/install/autoware_msgs/lib/python2.7/dist-packages:/home/chinchia120/autoware.ai/install/autoware_config_msgs/lib/python2.7/dist-packages:${PYTHONPATH} ROS_PACKAGE_PATH=/home/chinchia120/autoware.ai/install/autoware_health_checker/share:/home/chinchia120/autoware.ai/install/tablet_socket_msgs/share:/home/chinchia120/autoware.ai/install/ros_observer/share:/home/chinchia120/autoware.ai/install/autoware_system_msgs/share:/home/chinchia120/autoware.ai/install/autoware_msgs/share:/home/chinchia120/autoware.ai/install/autoware_config_msgs/share:/home/chinchia120/autoware.ai/install/autoware_build_flags/share:${ROS_PACKAGE_PATH} /usr/bin/cmake --build /home/chinchia120/autoware.ai/build/twist_gate -- -j4 -l4
[5.636s] [35m[1mScanning dependencies of target autoware_msgs_generate_messages_cpp[0m
[5.660s] [  0%] Built target autoware_msgs_generate_messages_cpp
[5.687s] [35m[1mScanning dependencies of target geometry_msgs_generate_messages_cpp[0m
[5.711s] [  0%] Built target geometry_msgs_generate_messages_cpp
[5.742s] [35m[1mScanning dependencies of target geometry_msgs_generate_messages_eus[0m
[5.778s] [  0%] Built target geometry_msgs_generate_messages_eus
[5.803s] [35m[1mScanning dependencies of target autoware_system_msgs_generate_messages_cpp[0m
[5.831s] [  0%] Built target autoware_system_msgs_generate_messages_cpp
[5.862s] [35m[1mScanning dependencies of target autoware_config_msgs_generate_messages_nodejs[0m
[5.886s] [  0%] Built target autoware_config_msgs_generate_messages_nodejs
[5.908s] [35m[1mScanning dependencies of target autoware_msgs_generate_messages_lisp[0m
[5.931s] [  0%] Built target autoware_msgs_generate_messages_lisp
[5.961s] [35m[1mScanning dependencies of target jsk_recognition_msgs_generate_messages_cpp[0m
[5.994s] [  0%] Built target jsk_recognition_msgs_generate_messages_cpp
[6.018s] [35m[1mScanning dependencies of target autoware_msgs_generate_messages_eus[0m
[6.050s] [  0%] Built target autoware_msgs_generate_messages_eus
[6.081s] [35m[1mScanning dependencies of target rosgraph_msgs_generate_messages_cpp[0m
[6.117s] [  0%] Built target rosgraph_msgs_generate_messages_cpp
[6.143s] [35m[1mScanning dependencies of target rosgraph_msgs_generate_messages_lisp[0m
[6.176s] [  0%] Built target rosgraph_msgs_generate_messages_lisp
[6.201s] [35m[1mScanning dependencies of target autoware_system_msgs_generate_messages_eus[0m
[6.229s] [  0%] Built target autoware_system_msgs_generate_messages_eus
[6.261s] [35m[1mScanning dependencies of target jsk_recognition_msgs_generate_messages_eus[0m
[6.293s] [  0%] Built target jsk_recognition_msgs_generate_messages_eus
[6.320s] [35m[1mScanning dependencies of target sensor_msgs_generate_messages_lisp[0m
[6.349s] [  0%] Built target sensor_msgs_generate_messages_lisp
[6.381s] [35m[1mScanning dependencies of target rosgraph_msgs_generate_messages_eus[0m
[6.417s] [  0%] Built target rosgraph_msgs_generate_messages_eus
[6.449s] [35m[1mScanning dependencies of target autoware_msgs_generate_messages_py[0m
[6.482s] [  0%] Built target autoware_msgs_generate_messages_py
[6.512s] [35m[1mScanning dependencies of target std_msgs_generate_messages_py[0m
[6.547s] [  0%] Built target std_msgs_generate_messages_py
[6.580s] [35m[1mScanning dependencies of target std_msgs_generate_messages_cpp[0m
[6.604s] [  0%] Built target std_msgs_generate_messages_cpp
[6.633s] [35m[1mScanning dependencies of target actionlib_msgs_generate_messages_nodejs[0m
[6.665s] [  0%] Built target actionlib_msgs_generate_messages_nodejs
[6.688s] [35m[1mScanning dependencies of target autoware_system_msgs_generate_messages_lisp[0m
[6.718s] [  0%] Built target autoware_system_msgs_generate_messages_lisp
[6.742s] [35m[1mScanning dependencies of target autoware_config_msgs_generate_messages_py[0m
[6.775s] [  0%] Built target autoware_config_msgs_generate_messages_py
[6.802s] [35m[1mScanning dependencies of target roscpp_generate_messages_eus[0m
[6.833s] [  0%] Built target roscpp_generate_messages_eus
[6.864s] [35m[1mScanning dependencies of target actionlib_msgs_generate_messages_eus[0m
[6.888s] [  0%] Built target actionlib_msgs_generate_messages_eus
[6.919s] [35m[1mScanning dependencies of target rosgraph_msgs_generate_messages_py[0m
[6.944s] [  0%] Built target rosgraph_msgs_generate_messages_py
[6.973s] [35m[1mScanning dependencies of target autoware_msgs_generate_messages_nodejs[0m
[7.004s] [  0%] Built target autoware_msgs_generate_messages_nodejs
[7.032s] [35m[1mScanning dependencies of target autoware_config_msgs_generate_messages_cpp[0m
[7.057s] [  0%] Built target autoware_config_msgs_generate_messages_cpp
[7.091s] [35m[1mScanning dependencies of target rosgraph_msgs_generate_messages_nodejs[0m
[7.128s] [  0%] Built target rosgraph_msgs_generate_messages_nodejs
[7.159s] [35m[1mScanning dependencies of target std_msgs_generate_messages_eus[0m
[7.188s] [  0%] Built target std_msgs_generate_messages_eus
[7.214s] [35m[1mScanning dependencies of target geometry_msgs_generate_messages_nodejs[0m
[7.244s] [  0%] Built target geometry_msgs_generate_messages_nodejs
[7.275s] [35m[1mScanning dependencies of target autoware_config_msgs_generate_messages_eus[0m
[7.307s] [  0%] Built target autoware_config_msgs_generate_messages_eus
[7.334s] [35m[1mScanning dependencies of target jsk_footstep_msgs_generate_messages_py[0m
[7.367s] [  0%] Built target jsk_footstep_msgs_generate_messages_py
[7.400s] [35m[1mScanning dependencies of target tablet_socket_msgs_generate_messages_py[0m
[7.425s] [  0%] Built target tablet_socket_msgs_generate_messages_py
[7.458s] [35m[1mScanning dependencies of target roscpp_generate_messages_nodejs[0m
[7.488s] [  0%] Built target roscpp_generate_messages_nodejs
[7.520s] [35m[1mScanning dependencies of target std_msgs_generate_messages_lisp[0m
[7.554s] [  0%] Built target std_msgs_generate_messages_lisp
[7.588s] [35m[1mScanning dependencies of target std_msgs_generate_messages_nodejs[0m
[7.624s] [  0%] Built target std_msgs_generate_messages_nodejs
[7.731s] [35m[1mScanning dependencies of target jsk_recognition_msgs_generate_messages_lisp[0m
[7.762s] [  0%] Built target jsk_recognition_msgs_generate_messages_lisp
[7.800s] [35m[1mScanning dependencies of target jsk_recognition_msgs_generate_messages_py[0m
[7.836s] [  0%] Built target jsk_recognition_msgs_generate_messages_py
[7.871s] [35m[1mScanning dependencies of target sensor_msgs_generate_messages_cpp[0m
[7.898s] [  0%] Built target sensor_msgs_generate_messages_cpp
[7.931s] [35m[1mScanning dependencies of target sensor_msgs_generate_messages_eus[0m
[7.965s] [  0%] Built target sensor_msgs_generate_messages_eus
[8.000s] [35m[1mScanning dependencies of target autoware_system_msgs_generate_messages_py[0m
[8.027s] [  0%] Built target autoware_system_msgs_generate_messages_py
[8.060s] [35m[1mScanning dependencies of target sensor_msgs_generate_messages_nodejs[0m
[8.090s] [  0%] Built target sensor_msgs_generate_messages_nodejs
[8.128s] [35m[1mScanning dependencies of target roscpp_generate_messages_cpp[0m
[8.159s] [  0%] Built target roscpp_generate_messages_cpp
[8.194s] [35m[1mScanning dependencies of target sensor_msgs_generate_messages_py[0m
[8.227s] [  0%] Built target sensor_msgs_generate_messages_py
[8.262s] [35m[1mScanning dependencies of target pcl_msgs_generate_messages_cpp[0m
[8.292s] [  0%] Built target pcl_msgs_generate_messages_cpp
[8.323s] [35m[1mScanning dependencies of target pcl_msgs_generate_messages_eus[0m
[8.355s] [  0%] Built target pcl_msgs_generate_messages_eus
[8.391s] [35m[1mScanning dependencies of target pcl_msgs_generate_messages_lisp[0m
[8.422s] [  0%] Built target pcl_msgs_generate_messages_lisp
[8.460s] [35m[1mScanning dependencies of target pcl_msgs_generate_messages_nodejs[0m
[8.496s] [  0%] Built target pcl_msgs_generate_messages_nodejs
[8.535s] [35m[1mScanning dependencies of target pcl_msgs_generate_messages_py[0m
[8.571s] [  0%] Built target pcl_msgs_generate_messages_py
[8.614s] [35m[1mScanning dependencies of target jsk_footstep_msgs_generate_messages_eus[0m
[8.642s] [  0%] Built target jsk_footstep_msgs_generate_messages_eus
[8.678s] [35m[1mScanning dependencies of target actionlib_msgs_generate_messages_py[0m
[8.710s] [  0%] Built target actionlib_msgs_generate_messages_py
[8.749s] [35m[1mScanning dependencies of target jsk_footstep_msgs_generate_messages_lisp[0m
[8.784s] [  0%] Built target jsk_footstep_msgs_generate_messages_lisp
[8.918s] [35m[1mScanning dependencies of target jsk_footstep_msgs_generate_messages_nodejs[0m
[8.954s] [  0%] Built target jsk_footstep_msgs_generate_messages_nodejs
[8.992s] [35m[1mScanning dependencies of target jsk_footstep_msgs_generate_messages_cpp[0m
[9.021s] [  0%] Built target jsk_footstep_msgs_generate_messages_cpp
[9.064s] [35m[1mScanning dependencies of target actionlib_msgs_generate_messages_cpp[0m
[9.102s] [  0%] Built target actionlib_msgs_generate_messages_cpp
[9.147s] [35m[1mScanning dependencies of target autoware_system_msgs_generate_messages_nodejs[0m
[9.190s] [  0%] Built target autoware_system_msgs_generate_messages_nodejs
[9.231s] [35m[1mScanning dependencies of target actionlib_msgs_generate_messages_lisp[0m
[9.266s] [  0%] Built target actionlib_msgs_generate_messages_lisp
[9.306s] [35m[1mScanning dependencies of target jsk_recognition_msgs_generate_messages_nodejs[0m
[9.348s] [  0%] Built target jsk_recognition_msgs_generate_messages_nodejs
[9.387s] [35m[1mScanning dependencies of target roscpp_generate_messages_lisp[0m
[9.421s] [  0%] Built target roscpp_generate_messages_lisp
[9.460s] [35m[1mScanning dependencies of target roscpp_generate_messages_py[0m
[9.492s] [  0%] Built target roscpp_generate_messages_py
[9.530s] [35m[1mScanning dependencies of target autoware_config_msgs_generate_messages_lisp[0m
[9.594s] [  0%] Built target autoware_config_msgs_generate_messages_lisp
[9.633s] [35m[1mScanning dependencies of target tablet_socket_msgs_generate_messages_cpp[0m
[9.664s] [  0%] Built target tablet_socket_msgs_generate_messages_cpp
[9.699s] [35m[1mScanning dependencies of target tablet_socket_msgs_generate_messages_eus[0m
[9.726s] [  0%] Built target tablet_socket_msgs_generate_messages_eus
[9.762s] [35m[1mScanning dependencies of target tablet_socket_msgs_generate_messages_lisp[0m
[9.798s] [  0%] Built target tablet_socket_msgs_generate_messages_lisp
[9.834s] [35m[1mScanning dependencies of target tablet_socket_msgs_generate_messages_nodejs[0m
[9.865s] [  0%] Built target tablet_socket_msgs_generate_messages_nodejs
[9.900s] [35m[1mScanning dependencies of target geometry_msgs_generate_messages_lisp[0m
[9.930s] [  0%] Built target geometry_msgs_generate_messages_lisp
[9.970s] [35m[1mScanning dependencies of target geometry_msgs_generate_messages_py[0m
[10.014s] [  0%] Built target geometry_msgs_generate_messages_py
[10.053s] [35m[1mScanning dependencies of target twist_gate[0m
[10.167s] [ 33%] [32mBuilding CXX object CMakeFiles/twist_gate.dir/src/twist_gate_node.cpp.o[0m
[15.130s] [ 66%] [32mBuilding CXX object CMakeFiles/twist_gate.dir/src/twist_gate.cpp.o[0m
[35.604s] [100%] [32m[1mLinking CXX executable devel/lib/twist_gate/twist_gate[0m
[36.021s] [100%] Built target twist_gate
[36.058s] Invoked command in '/home/chinchia120/autoware.ai/build/twist_gate' returned '0': CMAKE_PREFIX_PATH=/home/chinchia120/autoware.ai/install/autoware_health_checker:/home/chinchia120/autoware.ai/install/tablet_socket_msgs:/home/chinchia120/autoware.ai/install/ros_observer:/home/chinchia120/autoware.ai/install/autoware_system_msgs:/home/chinchia120/autoware.ai/install/autoware_msgs:/home/chinchia120/autoware.ai/install/autoware_config_msgs:/home/chinchia120/autoware.ai/install/autoware_build_flags:${CMAKE_PREFIX_PATH} LD_LIBRARY_PATH=/home/chinchia120/autoware.ai/install/autoware_health_checker/lib:/home/chinchia120/autoware.ai/install/ros_observer/lib:${LD_LIBRARY_PATH} PKG_CONFIG_PATH=/home/chinchia120/autoware.ai/install/autoware_health_checker/lib/x86_64-linux-gnu/pkgconfig:/home/chinchia120/autoware.ai/install/autoware_health_checker/lib/pkgconfig:/home/chinchia120/autoware.ai/install/tablet_socket_msgs/lib/x86_64-linux-gnu/pkgconfig:/home/chinchia120/autoware.ai/install/tablet_socket_msgs/lib/pkgconfig:/home/chinchia120/autoware.ai/install/ros_observer/lib/x86_64-linux-gnu/pkgconfig:/home/chinchia120/autoware.ai/install/ros_observer/lib/pkgconfig:/home/chinchia120/autoware.ai/install/autoware_system_msgs/lib/x86_64-linux-gnu/pkgconfig:/home/chinchia120/autoware.ai/install/autoware_system_msgs/lib/pkgconfig:/home/chinchia120/autoware.ai/install/autoware_msgs/lib/x86_64-linux-gnu/pkgconfig:/home/chinchia120/autoware.ai/install/autoware_msgs/lib/pkgconfig:/home/chinchia120/autoware.ai/install/autoware_config_msgs/lib/x86_64-linux-gnu/pkgconfig:/home/chinchia120/autoware.ai/install/autoware_config_msgs/lib/pkgconfig:/home/chinchia120/autoware.ai/install/autoware_build_flags/lib/x86_64-linux-gnu/pkgconfig:/home/chinchia120/autoware.ai/install/autoware_build_flags/lib/pkgconfig:${PKG_CONFIG_PATH} PYTHONPATH=/home/chinchia120/autoware.ai/install/tablet_socket_msgs/lib/python2.7/dist-packages:/home/chinchia120/autoware.ai/install/autoware_system_msgs/lib/python2.7/dist-packages:/home/chinchia120/autoware.ai/install/autoware_msgs/lib/python2.7/dist-packages:/home/chinchia120/autoware.ai/install/autoware_config_msgs/lib/python2.7/dist-packages:${PYTHONPATH} ROS_PACKAGE_PATH=/home/chinchia120/autoware.ai/install/autoware_health_checker/share:/home/chinchia120/autoware.ai/install/tablet_socket_msgs/share:/home/chinchia120/autoware.ai/install/ros_observer/share:/home/chinchia120/autoware.ai/install/autoware_system_msgs/share:/home/chinchia120/autoware.ai/install/autoware_msgs/share:/home/chinchia120/autoware.ai/install/autoware_config_msgs/share:/home/chinchia120/autoware.ai/install/autoware_build_flags/share:${ROS_PACKAGE_PATH} /usr/bin/cmake --build /home/chinchia120/autoware.ai/build/twist_gate -- -j4 -l4
[36.413s] Invoking command in '/home/chinchia120/autoware.ai/build/twist_gate': CMAKE_PREFIX_PATH=/home/chinchia120/autoware.ai/install/autoware_health_checker:/home/chinchia120/autoware.ai/install/tablet_socket_msgs:/home/chinchia120/autoware.ai/install/ros_observer:/home/chinchia120/autoware.ai/install/autoware_system_msgs:/home/chinchia120/autoware.ai/install/autoware_msgs:/home/chinchia120/autoware.ai/install/autoware_config_msgs:/home/chinchia120/autoware.ai/install/autoware_build_flags:${CMAKE_PREFIX_PATH} LD_LIBRARY_PATH=/home/chinchia120/autoware.ai/install/autoware_health_checker/lib:/home/chinchia120/autoware.ai/install/ros_observer/lib:${LD_LIBRARY_PATH} PKG_CONFIG_PATH=/home/chinchia120/autoware.ai/install/autoware_health_checker/lib/x86_64-linux-gnu/pkgconfig:/home/chinchia120/autoware.ai/install/autoware_health_checker/lib/pkgconfig:/home/chinchia120/autoware.ai/install/tablet_socket_msgs/lib/x86_64-linux-gnu/pkgconfig:/home/chinchia120/autoware.ai/install/tablet_socket_msgs/lib/pkgconfig:/home/chinchia120/autoware.ai/install/ros_observer/lib/x86_64-linux-gnu/pkgconfig:/home/chinchia120/autoware.ai/install/ros_observer/lib/pkgconfig:/home/chinchia120/autoware.ai/install/autoware_system_msgs/lib/x86_64-linux-gnu/pkgconfig:/home/chinchia120/autoware.ai/install/autoware_system_msgs/lib/pkgconfig:/home/chinchia120/autoware.ai/install/autoware_msgs/lib/x86_64-linux-gnu/pkgconfig:/home/chinchia120/autoware.ai/install/autoware_msgs/lib/pkgconfig:/home/chinchia120/autoware.ai/install/autoware_config_msgs/lib/x86_64-linux-gnu/pkgconfig:/home/chinchia120/autoware.ai/install/autoware_config_msgs/lib/pkgconfig:/home/chinchia120/autoware.ai/install/autoware_build_flags/lib/x86_64-linux-gnu/pkgconfig:/home/chinchia120/autoware.ai/install/autoware_build_flags/lib/pkgconfig:${PKG_CONFIG_PATH} PYTHONPATH=/home/chinchia120/autoware.ai/install/tablet_socket_msgs/lib/python2.7/dist-packages:/home/chinchia120/autoware.ai/install/autoware_system_msgs/lib/python2.7/dist-packages:/home/chinchia120/autoware.ai/install/autoware_msgs/lib/python2.7/dist-packages:/home/chinchia120/autoware.ai/install/autoware_config_msgs/lib/python2.7/dist-packages:${PYTHONPATH} ROS_PACKAGE_PATH=/home/chinchia120/autoware.ai/install/autoware_health_checker/share:/home/chinchia120/autoware.ai/install/tablet_socket_msgs/share:/home/chinchia120/autoware.ai/install/ros_observer/share:/home/chinchia120/autoware.ai/install/autoware_system_msgs/share:/home/chinchia120/autoware.ai/install/autoware_msgs/share:/home/chinchia120/autoware.ai/install/autoware_config_msgs/share:/home/chinchia120/autoware.ai/install/autoware_build_flags/share:${ROS_PACKAGE_PATH} /usr/bin/cmake --build /home/chinchia120/autoware.ai/build/twist_gate --target tests -- -j4 -l4
[36.550s] [35m[1mScanning dependencies of target gtest[0m
[36.596s] [ 20%] [32mBuilding CXX object gtest/googlemock/gtest/CMakeFiles/gtest.dir/src/gtest-all.cc.o[0m
[45.193s] [ 40%] [32m[1mLinking CXX shared library libgtest.so[0m
[45.374s] [ 40%] Built target gtest
[45.431s] [ 40%] Built target geometry_msgs_generate_messages_cpp
[45.476s] [ 40%] Built target geometry_msgs_generate_messages_eus
[45.535s] [ 40%] Built target autoware_system_msgs_generate_messages_cpp
[45.591s] [ 40%] Built target autoware_config_msgs_generate_messages_nodejs
[45.645s] [ 40%] Built target autoware_msgs_generate_messages_lisp
[45.688s] [ 40%] Built target jsk_recognition_msgs_generate_messages_cpp
[45.737s] [ 40%] Built target autoware_msgs_generate_messages_eus
[45.779s] [ 40%] Built target rosgraph_msgs_generate_messages_cpp
[45.829s] [ 40%] Built target rosgraph_msgs_generate_messages_lisp
[45.880s] [ 40%] Built target autoware_system_msgs_generate_messages_eus
[45.932s] [ 40%] Built target jsk_recognition_msgs_generate_messages_eus
[45.976s] [ 40%] Built target sensor_msgs_generate_messages_lisp
[46.022s] [ 40%] Built target rosgraph_msgs_generate_messages_eus
[46.074s] [ 40%] Built target autoware_msgs_generate_messages_py
[46.116s] [ 40%] Built target std_msgs_generate_messages_py
[46.163s] [ 40%] Built target std_msgs_generate_messages_cpp
[46.209s] [ 40%] Built target actionlib_msgs_generate_messages_nodejs
[46.277s] [ 40%] Built target autoware_system_msgs_generate_messages_lisp
[46.334s] [ 40%] Built target autoware_config_msgs_generate_messages_py
[46.396s] [ 40%] Built target roscpp_generate_messages_eus
[46.445s] [ 40%] Built target actionlib_msgs_generate_messages_eus
[46.491s] [ 40%] Built target rosgraph_msgs_generate_messages_py
[46.536s] [ 40%] Built target autoware_msgs_generate_messages_nodejs
[46.581s] [ 40%] Built target autoware_config_msgs_generate_messages_cpp
[46.634s] [ 40%] Built target rosgraph_msgs_generate_messages_nodejs
[46.680s] [ 40%] Built target std_msgs_generate_messages_eus
[46.721s] [ 40%] Built target geometry_msgs_generate_messages_nodejs
[46.770s] [ 40%] Built target autoware_config_msgs_generate_messages_eus
[46.822s] [ 40%] Built target jsk_footstep_msgs_generate_messages_py
[46.882s] [ 40%] Built target tablet_socket_msgs_generate_messages_py
[46.934s] [ 40%] Built target roscpp_generate_messages_nodejs
[46.976s] [ 40%] Built target std_msgs_generate_messages_lisp
[47.018s] [ 40%] Built target std_msgs_generate_messages_nodejs
[47.074s] [ 40%] Built target jsk_recognition_msgs_generate_messages_lisp
[47.125s] [ 40%] Built target jsk_recognition_msgs_generate_messages_py
[47.170s] [ 40%] Built target sensor_msgs_generate_messages_cpp
[47.226s] [ 40%] Built target sensor_msgs_generate_messages_eus
[47.276s] [ 40%] Built target autoware_system_msgs_generate_messages_py
[47.333s] [ 40%] Built target sensor_msgs_generate_messages_nodejs
[47.382s] [ 40%] Built target roscpp_generate_messages_cpp
[47.432s] [ 40%] Built target sensor_msgs_generate_messages_py
[47.482s] [ 40%] Built target pcl_msgs_generate_messages_cpp
[47.529s] [ 40%] Built target pcl_msgs_generate_messages_eus
[47.586s] [ 40%] Built target pcl_msgs_generate_messages_lisp
[47.646s] [ 40%] Built target pcl_msgs_generate_messages_nodejs
[47.698s] [ 40%] Built target pcl_msgs_generate_messages_py
[47.745s] [ 40%] Built target jsk_footstep_msgs_generate_messages_eus
[47.790s] [ 40%] Built target actionlib_msgs_generate_messages_py
[47.846s] [ 40%] Built target jsk_footstep_msgs_generate_messages_lisp
[47.890s] [ 40%] Built target jsk_footstep_msgs_generate_messages_nodejs
[47.948s] [ 40%] Built target jsk_footstep_msgs_generate_messages_cpp
[47.999s] [ 40%] Built target actionlib_msgs_generate_messages_cpp
[48.051s] [ 40%] Built target autoware_system_msgs_generate_messages_nodejs
[48.107s] [ 40%] Built target actionlib_msgs_generate_messages_lisp
[48.160s] [ 40%] Built target jsk_recognition_msgs_generate_messages_nodejs
[48.228s] [ 40%] Built target roscpp_generate_messages_lisp
[48.293s] [ 40%] Built target roscpp_generate_messages_py
[48.347s] [ 40%] Built target autoware_config_msgs_generate_messages_lisp
[48.407s] [ 40%] Built target tablet_socket_msgs_generate_messages_cpp
[48.453s] [ 40%] Built target tablet_socket_msgs_generate_messages_eus
[48.512s] [ 40%] Built target tablet_socket_msgs_generate_messages_lisp
[48.557s] [ 40%] Built target tablet_socket_msgs_generate_messages_nodejs
[48.600s] [ 40%] Built target autoware_msgs_generate_messages_cpp
[48.654s] [ 40%] Built target geometry_msgs_generate_messages_lisp
[48.698s] [ 40%] Built target geometry_msgs_generate_messages_py
[48.726s] [35m[1mScanning dependencies of target test-twist_gate[0m
[48.819s] [ 60%] [32mBuilding CXX object CMakeFiles/test-twist_gate.dir/test/src/test_twist_gate.cpp.o[0m
[57.861s] [ 80%] [32mBuilding CXX object CMakeFiles/test-twist_gate.dir/src/twist_gate.cpp.o[0m
[77.060s] [100%] [32m[1mLinking CXX executable devel/lib/twist_gate/test-twist_gate[0m
[77.598s] [100%] Built target test-twist_gate
[77.630s] [35m[1mScanning dependencies of target tests[0m
[77.663s] [100%] Built target tests
[77.702s] Invoked command in '/home/chinchia120/autoware.ai/build/twist_gate' returned '0': CMAKE_PREFIX_PATH=/home/chinchia120/autoware.ai/install/autoware_health_checker:/home/chinchia120/autoware.ai/install/tablet_socket_msgs:/home/chinchia120/autoware.ai/install/ros_observer:/home/chinchia120/autoware.ai/install/autoware_system_msgs:/home/chinchia120/autoware.ai/install/autoware_msgs:/home/chinchia120/autoware.ai/install/autoware_config_msgs:/home/chinchia120/autoware.ai/install/autoware_build_flags:${CMAKE_PREFIX_PATH} LD_LIBRARY_PATH=/home/chinchia120/autoware.ai/install/autoware_health_checker/lib:/home/chinchia120/autoware.ai/install/ros_observer/lib:${LD_LIBRARY_PATH} PKG_CONFIG_PATH=/home/chinchia120/autoware.ai/install/autoware_health_checker/lib/x86_64-linux-gnu/pkgconfig:/home/chinchia120/autoware.ai/install/autoware_health_checker/lib/pkgconfig:/home/chinchia120/autoware.ai/install/tablet_socket_msgs/lib/x86_64-linux-gnu/pkgconfig:/home/chinchia120/autoware.ai/install/tablet_socket_msgs/lib/pkgconfig:/home/chinchia120/autoware.ai/install/ros_observer/lib/x86_64-linux-gnu/pkgconfig:/home/chinchia120/autoware.ai/install/ros_observer/lib/pkgconfig:/home/chinchia120/autoware.ai/install/autoware_system_msgs/lib/x86_64-linux-gnu/pkgconfig:/home/chinchia120/autoware.ai/install/autoware_system_msgs/lib/pkgconfig:/home/chinchia120/autoware.ai/install/autoware_msgs/lib/x86_64-linux-gnu/pkgconfig:/home/chinchia120/autoware.ai/install/autoware_msgs/lib/pkgconfig:/home/chinchia120/autoware.ai/install/autoware_config_msgs/lib/x86_64-linux-gnu/pkgconfig:/home/chinchia120/autoware.ai/install/autoware_config_msgs/lib/pkgconfig:/home/chinchia120/autoware.ai/install/autoware_build_flags/lib/x86_64-linux-gnu/pkgconfig:/home/chinchia120/autoware.ai/install/autoware_build_flags/lib/pkgconfig:${PKG_CONFIG_PATH} PYTHONPATH=/home/chinchia120/autoware.ai/install/tablet_socket_msgs/lib/python2.7/dist-packages:/home/chinchia120/autoware.ai/install/autoware_system_msgs/lib/python2.7/dist-packages:/home/chinchia120/autoware.ai/install/autoware_msgs/lib/python2.7/dist-packages:/home/chinchia120/autoware.ai/install/autoware_config_msgs/lib/python2.7/dist-packages:${PYTHONPATH} ROS_PACKAGE_PATH=/home/chinchia120/autoware.ai/install/autoware_health_checker/share:/home/chinchia120/autoware.ai/install/tablet_socket_msgs/share:/home/chinchia120/autoware.ai/install/ros_observer/share:/home/chinchia120/autoware.ai/install/autoware_system_msgs/share:/home/chinchia120/autoware.ai/install/autoware_msgs/share:/home/chinchia120/autoware.ai/install/autoware_config_msgs/share:/home/chinchia120/autoware.ai/install/autoware_build_flags/share:${ROS_PACKAGE_PATH} /usr/bin/cmake --build /home/chinchia120/autoware.ai/build/twist_gate --target tests -- -j4 -l4
[78.053s] Invoking command in '/home/chinchia120/autoware.ai/build/twist_gate': CMAKE_PREFIX_PATH=/home/chinchia120/autoware.ai/install/autoware_health_checker:/home/chinchia120/autoware.ai/install/tablet_socket_msgs:/home/chinchia120/autoware.ai/install/ros_observer:/home/chinchia120/autoware.ai/install/autoware_system_msgs:/home/chinchia120/autoware.ai/install/autoware_msgs:/home/chinchia120/autoware.ai/install/autoware_config_msgs:/home/chinchia120/autoware.ai/install/autoware_build_flags:${CMAKE_PREFIX_PATH} LD_LIBRARY_PATH=/home/chinchia120/autoware.ai/install/autoware_health_checker/lib:/home/chinchia120/autoware.ai/install/ros_observer/lib:${LD_LIBRARY_PATH} PKG_CONFIG_PATH=/home/chinchia120/autoware.ai/install/autoware_health_checker/lib/x86_64-linux-gnu/pkgconfig:/home/chinchia120/autoware.ai/install/autoware_health_checker/lib/pkgconfig:/home/chinchia120/autoware.ai/install/tablet_socket_msgs/lib/x86_64-linux-gnu/pkgconfig:/home/chinchia120/autoware.ai/install/tablet_socket_msgs/lib/pkgconfig:/home/chinchia120/autoware.ai/install/ros_observer/lib/x86_64-linux-gnu/pkgconfig:/home/chinchia120/autoware.ai/install/ros_observer/lib/pkgconfig:/home/chinchia120/autoware.ai/install/autoware_system_msgs/lib/x86_64-linux-gnu/pkgconfig:/home/chinchia120/autoware.ai/install/autoware_system_msgs/lib/pkgconfig:/home/chinchia120/autoware.ai/install/autoware_msgs/lib/x86_64-linux-gnu/pkgconfig:/home/chinchia120/autoware.ai/install/autoware_msgs/lib/pkgconfig:/home/chinchia120/autoware.ai/install/autoware_config_msgs/lib/x86_64-linux-gnu/pkgconfig:/home/chinchia120/autoware.ai/install/autoware_config_msgs/lib/pkgconfig:/home/chinchia120/autoware.ai/install/autoware_build_flags/lib/x86_64-linux-gnu/pkgconfig:/home/chinchia120/autoware.ai/install/autoware_build_flags/lib/pkgconfig:${PKG_CONFIG_PATH} PYTHONPATH=/home/chinchia120/autoware.ai/install/tablet_socket_msgs/lib/python2.7/dist-packages:/home/chinchia120/autoware.ai/install/autoware_system_msgs/lib/python2.7/dist-packages:/home/chinchia120/autoware.ai/install/autoware_msgs/lib/python2.7/dist-packages:/home/chinchia120/autoware.ai/install/autoware_config_msgs/lib/python2.7/dist-packages:${PYTHONPATH} ROS_PACKAGE_PATH=/home/chinchia120/autoware.ai/install/autoware_health_checker/share:/home/chinchia120/autoware.ai/install/tablet_socket_msgs/share:/home/chinchia120/autoware.ai/install/ros_observer/share:/home/chinchia120/autoware.ai/install/autoware_system_msgs/share:/home/chinchia120/autoware.ai/install/autoware_msgs/share:/home/chinchia120/autoware.ai/install/autoware_config_msgs/share:/home/chinchia120/autoware.ai/install/autoware_build_flags/share:${ROS_PACKAGE_PATH} /usr/bin/cmake --build /home/chinchia120/autoware.ai/build/twist_gate --target install -- -j4 -l4
[78.241s] [  0%] Built target autoware_msgs_generate_messages_cpp
[78.297s] [  0%] Built target geometry_msgs_generate_messages_cpp
[78.358s] [  0%] Built target geometry_msgs_generate_messages_eus
[78.423s] [  0%] Built target autoware_system_msgs_generate_messages_cpp
[78.480s] [  0%] Built target autoware_config_msgs_generate_messages_nodejs
[78.540s] [  0%] Built target autoware_msgs_generate_messages_lisp
[78.590s] [  0%] Built target jsk_recognition_msgs_generate_messages_cpp
[78.643s] [  0%] Built target autoware_msgs_generate_messages_eus
[78.700s] [  0%] Built target rosgraph_msgs_generate_messages_cpp
[78.758s] [  0%] Built target rosgraph_msgs_generate_messages_lisp
[78.823s] [  0%] Built target autoware_system_msgs_generate_messages_eus
[78.878s] [  0%] Built target jsk_recognition_msgs_generate_messages_eus
[78.935s] [  0%] Built target sensor_msgs_generate_messages_lisp
[79.001s] [  0%] Built target rosgraph_msgs_generate_messages_eus
[79.067s] [  0%] Built target autoware_msgs_generate_messages_py
[79.114s] [  0%] Built target std_msgs_generate_messages_py
[79.171s] [  0%] Built target std_msgs_generate_messages_cpp
[79.227s] [  0%] Built target actionlib_msgs_generate_messages_nodejs
[79.291s] [  0%] Built target autoware_system_msgs_generate_messages_lisp
[79.357s] [  0%] Built target autoware_config_msgs_generate_messages_py
[79.415s] [  0%] Built target roscpp_generate_messages_eus
[79.490s] [  0%] Built target actionlib_msgs_generate_messages_eus
[79.556s] [  0%] Built target rosgraph_msgs_generate_messages_py
[79.616s] [  0%] Built target autoware_msgs_generate_messages_nodejs
[79.674s] [  0%] Built target autoware_config_msgs_generate_messages_cpp
[79.733s] [  0%] Built target rosgraph_msgs_generate_messages_nodejs
[79.800s] [  0%] Built target std_msgs_generate_messages_eus
[79.856s] [  0%] Built target geometry_msgs_generate_messages_nodejs
[79.921s] [  0%] Built target autoware_config_msgs_generate_messages_eus
[79.974s] [  0%] Built target jsk_footstep_msgs_generate_messages_py
[80.041s] [  0%] Built target tablet_socket_msgs_generate_messages_py
[80.107s] [  0%] Built target roscpp_generate_messages_nodejs
[80.190s] [  0%] Built target std_msgs_generate_messages_lisp
[80.271s] [  0%] Built target std_msgs_generate_messages_nodejs
[80.334s] [  0%] Built target jsk_recognition_msgs_generate_messages_lisp
[80.393s] [  0%] Built target jsk_recognition_msgs_generate_messages_py
[80.447s] [  0%] Built target sensor_msgs_generate_messages_cpp
[80.497s] [  0%] Built target sensor_msgs_generate_messages_eus
[80.554s] [  0%] Built target autoware_system_msgs_generate_messages_py
[80.617s] [  0%] Built target sensor_msgs_generate_messages_nodejs
[80.683s] [  0%] Built target roscpp_generate_messages_cpp
[80.738s] [  0%] Built target sensor_msgs_generate_messages_py
[80.794s] [  0%] Built target pcl_msgs_generate_messages_cpp
[80.856s] [  0%] Built target pcl_msgs_generate_messages_eus
[80.938s] [  0%] Built target pcl_msgs_generate_messages_lisp
[81.009s] [  0%] Built target pcl_msgs_generate_messages_nodejs
[81.067s] [  0%] Built target pcl_msgs_generate_messages_py
[81.128s] [  0%] Built target jsk_footstep_msgs_generate_messages_eus
[81.180s] [  0%] Built target actionlib_msgs_generate_messages_py
[81.247s] [  0%] Built target jsk_footstep_msgs_generate_messages_lisp
[81.305s] [  0%] Built target jsk_footstep_msgs_generate_messages_nodejs
[81.370s] [  0%] Built target jsk_footstep_msgs_generate_messages_cpp
[81.441s] [  0%] Built target actionlib_msgs_generate_messages_cpp
[81.497s] [  0%] Built target autoware_system_msgs_generate_messages_nodejs
[81.554s] [  0%] Built target actionlib_msgs_generate_messages_lisp
[81.626s] [  0%] Built target jsk_recognition_msgs_generate_messages_nodejs
[81.685s] [  0%] Built target roscpp_generate_messages_lisp
[81.738s] [  0%] Built target roscpp_generate_messages_py
[81.802s] [  0%] Built target autoware_config_msgs_generate_messages_lisp
[81.852s] [  0%] Built target tablet_socket_msgs_generate_messages_cpp
[81.905s] [  0%] Built target tablet_socket_msgs_generate_messages_eus
[81.956s] [  0%] Built target tablet_socket_msgs_generate_messages_lisp
[82.009s] [  0%] Built target tablet_socket_msgs_generate_messages_nodejs
[82.072s] [  0%] Built target geometry_msgs_generate_messages_lisp
[82.122s] [  0%] Built target geometry_msgs_generate_messages_py
[82.191s] [100%] Built target twist_gate
[82.244s] [36mInstall the project...[0m
[82.264s] -- Install configuration: "Release"
[82.265s] -- Installing: /home/chinchia120/autoware.ai/install/twist_gate/lib/pkgconfig/twist_gate.pc
[82.266s] -- Installing: /home/chinchia120/autoware.ai/install/twist_gate/share/twist_gate/cmake/twist_gateConfig.cmake
[82.267s] -- Installing: /home/chinchia120/autoware.ai/install/twist_gate/share/twist_gate/cmake/twist_gateConfig-version.cmake
[82.268s] -- Installing: /home/chinchia120/autoware.ai/install/twist_gate/share/twist_gate/package.xml
[82.271s] -- Installing: /home/chinchia120/autoware.ai/install/twist_gate/lib/twist_gate/twist_gate
[82.293s] -- Set runtime path of "/home/chinchia120/autoware.ai/install/twist_gate/lib/twist_gate/twist_gate" to ""
[82.301s] Invoked command in '/home/chinchia120/autoware.ai/build/twist_gate' returned '0': CMAKE_PREFIX_PATH=/home/chinchia120/autoware.ai/install/autoware_health_checker:/home/chinchia120/autoware.ai/install/tablet_socket_msgs:/home/chinchia120/autoware.ai/install/ros_observer:/home/chinchia120/autoware.ai/install/autoware_system_msgs:/home/chinchia120/autoware.ai/install/autoware_msgs:/home/chinchia120/autoware.ai/install/autoware_config_msgs:/home/chinchia120/autoware.ai/install/autoware_build_flags:${CMAKE_PREFIX_PATH} LD_LIBRARY_PATH=/home/chinchia120/autoware.ai/install/autoware_health_checker/lib:/home/chinchia120/autoware.ai/install/ros_observer/lib:${LD_LIBRARY_PATH} PKG_CONFIG_PATH=/home/chinchia120/autoware.ai/install/autoware_health_checker/lib/x86_64-linux-gnu/pkgconfig:/home/chinchia120/autoware.ai/install/autoware_health_checker/lib/pkgconfig:/home/chinchia120/autoware.ai/install/tablet_socket_msgs/lib/x86_64-linux-gnu/pkgconfig:/home/chinchia120/autoware.ai/install/tablet_socket_msgs/lib/pkgconfig:/home/chinchia120/autoware.ai/install/ros_observer/lib/x86_64-linux-gnu/pkgconfig:/home/chinchia120/autoware.ai/install/ros_observer/lib/pkgconfig:/home/chinchia120/autoware.ai/install/autoware_system_msgs/lib/x86_64-linux-gnu/pkgconfig:/home/chinchia120/autoware.ai/install/autoware_system_msgs/lib/pkgconfig:/home/chinchia120/autoware.ai/install/autoware_msgs/lib/x86_64-linux-gnu/pkgconfig:/home/chinchia120/autoware.ai/install/autoware_msgs/lib/pkgconfig:/home/chinchia120/autoware.ai/install/autoware_config_msgs/lib/x86_64-linux-gnu/pkgconfig:/home/chinchia120/autoware.ai/install/autoware_config_msgs/lib/pkgconfig:/home/chinchia120/autoware.ai/install/autoware_build_flags/lib/x86_64-linux-gnu/pkgconfig:/home/chinchia120/autoware.ai/install/autoware_build_flags/lib/pkgconfig:${PKG_CONFIG_PATH} PYTHONPATH=/home/chinchia120/autoware.ai/install/tablet_socket_msgs/lib/python2.7/dist-packages:/home/chinchia120/autoware.ai/install/autoware_system_msgs/lib/python2.7/dist-packages:/home/chinchia120/autoware.ai/install/autoware_msgs/lib/python2.7/dist-packages:/home/chinchia120/autoware.ai/install/autoware_config_msgs/lib/python2.7/dist-packages:${PYTHONPATH} ROS_PACKAGE_PATH=/home/chinchia120/autoware.ai/install/autoware_health_checker/share:/home/chinchia120/autoware.ai/install/tablet_socket_msgs/share:/home/chinchia120/autoware.ai/install/ros_observer/share:/home/chinchia120/autoware.ai/install/autoware_system_msgs/share:/home/chinchia120/autoware.ai/install/autoware_msgs/share:/home/chinchia120/autoware.ai/install/autoware_config_msgs/share:/home/chinchia120/autoware.ai/install/autoware_build_flags/share:${ROS_PACKAGE_PATH} /usr/bin/cmake --build /home/chinchia120/autoware.ai/build/twist_gate --target install -- -j4 -l4
