[0.028s] Invoking command in '/home/chinchia120/autoware.ai/build/autoware_bag_tools': /usr/bin/cmake /home/chinchia120/autoware.ai/src/autoware/utilities/autoware_bag_tools -DCMAKE_BUILD_TYPE=Release -DCATKIN_INSTALL_INTO_PREFIX_ROOT=0 -DCMAKE_INSTALL_PREFIX=/home/chinchia120/autoware.ai/install/autoware_bag_tools
[0.356s] -- The C compiler identification is GNU 7.5.0
[0.614s] -- The CXX compiler identification is GNU 7.5.0
[0.624s] -- Check for working C compiler: /usr/bin/cc
[0.778s] -- Check for working C compiler: /usr/bin/cc -- works
[0.779s] -- Detecting C compiler ABI info
[0.936s] -- Detecting C compiler ABI info - done
[0.954s] -- Detecting C compile features
[1.434s] -- Detecting C compile features - done
[1.440s] -- Check for working CXX compiler: /usr/bin/c++
[1.601s] -- Check for working CXX compiler: /usr/bin/c++ -- works
[1.602s] -- Detecting CXX compiler ABI info
[1.805s] -- Detecting CXX compiler ABI info - done
[1.826s] -- Detecting CXX compile features
[2.717s] -- Detecting CXX compile features - done
[2.721s] -- Using CATKIN_DEVEL_PREFIX: /home/chinchia120/autoware.ai/build/autoware_bag_tools/devel
[2.721s] -- Using CMAKE_PREFIX_PATH: /home/chinchia120/catkin_ws/devel;/opt/ros/melodic
[2.722s] -- This workspace overlays: /home/chinchia120/catkin_ws/devel;/opt/ros/melodic
[2.754s] -- Found PythonInterp: /usr/bin/python2 (found suitable version "2.7.17", minimum required is "2") 
[2.754s] -- Using PYTHON_EXECUTABLE: /usr/bin/python2
[2.754s] -- Using Debian Python package layout
[2.754s] -- Using empy: /usr/bin/empy
[3.070s] -- Using CATKIN_ENABLE_TESTING: ON
[3.070s] -- Call enable_testing()
[3.074s] -- Using CATKIN_TEST_RESULTS_DIR: /home/chinchia120/autoware.ai/build/autoware_bag_tools/test_results
[3.103s] -- Found gtest sources under '/usr/src/googletest': gtests will be built
[3.103s] -- Found gmock sources under '/usr/src/googletest': gmock will be built
[3.131s] -- Found PythonInterp: /usr/bin/python2 (found version "2.7.17") 
[3.133s] -- Looking for pthread.h
[3.306s] -- Looking for pthread.h - found
[3.307s] -- Looking for pthread_create
[3.523s] -- Looking for pthread_create - not found
[3.524s] -- Looking for pthread_create in pthreads
[3.710s] -- Looking for pthread_create in pthreads - not found
[3.710s] -- Looking for pthread_create in pthread
[3.897s] -- Looking for pthread_create in pthread - found
[3.899s] -- Found Threads: TRUE  
[3.906s] -- Using Python nosetests: /usr/bin/nosetests-2.7
[3.999s] -- catkin 0.7.29
[3.999s] -- BUILD_SHARED_LIBS is on
[4.741s] -- Found TinyXML: /usr/lib/x86_64-linux-gnu/libtinyxml.so  
[4.987s] -- Configuring done
[5.069s] -- Generating done
[5.082s] -- Build files have been written to: /home/chinchia120/autoware.ai/build/autoware_bag_tools
[5.089s] Invoked command in '/home/chinchia120/autoware.ai/build/autoware_bag_tools' returned '0': /usr/bin/cmake /home/chinchia120/autoware.ai/src/autoware/utilities/autoware_bag_tools -DCMAKE_BUILD_TYPE=Release -DCATKIN_INSTALL_INTO_PREFIX_ROOT=0 -DCMAKE_INSTALL_PREFIX=/home/chinchia120/autoware.ai/install/autoware_bag_tools
[5.095s] Invoking command in '/home/chinchia120/autoware.ai/build/autoware_bag_tools': /usr/bin/cmake --build /home/chinchia120/autoware.ai/build/autoware_bag_tools -- -j4 -l4
[5.191s] [35m[1mScanning dependencies of target topic_tools_generate_messages_py[0m
[5.362s] [  0%] Built target topic_tools_generate_messages_py
[5.393s] [35m[1mScanning dependencies of target std_msgs_generate_messages_nodejs[0m
[5.424s] [  0%] Built target std_msgs_generate_messages_nodejs
[5.454s] [35m[1mScanning dependencies of target nmea_msgs_generate_messages_py[0m
[5.479s] [  0%] Built target nmea_msgs_generate_messages_py
[5.503s] [35m[1mScanning dependencies of target nmea_msgs_generate_messages_nodejs[0m
[5.529s] [  0%] Built target nmea_msgs_generate_messages_nodejs
[5.549s] [35m[1mScanning dependencies of target topic_tools_generate_messages_eus[0m
[5.571s] [  0%] Built target topic_tools_generate_messages_eus
[5.593s] [35m[1mScanning dependencies of target nmea_msgs_generate_messages_lisp[0m
[5.617s] [  0%] Built target nmea_msgs_generate_messages_lisp
[5.643s] [35m[1mScanning dependencies of target roscpp_generate_messages_cpp[0m
[5.662s] [  0%] Built target roscpp_generate_messages_cpp
[5.687s] [35m[1mScanning dependencies of target std_msgs_generate_messages_eus[0m
[5.719s] [  0%] Built target std_msgs_generate_messages_eus
[5.741s] [35m[1mScanning dependencies of target std_msgs_generate_messages_cpp[0m
[5.761s] [  0%] Built target std_msgs_generate_messages_cpp
[5.786s] [35m[1mScanning dependencies of target rosgraph_msgs_generate_messages_py[0m
[5.814s] [  0%] Built target rosgraph_msgs_generate_messages_py
[5.842s] [35m[1mScanning dependencies of target nmea_msgs_generate_messages_cpp[0m
[5.867s] [  0%] Built target nmea_msgs_generate_messages_cpp
[5.907s] [35m[1mScanning dependencies of target roscpp_generate_messages_nodejs[0m
[5.938s] [  0%] Built target roscpp_generate_messages_nodejs
[5.967s] [35m[1mScanning dependencies of target roscpp_generate_messages_eus[0m
[5.992s] [  0%] Built target roscpp_generate_messages_eus
[6.023s] [35m[1mScanning dependencies of target roscpp_generate_messages_lisp[0m
[6.051s] [  0%] Built target roscpp_generate_messages_lisp
[6.077s] [35m[1mScanning dependencies of target rosgraph_msgs_generate_messages_nodejs[0m
[6.109s] [  0%] Built target rosgraph_msgs_generate_messages_nodejs
[6.138s] [35m[1mScanning dependencies of target roscpp_generate_messages_py[0m
[6.160s] [  0%] Built target roscpp_generate_messages_py
[6.186s] [35m[1mScanning dependencies of target rosgraph_msgs_generate_messages_eus[0m
[6.217s] [  0%] Built target rosgraph_msgs_generate_messages_eus
[6.238s] [35m[1mScanning dependencies of target nmea_msgs_generate_messages_eus[0m
[6.266s] [  0%] Built target nmea_msgs_generate_messages_eus
[6.298s] [35m[1mScanning dependencies of target std_srvs_generate_messages_cpp[0m
[6.330s] [  0%] Built target std_srvs_generate_messages_cpp
[6.363s] [35m[1mScanning dependencies of target rosgraph_msgs_generate_messages_lisp[0m
[6.398s] [  0%] Built target rosgraph_msgs_generate_messages_lisp
[6.416s] [35m[1mScanning dependencies of target std_srvs_generate_messages_eus[0m
[6.443s] [  0%] Built target std_srvs_generate_messages_eus
[6.464s] [35m[1mScanning dependencies of target std_srvs_generate_messages_nodejs[0m
[6.488s] [  0%] Built target std_srvs_generate_messages_nodejs
[6.519s] [35m[1mScanning dependencies of target std_srvs_generate_messages_py[0m
[6.545s] [  0%] Built target std_srvs_generate_messages_py
[6.577s] [35m[1mScanning dependencies of target rosgraph_msgs_generate_messages_cpp[0m
[6.608s] [  0%] Built target rosgraph_msgs_generate_messages_cpp
[6.638s] [35m[1mScanning dependencies of target topic_tools_generate_messages_cpp[0m
[6.673s] [  0%] Built target topic_tools_generate_messages_cpp
[6.703s] [35m[1mScanning dependencies of target std_srvs_generate_messages_lisp[0m
[6.727s] [  0%] Built target std_srvs_generate_messages_lisp
[6.753s] [35m[1mScanning dependencies of target topic_tools_generate_messages_lisp[0m
[6.782s] [  0%] Built target topic_tools_generate_messages_lisp
[6.811s] [35m[1mScanning dependencies of target topic_tools_generate_messages_nodejs[0m
[6.840s] [  0%] Built target topic_tools_generate_messages_nodejs
[6.867s] [35m[1mScanning dependencies of target std_msgs_generate_messages_lisp[0m
[6.894s] [  0%] Built target std_msgs_generate_messages_lisp
[6.930s] [35m[1mScanning dependencies of target std_msgs_generate_messages_py[0m
[6.958s] [  0%] Built target std_msgs_generate_messages_py
[6.989s] [35m[1mScanning dependencies of target nmea2kml[0m
[7.110s] [ 33%] [32mBuilding CXX object CMakeFiles/nmea2kml.dir/nodes/nmea2kml/nmea2kml.cpp.o[0m
[16.309s] [ 66%] [32mBuilding CXX object CMakeFiles/nmea2kml.dir/nodes/nmea2kml/ReadNMEASentence.cpp.o[0m
[17.217s] [100%] [32m[1mLinking CXX executable devel/lib/autoware_bag_tools/nmea2kml[0m
[17.538s] [100%] Built target nmea2kml
[17.562s] Invoked command in '/home/chinchia120/autoware.ai/build/autoware_bag_tools' returned '0': /usr/bin/cmake --build /home/chinchia120/autoware.ai/build/autoware_bag_tools -- -j4 -l4
[17.757s] Invoking command in '/home/chinchia120/autoware.ai/build/autoware_bag_tools': /usr/bin/cmake --build /home/chinchia120/autoware.ai/build/autoware_bag_tools --target tests -- -j4 -l4
[17.883s] [35m[1mScanning dependencies of target tests[0m
[17.916s] Built target tests
[17.943s] Invoked command in '/home/chinchia120/autoware.ai/build/autoware_bag_tools' returned '0': /usr/bin/cmake --build /home/chinchia120/autoware.ai/build/autoware_bag_tools --target tests -- -j4 -l4
[18.125s] Invoking command in '/home/chinchia120/autoware.ai/build/autoware_bag_tools': /usr/bin/cmake --build /home/chinchia120/autoware.ai/build/autoware_bag_tools --target install -- -j4 -l4
[18.278s] [  0%] Built target topic_tools_generate_messages_py
[18.338s] [  0%] Built target std_msgs_generate_messages_nodejs
[18.391s] [  0%] Built target nmea_msgs_generate_messages_py
[18.437s] [  0%] Built target nmea_msgs_generate_messages_nodejs
[18.483s] [  0%] Built target topic_tools_generate_messages_eus
[18.536s] [  0%] Built target nmea_msgs_generate_messages_lisp
[18.603s] [  0%] Built target roscpp_generate_messages_cpp
[18.655s] [  0%] Built target std_msgs_generate_messages_eus
[18.698s] [  0%] Built target std_msgs_generate_messages_cpp
[18.756s] [  0%] Built target rosgraph_msgs_generate_messages_py
[18.819s] [  0%] Built target nmea_msgs_generate_messages_cpp
[18.878s] [  0%] Built target roscpp_generate_messages_nodejs
[18.926s] [  0%] Built target roscpp_generate_messages_eus
[18.982s] [  0%] Built target roscpp_generate_messages_lisp
[19.039s] [  0%] Built target rosgraph_msgs_generate_messages_nodejs
[19.086s] [  0%] Built target roscpp_generate_messages_py
[19.141s] [  0%] Built target rosgraph_msgs_generate_messages_eus
[19.198s] [  0%] Built target nmea_msgs_generate_messages_eus
[19.250s] [  0%] Built target std_srvs_generate_messages_cpp
[19.303s] [  0%] Built target rosgraph_msgs_generate_messages_lisp
[19.364s] [  0%] Built target std_srvs_generate_messages_eus
[19.406s] [  0%] Built target std_srvs_generate_messages_nodejs
[19.456s] [  0%] Built target std_srvs_generate_messages_py
[19.501s] [  0%] Built target rosgraph_msgs_generate_messages_cpp
[19.556s] [  0%] Built target topic_tools_generate_messages_cpp
[19.599s] [  0%] Built target std_srvs_generate_messages_lisp
[19.646s] [  0%] Built target topic_tools_generate_messages_lisp
[19.687s] [  0%] Built target topic_tools_generate_messages_nodejs
[19.749s] [  0%] Built target std_msgs_generate_messages_lisp
[19.794s] [  0%] Built target std_msgs_generate_messages_py
[19.875s] [100%] Built target nmea2kml
[19.920s] [36mInstall the project...[0m
[19.941s] -- Install configuration: "Release"
[19.941s] -- Installing: /home/chinchia120/autoware.ai/install/autoware_bag_tools/lib/pkgconfig/autoware_bag_tools.pc
[19.953s] -- Installing: /home/chinchia120/autoware.ai/install/autoware_bag_tools/share/autoware_bag_tools/cmake/autoware_bag_toolsConfig.cmake
[19.953s] -- Installing: /home/chinchia120/autoware.ai/install/autoware_bag_tools/share/autoware_bag_tools/cmake/autoware_bag_toolsConfig-version.cmake
[19.953s] -- Installing: /home/chinchia120/autoware.ai/install/autoware_bag_tools/share/autoware_bag_tools/package.xml
[19.955s] -- Installing: /home/chinchia120/autoware.ai/install/autoware_bag_tools/lib/autoware_bag_tools/change_frame_id.py
[19.956s] -- Installing: /home/chinchia120/autoware.ai/install/autoware_bag_tools/lib/autoware_bag_tools/replace_msg_time_with_hdr.py
[19.957s] -- Installing: /home/chinchia120/autoware.ai/install/autoware_bag_tools/lib/autoware_bag_tools/nmea2kml
[19.958s] -- Set runtime path of "/home/chinchia120/autoware.ai/install/autoware_bag_tools/lib/autoware_bag_tools/nmea2kml" to ""
[19.968s] Invoked command in '/home/chinchia120/autoware.ai/build/autoware_bag_tools' returned '0': /usr/bin/cmake --build /home/chinchia120/autoware.ai/build/autoware_bag_tools --target install -- -j4 -l4
