[0.188s] Invoking command in '/home/chinchia120/autoware.ai/build/waypoint_maker': CMAKE_PREFIX_PATH=/home/chinchia120/autoware.ai/install/lane_planner:/home/chinchia120/autoware.ai/install/lanelet2_extension:/home/chinchia120/autoware.ai/install/lanelet2_validation:/home/chinchia120/autoware.ai/install/lanelet2_routing:/home/chinchia120/autoware.ai/install/lanelet2_projection:/home/chinchia120/autoware.ai/install/libwaypoint_follower:/home/chinchia120/autoware.ai/install/lanelet2_traffic_rules:/home/chinchia120/autoware.ai/install/lanelet2_maps:/home/chinchia120/autoware.ai/install/lanelet2_io:/home/chinchia120/autoware.ai/install/vector_map:/home/chinchia120/autoware.ai/install/lanelet2_core:/home/chinchia120/autoware.ai/install/amathutils_lib:/home/chinchia120/autoware.ai/install/vector_map_msgs:/home/chinchia120/autoware.ai/install/tablet_socket_msgs:/home/chinchia120/autoware.ai/install/gnss:/home/chinchia120/autoware.ai/install/autoware_msgs:/home/chinchia120/autoware.ai/install/autoware_lanelet2_msgs:/home/chinchia120/autoware.ai/install/autoware_config_msgs:/home/chinchia120/autoware.ai/install/autoware_build_flags:${CMAKE_PREFIX_PATH} LD_LIBRARY_PATH=/home/chinchia120/autoware.ai/install/lane_planner/lib:/home/chinchia120/autoware.ai/install/lanelet2_extension/lib:/home/chinchia120/autoware.ai/install/lanelet2_validation/lib:/home/chinchia120/autoware.ai/install/lanelet2_routing/lib:/home/chinchia120/autoware.ai/install/lanelet2_projection/lib:/home/chinchia120/autoware.ai/install/libwaypoint_follower/lib:/home/chinchia120/autoware.ai/install/lanelet2_traffic_rules/lib:/home/chinchia120/autoware.ai/install/lanelet2_io/lib:/home/chinchia120/autoware.ai/install/vector_map/lib:/home/chinchia120/autoware.ai/install/lanelet2_core/lib:/home/chinchia120/autoware.ai/install/amathutils_lib/lib:/home/chinchia120/autoware.ai/install/gnss/lib:${LD_LIBRARY_PATH} PKG_CONFIG_PATH=/home/chinchia120/autoware.ai/install/lane_planner/lib/x86_64-linux-gnu/pkgconfig:/home/chinchia120/autoware.ai/install/lane_planner/lib/pkgconfig:/home/chinchia120/autoware.ai/install/lanelet2_extension/lib/x86_64-linux-gnu/pkgconfig:/home/chinchia120/autoware.ai/install/lanelet2_extension/lib/pkgconfig:/home/chinchia120/autoware.ai/install/lanelet2_validation/lib/x86_64-linux-gnu/pkgconfig:/home/chinchia120/autoware.ai/install/lanelet2_validation/lib/pkgconfig:/home/chinchia120/autoware.ai/install/lanelet2_routing/lib/x86_64-linux-gnu/pkgconfig:/home/chinchia120/autoware.ai/install/lanelet2_routing/lib/pkgconfig:/home/chinchia120/autoware.ai/install/lanelet2_projection/lib/x86_64-linux-gnu/pkgconfig:/home/chinchia120/autoware.ai/install/lanelet2_projection/lib/pkgconfig:/home/chinchia120/autoware.ai/install/libwaypoint_follower/lib/x86_64-linux-gnu/pkgconfig:/home/chinchia120/autoware.ai/install/libwaypoint_follower/lib/pkgconfig:/home/chinchia120/autoware.ai/install/lanelet2_traffic_rules/lib/x86_64-linux-gnu/pkgconfig:/home/chinchia120/autoware.ai/install/lanelet2_traffic_rules/lib/pkgconfig:/home/chinchia120/autoware.ai/install/lanelet2_maps/lib/x86_64-linux-gnu/pkgconfig:/home/chinchia120/autoware.ai/install/lanelet2_maps/lib/pkgconfig:/home/chinchia120/autoware.ai/install/lanelet2_io/lib/x86_64-linux-gnu/pkgconfig:/home/chinchia120/autoware.ai/install/lanelet2_io/lib/pkgconfig:/home/chinchia120/autoware.ai/install/vector_map/lib/x86_64-linux-gnu/pkgconfig:/home/chinchia120/autoware.ai/install/vector_map/lib/pkgconfig:/home/chinchia120/autoware.ai/install/lanelet2_core/lib/x86_64-linux-gnu/pkgconfig:/home/chinchia120/autoware.ai/install/lanelet2_core/lib/pkgconfig:/home/chinchia120/autoware.ai/install/amathutils_lib/lib/x86_64-linux-gnu/pkgconfig:/home/chinchia120/autoware.ai/install/amathutils_lib/lib/pkgconfig:/home/chinchia120/autoware.ai/install/vector_map_msgs/lib/x86_64-linux-gnu/pkgconfig:/home/chinchia120/autoware.ai/install/vector_map_msgs/lib/pkgconfig:/home/chinchia120/autoware.ai/install/tablet_socket_msgs/lib/x86_64-linux-gnu/pkgconfig:/home/chinchia120/autoware.ai/install/tablet_socket_msgs/lib/pkgconfig:/home/chinchia120/autoware.ai/install/gnss/lib/x86_64-linux-gnu/pkgconfig:/home/chinchia120/autoware.ai/install/gnss/lib/pkgconfig:/home/chinchia120/autoware.ai/install/autoware_msgs/lib/x86_64-linux-gnu/pkgconfig:/home/chinchia120/autoware.ai/install/autoware_msgs/lib/pkgconfig:/home/chinchia120/autoware.ai/install/autoware_lanelet2_msgs/lib/x86_64-linux-gnu/pkgconfig:/home/chinchia120/autoware.ai/install/autoware_lanelet2_msgs/lib/pkgconfig:/home/chinchia120/autoware.ai/install/autoware_config_msgs/lib/x86_64-linux-gnu/pkgconfig:/home/chinchia120/autoware.ai/install/autoware_config_msgs/lib/pkgconfig:/home/chinchia120/autoware.ai/install/autoware_build_flags/lib/x86_64-linux-gnu/pkgconfig:/home/chinchia120/autoware.ai/install/autoware_build_flags/lib/pkgconfig:${PKG_CONFIG_PATH} PYTHONPATH=/home/chinchia120/autoware.ai/install/vector_map_msgs/lib/python2.7/dist-packages:/home/chinchia120/autoware.ai/install/tablet_socket_msgs/lib/python2.7/dist-packages:/home/chinchia120/autoware.ai/install/autoware_msgs/lib/python2.7/dist-packages:/home/chinchia120/autoware.ai/install/autoware_lanelet2_msgs/lib/python2.7/dist-packages:/home/chinchia120/autoware.ai/install/autoware_config_msgs/lib/python2.7/dist-packages:${PYTHONPATH} ROS_PACKAGE_PATH=/home/chinchia120/autoware.ai/install/lane_planner/share:/home/chinchia120/autoware.ai/install/lanelet2_extension/share:/home/chinchia120/autoware.ai/install/lanelet2_validation/share:/home/chinchia120/autoware.ai/install/lanelet2_routing/share:/home/chinchia120/autoware.ai/install/lanelet2_projection/share:/home/chinchia120/autoware.ai/install/libwaypoint_follower/share:/home/chinchia120/autoware.ai/install/lanelet2_traffic_rules/share:/home/chinchia120/autoware.ai/install/lanelet2_maps/share:/home/chinchia120/autoware.ai/install/lanelet2_io/share:/home/chinchia120/autoware.ai/install/vector_map/share:/home/chinchia120/autoware.ai/install/lanelet2_core/share:/home/chinchia120/autoware.ai/install/amathutils_lib/share:/home/chinchia120/autoware.ai/install/vector_map_msgs/share:/home/chinchia120/autoware.ai/install/tablet_socket_msgs/share:/home/chinchia120/autoware.ai/install/gnss/share:/home/chinchia120/autoware.ai/install/autoware_msgs/share:/home/chinchia120/autoware.ai/install/autoware_lanelet2_msgs/share:/home/chinchia120/autoware.ai/install/autoware_config_msgs/share:/home/chinchia120/autoware.ai/install/autoware_build_flags/share:${ROS_PACKAGE_PATH} /usr/bin/cmake /home/chinchia120/autoware.ai/src/autoware/core_planning/waypoint_maker -DCMAKE_BUILD_TYPE=Release -DCATKIN_INSTALL_INTO_PREFIX_ROOT=0 -DCMAKE_INSTALL_PREFIX=/home/chinchia120/autoware.ai/install/waypoint_maker
[0.376s] -- The C compiler identification is GNU 7.5.0
[0.528s] -- The CXX compiler identification is GNU 7.5.0
[0.542s] -- Check for working C compiler: /usr/bin/cc
[0.756s] -- Check for working C compiler: /usr/bin/cc -- works
[0.758s] -- Detecting C compiler ABI info
[0.968s] -- Detecting C compiler ABI info - done
[0.996s] -- Detecting C compile features
[1.511s] -- Detecting C compile features - done
[1.519s] -- Check for working CXX compiler: /usr/bin/c++
[1.731s] -- Check for working CXX compiler: /usr/bin/c++ -- works
[1.733s] -- Detecting CXX compiler ABI info
[1.958s] -- Detecting CXX compiler ABI info - done
[1.978s] -- Detecting CXX compile features
[2.945s] -- Detecting CXX compile features - done
[3.034s] -- CUDA compilation status: 1.
[3.042s] -- Using CATKIN_DEVEL_PREFIX: /home/chinchia120/autoware.ai/build/waypoint_maker/devel
[3.042s] -- Using CMAKE_PREFIX_PATH: /home/chinchia120/autoware.ai/install/lane_planner;/home/chinchia120/autoware.ai/install/lanelet2_extension;/home/chinchia120/autoware.ai/install/lanelet2_validation;/home/chinchia120/autoware.ai/install/lanelet2_routing;/home/chinchia120/autoware.ai/install/lanelet2_projection;/home/chinchia120/autoware.ai/install/libwaypoint_follower;/home/chinchia120/autoware.ai/install/lanelet2_traffic_rules;/home/chinchia120/autoware.ai/install/lanelet2_maps;/home/chinchia120/autoware.ai/install/lanelet2_io;/home/chinchia120/autoware.ai/install/vector_map;/home/chinchia120/autoware.ai/install/lanelet2_core;/home/chinchia120/autoware.ai/install/amathutils_lib;/home/chinchia120/autoware.ai/install/vector_map_msgs;/home/chinchia120/autoware.ai/install/tablet_socket_msgs;/home/chinchia120/autoware.ai/install/gnss;/home/chinchia120/autoware.ai/install/autoware_msgs;/home/chinchia120/autoware.ai/install/autoware_lanelet2_msgs;/home/chinchia120/autoware.ai/install/autoware_config_msgs;/home/chinchia120/autoware.ai/install/autoware_build_flags;/home/chinchia120/catkin_ws/devel;/opt/ros/melodic
[3.046s] -- This workspace overlays: /home/chinchia120/autoware.ai/install/lane_planner;/home/chinchia120/autoware.ai/install/lanelet2_extension;/home/chinchia120/autoware.ai/install/lanelet2_validation;/home/chinchia120/autoware.ai/install/lanelet2_routing;/home/chinchia120/autoware.ai/install/lanelet2_projection;/home/chinchia120/autoware.ai/install/libwaypoint_follower;/home/chinchia120/autoware.ai/install/lanelet2_traffic_rules;/home/chinchia120/autoware.ai/install/lanelet2_maps;/home/chinchia120/autoware.ai/install/lanelet2_io;/home/chinchia120/autoware.ai/install/vector_map;/home/chinchia120/autoware.ai/install/lanelet2_core;/home/chinchia120/autoware.ai/install/amathutils_lib;/home/chinchia120/autoware.ai/install/vector_map_msgs;/home/chinchia120/autoware.ai/install/tablet_socket_msgs;/home/chinchia120/autoware.ai/install/gnss;/home/chinchia120/autoware.ai/install/autoware_msgs;/home/chinchia120/autoware.ai/install/autoware_lanelet2_msgs;/home/chinchia120/autoware.ai/install/autoware_config_msgs;/home/chinchia120/autoware.ai/install/autoware_build_flags;/home/chinchia120/catkin_ws/devel;/opt/ros/melodic
[3.089s] -- Found PythonInterp: /usr/bin/python2 (found suitable version "2.7.17", minimum required is "2") 
[3.090s] -- Using PYTHON_EXECUTABLE: /usr/bin/python2
[3.090s] -- Using Debian Python package layout
[3.092s] -- Using empy: /usr/bin/empy
[3.433s] -- Using CATKIN_ENABLE_TESTING: ON
[3.434s] -- Call enable_testing()
[3.440s] -- Using CATKIN_TEST_RESULTS_DIR: /home/chinchia120/autoware.ai/build/waypoint_maker/test_results
[3.492s] -- Found gtest sources under '/usr/src/googletest': gtests will be built
[3.493s] -- Found gmock sources under '/usr/src/googletest': gmock will be built
[3.529s] -- Found PythonInterp: /usr/bin/python2 (found version "2.7.17") 
[3.531s] -- Looking for pthread.h
[3.730s] -- Looking for pthread.h - found
[3.731s] -- Looking for pthread_create
[3.934s] -- Looking for pthread_create - not found
[3.936s] -- Looking for pthread_create in pthreads
[4.119s] -- Looking for pthread_create in pthreads - not found
[4.120s] -- Looking for pthread_create in pthread
[4.324s] -- Looking for pthread_create in pthread - found
[4.327s] -- Found Threads: TRUE  
[4.335s] -- Using Python nosetests: /usr/bin/nosetests-2.7
[4.440s] -- catkin 0.7.29
[4.440s] -- BUILD_SHARED_LIBS is on
[4.931s] -- Using these message generators: gencpp;geneus;genlisp;gennodejs;genpy
[5.884s] -- Boost version: 1.65.1
[6.248s] -- Configuring done
[6.543s] -- Generating done
[6.587s] -- Build files have been written to: /home/chinchia120/autoware.ai/build/waypoint_maker
[6.599s] Invoked command in '/home/chinchia120/autoware.ai/build/waypoint_maker' returned '0': CMAKE_PREFIX_PATH=/home/chinchia120/autoware.ai/install/lane_planner:/home/chinchia120/autoware.ai/install/lanelet2_extension:/home/chinchia120/autoware.ai/install/lanelet2_validation:/home/chinchia120/autoware.ai/install/lanelet2_routing:/home/chinchia120/autoware.ai/install/lanelet2_projection:/home/chinchia120/autoware.ai/install/libwaypoint_follower:/home/chinchia120/autoware.ai/install/lanelet2_traffic_rules:/home/chinchia120/autoware.ai/install/lanelet2_maps:/home/chinchia120/autoware.ai/install/lanelet2_io:/home/chinchia120/autoware.ai/install/vector_map:/home/chinchia120/autoware.ai/install/lanelet2_core:/home/chinchia120/autoware.ai/install/amathutils_lib:/home/chinchia120/autoware.ai/install/vector_map_msgs:/home/chinchia120/autoware.ai/install/tablet_socket_msgs:/home/chinchia120/autoware.ai/install/gnss:/home/chinchia120/autoware.ai/install/autoware_msgs:/home/chinchia120/autoware.ai/install/autoware_lanelet2_msgs:/home/chinchia120/autoware.ai/install/autoware_config_msgs:/home/chinchia120/autoware.ai/install/autoware_build_flags:${CMAKE_PREFIX_PATH} LD_LIBRARY_PATH=/home/chinchia120/autoware.ai/install/lane_planner/lib:/home/chinchia120/autoware.ai/install/lanelet2_extension/lib:/home/chinchia120/autoware.ai/install/lanelet2_validation/lib:/home/chinchia120/autoware.ai/install/lanelet2_routing/lib:/home/chinchia120/autoware.ai/install/lanelet2_projection/lib:/home/chinchia120/autoware.ai/install/libwaypoint_follower/lib:/home/chinchia120/autoware.ai/install/lanelet2_traffic_rules/lib:/home/chinchia120/autoware.ai/install/lanelet2_io/lib:/home/chinchia120/autoware.ai/install/vector_map/lib:/home/chinchia120/autoware.ai/install/lanelet2_core/lib:/home/chinchia120/autoware.ai/install/amathutils_lib/lib:/home/chinchia120/autoware.ai/install/gnss/lib:${LD_LIBRARY_PATH} PKG_CONFIG_PATH=/home/chinchia120/autoware.ai/install/lane_planner/lib/x86_64-linux-gnu/pkgconfig:/home/chinchia120/autoware.ai/install/lane_planner/lib/pkgconfig:/home/chinchia120/autoware.ai/install/lanelet2_extension/lib/x86_64-linux-gnu/pkgconfig:/home/chinchia120/autoware.ai/install/lanelet2_extension/lib/pkgconfig:/home/chinchia120/autoware.ai/install/lanelet2_validation/lib/x86_64-linux-gnu/pkgconfig:/home/chinchia120/autoware.ai/install/lanelet2_validation/lib/pkgconfig:/home/chinchia120/autoware.ai/install/lanelet2_routing/lib/x86_64-linux-gnu/pkgconfig:/home/chinchia120/autoware.ai/install/lanelet2_routing/lib/pkgconfig:/home/chinchia120/autoware.ai/install/lanelet2_projection/lib/x86_64-linux-gnu/pkgconfig:/home/chinchia120/autoware.ai/install/lanelet2_projection/lib/pkgconfig:/home/chinchia120/autoware.ai/install/libwaypoint_follower/lib/x86_64-linux-gnu/pkgconfig:/home/chinchia120/autoware.ai/install/libwaypoint_follower/lib/pkgconfig:/home/chinchia120/autoware.ai/install/lanelet2_traffic_rules/lib/x86_64-linux-gnu/pkgconfig:/home/chinchia120/autoware.ai/install/lanelet2_traffic_rules/lib/pkgconfig:/home/chinchia120/autoware.ai/install/lanelet2_maps/lib/x86_64-linux-gnu/pkgconfig:/home/chinchia120/autoware.ai/install/lanelet2_maps/lib/pkgconfig:/home/chinchia120/autoware.ai/install/lanelet2_io/lib/x86_64-linux-gnu/pkgconfig:/home/chinchia120/autoware.ai/install/lanelet2_io/lib/pkgconfig:/home/chinchia120/autoware.ai/install/vector_map/lib/x86_64-linux-gnu/pkgconfig:/home/chinchia120/autoware.ai/install/vector_map/lib/pkgconfig:/home/chinchia120/autoware.ai/install/lanelet2_core/lib/x86_64-linux-gnu/pkgconfig:/home/chinchia120/autoware.ai/install/lanelet2_core/lib/pkgconfig:/home/chinchia120/autoware.ai/install/amathutils_lib/lib/x86_64-linux-gnu/pkgconfig:/home/chinchia120/autoware.ai/install/amathutils_lib/lib/pkgconfig:/home/chinchia120/autoware.ai/install/vector_map_msgs/lib/x86_64-linux-gnu/pkgconfig:/home/chinchia120/autoware.ai/install/vector_map_msgs/lib/pkgconfig:/home/chinchia120/autoware.ai/install/tablet_socket_msgs/lib/x86_64-linux-gnu/pkgconfig:/home/chinchia120/autoware.ai/install/tablet_socket_msgs/lib/pkgconfig:/home/chinchia120/autoware.ai/install/gnss/lib/x86_64-linux-gnu/pkgconfig:/home/chinchia120/autoware.ai/install/gnss/lib/pkgconfig:/home/chinchia120/autoware.ai/install/autoware_msgs/lib/x86_64-linux-gnu/pkgconfig:/home/chinchia120/autoware.ai/install/autoware_msgs/lib/pkgconfig:/home/chinchia120/autoware.ai/install/autoware_lanelet2_msgs/lib/x86_64-linux-gnu/pkgconfig:/home/chinchia120/autoware.ai/install/autoware_lanelet2_msgs/lib/pkgconfig:/home/chinchia120/autoware.ai/install/autoware_config_msgs/lib/x86_64-linux-gnu/pkgconfig:/home/chinchia120/autoware.ai/install/autoware_config_msgs/lib/pkgconfig:/home/chinchia120/autoware.ai/install/autoware_build_flags/lib/x86_64-linux-gnu/pkgconfig:/home/chinchia120/autoware.ai/install/autoware_build_flags/lib/pkgconfig:${PKG_CONFIG_PATH} PYTHONPATH=/home/chinchia120/autoware.ai/install/vector_map_msgs/lib/python2.7/dist-packages:/home/chinchia120/autoware.ai/install/tablet_socket_msgs/lib/python2.7/dist-packages:/home/chinchia120/autoware.ai/install/autoware_msgs/lib/python2.7/dist-packages:/home/chinchia120/autoware.ai/install/autoware_lanelet2_msgs/lib/python2.7/dist-packages:/home/chinchia120/autoware.ai/install/autoware_config_msgs/lib/python2.7/dist-packages:${PYTHONPATH} ROS_PACKAGE_PATH=/home/chinchia120/autoware.ai/install/lane_planner/share:/home/chinchia120/autoware.ai/install/lanelet2_extension/share:/home/chinchia120/autoware.ai/install/lanelet2_validation/share:/home/chinchia120/autoware.ai/install/lanelet2_routing/share:/home/chinchia120/autoware.ai/install/lanelet2_projection/share:/home/chinchia120/autoware.ai/install/libwaypoint_follower/share:/home/chinchia120/autoware.ai/install/lanelet2_traffic_rules/share:/home/chinchia120/autoware.ai/install/lanelet2_maps/share:/home/chinchia120/autoware.ai/install/lanelet2_io/share:/home/chinchia120/autoware.ai/install/vector_map/share:/home/chinchia120/autoware.ai/install/lanelet2_core/share:/home/chinchia120/autoware.ai/install/amathutils_lib/share:/home/chinchia120/autoware.ai/install/vector_map_msgs/share:/home/chinchia120/autoware.ai/install/tablet_socket_msgs/share:/home/chinchia120/autoware.ai/install/gnss/share:/home/chinchia120/autoware.ai/install/autoware_msgs/share:/home/chinchia120/autoware.ai/install/autoware_lanelet2_msgs/share:/home/chinchia120/autoware.ai/install/autoware_config_msgs/share:/home/chinchia120/autoware.ai/install/autoware_build_flags/share:${ROS_PACKAGE_PATH} /usr/bin/cmake /home/chinchia120/autoware.ai/src/autoware/core_planning/waypoint_maker -DCMAKE_BUILD_TYPE=Release -DCATKIN_INSTALL_INTO_PREFIX_ROOT=0 -DCMAKE_INSTALL_PREFIX=/home/chinchia120/autoware.ai/install/waypoint_maker
[6.606s] Invoking command in '/home/chinchia120/autoware.ai/build/waypoint_maker': CMAKE_PREFIX_PATH=/home/chinchia120/autoware.ai/install/lane_planner:/home/chinchia120/autoware.ai/install/lanelet2_extension:/home/chinchia120/autoware.ai/install/lanelet2_validation:/home/chinchia120/autoware.ai/install/lanelet2_routing:/home/chinchia120/autoware.ai/install/lanelet2_projection:/home/chinchia120/autoware.ai/install/libwaypoint_follower:/home/chinchia120/autoware.ai/install/lanelet2_traffic_rules:/home/chinchia120/autoware.ai/install/lanelet2_maps:/home/chinchia120/autoware.ai/install/lanelet2_io:/home/chinchia120/autoware.ai/install/vector_map:/home/chinchia120/autoware.ai/install/lanelet2_core:/home/chinchia120/autoware.ai/install/amathutils_lib:/home/chinchia120/autoware.ai/install/vector_map_msgs:/home/chinchia120/autoware.ai/install/tablet_socket_msgs:/home/chinchia120/autoware.ai/install/gnss:/home/chinchia120/autoware.ai/install/autoware_msgs:/home/chinchia120/autoware.ai/install/autoware_lanelet2_msgs:/home/chinchia120/autoware.ai/install/autoware_config_msgs:/home/chinchia120/autoware.ai/install/autoware_build_flags:${CMAKE_PREFIX_PATH} LD_LIBRARY_PATH=/home/chinchia120/autoware.ai/install/lane_planner/lib:/home/chinchia120/autoware.ai/install/lanelet2_extension/lib:/home/chinchia120/autoware.ai/install/lanelet2_validation/lib:/home/chinchia120/autoware.ai/install/lanelet2_routing/lib:/home/chinchia120/autoware.ai/install/lanelet2_projection/lib:/home/chinchia120/autoware.ai/install/libwaypoint_follower/lib:/home/chinchia120/autoware.ai/install/lanelet2_traffic_rules/lib:/home/chinchia120/autoware.ai/install/lanelet2_io/lib:/home/chinchia120/autoware.ai/install/vector_map/lib:/home/chinchia120/autoware.ai/install/lanelet2_core/lib:/home/chinchia120/autoware.ai/install/amathutils_lib/lib:/home/chinchia120/autoware.ai/install/gnss/lib:${LD_LIBRARY_PATH} PKG_CONFIG_PATH=/home/chinchia120/autoware.ai/install/lane_planner/lib/x86_64-linux-gnu/pkgconfig:/home/chinchia120/autoware.ai/install/lane_planner/lib/pkgconfig:/home/chinchia120/autoware.ai/install/lanelet2_extension/lib/x86_64-linux-gnu/pkgconfig:/home/chinchia120/autoware.ai/install/lanelet2_extension/lib/pkgconfig:/home/chinchia120/autoware.ai/install/lanelet2_validation/lib/x86_64-linux-gnu/pkgconfig:/home/chinchia120/autoware.ai/install/lanelet2_validation/lib/pkgconfig:/home/chinchia120/autoware.ai/install/lanelet2_routing/lib/x86_64-linux-gnu/pkgconfig:/home/chinchia120/autoware.ai/install/lanelet2_routing/lib/pkgconfig:/home/chinchia120/autoware.ai/install/lanelet2_projection/lib/x86_64-linux-gnu/pkgconfig:/home/chinchia120/autoware.ai/install/lanelet2_projection/lib/pkgconfig:/home/chinchia120/autoware.ai/install/libwaypoint_follower/lib/x86_64-linux-gnu/pkgconfig:/home/chinchia120/autoware.ai/install/libwaypoint_follower/lib/pkgconfig:/home/chinchia120/autoware.ai/install/lanelet2_traffic_rules/lib/x86_64-linux-gnu/pkgconfig:/home/chinchia120/autoware.ai/install/lanelet2_traffic_rules/lib/pkgconfig:/home/chinchia120/autoware.ai/install/lanelet2_maps/lib/x86_64-linux-gnu/pkgconfig:/home/chinchia120/autoware.ai/install/lanelet2_maps/lib/pkgconfig:/home/chinchia120/autoware.ai/install/lanelet2_io/lib/x86_64-linux-gnu/pkgconfig:/home/chinchia120/autoware.ai/install/lanelet2_io/lib/pkgconfig:/home/chinchia120/autoware.ai/install/vector_map/lib/x86_64-linux-gnu/pkgconfig:/home/chinchia120/autoware.ai/install/vector_map/lib/pkgconfig:/home/chinchia120/autoware.ai/install/lanelet2_core/lib/x86_64-linux-gnu/pkgconfig:/home/chinchia120/autoware.ai/install/lanelet2_core/lib/pkgconfig:/home/chinchia120/autoware.ai/install/amathutils_lib/lib/x86_64-linux-gnu/pkgconfig:/home/chinchia120/autoware.ai/install/amathutils_lib/lib/pkgconfig:/home/chinchia120/autoware.ai/install/vector_map_msgs/lib/x86_64-linux-gnu/pkgconfig:/home/chinchia120/autoware.ai/install/vector_map_msgs/lib/pkgconfig:/home/chinchia120/autoware.ai/install/tablet_socket_msgs/lib/x86_64-linux-gnu/pkgconfig:/home/chinchia120/autoware.ai/install/tablet_socket_msgs/lib/pkgconfig:/home/chinchia120/autoware.ai/install/gnss/lib/x86_64-linux-gnu/pkgconfig:/home/chinchia120/autoware.ai/install/gnss/lib/pkgconfig:/home/chinchia120/autoware.ai/install/autoware_msgs/lib/x86_64-linux-gnu/pkgconfig:/home/chinchia120/autoware.ai/install/autoware_msgs/lib/pkgconfig:/home/chinchia120/autoware.ai/install/autoware_lanelet2_msgs/lib/x86_64-linux-gnu/pkgconfig:/home/chinchia120/autoware.ai/install/autoware_lanelet2_msgs/lib/pkgconfig:/home/chinchia120/autoware.ai/install/autoware_config_msgs/lib/x86_64-linux-gnu/pkgconfig:/home/chinchia120/autoware.ai/install/autoware_config_msgs/lib/pkgconfig:/home/chinchia120/autoware.ai/install/autoware_build_flags/lib/x86_64-linux-gnu/pkgconfig:/home/chinchia120/autoware.ai/install/autoware_build_flags/lib/pkgconfig:${PKG_CONFIG_PATH} PYTHONPATH=/home/chinchia120/autoware.ai/install/vector_map_msgs/lib/python2.7/dist-packages:/home/chinchia120/autoware.ai/install/tablet_socket_msgs/lib/python2.7/dist-packages:/home/chinchia120/autoware.ai/install/autoware_msgs/lib/python2.7/dist-packages:/home/chinchia120/autoware.ai/install/autoware_lanelet2_msgs/lib/python2.7/dist-packages:/home/chinchia120/autoware.ai/install/autoware_config_msgs/lib/python2.7/dist-packages:${PYTHONPATH} ROS_PACKAGE_PATH=/home/chinchia120/autoware.ai/install/lane_planner/share:/home/chinchia120/autoware.ai/install/lanelet2_extension/share:/home/chinchia120/autoware.ai/install/lanelet2_validation/share:/home/chinchia120/autoware.ai/install/lanelet2_routing/share:/home/chinchia120/autoware.ai/install/lanelet2_projection/share:/home/chinchia120/autoware.ai/install/libwaypoint_follower/share:/home/chinchia120/autoware.ai/install/lanelet2_traffic_rules/share:/home/chinchia120/autoware.ai/install/lanelet2_maps/share:/home/chinchia120/autoware.ai/install/lanelet2_io/share:/home/chinchia120/autoware.ai/install/vector_map/share:/home/chinchia120/autoware.ai/install/lanelet2_core/share:/home/chinchia120/autoware.ai/install/amathutils_lib/share:/home/chinchia120/autoware.ai/install/vector_map_msgs/share:/home/chinchia120/autoware.ai/install/tablet_socket_msgs/share:/home/chinchia120/autoware.ai/install/gnss/share:/home/chinchia120/autoware.ai/install/autoware_msgs/share:/home/chinchia120/autoware.ai/install/autoware_lanelet2_msgs/share:/home/chinchia120/autoware.ai/install/autoware_config_msgs/share:/home/chinchia120/autoware.ai/install/autoware_build_flags/share:${ROS_PACKAGE_PATH} /usr/bin/cmake --build /home/chinchia120/autoware.ai/build/waypoint_maker -- -j4 -l4
[6.723s] [35m[1mScanning dependencies of target nav_msgs_generate_messages_cpp[0m
[6.760s] [  0%] Built target nav_msgs_generate_messages_cpp
[6.790s] [35m[1mScanning dependencies of target vector_map_msgs_generate_messages_lisp[0m
[6.825s] [  0%] Built target vector_map_msgs_generate_messages_lisp
[6.856s] [35m[1mScanning dependencies of target vector_map_msgs_generate_messages_eus[0m
[6.887s] [  0%] Built target vector_map_msgs_generate_messages_eus
[6.921s] [35m[1mScanning dependencies of target vector_map_msgs_generate_messages_cpp[0m
[6.958s] [  0%] Built target vector_map_msgs_generate_messages_cpp
[6.987s] [35m[1mScanning dependencies of target visualization_msgs_generate_messages_py[0m
[7.031s] [  0%] Built target visualization_msgs_generate_messages_py
[7.062s] [35m[1mScanning dependencies of target visualization_msgs_generate_messages_eus[0m
[7.094s] [  0%] Built target visualization_msgs_generate_messages_eus
[7.130s] [35m[1mScanning dependencies of target visualization_msgs_generate_messages_nodejs[0m
[7.166s] [  0%] Built target visualization_msgs_generate_messages_nodejs
[7.203s] [35m[1mScanning dependencies of target tablet_socket_msgs_generate_messages_lisp[0m
[7.239s] [  0%] Built target tablet_socket_msgs_generate_messages_lisp
[7.274s] [35m[1mScanning dependencies of target nav_msgs_generate_messages_nodejs[0m
[7.308s] [  0%] Built target nav_msgs_generate_messages_nodejs
[7.333s] [35m[1mScanning dependencies of target geometry_msgs_generate_messages_py[0m
[7.369s] [  0%] Built target geometry_msgs_generate_messages_py
[7.403s] [35m[1mScanning dependencies of target sensor_msgs_generate_messages_nodejs[0m
[7.438s] [  0%] Built target sensor_msgs_generate_messages_nodejs
[7.469s] [35m[1mScanning dependencies of target roscpp_generate_messages_cpp[0m
[7.503s] [  0%] Built target roscpp_generate_messages_cpp
[7.531s] [35m[1mScanning dependencies of target actionlib_generate_messages_cpp[0m
[7.563s] [  0%] Built target actionlib_generate_messages_cpp
[7.595s] [35m[1mScanning dependencies of target pcl_msgs_generate_messages_eus[0m
[7.625s] [  0%] Built target pcl_msgs_generate_messages_eus
[7.650s] [35m[1mScanning dependencies of target rosgraph_msgs_generate_messages_eus[0m
[7.682s] [  0%] Built target rosgraph_msgs_generate_messages_eus
[7.710s] [35m[1mScanning dependencies of target jsk_recognition_msgs_generate_messages_lisp[0m
[7.761s] [  0%] Built target jsk_recognition_msgs_generate_messages_lisp
[7.798s] [35m[1mScanning dependencies of target jsk_recognition_msgs_generate_messages_eus[0m
[7.834s] [  0%] Built target jsk_recognition_msgs_generate_messages_eus
[7.864s] [35m[1mScanning dependencies of target tf2_msgs_generate_messages_cpp[0m
[7.899s] [  0%] Built target tf2_msgs_generate_messages_cpp
[7.928s] [35m[1mScanning dependencies of target std_msgs_generate_messages_py[0m
[7.957s] [  0%] Built target std_msgs_generate_messages_py
[7.986s] [35m[1mScanning dependencies of target autoware_msgs_generate_messages_py[0m
[8.022s] [  0%] Built target autoware_msgs_generate_messages_py
[8.061s] [35m[1mScanning dependencies of target std_msgs_generate_messages_nodejs[0m
[8.103s] [  0%] Built target std_msgs_generate_messages_nodejs
[8.135s] [35m[1mScanning dependencies of target sensor_msgs_generate_messages_eus[0m
[8.171s] [  0%] Built target sensor_msgs_generate_messages_eus
[8.207s] [35m[1mScanning dependencies of target _catkin_empty_exported_target[0m
[8.249s] [  0%] Built target _catkin_empty_exported_target
[8.298s] [35m[1mScanning dependencies of target sensor_msgs_generate_messages_cpp[0m
[8.334s] [  0%] Built target sensor_msgs_generate_messages_cpp
[8.365s] [35m[1mScanning dependencies of target autoware_msgs_generate_messages_cpp[0m
[8.410s] [  0%] Built target autoware_msgs_generate_messages_cpp
[8.442s] [35m[1mScanning dependencies of target rosgraph_msgs_generate_messages_cpp[0m
[8.475s] [  0%] Built target rosgraph_msgs_generate_messages_cpp
[8.505s] [35m[1mScanning dependencies of target nav_msgs_generate_messages_lisp[0m
[8.535s] [  0%] Built target nav_msgs_generate_messages_lisp
[8.567s] [35m[1mScanning dependencies of target pcl_msgs_generate_messages_nodejs[0m
[8.607s] [  0%] Built target pcl_msgs_generate_messages_nodejs
[8.654s] [35m[1mScanning dependencies of target jsk_recognition_msgs_generate_messages_py[0m
[8.696s] [  0%] Built target jsk_recognition_msgs_generate_messages_py
[8.733s] [35m[1mScanning dependencies of target sensor_msgs_generate_messages_py[0m
[8.768s] [  0%] Built target sensor_msgs_generate_messages_py
[8.795s] [35m[1mScanning dependencies of target tablet_socket_msgs_generate_messages_nodejs[0m
[8.830s] [  0%] Built target tablet_socket_msgs_generate_messages_nodejs
[8.865s] [35m[1mScanning dependencies of target tf_generate_messages_py[0m
[8.902s] [  0%] Built target tf_generate_messages_py
[8.939s] [35m[1mScanning dependencies of target std_msgs_generate_messages_cpp[0m
[8.987s] [  0%] Built target std_msgs_generate_messages_cpp
[9.018s] [35m[1mScanning dependencies of target tablet_socket_msgs_generate_messages_py[0m
[9.049s] [  0%] Built target tablet_socket_msgs_generate_messages_py
[9.081s] [35m[1mScanning dependencies of target jsk_footstep_msgs_generate_messages_py[0m
[9.120s] [  0%] Built target jsk_footstep_msgs_generate_messages_py
[9.165s] [35m[1mScanning dependencies of target actionlib_msgs_generate_messages_nodejs[0m
[9.207s] [  0%] Built target actionlib_msgs_generate_messages_nodejs
[9.245s] [35m[1mScanning dependencies of target geometry_msgs_generate_messages_eus[0m
[9.278s] [  0%] Built target geometry_msgs_generate_messages_eus
[9.314s] [35m[1mScanning dependencies of target std_msgs_generate_messages_lisp[0m
[9.373s] [  0%] Built target std_msgs_generate_messages_lisp
[9.409s] [35m[1mScanning dependencies of target roscpp_generate_messages_nodejs[0m
[9.446s] [  0%] Built target roscpp_generate_messages_nodejs
[9.487s] [35m[1mScanning dependencies of target geometry_msgs_generate_messages_nodejs[0m
[9.514s] [  0%] Built target geometry_msgs_generate_messages_nodejs
[9.539s] [35m[1mScanning dependencies of target geometry_msgs_generate_messages_lisp[0m
[9.583s] [  0%] Built target geometry_msgs_generate_messages_lisp
[9.618s] [35m[1mScanning dependencies of target pcl_msgs_generate_messages_cpp[0m
[9.654s] [  0%] Built target pcl_msgs_generate_messages_cpp
[9.683s] [35m[1mScanning dependencies of target jsk_recognition_msgs_generate_messages_cpp[0m
[9.732s] [  0%] Built target jsk_recognition_msgs_generate_messages_cpp
[9.768s] [35m[1mScanning dependencies of target autoware_msgs_generate_messages_eus[0m
[9.805s] [  0%] Built target autoware_msgs_generate_messages_eus
[9.835s] [35m[1mScanning dependencies of target autoware_msgs_generate_messages_lisp[0m
[9.874s] [  0%] Built target autoware_msgs_generate_messages_lisp
[9.904s] [35m[1mScanning dependencies of target visualization_msgs_generate_messages_lisp[0m
[9.941s] [  0%] Built target visualization_msgs_generate_messages_lisp
[9.972s] [35m[1mScanning dependencies of target std_msgs_generate_messages_eus[0m
[10.004s] [  0%] Built target std_msgs_generate_messages_eus
[10.039s] [35m[1mScanning dependencies of target autoware_msgs_generate_messages_nodejs[0m
[10.074s] [  0%] Built target autoware_msgs_generate_messages_nodejs
[10.112s] [35m[1mScanning dependencies of target jsk_footstep_msgs_generate_messages_eus[0m
[10.145s] [  0%] Built target jsk_footstep_msgs_generate_messages_eus
[10.172s] [35m[1mScanning dependencies of target actionlib_msgs_generate_messages_py[0m
[10.202s] [  0%] Built target actionlib_msgs_generate_messages_py
[10.235s] [35m[1mScanning dependencies of target autoware_config_msgs_generate_messages_eus[0m
[10.271s] [  0%] Built target autoware_config_msgs_generate_messages_eus
[10.300s] [35m[1mScanning dependencies of target jsk_footstep_msgs_generate_messages_lisp[0m
[10.334s] [  0%] Built target jsk_footstep_msgs_generate_messages_lisp
[10.378s] [35m[1mScanning dependencies of target jsk_footstep_msgs_generate_messages_nodejs[0m
[10.417s] [  0%] Built target jsk_footstep_msgs_generate_messages_nodejs
[10.449s] [35m[1mScanning dependencies of target actionlib_msgs_generate_messages_lisp[0m
[10.483s] [  0%] Built target actionlib_msgs_generate_messages_lisp
[10.520s] [35m[1mScanning dependencies of target jsk_footstep_msgs_generate_messages_cpp[0m
[10.558s] [  0%] Built target jsk_footstep_msgs_generate_messages_cpp
[10.585s] [35m[1mScanning dependencies of target actionlib_msgs_generate_messages_cpp[0m
[10.623s] [  0%] Built target actionlib_msgs_generate_messages_cpp
[10.652s] [35m[1mScanning dependencies of target tf_generate_messages_eus[0m
[10.686s] [  0%] Built target tf_generate_messages_eus
[10.718s] [35m[1mScanning dependencies of target tf_generate_messages_lisp[0m
[10.762s] [  0%] Built target tf_generate_messages_lisp
[10.796s] [35m[1mScanning dependencies of target autoware_config_msgs_generate_messages_nodejs[0m
[10.835s] [  0%] Built target autoware_config_msgs_generate_messages_nodejs
[10.863s] [35m[1mScanning dependencies of target tf_generate_messages_nodejs[0m
[10.895s] [  0%] Built target tf_generate_messages_nodejs
[10.925s] [35m[1mScanning dependencies of target jsk_recognition_msgs_generate_messages_nodejs[0m
[10.948s] [  0%] Built target jsk_recognition_msgs_generate_messages_nodejs
[10.978s] [35m[1mScanning dependencies of target roscpp_generate_messages_lisp[0m
[11.010s] [  0%] Built target roscpp_generate_messages_lisp
[11.035s] [35m[1mScanning dependencies of target roscpp_generate_messages_py[0m
[11.062s] [  0%] Built target roscpp_generate_messages_py
[11.087s] [35m[1mScanning dependencies of target rosgraph_msgs_generate_messages_lisp[0m
[11.119s] [  0%] Built target rosgraph_msgs_generate_messages_lisp
[11.149s] [35m[1mScanning dependencies of target autoware_config_msgs_generate_messages_cpp[0m
[11.176s] [  0%] Built target autoware_config_msgs_generate_messages_cpp
[11.205s] [35m[1mScanning dependencies of target rosgraph_msgs_generate_messages_nodejs[0m
[11.241s] [  0%] Built target rosgraph_msgs_generate_messages_nodejs
[11.274s] [35m[1mScanning dependencies of target roscpp_generate_messages_eus[0m
[11.303s] [  0%] Built target roscpp_generate_messages_eus
[11.334s] [35m[1mScanning dependencies of target actionlib_msgs_generate_messages_eus[0m
[11.368s] [  0%] Built target actionlib_msgs_generate_messages_eus
[11.404s] [35m[1mScanning dependencies of target rosgraph_msgs_generate_messages_py[0m
[11.443s] [  0%] Built target rosgraph_msgs_generate_messages_py
[11.470s] [35m[1mScanning dependencies of target autoware_config_msgs_generate_messages_py[0m
[11.505s] [  0%] Built target autoware_config_msgs_generate_messages_py
[11.533s] [35m[1mScanning dependencies of target pcl_msgs_generate_messages_py[0m
[11.574s] [  0%] Built target pcl_msgs_generate_messages_py
[11.612s] [35m[1mScanning dependencies of target actionlib_generate_messages_eus[0m
[11.653s] [  0%] Built target actionlib_generate_messages_eus
[11.688s] [35m[1mScanning dependencies of target geometry_msgs_generate_messages_cpp[0m
[11.734s] [  0%] Built target geometry_msgs_generate_messages_cpp
[11.764s] [35m[1mScanning dependencies of target actionlib_generate_messages_lisp[0m
[11.808s] [  0%] Built target actionlib_generate_messages_lisp
[11.850s] [35m[1mScanning dependencies of target pcl_msgs_generate_messages_lisp[0m
[11.884s] [  0%] Built target pcl_msgs_generate_messages_lisp
[11.920s] [35m[1mScanning dependencies of target tf_generate_messages_cpp[0m
[11.956s] [  0%] Built target tf_generate_messages_cpp
[11.988s] [35m[1mScanning dependencies of target actionlib_generate_messages_nodejs[0m
[12.023s] [  0%] Built target actionlib_generate_messages_nodejs
[12.060s] [35m[1mScanning dependencies of target visualization_msgs_generate_messages_cpp[0m
[12.101s] [  0%] Built target visualization_msgs_generate_messages_cpp
[12.134s] [35m[1mScanning dependencies of target tablet_socket_msgs_generate_messages_eus[0m
[12.169s] [  0%] Built target tablet_socket_msgs_generate_messages_eus
[12.201s] [35m[1mScanning dependencies of target nav_msgs_generate_messages_eus[0m
[12.234s] [  0%] Built target nav_msgs_generate_messages_eus
[12.273s] [35m[1mScanning dependencies of target tf2_msgs_generate_messages_eus[0m
[12.309s] [  0%] Built target tf2_msgs_generate_messages_eus
[12.346s] [35m[1mScanning dependencies of target nav_msgs_generate_messages_py[0m
[12.380s] [  0%] Built target nav_msgs_generate_messages_py
[12.421s] [35m[1mScanning dependencies of target tf2_msgs_generate_messages_lisp[0m
[12.451s] [  0%] Built target tf2_msgs_generate_messages_lisp
[12.482s] [35m[1mScanning dependencies of target actionlib_generate_messages_py[0m
[12.526s] [  0%] Built target actionlib_generate_messages_py
[12.560s] [35m[1mScanning dependencies of target tf2_msgs_generate_messages_py[0m
[12.594s] [  0%] Built target tf2_msgs_generate_messages_py
[12.629s] [35m[1mScanning dependencies of target tf2_msgs_generate_messages_nodejs[0m
[12.666s] [  0%] Built target tf2_msgs_generate_messages_nodejs
[12.695s] [35m[1mScanning dependencies of target tablet_socket_msgs_generate_messages_cpp[0m
[12.728s] [  0%] Built target tablet_socket_msgs_generate_messages_cpp
[12.764s] [35m[1mScanning dependencies of target autoware_config_msgs_generate_messages_lisp[0m
[12.801s] [  0%] Built target autoware_config_msgs_generate_messages_lisp
[12.835s] [35m[1mScanning dependencies of target sensor_msgs_generate_messages_lisp[0m
[12.865s] [  0%] Built target sensor_msgs_generate_messages_lisp
[12.907s] [35m[1mScanning dependencies of target waypoint_clicker[0m
[13.005s] [  5%] [32mBuilding CXX object CMakeFiles/waypoint_clicker.dir/nodes/waypoint_clicker/waypoint_clicker.cpp.o[0m
[26.668s] [ 10%] [32m[1mLinking CXX executable devel/lib/waypoint_maker/waypoint_clicker[0m
[27.087s] [ 10%] Built target waypoint_clicker
[27.117s] [35m[1mScanning dependencies of target vector_map_msgs_generate_messages_nodejs[0m
[27.146s] [ 10%] Built target vector_map_msgs_generate_messages_nodejs
[27.179s] [35m[1mScanning dependencies of target vector_map_msgs_generate_messages_py[0m
[27.205s] [ 10%] Built target vector_map_msgs_generate_messages_py
[27.238s] [35m[1mScanning dependencies of target waypoint_marker_publisher[0m
[27.321s] [ 15%] [32mBuilding CXX object CMakeFiles/waypoint_marker_publisher.dir/nodes/waypoint_marker_publisher/waypoint_marker_publisher.cpp.o[0m
[34.023s] [01m[K/home/chinchia120/autoware.ai/src/autoware/core_planning/waypoint_maker/nodes/waypoint_marker_publisher/waypoint_marker_publisher.cpp:223:6:[m[K [01;35m[Kwarning: [m[K‘[01m[Kvoid {anonymous}::createGlobalLaneArrayMarker(std_msgs::ColorRGBA, const LaneArray&)[m[K’ defined but not used [[01;35m[K-Wunused-function[m[K]
[34.023s]  void [01;35m[KcreateGlobalLaneArrayMarker[m[K(std_msgs::ColorRGBA color, const autoware_msgs::LaneArray& lane_waypoints_array)
[34.023s]       [01;35m[K^~~~~~~~~~~~~~~~~~~~~~~~~~~[m[K
[40.815s] [ 20%] [32m[1mLinking CXX executable devel/lib/waypoint_maker/waypoint_marker_publisher[0m
[41.147s] [ 20%] Built target waypoint_marker_publisher
[41.177s] [35m[1mScanning dependencies of target waypoint_saver[0m
[41.375s] [ 25%] [32mBuilding CXX object CMakeFiles/waypoint_saver.dir/nodes/waypoint_saver/waypoint_saver.cpp.o[0m
[61.158s] [ 30%] [32m[1mLinking CXX executable devel/lib/waypoint_maker/waypoint_saver[0m
[61.557s] [ 30%] Built target waypoint_saver
[61.590s] [35m[1mScanning dependencies of target waypoint_creator[0m
[61.669s] [ 35%] [32mBuilding CXX object CMakeFiles/waypoint_creator.dir/nodes/waypoint_creator/waypoint_creator_node.cpp.o[0m
[70.086s] [ 40%] [32mBuilding CXX object CMakeFiles/waypoint_creator.dir/nodes/waypoint_creator/waypoint_creator_core.cpp.o[0m
[83.038s] [ 45%] [32mBuilding CXX object CMakeFiles/waypoint_creator.dir/nodes/waypoint_creator/interpolate.cpp.o[0m
[84.404s] [ 50%] [32m[1mLinking CXX executable devel/lib/waypoint_maker/waypoint_creator[0m
[84.865s] [ 50%] Built target waypoint_creator
[84.901s] [35m[1mScanning dependencies of target waypoint_velocity_visualizer[0m
[84.987s] [ 55%] [32mBuilding CXX object CMakeFiles/waypoint_velocity_visualizer.dir/nodes/waypoint_velocity_visualizer/waypoint_velocity_visualizer.cpp.o[0m
[107.451s] [ 60%] [32m[1mLinking CXX executable devel/lib/waypoint_maker/waypoint_velocity_visualizer[0m
[107.816s] [ 60%] Built target waypoint_velocity_visualizer
[107.839s] [35m[1mScanning dependencies of target waypoint_replanner[0m
[107.914s] [ 65%] [32mBuilding CXX object CMakeFiles/waypoint_replanner.dir/nodes/waypoint_replanner/waypoint_replanner.cpp.o[0m
[117.629s] [ 70%] [32mBuilding CXX object CMakeFiles/waypoint_replanner.dir/nodes/waypoint_replanner/waypoint_replanner_node.cpp.o[0m
[127.869s] [ 75%] [32m[1mLinking CXX executable devel/lib/waypoint_maker/waypoint_replanner[0m
[128.288s] [ 75%] Built target waypoint_replanner
[128.322s] [35m[1mScanning dependencies of target waypoint_loader[0m
[128.389s] [ 80%] [32mBuilding CXX object CMakeFiles/waypoint_loader.dir/nodes/waypoint_loader/waypoint_loader_core.cpp.o[0m
[135.284s] [ 85%] [32mBuilding CXX object CMakeFiles/waypoint_loader.dir/nodes/waypoint_loader/waypoint_loader_node.cpp.o[0m
[138.027s] [ 90%] [32m[1mLinking CXX executable devel/lib/waypoint_maker/waypoint_loader[0m
[138.363s] [ 90%] Built target waypoint_loader
[138.399s] [35m[1mScanning dependencies of target waypoint_extractor[0m
[138.458s] [ 95%] [32mBuilding CXX object CMakeFiles/waypoint_extractor.dir/nodes/waypoint_extractor/waypoint_extractor.cpp.o[0m
[144.568s] [100%] [32m[1mLinking CXX executable devel/lib/waypoint_maker/waypoint_extractor[0m
[144.866s] [100%] Built target waypoint_extractor
[144.899s] Invoked command in '/home/chinchia120/autoware.ai/build/waypoint_maker' returned '0': CMAKE_PREFIX_PATH=/home/chinchia120/autoware.ai/install/lane_planner:/home/chinchia120/autoware.ai/install/lanelet2_extension:/home/chinchia120/autoware.ai/install/lanelet2_validation:/home/chinchia120/autoware.ai/install/lanelet2_routing:/home/chinchia120/autoware.ai/install/lanelet2_projection:/home/chinchia120/autoware.ai/install/libwaypoint_follower:/home/chinchia120/autoware.ai/install/lanelet2_traffic_rules:/home/chinchia120/autoware.ai/install/lanelet2_maps:/home/chinchia120/autoware.ai/install/lanelet2_io:/home/chinchia120/autoware.ai/install/vector_map:/home/chinchia120/autoware.ai/install/lanelet2_core:/home/chinchia120/autoware.ai/install/amathutils_lib:/home/chinchia120/autoware.ai/install/vector_map_msgs:/home/chinchia120/autoware.ai/install/tablet_socket_msgs:/home/chinchia120/autoware.ai/install/gnss:/home/chinchia120/autoware.ai/install/autoware_msgs:/home/chinchia120/autoware.ai/install/autoware_lanelet2_msgs:/home/chinchia120/autoware.ai/install/autoware_config_msgs:/home/chinchia120/autoware.ai/install/autoware_build_flags:${CMAKE_PREFIX_PATH} LD_LIBRARY_PATH=/home/chinchia120/autoware.ai/install/lane_planner/lib:/home/chinchia120/autoware.ai/install/lanelet2_extension/lib:/home/chinchia120/autoware.ai/install/lanelet2_validation/lib:/home/chinchia120/autoware.ai/install/lanelet2_routing/lib:/home/chinchia120/autoware.ai/install/lanelet2_projection/lib:/home/chinchia120/autoware.ai/install/libwaypoint_follower/lib:/home/chinchia120/autoware.ai/install/lanelet2_traffic_rules/lib:/home/chinchia120/autoware.ai/install/lanelet2_io/lib:/home/chinchia120/autoware.ai/install/vector_map/lib:/home/chinchia120/autoware.ai/install/lanelet2_core/lib:/home/chinchia120/autoware.ai/install/amathutils_lib/lib:/home/chinchia120/autoware.ai/install/gnss/lib:${LD_LIBRARY_PATH} PKG_CONFIG_PATH=/home/chinchia120/autoware.ai/install/lane_planner/lib/x86_64-linux-gnu/pkgconfig:/home/chinchia120/autoware.ai/install/lane_planner/lib/pkgconfig:/home/chinchia120/autoware.ai/install/lanelet2_extension/lib/x86_64-linux-gnu/pkgconfig:/home/chinchia120/autoware.ai/install/lanelet2_extension/lib/pkgconfig:/home/chinchia120/autoware.ai/install/lanelet2_validation/lib/x86_64-linux-gnu/pkgconfig:/home/chinchia120/autoware.ai/install/lanelet2_validation/lib/pkgconfig:/home/chinchia120/autoware.ai/install/lanelet2_routing/lib/x86_64-linux-gnu/pkgconfig:/home/chinchia120/autoware.ai/install/lanelet2_routing/lib/pkgconfig:/home/chinchia120/autoware.ai/install/lanelet2_projection/lib/x86_64-linux-gnu/pkgconfig:/home/chinchia120/autoware.ai/install/lanelet2_projection/lib/pkgconfig:/home/chinchia120/autoware.ai/install/libwaypoint_follower/lib/x86_64-linux-gnu/pkgconfig:/home/chinchia120/autoware.ai/install/libwaypoint_follower/lib/pkgconfig:/home/chinchia120/autoware.ai/install/lanelet2_traffic_rules/lib/x86_64-linux-gnu/pkgconfig:/home/chinchia120/autoware.ai/install/lanelet2_traffic_rules/lib/pkgconfig:/home/chinchia120/autoware.ai/install/lanelet2_maps/lib/x86_64-linux-gnu/pkgconfig:/home/chinchia120/autoware.ai/install/lanelet2_maps/lib/pkgconfig:/home/chinchia120/autoware.ai/install/lanelet2_io/lib/x86_64-linux-gnu/pkgconfig:/home/chinchia120/autoware.ai/install/lanelet2_io/lib/pkgconfig:/home/chinchia120/autoware.ai/install/vector_map/lib/x86_64-linux-gnu/pkgconfig:/home/chinchia120/autoware.ai/install/vector_map/lib/pkgconfig:/home/chinchia120/autoware.ai/install/lanelet2_core/lib/x86_64-linux-gnu/pkgconfig:/home/chinchia120/autoware.ai/install/lanelet2_core/lib/pkgconfig:/home/chinchia120/autoware.ai/install/amathutils_lib/lib/x86_64-linux-gnu/pkgconfig:/home/chinchia120/autoware.ai/install/amathutils_lib/lib/pkgconfig:/home/chinchia120/autoware.ai/install/vector_map_msgs/lib/x86_64-linux-gnu/pkgconfig:/home/chinchia120/autoware.ai/install/vector_map_msgs/lib/pkgconfig:/home/chinchia120/autoware.ai/install/tablet_socket_msgs/lib/x86_64-linux-gnu/pkgconfig:/home/chinchia120/autoware.ai/install/tablet_socket_msgs/lib/pkgconfig:/home/chinchia120/autoware.ai/install/gnss/lib/x86_64-linux-gnu/pkgconfig:/home/chinchia120/autoware.ai/install/gnss/lib/pkgconfig:/home/chinchia120/autoware.ai/install/autoware_msgs/lib/x86_64-linux-gnu/pkgconfig:/home/chinchia120/autoware.ai/install/autoware_msgs/lib/pkgconfig:/home/chinchia120/autoware.ai/install/autoware_lanelet2_msgs/lib/x86_64-linux-gnu/pkgconfig:/home/chinchia120/autoware.ai/install/autoware_lanelet2_msgs/lib/pkgconfig:/home/chinchia120/autoware.ai/install/autoware_config_msgs/lib/x86_64-linux-gnu/pkgconfig:/home/chinchia120/autoware.ai/install/autoware_config_msgs/lib/pkgconfig:/home/chinchia120/autoware.ai/install/autoware_build_flags/lib/x86_64-linux-gnu/pkgconfig:/home/chinchia120/autoware.ai/install/autoware_build_flags/lib/pkgconfig:${PKG_CONFIG_PATH} PYTHONPATH=/home/chinchia120/autoware.ai/install/vector_map_msgs/lib/python2.7/dist-packages:/home/chinchia120/autoware.ai/install/tablet_socket_msgs/lib/python2.7/dist-packages:/home/chinchia120/autoware.ai/install/autoware_msgs/lib/python2.7/dist-packages:/home/chinchia120/autoware.ai/install/autoware_lanelet2_msgs/lib/python2.7/dist-packages:/home/chinchia120/autoware.ai/install/autoware_config_msgs/lib/python2.7/dist-packages:${PYTHONPATH} ROS_PACKAGE_PATH=/home/chinchia120/autoware.ai/install/lane_planner/share:/home/chinchia120/autoware.ai/install/lanelet2_extension/share:/home/chinchia120/autoware.ai/install/lanelet2_validation/share:/home/chinchia120/autoware.ai/install/lanelet2_routing/share:/home/chinchia120/autoware.ai/install/lanelet2_projection/share:/home/chinchia120/autoware.ai/install/libwaypoint_follower/share:/home/chinchia120/autoware.ai/install/lanelet2_traffic_rules/share:/home/chinchia120/autoware.ai/install/lanelet2_maps/share:/home/chinchia120/autoware.ai/install/lanelet2_io/share:/home/chinchia120/autoware.ai/install/vector_map/share:/home/chinchia120/autoware.ai/install/lanelet2_core/share:/home/chinchia120/autoware.ai/install/amathutils_lib/share:/home/chinchia120/autoware.ai/install/vector_map_msgs/share:/home/chinchia120/autoware.ai/install/tablet_socket_msgs/share:/home/chinchia120/autoware.ai/install/gnss/share:/home/chinchia120/autoware.ai/install/autoware_msgs/share:/home/chinchia120/autoware.ai/install/autoware_lanelet2_msgs/share:/home/chinchia120/autoware.ai/install/autoware_config_msgs/share:/home/chinchia120/autoware.ai/install/autoware_build_flags/share:${ROS_PACKAGE_PATH} /usr/bin/cmake --build /home/chinchia120/autoware.ai/build/waypoint_maker -- -j4 -l4
[145.308s] Invoking command in '/home/chinchia120/autoware.ai/build/waypoint_maker': CMAKE_PREFIX_PATH=/home/chinchia120/autoware.ai/install/lane_planner:/home/chinchia120/autoware.ai/install/lanelet2_extension:/home/chinchia120/autoware.ai/install/lanelet2_validation:/home/chinchia120/autoware.ai/install/lanelet2_routing:/home/chinchia120/autoware.ai/install/lanelet2_projection:/home/chinchia120/autoware.ai/install/libwaypoint_follower:/home/chinchia120/autoware.ai/install/lanelet2_traffic_rules:/home/chinchia120/autoware.ai/install/lanelet2_maps:/home/chinchia120/autoware.ai/install/lanelet2_io:/home/chinchia120/autoware.ai/install/vector_map:/home/chinchia120/autoware.ai/install/lanelet2_core:/home/chinchia120/autoware.ai/install/amathutils_lib:/home/chinchia120/autoware.ai/install/vector_map_msgs:/home/chinchia120/autoware.ai/install/tablet_socket_msgs:/home/chinchia120/autoware.ai/install/gnss:/home/chinchia120/autoware.ai/install/autoware_msgs:/home/chinchia120/autoware.ai/install/autoware_lanelet2_msgs:/home/chinchia120/autoware.ai/install/autoware_config_msgs:/home/chinchia120/autoware.ai/install/autoware_build_flags:${CMAKE_PREFIX_PATH} LD_LIBRARY_PATH=/home/chinchia120/autoware.ai/install/lane_planner/lib:/home/chinchia120/autoware.ai/install/lanelet2_extension/lib:/home/chinchia120/autoware.ai/install/lanelet2_validation/lib:/home/chinchia120/autoware.ai/install/lanelet2_routing/lib:/home/chinchia120/autoware.ai/install/lanelet2_projection/lib:/home/chinchia120/autoware.ai/install/libwaypoint_follower/lib:/home/chinchia120/autoware.ai/install/lanelet2_traffic_rules/lib:/home/chinchia120/autoware.ai/install/lanelet2_io/lib:/home/chinchia120/autoware.ai/install/vector_map/lib:/home/chinchia120/autoware.ai/install/lanelet2_core/lib:/home/chinchia120/autoware.ai/install/amathutils_lib/lib:/home/chinchia120/autoware.ai/install/gnss/lib:${LD_LIBRARY_PATH} PKG_CONFIG_PATH=/home/chinchia120/autoware.ai/install/lane_planner/lib/x86_64-linux-gnu/pkgconfig:/home/chinchia120/autoware.ai/install/lane_planner/lib/pkgconfig:/home/chinchia120/autoware.ai/install/lanelet2_extension/lib/x86_64-linux-gnu/pkgconfig:/home/chinchia120/autoware.ai/install/lanelet2_extension/lib/pkgconfig:/home/chinchia120/autoware.ai/install/lanelet2_validation/lib/x86_64-linux-gnu/pkgconfig:/home/chinchia120/autoware.ai/install/lanelet2_validation/lib/pkgconfig:/home/chinchia120/autoware.ai/install/lanelet2_routing/lib/x86_64-linux-gnu/pkgconfig:/home/chinchia120/autoware.ai/install/lanelet2_routing/lib/pkgconfig:/home/chinchia120/autoware.ai/install/lanelet2_projection/lib/x86_64-linux-gnu/pkgconfig:/home/chinchia120/autoware.ai/install/lanelet2_projection/lib/pkgconfig:/home/chinchia120/autoware.ai/install/libwaypoint_follower/lib/x86_64-linux-gnu/pkgconfig:/home/chinchia120/autoware.ai/install/libwaypoint_follower/lib/pkgconfig:/home/chinchia120/autoware.ai/install/lanelet2_traffic_rules/lib/x86_64-linux-gnu/pkgconfig:/home/chinchia120/autoware.ai/install/lanelet2_traffic_rules/lib/pkgconfig:/home/chinchia120/autoware.ai/install/lanelet2_maps/lib/x86_64-linux-gnu/pkgconfig:/home/chinchia120/autoware.ai/install/lanelet2_maps/lib/pkgconfig:/home/chinchia120/autoware.ai/install/lanelet2_io/lib/x86_64-linux-gnu/pkgconfig:/home/chinchia120/autoware.ai/install/lanelet2_io/lib/pkgconfig:/home/chinchia120/autoware.ai/install/vector_map/lib/x86_64-linux-gnu/pkgconfig:/home/chinchia120/autoware.ai/install/vector_map/lib/pkgconfig:/home/chinchia120/autoware.ai/install/lanelet2_core/lib/x86_64-linux-gnu/pkgconfig:/home/chinchia120/autoware.ai/install/lanelet2_core/lib/pkgconfig:/home/chinchia120/autoware.ai/install/amathutils_lib/lib/x86_64-linux-gnu/pkgconfig:/home/chinchia120/autoware.ai/install/amathutils_lib/lib/pkgconfig:/home/chinchia120/autoware.ai/install/vector_map_msgs/lib/x86_64-linux-gnu/pkgconfig:/home/chinchia120/autoware.ai/install/vector_map_msgs/lib/pkgconfig:/home/chinchia120/autoware.ai/install/tablet_socket_msgs/lib/x86_64-linux-gnu/pkgconfig:/home/chinchia120/autoware.ai/install/tablet_socket_msgs/lib/pkgconfig:/home/chinchia120/autoware.ai/install/gnss/lib/x86_64-linux-gnu/pkgconfig:/home/chinchia120/autoware.ai/install/gnss/lib/pkgconfig:/home/chinchia120/autoware.ai/install/autoware_msgs/lib/x86_64-linux-gnu/pkgconfig:/home/chinchia120/autoware.ai/install/autoware_msgs/lib/pkgconfig:/home/chinchia120/autoware.ai/install/autoware_lanelet2_msgs/lib/x86_64-linux-gnu/pkgconfig:/home/chinchia120/autoware.ai/install/autoware_lanelet2_msgs/lib/pkgconfig:/home/chinchia120/autoware.ai/install/autoware_config_msgs/lib/x86_64-linux-gnu/pkgconfig:/home/chinchia120/autoware.ai/install/autoware_config_msgs/lib/pkgconfig:/home/chinchia120/autoware.ai/install/autoware_build_flags/lib/x86_64-linux-gnu/pkgconfig:/home/chinchia120/autoware.ai/install/autoware_build_flags/lib/pkgconfig:${PKG_CONFIG_PATH} PYTHONPATH=/home/chinchia120/autoware.ai/install/vector_map_msgs/lib/python2.7/dist-packages:/home/chinchia120/autoware.ai/install/tablet_socket_msgs/lib/python2.7/dist-packages:/home/chinchia120/autoware.ai/install/autoware_msgs/lib/python2.7/dist-packages:/home/chinchia120/autoware.ai/install/autoware_lanelet2_msgs/lib/python2.7/dist-packages:/home/chinchia120/autoware.ai/install/autoware_config_msgs/lib/python2.7/dist-packages:${PYTHONPATH} ROS_PACKAGE_PATH=/home/chinchia120/autoware.ai/install/lane_planner/share:/home/chinchia120/autoware.ai/install/lanelet2_extension/share:/home/chinchia120/autoware.ai/install/lanelet2_validation/share:/home/chinchia120/autoware.ai/install/lanelet2_routing/share:/home/chinchia120/autoware.ai/install/lanelet2_projection/share:/home/chinchia120/autoware.ai/install/libwaypoint_follower/share:/home/chinchia120/autoware.ai/install/lanelet2_traffic_rules/share:/home/chinchia120/autoware.ai/install/lanelet2_maps/share:/home/chinchia120/autoware.ai/install/lanelet2_io/share:/home/chinchia120/autoware.ai/install/vector_map/share:/home/chinchia120/autoware.ai/install/lanelet2_core/share:/home/chinchia120/autoware.ai/install/amathutils_lib/share:/home/chinchia120/autoware.ai/install/vector_map_msgs/share:/home/chinchia120/autoware.ai/install/tablet_socket_msgs/share:/home/chinchia120/autoware.ai/install/gnss/share:/home/chinchia120/autoware.ai/install/autoware_msgs/share:/home/chinchia120/autoware.ai/install/autoware_lanelet2_msgs/share:/home/chinchia120/autoware.ai/install/autoware_config_msgs/share:/home/chinchia120/autoware.ai/install/autoware_build_flags/share:${ROS_PACKAGE_PATH} /usr/bin/cmake --build /home/chinchia120/autoware.ai/build/waypoint_maker --target tests -- -j4 -l4
[145.461s] [35m[1mScanning dependencies of target tests[0m
[145.509s] Built target tests
[145.537s] Invoked command in '/home/chinchia120/autoware.ai/build/waypoint_maker' returned '0': CMAKE_PREFIX_PATH=/home/chinchia120/autoware.ai/install/lane_planner:/home/chinchia120/autoware.ai/install/lanelet2_extension:/home/chinchia120/autoware.ai/install/lanelet2_validation:/home/chinchia120/autoware.ai/install/lanelet2_routing:/home/chinchia120/autoware.ai/install/lanelet2_projection:/home/chinchia120/autoware.ai/install/libwaypoint_follower:/home/chinchia120/autoware.ai/install/lanelet2_traffic_rules:/home/chinchia120/autoware.ai/install/lanelet2_maps:/home/chinchia120/autoware.ai/install/lanelet2_io:/home/chinchia120/autoware.ai/install/vector_map:/home/chinchia120/autoware.ai/install/lanelet2_core:/home/chinchia120/autoware.ai/install/amathutils_lib:/home/chinchia120/autoware.ai/install/vector_map_msgs:/home/chinchia120/autoware.ai/install/tablet_socket_msgs:/home/chinchia120/autoware.ai/install/gnss:/home/chinchia120/autoware.ai/install/autoware_msgs:/home/chinchia120/autoware.ai/install/autoware_lanelet2_msgs:/home/chinchia120/autoware.ai/install/autoware_config_msgs:/home/chinchia120/autoware.ai/install/autoware_build_flags:${CMAKE_PREFIX_PATH} LD_LIBRARY_PATH=/home/chinchia120/autoware.ai/install/lane_planner/lib:/home/chinchia120/autoware.ai/install/lanelet2_extension/lib:/home/chinchia120/autoware.ai/install/lanelet2_validation/lib:/home/chinchia120/autoware.ai/install/lanelet2_routing/lib:/home/chinchia120/autoware.ai/install/lanelet2_projection/lib:/home/chinchia120/autoware.ai/install/libwaypoint_follower/lib:/home/chinchia120/autoware.ai/install/lanelet2_traffic_rules/lib:/home/chinchia120/autoware.ai/install/lanelet2_io/lib:/home/chinchia120/autoware.ai/install/vector_map/lib:/home/chinchia120/autoware.ai/install/lanelet2_core/lib:/home/chinchia120/autoware.ai/install/amathutils_lib/lib:/home/chinchia120/autoware.ai/install/gnss/lib:${LD_LIBRARY_PATH} PKG_CONFIG_PATH=/home/chinchia120/autoware.ai/install/lane_planner/lib/x86_64-linux-gnu/pkgconfig:/home/chinchia120/autoware.ai/install/lane_planner/lib/pkgconfig:/home/chinchia120/autoware.ai/install/lanelet2_extension/lib/x86_64-linux-gnu/pkgconfig:/home/chinchia120/autoware.ai/install/lanelet2_extension/lib/pkgconfig:/home/chinchia120/autoware.ai/install/lanelet2_validation/lib/x86_64-linux-gnu/pkgconfig:/home/chinchia120/autoware.ai/install/lanelet2_validation/lib/pkgconfig:/home/chinchia120/autoware.ai/install/lanelet2_routing/lib/x86_64-linux-gnu/pkgconfig:/home/chinchia120/autoware.ai/install/lanelet2_routing/lib/pkgconfig:/home/chinchia120/autoware.ai/install/lanelet2_projection/lib/x86_64-linux-gnu/pkgconfig:/home/chinchia120/autoware.ai/install/lanelet2_projection/lib/pkgconfig:/home/chinchia120/autoware.ai/install/libwaypoint_follower/lib/x86_64-linux-gnu/pkgconfig:/home/chinchia120/autoware.ai/install/libwaypoint_follower/lib/pkgconfig:/home/chinchia120/autoware.ai/install/lanelet2_traffic_rules/lib/x86_64-linux-gnu/pkgconfig:/home/chinchia120/autoware.ai/install/lanelet2_traffic_rules/lib/pkgconfig:/home/chinchia120/autoware.ai/install/lanelet2_maps/lib/x86_64-linux-gnu/pkgconfig:/home/chinchia120/autoware.ai/install/lanelet2_maps/lib/pkgconfig:/home/chinchia120/autoware.ai/install/lanelet2_io/lib/x86_64-linux-gnu/pkgconfig:/home/chinchia120/autoware.ai/install/lanelet2_io/lib/pkgconfig:/home/chinchia120/autoware.ai/install/vector_map/lib/x86_64-linux-gnu/pkgconfig:/home/chinchia120/autoware.ai/install/vector_map/lib/pkgconfig:/home/chinchia120/autoware.ai/install/lanelet2_core/lib/x86_64-linux-gnu/pkgconfig:/home/chinchia120/autoware.ai/install/lanelet2_core/lib/pkgconfig:/home/chinchia120/autoware.ai/install/amathutils_lib/lib/x86_64-linux-gnu/pkgconfig:/home/chinchia120/autoware.ai/install/amathutils_lib/lib/pkgconfig:/home/chinchia120/autoware.ai/install/vector_map_msgs/lib/x86_64-linux-gnu/pkgconfig:/home/chinchia120/autoware.ai/install/vector_map_msgs/lib/pkgconfig:/home/chinchia120/autoware.ai/install/tablet_socket_msgs/lib/x86_64-linux-gnu/pkgconfig:/home/chinchia120/autoware.ai/install/tablet_socket_msgs/lib/pkgconfig:/home/chinchia120/autoware.ai/install/gnss/lib/x86_64-linux-gnu/pkgconfig:/home/chinchia120/autoware.ai/install/gnss/lib/pkgconfig:/home/chinchia120/autoware.ai/install/autoware_msgs/lib/x86_64-linux-gnu/pkgconfig:/home/chinchia120/autoware.ai/install/autoware_msgs/lib/pkgconfig:/home/chinchia120/autoware.ai/install/autoware_lanelet2_msgs/lib/x86_64-linux-gnu/pkgconfig:/home/chinchia120/autoware.ai/install/autoware_lanelet2_msgs/lib/pkgconfig:/home/chinchia120/autoware.ai/install/autoware_config_msgs/lib/x86_64-linux-gnu/pkgconfig:/home/chinchia120/autoware.ai/install/autoware_config_msgs/lib/pkgconfig:/home/chinchia120/autoware.ai/install/autoware_build_flags/lib/x86_64-linux-gnu/pkgconfig:/home/chinchia120/autoware.ai/install/autoware_build_flags/lib/pkgconfig:${PKG_CONFIG_PATH} PYTHONPATH=/home/chinchia120/autoware.ai/install/vector_map_msgs/lib/python2.7/dist-packages:/home/chinchia120/autoware.ai/install/tablet_socket_msgs/lib/python2.7/dist-packages:/home/chinchia120/autoware.ai/install/autoware_msgs/lib/python2.7/dist-packages:/home/chinchia120/autoware.ai/install/autoware_lanelet2_msgs/lib/python2.7/dist-packages:/home/chinchia120/autoware.ai/install/autoware_config_msgs/lib/python2.7/dist-packages:${PYTHONPATH} ROS_PACKAGE_PATH=/home/chinchia120/autoware.ai/install/lane_planner/share:/home/chinchia120/autoware.ai/install/lanelet2_extension/share:/home/chinchia120/autoware.ai/install/lanelet2_validation/share:/home/chinchia120/autoware.ai/install/lanelet2_routing/share:/home/chinchia120/autoware.ai/install/lanelet2_projection/share:/home/chinchia120/autoware.ai/install/libwaypoint_follower/share:/home/chinchia120/autoware.ai/install/lanelet2_traffic_rules/share:/home/chinchia120/autoware.ai/install/lanelet2_maps/share:/home/chinchia120/autoware.ai/install/lanelet2_io/share:/home/chinchia120/autoware.ai/install/vector_map/share:/home/chinchia120/autoware.ai/install/lanelet2_core/share:/home/chinchia120/autoware.ai/install/amathutils_lib/share:/home/chinchia120/autoware.ai/install/vector_map_msgs/share:/home/chinchia120/autoware.ai/install/tablet_socket_msgs/share:/home/chinchia120/autoware.ai/install/gnss/share:/home/chinchia120/autoware.ai/install/autoware_msgs/share:/home/chinchia120/autoware.ai/install/autoware_lanelet2_msgs/share:/home/chinchia120/autoware.ai/install/autoware_config_msgs/share:/home/chinchia120/autoware.ai/install/autoware_build_flags/share:${ROS_PACKAGE_PATH} /usr/bin/cmake --build /home/chinchia120/autoware.ai/build/waypoint_maker --target tests -- -j4 -l4
[145.958s] Invoking command in '/home/chinchia120/autoware.ai/build/waypoint_maker': CMAKE_PREFIX_PATH=/home/chinchia120/autoware.ai/install/lane_planner:/home/chinchia120/autoware.ai/install/lanelet2_extension:/home/chinchia120/autoware.ai/install/lanelet2_validation:/home/chinchia120/autoware.ai/install/lanelet2_routing:/home/chinchia120/autoware.ai/install/lanelet2_projection:/home/chinchia120/autoware.ai/install/libwaypoint_follower:/home/chinchia120/autoware.ai/install/lanelet2_traffic_rules:/home/chinchia120/autoware.ai/install/lanelet2_maps:/home/chinchia120/autoware.ai/install/lanelet2_io:/home/chinchia120/autoware.ai/install/vector_map:/home/chinchia120/autoware.ai/install/lanelet2_core:/home/chinchia120/autoware.ai/install/amathutils_lib:/home/chinchia120/autoware.ai/install/vector_map_msgs:/home/chinchia120/autoware.ai/install/tablet_socket_msgs:/home/chinchia120/autoware.ai/install/gnss:/home/chinchia120/autoware.ai/install/autoware_msgs:/home/chinchia120/autoware.ai/install/autoware_lanelet2_msgs:/home/chinchia120/autoware.ai/install/autoware_config_msgs:/home/chinchia120/autoware.ai/install/autoware_build_flags:${CMAKE_PREFIX_PATH} LD_LIBRARY_PATH=/home/chinchia120/autoware.ai/install/lane_planner/lib:/home/chinchia120/autoware.ai/install/lanelet2_extension/lib:/home/chinchia120/autoware.ai/install/lanelet2_validation/lib:/home/chinchia120/autoware.ai/install/lanelet2_routing/lib:/home/chinchia120/autoware.ai/install/lanelet2_projection/lib:/home/chinchia120/autoware.ai/install/libwaypoint_follower/lib:/home/chinchia120/autoware.ai/install/lanelet2_traffic_rules/lib:/home/chinchia120/autoware.ai/install/lanelet2_io/lib:/home/chinchia120/autoware.ai/install/vector_map/lib:/home/chinchia120/autoware.ai/install/lanelet2_core/lib:/home/chinchia120/autoware.ai/install/amathutils_lib/lib:/home/chinchia120/autoware.ai/install/gnss/lib:${LD_LIBRARY_PATH} PKG_CONFIG_PATH=/home/chinchia120/autoware.ai/install/lane_planner/lib/x86_64-linux-gnu/pkgconfig:/home/chinchia120/autoware.ai/install/lane_planner/lib/pkgconfig:/home/chinchia120/autoware.ai/install/lanelet2_extension/lib/x86_64-linux-gnu/pkgconfig:/home/chinchia120/autoware.ai/install/lanelet2_extension/lib/pkgconfig:/home/chinchia120/autoware.ai/install/lanelet2_validation/lib/x86_64-linux-gnu/pkgconfig:/home/chinchia120/autoware.ai/install/lanelet2_validation/lib/pkgconfig:/home/chinchia120/autoware.ai/install/lanelet2_routing/lib/x86_64-linux-gnu/pkgconfig:/home/chinchia120/autoware.ai/install/lanelet2_routing/lib/pkgconfig:/home/chinchia120/autoware.ai/install/lanelet2_projection/lib/x86_64-linux-gnu/pkgconfig:/home/chinchia120/autoware.ai/install/lanelet2_projection/lib/pkgconfig:/home/chinchia120/autoware.ai/install/libwaypoint_follower/lib/x86_64-linux-gnu/pkgconfig:/home/chinchia120/autoware.ai/install/libwaypoint_follower/lib/pkgconfig:/home/chinchia120/autoware.ai/install/lanelet2_traffic_rules/lib/x86_64-linux-gnu/pkgconfig:/home/chinchia120/autoware.ai/install/lanelet2_traffic_rules/lib/pkgconfig:/home/chinchia120/autoware.ai/install/lanelet2_maps/lib/x86_64-linux-gnu/pkgconfig:/home/chinchia120/autoware.ai/install/lanelet2_maps/lib/pkgconfig:/home/chinchia120/autoware.ai/install/lanelet2_io/lib/x86_64-linux-gnu/pkgconfig:/home/chinchia120/autoware.ai/install/lanelet2_io/lib/pkgconfig:/home/chinchia120/autoware.ai/install/vector_map/lib/x86_64-linux-gnu/pkgconfig:/home/chinchia120/autoware.ai/install/vector_map/lib/pkgconfig:/home/chinchia120/autoware.ai/install/lanelet2_core/lib/x86_64-linux-gnu/pkgconfig:/home/chinchia120/autoware.ai/install/lanelet2_core/lib/pkgconfig:/home/chinchia120/autoware.ai/install/amathutils_lib/lib/x86_64-linux-gnu/pkgconfig:/home/chinchia120/autoware.ai/install/amathutils_lib/lib/pkgconfig:/home/chinchia120/autoware.ai/install/vector_map_msgs/lib/x86_64-linux-gnu/pkgconfig:/home/chinchia120/autoware.ai/install/vector_map_msgs/lib/pkgconfig:/home/chinchia120/autoware.ai/install/tablet_socket_msgs/lib/x86_64-linux-gnu/pkgconfig:/home/chinchia120/autoware.ai/install/tablet_socket_msgs/lib/pkgconfig:/home/chinchia120/autoware.ai/install/gnss/lib/x86_64-linux-gnu/pkgconfig:/home/chinchia120/autoware.ai/install/gnss/lib/pkgconfig:/home/chinchia120/autoware.ai/install/autoware_msgs/lib/x86_64-linux-gnu/pkgconfig:/home/chinchia120/autoware.ai/install/autoware_msgs/lib/pkgconfig:/home/chinchia120/autoware.ai/install/autoware_lanelet2_msgs/lib/x86_64-linux-gnu/pkgconfig:/home/chinchia120/autoware.ai/install/autoware_lanelet2_msgs/lib/pkgconfig:/home/chinchia120/autoware.ai/install/autoware_config_msgs/lib/x86_64-linux-gnu/pkgconfig:/home/chinchia120/autoware.ai/install/autoware_config_msgs/lib/pkgconfig:/home/chinchia120/autoware.ai/install/autoware_build_flags/lib/x86_64-linux-gnu/pkgconfig:/home/chinchia120/autoware.ai/install/autoware_build_flags/lib/pkgconfig:${PKG_CONFIG_PATH} PYTHONPATH=/home/chinchia120/autoware.ai/install/vector_map_msgs/lib/python2.7/dist-packages:/home/chinchia120/autoware.ai/install/tablet_socket_msgs/lib/python2.7/dist-packages:/home/chinchia120/autoware.ai/install/autoware_msgs/lib/python2.7/dist-packages:/home/chinchia120/autoware.ai/install/autoware_lanelet2_msgs/lib/python2.7/dist-packages:/home/chinchia120/autoware.ai/install/autoware_config_msgs/lib/python2.7/dist-packages:${PYTHONPATH} ROS_PACKAGE_PATH=/home/chinchia120/autoware.ai/install/lane_planner/share:/home/chinchia120/autoware.ai/install/lanelet2_extension/share:/home/chinchia120/autoware.ai/install/lanelet2_validation/share:/home/chinchia120/autoware.ai/install/lanelet2_routing/share:/home/chinchia120/autoware.ai/install/lanelet2_projection/share:/home/chinchia120/autoware.ai/install/libwaypoint_follower/share:/home/chinchia120/autoware.ai/install/lanelet2_traffic_rules/share:/home/chinchia120/autoware.ai/install/lanelet2_maps/share:/home/chinchia120/autoware.ai/install/lanelet2_io/share:/home/chinchia120/autoware.ai/install/vector_map/share:/home/chinchia120/autoware.ai/install/lanelet2_core/share:/home/chinchia120/autoware.ai/install/amathutils_lib/share:/home/chinchia120/autoware.ai/install/vector_map_msgs/share:/home/chinchia120/autoware.ai/install/tablet_socket_msgs/share:/home/chinchia120/autoware.ai/install/gnss/share:/home/chinchia120/autoware.ai/install/autoware_msgs/share:/home/chinchia120/autoware.ai/install/autoware_lanelet2_msgs/share:/home/chinchia120/autoware.ai/install/autoware_config_msgs/share:/home/chinchia120/autoware.ai/install/autoware_build_flags/share:${ROS_PACKAGE_PATH} /usr/bin/cmake --build /home/chinchia120/autoware.ai/build/waypoint_maker --target install -- -j4 -l4
[146.137s] [  0%] Built target nav_msgs_generate_messages_cpp
[146.214s] [  0%] Built target vector_map_msgs_generate_messages_lisp
[146.272s] [  0%] Built target vector_map_msgs_generate_messages_eus
[146.334s] [  0%] Built target vector_map_msgs_generate_messages_cpp
[146.391s] [  0%] Built target visualization_msgs_generate_messages_py
[146.454s] [  0%] Built target visualization_msgs_generate_messages_eus
[146.518s] [  0%] Built target visualization_msgs_generate_messages_nodejs
[146.585s] [  0%] Built target tablet_socket_msgs_generate_messages_lisp
[146.639s] [  0%] Built target nav_msgs_generate_messages_nodejs
[146.701s] [  0%] Built target geometry_msgs_generate_messages_py
[146.751s] [  0%] Built target sensor_msgs_generate_messages_nodejs
[146.808s] [  0%] Built target roscpp_generate_messages_cpp
[146.867s] [  0%] Built target actionlib_generate_messages_cpp
[146.938s] [  0%] Built target pcl_msgs_generate_messages_eus
[147.026s] [  0%] Built target rosgraph_msgs_generate_messages_eus
[147.078s] [  0%] Built target jsk_recognition_msgs_generate_messages_lisp
[147.138s] [  0%] Built target jsk_recognition_msgs_generate_messages_eus
[147.206s] [  0%] Built target tf2_msgs_generate_messages_cpp
[147.271s] [  0%] Built target std_msgs_generate_messages_py
[147.333s] [  0%] Built target autoware_msgs_generate_messages_py
[147.393s] [  0%] Built target std_msgs_generate_messages_nodejs
[147.445s] [  0%] Built target sensor_msgs_generate_messages_eus
[147.500s] [  0%] Built target _catkin_empty_exported_target
[147.553s] [  0%] Built target sensor_msgs_generate_messages_cpp
[147.611s] [  0%] Built target autoware_msgs_generate_messages_cpp
[147.676s] [  0%] Built target rosgraph_msgs_generate_messages_cpp
[147.733s] [  0%] Built target nav_msgs_generate_messages_lisp
[147.795s] [  0%] Built target pcl_msgs_generate_messages_nodejs
[147.858s] [  0%] Built target jsk_recognition_msgs_generate_messages_py
[147.914s] [  0%] Built target sensor_msgs_generate_messages_py
[147.974s] [  0%] Built target tablet_socket_msgs_generate_messages_nodejs
[148.053s] [  0%] Built target tf_generate_messages_py
[148.120s] [  0%] Built target std_msgs_generate_messages_cpp
[148.183s] [  0%] Built target tablet_socket_msgs_generate_messages_py
[148.239s] [  0%] Built target jsk_footstep_msgs_generate_messages_py
[148.300s] [  0%] Built target actionlib_msgs_generate_messages_nodejs
[148.367s] [  0%] Built target geometry_msgs_generate_messages_eus
[148.427s] [  0%] Built target std_msgs_generate_messages_lisp
[148.484s] [  0%] Built target roscpp_generate_messages_nodejs
[148.538s] [  0%] Built target geometry_msgs_generate_messages_nodejs
[148.604s] [  0%] Built target geometry_msgs_generate_messages_lisp
[148.671s] [  0%] Built target pcl_msgs_generate_messages_cpp
[148.720s] [  0%] Built target jsk_recognition_msgs_generate_messages_cpp
[148.784s] [  0%] Built target autoware_msgs_generate_messages_eus
[148.843s] [  0%] Built target autoware_msgs_generate_messages_lisp
[148.896s] [  0%] Built target visualization_msgs_generate_messages_lisp
[148.958s] [  0%] Built target std_msgs_generate_messages_eus
[149.025s] [  0%] Built target autoware_msgs_generate_messages_nodejs
[149.079s] [  0%] Built target jsk_footstep_msgs_generate_messages_eus
[149.144s] [  0%] Built target actionlib_msgs_generate_messages_py
[149.224s] [  0%] Built target autoware_config_msgs_generate_messages_eus
[149.278s] [  0%] Built target jsk_footstep_msgs_generate_messages_lisp
[149.342s] [  0%] Built target jsk_footstep_msgs_generate_messages_nodejs
[149.403s] [  0%] Built target actionlib_msgs_generate_messages_lisp
[149.474s] [  0%] Built target jsk_footstep_msgs_generate_messages_cpp
[149.533s] [  0%] Built target actionlib_msgs_generate_messages_cpp
[149.596s] [  0%] Built target tf_generate_messages_eus
[149.655s] [  0%] Built target tf_generate_messages_lisp
[149.722s] [  0%] Built target autoware_config_msgs_generate_messages_nodejs
[149.783s] [  0%] Built target tf_generate_messages_nodejs
[149.853s] [  0%] Built target jsk_recognition_msgs_generate_messages_nodejs
[149.943s] [  0%] Built target roscpp_generate_messages_lisp
[150.000s] [  0%] Built target roscpp_generate_messages_py
[150.070s] [  0%] Built target rosgraph_msgs_generate_messages_lisp
[150.131s] [  0%] Built target autoware_config_msgs_generate_messages_cpp
[150.202s] [  0%] Built target rosgraph_msgs_generate_messages_nodejs
[150.255s] [  0%] Built target roscpp_generate_messages_eus
[150.317s] [  0%] Built target actionlib_msgs_generate_messages_eus
[150.385s] [  0%] Built target rosgraph_msgs_generate_messages_py
[150.447s] [  0%] Built target autoware_config_msgs_generate_messages_py
[150.515s] [  0%] Built target pcl_msgs_generate_messages_py
[150.577s] [  0%] Built target actionlib_generate_messages_eus
[150.638s] [  0%] Built target geometry_msgs_generate_messages_cpp
[150.705s] [  0%] Built target actionlib_generate_messages_lisp
[150.764s] [  0%] Built target pcl_msgs_generate_messages_lisp
[150.816s] [  0%] Built target tf_generate_messages_cpp
[150.889s] [  0%] Built target actionlib_generate_messages_nodejs
[150.955s] [  0%] Built target visualization_msgs_generate_messages_cpp
[151.024s] [  0%] Built target tablet_socket_msgs_generate_messages_eus
[151.088s] [  0%] Built target nav_msgs_generate_messages_eus
[151.151s] [  0%] Built target tf2_msgs_generate_messages_eus
[151.220s] [  0%] Built target nav_msgs_generate_messages_py
[151.282s] [  0%] Built target tf2_msgs_generate_messages_lisp
[151.352s] [  0%] Built target actionlib_generate_messages_py
[151.415s] [  0%] Built target tf2_msgs_generate_messages_py
[151.464s] [  0%] Built target tf2_msgs_generate_messages_nodejs
[151.526s] [  0%] Built target tablet_socket_msgs_generate_messages_cpp
[151.587s] [  0%] Built target autoware_config_msgs_generate_messages_lisp
[151.652s] [  0%] Built target sensor_msgs_generate_messages_lisp
[151.742s] [ 10%] Built target waypoint_clicker
[151.804s] [ 10%] Built target vector_map_msgs_generate_messages_nodejs
[151.860s] [ 10%] Built target vector_map_msgs_generate_messages_py
[151.946s] [ 20%] Built target waypoint_marker_publisher
[152.031s] [ 30%] Built target waypoint_saver
[152.107s] [ 50%] Built target waypoint_creator
[152.167s] [ 60%] Built target waypoint_velocity_visualizer
[152.250s] [ 75%] Built target waypoint_replanner
[152.326s] [ 90%] Built target waypoint_loader
[152.399s] [100%] Built target waypoint_extractor
[152.476s] [36mInstall the project...[0m
[152.496s] -- Install configuration: "Release"
[152.496s] -- Installing: /home/chinchia120/autoware.ai/install/waypoint_maker/lib/pkgconfig/waypoint_maker.pc
[152.496s] -- Installing: /home/chinchia120/autoware.ai/install/waypoint_maker/share/waypoint_maker/cmake/waypoint_makerConfig.cmake
[152.497s] -- Installing: /home/chinchia120/autoware.ai/install/waypoint_maker/share/waypoint_maker/cmake/waypoint_makerConfig-version.cmake
[152.497s] -- Installing: /home/chinchia120/autoware.ai/install/waypoint_maker/share/waypoint_maker/package.xml
[152.497s] -- Installing: /home/chinchia120/autoware.ai/install/waypoint_maker/lib/waypoint_maker/waypoint_loader
[152.501s] -- Set runtime path of "/home/chinchia120/autoware.ai/install/waypoint_maker/lib/waypoint_maker/waypoint_loader" to ""
[152.501s] -- Installing: /home/chinchia120/autoware.ai/install/waypoint_maker/lib/waypoint_maker/waypoint_replanner
[152.513s] -- Set runtime path of "/home/chinchia120/autoware.ai/install/waypoint_maker/lib/waypoint_maker/waypoint_replanner" to ""
[152.514s] -- Installing: /home/chinchia120/autoware.ai/install/waypoint_maker/lib/waypoint_maker/waypoint_saver
[152.529s] -- Set runtime path of "/home/chinchia120/autoware.ai/install/waypoint_maker/lib/waypoint_maker/waypoint_saver" to ""
[152.530s] -- Installing: /home/chinchia120/autoware.ai/install/waypoint_maker/lib/waypoint_maker/waypoint_clicker
[152.537s] -- Set runtime path of "/home/chinchia120/autoware.ai/install/waypoint_maker/lib/waypoint_maker/waypoint_clicker" to ""
[152.538s] -- Installing: /home/chinchia120/autoware.ai/install/waypoint_maker/lib/waypoint_maker/waypoint_marker_publisher
[152.548s] -- Set runtime path of "/home/chinchia120/autoware.ai/install/waypoint_maker/lib/waypoint_maker/waypoint_marker_publisher" to ""
[152.548s] -- Installing: /home/chinchia120/autoware.ai/install/waypoint_maker/lib/waypoint_maker/waypoint_velocity_visualizer
[152.565s] -- Set runtime path of "/home/chinchia120/autoware.ai/install/waypoint_maker/lib/waypoint_maker/waypoint_velocity_visualizer" to ""
[152.565s] -- Installing: /home/chinchia120/autoware.ai/install/waypoint_maker/lib/waypoint_maker/waypoint_extractor
[152.571s] -- Set runtime path of "/home/chinchia120/autoware.ai/install/waypoint_maker/lib/waypoint_maker/waypoint_extractor" to ""
[152.572s] -- Installing: /home/chinchia120/autoware.ai/install/waypoint_maker/lib/waypoint_maker/waypoint_creator
[152.584s] -- Set runtime path of "/home/chinchia120/autoware.ai/install/waypoint_maker/lib/waypoint_maker/waypoint_creator" to ""
[152.584s] -- Installing: /home/chinchia120/autoware.ai/install/waypoint_maker/share/waypoint_maker/launch
[152.585s] -- Installing: /home/chinchia120/autoware.ai/install/waypoint_maker/share/waypoint_maker/launch/waypoint_velocity_visualizer.launch
[152.586s] -- Installing: /home/chinchia120/autoware.ai/install/waypoint_maker/share/waypoint_maker/launch/waypoint_loader.launch
[152.586s] -- Installing: /home/chinchia120/autoware.ai/install/waypoint_maker/share/waypoint_maker/launch/waypoint_creator.launch
[152.588s] -- Installing: /home/chinchia120/autoware.ai/install/waypoint_maker/share/waypoint_maker/launch/waypoint_saver.launch
[152.599s] Invoked command in '/home/chinchia120/autoware.ai/build/waypoint_maker' returned '0': CMAKE_PREFIX_PATH=/home/chinchia120/autoware.ai/install/lane_planner:/home/chinchia120/autoware.ai/install/lanelet2_extension:/home/chinchia120/autoware.ai/install/lanelet2_validation:/home/chinchia120/autoware.ai/install/lanelet2_routing:/home/chinchia120/autoware.ai/install/lanelet2_projection:/home/chinchia120/autoware.ai/install/libwaypoint_follower:/home/chinchia120/autoware.ai/install/lanelet2_traffic_rules:/home/chinchia120/autoware.ai/install/lanelet2_maps:/home/chinchia120/autoware.ai/install/lanelet2_io:/home/chinchia120/autoware.ai/install/vector_map:/home/chinchia120/autoware.ai/install/lanelet2_core:/home/chinchia120/autoware.ai/install/amathutils_lib:/home/chinchia120/autoware.ai/install/vector_map_msgs:/home/chinchia120/autoware.ai/install/tablet_socket_msgs:/home/chinchia120/autoware.ai/install/gnss:/home/chinchia120/autoware.ai/install/autoware_msgs:/home/chinchia120/autoware.ai/install/autoware_lanelet2_msgs:/home/chinchia120/autoware.ai/install/autoware_config_msgs:/home/chinchia120/autoware.ai/install/autoware_build_flags:${CMAKE_PREFIX_PATH} LD_LIBRARY_PATH=/home/chinchia120/autoware.ai/install/lane_planner/lib:/home/chinchia120/autoware.ai/install/lanelet2_extension/lib:/home/chinchia120/autoware.ai/install/lanelet2_validation/lib:/home/chinchia120/autoware.ai/install/lanelet2_routing/lib:/home/chinchia120/autoware.ai/install/lanelet2_projection/lib:/home/chinchia120/autoware.ai/install/libwaypoint_follower/lib:/home/chinchia120/autoware.ai/install/lanelet2_traffic_rules/lib:/home/chinchia120/autoware.ai/install/lanelet2_io/lib:/home/chinchia120/autoware.ai/install/vector_map/lib:/home/chinchia120/autoware.ai/install/lanelet2_core/lib:/home/chinchia120/autoware.ai/install/amathutils_lib/lib:/home/chinchia120/autoware.ai/install/gnss/lib:${LD_LIBRARY_PATH} PKG_CONFIG_PATH=/home/chinchia120/autoware.ai/install/lane_planner/lib/x86_64-linux-gnu/pkgconfig:/home/chinchia120/autoware.ai/install/lane_planner/lib/pkgconfig:/home/chinchia120/autoware.ai/install/lanelet2_extension/lib/x86_64-linux-gnu/pkgconfig:/home/chinchia120/autoware.ai/install/lanelet2_extension/lib/pkgconfig:/home/chinchia120/autoware.ai/install/lanelet2_validation/lib/x86_64-linux-gnu/pkgconfig:/home/chinchia120/autoware.ai/install/lanelet2_validation/lib/pkgconfig:/home/chinchia120/autoware.ai/install/lanelet2_routing/lib/x86_64-linux-gnu/pkgconfig:/home/chinchia120/autoware.ai/install/lanelet2_routing/lib/pkgconfig:/home/chinchia120/autoware.ai/install/lanelet2_projection/lib/x86_64-linux-gnu/pkgconfig:/home/chinchia120/autoware.ai/install/lanelet2_projection/lib/pkgconfig:/home/chinchia120/autoware.ai/install/libwaypoint_follower/lib/x86_64-linux-gnu/pkgconfig:/home/chinchia120/autoware.ai/install/libwaypoint_follower/lib/pkgconfig:/home/chinchia120/autoware.ai/install/lanelet2_traffic_rules/lib/x86_64-linux-gnu/pkgconfig:/home/chinchia120/autoware.ai/install/lanelet2_traffic_rules/lib/pkgconfig:/home/chinchia120/autoware.ai/install/lanelet2_maps/lib/x86_64-linux-gnu/pkgconfig:/home/chinchia120/autoware.ai/install/lanelet2_maps/lib/pkgconfig:/home/chinchia120/autoware.ai/install/lanelet2_io/lib/x86_64-linux-gnu/pkgconfig:/home/chinchia120/autoware.ai/install/lanelet2_io/lib/pkgconfig:/home/chinchia120/autoware.ai/install/vector_map/lib/x86_64-linux-gnu/pkgconfig:/home/chinchia120/autoware.ai/install/vector_map/lib/pkgconfig:/home/chinchia120/autoware.ai/install/lanelet2_core/lib/x86_64-linux-gnu/pkgconfig:/home/chinchia120/autoware.ai/install/lanelet2_core/lib/pkgconfig:/home/chinchia120/autoware.ai/install/amathutils_lib/lib/x86_64-linux-gnu/pkgconfig:/home/chinchia120/autoware.ai/install/amathutils_lib/lib/pkgconfig:/home/chinchia120/autoware.ai/install/vector_map_msgs/lib/x86_64-linux-gnu/pkgconfig:/home/chinchia120/autoware.ai/install/vector_map_msgs/lib/pkgconfig:/home/chinchia120/autoware.ai/install/tablet_socket_msgs/lib/x86_64-linux-gnu/pkgconfig:/home/chinchia120/autoware.ai/install/tablet_socket_msgs/lib/pkgconfig:/home/chinchia120/autoware.ai/install/gnss/lib/x86_64-linux-gnu/pkgconfig:/home/chinchia120/autoware.ai/install/gnss/lib/pkgconfig:/home/chinchia120/autoware.ai/install/autoware_msgs/lib/x86_64-linux-gnu/pkgconfig:/home/chinchia120/autoware.ai/install/autoware_msgs/lib/pkgconfig:/home/chinchia120/autoware.ai/install/autoware_lanelet2_msgs/lib/x86_64-linux-gnu/pkgconfig:/home/chinchia120/autoware.ai/install/autoware_lanelet2_msgs/lib/pkgconfig:/home/chinchia120/autoware.ai/install/autoware_config_msgs/lib/x86_64-linux-gnu/pkgconfig:/home/chinchia120/autoware.ai/install/autoware_config_msgs/lib/pkgconfig:/home/chinchia120/autoware.ai/install/autoware_build_flags/lib/x86_64-linux-gnu/pkgconfig:/home/chinchia120/autoware.ai/install/autoware_build_flags/lib/pkgconfig:${PKG_CONFIG_PATH} PYTHONPATH=/home/chinchia120/autoware.ai/install/vector_map_msgs/lib/python2.7/dist-packages:/home/chinchia120/autoware.ai/install/tablet_socket_msgs/lib/python2.7/dist-packages:/home/chinchia120/autoware.ai/install/autoware_msgs/lib/python2.7/dist-packages:/home/chinchia120/autoware.ai/install/autoware_lanelet2_msgs/lib/python2.7/dist-packages:/home/chinchia120/autoware.ai/install/autoware_config_msgs/lib/python2.7/dist-packages:${PYTHONPATH} ROS_PACKAGE_PATH=/home/chinchia120/autoware.ai/install/lane_planner/share:/home/chinchia120/autoware.ai/install/lanelet2_extension/share:/home/chinchia120/autoware.ai/install/lanelet2_validation/share:/home/chinchia120/autoware.ai/install/lanelet2_routing/share:/home/chinchia120/autoware.ai/install/lanelet2_projection/share:/home/chinchia120/autoware.ai/install/libwaypoint_follower/share:/home/chinchia120/autoware.ai/install/lanelet2_traffic_rules/share:/home/chinchia120/autoware.ai/install/lanelet2_maps/share:/home/chinchia120/autoware.ai/install/lanelet2_io/share:/home/chinchia120/autoware.ai/install/vector_map/share:/home/chinchia120/autoware.ai/install/lanelet2_core/share:/home/chinchia120/autoware.ai/install/amathutils_lib/share:/home/chinchia120/autoware.ai/install/vector_map_msgs/share:/home/chinchia120/autoware.ai/install/tablet_socket_msgs/share:/home/chinchia120/autoware.ai/install/gnss/share:/home/chinchia120/autoware.ai/install/autoware_msgs/share:/home/chinchia120/autoware.ai/install/autoware_lanelet2_msgs/share:/home/chinchia120/autoware.ai/install/autoware_config_msgs/share:/home/chinchia120/autoware.ai/install/autoware_build_flags/share:${ROS_PACKAGE_PATH} /usr/bin/cmake --build /home/chinchia120/autoware.ai/build/waypoint_maker --target install -- -j4 -l4
