[0.042s] Invoking command in '/home/chinchia120/autoware.ai/build/sick_ldmrs_description': /usr/bin/cmake /home/chinchia120/autoware.ai/src/drivers/awf_drivers/sick_ldmrs_description -DCMAKE_BUILD_TYPE=Release -DCATKIN_INSTALL_INTO_PREFIX_ROOT=0 -DCMAKE_INSTALL_PREFIX=/home/chinchia120/autoware.ai/install/sick_ldmrs_description
[0.253s] -- The C compiler identification is GNU 7.5.0
[0.440s] -- The CXX compiler identification is GNU 7.5.0
[0.456s] -- Check for working C compiler: /usr/bin/cc
[0.671s] -- Check for working C compiler: /usr/bin/cc -- works
[0.671s] -- Detecting C compiler ABI info
[0.914s] -- Detecting C compiler ABI info - done
[0.926s] -- Detecting C compile features
[1.427s] -- Detecting C compile features - done
[1.433s] -- Check for working CXX compiler: /usr/bin/c++
[1.627s] -- Check for working CXX compiler: /usr/bin/c++ -- works
[1.627s] -- Detecting CXX compiler ABI info
[1.836s] -- Detecting CXX compiler ABI info - done
[1.863s] -- Detecting CXX compile features
[2.917s] -- Detecting CXX compile features - done
[2.921s] -- Using CATKIN_DEVEL_PREFIX: /home/chinchia120/autoware.ai/build/sick_ldmrs_description/devel
[2.921s] -- Using CMAKE_PREFIX_PATH: /home/chinchia120/catkin_ws/devel;/opt/ros/melodic
[2.921s] -- This workspace overlays: /home/chinchia120/catkin_ws/devel;/opt/ros/melodic
[2.956s] -- Found PythonInterp: /usr/bin/python2 (found suitable version "2.7.17", minimum required is "2") 
[2.956s] -- Using PYTHON_EXECUTABLE: /usr/bin/python2
[2.956s] -- Using Debian Python package layout
[2.957s] -- Using empy: /usr/bin/empy
[3.295s] -- Using CATKIN_ENABLE_TESTING: ON
[3.295s] -- Call enable_testing()
[3.301s] -- Using CATKIN_TEST_RESULTS_DIR: /home/chinchia120/autoware.ai/build/sick_ldmrs_description/test_results
[3.332s] -- Found gtest sources under '/usr/src/googletest': gtests will be built
[3.333s] -- Found gmock sources under '/usr/src/googletest': gmock will be built
[3.360s] -- Found PythonInterp: /usr/bin/python2 (found version "2.7.17") 
[3.364s] -- Looking for pthread.h
[3.571s] -- Looking for pthread.h - found
[3.572s] -- Looking for pthread_create
[3.770s] -- Looking for pthread_create - not found
[3.772s] -- Looking for pthread_create in pthreads
[3.943s] -- Looking for pthread_create in pthreads - not found
[3.944s] -- Looking for pthread_create in pthread
[4.136s] -- Looking for pthread_create in pthread - found
[4.141s] -- Found Threads: TRUE  
[4.152s] -- Using Python nosetests: /usr/bin/nosetests-2.7
[4.271s] -- catkin 0.7.29
[4.272s] -- BUILD_SHARED_LIBS is on
[4.836s] -- Configuring done
[4.884s] -- Generating done
[4.896s] -- Build files have been written to: /home/chinchia120/autoware.ai/build/sick_ldmrs_description
[4.906s] Invoked command in '/home/chinchia120/autoware.ai/build/sick_ldmrs_description' returned '0': /usr/bin/cmake /home/chinchia120/autoware.ai/src/drivers/awf_drivers/sick_ldmrs_description -DCMAKE_BUILD_TYPE=Release -DCATKIN_INSTALL_INTO_PREFIX_ROOT=0 -DCMAKE_INSTALL_PREFIX=/home/chinchia120/autoware.ai/install/sick_ldmrs_description
[4.913s] Invoking command in '/home/chinchia120/autoware.ai/build/sick_ldmrs_description': /usr/bin/cmake --build /home/chinchia120/autoware.ai/build/sick_ldmrs_description -- -j4 -l4
[5.029s] Invoked command in '/home/chinchia120/autoware.ai/build/sick_ldmrs_description' returned '0': /usr/bin/cmake --build /home/chinchia120/autoware.ai/build/sick_ldmrs_description -- -j4 -l4
[5.193s] Invoking command in '/home/chinchia120/autoware.ai/build/sick_ldmrs_description': /usr/bin/cmake --build /home/chinchia120/autoware.ai/build/sick_ldmrs_description --target tests -- -j4 -l4
[5.330s] [35m[1mScanning dependencies of target tests[0m
[5.365s] Built target tests
[5.403s] Invoked command in '/home/chinchia120/autoware.ai/build/sick_ldmrs_description' returned '0': /usr/bin/cmake --build /home/chinchia120/autoware.ai/build/sick_ldmrs_description --target tests -- -j4 -l4
[5.524s] Invoking command in '/home/chinchia120/autoware.ai/build/sick_ldmrs_description': /usr/bin/cmake --build /home/chinchia120/autoware.ai/build/sick_ldmrs_description --target install -- -j4 -l4
[5.656s] [36mInstall the project...[0m
[5.678s] -- Install configuration: "Release"
[5.678s] -- Installing: /home/chinchia120/autoware.ai/install/sick_ldmrs_description/lib/pkgconfig/sick_ldmrs_description.pc
[5.679s] -- Installing: /home/chinchia120/autoware.ai/install/sick_ldmrs_description/share/sick_ldmrs_description/cmake/sick_ldmrs_descriptionConfig.cmake
[5.679s] -- Installing: /home/chinchia120/autoware.ai/install/sick_ldmrs_description/share/sick_ldmrs_description/cmake/sick_ldmrs_descriptionConfig-version.cmake
[5.679s] -- Installing: /home/chinchia120/autoware.ai/install/sick_ldmrs_description/share/sick_ldmrs_description/package.xml
[5.680s] -- Installing: /home/chinchia120/autoware.ai/install/sick_ldmrs_description/share/sick_ldmrs_description/launch
[5.681s] -- Installing: /home/chinchia120/autoware.ai/install/sick_ldmrs_description/share/sick_ldmrs_description/launch/upload_urdf.launch
[5.682s] -- Installing: /home/chinchia120/autoware.ai/install/sick_ldmrs_description/share/sick_ldmrs_description/launch/show_urdf.launch
[5.683s] -- Installing: /home/chinchia120/autoware.ai/install/sick_ldmrs_description/share/sick_ldmrs_description/meshes
[5.684s] -- Installing: /home/chinchia120/autoware.ai/install/sick_ldmrs_description/share/sick_ldmrs_description/meshes/sick_ldmrs_color.png
[5.693s] -- Installing: /home/chinchia120/autoware.ai/install/sick_ldmrs_description/share/sick_ldmrs_description/meshes/sick_ldmrs.dae
[5.753s] -- Installing: /home/chinchia120/autoware.ai/install/sick_ldmrs_description/share/sick_ldmrs_description/urdf
[5.754s] -- Installing: /home/chinchia120/autoware.ai/install/sick_ldmrs_description/share/sick_ldmrs_description/urdf/sick_ldmrs.urdf.xacro
[5.754s] -- Installing: /home/chinchia120/autoware.ai/install/sick_ldmrs_description/share/sick_ldmrs_description/urdf/sick_ldmrs_macros.urdf.xacro
[5.760s] Invoked command in '/home/chinchia120/autoware.ai/build/sick_ldmrs_description' returned '0': /usr/bin/cmake --build /home/chinchia120/autoware.ai/build/sick_ldmrs_description --target install -- -j4 -l4
