[0.216s] Invoking command in '/home/chinchia120/autoware.ai/build/costmap_generator': CMAKE_PREFIX_PATH=/home/chinchia120/autoware.ai/install/object_map:/home/chinchia120/autoware.ai/install/lanelet2_extension:/home/chinchia120/autoware.ai/install/lanelet2_validation:/home/chinchia120/autoware.ai/install/lanelet2_routing:/home/chinchia120/autoware.ai/install/lanelet2_projection:/home/chinchia120/autoware.ai/install/lanelet2_traffic_rules:/home/chinchia120/autoware.ai/install/lanelet2_maps:/home/chinchia120/autoware.ai/install/lanelet2_io:/home/chinchia120/autoware.ai/install/vector_map:/home/chinchia120/autoware.ai/install/lanelet2_core:/home/chinchia120/autoware.ai/install/amathutils_lib:/home/chinchia120/autoware.ai/install/vector_map_msgs:/home/chinchia120/autoware.ai/install/autoware_msgs:/home/chinchia120/autoware.ai/install/autoware_lanelet2_msgs:/home/chinchia120/autoware.ai/install/autoware_build_flags:${CMAKE_PREFIX_PATH} LD_LIBRARY_PATH=/home/chinchia120/autoware.ai/install/object_map/lib:/home/chinchia120/autoware.ai/install/lanelet2_extension/lib:/home/chinchia120/autoware.ai/install/lanelet2_validation/lib:/home/chinchia120/autoware.ai/install/lanelet2_routing/lib:/home/chinchia120/autoware.ai/install/lanelet2_projection/lib:/home/chinchia120/autoware.ai/install/lanelet2_traffic_rules/lib:/home/chinchia120/autoware.ai/install/lanelet2_io/lib:/home/chinchia120/autoware.ai/install/vector_map/lib:/home/chinchia120/autoware.ai/install/lanelet2_core/lib:/home/chinchia120/autoware.ai/install/amathutils_lib/lib:${LD_LIBRARY_PATH} PKG_CONFIG_PATH=/home/chinchia120/autoware.ai/install/object_map/lib/x86_64-linux-gnu/pkgconfig:/home/chinchia120/autoware.ai/install/object_map/lib/pkgconfig:/home/chinchia120/autoware.ai/install/lanelet2_extension/lib/x86_64-linux-gnu/pkgconfig:/home/chinchia120/autoware.ai/install/lanelet2_extension/lib/pkgconfig:/home/chinchia120/autoware.ai/install/lanelet2_validation/lib/x86_64-linux-gnu/pkgconfig:/home/chinchia120/autoware.ai/install/lanelet2_validation/lib/pkgconfig:/home/chinchia120/autoware.ai/install/lanelet2_routing/lib/x86_64-linux-gnu/pkgconfig:/home/chinchia120/autoware.ai/install/lanelet2_routing/lib/pkgconfig:/home/chinchia120/autoware.ai/install/lanelet2_projection/lib/x86_64-linux-gnu/pkgconfig:/home/chinchia120/autoware.ai/install/lanelet2_projection/lib/pkgconfig:/home/chinchia120/autoware.ai/install/lanelet2_traffic_rules/lib/x86_64-linux-gnu/pkgconfig:/home/chinchia120/autoware.ai/install/lanelet2_traffic_rules/lib/pkgconfig:/home/chinchia120/autoware.ai/install/lanelet2_maps/lib/x86_64-linux-gnu/pkgconfig:/home/chinchia120/autoware.ai/install/lanelet2_maps/lib/pkgconfig:/home/chinchia120/autoware.ai/install/lanelet2_io/lib/x86_64-linux-gnu/pkgconfig:/home/chinchia120/autoware.ai/install/lanelet2_io/lib/pkgconfig:/home/chinchia120/autoware.ai/install/vector_map/lib/x86_64-linux-gnu/pkgconfig:/home/chinchia120/autoware.ai/install/vector_map/lib/pkgconfig:/home/chinchia120/autoware.ai/install/lanelet2_core/lib/x86_64-linux-gnu/pkgconfig:/home/chinchia120/autoware.ai/install/lanelet2_core/lib/pkgconfig:/home/chinchia120/autoware.ai/install/amathutils_lib/lib/x86_64-linux-gnu/pkgconfig:/home/chinchia120/autoware.ai/install/amathutils_lib/lib/pkgconfig:/home/chinchia120/autoware.ai/install/vector_map_msgs/lib/x86_64-linux-gnu/pkgconfig:/home/chinchia120/autoware.ai/install/vector_map_msgs/lib/pkgconfig:/home/chinchia120/autoware.ai/install/autoware_msgs/lib/x86_64-linux-gnu/pkgconfig:/home/chinchia120/autoware.ai/install/autoware_msgs/lib/pkgconfig:/home/chinchia120/autoware.ai/install/autoware_lanelet2_msgs/lib/x86_64-linux-gnu/pkgconfig:/home/chinchia120/autoware.ai/install/autoware_lanelet2_msgs/lib/pkgconfig:/home/chinchia120/autoware.ai/install/autoware_build_flags/lib/x86_64-linux-gnu/pkgconfig:/home/chinchia120/autoware.ai/install/autoware_build_flags/lib/pkgconfig:${PKG_CONFIG_PATH} PYTHONPATH=/home/chinchia120/autoware.ai/install/vector_map_msgs/lib/python2.7/dist-packages:/home/chinchia120/autoware.ai/install/autoware_msgs/lib/python2.7/dist-packages:/home/chinchia120/autoware.ai/install/autoware_lanelet2_msgs/lib/python2.7/dist-packages:${PYTHONPATH} ROS_PACKAGE_PATH=/home/chinchia120/autoware.ai/install/object_map/share:/home/chinchia120/autoware.ai/install/lanelet2_extension/share:/home/chinchia120/autoware.ai/install/lanelet2_validation/share:/home/chinchia120/autoware.ai/install/lanelet2_routing/share:/home/chinchia120/autoware.ai/install/lanelet2_projection/share:/home/chinchia120/autoware.ai/install/lanelet2_traffic_rules/share:/home/chinchia120/autoware.ai/install/lanelet2_maps/share:/home/chinchia120/autoware.ai/install/lanelet2_io/share:/home/chinchia120/autoware.ai/install/vector_map/share:/home/chinchia120/autoware.ai/install/lanelet2_core/share:/home/chinchia120/autoware.ai/install/amathutils_lib/share:/home/chinchia120/autoware.ai/install/vector_map_msgs/share:/home/chinchia120/autoware.ai/install/autoware_msgs/share:/home/chinchia120/autoware.ai/install/autoware_lanelet2_msgs/share:/home/chinchia120/autoware.ai/install/autoware_build_flags/share:${ROS_PACKAGE_PATH} /usr/bin/cmake /home/chinchia120/autoware.ai/src/autoware/core_planning/costmap_generator -DCMAKE_BUILD_TYPE=Release -DCATKIN_INSTALL_INTO_PREFIX_ROOT=0 -DCMAKE_INSTALL_PREFIX=/home/chinchia120/autoware.ai/install/costmap_generator
[0.396s] -- The C compiler identification is GNU 7.5.0
[0.548s] -- The CXX compiler identification is GNU 7.5.0
[0.560s] -- Check for working C compiler: /usr/bin/cc
[0.734s] -- Check for working C compiler: /usr/bin/cc -- works
[0.738s] -- Detecting C compiler ABI info
[0.890s] -- Detecting C compiler ABI info - done
[0.907s] -- Detecting C compile features
[1.430s] -- Detecting C compile features - done
[1.436s] -- Check for working CXX compiler: /usr/bin/c++
[1.613s] -- Check for working CXX compiler: /usr/bin/c++ -- works
[1.613s] -- Detecting CXX compiler ABI info
[1.794s] -- Detecting CXX compiler ABI info - done
[1.809s] -- Detecting CXX compile features
[2.848s] -- Detecting CXX compile features - done
[2.856s] -- CUDA compilation status: 1.
[2.862s] -- Using CATKIN_DEVEL_PREFIX: /home/chinchia120/autoware.ai/build/costmap_generator/devel
[2.864s] -- Using CMAKE_PREFIX_PATH: /home/chinchia120/autoware.ai/install/object_map;/home/chinchia120/autoware.ai/install/lanelet2_extension;/home/chinchia120/autoware.ai/install/lanelet2_validation;/home/chinchia120/autoware.ai/install/lanelet2_routing;/home/chinchia120/autoware.ai/install/lanelet2_projection;/home/chinchia120/autoware.ai/install/lanelet2_traffic_rules;/home/chinchia120/autoware.ai/install/lanelet2_maps;/home/chinchia120/autoware.ai/install/lanelet2_io;/home/chinchia120/autoware.ai/install/vector_map;/home/chinchia120/autoware.ai/install/lanelet2_core;/home/chinchia120/autoware.ai/install/amathutils_lib;/home/chinchia120/autoware.ai/install/vector_map_msgs;/home/chinchia120/autoware.ai/install/autoware_msgs;/home/chinchia120/autoware.ai/install/autoware_lanelet2_msgs;/home/chinchia120/autoware.ai/install/autoware_build_flags;/home/chinchia120/catkin_ws/devel;/opt/ros/melodic
[2.866s] -- This workspace overlays: /home/chinchia120/autoware.ai/install/object_map;/home/chinchia120/autoware.ai/install/lanelet2_extension;/home/chinchia120/autoware.ai/install/lanelet2_validation;/home/chinchia120/autoware.ai/install/lanelet2_routing;/home/chinchia120/autoware.ai/install/lanelet2_projection;/home/chinchia120/autoware.ai/install/lanelet2_traffic_rules;/home/chinchia120/autoware.ai/install/lanelet2_maps;/home/chinchia120/autoware.ai/install/lanelet2_io;/home/chinchia120/autoware.ai/install/vector_map;/home/chinchia120/autoware.ai/install/lanelet2_core;/home/chinchia120/autoware.ai/install/amathutils_lib;/home/chinchia120/autoware.ai/install/vector_map_msgs;/home/chinchia120/autoware.ai/install/autoware_msgs;/home/chinchia120/autoware.ai/install/autoware_lanelet2_msgs;/home/chinchia120/autoware.ai/install/autoware_build_flags;/home/chinchia120/catkin_ws/devel;/opt/ros/melodic
[2.900s] -- Found PythonInterp: /usr/bin/python2 (found suitable version "2.7.17", minimum required is "2") 
[2.900s] -- Using PYTHON_EXECUTABLE: /usr/bin/python2
[2.903s] -- Using Debian Python package layout
[2.903s] -- Using empy: /usr/bin/empy
[3.232s] -- Using CATKIN_ENABLE_TESTING: ON
[3.233s] -- Call enable_testing()
[3.238s] -- Using CATKIN_TEST_RESULTS_DIR: /home/chinchia120/autoware.ai/build/costmap_generator/test_results
[3.279s] -- Found gtest sources under '/usr/src/googletest': gtests will be built
[3.279s] -- Found gmock sources under '/usr/src/googletest': gmock will be built
[3.308s] -- Found PythonInterp: /usr/bin/python2 (found version "2.7.17") 
[3.310s] -- Looking for pthread.h
[3.502s] -- Looking for pthread.h - found
[3.502s] -- Looking for pthread_create
[3.694s] -- Looking for pthread_create - not found
[3.695s] -- Looking for pthread_create in pthreads
[3.842s] -- Looking for pthread_create in pthreads - not found
[3.842s] -- Looking for pthread_create in pthread
[4.014s] -- Looking for pthread_create in pthread - found
[4.017s] -- Found Threads: TRUE  
[4.025s] -- Using Python nosetests: /usr/bin/nosetests-2.7
[4.103s] -- catkin 0.7.29
[4.103s] -- BUILD_SHARED_LIBS is on
[4.516s] -- Using these message generators: gencpp;geneus;genlisp;gennodejs;genpy
[8.153s] -- Configuring done
[8.699s] -- Generating done
[8.740s] -- Build files have been written to: /home/chinchia120/autoware.ai/build/costmap_generator
[8.755s] Invoked command in '/home/chinchia120/autoware.ai/build/costmap_generator' returned '0': CMAKE_PREFIX_PATH=/home/chinchia120/autoware.ai/install/object_map:/home/chinchia120/autoware.ai/install/lanelet2_extension:/home/chinchia120/autoware.ai/install/lanelet2_validation:/home/chinchia120/autoware.ai/install/lanelet2_routing:/home/chinchia120/autoware.ai/install/lanelet2_projection:/home/chinchia120/autoware.ai/install/lanelet2_traffic_rules:/home/chinchia120/autoware.ai/install/lanelet2_maps:/home/chinchia120/autoware.ai/install/lanelet2_io:/home/chinchia120/autoware.ai/install/vector_map:/home/chinchia120/autoware.ai/install/lanelet2_core:/home/chinchia120/autoware.ai/install/amathutils_lib:/home/chinchia120/autoware.ai/install/vector_map_msgs:/home/chinchia120/autoware.ai/install/autoware_msgs:/home/chinchia120/autoware.ai/install/autoware_lanelet2_msgs:/home/chinchia120/autoware.ai/install/autoware_build_flags:${CMAKE_PREFIX_PATH} LD_LIBRARY_PATH=/home/chinchia120/autoware.ai/install/object_map/lib:/home/chinchia120/autoware.ai/install/lanelet2_extension/lib:/home/chinchia120/autoware.ai/install/lanelet2_validation/lib:/home/chinchia120/autoware.ai/install/lanelet2_routing/lib:/home/chinchia120/autoware.ai/install/lanelet2_projection/lib:/home/chinchia120/autoware.ai/install/lanelet2_traffic_rules/lib:/home/chinchia120/autoware.ai/install/lanelet2_io/lib:/home/chinchia120/autoware.ai/install/vector_map/lib:/home/chinchia120/autoware.ai/install/lanelet2_core/lib:/home/chinchia120/autoware.ai/install/amathutils_lib/lib:${LD_LIBRARY_PATH} PKG_CONFIG_PATH=/home/chinchia120/autoware.ai/install/object_map/lib/x86_64-linux-gnu/pkgconfig:/home/chinchia120/autoware.ai/install/object_map/lib/pkgconfig:/home/chinchia120/autoware.ai/install/lanelet2_extension/lib/x86_64-linux-gnu/pkgconfig:/home/chinchia120/autoware.ai/install/lanelet2_extension/lib/pkgconfig:/home/chinchia120/autoware.ai/install/lanelet2_validation/lib/x86_64-linux-gnu/pkgconfig:/home/chinchia120/autoware.ai/install/lanelet2_validation/lib/pkgconfig:/home/chinchia120/autoware.ai/install/lanelet2_routing/lib/x86_64-linux-gnu/pkgconfig:/home/chinchia120/autoware.ai/install/lanelet2_routing/lib/pkgconfig:/home/chinchia120/autoware.ai/install/lanelet2_projection/lib/x86_64-linux-gnu/pkgconfig:/home/chinchia120/autoware.ai/install/lanelet2_projection/lib/pkgconfig:/home/chinchia120/autoware.ai/install/lanelet2_traffic_rules/lib/x86_64-linux-gnu/pkgconfig:/home/chinchia120/autoware.ai/install/lanelet2_traffic_rules/lib/pkgconfig:/home/chinchia120/autoware.ai/install/lanelet2_maps/lib/x86_64-linux-gnu/pkgconfig:/home/chinchia120/autoware.ai/install/lanelet2_maps/lib/pkgconfig:/home/chinchia120/autoware.ai/install/lanelet2_io/lib/x86_64-linux-gnu/pkgconfig:/home/chinchia120/autoware.ai/install/lanelet2_io/lib/pkgconfig:/home/chinchia120/autoware.ai/install/vector_map/lib/x86_64-linux-gnu/pkgconfig:/home/chinchia120/autoware.ai/install/vector_map/lib/pkgconfig:/home/chinchia120/autoware.ai/install/lanelet2_core/lib/x86_64-linux-gnu/pkgconfig:/home/chinchia120/autoware.ai/install/lanelet2_core/lib/pkgconfig:/home/chinchia120/autoware.ai/install/amathutils_lib/lib/x86_64-linux-gnu/pkgconfig:/home/chinchia120/autoware.ai/install/amathutils_lib/lib/pkgconfig:/home/chinchia120/autoware.ai/install/vector_map_msgs/lib/x86_64-linux-gnu/pkgconfig:/home/chinchia120/autoware.ai/install/vector_map_msgs/lib/pkgconfig:/home/chinchia120/autoware.ai/install/autoware_msgs/lib/x86_64-linux-gnu/pkgconfig:/home/chinchia120/autoware.ai/install/autoware_msgs/lib/pkgconfig:/home/chinchia120/autoware.ai/install/autoware_lanelet2_msgs/lib/x86_64-linux-gnu/pkgconfig:/home/chinchia120/autoware.ai/install/autoware_lanelet2_msgs/lib/pkgconfig:/home/chinchia120/autoware.ai/install/autoware_build_flags/lib/x86_64-linux-gnu/pkgconfig:/home/chinchia120/autoware.ai/install/autoware_build_flags/lib/pkgconfig:${PKG_CONFIG_PATH} PYTHONPATH=/home/chinchia120/autoware.ai/install/vector_map_msgs/lib/python2.7/dist-packages:/home/chinchia120/autoware.ai/install/autoware_msgs/lib/python2.7/dist-packages:/home/chinchia120/autoware.ai/install/autoware_lanelet2_msgs/lib/python2.7/dist-packages:${PYTHONPATH} ROS_PACKAGE_PATH=/home/chinchia120/autoware.ai/install/object_map/share:/home/chinchia120/autoware.ai/install/lanelet2_extension/share:/home/chinchia120/autoware.ai/install/lanelet2_validation/share:/home/chinchia120/autoware.ai/install/lanelet2_routing/share:/home/chinchia120/autoware.ai/install/lanelet2_projection/share:/home/chinchia120/autoware.ai/install/lanelet2_traffic_rules/share:/home/chinchia120/autoware.ai/install/lanelet2_maps/share:/home/chinchia120/autoware.ai/install/lanelet2_io/share:/home/chinchia120/autoware.ai/install/vector_map/share:/home/chinchia120/autoware.ai/install/lanelet2_core/share:/home/chinchia120/autoware.ai/install/amathutils_lib/share:/home/chinchia120/autoware.ai/install/vector_map_msgs/share:/home/chinchia120/autoware.ai/install/autoware_msgs/share:/home/chinchia120/autoware.ai/install/autoware_lanelet2_msgs/share:/home/chinchia120/autoware.ai/install/autoware_build_flags/share:${ROS_PACKAGE_PATH} /usr/bin/cmake /home/chinchia120/autoware.ai/src/autoware/core_planning/costmap_generator -DCMAKE_BUILD_TYPE=Release -DCATKIN_INSTALL_INTO_PREFIX_ROOT=0 -DCMAKE_INSTALL_PREFIX=/home/chinchia120/autoware.ai/install/costmap_generator
[8.757s] Invoking command in '/home/chinchia120/autoware.ai/build/costmap_generator': CMAKE_PREFIX_PATH=/home/chinchia120/autoware.ai/install/object_map:/home/chinchia120/autoware.ai/install/lanelet2_extension:/home/chinchia120/autoware.ai/install/lanelet2_validation:/home/chinchia120/autoware.ai/install/lanelet2_routing:/home/chinchia120/autoware.ai/install/lanelet2_projection:/home/chinchia120/autoware.ai/install/lanelet2_traffic_rules:/home/chinchia120/autoware.ai/install/lanelet2_maps:/home/chinchia120/autoware.ai/install/lanelet2_io:/home/chinchia120/autoware.ai/install/vector_map:/home/chinchia120/autoware.ai/install/lanelet2_core:/home/chinchia120/autoware.ai/install/amathutils_lib:/home/chinchia120/autoware.ai/install/vector_map_msgs:/home/chinchia120/autoware.ai/install/autoware_msgs:/home/chinchia120/autoware.ai/install/autoware_lanelet2_msgs:/home/chinchia120/autoware.ai/install/autoware_build_flags:${CMAKE_PREFIX_PATH} LD_LIBRARY_PATH=/home/chinchia120/autoware.ai/install/object_map/lib:/home/chinchia120/autoware.ai/install/lanelet2_extension/lib:/home/chinchia120/autoware.ai/install/lanelet2_validation/lib:/home/chinchia120/autoware.ai/install/lanelet2_routing/lib:/home/chinchia120/autoware.ai/install/lanelet2_projection/lib:/home/chinchia120/autoware.ai/install/lanelet2_traffic_rules/lib:/home/chinchia120/autoware.ai/install/lanelet2_io/lib:/home/chinchia120/autoware.ai/install/vector_map/lib:/home/chinchia120/autoware.ai/install/lanelet2_core/lib:/home/chinchia120/autoware.ai/install/amathutils_lib/lib:${LD_LIBRARY_PATH} PKG_CONFIG_PATH=/home/chinchia120/autoware.ai/install/object_map/lib/x86_64-linux-gnu/pkgconfig:/home/chinchia120/autoware.ai/install/object_map/lib/pkgconfig:/home/chinchia120/autoware.ai/install/lanelet2_extension/lib/x86_64-linux-gnu/pkgconfig:/home/chinchia120/autoware.ai/install/lanelet2_extension/lib/pkgconfig:/home/chinchia120/autoware.ai/install/lanelet2_validation/lib/x86_64-linux-gnu/pkgconfig:/home/chinchia120/autoware.ai/install/lanelet2_validation/lib/pkgconfig:/home/chinchia120/autoware.ai/install/lanelet2_routing/lib/x86_64-linux-gnu/pkgconfig:/home/chinchia120/autoware.ai/install/lanelet2_routing/lib/pkgconfig:/home/chinchia120/autoware.ai/install/lanelet2_projection/lib/x86_64-linux-gnu/pkgconfig:/home/chinchia120/autoware.ai/install/lanelet2_projection/lib/pkgconfig:/home/chinchia120/autoware.ai/install/lanelet2_traffic_rules/lib/x86_64-linux-gnu/pkgconfig:/home/chinchia120/autoware.ai/install/lanelet2_traffic_rules/lib/pkgconfig:/home/chinchia120/autoware.ai/install/lanelet2_maps/lib/x86_64-linux-gnu/pkgconfig:/home/chinchia120/autoware.ai/install/lanelet2_maps/lib/pkgconfig:/home/chinchia120/autoware.ai/install/lanelet2_io/lib/x86_64-linux-gnu/pkgconfig:/home/chinchia120/autoware.ai/install/lanelet2_io/lib/pkgconfig:/home/chinchia120/autoware.ai/install/vector_map/lib/x86_64-linux-gnu/pkgconfig:/home/chinchia120/autoware.ai/install/vector_map/lib/pkgconfig:/home/chinchia120/autoware.ai/install/lanelet2_core/lib/x86_64-linux-gnu/pkgconfig:/home/chinchia120/autoware.ai/install/lanelet2_core/lib/pkgconfig:/home/chinchia120/autoware.ai/install/amathutils_lib/lib/x86_64-linux-gnu/pkgconfig:/home/chinchia120/autoware.ai/install/amathutils_lib/lib/pkgconfig:/home/chinchia120/autoware.ai/install/vector_map_msgs/lib/x86_64-linux-gnu/pkgconfig:/home/chinchia120/autoware.ai/install/vector_map_msgs/lib/pkgconfig:/home/chinchia120/autoware.ai/install/autoware_msgs/lib/x86_64-linux-gnu/pkgconfig:/home/chinchia120/autoware.ai/install/autoware_msgs/lib/pkgconfig:/home/chinchia120/autoware.ai/install/autoware_lanelet2_msgs/lib/x86_64-linux-gnu/pkgconfig:/home/chinchia120/autoware.ai/install/autoware_lanelet2_msgs/lib/pkgconfig:/home/chinchia120/autoware.ai/install/autoware_build_flags/lib/x86_64-linux-gnu/pkgconfig:/home/chinchia120/autoware.ai/install/autoware_build_flags/lib/pkgconfig:${PKG_CONFIG_PATH} PYTHONPATH=/home/chinchia120/autoware.ai/install/vector_map_msgs/lib/python2.7/dist-packages:/home/chinchia120/autoware.ai/install/autoware_msgs/lib/python2.7/dist-packages:/home/chinchia120/autoware.ai/install/autoware_lanelet2_msgs/lib/python2.7/dist-packages:${PYTHONPATH} ROS_PACKAGE_PATH=/home/chinchia120/autoware.ai/install/object_map/share:/home/chinchia120/autoware.ai/install/lanelet2_extension/share:/home/chinchia120/autoware.ai/install/lanelet2_validation/share:/home/chinchia120/autoware.ai/install/lanelet2_routing/share:/home/chinchia120/autoware.ai/install/lanelet2_projection/share:/home/chinchia120/autoware.ai/install/lanelet2_traffic_rules/share:/home/chinchia120/autoware.ai/install/lanelet2_maps/share:/home/chinchia120/autoware.ai/install/lanelet2_io/share:/home/chinchia120/autoware.ai/install/vector_map/share:/home/chinchia120/autoware.ai/install/lanelet2_core/share:/home/chinchia120/autoware.ai/install/amathutils_lib/share:/home/chinchia120/autoware.ai/install/vector_map_msgs/share:/home/chinchia120/autoware.ai/install/autoware_msgs/share:/home/chinchia120/autoware.ai/install/autoware_lanelet2_msgs/share:/home/chinchia120/autoware.ai/install/autoware_build_flags/share:${ROS_PACKAGE_PATH} /usr/bin/cmake --build /home/chinchia120/autoware.ai/build/costmap_generator -- -j4 -l4
[8.889s] [35m[1mScanning dependencies of target tf_generate_messages_eus[0m
[8.925s] [  0%] Built target tf_generate_messages_eus
[8.955s] [35m[1mScanning dependencies of target autoware_lanelet2_msgs_generate_messages_cpp[0m
[8.978s] [  0%] Built target autoware_lanelet2_msgs_generate_messages_cpp
[9.005s] [35m[1mScanning dependencies of target vector_map_msgs_generate_messages_py[0m
[9.042s] [  0%] Built target vector_map_msgs_generate_messages_py
[9.069s] [35m[1mScanning dependencies of target vector_map_msgs_generate_messages_lisp[0m
[9.098s] [  0%] Built target vector_map_msgs_generate_messages_lisp
[9.124s] [35m[1mScanning dependencies of target vector_map_msgs_generate_messages_eus[0m
[9.155s] [  0%] Built target vector_map_msgs_generate_messages_eus
[9.180s] [35m[1mScanning dependencies of target vector_map_msgs_generate_messages_cpp[0m
[9.205s] [  0%] Built target vector_map_msgs_generate_messages_cpp
[9.229s] [35m[1mScanning dependencies of target vector_map_msgs_generate_messages_nodejs[0m
[9.256s] [  0%] Built target vector_map_msgs_generate_messages_nodejs
[9.283s] [35m[1mScanning dependencies of target bond_generate_messages_py[0m
[9.320s] [  0%] Built target bond_generate_messages_py
[9.351s] [35m[1mScanning dependencies of target bond_generate_messages_nodejs[0m
[9.385s] [  0%] Built target bond_generate_messages_nodejs
[9.419s] [35m[1mScanning dependencies of target bond_generate_messages_lisp[0m
[9.456s] [  0%] Built target bond_generate_messages_lisp
[9.492s] [35m[1mScanning dependencies of target bond_generate_messages_eus[0m
[9.526s] [  0%] Built target bond_generate_messages_eus
[9.560s] [35m[1mScanning dependencies of target bond_generate_messages_cpp[0m
[9.596s] [  0%] Built target bond_generate_messages_cpp
[9.633s] [35m[1mScanning dependencies of target nodelet_generate_messages_nodejs[0m
[9.668s] [  0%] Built target nodelet_generate_messages_nodejs
[9.699s] [35m[1mScanning dependencies of target nodelet_generate_messages_eus[0m
[9.732s] [  0%] Built target nodelet_generate_messages_eus
[9.770s] [35m[1mScanning dependencies of target nodelet_generate_messages_cpp[0m
[9.810s] [  0%] Built target nodelet_generate_messages_cpp
[9.847s] [35m[1mScanning dependencies of target dynamic_reconfigure_generate_messages_py[0m
[9.883s] [  0%] Built target dynamic_reconfigure_generate_messages_py
[9.918s] [35m[1mScanning dependencies of target dynamic_reconfigure_generate_messages_nodejs[0m
[9.956s] [  0%] Built target dynamic_reconfigure_generate_messages_nodejs
[10.001s] [35m[1mScanning dependencies of target dynamic_reconfigure_generate_messages_lisp[0m
[10.041s] [  0%] Built target dynamic_reconfigure_generate_messages_lisp
[10.082s] [35m[1mScanning dependencies of target dynamic_reconfigure_generate_messages_eus[0m
[10.128s] [  0%] Built target dynamic_reconfigure_generate_messages_eus
[10.167s] [35m[1mScanning dependencies of target pcl_ros_gencfg[0m
[10.201s] [  0%] Built target pcl_ros_gencfg
[10.233s] [35m[1mScanning dependencies of target visualization_msgs_generate_messages_py[0m
[10.269s] [  0%] Built target visualization_msgs_generate_messages_py
[10.297s] [35m[1mScanning dependencies of target visualization_msgs_generate_messages_nodejs[0m
[10.322s] [  0%] Built target visualization_msgs_generate_messages_nodejs
[10.362s] [35m[1mScanning dependencies of target visualization_msgs_generate_messages_eus[0m
[10.392s] [  0%] Built target visualization_msgs_generate_messages_eus
[10.427s] [35m[1mScanning dependencies of target tf2_msgs_generate_messages_nodejs[0m
[10.459s] [  0%] Built target tf2_msgs_generate_messages_nodejs
[10.486s] [35m[1mScanning dependencies of target tf2_msgs_generate_messages_cpp[0m
[10.518s] [  0%] Built target tf2_msgs_generate_messages_cpp
[10.542s] [35m[1mScanning dependencies of target tf2_msgs_generate_messages_py[0m
[10.570s] [  0%] Built target tf2_msgs_generate_messages_py
[10.606s] [35m[1mScanning dependencies of target actionlib_generate_messages_py[0m
[10.636s] [  0%] Built target actionlib_generate_messages_py
[10.667s] [35m[1mScanning dependencies of target actionlib_generate_messages_cpp[0m
[10.698s] [  0%] Built target actionlib_generate_messages_cpp
[10.732s] [35m[1mScanning dependencies of target dynamic_reconfigure_generate_messages_cpp[0m
[10.774s] [  0%] Built target dynamic_reconfigure_generate_messages_cpp
[10.805s] [35m[1mScanning dependencies of target tf_generate_messages_py[0m
[10.830s] [  0%] Built target tf_generate_messages_py
[10.857s] [35m[1mScanning dependencies of target tf_generate_messages_nodejs[0m
[10.884s] [  0%] Built target tf_generate_messages_nodejs
[10.907s] [35m[1mScanning dependencies of target tf_generate_messages_lisp[0m
[10.935s] [  0%] Built target tf_generate_messages_lisp
[10.961s] [35m[1mScanning dependencies of target geometry_msgs_generate_messages_py[0m
[10.985s] [  0%] Built target geometry_msgs_generate_messages_py
[11.009s] [35m[1mScanning dependencies of target sensor_msgs_generate_messages_nodejs[0m
[11.032s] [  0%] Built target sensor_msgs_generate_messages_nodejs
[11.058s] [35m[1mScanning dependencies of target roscpp_generate_messages_cpp[0m
[11.082s] [  0%] Built target roscpp_generate_messages_cpp
[11.107s] [35m[1mScanning dependencies of target pcl_msgs_generate_messages_eus[0m
[11.137s] [  0%] Built target pcl_msgs_generate_messages_eus
[11.168s] [35m[1mScanning dependencies of target rosgraph_msgs_generate_messages_eus[0m
[11.201s] [  0%] Built target rosgraph_msgs_generate_messages_eus
[11.224s] [35m[1mScanning dependencies of target jsk_recognition_msgs_generate_messages_lisp[0m
[11.250s] [  0%] Built target jsk_recognition_msgs_generate_messages_lisp
[11.282s] [35m[1mScanning dependencies of target jsk_recognition_msgs_generate_messages_eus[0m
[11.316s] [  0%] Built target jsk_recognition_msgs_generate_messages_eus
[11.349s] [35m[1mScanning dependencies of target std_msgs_generate_messages_py[0m
[11.383s] [  0%] Built target std_msgs_generate_messages_py
[11.413s] [35m[1mScanning dependencies of target nodelet_generate_messages_lisp[0m
[11.437s] [  0%] Built target nodelet_generate_messages_lisp
[11.466s] [35m[1mScanning dependencies of target autoware_msgs_generate_messages_py[0m
[11.493s] [  0%] Built target autoware_msgs_generate_messages_py
[11.517s] [35m[1mScanning dependencies of target std_msgs_generate_messages_nodejs[0m
[11.552s] [  0%] Built target std_msgs_generate_messages_nodejs
[11.582s] [35m[1mScanning dependencies of target sensor_msgs_generate_messages_eus[0m
[11.607s] [  0%] Built target sensor_msgs_generate_messages_eus
[11.631s] [35m[1mScanning dependencies of target sensor_msgs_generate_messages_cpp[0m
[11.657s] [  0%] Built target sensor_msgs_generate_messages_cpp
[11.681s] [35m[1mScanning dependencies of target autoware_msgs_generate_messages_cpp[0m
[11.713s] [  0%] Built target autoware_msgs_generate_messages_cpp
[11.740s] [35m[1mScanning dependencies of target rosgraph_msgs_generate_messages_cpp[0m
[11.766s] [  0%] Built target rosgraph_msgs_generate_messages_cpp
[11.801s] [35m[1mScanning dependencies of target topic_tools_generate_messages_cpp[0m
[11.832s] [  0%] Built target topic_tools_generate_messages_cpp
[11.864s] [35m[1mScanning dependencies of target jsk_recognition_msgs_generate_messages_py[0m
[11.892s] [  0%] Built target jsk_recognition_msgs_generate_messages_py
[11.926s] [35m[1mScanning dependencies of target nodelet_generate_messages_py[0m
[11.960s] [  0%] Built target nodelet_generate_messages_py
[11.992s] [35m[1mScanning dependencies of target sensor_msgs_generate_messages_py[0m
[12.020s] [  0%] Built target sensor_msgs_generate_messages_py
[12.047s] [35m[1mScanning dependencies of target std_msgs_generate_messages_cpp[0m
[12.082s] [  0%] Built target std_msgs_generate_messages_cpp
[12.111s] [35m[1mScanning dependencies of target jsk_footstep_msgs_generate_messages_py[0m
[12.143s] [  0%] Built target jsk_footstep_msgs_generate_messages_py
[12.176s] [35m[1mScanning dependencies of target nav_msgs_generate_messages_nodejs[0m
[12.205s] [  0%] Built target nav_msgs_generate_messages_nodejs
[12.237s] [35m[1mScanning dependencies of target geometry_msgs_generate_messages_eus[0m
[12.269s] [  0%] Built target geometry_msgs_generate_messages_eus
[12.295s] [35m[1mScanning dependencies of target std_msgs_generate_messages_lisp[0m
[12.328s] [  0%] Built target std_msgs_generate_messages_lisp
[12.364s] [35m[1mScanning dependencies of target roscpp_generate_messages_nodejs[0m
[12.392s] [  0%] Built target roscpp_generate_messages_nodejs
[12.440s] [35m[1mScanning dependencies of target geometry_msgs_generate_messages_nodejs[0m
[12.481s] [  0%] Built target geometry_msgs_generate_messages_nodejs
[12.508s] [35m[1mScanning dependencies of target actionlib_generate_messages_eus[0m
[12.537s] [  0%] Built target actionlib_generate_messages_eus
[12.564s] [35m[1mScanning dependencies of target pcl_msgs_generate_messages_py[0m
[12.592s] [  0%] Built target pcl_msgs_generate_messages_py
[12.628s] [35m[1mScanning dependencies of target geometry_msgs_generate_messages_lisp[0m
[12.661s] [  0%] Built target geometry_msgs_generate_messages_lisp
[12.694s] [35m[1mScanning dependencies of target actionlib_generate_messages_lisp[0m
[12.721s] [  0%] Built target actionlib_generate_messages_lisp
[12.746s] [35m[1mScanning dependencies of target geometry_msgs_generate_messages_cpp[0m
[12.782s] [  0%] Built target geometry_msgs_generate_messages_cpp
[12.817s] [35m[1mScanning dependencies of target pcl_msgs_generate_messages_cpp[0m
[12.853s] [  0%] Built target pcl_msgs_generate_messages_cpp
[12.886s] [35m[1mScanning dependencies of target autoware_msgs_generate_messages_eus[0m
[12.910s] [  0%] Built target autoware_msgs_generate_messages_eus
[12.934s] [35m[1mScanning dependencies of target autoware_msgs_generate_messages_lisp[0m
[12.967s] [  0%] Built target autoware_msgs_generate_messages_lisp
[13.001s] [35m[1mScanning dependencies of target topic_tools_generate_messages_eus[0m
[13.026s] [  0%] Built target topic_tools_generate_messages_eus
[13.055s] [35m[1mScanning dependencies of target visualization_msgs_generate_messages_lisp[0m
[13.082s] [  0%] Built target visualization_msgs_generate_messages_lisp
[13.111s] [35m[1mScanning dependencies of target std_msgs_generate_messages_eus[0m
[13.140s] [  0%] Built target std_msgs_generate_messages_eus
[13.172s] [35m[1mScanning dependencies of target autoware_msgs_generate_messages_nodejs[0m
[13.202s] [  0%] Built target autoware_msgs_generate_messages_nodejs
[13.227s] [35m[1mScanning dependencies of target jsk_footstep_msgs_generate_messages_eus[0m
[13.251s] [  0%] Built target jsk_footstep_msgs_generate_messages_eus
[13.279s] [35m[1mScanning dependencies of target actionlib_msgs_generate_messages_py[0m
[13.311s] [  0%] Built target actionlib_msgs_generate_messages_py
[13.338s] [35m[1mScanning dependencies of target visualization_msgs_generate_messages_cpp[0m
[13.369s] [  0%] Built target visualization_msgs_generate_messages_cpp
[13.394s] [35m[1mScanning dependencies of target tf2_msgs_generate_messages_eus[0m
[13.424s] [  0%] Built target tf2_msgs_generate_messages_eus
[13.454s] [35m[1mScanning dependencies of target nav_msgs_generate_messages_eus[0m
[13.490s] [  0%] Built target nav_msgs_generate_messages_eus
[13.520s] [35m[1mScanning dependencies of target jsk_footstep_msgs_generate_messages_lisp[0m
[13.556s] [  0%] Built target jsk_footstep_msgs_generate_messages_lisp
[13.586s] [35m[1mScanning dependencies of target jsk_footstep_msgs_generate_messages_nodejs[0m
[13.615s] [  0%] Built target jsk_footstep_msgs_generate_messages_nodejs
[13.650s] [35m[1mScanning dependencies of target grid_map_msgs_generate_messages_nodejs[0m
[13.688s] [  0%] Built target grid_map_msgs_generate_messages_nodejs
[13.717s] [35m[1mScanning dependencies of target std_srvs_generate_messages_cpp[0m
[13.742s] [  0%] Built target std_srvs_generate_messages_cpp
[13.771s] [35m[1mScanning dependencies of target actionlib_msgs_generate_messages_lisp[0m
[13.807s] [  0%] Built target actionlib_msgs_generate_messages_lisp
[13.837s] [35m[1mScanning dependencies of target grid_map_msgs_generate_messages_lisp[0m
[13.877s] [  0%] Built target grid_map_msgs_generate_messages_lisp
[13.905s] [35m[1mScanning dependencies of target autoware_lanelet2_msgs_generate_messages_py[0m
[13.932s] [  0%] Built target autoware_lanelet2_msgs_generate_messages_py
[13.959s] [35m[1mScanning dependencies of target jsk_recognition_msgs_generate_messages_nodejs[0m
[13.986s] [  0%] Built target jsk_recognition_msgs_generate_messages_nodejs
[14.021s] [35m[1mScanning dependencies of target std_srvs_generate_messages_eus[0m
[14.058s] [  0%] Built target std_srvs_generate_messages_eus
[14.091s] [35m[1mScanning dependencies of target roscpp_generate_messages_lisp[0m
[14.125s] [  0%] Built target roscpp_generate_messages_lisp
[14.158s] [35m[1mScanning dependencies of target grid_map_msgs_generate_messages_eus[0m
[14.195s] [  0%] Built target grid_map_msgs_generate_messages_eus
[14.223s] [35m[1mScanning dependencies of target rosgraph_msgs_generate_messages_lisp[0m
[14.266s] [  0%] Built target rosgraph_msgs_generate_messages_lisp
[14.294s] [35m[1mScanning dependencies of target rosgraph_msgs_generate_messages_nodejs[0m
[14.319s] [  0%] Built target rosgraph_msgs_generate_messages_nodejs
[14.346s] [35m[1mScanning dependencies of target roscpp_generate_messages_eus[0m
[14.383s] [  0%] Built target roscpp_generate_messages_eus
[14.415s] [35m[1mScanning dependencies of target actionlib_msgs_generate_messages_eus[0m
[14.445s] [  0%] Built target actionlib_msgs_generate_messages_eus
[14.481s] [35m[1mScanning dependencies of target rosgraph_msgs_generate_messages_py[0m
[14.510s] [  0%] Built target rosgraph_msgs_generate_messages_py
[14.535s] [35m[1mScanning dependencies of target autoware_lanelet2_msgs_generate_messages_nodejs[0m
[14.561s] [  0%] Built target autoware_lanelet2_msgs_generate_messages_nodejs
[14.589s] [35m[1mScanning dependencies of target roscpp_generate_messages_py[0m
[14.625s] [  0%] Built target roscpp_generate_messages_py
[14.665s] [35m[1mScanning dependencies of target grid_map_msgs_generate_messages_cpp[0m
[14.695s] [  0%] Built target grid_map_msgs_generate_messages_cpp
[14.719s] [35m[1mScanning dependencies of target grid_map_msgs_generate_messages_py[0m
[14.751s] [  0%] Built target grid_map_msgs_generate_messages_py
[14.779s] [35m[1mScanning dependencies of target sensor_msgs_generate_messages_lisp[0m
[14.811s] [  0%] Built target sensor_msgs_generate_messages_lisp
[14.839s] [35m[1mScanning dependencies of target nav_msgs_generate_messages_cpp[0m
[14.874s] [  0%] Built target nav_msgs_generate_messages_cpp
[14.905s] [35m[1mScanning dependencies of target pcl_msgs_generate_messages_nodejs[0m
[14.929s] [  0%] Built target pcl_msgs_generate_messages_nodejs
[14.953s] [35m[1mScanning dependencies of target nav_msgs_generate_messages_lisp[0m
[14.983s] [  0%] Built target nav_msgs_generate_messages_lisp
[15.011s] [35m[1mScanning dependencies of target dynamic_reconfigure_gencfg[0m
[15.042s] [  0%] Built target dynamic_reconfigure_gencfg
[15.070s] [35m[1mScanning dependencies of target tf2_msgs_generate_messages_lisp[0m
[15.103s] [  0%] Built target tf2_msgs_generate_messages_lisp
[15.138s] [35m[1mScanning dependencies of target nav_msgs_generate_messages_py[0m
[15.182s] [  0%] Built target nav_msgs_generate_messages_py
[15.218s] [35m[1mScanning dependencies of target _catkin_empty_exported_target[0m
[15.257s] [  0%] Built target _catkin_empty_exported_target
[15.297s] [35m[1mScanning dependencies of target std_srvs_generate_messages_lisp[0m
[15.333s] [  0%] Built target std_srvs_generate_messages_lisp
[15.372s] [35m[1mScanning dependencies of target jsk_recognition_msgs_generate_messages_cpp[0m
[15.405s] [  0%] Built target jsk_recognition_msgs_generate_messages_cpp
[15.441s] [35m[1mScanning dependencies of target topic_tools_generate_messages_lisp[0m
[15.477s] [  0%] Built target topic_tools_generate_messages_lisp
[15.506s] [35m[1mScanning dependencies of target std_srvs_generate_messages_nodejs[0m
[15.544s] [  0%] Built target std_srvs_generate_messages_nodejs
[15.582s] [35m[1mScanning dependencies of target std_srvs_generate_messages_py[0m
[15.618s] [  0%] Built target std_srvs_generate_messages_py
[15.647s] [35m[1mScanning dependencies of target topic_tools_generate_messages_nodejs[0m
[15.680s] [  0%] Built target topic_tools_generate_messages_nodejs
[15.706s] [35m[1mScanning dependencies of target nodelet_topic_tools_gencfg[0m
[15.742s] [  0%] Built target nodelet_topic_tools_gencfg
[15.773s] [35m[1mScanning dependencies of target actionlib_msgs_generate_messages_nodejs[0m
[15.799s] [  0%] Built target actionlib_msgs_generate_messages_nodejs
[15.825s] [35m[1mScanning dependencies of target topic_tools_generate_messages_py[0m
[15.851s] [  0%] Built target topic_tools_generate_messages_py
[15.879s] [35m[1mScanning dependencies of target actionlib_generate_messages_nodejs[0m
[15.916s] [  0%] Built target actionlib_generate_messages_nodejs
[15.941s] [35m[1mScanning dependencies of target pcl_msgs_generate_messages_lisp[0m
[15.973s] [  0%] Built target pcl_msgs_generate_messages_lisp
[16.003s] [35m[1mScanning dependencies of target tf_generate_messages_cpp[0m
[16.028s] [  0%] Built target tf_generate_messages_cpp
[16.053s] [35m[1mScanning dependencies of target jsk_footstep_msgs_generate_messages_cpp[0m
[16.082s] [  0%] Built target jsk_footstep_msgs_generate_messages_cpp
[16.111s] [35m[1mScanning dependencies of target actionlib_msgs_generate_messages_cpp[0m
[16.147s] [  0%] Built target actionlib_msgs_generate_messages_cpp
[16.186s] [35m[1mScanning dependencies of target autoware_lanelet2_msgs_generate_messages_eus[0m
[16.221s] [  0%] Built target autoware_lanelet2_msgs_generate_messages_eus
[16.254s] [35m[1mScanning dependencies of target autoware_lanelet2_msgs_generate_messages_lisp[0m
[16.292s] [  0%] Built target autoware_lanelet2_msgs_generate_messages_lisp
[16.331s] [35m[1mScanning dependencies of target costmap_generator_lanelet2[0m
[16.656s] [  6%] [32mBuilding CXX object CMakeFiles/costmap_generator_lanelet2.dir/nodes/costmap_generator/costmap_generator_lanelet2_node.cpp.o[0m
[42.295s] [ 13%] [32mBuilding CXX object CMakeFiles/costmap_generator_lanelet2.dir/nodes/costmap_generator/costmap_generator_lanelet2.cpp.o[0m
[73.364s] [ 20%] [32mBuilding CXX object CMakeFiles/costmap_generator_lanelet2.dir/nodes/costmap_generator/points_to_costmap.cpp.o[0m
[90.893s] [ 26%] [32mBuilding CXX object CMakeFiles/costmap_generator_lanelet2.dir/nodes/costmap_generator/objects_to_costmap.cpp.o[0m
[100.320s] [ 33%] [32m[1mLinking CXX executable devel/lib/costmap_generator/costmap_generator_lanelet2[0m
[102.131s] [ 33%] Built target costmap_generator_lanelet2
[102.162s] [35m[1mScanning dependencies of target costmap_generator_lib[0m
[102.452s] [ 40%] [32mBuilding CXX object CMakeFiles/costmap_generator_lib.dir/nodes/costmap_generator/costmap_generator_node.cpp.o[0m
[117.541s] [ 46%] [32mBuilding CXX object CMakeFiles/costmap_generator_lib.dir/nodes/costmap_generator/points_to_costmap.cpp.o[0m
[131.360s] [ 53%] [32mBuilding CXX object CMakeFiles/costmap_generator_lib.dir/nodes/costmap_generator/objects_to_costmap.cpp.o[0m
[139.112s] [ 60%] [32mBuilding CXX object CMakeFiles/costmap_generator_lib.dir/nodes/costmap_generator/costmap_generator.cpp.o[0m
[165.134s] [ 66%] [32m[1mLinking CXX shared library devel/lib/libcostmap_generator_lib.so[0m
[166.433s] [ 66%] Built target costmap_generator_lib
[166.469s] [35m[1mScanning dependencies of target costmap_generator[0m
[166.771s] [ 73%] [32mBuilding CXX object CMakeFiles/costmap_generator.dir/nodes/costmap_generator/costmap_generator_node.cpp.o[0m
[183.325s] [ 80%] [32mBuilding CXX object CMakeFiles/costmap_generator.dir/nodes/costmap_generator/objects_to_costmap.cpp.o[0m
[191.105s] [ 86%] [32mBuilding CXX object CMakeFiles/costmap_generator.dir/nodes/costmap_generator/points_to_costmap.cpp.o[0m
[205.952s] [ 93%] [32mBuilding CXX object CMakeFiles/costmap_generator.dir/nodes/costmap_generator/costmap_generator.cpp.o[0m
[230.644s] [100%] [32m[1mLinking CXX executable devel/lib/costmap_generator/costmap_generator[0m
[232.305s] [100%] Built target costmap_generator
[232.450s] Invoked command in '/home/chinchia120/autoware.ai/build/costmap_generator' returned '0': CMAKE_PREFIX_PATH=/home/chinchia120/autoware.ai/install/object_map:/home/chinchia120/autoware.ai/install/lanelet2_extension:/home/chinchia120/autoware.ai/install/lanelet2_validation:/home/chinchia120/autoware.ai/install/lanelet2_routing:/home/chinchia120/autoware.ai/install/lanelet2_projection:/home/chinchia120/autoware.ai/install/lanelet2_traffic_rules:/home/chinchia120/autoware.ai/install/lanelet2_maps:/home/chinchia120/autoware.ai/install/lanelet2_io:/home/chinchia120/autoware.ai/install/vector_map:/home/chinchia120/autoware.ai/install/lanelet2_core:/home/chinchia120/autoware.ai/install/amathutils_lib:/home/chinchia120/autoware.ai/install/vector_map_msgs:/home/chinchia120/autoware.ai/install/autoware_msgs:/home/chinchia120/autoware.ai/install/autoware_lanelet2_msgs:/home/chinchia120/autoware.ai/install/autoware_build_flags:${CMAKE_PREFIX_PATH} LD_LIBRARY_PATH=/home/chinchia120/autoware.ai/install/object_map/lib:/home/chinchia120/autoware.ai/install/lanelet2_extension/lib:/home/chinchia120/autoware.ai/install/lanelet2_validation/lib:/home/chinchia120/autoware.ai/install/lanelet2_routing/lib:/home/chinchia120/autoware.ai/install/lanelet2_projection/lib:/home/chinchia120/autoware.ai/install/lanelet2_traffic_rules/lib:/home/chinchia120/autoware.ai/install/lanelet2_io/lib:/home/chinchia120/autoware.ai/install/vector_map/lib:/home/chinchia120/autoware.ai/install/lanelet2_core/lib:/home/chinchia120/autoware.ai/install/amathutils_lib/lib:${LD_LIBRARY_PATH} PKG_CONFIG_PATH=/home/chinchia120/autoware.ai/install/object_map/lib/x86_64-linux-gnu/pkgconfig:/home/chinchia120/autoware.ai/install/object_map/lib/pkgconfig:/home/chinchia120/autoware.ai/install/lanelet2_extension/lib/x86_64-linux-gnu/pkgconfig:/home/chinchia120/autoware.ai/install/lanelet2_extension/lib/pkgconfig:/home/chinchia120/autoware.ai/install/lanelet2_validation/lib/x86_64-linux-gnu/pkgconfig:/home/chinchia120/autoware.ai/install/lanelet2_validation/lib/pkgconfig:/home/chinchia120/autoware.ai/install/lanelet2_routing/lib/x86_64-linux-gnu/pkgconfig:/home/chinchia120/autoware.ai/install/lanelet2_routing/lib/pkgconfig:/home/chinchia120/autoware.ai/install/lanelet2_projection/lib/x86_64-linux-gnu/pkgconfig:/home/chinchia120/autoware.ai/install/lanelet2_projection/lib/pkgconfig:/home/chinchia120/autoware.ai/install/lanelet2_traffic_rules/lib/x86_64-linux-gnu/pkgconfig:/home/chinchia120/autoware.ai/install/lanelet2_traffic_rules/lib/pkgconfig:/home/chinchia120/autoware.ai/install/lanelet2_maps/lib/x86_64-linux-gnu/pkgconfig:/home/chinchia120/autoware.ai/install/lanelet2_maps/lib/pkgconfig:/home/chinchia120/autoware.ai/install/lanelet2_io/lib/x86_64-linux-gnu/pkgconfig:/home/chinchia120/autoware.ai/install/lanelet2_io/lib/pkgconfig:/home/chinchia120/autoware.ai/install/vector_map/lib/x86_64-linux-gnu/pkgconfig:/home/chinchia120/autoware.ai/install/vector_map/lib/pkgconfig:/home/chinchia120/autoware.ai/install/lanelet2_core/lib/x86_64-linux-gnu/pkgconfig:/home/chinchia120/autoware.ai/install/lanelet2_core/lib/pkgconfig:/home/chinchia120/autoware.ai/install/amathutils_lib/lib/x86_64-linux-gnu/pkgconfig:/home/chinchia120/autoware.ai/install/amathutils_lib/lib/pkgconfig:/home/chinchia120/autoware.ai/install/vector_map_msgs/lib/x86_64-linux-gnu/pkgconfig:/home/chinchia120/autoware.ai/install/vector_map_msgs/lib/pkgconfig:/home/chinchia120/autoware.ai/install/autoware_msgs/lib/x86_64-linux-gnu/pkgconfig:/home/chinchia120/autoware.ai/install/autoware_msgs/lib/pkgconfig:/home/chinchia120/autoware.ai/install/autoware_lanelet2_msgs/lib/x86_64-linux-gnu/pkgconfig:/home/chinchia120/autoware.ai/install/autoware_lanelet2_msgs/lib/pkgconfig:/home/chinchia120/autoware.ai/install/autoware_build_flags/lib/x86_64-linux-gnu/pkgconfig:/home/chinchia120/autoware.ai/install/autoware_build_flags/lib/pkgconfig:${PKG_CONFIG_PATH} PYTHONPATH=/home/chinchia120/autoware.ai/install/vector_map_msgs/lib/python2.7/dist-packages:/home/chinchia120/autoware.ai/install/autoware_msgs/lib/python2.7/dist-packages:/home/chinchia120/autoware.ai/install/autoware_lanelet2_msgs/lib/python2.7/dist-packages:${PYTHONPATH} ROS_PACKAGE_PATH=/home/chinchia120/autoware.ai/install/object_map/share:/home/chinchia120/autoware.ai/install/lanelet2_extension/share:/home/chinchia120/autoware.ai/install/lanelet2_validation/share:/home/chinchia120/autoware.ai/install/lanelet2_routing/share:/home/chinchia120/autoware.ai/install/lanelet2_projection/share:/home/chinchia120/autoware.ai/install/lanelet2_traffic_rules/share:/home/chinchia120/autoware.ai/install/lanelet2_maps/share:/home/chinchia120/autoware.ai/install/lanelet2_io/share:/home/chinchia120/autoware.ai/install/vector_map/share:/home/chinchia120/autoware.ai/install/lanelet2_core/share:/home/chinchia120/autoware.ai/install/amathutils_lib/share:/home/chinchia120/autoware.ai/install/vector_map_msgs/share:/home/chinchia120/autoware.ai/install/autoware_msgs/share:/home/chinchia120/autoware.ai/install/autoware_lanelet2_msgs/share:/home/chinchia120/autoware.ai/install/autoware_build_flags/share:${ROS_PACKAGE_PATH} /usr/bin/cmake --build /home/chinchia120/autoware.ai/build/costmap_generator -- -j4 -l4
[232.920s] Invoking command in '/home/chinchia120/autoware.ai/build/costmap_generator': CMAKE_PREFIX_PATH=/home/chinchia120/autoware.ai/install/object_map:/home/chinchia120/autoware.ai/install/lanelet2_extension:/home/chinchia120/autoware.ai/install/lanelet2_validation:/home/chinchia120/autoware.ai/install/lanelet2_routing:/home/chinchia120/autoware.ai/install/lanelet2_projection:/home/chinchia120/autoware.ai/install/lanelet2_traffic_rules:/home/chinchia120/autoware.ai/install/lanelet2_maps:/home/chinchia120/autoware.ai/install/lanelet2_io:/home/chinchia120/autoware.ai/install/vector_map:/home/chinchia120/autoware.ai/install/lanelet2_core:/home/chinchia120/autoware.ai/install/amathutils_lib:/home/chinchia120/autoware.ai/install/vector_map_msgs:/home/chinchia120/autoware.ai/install/autoware_msgs:/home/chinchia120/autoware.ai/install/autoware_lanelet2_msgs:/home/chinchia120/autoware.ai/install/autoware_build_flags:${CMAKE_PREFIX_PATH} LD_LIBRARY_PATH=/home/chinchia120/autoware.ai/install/object_map/lib:/home/chinchia120/autoware.ai/install/lanelet2_extension/lib:/home/chinchia120/autoware.ai/install/lanelet2_validation/lib:/home/chinchia120/autoware.ai/install/lanelet2_routing/lib:/home/chinchia120/autoware.ai/install/lanelet2_projection/lib:/home/chinchia120/autoware.ai/install/lanelet2_traffic_rules/lib:/home/chinchia120/autoware.ai/install/lanelet2_io/lib:/home/chinchia120/autoware.ai/install/vector_map/lib:/home/chinchia120/autoware.ai/install/lanelet2_core/lib:/home/chinchia120/autoware.ai/install/amathutils_lib/lib:${LD_LIBRARY_PATH} PKG_CONFIG_PATH=/home/chinchia120/autoware.ai/install/object_map/lib/x86_64-linux-gnu/pkgconfig:/home/chinchia120/autoware.ai/install/object_map/lib/pkgconfig:/home/chinchia120/autoware.ai/install/lanelet2_extension/lib/x86_64-linux-gnu/pkgconfig:/home/chinchia120/autoware.ai/install/lanelet2_extension/lib/pkgconfig:/home/chinchia120/autoware.ai/install/lanelet2_validation/lib/x86_64-linux-gnu/pkgconfig:/home/chinchia120/autoware.ai/install/lanelet2_validation/lib/pkgconfig:/home/chinchia120/autoware.ai/install/lanelet2_routing/lib/x86_64-linux-gnu/pkgconfig:/home/chinchia120/autoware.ai/install/lanelet2_routing/lib/pkgconfig:/home/chinchia120/autoware.ai/install/lanelet2_projection/lib/x86_64-linux-gnu/pkgconfig:/home/chinchia120/autoware.ai/install/lanelet2_projection/lib/pkgconfig:/home/chinchia120/autoware.ai/install/lanelet2_traffic_rules/lib/x86_64-linux-gnu/pkgconfig:/home/chinchia120/autoware.ai/install/lanelet2_traffic_rules/lib/pkgconfig:/home/chinchia120/autoware.ai/install/lanelet2_maps/lib/x86_64-linux-gnu/pkgconfig:/home/chinchia120/autoware.ai/install/lanelet2_maps/lib/pkgconfig:/home/chinchia120/autoware.ai/install/lanelet2_io/lib/x86_64-linux-gnu/pkgconfig:/home/chinchia120/autoware.ai/install/lanelet2_io/lib/pkgconfig:/home/chinchia120/autoware.ai/install/vector_map/lib/x86_64-linux-gnu/pkgconfig:/home/chinchia120/autoware.ai/install/vector_map/lib/pkgconfig:/home/chinchia120/autoware.ai/install/lanelet2_core/lib/x86_64-linux-gnu/pkgconfig:/home/chinchia120/autoware.ai/install/lanelet2_core/lib/pkgconfig:/home/chinchia120/autoware.ai/install/amathutils_lib/lib/x86_64-linux-gnu/pkgconfig:/home/chinchia120/autoware.ai/install/amathutils_lib/lib/pkgconfig:/home/chinchia120/autoware.ai/install/vector_map_msgs/lib/x86_64-linux-gnu/pkgconfig:/home/chinchia120/autoware.ai/install/vector_map_msgs/lib/pkgconfig:/home/chinchia120/autoware.ai/install/autoware_msgs/lib/x86_64-linux-gnu/pkgconfig:/home/chinchia120/autoware.ai/install/autoware_msgs/lib/pkgconfig:/home/chinchia120/autoware.ai/install/autoware_lanelet2_msgs/lib/x86_64-linux-gnu/pkgconfig:/home/chinchia120/autoware.ai/install/autoware_lanelet2_msgs/lib/pkgconfig:/home/chinchia120/autoware.ai/install/autoware_build_flags/lib/x86_64-linux-gnu/pkgconfig:/home/chinchia120/autoware.ai/install/autoware_build_flags/lib/pkgconfig:${PKG_CONFIG_PATH} PYTHONPATH=/home/chinchia120/autoware.ai/install/vector_map_msgs/lib/python2.7/dist-packages:/home/chinchia120/autoware.ai/install/autoware_msgs/lib/python2.7/dist-packages:/home/chinchia120/autoware.ai/install/autoware_lanelet2_msgs/lib/python2.7/dist-packages:${PYTHONPATH} ROS_PACKAGE_PATH=/home/chinchia120/autoware.ai/install/object_map/share:/home/chinchia120/autoware.ai/install/lanelet2_extension/share:/home/chinchia120/autoware.ai/install/lanelet2_validation/share:/home/chinchia120/autoware.ai/install/lanelet2_routing/share:/home/chinchia120/autoware.ai/install/lanelet2_projection/share:/home/chinchia120/autoware.ai/install/lanelet2_traffic_rules/share:/home/chinchia120/autoware.ai/install/lanelet2_maps/share:/home/chinchia120/autoware.ai/install/lanelet2_io/share:/home/chinchia120/autoware.ai/install/vector_map/share:/home/chinchia120/autoware.ai/install/lanelet2_core/share:/home/chinchia120/autoware.ai/install/amathutils_lib/share:/home/chinchia120/autoware.ai/install/vector_map_msgs/share:/home/chinchia120/autoware.ai/install/autoware_msgs/share:/home/chinchia120/autoware.ai/install/autoware_lanelet2_msgs/share:/home/chinchia120/autoware.ai/install/autoware_build_flags/share:${ROS_PACKAGE_PATH} /usr/bin/cmake --build /home/chinchia120/autoware.ai/build/costmap_generator --target tests -- -j4 -l4
[233.113s] [35m[1mScanning dependencies of target gtest[0m
[233.167s] [ 11%] [32mBuilding CXX object gtest/googlemock/gtest/CMakeFiles/gtest.dir/src/gtest-all.cc.o[0m
[241.296s] [ 22%] [32m[1mLinking CXX shared library libgtest.so[0m
[241.438s] [ 22%] Built target gtest
[241.483s] [ 22%] Built target autoware_lanelet2_msgs_generate_messages_eus
[241.533s] [ 22%] Built target autoware_lanelet2_msgs_generate_messages_cpp
[241.588s] [ 22%] Built target vector_map_msgs_generate_messages_py
[241.648s] [ 22%] Built target vector_map_msgs_generate_messages_lisp
[241.697s] [ 22%] Built target vector_map_msgs_generate_messages_eus
[241.768s] [ 22%] Built target vector_map_msgs_generate_messages_cpp
[241.829s] [ 22%] Built target vector_map_msgs_generate_messages_nodejs
[241.878s] [ 22%] Built target bond_generate_messages_py
[241.938s] [ 22%] Built target bond_generate_messages_nodejs
[241.986s] [ 22%] Built target bond_generate_messages_lisp
[242.036s] [ 22%] Built target bond_generate_messages_eus
[242.089s] [ 22%] Built target bond_generate_messages_cpp
[242.147s] [ 22%] Built target nodelet_generate_messages_nodejs
[242.209s] [ 22%] Built target nodelet_generate_messages_eus
[242.269s] [ 22%] Built target nodelet_generate_messages_cpp
[242.332s] [ 22%] Built target dynamic_reconfigure_generate_messages_py
[242.378s] [ 22%] Built target dynamic_reconfigure_generate_messages_nodejs
[242.424s] [ 22%] Built target dynamic_reconfigure_generate_messages_lisp
[242.483s] [ 22%] Built target dynamic_reconfigure_generate_messages_eus
[242.539s] [ 22%] Built target pcl_ros_gencfg
[242.587s] [ 22%] Built target visualization_msgs_generate_messages_py
[242.647s] [ 22%] Built target visualization_msgs_generate_messages_nodejs
[242.692s] [ 22%] Built target visualization_msgs_generate_messages_eus
[242.745s] [ 22%] Built target tf2_msgs_generate_messages_nodejs
[242.795s] [ 22%] Built target tf2_msgs_generate_messages_cpp
[242.842s] [ 22%] Built target tf2_msgs_generate_messages_py
[242.934s] [ 22%] Built target actionlib_generate_messages_py
[242.981s] [ 22%] Built target actionlib_generate_messages_cpp
[243.037s] [ 22%] Built target dynamic_reconfigure_generate_messages_cpp
[243.112s] [ 22%] Built target tf_generate_messages_py
[243.178s] [ 22%] Built target tf_generate_messages_nodejs
[243.230s] [ 22%] Built target tf_generate_messages_lisp
[243.288s] [ 22%] Built target geometry_msgs_generate_messages_py
[243.347s] [ 22%] Built target sensor_msgs_generate_messages_nodejs
[243.408s] [ 22%] Built target roscpp_generate_messages_cpp
[243.464s] [ 22%] Built target pcl_msgs_generate_messages_eus
[243.523s] [ 22%] Built target rosgraph_msgs_generate_messages_eus
[243.582s] [ 22%] Built target jsk_recognition_msgs_generate_messages_lisp
[243.649s] [ 22%] Built target jsk_recognition_msgs_generate_messages_eus
[243.711s] [ 22%] Built target std_msgs_generate_messages_py
[243.759s] [ 22%] Built target nodelet_generate_messages_lisp
[243.814s] [ 22%] Built target autoware_msgs_generate_messages_py
[243.872s] [ 22%] Built target std_msgs_generate_messages_nodejs
[243.920s] [ 22%] Built target sensor_msgs_generate_messages_eus
[243.985s] [ 22%] Built target sensor_msgs_generate_messages_cpp
[244.042s] [ 22%] Built target autoware_msgs_generate_messages_cpp
[244.104s] [ 22%] Built target rosgraph_msgs_generate_messages_cpp
[244.161s] [ 22%] Built target topic_tools_generate_messages_cpp
[244.219s] [ 22%] Built target jsk_recognition_msgs_generate_messages_py
[244.281s] [ 22%] Built target nodelet_generate_messages_py
[244.340s] [ 22%] Built target sensor_msgs_generate_messages_py
[244.388s] [ 22%] Built target std_msgs_generate_messages_cpp
[244.443s] [ 22%] Built target jsk_footstep_msgs_generate_messages_py
[244.490s] [ 22%] Built target nav_msgs_generate_messages_nodejs
[244.550s] [ 22%] Built target geometry_msgs_generate_messages_eus
[244.618s] [ 22%] Built target std_msgs_generate_messages_lisp
[244.684s] [ 22%] Built target roscpp_generate_messages_nodejs
[244.742s] [ 22%] Built target geometry_msgs_generate_messages_nodejs
[244.803s] [ 22%] Built target actionlib_generate_messages_eus
[244.861s] [ 22%] Built target pcl_msgs_generate_messages_py
[244.926s] [ 22%] Built target geometry_msgs_generate_messages_lisp
[244.984s] [ 22%] Built target actionlib_generate_messages_lisp
[245.044s] [ 22%] Built target geometry_msgs_generate_messages_cpp
[245.106s] [ 22%] Built target pcl_msgs_generate_messages_cpp
[245.168s] [ 22%] Built target autoware_msgs_generate_messages_eus
[245.220s] [ 22%] Built target autoware_msgs_generate_messages_lisp
[245.272s] [ 22%] Built target topic_tools_generate_messages_eus
[245.341s] [ 22%] Built target visualization_msgs_generate_messages_lisp
[245.392s] [ 22%] Built target std_msgs_generate_messages_eus
[245.445s] [ 22%] Built target autoware_msgs_generate_messages_nodejs
[245.508s] [ 22%] Built target jsk_footstep_msgs_generate_messages_eus
[245.558s] [ 22%] Built target actionlib_msgs_generate_messages_py
[245.622s] [ 22%] Built target visualization_msgs_generate_messages_cpp
[245.674s] [ 22%] Built target tf2_msgs_generate_messages_eus
[245.737s] [ 22%] Built target nav_msgs_generate_messages_eus
[245.793s] [ 22%] Built target jsk_footstep_msgs_generate_messages_lisp
[245.849s] [ 22%] Built target jsk_footstep_msgs_generate_messages_nodejs
[245.897s] [ 22%] Built target grid_map_msgs_generate_messages_nodejs
[245.956s] [ 22%] Built target std_srvs_generate_messages_cpp
[246.016s] [ 22%] Built target actionlib_msgs_generate_messages_lisp
[246.073s] [ 22%] Built target grid_map_msgs_generate_messages_lisp
[246.161s] [ 22%] Built target autoware_lanelet2_msgs_generate_messages_py
[246.220s] [ 22%] Built target jsk_recognition_msgs_generate_messages_nodejs
[246.273s] [ 22%] Built target std_srvs_generate_messages_eus
[246.338s] [ 22%] Built target roscpp_generate_messages_lisp
[246.403s] [ 22%] Built target grid_map_msgs_generate_messages_eus
[246.463s] [ 22%] Built target rosgraph_msgs_generate_messages_lisp
[246.525s] [ 22%] Built target rosgraph_msgs_generate_messages_nodejs
[246.577s] [ 22%] Built target roscpp_generate_messages_eus
[246.644s] [ 22%] Built target actionlib_msgs_generate_messages_eus
[246.700s] [ 22%] Built target rosgraph_msgs_generate_messages_py
[246.756s] [ 22%] Built target autoware_lanelet2_msgs_generate_messages_nodejs
[246.803s] [ 22%] Built target roscpp_generate_messages_py
[246.863s] [ 22%] Built target grid_map_msgs_generate_messages_cpp
[246.923s] [ 22%] Built target grid_map_msgs_generate_messages_py
[246.974s] [ 22%] Built target sensor_msgs_generate_messages_lisp
[247.034s] [ 22%] Built target nav_msgs_generate_messages_cpp
[247.090s] [ 22%] Built target pcl_msgs_generate_messages_nodejs
[247.150s] [ 22%] Built target nav_msgs_generate_messages_lisp
[247.205s] [ 22%] Built target dynamic_reconfigure_gencfg
[247.264s] [ 22%] Built target tf2_msgs_generate_messages_lisp
[247.319s] [ 22%] Built target nav_msgs_generate_messages_py
[247.389s] [ 22%] Built target _catkin_empty_exported_target
[247.463s] [ 22%] Built target std_srvs_generate_messages_lisp
[247.529s] [ 22%] Built target jsk_recognition_msgs_generate_messages_cpp
[247.584s] [ 22%] Built target topic_tools_generate_messages_lisp
[247.637s] [ 22%] Built target std_srvs_generate_messages_nodejs
[247.692s] [ 22%] Built target std_srvs_generate_messages_py
[247.755s] [ 22%] Built target topic_tools_generate_messages_nodejs
[247.805s] [ 22%] Built target nodelet_topic_tools_gencfg
[247.867s] [ 22%] Built target actionlib_msgs_generate_messages_nodejs
[247.921s] [ 22%] Built target topic_tools_generate_messages_py
[247.982s] [ 22%] Built target actionlib_generate_messages_nodejs
[248.049s] [ 22%] Built target pcl_msgs_generate_messages_lisp
[248.098s] [ 22%] Built target tf_generate_messages_cpp
[248.163s] [ 22%] Built target jsk_footstep_msgs_generate_messages_cpp
[248.238s] [ 22%] Built target actionlib_msgs_generate_messages_cpp
[248.292s] [ 22%] Built target autoware_lanelet2_msgs_generate_messages_lisp
[248.347s] [ 22%] Built target tf_generate_messages_eus
[248.461s] [ 77%] Built target costmap_generator_lib
[248.489s] [35m[1mScanning dependencies of target test-costmap_generator[0m
[248.698s] [ 88%] [32mBuilding CXX object CMakeFiles/test-costmap_generator.dir/test/src/test_costmap_generator.cpp.o[0m
[267.126s] [100%] [32m[1mLinking CXX executable devel/lib/costmap_generator/test-costmap_generator[0m
[269.208s] [100%] Built target test-costmap_generator
[269.234s] [35m[1mScanning dependencies of target tests[0m
[269.262s] [100%] Built target tests
[269.289s] Invoked command in '/home/chinchia120/autoware.ai/build/costmap_generator' returned '0': CMAKE_PREFIX_PATH=/home/chinchia120/autoware.ai/install/object_map:/home/chinchia120/autoware.ai/install/lanelet2_extension:/home/chinchia120/autoware.ai/install/lanelet2_validation:/home/chinchia120/autoware.ai/install/lanelet2_routing:/home/chinchia120/autoware.ai/install/lanelet2_projection:/home/chinchia120/autoware.ai/install/lanelet2_traffic_rules:/home/chinchia120/autoware.ai/install/lanelet2_maps:/home/chinchia120/autoware.ai/install/lanelet2_io:/home/chinchia120/autoware.ai/install/vector_map:/home/chinchia120/autoware.ai/install/lanelet2_core:/home/chinchia120/autoware.ai/install/amathutils_lib:/home/chinchia120/autoware.ai/install/vector_map_msgs:/home/chinchia120/autoware.ai/install/autoware_msgs:/home/chinchia120/autoware.ai/install/autoware_lanelet2_msgs:/home/chinchia120/autoware.ai/install/autoware_build_flags:${CMAKE_PREFIX_PATH} LD_LIBRARY_PATH=/home/chinchia120/autoware.ai/install/object_map/lib:/home/chinchia120/autoware.ai/install/lanelet2_extension/lib:/home/chinchia120/autoware.ai/install/lanelet2_validation/lib:/home/chinchia120/autoware.ai/install/lanelet2_routing/lib:/home/chinchia120/autoware.ai/install/lanelet2_projection/lib:/home/chinchia120/autoware.ai/install/lanelet2_traffic_rules/lib:/home/chinchia120/autoware.ai/install/lanelet2_io/lib:/home/chinchia120/autoware.ai/install/vector_map/lib:/home/chinchia120/autoware.ai/install/lanelet2_core/lib:/home/chinchia120/autoware.ai/install/amathutils_lib/lib:${LD_LIBRARY_PATH} PKG_CONFIG_PATH=/home/chinchia120/autoware.ai/install/object_map/lib/x86_64-linux-gnu/pkgconfig:/home/chinchia120/autoware.ai/install/object_map/lib/pkgconfig:/home/chinchia120/autoware.ai/install/lanelet2_extension/lib/x86_64-linux-gnu/pkgconfig:/home/chinchia120/autoware.ai/install/lanelet2_extension/lib/pkgconfig:/home/chinchia120/autoware.ai/install/lanelet2_validation/lib/x86_64-linux-gnu/pkgconfig:/home/chinchia120/autoware.ai/install/lanelet2_validation/lib/pkgconfig:/home/chinchia120/autoware.ai/install/lanelet2_routing/lib/x86_64-linux-gnu/pkgconfig:/home/chinchia120/autoware.ai/install/lanelet2_routing/lib/pkgconfig:/home/chinchia120/autoware.ai/install/lanelet2_projection/lib/x86_64-linux-gnu/pkgconfig:/home/chinchia120/autoware.ai/install/lanelet2_projection/lib/pkgconfig:/home/chinchia120/autoware.ai/install/lanelet2_traffic_rules/lib/x86_64-linux-gnu/pkgconfig:/home/chinchia120/autoware.ai/install/lanelet2_traffic_rules/lib/pkgconfig:/home/chinchia120/autoware.ai/install/lanelet2_maps/lib/x86_64-linux-gnu/pkgconfig:/home/chinchia120/autoware.ai/install/lanelet2_maps/lib/pkgconfig:/home/chinchia120/autoware.ai/install/lanelet2_io/lib/x86_64-linux-gnu/pkgconfig:/home/chinchia120/autoware.ai/install/lanelet2_io/lib/pkgconfig:/home/chinchia120/autoware.ai/install/vector_map/lib/x86_64-linux-gnu/pkgconfig:/home/chinchia120/autoware.ai/install/vector_map/lib/pkgconfig:/home/chinchia120/autoware.ai/install/lanelet2_core/lib/x86_64-linux-gnu/pkgconfig:/home/chinchia120/autoware.ai/install/lanelet2_core/lib/pkgconfig:/home/chinchia120/autoware.ai/install/amathutils_lib/lib/x86_64-linux-gnu/pkgconfig:/home/chinchia120/autoware.ai/install/amathutils_lib/lib/pkgconfig:/home/chinchia120/autoware.ai/install/vector_map_msgs/lib/x86_64-linux-gnu/pkgconfig:/home/chinchia120/autoware.ai/install/vector_map_msgs/lib/pkgconfig:/home/chinchia120/autoware.ai/install/autoware_msgs/lib/x86_64-linux-gnu/pkgconfig:/home/chinchia120/autoware.ai/install/autoware_msgs/lib/pkgconfig:/home/chinchia120/autoware.ai/install/autoware_lanelet2_msgs/lib/x86_64-linux-gnu/pkgconfig:/home/chinchia120/autoware.ai/install/autoware_lanelet2_msgs/lib/pkgconfig:/home/chinchia120/autoware.ai/install/autoware_build_flags/lib/x86_64-linux-gnu/pkgconfig:/home/chinchia120/autoware.ai/install/autoware_build_flags/lib/pkgconfig:${PKG_CONFIG_PATH} PYTHONPATH=/home/chinchia120/autoware.ai/install/vector_map_msgs/lib/python2.7/dist-packages:/home/chinchia120/autoware.ai/install/autoware_msgs/lib/python2.7/dist-packages:/home/chinchia120/autoware.ai/install/autoware_lanelet2_msgs/lib/python2.7/dist-packages:${PYTHONPATH} ROS_PACKAGE_PATH=/home/chinchia120/autoware.ai/install/object_map/share:/home/chinchia120/autoware.ai/install/lanelet2_extension/share:/home/chinchia120/autoware.ai/install/lanelet2_validation/share:/home/chinchia120/autoware.ai/install/lanelet2_routing/share:/home/chinchia120/autoware.ai/install/lanelet2_projection/share:/home/chinchia120/autoware.ai/install/lanelet2_traffic_rules/share:/home/chinchia120/autoware.ai/install/lanelet2_maps/share:/home/chinchia120/autoware.ai/install/lanelet2_io/share:/home/chinchia120/autoware.ai/install/vector_map/share:/home/chinchia120/autoware.ai/install/lanelet2_core/share:/home/chinchia120/autoware.ai/install/amathutils_lib/share:/home/chinchia120/autoware.ai/install/vector_map_msgs/share:/home/chinchia120/autoware.ai/install/autoware_msgs/share:/home/chinchia120/autoware.ai/install/autoware_lanelet2_msgs/share:/home/chinchia120/autoware.ai/install/autoware_build_flags/share:${ROS_PACKAGE_PATH} /usr/bin/cmake --build /home/chinchia120/autoware.ai/build/costmap_generator --target tests -- -j4 -l4
[269.920s] Invoking command in '/home/chinchia120/autoware.ai/build/costmap_generator': CMAKE_PREFIX_PATH=/home/chinchia120/autoware.ai/install/object_map:/home/chinchia120/autoware.ai/install/lanelet2_extension:/home/chinchia120/autoware.ai/install/lanelet2_validation:/home/chinchia120/autoware.ai/install/lanelet2_routing:/home/chinchia120/autoware.ai/install/lanelet2_projection:/home/chinchia120/autoware.ai/install/lanelet2_traffic_rules:/home/chinchia120/autoware.ai/install/lanelet2_maps:/home/chinchia120/autoware.ai/install/lanelet2_io:/home/chinchia120/autoware.ai/install/vector_map:/home/chinchia120/autoware.ai/install/lanelet2_core:/home/chinchia120/autoware.ai/install/amathutils_lib:/home/chinchia120/autoware.ai/install/vector_map_msgs:/home/chinchia120/autoware.ai/install/autoware_msgs:/home/chinchia120/autoware.ai/install/autoware_lanelet2_msgs:/home/chinchia120/autoware.ai/install/autoware_build_flags:${CMAKE_PREFIX_PATH} LD_LIBRARY_PATH=/home/chinchia120/autoware.ai/install/object_map/lib:/home/chinchia120/autoware.ai/install/lanelet2_extension/lib:/home/chinchia120/autoware.ai/install/lanelet2_validation/lib:/home/chinchia120/autoware.ai/install/lanelet2_routing/lib:/home/chinchia120/autoware.ai/install/lanelet2_projection/lib:/home/chinchia120/autoware.ai/install/lanelet2_traffic_rules/lib:/home/chinchia120/autoware.ai/install/lanelet2_io/lib:/home/chinchia120/autoware.ai/install/vector_map/lib:/home/chinchia120/autoware.ai/install/lanelet2_core/lib:/home/chinchia120/autoware.ai/install/amathutils_lib/lib:${LD_LIBRARY_PATH} PKG_CONFIG_PATH=/home/chinchia120/autoware.ai/install/object_map/lib/x86_64-linux-gnu/pkgconfig:/home/chinchia120/autoware.ai/install/object_map/lib/pkgconfig:/home/chinchia120/autoware.ai/install/lanelet2_extension/lib/x86_64-linux-gnu/pkgconfig:/home/chinchia120/autoware.ai/install/lanelet2_extension/lib/pkgconfig:/home/chinchia120/autoware.ai/install/lanelet2_validation/lib/x86_64-linux-gnu/pkgconfig:/home/chinchia120/autoware.ai/install/lanelet2_validation/lib/pkgconfig:/home/chinchia120/autoware.ai/install/lanelet2_routing/lib/x86_64-linux-gnu/pkgconfig:/home/chinchia120/autoware.ai/install/lanelet2_routing/lib/pkgconfig:/home/chinchia120/autoware.ai/install/lanelet2_projection/lib/x86_64-linux-gnu/pkgconfig:/home/chinchia120/autoware.ai/install/lanelet2_projection/lib/pkgconfig:/home/chinchia120/autoware.ai/install/lanelet2_traffic_rules/lib/x86_64-linux-gnu/pkgconfig:/home/chinchia120/autoware.ai/install/lanelet2_traffic_rules/lib/pkgconfig:/home/chinchia120/autoware.ai/install/lanelet2_maps/lib/x86_64-linux-gnu/pkgconfig:/home/chinchia120/autoware.ai/install/lanelet2_maps/lib/pkgconfig:/home/chinchia120/autoware.ai/install/lanelet2_io/lib/x86_64-linux-gnu/pkgconfig:/home/chinchia120/autoware.ai/install/lanelet2_io/lib/pkgconfig:/home/chinchia120/autoware.ai/install/vector_map/lib/x86_64-linux-gnu/pkgconfig:/home/chinchia120/autoware.ai/install/vector_map/lib/pkgconfig:/home/chinchia120/autoware.ai/install/lanelet2_core/lib/x86_64-linux-gnu/pkgconfig:/home/chinchia120/autoware.ai/install/lanelet2_core/lib/pkgconfig:/home/chinchia120/autoware.ai/install/amathutils_lib/lib/x86_64-linux-gnu/pkgconfig:/home/chinchia120/autoware.ai/install/amathutils_lib/lib/pkgconfig:/home/chinchia120/autoware.ai/install/vector_map_msgs/lib/x86_64-linux-gnu/pkgconfig:/home/chinchia120/autoware.ai/install/vector_map_msgs/lib/pkgconfig:/home/chinchia120/autoware.ai/install/autoware_msgs/lib/x86_64-linux-gnu/pkgconfig:/home/chinchia120/autoware.ai/install/autoware_msgs/lib/pkgconfig:/home/chinchia120/autoware.ai/install/autoware_lanelet2_msgs/lib/x86_64-linux-gnu/pkgconfig:/home/chinchia120/autoware.ai/install/autoware_lanelet2_msgs/lib/pkgconfig:/home/chinchia120/autoware.ai/install/autoware_build_flags/lib/x86_64-linux-gnu/pkgconfig:/home/chinchia120/autoware.ai/install/autoware_build_flags/lib/pkgconfig:${PKG_CONFIG_PATH} PYTHONPATH=/home/chinchia120/autoware.ai/install/vector_map_msgs/lib/python2.7/dist-packages:/home/chinchia120/autoware.ai/install/autoware_msgs/lib/python2.7/dist-packages:/home/chinchia120/autoware.ai/install/autoware_lanelet2_msgs/lib/python2.7/dist-packages:${PYTHONPATH} ROS_PACKAGE_PATH=/home/chinchia120/autoware.ai/install/object_map/share:/home/chinchia120/autoware.ai/install/lanelet2_extension/share:/home/chinchia120/autoware.ai/install/lanelet2_validation/share:/home/chinchia120/autoware.ai/install/lanelet2_routing/share:/home/chinchia120/autoware.ai/install/lanelet2_projection/share:/home/chinchia120/autoware.ai/install/lanelet2_traffic_rules/share:/home/chinchia120/autoware.ai/install/lanelet2_maps/share:/home/chinchia120/autoware.ai/install/lanelet2_io/share:/home/chinchia120/autoware.ai/install/vector_map/share:/home/chinchia120/autoware.ai/install/lanelet2_core/share:/home/chinchia120/autoware.ai/install/amathutils_lib/share:/home/chinchia120/autoware.ai/install/vector_map_msgs/share:/home/chinchia120/autoware.ai/install/autoware_msgs/share:/home/chinchia120/autoware.ai/install/autoware_lanelet2_msgs/share:/home/chinchia120/autoware.ai/install/autoware_build_flags/share:${ROS_PACKAGE_PATH} /usr/bin/cmake --build /home/chinchia120/autoware.ai/build/costmap_generator --target install -- -j4 -l4
[270.123s] [  0%] Built target tf_generate_messages_eus
[270.187s] [  0%] Built target autoware_lanelet2_msgs_generate_messages_cpp
[270.255s] [  0%] Built target vector_map_msgs_generate_messages_py
[270.315s] [  0%] Built target vector_map_msgs_generate_messages_lisp
[270.376s] [  0%] Built target vector_map_msgs_generate_messages_eus
[270.436s] [  0%] Built target vector_map_msgs_generate_messages_cpp
[270.498s] [  0%] Built target vector_map_msgs_generate_messages_nodejs
[270.559s] [  0%] Built target bond_generate_messages_py
[270.623s] [  0%] Built target bond_generate_messages_nodejs
[270.674s] [  0%] Built target bond_generate_messages_lisp
[270.748s] [  0%] Built target bond_generate_messages_eus
[270.811s] [  0%] Built target bond_generate_messages_cpp
[270.866s] [  0%] Built target nodelet_generate_messages_nodejs
[270.930s] [  0%] Built target nodelet_generate_messages_eus
[270.997s] [  0%] Built target nodelet_generate_messages_cpp
[271.049s] [  0%] Built target dynamic_reconfigure_generate_messages_py
[271.106s] [  0%] Built target dynamic_reconfigure_generate_messages_nodejs
[271.182s] [  0%] Built target dynamic_reconfigure_generate_messages_lisp
[271.246s] [  0%] Built target dynamic_reconfigure_generate_messages_eus
[271.309s] [  0%] Built target pcl_ros_gencfg
[271.367s] [  0%] Built target visualization_msgs_generate_messages_py
[271.426s] [  0%] Built target visualization_msgs_generate_messages_nodejs
[271.486s] [  0%] Built target visualization_msgs_generate_messages_eus
[271.553s] [  0%] Built target tf2_msgs_generate_messages_nodejs
[271.603s] [  0%] Built target tf2_msgs_generate_messages_cpp
[271.666s] [  0%] Built target tf2_msgs_generate_messages_py
[271.723s] [  0%] Built target actionlib_generate_messages_py
[271.783s] [  0%] Built target actionlib_generate_messages_cpp
[271.840s] [  0%] Built target dynamic_reconfigure_generate_messages_cpp
[271.908s] [  0%] Built target tf_generate_messages_py
[271.966s] [  0%] Built target tf_generate_messages_nodejs
[272.030s] [  0%] Built target tf_generate_messages_lisp
[272.095s] [  0%] Built target geometry_msgs_generate_messages_py
[272.164s] [  0%] Built target sensor_msgs_generate_messages_nodejs
[272.223s] [  0%] Built target roscpp_generate_messages_cpp
[272.288s] [  0%] Built target pcl_msgs_generate_messages_eus
[272.338s] [  0%] Built target rosgraph_msgs_generate_messages_eus
[272.385s] [  0%] Built target jsk_recognition_msgs_generate_messages_lisp
[272.447s] [  0%] Built target jsk_recognition_msgs_generate_messages_eus
[272.498s] [  0%] Built target std_msgs_generate_messages_py
[272.552s] [  0%] Built target nodelet_generate_messages_lisp
[272.607s] [  0%] Built target autoware_msgs_generate_messages_py
[272.667s] [  0%] Built target std_msgs_generate_messages_nodejs
[272.730s] [  0%] Built target sensor_msgs_generate_messages_eus
[272.788s] [  0%] Built target sensor_msgs_generate_messages_cpp
[272.846s] [  0%] Built target autoware_msgs_generate_messages_cpp
[272.901s] [  0%] Built target rosgraph_msgs_generate_messages_cpp
[272.968s] [  0%] Built target topic_tools_generate_messages_cpp
[273.030s] [  0%] Built target jsk_recognition_msgs_generate_messages_py
[273.077s] [  0%] Built target nodelet_generate_messages_py
[273.127s] [  0%] Built target sensor_msgs_generate_messages_py
[273.180s] [  0%] Built target std_msgs_generate_messages_cpp
[273.243s] [  0%] Built target jsk_footstep_msgs_generate_messages_py
[273.307s] [  0%] Built target nav_msgs_generate_messages_nodejs
[273.359s] [  0%] Built target geometry_msgs_generate_messages_eus
[273.415s] [  0%] Built target std_msgs_generate_messages_lisp
[273.478s] [  0%] Built target roscpp_generate_messages_nodejs
[273.546s] [  0%] Built target geometry_msgs_generate_messages_nodejs
[273.594s] [  0%] Built target actionlib_generate_messages_eus
[273.647s] [  0%] Built target pcl_msgs_generate_messages_py
[273.716s] [  0%] Built target geometry_msgs_generate_messages_lisp
[273.767s] [  0%] Built target actionlib_generate_messages_lisp
[273.830s] [  0%] Built target geometry_msgs_generate_messages_cpp
[273.896s] [  0%] Built target pcl_msgs_generate_messages_cpp
[273.960s] [  0%] Built target autoware_msgs_generate_messages_eus
[274.027s] [  0%] Built target autoware_msgs_generate_messages_lisp
[274.088s] [  0%] Built target topic_tools_generate_messages_eus
[274.155s] [  0%] Built target visualization_msgs_generate_messages_lisp
[274.217s] [  0%] Built target std_msgs_generate_messages_eus
[274.277s] [  0%] Built target autoware_msgs_generate_messages_nodejs
[274.340s] [  0%] Built target jsk_footstep_msgs_generate_messages_eus
[274.396s] [  0%] Built target actionlib_msgs_generate_messages_py
[274.448s] [  0%] Built target visualization_msgs_generate_messages_cpp
[274.509s] [  0%] Built target tf2_msgs_generate_messages_eus
[274.571s] [  0%] Built target nav_msgs_generate_messages_eus
[274.642s] [  0%] Built target jsk_footstep_msgs_generate_messages_lisp
[274.704s] [  0%] Built target jsk_footstep_msgs_generate_messages_nodejs
[274.760s] [  0%] Built target grid_map_msgs_generate_messages_nodejs
[274.879s] [  0%] Built target std_srvs_generate_messages_cpp
[274.880s] [  0%] Built target actionlib_msgs_generate_messages_lisp
[274.937s] [  0%] Built target grid_map_msgs_generate_messages_lisp
[274.992s] [  0%] Built target autoware_lanelet2_msgs_generate_messages_py
[275.046s] [  0%] Built target jsk_recognition_msgs_generate_messages_nodejs
[275.095s] [  0%] Built target std_srvs_generate_messages_eus
[275.158s] [  0%] Built target roscpp_generate_messages_lisp
[275.222s] [  0%] Built target grid_map_msgs_generate_messages_eus
[275.286s] [  0%] Built target rosgraph_msgs_generate_messages_lisp
[275.338s] [  0%] Built target rosgraph_msgs_generate_messages_nodejs
[275.395s] [  0%] Built target roscpp_generate_messages_eus
[275.445s] [  0%] Built target actionlib_msgs_generate_messages_eus
[275.517s] [  0%] Built target rosgraph_msgs_generate_messages_py
[275.581s] [  0%] Built target autoware_lanelet2_msgs_generate_messages_nodejs
[275.634s] [  0%] Built target roscpp_generate_messages_py
[275.700s] [  0%] Built target grid_map_msgs_generate_messages_cpp
[275.762s] [  0%] Built target grid_map_msgs_generate_messages_py
[275.835s] [  0%] Built target sensor_msgs_generate_messages_lisp
[275.894s] [  0%] Built target nav_msgs_generate_messages_cpp
[275.951s] [  0%] Built target pcl_msgs_generate_messages_nodejs
[276.016s] [  0%] Built target nav_msgs_generate_messages_lisp
[276.080s] [  0%] Built target dynamic_reconfigure_gencfg
[276.148s] [  0%] Built target tf2_msgs_generate_messages_lisp
[276.206s] [  0%] Built target nav_msgs_generate_messages_py
[276.258s] [  0%] Built target _catkin_empty_exported_target
[276.317s] [  0%] Built target std_srvs_generate_messages_lisp
[276.378s] [  0%] Built target jsk_recognition_msgs_generate_messages_cpp
[276.456s] [  0%] Built target topic_tools_generate_messages_lisp
[276.521s] [  0%] Built target std_srvs_generate_messages_nodejs
[276.580s] [  0%] Built target std_srvs_generate_messages_py
[276.650s] [  0%] Built target topic_tools_generate_messages_nodejs
[276.703s] [  0%] Built target nodelet_topic_tools_gencfg
[276.773s] [  0%] Built target actionlib_msgs_generate_messages_nodejs
[276.830s] [  0%] Built target topic_tools_generate_messages_py
[276.891s] [  0%] Built target actionlib_generate_messages_nodejs
[276.954s] [  0%] Built target pcl_msgs_generate_messages_lisp
[277.019s] [  0%] Built target tf_generate_messages_cpp
[277.079s] [  0%] Built target jsk_footstep_msgs_generate_messages_cpp
[277.141s] [  0%] Built target actionlib_msgs_generate_messages_cpp
[277.204s] [  0%] Built target autoware_lanelet2_msgs_generate_messages_eus
[277.265s] [  0%] Built target autoware_lanelet2_msgs_generate_messages_lisp
[277.391s] [ 33%] Built target costmap_generator_lanelet2
[277.517s] [ 66%] Built target costmap_generator_lib
[277.621s] [100%] Built target costmap_generator
[277.693s] [36mInstall the project...[0m
[277.721s] -- Install configuration: "Release"
[277.722s] -- Installing: /home/chinchia120/autoware.ai/install/costmap_generator/lib/pkgconfig/costmap_generator.pc
[277.722s] -- Installing: /home/chinchia120/autoware.ai/install/costmap_generator/share/costmap_generator/cmake/costmap_generatorConfig.cmake
[277.722s] -- Installing: /home/chinchia120/autoware.ai/install/costmap_generator/share/costmap_generator/cmake/costmap_generatorConfig-version.cmake
[277.723s] -- Installing: /home/chinchia120/autoware.ai/install/costmap_generator/share/costmap_generator/package.xml
[277.733s] -- Installing: /home/chinchia120/autoware.ai/install/costmap_generator/lib/costmap_generator/costmap_generator
[277.759s] -- Set runtime path of "/home/chinchia120/autoware.ai/install/costmap_generator/lib/costmap_generator/costmap_generator" to ""
[277.759s] -- Installing: /home/chinchia120/autoware.ai/install/costmap_generator/lib/costmap_generator/costmap_generator_lanelet2
[277.795s] -- Set runtime path of "/home/chinchia120/autoware.ai/install/costmap_generator/lib/costmap_generator/costmap_generator_lanelet2" to ""
[277.795s] -- Installing: /home/chinchia120/autoware.ai/install/costmap_generator/share/costmap_generator/launch
[277.796s] -- Installing: /home/chinchia120/autoware.ai/install/costmap_generator/share/costmap_generator/launch/costmap_generator.launch
[277.798s] -- Installing: /home/chinchia120/autoware.ai/install/costmap_generator/share/costmap_generator/launch/costmap_generator_lanelet2.launch
[277.798s] -- Installing: /home/chinchia120/autoware.ai/install/costmap_generator/share/costmap_generator/launch/costmap_generator_option.launch
[277.799s] -- Installing: /home/chinchia120/autoware.ai/install/costmap_generator/include/costmap_generator
[277.800s] -- Installing: /home/chinchia120/autoware.ai/install/costmap_generator/include/costmap_generator/objects_to_costmap.h
[277.801s] -- Installing: /home/chinchia120/autoware.ai/install/costmap_generator/include/costmap_generator/costmap_generator.h
[277.801s] -- Installing: /home/chinchia120/autoware.ai/install/costmap_generator/include/costmap_generator/costmap_generator_lanelet2.h
[277.801s] -- Installing: /home/chinchia120/autoware.ai/install/costmap_generator/include/costmap_generator/points_to_costmap.h
[277.807s] Invoked command in '/home/chinchia120/autoware.ai/build/costmap_generator' returned '0': CMAKE_PREFIX_PATH=/home/chinchia120/autoware.ai/install/object_map:/home/chinchia120/autoware.ai/install/lanelet2_extension:/home/chinchia120/autoware.ai/install/lanelet2_validation:/home/chinchia120/autoware.ai/install/lanelet2_routing:/home/chinchia120/autoware.ai/install/lanelet2_projection:/home/chinchia120/autoware.ai/install/lanelet2_traffic_rules:/home/chinchia120/autoware.ai/install/lanelet2_maps:/home/chinchia120/autoware.ai/install/lanelet2_io:/home/chinchia120/autoware.ai/install/vector_map:/home/chinchia120/autoware.ai/install/lanelet2_core:/home/chinchia120/autoware.ai/install/amathutils_lib:/home/chinchia120/autoware.ai/install/vector_map_msgs:/home/chinchia120/autoware.ai/install/autoware_msgs:/home/chinchia120/autoware.ai/install/autoware_lanelet2_msgs:/home/chinchia120/autoware.ai/install/autoware_build_flags:${CMAKE_PREFIX_PATH} LD_LIBRARY_PATH=/home/chinchia120/autoware.ai/install/object_map/lib:/home/chinchia120/autoware.ai/install/lanelet2_extension/lib:/home/chinchia120/autoware.ai/install/lanelet2_validation/lib:/home/chinchia120/autoware.ai/install/lanelet2_routing/lib:/home/chinchia120/autoware.ai/install/lanelet2_projection/lib:/home/chinchia120/autoware.ai/install/lanelet2_traffic_rules/lib:/home/chinchia120/autoware.ai/install/lanelet2_io/lib:/home/chinchia120/autoware.ai/install/vector_map/lib:/home/chinchia120/autoware.ai/install/lanelet2_core/lib:/home/chinchia120/autoware.ai/install/amathutils_lib/lib:${LD_LIBRARY_PATH} PKG_CONFIG_PATH=/home/chinchia120/autoware.ai/install/object_map/lib/x86_64-linux-gnu/pkgconfig:/home/chinchia120/autoware.ai/install/object_map/lib/pkgconfig:/home/chinchia120/autoware.ai/install/lanelet2_extension/lib/x86_64-linux-gnu/pkgconfig:/home/chinchia120/autoware.ai/install/lanelet2_extension/lib/pkgconfig:/home/chinchia120/autoware.ai/install/lanelet2_validation/lib/x86_64-linux-gnu/pkgconfig:/home/chinchia120/autoware.ai/install/lanelet2_validation/lib/pkgconfig:/home/chinchia120/autoware.ai/install/lanelet2_routing/lib/x86_64-linux-gnu/pkgconfig:/home/chinchia120/autoware.ai/install/lanelet2_routing/lib/pkgconfig:/home/chinchia120/autoware.ai/install/lanelet2_projection/lib/x86_64-linux-gnu/pkgconfig:/home/chinchia120/autoware.ai/install/lanelet2_projection/lib/pkgconfig:/home/chinchia120/autoware.ai/install/lanelet2_traffic_rules/lib/x86_64-linux-gnu/pkgconfig:/home/chinchia120/autoware.ai/install/lanelet2_traffic_rules/lib/pkgconfig:/home/chinchia120/autoware.ai/install/lanelet2_maps/lib/x86_64-linux-gnu/pkgconfig:/home/chinchia120/autoware.ai/install/lanelet2_maps/lib/pkgconfig:/home/chinchia120/autoware.ai/install/lanelet2_io/lib/x86_64-linux-gnu/pkgconfig:/home/chinchia120/autoware.ai/install/lanelet2_io/lib/pkgconfig:/home/chinchia120/autoware.ai/install/vector_map/lib/x86_64-linux-gnu/pkgconfig:/home/chinchia120/autoware.ai/install/vector_map/lib/pkgconfig:/home/chinchia120/autoware.ai/install/lanelet2_core/lib/x86_64-linux-gnu/pkgconfig:/home/chinchia120/autoware.ai/install/lanelet2_core/lib/pkgconfig:/home/chinchia120/autoware.ai/install/amathutils_lib/lib/x86_64-linux-gnu/pkgconfig:/home/chinchia120/autoware.ai/install/amathutils_lib/lib/pkgconfig:/home/chinchia120/autoware.ai/install/vector_map_msgs/lib/x86_64-linux-gnu/pkgconfig:/home/chinchia120/autoware.ai/install/vector_map_msgs/lib/pkgconfig:/home/chinchia120/autoware.ai/install/autoware_msgs/lib/x86_64-linux-gnu/pkgconfig:/home/chinchia120/autoware.ai/install/autoware_msgs/lib/pkgconfig:/home/chinchia120/autoware.ai/install/autoware_lanelet2_msgs/lib/x86_64-linux-gnu/pkgconfig:/home/chinchia120/autoware.ai/install/autoware_lanelet2_msgs/lib/pkgconfig:/home/chinchia120/autoware.ai/install/autoware_build_flags/lib/x86_64-linux-gnu/pkgconfig:/home/chinchia120/autoware.ai/install/autoware_build_flags/lib/pkgconfig:${PKG_CONFIG_PATH} PYTHONPATH=/home/chinchia120/autoware.ai/install/vector_map_msgs/lib/python2.7/dist-packages:/home/chinchia120/autoware.ai/install/autoware_msgs/lib/python2.7/dist-packages:/home/chinchia120/autoware.ai/install/autoware_lanelet2_msgs/lib/python2.7/dist-packages:${PYTHONPATH} ROS_PACKAGE_PATH=/home/chinchia120/autoware.ai/install/object_map/share:/home/chinchia120/autoware.ai/install/lanelet2_extension/share:/home/chinchia120/autoware.ai/install/lanelet2_validation/share:/home/chinchia120/autoware.ai/install/lanelet2_routing/share:/home/chinchia120/autoware.ai/install/lanelet2_projection/share:/home/chinchia120/autoware.ai/install/lanelet2_traffic_rules/share:/home/chinchia120/autoware.ai/install/lanelet2_maps/share:/home/chinchia120/autoware.ai/install/lanelet2_io/share:/home/chinchia120/autoware.ai/install/vector_map/share:/home/chinchia120/autoware.ai/install/lanelet2_core/share:/home/chinchia120/autoware.ai/install/amathutils_lib/share:/home/chinchia120/autoware.ai/install/vector_map_msgs/share:/home/chinchia120/autoware.ai/install/autoware_msgs/share:/home/chinchia120/autoware.ai/install/autoware_lanelet2_msgs/share:/home/chinchia120/autoware.ai/install/autoware_build_flags/share:${ROS_PACKAGE_PATH} /usr/bin/cmake --build /home/chinchia120/autoware.ai/build/costmap_generator --target install -- -j4 -l4
