Determining if the pthread_create exist failed with the following output:
Change Dir: /home/chinchia120/autoware.ai/build/vector_map/CMakeFiles/CMakeTmp

Run Build Command:"/usr/bin/make" "cmTC_007ef/fast"
/usr/bin/make -f CMakeFiles/cmTC_007ef.dir/build.make CMakeFiles/cmTC_007ef.dir/build
make[1]: Entering directory '/home/chinchia120/autoware.ai/build/vector_map/CMakeFiles/CMakeTmp'
Building C object CMakeFiles/cmTC_007ef.dir/CheckSymbolExists.c.o
/usr/bin/cc    -o CMakeFiles/cmTC_007ef.dir/CheckSymbolExists.c.o   -c /home/chinchia120/autoware.ai/build/vector_map/CMakeFiles/CMakeTmp/CheckSymbolExists.c
Linking C executable cmTC_007ef
/usr/bin/cmake -E cmake_link_script CMakeFiles/cmTC_007ef.dir/link.txt --verbose=1
/usr/bin/cc      -rdynamic CMakeFiles/cmTC_007ef.dir/CheckSymbolExists.c.o  -o cmTC_007ef 
CMakeFiles/cmTC_007ef.dir/CheckSymbolExists.c.o: In function `main':
CheckSymbolExists.c:(.text+0x1b): undefined reference to `pthread_create'
collect2: error: ld returned 1 exit status
CMakeFiles/cmTC_007ef.dir/build.make:97: recipe for target 'cmTC_007ef' failed
make[1]: *** [cmTC_007ef] Error 1
make[1]: Leaving directory '/home/chinchia120/autoware.ai/build/vector_map/CMakeFiles/CMakeTmp'
Makefile:126: recipe for target 'cmTC_007ef/fast' failed
make: *** [cmTC_007ef/fast] Error 2

File /home/chinchia120/autoware.ai/build/vector_map/CMakeFiles/CMakeTmp/CheckSymbolExists.c:
/* */
#include <pthread.h>

int main(int argc, char** argv)
{
  (void)argv;
#ifndef pthread_create
  return ((int*)(&pthread_create))[argc];
#else
  (void)argc;
  return 0;
#endif
}

Determining if the function pthread_create exists in the pthreads failed with the following output:
Change Dir: /home/chinchia120/autoware.ai/build/vector_map/CMakeFiles/CMakeTmp

Run Build Command:"/usr/bin/make" "cmTC_3b571/fast"
/usr/bin/make -f CMakeFiles/cmTC_3b571.dir/build.make CMakeFiles/cmTC_3b571.dir/build
make[1]: Entering directory '/home/chinchia120/autoware.ai/build/vector_map/CMakeFiles/CMakeTmp'
Building C object CMakeFiles/cmTC_3b571.dir/CheckFunctionExists.c.o
/usr/bin/cc   -DCHECK_FUNCTION_EXISTS=pthread_create   -o CMakeFiles/cmTC_3b571.dir/CheckFunctionExists.c.o   -c /usr/share/cmake-3.10/Modules/CheckFunctionExists.c
Linking C executable cmTC_3b571
/usr/bin/cmake -E cmake_link_script CMakeFiles/cmTC_3b571.dir/link.txt --verbose=1
/usr/bin/cc  -DCHECK_FUNCTION_EXISTS=pthread_create    -rdynamic CMakeFiles/cmTC_3b571.dir/CheckFunctionExists.c.o  -o cmTC_3b571 -lpthreads 
/usr/bin/ld: cannot find -lpthreads
collect2: error: ld returned 1 exit status
CMakeFiles/cmTC_3b571.dir/build.make:97: recipe for target 'cmTC_3b571' failed
make[1]: *** [cmTC_3b571] Error 1
make[1]: Leaving directory '/home/chinchia120/autoware.ai/build/vector_map/CMakeFiles/CMakeTmp'
Makefile:126: recipe for target 'cmTC_3b571/fast' failed
make: *** [cmTC_3b571/fast] Error 2


