[0.040s] Invoking command in '/home/chinchia120/autoware.ai/build/autoware_quickstart_examples': /usr/bin/cmake /home/chinchia120/autoware.ai/src/autoware/documentation/autoware_quickstart_examples -DCMAKE_BUILD_TYPE=Release -DCATKIN_INSTALL_INTO_PREFIX_ROOT=0 -DCMAKE_INSTALL_PREFIX=/home/chinchia120/autoware.ai/install/autoware_quickstart_examples
[0.201s] -- The C compiler identification is GNU 7.5.0
[0.349s] -- The CXX compiler identification is GNU 7.5.0
[0.356s] -- Check for working C compiler: /usr/bin/cc
[0.509s] -- Check for working C compiler: /usr/bin/cc -- works
[0.511s] -- Detecting C compiler ABI info
[0.662s] -- Detecting C compiler ABI info - done
[0.687s] -- Detecting C compile features
[1.160s] -- Detecting C compile features - done
[1.167s] -- Check for working CXX compiler: /usr/bin/c++
[1.349s] -- Check for working CXX compiler: /usr/bin/c++ -- works
[1.351s] -- Detecting CXX compiler ABI info
[1.524s] -- Detecting CXX compiler ABI info - done
[1.541s] -- Detecting CXX compile features
[2.290s] -- Detecting CXX compile features - done
[2.296s] -- Using CATKIN_DEVEL_PREFIX: /home/chinchia120/autoware.ai/build/autoware_quickstart_examples/devel
[2.297s] -- Using CMAKE_PREFIX_PATH: /home/chinchia120/catkin_ws/devel;/opt/ros/melodic
[2.297s] -- This workspace overlays: /home/chinchia120/catkin_ws/devel;/opt/ros/melodic
[2.333s] -- Found PythonInterp: /usr/bin/python2 (found suitable version "2.7.17", minimum required is "2") 
[2.334s] -- Using PYTHON_EXECUTABLE: /usr/bin/python2
[2.335s] -- Using Debian Python package layout
[2.336s] -- Using empy: /usr/bin/empy
[2.651s] -- Using CATKIN_ENABLE_TESTING: ON
[2.651s] -- Call enable_testing()
[2.658s] -- Using CATKIN_TEST_RESULTS_DIR: /home/chinchia120/autoware.ai/build/autoware_quickstart_examples/test_results
[2.702s] -- Found gtest sources under '/usr/src/googletest': gtests will be built
[2.703s] -- Found gmock sources under '/usr/src/googletest': gmock will be built
[2.732s] -- Found PythonInterp: /usr/bin/python2 (found version "2.7.17") 
[2.734s] -- Looking for pthread.h
[2.889s] -- Looking for pthread.h - found
[2.891s] -- Looking for pthread_create
[3.062s] -- Looking for pthread_create - not found
[3.063s] -- Looking for pthread_create in pthreads
[3.216s] -- Looking for pthread_create in pthreads - not found
[3.217s] -- Looking for pthread_create in pthread
[3.365s] -- Looking for pthread_create in pthread - found
[3.369s] -- Found Threads: TRUE  
[3.382s] -- Using Python nosetests: /usr/bin/nosetests-2.7
[3.465s] -- catkin 0.7.29
[3.465s] -- BUILD_SHARED_LIBS is on
[3.989s] -- Configuring done
[4.020s] -- Generating done
[4.024s] -- Build files have been written to: /home/chinchia120/autoware.ai/build/autoware_quickstart_examples
[4.035s] Invoked command in '/home/chinchia120/autoware.ai/build/autoware_quickstart_examples' returned '0': /usr/bin/cmake /home/chinchia120/autoware.ai/src/autoware/documentation/autoware_quickstart_examples -DCMAKE_BUILD_TYPE=Release -DCATKIN_INSTALL_INTO_PREFIX_ROOT=0 -DCMAKE_INSTALL_PREFIX=/home/chinchia120/autoware.ai/install/autoware_quickstart_examples
[4.037s] Invoking command in '/home/chinchia120/autoware.ai/build/autoware_quickstart_examples': /usr/bin/cmake --build /home/chinchia120/autoware.ai/build/autoware_quickstart_examples -- -j4 -l4
[4.172s] Invoked command in '/home/chinchia120/autoware.ai/build/autoware_quickstart_examples' returned '0': /usr/bin/cmake --build /home/chinchia120/autoware.ai/build/autoware_quickstart_examples -- -j4 -l4
[4.282s] Invoking command in '/home/chinchia120/autoware.ai/build/autoware_quickstart_examples': /usr/bin/cmake --build /home/chinchia120/autoware.ai/build/autoware_quickstart_examples --target tests -- -j4 -l4
[4.445s] [35m[1mScanning dependencies of target tests[0m
[4.473s] Built target tests
[4.507s] Invoked command in '/home/chinchia120/autoware.ai/build/autoware_quickstart_examples' returned '0': /usr/bin/cmake --build /home/chinchia120/autoware.ai/build/autoware_quickstart_examples --target tests -- -j4 -l4
[4.624s] Invoking command in '/home/chinchia120/autoware.ai/build/autoware_quickstart_examples': /usr/bin/cmake --build /home/chinchia120/autoware.ai/build/autoware_quickstart_examples --target install -- -j4 -l4
[4.776s] [36mInstall the project...[0m
[4.801s] -- Install configuration: "Release"
[4.802s] -- Installing: /home/chinchia120/autoware.ai/install/autoware_quickstart_examples/lib/pkgconfig/autoware_quickstart_examples.pc
[4.803s] -- Installing: /home/chinchia120/autoware.ai/install/autoware_quickstart_examples/share/autoware_quickstart_examples/cmake/autoware_quickstart_examplesConfig.cmake
[4.803s] -- Installing: /home/chinchia120/autoware.ai/install/autoware_quickstart_examples/share/autoware_quickstart_examples/cmake/autoware_quickstart_examplesConfig-version.cmake
[4.804s] -- Installing: /home/chinchia120/autoware.ai/install/autoware_quickstart_examples/share/autoware_quickstart_examples/package.xml
[4.805s] -- Installing: /home/chinchia120/autoware.ai/install/autoware_quickstart_examples/share/autoware_quickstart_examples/launch
[4.806s] -- Installing: /home/chinchia120/autoware.ai/install/autoware_quickstart_examples/share/autoware_quickstart_examples/launch/tf_local.launch
[4.807s] -- Installing: /home/chinchia120/autoware.ai/install/autoware_quickstart_examples/share/autoware_quickstart_examples/launch/rosbag_demo
[4.808s] -- Installing: /home/chinchia120/autoware.ai/install/autoware_quickstart_examples/share/autoware_quickstart_examples/launch/rosbag_demo/my_motion_planning.launch
[4.809s] -- Installing: /home/chinchia120/autoware.ai/install/autoware_quickstart_examples/share/autoware_quickstart_examples/launch/rosbag_demo/my_mission_planning.launch
[4.811s] -- Installing: /home/chinchia120/autoware.ai/install/autoware_quickstart_examples/share/autoware_quickstart_examples/launch/rosbag_demo/my_localization.launch
[4.812s] -- Installing: /home/chinchia120/autoware.ai/install/autoware_quickstart_examples/share/autoware_quickstart_examples/launch/rosbag_demo/my_detection.launch
[4.812s] -- Installing: /home/chinchia120/autoware.ai/install/autoware_quickstart_examples/share/autoware_quickstart_examples/launch/rosbag_demo/my_map.launch
[4.813s] -- Installing: /home/chinchia120/autoware.ai/install/autoware_quickstart_examples/share/autoware_quickstart_examples/launch/rosbag_demo/README.md
[4.814s] -- Installing: /home/chinchia120/autoware.ai/install/autoware_quickstart_examples/share/autoware_quickstart_examples/launch/rosbag_demo/my_sensing.launch
[4.816s] -- Installing: /home/chinchia120/autoware.ai/install/autoware_quickstart_examples/share/autoware_quickstart_examples/launch/rosbag_demo/default.rviz
[4.831s] Invoked command in '/home/chinchia120/autoware.ai/build/autoware_quickstart_examples' returned '0': /usr/bin/cmake --build /home/chinchia120/autoware.ai/build/autoware_quickstart_examples --target install -- -j4 -l4
