[0.058s] Invoking command in '/home/chinchia120/autoware.ai/build/vehicle_engage_panel': CMAKE_PREFIX_PATH=/home/chinchia120/autoware.ai/install/autoware_msgs:/home/chinchia120/autoware.ai/install/autoware_build_flags:${CMAKE_PREFIX_PATH} PKG_CONFIG_PATH=/home/chinchia120/autoware.ai/install/autoware_msgs/lib/x86_64-linux-gnu/pkgconfig:/home/chinchia120/autoware.ai/install/autoware_msgs/lib/pkgconfig:/home/chinchia120/autoware.ai/install/autoware_build_flags/lib/x86_64-linux-gnu/pkgconfig:/home/chinchia120/autoware.ai/install/autoware_build_flags/lib/pkgconfig:${PKG_CONFIG_PATH} PYTHONPATH=/home/chinchia120/autoware.ai/install/autoware_msgs/lib/python2.7/dist-packages:${PYTHONPATH} ROS_PACKAGE_PATH=/home/chinchia120/autoware.ai/install/autoware_msgs/share:/home/chinchia120/autoware.ai/install/autoware_build_flags/share:${ROS_PACKAGE_PATH} /usr/bin/cmake /home/chinchia120/autoware.ai/src/autoware/utilities/vehicle_engage_panel -DCMAKE_BUILD_TYPE=Release -DCATKIN_INSTALL_INTO_PREFIX_ROOT=0 -DCMAKE_INSTALL_PREFIX=/home/chinchia120/autoware.ai/install/vehicle_engage_panel
[0.298s] -- The C compiler identification is GNU 7.5.0
[0.502s] -- The CXX compiler identification is GNU 7.5.0
[0.516s] -- Check for working C compiler: /usr/bin/cc
[0.789s] -- Check for working C compiler: /usr/bin/cc -- works
[0.790s] -- Detecting C compiler ABI info
[1.045s] -- Detecting C compiler ABI info - done
[1.092s] -- Detecting C compile features
[2.363s] -- Detecting C compile features - done
[2.369s] -- Check for working CXX compiler: /usr/bin/c++
[2.854s] -- Check for working CXX compiler: /usr/bin/c++ -- works
[2.856s] -- Detecting CXX compiler ABI info
[3.347s] -- Detecting CXX compiler ABI info - done
[3.397s] -- Detecting CXX compile features
[5.422s] -- Detecting CXX compile features - done
[5.427s] -- CUDA compilation status: 1.
[5.442s] -- Using CATKIN_DEVEL_PREFIX: /home/chinchia120/autoware.ai/build/vehicle_engage_panel/devel
[5.443s] -- Using CMAKE_PREFIX_PATH: /home/chinchia120/autoware.ai/install/autoware_msgs;/home/chinchia120/autoware.ai/install/autoware_build_flags;/home/chinchia120/catkin_ws/devel;/opt/ros/melodic
[5.444s] -- This workspace overlays: /home/chinchia120/autoware.ai/install/autoware_msgs;/home/chinchia120/autoware.ai/install/autoware_build_flags;/home/chinchia120/catkin_ws/devel;/opt/ros/melodic
[5.499s] -- Found PythonInterp: /usr/bin/python2 (found suitable version "2.7.17", minimum required is "2") 
[5.500s] -- Using PYTHON_EXECUTABLE: /usr/bin/python2
[5.501s] -- Using Debian Python package layout
[5.502s] -- Using empy: /usr/bin/empy
[5.907s] -- Using CATKIN_ENABLE_TESTING: ON
[5.908s] -- Call enable_testing()
[5.913s] -- Using CATKIN_TEST_RESULTS_DIR: /home/chinchia120/autoware.ai/build/vehicle_engage_panel/test_results
[5.943s] -- Found gtest sources under '/usr/src/googletest': gtests will be built
[5.944s] -- Found gmock sources under '/usr/src/googletest': gmock will be built
[5.974s] -- Found PythonInterp: /usr/bin/python2 (found version "2.7.17") 
[5.976s] -- Looking for pthread.h
[6.398s] -- Looking for pthread.h - found
[6.400s] -- Looking for pthread_create
[6.842s] -- Looking for pthread_create - not found
[6.843s] -- Looking for pthread_create in pthreads
[7.046s] -- Looking for pthread_create in pthreads - not found
[7.046s] -- Looking for pthread_create in pthread
[7.224s] -- Looking for pthread_create in pthread - found
[7.226s] -- Found Threads: TRUE  
[7.233s] -- Using Python nosetests: /usr/bin/nosetests-2.7
[7.309s] -- catkin 0.7.29
[7.309s] -- BUILD_SHARED_LIBS is on
[7.683s] -- Using these message generators: gencpp;geneus;genlisp;gennodejs;genpy
[8.506s] -- Using Qt5 based on the rviz_QT_VERSION: 5.9.5
[8.816s] -- Configuring done
[8.999s] -- Generating done
[9.038s] -- Build files have been written to: /home/chinchia120/autoware.ai/build/vehicle_engage_panel
[9.054s] Invoked command in '/home/chinchia120/autoware.ai/build/vehicle_engage_panel' returned '0': CMAKE_PREFIX_PATH=/home/chinchia120/autoware.ai/install/autoware_msgs:/home/chinchia120/autoware.ai/install/autoware_build_flags:${CMAKE_PREFIX_PATH} PKG_CONFIG_PATH=/home/chinchia120/autoware.ai/install/autoware_msgs/lib/x86_64-linux-gnu/pkgconfig:/home/chinchia120/autoware.ai/install/autoware_msgs/lib/pkgconfig:/home/chinchia120/autoware.ai/install/autoware_build_flags/lib/x86_64-linux-gnu/pkgconfig:/home/chinchia120/autoware.ai/install/autoware_build_flags/lib/pkgconfig:${PKG_CONFIG_PATH} PYTHONPATH=/home/chinchia120/autoware.ai/install/autoware_msgs/lib/python2.7/dist-packages:${PYTHONPATH} ROS_PACKAGE_PATH=/home/chinchia120/autoware.ai/install/autoware_msgs/share:/home/chinchia120/autoware.ai/install/autoware_build_flags/share:${ROS_PACKAGE_PATH} /usr/bin/cmake /home/chinchia120/autoware.ai/src/autoware/utilities/vehicle_engage_panel -DCMAKE_BUILD_TYPE=Release -DCATKIN_INSTALL_INTO_PREFIX_ROOT=0 -DCMAKE_INSTALL_PREFIX=/home/chinchia120/autoware.ai/install/vehicle_engage_panel
[9.056s] Invoking command in '/home/chinchia120/autoware.ai/build/vehicle_engage_panel': CMAKE_PREFIX_PATH=/home/chinchia120/autoware.ai/install/autoware_msgs:/home/chinchia120/autoware.ai/install/autoware_build_flags:${CMAKE_PREFIX_PATH} PKG_CONFIG_PATH=/home/chinchia120/autoware.ai/install/autoware_msgs/lib/x86_64-linux-gnu/pkgconfig:/home/chinchia120/autoware.ai/install/autoware_msgs/lib/pkgconfig:/home/chinchia120/autoware.ai/install/autoware_build_flags/lib/x86_64-linux-gnu/pkgconfig:/home/chinchia120/autoware.ai/install/autoware_build_flags/lib/pkgconfig:${PKG_CONFIG_PATH} PYTHONPATH=/home/chinchia120/autoware.ai/install/autoware_msgs/lib/python2.7/dist-packages:${PYTHONPATH} ROS_PACKAGE_PATH=/home/chinchia120/autoware.ai/install/autoware_msgs/share:/home/chinchia120/autoware.ai/install/autoware_build_flags/share:${ROS_PACKAGE_PATH} /usr/bin/cmake --build /home/chinchia120/autoware.ai/build/vehicle_engage_panel -- -j4 -l4
[9.192s] [35m[1mScanning dependencies of target vehicle_engage_panel_autogen[0m
[9.238s] [ 25%] [34m[1mAutomatic MOC for target vehicle_engage_panel[0m
[9.504s] [ 25%] Built target vehicle_engage_panel_autogen
[9.531s] [35m[1mScanning dependencies of target vehicle_engage_panel[0m
[9.680s] [ 50%] [32mBuilding CXX object CMakeFiles/vehicle_engage_panel.dir/src/vehicle_engage_panel.cpp.o[0m
[17.078s] [ 75%] [32mBuilding CXX object CMakeFiles/vehicle_engage_panel.dir/vehicle_engage_panel_autogen/mocs_compilation.cpp.o[0m
[21.340s] [100%] [32m[1mLinking CXX shared library devel/lib/libvehicle_engage_panel.so[0m
[22.385s] [100%] Built target vehicle_engage_panel
[22.413s] Invoked command in '/home/chinchia120/autoware.ai/build/vehicle_engage_panel' returned '0': CMAKE_PREFIX_PATH=/home/chinchia120/autoware.ai/install/autoware_msgs:/home/chinchia120/autoware.ai/install/autoware_build_flags:${CMAKE_PREFIX_PATH} PKG_CONFIG_PATH=/home/chinchia120/autoware.ai/install/autoware_msgs/lib/x86_64-linux-gnu/pkgconfig:/home/chinchia120/autoware.ai/install/autoware_msgs/lib/pkgconfig:/home/chinchia120/autoware.ai/install/autoware_build_flags/lib/x86_64-linux-gnu/pkgconfig:/home/chinchia120/autoware.ai/install/autoware_build_flags/lib/pkgconfig:${PKG_CONFIG_PATH} PYTHONPATH=/home/chinchia120/autoware.ai/install/autoware_msgs/lib/python2.7/dist-packages:${PYTHONPATH} ROS_PACKAGE_PATH=/home/chinchia120/autoware.ai/install/autoware_msgs/share:/home/chinchia120/autoware.ai/install/autoware_build_flags/share:${ROS_PACKAGE_PATH} /usr/bin/cmake --build /home/chinchia120/autoware.ai/build/vehicle_engage_panel -- -j4 -l4
[22.917s] Invoking command in '/home/chinchia120/autoware.ai/build/vehicle_engage_panel': CMAKE_PREFIX_PATH=/home/chinchia120/autoware.ai/install/autoware_msgs:/home/chinchia120/autoware.ai/install/autoware_build_flags:${CMAKE_PREFIX_PATH} PKG_CONFIG_PATH=/home/chinchia120/autoware.ai/install/autoware_msgs/lib/x86_64-linux-gnu/pkgconfig:/home/chinchia120/autoware.ai/install/autoware_msgs/lib/pkgconfig:/home/chinchia120/autoware.ai/install/autoware_build_flags/lib/x86_64-linux-gnu/pkgconfig:/home/chinchia120/autoware.ai/install/autoware_build_flags/lib/pkgconfig:${PKG_CONFIG_PATH} PYTHONPATH=/home/chinchia120/autoware.ai/install/autoware_msgs/lib/python2.7/dist-packages:${PYTHONPATH} ROS_PACKAGE_PATH=/home/chinchia120/autoware.ai/install/autoware_msgs/share:/home/chinchia120/autoware.ai/install/autoware_build_flags/share:${ROS_PACKAGE_PATH} /usr/bin/cmake --build /home/chinchia120/autoware.ai/build/vehicle_engage_panel --target tests -- -j4 -l4
[23.077s] [35m[1mScanning dependencies of target tests[0m
[23.100s] Built target tests
[23.129s] Invoked command in '/home/chinchia120/autoware.ai/build/vehicle_engage_panel' returned '0': CMAKE_PREFIX_PATH=/home/chinchia120/autoware.ai/install/autoware_msgs:/home/chinchia120/autoware.ai/install/autoware_build_flags:${CMAKE_PREFIX_PATH} PKG_CONFIG_PATH=/home/chinchia120/autoware.ai/install/autoware_msgs/lib/x86_64-linux-gnu/pkgconfig:/home/chinchia120/autoware.ai/install/autoware_msgs/lib/pkgconfig:/home/chinchia120/autoware.ai/install/autoware_build_flags/lib/x86_64-linux-gnu/pkgconfig:/home/chinchia120/autoware.ai/install/autoware_build_flags/lib/pkgconfig:${PKG_CONFIG_PATH} PYTHONPATH=/home/chinchia120/autoware.ai/install/autoware_msgs/lib/python2.7/dist-packages:${PYTHONPATH} ROS_PACKAGE_PATH=/home/chinchia120/autoware.ai/install/autoware_msgs/share:/home/chinchia120/autoware.ai/install/autoware_build_flags/share:${ROS_PACKAGE_PATH} /usr/bin/cmake --build /home/chinchia120/autoware.ai/build/vehicle_engage_panel --target tests -- -j4 -l4
[23.594s] Invoking command in '/home/chinchia120/autoware.ai/build/vehicle_engage_panel': CMAKE_PREFIX_PATH=/home/chinchia120/autoware.ai/install/autoware_msgs:/home/chinchia120/autoware.ai/install/autoware_build_flags:${CMAKE_PREFIX_PATH} PKG_CONFIG_PATH=/home/chinchia120/autoware.ai/install/autoware_msgs/lib/x86_64-linux-gnu/pkgconfig:/home/chinchia120/autoware.ai/install/autoware_msgs/lib/pkgconfig:/home/chinchia120/autoware.ai/install/autoware_build_flags/lib/x86_64-linux-gnu/pkgconfig:/home/chinchia120/autoware.ai/install/autoware_build_flags/lib/pkgconfig:${PKG_CONFIG_PATH} PYTHONPATH=/home/chinchia120/autoware.ai/install/autoware_msgs/lib/python2.7/dist-packages:${PYTHONPATH} ROS_PACKAGE_PATH=/home/chinchia120/autoware.ai/install/autoware_msgs/share:/home/chinchia120/autoware.ai/install/autoware_build_flags/share:${ROS_PACKAGE_PATH} /usr/bin/cmake --build /home/chinchia120/autoware.ai/build/vehicle_engage_panel --target install -- -j4 -l4
[23.765s] [ 25%] [34m[1mAutomatic MOC for target vehicle_engage_panel[0m
[23.808s] [ 25%] Built target vehicle_engage_panel_autogen
[23.924s] [100%] Built target vehicle_engage_panel
[23.995s] [36mInstall the project...[0m
[24.013s] -- Install configuration: "Release"
[24.013s] -- Installing: /home/chinchia120/autoware.ai/install/vehicle_engage_panel/lib/pkgconfig/vehicle_engage_panel.pc
[24.014s] -- Installing: /home/chinchia120/autoware.ai/install/vehicle_engage_panel/share/vehicle_engage_panel/cmake/vehicle_engage_panelConfig.cmake
[24.014s] -- Installing: /home/chinchia120/autoware.ai/install/vehicle_engage_panel/share/vehicle_engage_panel/cmake/vehicle_engage_panelConfig-version.cmake
[24.015s] -- Installing: /home/chinchia120/autoware.ai/install/vehicle_engage_panel/share/vehicle_engage_panel/package.xml
[24.016s] -- Installing: /home/chinchia120/autoware.ai/install/vehicle_engage_panel/lib/libvehicle_engage_panel.so
[24.022s] -- Set runtime path of "/home/chinchia120/autoware.ai/install/vehicle_engage_panel/lib/libvehicle_engage_panel.so" to ""
[24.023s] -- Installing: /home/chinchia120/autoware.ai/install/vehicle_engage_panel/share/vehicle_engage_panel/plugin_description.xml
[24.029s] Invoked command in '/home/chinchia120/autoware.ai/build/vehicle_engage_panel' returned '0': CMAKE_PREFIX_PATH=/home/chinchia120/autoware.ai/install/autoware_msgs:/home/chinchia120/autoware.ai/install/autoware_build_flags:${CMAKE_PREFIX_PATH} PKG_CONFIG_PATH=/home/chinchia120/autoware.ai/install/autoware_msgs/lib/x86_64-linux-gnu/pkgconfig:/home/chinchia120/autoware.ai/install/autoware_msgs/lib/pkgconfig:/home/chinchia120/autoware.ai/install/autoware_build_flags/lib/x86_64-linux-gnu/pkgconfig:/home/chinchia120/autoware.ai/install/autoware_build_flags/lib/pkgconfig:${PKG_CONFIG_PATH} PYTHONPATH=/home/chinchia120/autoware.ai/install/autoware_msgs/lib/python2.7/dist-packages:${PYTHONPATH} ROS_PACKAGE_PATH=/home/chinchia120/autoware.ai/install/autoware_msgs/share:/home/chinchia120/autoware.ai/install/autoware_build_flags/share:${ROS_PACKAGE_PATH} /usr/bin/cmake --build /home/chinchia120/autoware.ai/build/vehicle_engage_panel --target install -- -j4 -l4
