[0.041s] Invoking command in '/home/chinchia120/autoware.ai/build/vision_segment_enet_detect': CMAKE_PREFIX_PATH=/home/chinchia120/autoware.ai/install/autoware_build_flags:${CMAKE_PREFIX_PATH} PKG_CONFIG_PATH=/home/chinchia120/autoware.ai/install/autoware_build_flags/lib/x86_64-linux-gnu/pkgconfig:/home/chinchia120/autoware.ai/install/autoware_build_flags/lib/pkgconfig:${PKG_CONFIG_PATH} ROS_PACKAGE_PATH=/home/chinchia120/autoware.ai/install/autoware_build_flags/share:${ROS_PACKAGE_PATH} /usr/bin/cmake /home/chinchia120/autoware.ai/src/autoware/core_perception/vision_segment_enet_detect -DCMAKE_BUILD_TYPE=Release -DCATKIN_INSTALL_INTO_PREFIX_ROOT=0 -DCMAKE_INSTALL_PREFIX=/home/chinchia120/autoware.ai/install/vision_segment_enet_detect
[0.223s] -- The C compiler identification is GNU 7.5.0
[0.367s] -- The CXX compiler identification is GNU 7.5.0
[0.376s] -- Check for working C compiler: /usr/bin/cc
[0.564s] -- Check for working C compiler: /usr/bin/cc -- works
[0.564s] -- Detecting C compiler ABI info
[0.760s] -- Detecting C compiler ABI info - done
[0.774s] -- Detecting C compile features
[1.265s] -- Detecting C compile features - done
[1.270s] -- Check for working CXX compiler: /usr/bin/c++
[1.513s] -- Check for working CXX compiler: /usr/bin/c++ -- works
[1.513s] -- Detecting CXX compiler ABI info
[1.752s] -- Detecting CXX compiler ABI info - done
[1.774s] -- Detecting CXX compile features
[2.654s] -- Detecting CXX compile features - done
[2.662s] -- Using CATKIN_DEVEL_PREFIX: /home/chinchia120/autoware.ai/build/vision_segment_enet_detect/devel
[2.662s] -- Using CMAKE_PREFIX_PATH: /home/chinchia120/autoware.ai/install/autoware_build_flags;/home/chinchia120/catkin_ws/devel;/opt/ros/melodic
[2.663s] -- This workspace overlays: /home/chinchia120/autoware.ai/install/autoware_build_flags;/home/chinchia120/catkin_ws/devel;/opt/ros/melodic
[2.701s] -- Found PythonInterp: /usr/bin/python2 (found suitable version "2.7.17", minimum required is "2") 
[2.701s] -- Using PYTHON_EXECUTABLE: /usr/bin/python2
[2.701s] -- Using Debian Python package layout
[2.701s] -- Using empy: /usr/bin/empy
[3.009s] -- Using CATKIN_ENABLE_TESTING: ON
[3.010s] -- Call enable_testing()
[3.015s] -- Using CATKIN_TEST_RESULTS_DIR: /home/chinchia120/autoware.ai/build/vision_segment_enet_detect/test_results
[3.051s] -- Found gtest sources under '/usr/src/googletest': gtests will be built
[3.051s] -- Found gmock sources under '/usr/src/googletest': gmock will be built
[3.086s] -- Found PythonInterp: /usr/bin/python2 (found version "2.7.17") 
[3.088s] -- Looking for pthread.h
[3.237s] -- Looking for pthread.h - found
[3.238s] -- Looking for pthread_create
[3.447s] -- Looking for pthread_create - not found
[3.448s] -- Looking for pthread_create in pthreads
[3.623s] -- Looking for pthread_create in pthreads - not found
[3.624s] -- Looking for pthread_create in pthread
[3.830s] -- Looking for pthread_create in pthread - found
[3.832s] -- Found Threads: TRUE  
[3.840s] -- Using Python nosetests: /usr/bin/nosetests-2.7
[3.920s] -- catkin 0.7.29
[3.920s] -- BUILD_SHARED_LIBS is on
[4.132s] -- CUDA compilation status: 1.
[4.525s] -- Found CUDA: /usr/local/cuda-10.0 (found version "10.0") 
[4.563s] -- Found OpenCV: /usr (found version "3.2.0") 
[4.854s] ' ENet/Caffe' is not installed. 'vision_segment_enet_detect' will not be built.
[4.857s] -- Configuring done
[4.912s] -- Generating done
[4.923s] -- Build files have been written to: /home/chinchia120/autoware.ai/build/vision_segment_enet_detect
[4.930s] Invoked command in '/home/chinchia120/autoware.ai/build/vision_segment_enet_detect' returned '0': CMAKE_PREFIX_PATH=/home/chinchia120/autoware.ai/install/autoware_build_flags:${CMAKE_PREFIX_PATH} PKG_CONFIG_PATH=/home/chinchia120/autoware.ai/install/autoware_build_flags/lib/x86_64-linux-gnu/pkgconfig:/home/chinchia120/autoware.ai/install/autoware_build_flags/lib/pkgconfig:${PKG_CONFIG_PATH} ROS_PACKAGE_PATH=/home/chinchia120/autoware.ai/install/autoware_build_flags/share:${ROS_PACKAGE_PATH} /usr/bin/cmake /home/chinchia120/autoware.ai/src/autoware/core_perception/vision_segment_enet_detect -DCMAKE_BUILD_TYPE=Release -DCATKIN_INSTALL_INTO_PREFIX_ROOT=0 -DCMAKE_INSTALL_PREFIX=/home/chinchia120/autoware.ai/install/vision_segment_enet_detect
[4.936s] Invoking command in '/home/chinchia120/autoware.ai/build/vision_segment_enet_detect': CMAKE_PREFIX_PATH=/home/chinchia120/autoware.ai/install/autoware_build_flags:${CMAKE_PREFIX_PATH} PKG_CONFIG_PATH=/home/chinchia120/autoware.ai/install/autoware_build_flags/lib/x86_64-linux-gnu/pkgconfig:/home/chinchia120/autoware.ai/install/autoware_build_flags/lib/pkgconfig:${PKG_CONFIG_PATH} ROS_PACKAGE_PATH=/home/chinchia120/autoware.ai/install/autoware_build_flags/share:${ROS_PACKAGE_PATH} /usr/bin/cmake --build /home/chinchia120/autoware.ai/build/vision_segment_enet_detect -- -j4 -l4
[5.047s] Invoked command in '/home/chinchia120/autoware.ai/build/vision_segment_enet_detect' returned '0': CMAKE_PREFIX_PATH=/home/chinchia120/autoware.ai/install/autoware_build_flags:${CMAKE_PREFIX_PATH} PKG_CONFIG_PATH=/home/chinchia120/autoware.ai/install/autoware_build_flags/lib/x86_64-linux-gnu/pkgconfig:/home/chinchia120/autoware.ai/install/autoware_build_flags/lib/pkgconfig:${PKG_CONFIG_PATH} ROS_PACKAGE_PATH=/home/chinchia120/autoware.ai/install/autoware_build_flags/share:${ROS_PACKAGE_PATH} /usr/bin/cmake --build /home/chinchia120/autoware.ai/build/vision_segment_enet_detect -- -j4 -l4
[5.259s] Invoking command in '/home/chinchia120/autoware.ai/build/vision_segment_enet_detect': CMAKE_PREFIX_PATH=/home/chinchia120/autoware.ai/install/autoware_build_flags:${CMAKE_PREFIX_PATH} PKG_CONFIG_PATH=/home/chinchia120/autoware.ai/install/autoware_build_flags/lib/x86_64-linux-gnu/pkgconfig:/home/chinchia120/autoware.ai/install/autoware_build_flags/lib/pkgconfig:${PKG_CONFIG_PATH} ROS_PACKAGE_PATH=/home/chinchia120/autoware.ai/install/autoware_build_flags/share:${ROS_PACKAGE_PATH} /usr/bin/cmake --build /home/chinchia120/autoware.ai/build/vision_segment_enet_detect --target tests -- -j4 -l4
[5.404s] [35m[1mScanning dependencies of target tests[0m
[5.435s] Built target tests
[5.473s] Invoked command in '/home/chinchia120/autoware.ai/build/vision_segment_enet_detect' returned '0': CMAKE_PREFIX_PATH=/home/chinchia120/autoware.ai/install/autoware_build_flags:${CMAKE_PREFIX_PATH} PKG_CONFIG_PATH=/home/chinchia120/autoware.ai/install/autoware_build_flags/lib/x86_64-linux-gnu/pkgconfig:/home/chinchia120/autoware.ai/install/autoware_build_flags/lib/pkgconfig:${PKG_CONFIG_PATH} ROS_PACKAGE_PATH=/home/chinchia120/autoware.ai/install/autoware_build_flags/share:${ROS_PACKAGE_PATH} /usr/bin/cmake --build /home/chinchia120/autoware.ai/build/vision_segment_enet_detect --target tests -- -j4 -l4
[5.711s] Invoking command in '/home/chinchia120/autoware.ai/build/vision_segment_enet_detect': CMAKE_PREFIX_PATH=/home/chinchia120/autoware.ai/install/autoware_build_flags:${CMAKE_PREFIX_PATH} PKG_CONFIG_PATH=/home/chinchia120/autoware.ai/install/autoware_build_flags/lib/x86_64-linux-gnu/pkgconfig:/home/chinchia120/autoware.ai/install/autoware_build_flags/lib/pkgconfig:${PKG_CONFIG_PATH} ROS_PACKAGE_PATH=/home/chinchia120/autoware.ai/install/autoware_build_flags/share:${ROS_PACKAGE_PATH} /usr/bin/cmake --build /home/chinchia120/autoware.ai/build/vision_segment_enet_detect --target install -- -j4 -l4
[5.838s] [36mInstall the project...[0m
[5.859s] -- Install configuration: "Release"
[5.860s] -- Installing: /home/chinchia120/autoware.ai/install/vision_segment_enet_detect/lib/pkgconfig/vision_segment_enet_detect.pc
[5.860s] -- Installing: /home/chinchia120/autoware.ai/install/vision_segment_enet_detect/share/vision_segment_enet_detect/cmake/vision_segment_enet_detectConfig.cmake
[5.861s] -- Installing: /home/chinchia120/autoware.ai/install/vision_segment_enet_detect/share/vision_segment_enet_detect/cmake/vision_segment_enet_detectConfig-version.cmake
[5.861s] -- Installing: /home/chinchia120/autoware.ai/install/vision_segment_enet_detect/share/vision_segment_enet_detect/package.xml
[5.874s] Invoked command in '/home/chinchia120/autoware.ai/build/vision_segment_enet_detect' returned '0': CMAKE_PREFIX_PATH=/home/chinchia120/autoware.ai/install/autoware_build_flags:${CMAKE_PREFIX_PATH} PKG_CONFIG_PATH=/home/chinchia120/autoware.ai/install/autoware_build_flags/lib/x86_64-linux-gnu/pkgconfig:/home/chinchia120/autoware.ai/install/autoware_build_flags/lib/pkgconfig:${PKG_CONFIG_PATH} ROS_PACKAGE_PATH=/home/chinchia120/autoware.ai/install/autoware_build_flags/share:${ROS_PACKAGE_PATH} /usr/bin/cmake --build /home/chinchia120/autoware.ai/build/vision_segment_enet_detect --target install -- -j4 -l4
