[0.078s] Invoking command in '/home/chinchia120/autoware.ai/build/vel_pose_diff_checker': CMAKE_PREFIX_PATH=/home/chinchia120/autoware.ai/install/autoware_health_checker:/home/chinchia120/autoware.ai/install/amathutils_lib:/home/chinchia120/autoware.ai/install/ros_observer:/home/chinchia120/autoware.ai/install/autoware_system_msgs:/home/chinchia120/autoware.ai/install/autoware_msgs:/home/chinchia120/autoware.ai/install/autoware_build_flags:${CMAKE_PREFIX_PATH} LD_LIBRARY_PATH=/home/chinchia120/autoware.ai/install/autoware_health_checker/lib:/home/chinchia120/autoware.ai/install/amathutils_lib/lib:/home/chinchia120/autoware.ai/install/ros_observer/lib:${LD_LIBRARY_PATH} PKG_CONFIG_PATH=/home/chinchia120/autoware.ai/install/autoware_health_checker/lib/x86_64-linux-gnu/pkgconfig:/home/chinchia120/autoware.ai/install/autoware_health_checker/lib/pkgconfig:/home/chinchia120/autoware.ai/install/amathutils_lib/lib/x86_64-linux-gnu/pkgconfig:/home/chinchia120/autoware.ai/install/amathutils_lib/lib/pkgconfig:/home/chinchia120/autoware.ai/install/ros_observer/lib/x86_64-linux-gnu/pkgconfig:/home/chinchia120/autoware.ai/install/ros_observer/lib/pkgconfig:/home/chinchia120/autoware.ai/install/autoware_system_msgs/lib/x86_64-linux-gnu/pkgconfig:/home/chinchia120/autoware.ai/install/autoware_system_msgs/lib/pkgconfig:/home/chinchia120/autoware.ai/install/autoware_msgs/lib/x86_64-linux-gnu/pkgconfig:/home/chinchia120/autoware.ai/install/autoware_msgs/lib/pkgconfig:/home/chinchia120/autoware.ai/install/autoware_build_flags/lib/x86_64-linux-gnu/pkgconfig:/home/chinchia120/autoware.ai/install/autoware_build_flags/lib/pkgconfig:${PKG_CONFIG_PATH} PYTHONPATH=/home/chinchia120/autoware.ai/install/autoware_system_msgs/lib/python2.7/dist-packages:/home/chinchia120/autoware.ai/install/autoware_msgs/lib/python2.7/dist-packages:${PYTHONPATH} ROS_PACKAGE_PATH=/home/chinchia120/autoware.ai/install/autoware_health_checker/share:/home/chinchia120/autoware.ai/install/amathutils_lib/share:/home/chinchia120/autoware.ai/install/ros_observer/share:/home/chinchia120/autoware.ai/install/autoware_system_msgs/share:/home/chinchia120/autoware.ai/install/autoware_msgs/share:/home/chinchia120/autoware.ai/install/autoware_build_flags/share:${ROS_PACKAGE_PATH} /usr/bin/cmake /home/chinchia120/autoware.ai/src/autoware/core_perception/vel_pose_diff_checker -DCMAKE_BUILD_TYPE=Release -DCATKIN_INSTALL_INTO_PREFIX_ROOT=0 -DCMAKE_INSTALL_PREFIX=/home/chinchia120/autoware.ai/install/vel_pose_diff_checker
[0.220s] -- The C compiler identification is GNU 7.5.0
[0.347s] -- The CXX compiler identification is GNU 7.5.0
[0.357s] -- Check for working C compiler: /usr/bin/cc
[0.525s] -- Check for working C compiler: /usr/bin/cc -- works
[0.526s] -- Detecting C compiler ABI info
[0.693s] -- Detecting C compiler ABI info - done
[0.716s] -- Detecting C compile features
[1.224s] -- Detecting C compile features - done
[1.231s] -- Check for working CXX compiler: /usr/bin/c++
[1.438s] -- Check for working CXX compiler: /usr/bin/c++ -- works
[1.439s] -- Detecting CXX compiler ABI info
[1.639s] -- Detecting CXX compiler ABI info - done
[1.659s] -- Detecting CXX compile features
[2.587s] -- Detecting CXX compile features - done
[2.596s] -- Using CATKIN_DEVEL_PREFIX: /home/chinchia120/autoware.ai/build/vel_pose_diff_checker/devel
[2.597s] -- Using CMAKE_PREFIX_PATH: /home/chinchia120/autoware.ai/install/autoware_health_checker;/home/chinchia120/autoware.ai/install/amathutils_lib;/home/chinchia120/autoware.ai/install/ros_observer;/home/chinchia120/autoware.ai/install/autoware_system_msgs;/home/chinchia120/autoware.ai/install/autoware_msgs;/home/chinchia120/autoware.ai/install/autoware_build_flags;/home/chinchia120/catkin_ws/devel;/opt/ros/melodic
[2.598s] -- This workspace overlays: /home/chinchia120/autoware.ai/install/autoware_health_checker;/home/chinchia120/autoware.ai/install/amathutils_lib;/home/chinchia120/autoware.ai/install/ros_observer;/home/chinchia120/autoware.ai/install/autoware_system_msgs;/home/chinchia120/autoware.ai/install/autoware_msgs;/home/chinchia120/autoware.ai/install/autoware_build_flags;/home/chinchia120/catkin_ws/devel;/opt/ros/melodic
[2.635s] -- Found PythonInterp: /usr/bin/python2 (found suitable version "2.7.17", minimum required is "2") 
[2.636s] -- Using PYTHON_EXECUTABLE: /usr/bin/python2
[2.639s] -- Using Debian Python package layout
[2.639s] -- Using empy: /usr/bin/empy
[3.006s] -- Using CATKIN_ENABLE_TESTING: ON
[3.007s] -- Call enable_testing()
[3.022s] -- Using CATKIN_TEST_RESULTS_DIR: /home/chinchia120/autoware.ai/build/vel_pose_diff_checker/test_results
[3.057s] -- Found gtest sources under '/usr/src/googletest': gtests will be built
[3.057s] -- Found gmock sources under '/usr/src/googletest': gmock will be built
[3.098s] -- Found PythonInterp: /usr/bin/python2 (found version "2.7.17") 
[3.098s] -- Looking for pthread.h
[3.303s] -- Looking for pthread.h - found
[3.303s] -- Looking for pthread_create
[3.520s] -- Looking for pthread_create - not found
[3.520s] -- Looking for pthread_create in pthreads
[3.698s] -- Looking for pthread_create in pthreads - not found
[3.699s] -- Looking for pthread_create in pthread
[3.871s] -- Looking for pthread_create in pthread - found
[3.871s] -- Found Threads: TRUE  
[3.874s] -- Using Python nosetests: /usr/bin/nosetests-2.7
[3.962s] -- catkin 0.7.29
[3.962s] -- BUILD_SHARED_LIBS is on
[4.399s] -- Using these message generators: gencpp;geneus;genlisp;gennodejs;genpy
[4.935s] -- CUDA compilation status: 1.
[5.239s] -- Configuring done
[5.421s] -- Generating done
[5.451s] -- Build files have been written to: /home/chinchia120/autoware.ai/build/vel_pose_diff_checker
[5.464s] Invoked command in '/home/chinchia120/autoware.ai/build/vel_pose_diff_checker' returned '0': CMAKE_PREFIX_PATH=/home/chinchia120/autoware.ai/install/autoware_health_checker:/home/chinchia120/autoware.ai/install/amathutils_lib:/home/chinchia120/autoware.ai/install/ros_observer:/home/chinchia120/autoware.ai/install/autoware_system_msgs:/home/chinchia120/autoware.ai/install/autoware_msgs:/home/chinchia120/autoware.ai/install/autoware_build_flags:${CMAKE_PREFIX_PATH} LD_LIBRARY_PATH=/home/chinchia120/autoware.ai/install/autoware_health_checker/lib:/home/chinchia120/autoware.ai/install/amathutils_lib/lib:/home/chinchia120/autoware.ai/install/ros_observer/lib:${LD_LIBRARY_PATH} PKG_CONFIG_PATH=/home/chinchia120/autoware.ai/install/autoware_health_checker/lib/x86_64-linux-gnu/pkgconfig:/home/chinchia120/autoware.ai/install/autoware_health_checker/lib/pkgconfig:/home/chinchia120/autoware.ai/install/amathutils_lib/lib/x86_64-linux-gnu/pkgconfig:/home/chinchia120/autoware.ai/install/amathutils_lib/lib/pkgconfig:/home/chinchia120/autoware.ai/install/ros_observer/lib/x86_64-linux-gnu/pkgconfig:/home/chinchia120/autoware.ai/install/ros_observer/lib/pkgconfig:/home/chinchia120/autoware.ai/install/autoware_system_msgs/lib/x86_64-linux-gnu/pkgconfig:/home/chinchia120/autoware.ai/install/autoware_system_msgs/lib/pkgconfig:/home/chinchia120/autoware.ai/install/autoware_msgs/lib/x86_64-linux-gnu/pkgconfig:/home/chinchia120/autoware.ai/install/autoware_msgs/lib/pkgconfig:/home/chinchia120/autoware.ai/install/autoware_build_flags/lib/x86_64-linux-gnu/pkgconfig:/home/chinchia120/autoware.ai/install/autoware_build_flags/lib/pkgconfig:${PKG_CONFIG_PATH} PYTHONPATH=/home/chinchia120/autoware.ai/install/autoware_system_msgs/lib/python2.7/dist-packages:/home/chinchia120/autoware.ai/install/autoware_msgs/lib/python2.7/dist-packages:${PYTHONPATH} ROS_PACKAGE_PATH=/home/chinchia120/autoware.ai/install/autoware_health_checker/share:/home/chinchia120/autoware.ai/install/amathutils_lib/share:/home/chinchia120/autoware.ai/install/ros_observer/share:/home/chinchia120/autoware.ai/install/autoware_system_msgs/share:/home/chinchia120/autoware.ai/install/autoware_msgs/share:/home/chinchia120/autoware.ai/install/autoware_build_flags/share:${ROS_PACKAGE_PATH} /usr/bin/cmake /home/chinchia120/autoware.ai/src/autoware/core_perception/vel_pose_diff_checker -DCMAKE_BUILD_TYPE=Release -DCATKIN_INSTALL_INTO_PREFIX_ROOT=0 -DCMAKE_INSTALL_PREFIX=/home/chinchia120/autoware.ai/install/vel_pose_diff_checker
[5.467s] Invoking command in '/home/chinchia120/autoware.ai/build/vel_pose_diff_checker': CMAKE_PREFIX_PATH=/home/chinchia120/autoware.ai/install/autoware_health_checker:/home/chinchia120/autoware.ai/install/amathutils_lib:/home/chinchia120/autoware.ai/install/ros_observer:/home/chinchia120/autoware.ai/install/autoware_system_msgs:/home/chinchia120/autoware.ai/install/autoware_msgs:/home/chinchia120/autoware.ai/install/autoware_build_flags:${CMAKE_PREFIX_PATH} LD_LIBRARY_PATH=/home/chinchia120/autoware.ai/install/autoware_health_checker/lib:/home/chinchia120/autoware.ai/install/amathutils_lib/lib:/home/chinchia120/autoware.ai/install/ros_observer/lib:${LD_LIBRARY_PATH} PKG_CONFIG_PATH=/home/chinchia120/autoware.ai/install/autoware_health_checker/lib/x86_64-linux-gnu/pkgconfig:/home/chinchia120/autoware.ai/install/autoware_health_checker/lib/pkgconfig:/home/chinchia120/autoware.ai/install/amathutils_lib/lib/x86_64-linux-gnu/pkgconfig:/home/chinchia120/autoware.ai/install/amathutils_lib/lib/pkgconfig:/home/chinchia120/autoware.ai/install/ros_observer/lib/x86_64-linux-gnu/pkgconfig:/home/chinchia120/autoware.ai/install/ros_observer/lib/pkgconfig:/home/chinchia120/autoware.ai/install/autoware_system_msgs/lib/x86_64-linux-gnu/pkgconfig:/home/chinchia120/autoware.ai/install/autoware_system_msgs/lib/pkgconfig:/home/chinchia120/autoware.ai/install/autoware_msgs/lib/x86_64-linux-gnu/pkgconfig:/home/chinchia120/autoware.ai/install/autoware_msgs/lib/pkgconfig:/home/chinchia120/autoware.ai/install/autoware_build_flags/lib/x86_64-linux-gnu/pkgconfig:/home/chinchia120/autoware.ai/install/autoware_build_flags/lib/pkgconfig:${PKG_CONFIG_PATH} PYTHONPATH=/home/chinchia120/autoware.ai/install/autoware_system_msgs/lib/python2.7/dist-packages:/home/chinchia120/autoware.ai/install/autoware_msgs/lib/python2.7/dist-packages:${PYTHONPATH} ROS_PACKAGE_PATH=/home/chinchia120/autoware.ai/install/autoware_health_checker/share:/home/chinchia120/autoware.ai/install/amathutils_lib/share:/home/chinchia120/autoware.ai/install/ros_observer/share:/home/chinchia120/autoware.ai/install/autoware_system_msgs/share:/home/chinchia120/autoware.ai/install/autoware_msgs/share:/home/chinchia120/autoware.ai/install/autoware_build_flags/share:${ROS_PACKAGE_PATH} /usr/bin/cmake --build /home/chinchia120/autoware.ai/build/vel_pose_diff_checker -- -j4 -l4
[5.591s] [35m[1mScanning dependencies of target autoware_system_msgs_generate_messages_py[0m
[5.620s] [  0%] Built target autoware_system_msgs_generate_messages_py
[5.654s] [35m[1mScanning dependencies of target actionlib_generate_messages_cpp[0m
[5.689s] [  0%] Built target actionlib_generate_messages_cpp
[5.721s] [35m[1mScanning dependencies of target pcl_msgs_generate_messages_eus[0m
[5.753s] [  0%] Built target pcl_msgs_generate_messages_eus
[5.787s] [35m[1mScanning dependencies of target rosgraph_msgs_generate_messages_eus[0m
[5.819s] [  0%] Built target rosgraph_msgs_generate_messages_eus
[5.852s] [35m[1mScanning dependencies of target jsk_recognition_msgs_generate_messages_lisp[0m
[5.878s] [  0%] Built target jsk_recognition_msgs_generate_messages_lisp
[5.907s] [35m[1mScanning dependencies of target jsk_recognition_msgs_generate_messages_eus[0m
[5.935s] [  0%] Built target jsk_recognition_msgs_generate_messages_eus
[5.966s] [35m[1mScanning dependencies of target tf2_msgs_generate_messages_cpp[0m
[5.996s] [  0%] Built target tf2_msgs_generate_messages_cpp
[6.027s] [35m[1mScanning dependencies of target std_msgs_generate_messages_py[0m
[6.057s] [  0%] Built target std_msgs_generate_messages_py
[6.092s] [35m[1mScanning dependencies of target autoware_msgs_generate_messages_py[0m
[6.125s] [  0%] Built target autoware_msgs_generate_messages_py
[6.158s] [35m[1mScanning dependencies of target std_msgs_generate_messages_nodejs[0m
[6.183s] [  0%] Built target std_msgs_generate_messages_nodejs
[6.214s] [35m[1mScanning dependencies of target sensor_msgs_generate_messages_eus[0m
[6.244s] [  0%] Built target sensor_msgs_generate_messages_eus
[6.279s] [35m[1mScanning dependencies of target _catkin_empty_exported_target[0m
[6.309s] [  0%] Built target _catkin_empty_exported_target
[6.340s] [35m[1mScanning dependencies of target sensor_msgs_generate_messages_cpp[0m
[6.375s] [  0%] Built target sensor_msgs_generate_messages_cpp
[6.409s] [35m[1mScanning dependencies of target autoware_msgs_generate_messages_cpp[0m
[6.446s] [  0%] Built target autoware_msgs_generate_messages_cpp
[6.489s] [35m[1mScanning dependencies of target rosgraph_msgs_generate_messages_cpp[0m
[6.543s] [  0%] Built target rosgraph_msgs_generate_messages_cpp
[6.575s] [35m[1mScanning dependencies of target pcl_msgs_generate_messages_nodejs[0m
[6.614s] [  0%] Built target pcl_msgs_generate_messages_nodejs
[6.649s] [35m[1mScanning dependencies of target jsk_recognition_msgs_generate_messages_py[0m
[6.677s] [  0%] Built target jsk_recognition_msgs_generate_messages_py
[6.716s] [35m[1mScanning dependencies of target sensor_msgs_generate_messages_lisp[0m
[6.753s] [  0%] Built target sensor_msgs_generate_messages_lisp
[6.784s] [35m[1mScanning dependencies of target sensor_msgs_generate_messages_py[0m
[6.817s] [  0%] Built target sensor_msgs_generate_messages_py
[6.903s] [35m[1mScanning dependencies of target tf_generate_messages_py[0m
[6.937s] [  0%] Built target tf_generate_messages_py
[6.969s] [35m[1mScanning dependencies of target std_msgs_generate_messages_cpp[0m
[7.003s] [  0%] Built target std_msgs_generate_messages_cpp
[7.032s] [35m[1mScanning dependencies of target jsk_footstep_msgs_generate_messages_py[0m
[7.098s] [  0%] Built target jsk_footstep_msgs_generate_messages_py
[7.128s] [35m[1mScanning dependencies of target actionlib_msgs_generate_messages_nodejs[0m
[7.187s] [  0%] Built target actionlib_msgs_generate_messages_nodejs
[7.231s] [35m[1mScanning dependencies of target geometry_msgs_generate_messages_eus[0m
[7.271s] [  0%] Built target geometry_msgs_generate_messages_eus
[7.301s] [35m[1mScanning dependencies of target std_msgs_generate_messages_lisp[0m
[7.344s] [  0%] Built target std_msgs_generate_messages_lisp
[7.373s] [35m[1mScanning dependencies of target roscpp_generate_messages_nodejs[0m
[7.406s] [  0%] Built target roscpp_generate_messages_nodejs
[7.440s] [35m[1mScanning dependencies of target autoware_system_msgs_generate_messages_cpp[0m
[7.473s] [  0%] Built target autoware_system_msgs_generate_messages_cpp
[7.508s] [35m[1mScanning dependencies of target geometry_msgs_generate_messages_nodejs[0m
[7.551s] [  0%] Built target geometry_msgs_generate_messages_nodejs
[7.585s] [35m[1mScanning dependencies of target geometry_msgs_generate_messages_lisp[0m
[7.619s] [  0%] Built target geometry_msgs_generate_messages_lisp
[7.648s] [35m[1mScanning dependencies of target pcl_msgs_generate_messages_cpp[0m
[7.675s] [  0%] Built target pcl_msgs_generate_messages_cpp
[7.700s] [35m[1mScanning dependencies of target jsk_recognition_msgs_generate_messages_cpp[0m
[7.741s] [  0%] Built target jsk_recognition_msgs_generate_messages_cpp
[7.770s] [35m[1mScanning dependencies of target autoware_msgs_generate_messages_eus[0m
[7.800s] [  0%] Built target autoware_msgs_generate_messages_eus
[7.837s] [35m[1mScanning dependencies of target autoware_msgs_generate_messages_lisp[0m
[7.872s] [  0%] Built target autoware_msgs_generate_messages_lisp
[7.900s] [35m[1mScanning dependencies of target std_msgs_generate_messages_eus[0m
[7.933s] [  0%] Built target std_msgs_generate_messages_eus
[7.964s] [35m[1mScanning dependencies of target autoware_msgs_generate_messages_nodejs[0m
[8.017s] [  0%] Built target autoware_msgs_generate_messages_nodejs
[8.048s] [35m[1mScanning dependencies of target jsk_footstep_msgs_generate_messages_eus[0m
[8.081s] [  0%] Built target jsk_footstep_msgs_generate_messages_eus
[8.109s] [35m[1mScanning dependencies of target actionlib_msgs_generate_messages_py[0m
[8.142s] [  0%] Built target actionlib_msgs_generate_messages_py
[8.186s] [35m[1mScanning dependencies of target jsk_footstep_msgs_generate_messages_lisp[0m
[8.215s] [  0%] Built target jsk_footstep_msgs_generate_messages_lisp
[8.248s] [35m[1mScanning dependencies of target jsk_footstep_msgs_generate_messages_nodejs[0m
[8.277s] [  0%] Built target jsk_footstep_msgs_generate_messages_nodejs
[8.310s] [35m[1mScanning dependencies of target autoware_system_msgs_generate_messages_nodejs[0m
[8.348s] [  0%] Built target autoware_system_msgs_generate_messages_nodejs
[8.371s] [35m[1mScanning dependencies of target actionlib_msgs_generate_messages_lisp[0m
[8.398s] [  0%] Built target actionlib_msgs_generate_messages_lisp
[8.428s] [35m[1mScanning dependencies of target jsk_footstep_msgs_generate_messages_cpp[0m
[8.459s] [  0%] Built target jsk_footstep_msgs_generate_messages_cpp
[8.498s] [35m[1mScanning dependencies of target actionlib_msgs_generate_messages_cpp[0m
[8.533s] [  0%] Built target actionlib_msgs_generate_messages_cpp
[8.568s] [35m[1mScanning dependencies of target tf_generate_messages_eus[0m
[8.600s] [  0%] Built target tf_generate_messages_eus
[8.630s] [35m[1mScanning dependencies of target tf_generate_messages_lisp[0m
[8.663s] [  0%] Built target tf_generate_messages_lisp
[8.696s] [35m[1mScanning dependencies of target tf_generate_messages_nodejs[0m
[8.729s] [  0%] Built target tf_generate_messages_nodejs
[8.757s] [35m[1mScanning dependencies of target jsk_recognition_msgs_generate_messages_nodejs[0m
[8.785s] [  0%] Built target jsk_recognition_msgs_generate_messages_nodejs
[8.820s] [35m[1mScanning dependencies of target roscpp_generate_messages_lisp[0m
[8.848s] [  0%] Built target roscpp_generate_messages_lisp
[8.879s] [35m[1mScanning dependencies of target roscpp_generate_messages_py[0m
[8.914s] [  0%] Built target roscpp_generate_messages_py
[8.934s] [35m[1mScanning dependencies of target rosgraph_msgs_generate_messages_lisp[0m
[8.964s] [  0%] Built target rosgraph_msgs_generate_messages_lisp
[9.002s] [35m[1mScanning dependencies of target rosgraph_msgs_generate_messages_nodejs[0m
[9.034s] [  0%] Built target rosgraph_msgs_generate_messages_nodejs
[9.069s] [35m[1mScanning dependencies of target roscpp_generate_messages_eus[0m
[9.106s] [  0%] Built target roscpp_generate_messages_eus
[9.135s] [35m[1mScanning dependencies of target actionlib_msgs_generate_messages_eus[0m
[9.174s] [  0%] Built target actionlib_msgs_generate_messages_eus
[9.201s] [35m[1mScanning dependencies of target rosgraph_msgs_generate_messages_py[0m
[9.243s] [  0%] Built target rosgraph_msgs_generate_messages_py
[9.276s] [35m[1mScanning dependencies of target pcl_msgs_generate_messages_py[0m
[9.306s] [  0%] Built target pcl_msgs_generate_messages_py
[9.339s] [35m[1mScanning dependencies of target actionlib_generate_messages_eus[0m
[9.368s] [  0%] Built target actionlib_generate_messages_eus
[9.393s] [35m[1mScanning dependencies of target geometry_msgs_generate_messages_cpp[0m
[9.426s] [  0%] Built target geometry_msgs_generate_messages_cpp
[9.453s] [35m[1mScanning dependencies of target actionlib_generate_messages_lisp[0m
[9.498s] [  0%] Built target actionlib_generate_messages_lisp
[9.530s] [35m[1mScanning dependencies of target pcl_msgs_generate_messages_lisp[0m
[9.558s] [  0%] Built target pcl_msgs_generate_messages_lisp
[9.588s] [35m[1mScanning dependencies of target tf_generate_messages_cpp[0m
[9.620s] [  0%] Built target tf_generate_messages_cpp
[9.653s] [35m[1mScanning dependencies of target actionlib_generate_messages_nodejs[0m
[9.678s] [  0%] Built target actionlib_generate_messages_nodejs
[9.711s] [35m[1mScanning dependencies of target autoware_system_msgs_generate_messages_eus[0m
[9.741s] [  0%] Built target autoware_system_msgs_generate_messages_eus
[9.763s] [35m[1mScanning dependencies of target tf2_msgs_generate_messages_eus[0m
[9.785s] [  0%] Built target tf2_msgs_generate_messages_eus
[9.820s] [35m[1mScanning dependencies of target tf2_msgs_generate_messages_lisp[0m
[9.845s] [  0%] Built target tf2_msgs_generate_messages_lisp
[9.874s] [35m[1mScanning dependencies of target actionlib_generate_messages_py[0m
[9.901s] [  0%] Built target actionlib_generate_messages_py
[9.927s] [35m[1mScanning dependencies of target tf2_msgs_generate_messages_py[0m
[9.959s] [  0%] Built target tf2_msgs_generate_messages_py
[9.984s] [35m[1mScanning dependencies of target autoware_system_msgs_generate_messages_lisp[0m
[10.011s] [  0%] Built target autoware_system_msgs_generate_messages_lisp
[10.044s] [35m[1mScanning dependencies of target tf2_msgs_generate_messages_nodejs[0m
[10.072s] [  0%] Built target tf2_msgs_generate_messages_nodejs
[10.103s] [35m[1mScanning dependencies of target sensor_msgs_generate_messages_nodejs[0m
[10.132s] [  0%] Built target sensor_msgs_generate_messages_nodejs
[10.161s] [35m[1mScanning dependencies of target roscpp_generate_messages_cpp[0m
[10.198s] [  0%] Built target roscpp_generate_messages_cpp
[10.231s] [35m[1mScanning dependencies of target geometry_msgs_generate_messages_py[0m
[10.253s] [  0%] Built target geometry_msgs_generate_messages_py
[10.282s] [35m[1mScanning dependencies of target vel_pose_diff_checker[0m
[10.383s] [ 25%] [32mBuilding CXX object CMakeFiles/vel_pose_diff_checker.dir/src/vel_pose_diff_checker_node.cpp.o[0m
[15.983s] [ 50%] [32mBuilding CXX object CMakeFiles/vel_pose_diff_checker.dir/src/value_time_queue.cpp.o[0m
[18.874s] [ 75%] [32mBuilding CXX object CMakeFiles/vel_pose_diff_checker.dir/src/vel_pose_diff_checker_core.cpp.o[0m
[26.519s] [100%] [32m[1mLinking CXX executable devel/lib/vel_pose_diff_checker/vel_pose_diff_checker[0m
[26.831s] [100%] Built target vel_pose_diff_checker
[26.860s] Invoked command in '/home/chinchia120/autoware.ai/build/vel_pose_diff_checker' returned '0': CMAKE_PREFIX_PATH=/home/chinchia120/autoware.ai/install/autoware_health_checker:/home/chinchia120/autoware.ai/install/amathutils_lib:/home/chinchia120/autoware.ai/install/ros_observer:/home/chinchia120/autoware.ai/install/autoware_system_msgs:/home/chinchia120/autoware.ai/install/autoware_msgs:/home/chinchia120/autoware.ai/install/autoware_build_flags:${CMAKE_PREFIX_PATH} LD_LIBRARY_PATH=/home/chinchia120/autoware.ai/install/autoware_health_checker/lib:/home/chinchia120/autoware.ai/install/amathutils_lib/lib:/home/chinchia120/autoware.ai/install/ros_observer/lib:${LD_LIBRARY_PATH} PKG_CONFIG_PATH=/home/chinchia120/autoware.ai/install/autoware_health_checker/lib/x86_64-linux-gnu/pkgconfig:/home/chinchia120/autoware.ai/install/autoware_health_checker/lib/pkgconfig:/home/chinchia120/autoware.ai/install/amathutils_lib/lib/x86_64-linux-gnu/pkgconfig:/home/chinchia120/autoware.ai/install/amathutils_lib/lib/pkgconfig:/home/chinchia120/autoware.ai/install/ros_observer/lib/x86_64-linux-gnu/pkgconfig:/home/chinchia120/autoware.ai/install/ros_observer/lib/pkgconfig:/home/chinchia120/autoware.ai/install/autoware_system_msgs/lib/x86_64-linux-gnu/pkgconfig:/home/chinchia120/autoware.ai/install/autoware_system_msgs/lib/pkgconfig:/home/chinchia120/autoware.ai/install/autoware_msgs/lib/x86_64-linux-gnu/pkgconfig:/home/chinchia120/autoware.ai/install/autoware_msgs/lib/pkgconfig:/home/chinchia120/autoware.ai/install/autoware_build_flags/lib/x86_64-linux-gnu/pkgconfig:/home/chinchia120/autoware.ai/install/autoware_build_flags/lib/pkgconfig:${PKG_CONFIG_PATH} PYTHONPATH=/home/chinchia120/autoware.ai/install/autoware_system_msgs/lib/python2.7/dist-packages:/home/chinchia120/autoware.ai/install/autoware_msgs/lib/python2.7/dist-packages:${PYTHONPATH} ROS_PACKAGE_PATH=/home/chinchia120/autoware.ai/install/autoware_health_checker/share:/home/chinchia120/autoware.ai/install/amathutils_lib/share:/home/chinchia120/autoware.ai/install/ros_observer/share:/home/chinchia120/autoware.ai/install/autoware_system_msgs/share:/home/chinchia120/autoware.ai/install/autoware_msgs/share:/home/chinchia120/autoware.ai/install/autoware_build_flags/share:${ROS_PACKAGE_PATH} /usr/bin/cmake --build /home/chinchia120/autoware.ai/build/vel_pose_diff_checker -- -j4 -l4
[27.206s] Invoking command in '/home/chinchia120/autoware.ai/build/vel_pose_diff_checker': CMAKE_PREFIX_PATH=/home/chinchia120/autoware.ai/install/autoware_health_checker:/home/chinchia120/autoware.ai/install/amathutils_lib:/home/chinchia120/autoware.ai/install/ros_observer:/home/chinchia120/autoware.ai/install/autoware_system_msgs:/home/chinchia120/autoware.ai/install/autoware_msgs:/home/chinchia120/autoware.ai/install/autoware_build_flags:${CMAKE_PREFIX_PATH} LD_LIBRARY_PATH=/home/chinchia120/autoware.ai/install/autoware_health_checker/lib:/home/chinchia120/autoware.ai/install/amathutils_lib/lib:/home/chinchia120/autoware.ai/install/ros_observer/lib:${LD_LIBRARY_PATH} PKG_CONFIG_PATH=/home/chinchia120/autoware.ai/install/autoware_health_checker/lib/x86_64-linux-gnu/pkgconfig:/home/chinchia120/autoware.ai/install/autoware_health_checker/lib/pkgconfig:/home/chinchia120/autoware.ai/install/amathutils_lib/lib/x86_64-linux-gnu/pkgconfig:/home/chinchia120/autoware.ai/install/amathutils_lib/lib/pkgconfig:/home/chinchia120/autoware.ai/install/ros_observer/lib/x86_64-linux-gnu/pkgconfig:/home/chinchia120/autoware.ai/install/ros_observer/lib/pkgconfig:/home/chinchia120/autoware.ai/install/autoware_system_msgs/lib/x86_64-linux-gnu/pkgconfig:/home/chinchia120/autoware.ai/install/autoware_system_msgs/lib/pkgconfig:/home/chinchia120/autoware.ai/install/autoware_msgs/lib/x86_64-linux-gnu/pkgconfig:/home/chinchia120/autoware.ai/install/autoware_msgs/lib/pkgconfig:/home/chinchia120/autoware.ai/install/autoware_build_flags/lib/x86_64-linux-gnu/pkgconfig:/home/chinchia120/autoware.ai/install/autoware_build_flags/lib/pkgconfig:${PKG_CONFIG_PATH} PYTHONPATH=/home/chinchia120/autoware.ai/install/autoware_system_msgs/lib/python2.7/dist-packages:/home/chinchia120/autoware.ai/install/autoware_msgs/lib/python2.7/dist-packages:${PYTHONPATH} ROS_PACKAGE_PATH=/home/chinchia120/autoware.ai/install/autoware_health_checker/share:/home/chinchia120/autoware.ai/install/amathutils_lib/share:/home/chinchia120/autoware.ai/install/ros_observer/share:/home/chinchia120/autoware.ai/install/autoware_system_msgs/share:/home/chinchia120/autoware.ai/install/autoware_msgs/share:/home/chinchia120/autoware.ai/install/autoware_build_flags/share:${ROS_PACKAGE_PATH} /usr/bin/cmake --build /home/chinchia120/autoware.ai/build/vel_pose_diff_checker --target tests -- -j4 -l4
[27.381s] [35m[1mScanning dependencies of target gtest[0m
[27.428s] [ 16%] [32mBuilding CXX object gtest/googlemock/gtest/CMakeFiles/gtest.dir/src/gtest-all.cc.o[0m
[36.452s] [ 33%] [32m[1mLinking CXX shared library libgtest.so[0m
[36.651s] [ 33%] Built target gtest
[36.685s] [35m[1mScanning dependencies of target vel_pose_diff_checker-test[0m
[36.765s] [ 50%] [32mBuilding CXX object CMakeFiles/vel_pose_diff_checker-test.dir/test/src/test_vel_pose_diff_checker.cpp.o[0m
[43.771s] [ 66%] [32mBuilding CXX object CMakeFiles/vel_pose_diff_checker-test.dir/src/value_time_queue.cpp.o[0m
[46.641s] [ 83%] [32mBuilding CXX object CMakeFiles/vel_pose_diff_checker-test.dir/src/vel_pose_diff_checker_core.cpp.o[0m
[54.066s] [100%] [32m[1mLinking CXX executable devel/lib/vel_pose_diff_checker/vel_pose_diff_checker-test[0m
[54.363s] [100%] Built target vel_pose_diff_checker-test
[54.391s] [35m[1mScanning dependencies of target tests[0m
[54.425s] [100%] Built target tests
[54.454s] Invoked command in '/home/chinchia120/autoware.ai/build/vel_pose_diff_checker' returned '0': CMAKE_PREFIX_PATH=/home/chinchia120/autoware.ai/install/autoware_health_checker:/home/chinchia120/autoware.ai/install/amathutils_lib:/home/chinchia120/autoware.ai/install/ros_observer:/home/chinchia120/autoware.ai/install/autoware_system_msgs:/home/chinchia120/autoware.ai/install/autoware_msgs:/home/chinchia120/autoware.ai/install/autoware_build_flags:${CMAKE_PREFIX_PATH} LD_LIBRARY_PATH=/home/chinchia120/autoware.ai/install/autoware_health_checker/lib:/home/chinchia120/autoware.ai/install/amathutils_lib/lib:/home/chinchia120/autoware.ai/install/ros_observer/lib:${LD_LIBRARY_PATH} PKG_CONFIG_PATH=/home/chinchia120/autoware.ai/install/autoware_health_checker/lib/x86_64-linux-gnu/pkgconfig:/home/chinchia120/autoware.ai/install/autoware_health_checker/lib/pkgconfig:/home/chinchia120/autoware.ai/install/amathutils_lib/lib/x86_64-linux-gnu/pkgconfig:/home/chinchia120/autoware.ai/install/amathutils_lib/lib/pkgconfig:/home/chinchia120/autoware.ai/install/ros_observer/lib/x86_64-linux-gnu/pkgconfig:/home/chinchia120/autoware.ai/install/ros_observer/lib/pkgconfig:/home/chinchia120/autoware.ai/install/autoware_system_msgs/lib/x86_64-linux-gnu/pkgconfig:/home/chinchia120/autoware.ai/install/autoware_system_msgs/lib/pkgconfig:/home/chinchia120/autoware.ai/install/autoware_msgs/lib/x86_64-linux-gnu/pkgconfig:/home/chinchia120/autoware.ai/install/autoware_msgs/lib/pkgconfig:/home/chinchia120/autoware.ai/install/autoware_build_flags/lib/x86_64-linux-gnu/pkgconfig:/home/chinchia120/autoware.ai/install/autoware_build_flags/lib/pkgconfig:${PKG_CONFIG_PATH} PYTHONPATH=/home/chinchia120/autoware.ai/install/autoware_system_msgs/lib/python2.7/dist-packages:/home/chinchia120/autoware.ai/install/autoware_msgs/lib/python2.7/dist-packages:${PYTHONPATH} ROS_PACKAGE_PATH=/home/chinchia120/autoware.ai/install/autoware_health_checker/share:/home/chinchia120/autoware.ai/install/amathutils_lib/share:/home/chinchia120/autoware.ai/install/ros_observer/share:/home/chinchia120/autoware.ai/install/autoware_system_msgs/share:/home/chinchia120/autoware.ai/install/autoware_msgs/share:/home/chinchia120/autoware.ai/install/autoware_build_flags/share:${ROS_PACKAGE_PATH} /usr/bin/cmake --build /home/chinchia120/autoware.ai/build/vel_pose_diff_checker --target tests -- -j4 -l4
[54.791s] Invoking command in '/home/chinchia120/autoware.ai/build/vel_pose_diff_checker': CMAKE_PREFIX_PATH=/home/chinchia120/autoware.ai/install/autoware_health_checker:/home/chinchia120/autoware.ai/install/amathutils_lib:/home/chinchia120/autoware.ai/install/ros_observer:/home/chinchia120/autoware.ai/install/autoware_system_msgs:/home/chinchia120/autoware.ai/install/autoware_msgs:/home/chinchia120/autoware.ai/install/autoware_build_flags:${CMAKE_PREFIX_PATH} LD_LIBRARY_PATH=/home/chinchia120/autoware.ai/install/autoware_health_checker/lib:/home/chinchia120/autoware.ai/install/amathutils_lib/lib:/home/chinchia120/autoware.ai/install/ros_observer/lib:${LD_LIBRARY_PATH} PKG_CONFIG_PATH=/home/chinchia120/autoware.ai/install/autoware_health_checker/lib/x86_64-linux-gnu/pkgconfig:/home/chinchia120/autoware.ai/install/autoware_health_checker/lib/pkgconfig:/home/chinchia120/autoware.ai/install/amathutils_lib/lib/x86_64-linux-gnu/pkgconfig:/home/chinchia120/autoware.ai/install/amathutils_lib/lib/pkgconfig:/home/chinchia120/autoware.ai/install/ros_observer/lib/x86_64-linux-gnu/pkgconfig:/home/chinchia120/autoware.ai/install/ros_observer/lib/pkgconfig:/home/chinchia120/autoware.ai/install/autoware_system_msgs/lib/x86_64-linux-gnu/pkgconfig:/home/chinchia120/autoware.ai/install/autoware_system_msgs/lib/pkgconfig:/home/chinchia120/autoware.ai/install/autoware_msgs/lib/x86_64-linux-gnu/pkgconfig:/home/chinchia120/autoware.ai/install/autoware_msgs/lib/pkgconfig:/home/chinchia120/autoware.ai/install/autoware_build_flags/lib/x86_64-linux-gnu/pkgconfig:/home/chinchia120/autoware.ai/install/autoware_build_flags/lib/pkgconfig:${PKG_CONFIG_PATH} PYTHONPATH=/home/chinchia120/autoware.ai/install/autoware_system_msgs/lib/python2.7/dist-packages:/home/chinchia120/autoware.ai/install/autoware_msgs/lib/python2.7/dist-packages:${PYTHONPATH} ROS_PACKAGE_PATH=/home/chinchia120/autoware.ai/install/autoware_health_checker/share:/home/chinchia120/autoware.ai/install/amathutils_lib/share:/home/chinchia120/autoware.ai/install/ros_observer/share:/home/chinchia120/autoware.ai/install/autoware_system_msgs/share:/home/chinchia120/autoware.ai/install/autoware_msgs/share:/home/chinchia120/autoware.ai/install/autoware_build_flags/share:${ROS_PACKAGE_PATH} /usr/bin/cmake --build /home/chinchia120/autoware.ai/build/vel_pose_diff_checker --target install -- -j4 -l4
[54.941s] [  0%] Built target autoware_system_msgs_generate_messages_py
[54.986s] [  0%] Built target actionlib_generate_messages_cpp
[55.029s] [  0%] Built target pcl_msgs_generate_messages_eus
[55.082s] [  0%] Built target rosgraph_msgs_generate_messages_eus
[55.133s] [  0%] Built target jsk_recognition_msgs_generate_messages_lisp
[55.176s] [  0%] Built target jsk_recognition_msgs_generate_messages_eus
[55.234s] [  0%] Built target tf2_msgs_generate_messages_cpp
[55.289s] [  0%] Built target std_msgs_generate_messages_py
[55.333s] [  0%] Built target autoware_msgs_generate_messages_py
[55.389s] [  0%] Built target std_msgs_generate_messages_nodejs
[55.448s] [  0%] Built target sensor_msgs_generate_messages_eus
[55.510s] [  0%] Built target _catkin_empty_exported_target
[55.562s] [  0%] Built target sensor_msgs_generate_messages_cpp
[55.610s] [  0%] Built target autoware_msgs_generate_messages_cpp
[55.675s] [  0%] Built target rosgraph_msgs_generate_messages_cpp
[55.734s] [  0%] Built target pcl_msgs_generate_messages_nodejs
[55.791s] [  0%] Built target jsk_recognition_msgs_generate_messages_py
[55.850s] [  0%] Built target sensor_msgs_generate_messages_lisp
[55.903s] [  0%] Built target sensor_msgs_generate_messages_py
[55.953s] [  0%] Built target tf_generate_messages_py
[56.006s] [  0%] Built target std_msgs_generate_messages_cpp
[56.069s] [  0%] Built target jsk_footstep_msgs_generate_messages_py
[56.129s] [  0%] Built target actionlib_msgs_generate_messages_nodejs
[56.192s] [  0%] Built target geometry_msgs_generate_messages_eus
[56.242s] [  0%] Built target std_msgs_generate_messages_lisp
[56.307s] [  0%] Built target roscpp_generate_messages_nodejs
[56.362s] [  0%] Built target autoware_system_msgs_generate_messages_cpp
[56.406s] [  0%] Built target geometry_msgs_generate_messages_nodejs
[56.458s] [  0%] Built target geometry_msgs_generate_messages_lisp
[56.508s] [  0%] Built target pcl_msgs_generate_messages_cpp
[56.552s] [  0%] Built target jsk_recognition_msgs_generate_messages_cpp
[56.601s] [  0%] Built target autoware_msgs_generate_messages_eus
[56.662s] [  0%] Built target autoware_msgs_generate_messages_lisp
[56.711s] [  0%] Built target std_msgs_generate_messages_eus
[56.776s] [  0%] Built target autoware_msgs_generate_messages_nodejs
[56.824s] [  0%] Built target jsk_footstep_msgs_generate_messages_eus
[56.873s] [  0%] Built target actionlib_msgs_generate_messages_py
[56.930s] [  0%] Built target jsk_footstep_msgs_generate_messages_lisp
[56.976s] [  0%] Built target jsk_footstep_msgs_generate_messages_nodejs
[57.025s] [  0%] Built target autoware_system_msgs_generate_messages_nodejs
[57.073s] [  0%] Built target actionlib_msgs_generate_messages_lisp
[57.119s] [  0%] Built target jsk_footstep_msgs_generate_messages_cpp
[57.174s] [  0%] Built target actionlib_msgs_generate_messages_cpp
[57.228s] [  0%] Built target tf_generate_messages_eus
[57.276s] [  0%] Built target tf_generate_messages_lisp
[57.326s] [  0%] Built target tf_generate_messages_nodejs
[57.374s] [  0%] Built target jsk_recognition_msgs_generate_messages_nodejs
[57.427s] [  0%] Built target roscpp_generate_messages_lisp
[57.476s] [  0%] Built target roscpp_generate_messages_py
[57.523s] [  0%] Built target rosgraph_msgs_generate_messages_lisp
[57.570s] [  0%] Built target rosgraph_msgs_generate_messages_nodejs
[57.630s] [  0%] Built target roscpp_generate_messages_eus
[57.679s] [  0%] Built target actionlib_msgs_generate_messages_eus
[57.725s] [  0%] Built target rosgraph_msgs_generate_messages_py
[57.779s] [  0%] Built target pcl_msgs_generate_messages_py
[57.822s] [  0%] Built target actionlib_generate_messages_eus
[57.876s] [  0%] Built target geometry_msgs_generate_messages_cpp
[57.927s] [  0%] Built target actionlib_generate_messages_lisp
[57.976s] [  0%] Built target pcl_msgs_generate_messages_lisp
[58.036s] [  0%] Built target tf_generate_messages_cpp
[58.097s] [  0%] Built target actionlib_generate_messages_nodejs
[58.162s] [  0%] Built target autoware_system_msgs_generate_messages_eus
[58.210s] [  0%] Built target tf2_msgs_generate_messages_eus
[58.272s] [  0%] Built target tf2_msgs_generate_messages_lisp
[58.347s] [  0%] Built target actionlib_generate_messages_py
[58.399s] [  0%] Built target tf2_msgs_generate_messages_py
[58.454s] [  0%] Built target autoware_system_msgs_generate_messages_lisp
[58.515s] [  0%] Built target tf2_msgs_generate_messages_nodejs
[58.575s] [  0%] Built target sensor_msgs_generate_messages_nodejs
[58.633s] [  0%] Built target roscpp_generate_messages_cpp
[58.695s] [  0%] Built target geometry_msgs_generate_messages_py
[58.775s] [100%] Built target vel_pose_diff_checker
[58.824s] [36mInstall the project...[0m
[58.843s] -- Install configuration: "Release"
[58.843s] -- Installing: /home/chinchia120/autoware.ai/install/vel_pose_diff_checker/lib/pkgconfig/vel_pose_diff_checker.pc
[58.843s] -- Installing: /home/chinchia120/autoware.ai/install/vel_pose_diff_checker/share/vel_pose_diff_checker/cmake/vel_pose_diff_checkerConfig.cmake
[58.844s] -- Installing: /home/chinchia120/autoware.ai/install/vel_pose_diff_checker/share/vel_pose_diff_checker/cmake/vel_pose_diff_checkerConfig-version.cmake
[58.844s] -- Installing: /home/chinchia120/autoware.ai/install/vel_pose_diff_checker/share/vel_pose_diff_checker/package.xml
[58.844s] -- Installing: /home/chinchia120/autoware.ai/install/vel_pose_diff_checker/lib/vel_pose_diff_checker/vel_pose_diff_checker
[58.848s] -- Set runtime path of "/home/chinchia120/autoware.ai/install/vel_pose_diff_checker/lib/vel_pose_diff_checker/vel_pose_diff_checker" to ""
[58.850s] -- Installing: /home/chinchia120/autoware.ai/install/vel_pose_diff_checker/share/vel_pose_diff_checker/launch
[58.850s] -- Installing: /home/chinchia120/autoware.ai/install/vel_pose_diff_checker/share/vel_pose_diff_checker/launch/vel_pose_diff_checker.launch
[58.851s] -- Installing: /home/chinchia120/autoware.ai/install/vel_pose_diff_checker/share/vel_pose_diff_checker/config
[58.851s] -- Installing: /home/chinchia120/autoware.ai/install/vel_pose_diff_checker/share/vel_pose_diff_checker/config/health_checker.yaml
[58.863s] Invoked command in '/home/chinchia120/autoware.ai/build/vel_pose_diff_checker' returned '0': CMAKE_PREFIX_PATH=/home/chinchia120/autoware.ai/install/autoware_health_checker:/home/chinchia120/autoware.ai/install/amathutils_lib:/home/chinchia120/autoware.ai/install/ros_observer:/home/chinchia120/autoware.ai/install/autoware_system_msgs:/home/chinchia120/autoware.ai/install/autoware_msgs:/home/chinchia120/autoware.ai/install/autoware_build_flags:${CMAKE_PREFIX_PATH} LD_LIBRARY_PATH=/home/chinchia120/autoware.ai/install/autoware_health_checker/lib:/home/chinchia120/autoware.ai/install/amathutils_lib/lib:/home/chinchia120/autoware.ai/install/ros_observer/lib:${LD_LIBRARY_PATH} PKG_CONFIG_PATH=/home/chinchia120/autoware.ai/install/autoware_health_checker/lib/x86_64-linux-gnu/pkgconfig:/home/chinchia120/autoware.ai/install/autoware_health_checker/lib/pkgconfig:/home/chinchia120/autoware.ai/install/amathutils_lib/lib/x86_64-linux-gnu/pkgconfig:/home/chinchia120/autoware.ai/install/amathutils_lib/lib/pkgconfig:/home/chinchia120/autoware.ai/install/ros_observer/lib/x86_64-linux-gnu/pkgconfig:/home/chinchia120/autoware.ai/install/ros_observer/lib/pkgconfig:/home/chinchia120/autoware.ai/install/autoware_system_msgs/lib/x86_64-linux-gnu/pkgconfig:/home/chinchia120/autoware.ai/install/autoware_system_msgs/lib/pkgconfig:/home/chinchia120/autoware.ai/install/autoware_msgs/lib/x86_64-linux-gnu/pkgconfig:/home/chinchia120/autoware.ai/install/autoware_msgs/lib/pkgconfig:/home/chinchia120/autoware.ai/install/autoware_build_flags/lib/x86_64-linux-gnu/pkgconfig:/home/chinchia120/autoware.ai/install/autoware_build_flags/lib/pkgconfig:${PKG_CONFIG_PATH} PYTHONPATH=/home/chinchia120/autoware.ai/install/autoware_system_msgs/lib/python2.7/dist-packages:/home/chinchia120/autoware.ai/install/autoware_msgs/lib/python2.7/dist-packages:${PYTHONPATH} ROS_PACKAGE_PATH=/home/chinchia120/autoware.ai/install/autoware_health_checker/share:/home/chinchia120/autoware.ai/install/amathutils_lib/share:/home/chinchia120/autoware.ai/install/ros_observer/share:/home/chinchia120/autoware.ai/install/autoware_system_msgs/share:/home/chinchia120/autoware.ai/install/autoware_msgs/share:/home/chinchia120/autoware.ai/install/autoware_build_flags/share:${ROS_PACKAGE_PATH} /usr/bin/cmake --build /home/chinchia120/autoware.ai/build/vel_pose_diff_checker --target install -- -j4 -l4
