[0.043s] Invoking command in '/home/chinchia120/autoware.ai/build/data_preprocessor': CMAKE_PREFIX_PATH=/home/chinchia120/autoware.ai/install/autoware_build_flags:${CMAKE_PREFIX_PATH} PKG_CONFIG_PATH=/home/chinchia120/autoware.ai/install/autoware_build_flags/lib/x86_64-linux-gnu/pkgconfig:/home/chinchia120/autoware.ai/install/autoware_build_flags/lib/pkgconfig:${PKG_CONFIG_PATH} ROS_PACKAGE_PATH=/home/chinchia120/autoware.ai/install/autoware_build_flags/share:${ROS_PACKAGE_PATH} /usr/bin/cmake /home/chinchia120/autoware.ai/src/autoware/utilities/data_preprocessor -DCMAKE_BUILD_TYPE=Release -DCATKIN_INSTALL_INTO_PREFIX_ROOT=0 -DCMAKE_INSTALL_PREFIX=/home/chinchia120/autoware.ai/install/data_preprocessor
[0.221s] -- The C compiler identification is GNU 7.5.0
[0.378s] -- The CXX compiler identification is GNU 7.5.0
[0.390s] -- Check for working C compiler: /usr/bin/cc
[0.576s] -- Check for working C compiler: /usr/bin/cc -- works
[0.577s] -- Detecting C compiler ABI info
[0.721s] -- Detecting C compiler ABI info - done
[0.750s] -- Detecting C compile features
[1.225s] -- Detecting C compile features - done
[1.233s] -- Check for working CXX compiler: /usr/bin/c++
[1.429s] -- Check for working CXX compiler: /usr/bin/c++ -- works
[1.431s] -- Detecting CXX compiler ABI info
[1.644s] -- Detecting CXX compiler ABI info - done
[1.670s] -- Detecting CXX compile features
[2.630s] -- Detecting CXX compile features - done
[2.634s] -- CUDA compilation status: 1.
[2.637s] -- Using CATKIN_DEVEL_PREFIX: /home/chinchia120/autoware.ai/build/data_preprocessor/devel
[2.637s] -- Using CMAKE_PREFIX_PATH: /home/chinchia120/autoware.ai/install/autoware_build_flags;/home/chinchia120/catkin_ws/devel;/opt/ros/melodic
[2.638s] -- This workspace overlays: /home/chinchia120/autoware.ai/install/autoware_build_flags;/home/chinchia120/catkin_ws/devel;/opt/ros/melodic
[2.668s] -- Found PythonInterp: /usr/bin/python2 (found suitable version "2.7.17", minimum required is "2") 
[2.668s] -- Using PYTHON_EXECUTABLE: /usr/bin/python2
[2.669s] -- Using Debian Python package layout
[2.669s] -- Using empy: /usr/bin/empy
[2.998s] -- Using CATKIN_ENABLE_TESTING: ON
[2.998s] -- Call enable_testing()
[3.003s] -- Using CATKIN_TEST_RESULTS_DIR: /home/chinchia120/autoware.ai/build/data_preprocessor/test_results
[3.045s] -- Found gtest sources under '/usr/src/googletest': gtests will be built
[3.045s] -- Found gmock sources under '/usr/src/googletest': gmock will be built
[3.072s] -- Found PythonInterp: /usr/bin/python2 (found version "2.7.17") 
[3.074s] -- Looking for pthread.h
[3.275s] -- Looking for pthread.h - found
[3.276s] -- Looking for pthread_create
[3.431s] -- Looking for pthread_create - not found
[3.431s] -- Looking for pthread_create in pthreads
[3.570s] -- Looking for pthread_create in pthreads - not found
[3.571s] -- Looking for pthread_create in pthread
[3.714s] -- Looking for pthread_create in pthread - found
[3.716s] -- Found Threads: TRUE  
[3.725s] -- Using Python nosetests: /usr/bin/nosetests-2.7
[3.802s] -- catkin 0.7.29
[3.803s] -- BUILD_SHARED_LIBS is on
[5.409s] -- Using these message generators: gencpp;geneus;genlisp;gennodejs;genpy
[6.201s] -- Found OpenCV: /usr (found version "3.2.0") 
[6.498s] -- Configuring done
[6.789s] -- Generating done
[6.829s] -- Build files have been written to: /home/chinchia120/autoware.ai/build/data_preprocessor
[6.852s] Invoked command in '/home/chinchia120/autoware.ai/build/data_preprocessor' returned '0': CMAKE_PREFIX_PATH=/home/chinchia120/autoware.ai/install/autoware_build_flags:${CMAKE_PREFIX_PATH} PKG_CONFIG_PATH=/home/chinchia120/autoware.ai/install/autoware_build_flags/lib/x86_64-linux-gnu/pkgconfig:/home/chinchia120/autoware.ai/install/autoware_build_flags/lib/pkgconfig:${PKG_CONFIG_PATH} ROS_PACKAGE_PATH=/home/chinchia120/autoware.ai/install/autoware_build_flags/share:${ROS_PACKAGE_PATH} /usr/bin/cmake /home/chinchia120/autoware.ai/src/autoware/utilities/data_preprocessor -DCMAKE_BUILD_TYPE=Release -DCATKIN_INSTALL_INTO_PREFIX_ROOT=0 -DCMAKE_INSTALL_PREFIX=/home/chinchia120/autoware.ai/install/data_preprocessor
[6.856s] Invoking command in '/home/chinchia120/autoware.ai/build/data_preprocessor': CMAKE_PREFIX_PATH=/home/chinchia120/autoware.ai/install/autoware_build_flags:${CMAKE_PREFIX_PATH} PKG_CONFIG_PATH=/home/chinchia120/autoware.ai/install/autoware_build_flags/lib/x86_64-linux-gnu/pkgconfig:/home/chinchia120/autoware.ai/install/autoware_build_flags/lib/pkgconfig:${PKG_CONFIG_PATH} ROS_PACKAGE_PATH=/home/chinchia120/autoware.ai/install/autoware_build_flags/share:${ROS_PACKAGE_PATH} /usr/bin/cmake --build /home/chinchia120/autoware.ai/build/data_preprocessor -- -j4 -l4
[6.982s] [35m[1mScanning dependencies of target get_PCD[0m
[7.132s] [ 16%] [32mBuilding CXX object CMakeFiles/get_PCD.dir/nodes/get_PCD/get_PCD.cpp.o[0m
[28.481s] [ 33%] [32m[1mLinking CXX executable devel/lib/data_preprocessor/get_PCD[0m
[29.638s] [ 33%] Built target get_PCD
[29.666s] [35m[1mScanning dependencies of target get_Depth[0m
[29.813s] [ 50%] [32mBuilding CXX object CMakeFiles/get_Depth.dir/nodes/get_Depth/get_Depth.cpp.o[0m
[48.831s] [ 66%] [32m[1mLinking CXX executable devel/lib/data_preprocessor/get_Depth[0m
[50.043s] [ 66%] Built target get_Depth
[50.074s] [35m[1mScanning dependencies of target get_Image[0m
[50.145s] [ 83%] [32mBuilding CXX object CMakeFiles/get_Image.dir/nodes/get_Image/get_Image.cpp.o[0m
[55.870s] [100%] [32m[1mLinking CXX executable devel/lib/data_preprocessor/get_Image[0m
[56.888s] [100%] Built target get_Image
[56.916s] Invoked command in '/home/chinchia120/autoware.ai/build/data_preprocessor' returned '0': CMAKE_PREFIX_PATH=/home/chinchia120/autoware.ai/install/autoware_build_flags:${CMAKE_PREFIX_PATH} PKG_CONFIG_PATH=/home/chinchia120/autoware.ai/install/autoware_build_flags/lib/x86_64-linux-gnu/pkgconfig:/home/chinchia120/autoware.ai/install/autoware_build_flags/lib/pkgconfig:${PKG_CONFIG_PATH} ROS_PACKAGE_PATH=/home/chinchia120/autoware.ai/install/autoware_build_flags/share:${ROS_PACKAGE_PATH} /usr/bin/cmake --build /home/chinchia120/autoware.ai/build/data_preprocessor -- -j4 -l4
[57.173s] Invoking command in '/home/chinchia120/autoware.ai/build/data_preprocessor': CMAKE_PREFIX_PATH=/home/chinchia120/autoware.ai/install/autoware_build_flags:${CMAKE_PREFIX_PATH} PKG_CONFIG_PATH=/home/chinchia120/autoware.ai/install/autoware_build_flags/lib/x86_64-linux-gnu/pkgconfig:/home/chinchia120/autoware.ai/install/autoware_build_flags/lib/pkgconfig:${PKG_CONFIG_PATH} ROS_PACKAGE_PATH=/home/chinchia120/autoware.ai/install/autoware_build_flags/share:${ROS_PACKAGE_PATH} /usr/bin/cmake --build /home/chinchia120/autoware.ai/build/data_preprocessor --target tests -- -j4 -l4
[57.317s] [35m[1mScanning dependencies of target tests[0m
[57.339s] Built target tests
[57.359s] Invoked command in '/home/chinchia120/autoware.ai/build/data_preprocessor' returned '0': CMAKE_PREFIX_PATH=/home/chinchia120/autoware.ai/install/autoware_build_flags:${CMAKE_PREFIX_PATH} PKG_CONFIG_PATH=/home/chinchia120/autoware.ai/install/autoware_build_flags/lib/x86_64-linux-gnu/pkgconfig:/home/chinchia120/autoware.ai/install/autoware_build_flags/lib/pkgconfig:${PKG_CONFIG_PATH} ROS_PACKAGE_PATH=/home/chinchia120/autoware.ai/install/autoware_build_flags/share:${ROS_PACKAGE_PATH} /usr/bin/cmake --build /home/chinchia120/autoware.ai/build/data_preprocessor --target tests -- -j4 -l4
[57.664s] Invoking command in '/home/chinchia120/autoware.ai/build/data_preprocessor': CMAKE_PREFIX_PATH=/home/chinchia120/autoware.ai/install/autoware_build_flags:${CMAKE_PREFIX_PATH} PKG_CONFIG_PATH=/home/chinchia120/autoware.ai/install/autoware_build_flags/lib/x86_64-linux-gnu/pkgconfig:/home/chinchia120/autoware.ai/install/autoware_build_flags/lib/pkgconfig:${PKG_CONFIG_PATH} ROS_PACKAGE_PATH=/home/chinchia120/autoware.ai/install/autoware_build_flags/share:${ROS_PACKAGE_PATH} /usr/bin/cmake --build /home/chinchia120/autoware.ai/build/data_preprocessor --target install -- -j4 -l4
[57.825s] [ 33%] Built target get_PCD
[57.906s] [ 66%] Built target get_Depth
[57.973s] [100%] Built target get_Image
[58.020s] [36mInstall the project...[0m
[58.039s] -- Install configuration: "Release"
[58.039s] -- Installing: /home/chinchia120/autoware.ai/install/data_preprocessor/lib/pkgconfig/data_preprocessor.pc
[58.040s] -- Installing: /home/chinchia120/autoware.ai/install/data_preprocessor/share/data_preprocessor/cmake/data_preprocessorConfig.cmake
[58.040s] -- Installing: /home/chinchia120/autoware.ai/install/data_preprocessor/share/data_preprocessor/cmake/data_preprocessorConfig-version.cmake
[58.040s] -- Installing: /home/chinchia120/autoware.ai/install/data_preprocessor/share/data_preprocessor/package.xml
[58.040s] -- Installing: /home/chinchia120/autoware.ai/install/data_preprocessor/lib/data_preprocessor/get_Image
[58.041s] -- Set runtime path of "/home/chinchia120/autoware.ai/install/data_preprocessor/lib/data_preprocessor/get_Image" to ""
[58.042s] -- Installing: /home/chinchia120/autoware.ai/install/data_preprocessor/lib/data_preprocessor/get_PCD
[58.043s] -- Set runtime path of "/home/chinchia120/autoware.ai/install/data_preprocessor/lib/data_preprocessor/get_PCD" to ""
[58.043s] -- Installing: /home/chinchia120/autoware.ai/install/data_preprocessor/lib/data_preprocessor/get_Depth
[58.044s] -- Set runtime path of "/home/chinchia120/autoware.ai/install/data_preprocessor/lib/data_preprocessor/get_Depth" to ""
[58.050s] Invoked command in '/home/chinchia120/autoware.ai/build/data_preprocessor' returned '0': CMAKE_PREFIX_PATH=/home/chinchia120/autoware.ai/install/autoware_build_flags:${CMAKE_PREFIX_PATH} PKG_CONFIG_PATH=/home/chinchia120/autoware.ai/install/autoware_build_flags/lib/x86_64-linux-gnu/pkgconfig:/home/chinchia120/autoware.ai/install/autoware_build_flags/lib/pkgconfig:${PKG_CONFIG_PATH} ROS_PACKAGE_PATH=/home/chinchia120/autoware.ai/install/autoware_build_flags/share:${ROS_PACKAGE_PATH} /usr/bin/cmake --build /home/chinchia120/autoware.ai/build/data_preprocessor --target install -- -j4 -l4
