[0.027s] Invoking command in '/home/chinchia120/autoware.ai/build/rosbag_controller': /usr/bin/cmake /home/chinchia120/autoware.ai/src/autoware/utilities/rosbag_controller -DCMAKE_BUILD_TYPE=Release -DCATKIN_INSTALL_INTO_PREFIX_ROOT=0 -DCMAKE_INSTALL_PREFIX=/home/chinchia120/autoware.ai/install/rosbag_controller
[0.179s] -- The C compiler identification is GNU 7.5.0
[0.312s] -- The CXX compiler identification is GNU 7.5.0
[0.327s] -- Check for working C compiler: /usr/bin/cc
[0.485s] -- Check for working C compiler: /usr/bin/cc -- works
[0.489s] -- Detecting C compiler ABI info
[0.625s] -- Detecting C compiler ABI info - done
[0.644s] -- Detecting C compile features
[1.080s] -- Detecting C compile features - done
[1.088s] -- Check for working CXX compiler: /usr/bin/c++
[1.265s] -- Check for working CXX compiler: /usr/bin/c++ -- works
[1.265s] -- Detecting CXX compiler ABI info
[1.433s] -- Detecting CXX compiler ABI info - done
[1.448s] -- Detecting CXX compile features
[2.207s] -- Detecting CXX compile features - done
[2.212s] -- Using CATKIN_DEVEL_PREFIX: /home/chinchia120/autoware.ai/build/rosbag_controller/devel
[2.213s] -- Using CMAKE_PREFIX_PATH: /home/chinchia120/catkin_ws/devel;/opt/ros/melodic
[2.214s] -- This workspace overlays: /home/chinchia120/catkin_ws/devel;/opt/ros/melodic
[2.245s] -- Found PythonInterp: /usr/bin/python2 (found suitable version "2.7.17", minimum required is "2") 
[2.246s] -- Using PYTHON_EXECUTABLE: /usr/bin/python2
[2.246s] -- Using Debian Python package layout
[2.246s] -- Using empy: /usr/bin/empy
[2.554s] -- Using CATKIN_ENABLE_TESTING: ON
[2.555s] -- Call enable_testing()
[2.565s] -- Using CATKIN_TEST_RESULTS_DIR: /home/chinchia120/autoware.ai/build/rosbag_controller/test_results
[2.589s] -- Found gtest sources under '/usr/src/googletest': gtests will be built
[2.590s] -- Found gmock sources under '/usr/src/googletest': gmock will be built
[2.613s] -- Found PythonInterp: /usr/bin/python2 (found version "2.7.17") 
[2.616s] -- Looking for pthread.h
[2.781s] -- Looking for pthread.h - found
[2.782s] -- Looking for pthread_create
[2.921s] -- Looking for pthread_create - not found
[2.921s] -- Looking for pthread_create in pthreads
[3.037s] -- Looking for pthread_create in pthreads - not found
[3.045s] -- Looking for pthread_create in pthread
[3.197s] -- Looking for pthread_create in pthread - found
[3.198s] -- Found Threads: TRUE  
[3.205s] -- Using Python nosetests: /usr/bin/nosetests-2.7
[3.270s] -- catkin 0.7.29
[3.270s] -- BUILD_SHARED_LIBS is on
[3.804s] -- Using these message generators: gencpp;geneus;genlisp;gennodejs;genpy
[4.279s] -- Using Qt5 based on the rviz_QT_VERSION: 5.9.5
[4.456s] -- Boost version: 1.65.1
[4.456s] -- Found the following Boost libraries:
[4.456s] --   date_time
[4.457s] --   filesystem
[4.457s] --   program_options
[4.458s] --   regex
[4.458s] --   thread
[4.459s] --   system
[4.459s] --   chrono
[4.459s] --   atomic
[4.474s] -- Found BZip2: /usr/lib/x86_64-linux-gnu/libbz2.so (found version "1.0.6") 
[4.477s] -- Looking for BZ2_bzCompressInit
[4.664s] -- Looking for BZ2_bzCompressInit - found
[4.908s] -- Checking to see if CXX compiler accepts flag -Wl,--version-script,"/home/chinchia120/autoware.ai/build/rosbag_controller/class_loader_hide_library_symbols__rosbag_controller.script"
[5.069s] -- Checking to see if CXX compiler accepts flag -Wl,--version-script,"/home/chinchia120/autoware.ai/build/rosbag_controller/class_loader_hide_library_symbols__rosbag_controller.script" - yes
[5.074s] -- Configuring done
[5.206s] -- Generating done
[5.232s] -- Build files have been written to: /home/chinchia120/autoware.ai/build/rosbag_controller
[5.241s] Invoked command in '/home/chinchia120/autoware.ai/build/rosbag_controller' returned '0': /usr/bin/cmake /home/chinchia120/autoware.ai/src/autoware/utilities/rosbag_controller -DCMAKE_BUILD_TYPE=Release -DCATKIN_INSTALL_INTO_PREFIX_ROOT=0 -DCMAKE_INSTALL_PREFIX=/home/chinchia120/autoware.ai/install/rosbag_controller
[5.247s] Invoking command in '/home/chinchia120/autoware.ai/build/rosbag_controller': /usr/bin/cmake --build /home/chinchia120/autoware.ai/build/rosbag_controller -- -j4 -l4
[5.350s] [ 16%] [34m[1mGenerating ui_autoware_rosbag_plugin.h[0m
[5.453s] [ 33%] [34m[1mGenerating src/moc_autoware_rosbag_plugin.cpp[0m
[6.920s] [35m[1mScanning dependencies of target rosbag_controller[0m
[7.119s] [ 50%] [32mBuilding CXX object CMakeFiles/rosbag_controller.dir/src/moc_autoware_rosbag_plugin.cpp.o[0m
[21.381s] [ 66%] [32mBuilding CXX object CMakeFiles/rosbag_controller.dir/src/autoware_rosbag_plugin.cpp.o[0m
[39.563s] [ 83%] [32mBuilding CXX object CMakeFiles/rosbag_controller.dir/src/core/recorder.cpp.o[0m
[59.052s] [100%] [32m[1mLinking CXX shared library devel/lib/librosbag_controller.so[0m
[60.409s] [100%] Built target rosbag_controller
[60.439s] Invoked command in '/home/chinchia120/autoware.ai/build/rosbag_controller' returned '0': /usr/bin/cmake --build /home/chinchia120/autoware.ai/build/rosbag_controller -- -j4 -l4
[60.791s] Invoking command in '/home/chinchia120/autoware.ai/build/rosbag_controller': /usr/bin/cmake --build /home/chinchia120/autoware.ai/build/rosbag_controller --target tests -- -j4 -l4
[60.949s] [35m[1mScanning dependencies of target tests[0m
[60.983s] Built target tests
[61.020s] Invoked command in '/home/chinchia120/autoware.ai/build/rosbag_controller' returned '0': /usr/bin/cmake --build /home/chinchia120/autoware.ai/build/rosbag_controller --target tests -- -j4 -l4
[61.357s] Invoking command in '/home/chinchia120/autoware.ai/build/rosbag_controller': /usr/bin/cmake --build /home/chinchia120/autoware.ai/build/rosbag_controller --target install -- -j4 -l4
[61.546s] [100%] Built target rosbag_controller
[61.606s] [36mInstall the project...[0m
[61.629s] -- Install configuration: "Release"
[61.630s] -- Installing: /home/chinchia120/autoware.ai/install/rosbag_controller/lib/pkgconfig/rosbag_controller.pc
[61.631s] -- Installing: /home/chinchia120/autoware.ai/install/rosbag_controller/share/rosbag_controller/cmake/rosbag_controllerConfig.cmake
[61.632s] -- Installing: /home/chinchia120/autoware.ai/install/rosbag_controller/share/rosbag_controller/cmake/rosbag_controllerConfig-version.cmake
[61.632s] -- Installing: /home/chinchia120/autoware.ai/install/rosbag_controller/share/rosbag_controller/package.xml
[61.633s] -- Installing: /home/chinchia120/autoware.ai/install/rosbag_controller/lib/librosbag_controller.so
[61.653s] -- Set runtime path of "/home/chinchia120/autoware.ai/install/rosbag_controller/lib/librosbag_controller.so" to ""
[61.654s] -- Installing: /home/chinchia120/autoware.ai/install/rosbag_controller/share/rosbag_controller/plugin_description.xml
[61.668s] Invoked command in '/home/chinchia120/autoware.ai/build/rosbag_controller' returned '0': /usr/bin/cmake --build /home/chinchia120/autoware.ai/build/rosbag_controller --target install -- -j4 -l4
