[0.065s] Invoking command in '/home/chinchia120/autoware.ai/build/vision_beyond_track': CMAKE_PREFIX_PATH=/home/chinchia120/autoware.ai/install/autoware_msgs:/home/chinchia120/autoware.ai/install/autoware_build_flags:${CMAKE_PREFIX_PATH} PKG_CONFIG_PATH=/home/chinchia120/autoware.ai/install/autoware_msgs/lib/x86_64-linux-gnu/pkgconfig:/home/chinchia120/autoware.ai/install/autoware_msgs/lib/pkgconfig:/home/chinchia120/autoware.ai/install/autoware_build_flags/lib/x86_64-linux-gnu/pkgconfig:/home/chinchia120/autoware.ai/install/autoware_build_flags/lib/pkgconfig:${PKG_CONFIG_PATH} PYTHONPATH=/home/chinchia120/autoware.ai/install/autoware_msgs/lib/python2.7/dist-packages:${PYTHONPATH} ROS_PACKAGE_PATH=/home/chinchia120/autoware.ai/install/autoware_msgs/share:/home/chinchia120/autoware.ai/install/autoware_build_flags/share:${ROS_PACKAGE_PATH} /usr/bin/cmake /home/chinchia120/autoware.ai/src/autoware/core_perception/vision_beyond_track -DCMAKE_BUILD_TYPE=Release -DCATKIN_INSTALL_INTO_PREFIX_ROOT=0 -DCMAKE_INSTALL_PREFIX=/home/chinchia120/autoware.ai/install/vision_beyond_track
[0.240s] -- The C compiler identification is GNU 7.5.0
[0.416s] -- The CXX compiler identification is GNU 7.5.0
[0.430s] -- Check for working C compiler: /usr/bin/cc
[0.702s] -- Check for working C compiler: /usr/bin/cc -- works
[0.703s] -- Detecting C compiler ABI info
[0.948s] -- Detecting C compiler ABI info - done
[0.965s] -- Detecting C compile features
[1.566s] -- Detecting C compile features - done
[1.571s] -- Check for working CXX compiler: /usr/bin/c++
[1.789s] -- Check for working CXX compiler: /usr/bin/c++ -- works
[1.791s] -- Detecting CXX compiler ABI info
[2.046s] -- Detecting CXX compiler ABI info - done
[2.084s] -- Detecting CXX compile features
[3.078s] -- Detecting CXX compile features - done
[3.127s] -- Found OpenCV: /usr (found version "3.2.0") 
[3.130s] -- CUDA compilation status: 1.
[3.133s] -- Using CATKIN_DEVEL_PREFIX: /home/chinchia120/autoware.ai/build/vision_beyond_track/devel
[3.133s] -- Using CMAKE_PREFIX_PATH: /home/chinchia120/autoware.ai/install/autoware_msgs;/home/chinchia120/autoware.ai/install/autoware_build_flags;/home/chinchia120/catkin_ws/devel;/opt/ros/melodic
[3.133s] -- This workspace overlays: /home/chinchia120/autoware.ai/install/autoware_msgs;/home/chinchia120/autoware.ai/install/autoware_build_flags;/home/chinchia120/catkin_ws/devel;/opt/ros/melodic
[3.168s] -- Found PythonInterp: /usr/bin/python2 (found suitable version "2.7.17", minimum required is "2") 
[3.168s] -- Using PYTHON_EXECUTABLE: /usr/bin/python2
[3.168s] -- Using Debian Python package layout
[3.169s] -- Using empy: /usr/bin/empy
[3.487s] -- Using CATKIN_ENABLE_TESTING: ON
[3.488s] -- Call enable_testing()
[3.492s] -- Using CATKIN_TEST_RESULTS_DIR: /home/chinchia120/autoware.ai/build/vision_beyond_track/test_results
[3.534s] -- Found gtest sources under '/usr/src/googletest': gtests will be built
[3.535s] -- Found gmock sources under '/usr/src/googletest': gmock will be built
[3.571s] -- Found PythonInterp: /usr/bin/python2 (found version "2.7.17") 
[3.574s] -- Looking for pthread.h
[3.790s] -- Looking for pthread.h - found
[3.791s] -- Looking for pthread_create
[4.004s] -- Looking for pthread_create - not found
[4.005s] -- Looking for pthread_create in pthreads
[4.206s] -- Looking for pthread_create in pthreads - not found
[4.206s] -- Looking for pthread_create in pthread
[4.399s] -- Looking for pthread_create in pthread - found
[4.401s] -- Found Threads: TRUE  
[4.408s] -- Using Python nosetests: /usr/bin/nosetests-2.7
[4.491s] -- catkin 0.7.29
[4.491s] -- BUILD_SHARED_LIBS is on
[4.916s] -- Using these message generators: gencpp;geneus;genlisp;gennodejs;genpy
[5.814s] -- Configuring done
[5.958s] -- Generating done
[5.988s] -- Build files have been written to: /home/chinchia120/autoware.ai/build/vision_beyond_track
[5.995s] Invoked command in '/home/chinchia120/autoware.ai/build/vision_beyond_track' returned '0': CMAKE_PREFIX_PATH=/home/chinchia120/autoware.ai/install/autoware_msgs:/home/chinchia120/autoware.ai/install/autoware_build_flags:${CMAKE_PREFIX_PATH} PKG_CONFIG_PATH=/home/chinchia120/autoware.ai/install/autoware_msgs/lib/x86_64-linux-gnu/pkgconfig:/home/chinchia120/autoware.ai/install/autoware_msgs/lib/pkgconfig:/home/chinchia120/autoware.ai/install/autoware_build_flags/lib/x86_64-linux-gnu/pkgconfig:/home/chinchia120/autoware.ai/install/autoware_build_flags/lib/pkgconfig:${PKG_CONFIG_PATH} PYTHONPATH=/home/chinchia120/autoware.ai/install/autoware_msgs/lib/python2.7/dist-packages:${PYTHONPATH} ROS_PACKAGE_PATH=/home/chinchia120/autoware.ai/install/autoware_msgs/share:/home/chinchia120/autoware.ai/install/autoware_build_flags/share:${ROS_PACKAGE_PATH} /usr/bin/cmake /home/chinchia120/autoware.ai/src/autoware/core_perception/vision_beyond_track -DCMAKE_BUILD_TYPE=Release -DCATKIN_INSTALL_INTO_PREFIX_ROOT=0 -DCMAKE_INSTALL_PREFIX=/home/chinchia120/autoware.ai/install/vision_beyond_track
[6.002s] Invoking command in '/home/chinchia120/autoware.ai/build/vision_beyond_track': CMAKE_PREFIX_PATH=/home/chinchia120/autoware.ai/install/autoware_msgs:/home/chinchia120/autoware.ai/install/autoware_build_flags:${CMAKE_PREFIX_PATH} PKG_CONFIG_PATH=/home/chinchia120/autoware.ai/install/autoware_msgs/lib/x86_64-linux-gnu/pkgconfig:/home/chinchia120/autoware.ai/install/autoware_msgs/lib/pkgconfig:/home/chinchia120/autoware.ai/install/autoware_build_flags/lib/x86_64-linux-gnu/pkgconfig:/home/chinchia120/autoware.ai/install/autoware_build_flags/lib/pkgconfig:${PKG_CONFIG_PATH} PYTHONPATH=/home/chinchia120/autoware.ai/install/autoware_msgs/lib/python2.7/dist-packages:${PYTHONPATH} ROS_PACKAGE_PATH=/home/chinchia120/autoware.ai/install/autoware_msgs/share:/home/chinchia120/autoware.ai/install/autoware_build_flags/share:${ROS_PACKAGE_PATH} /usr/bin/cmake --build /home/chinchia120/autoware.ai/build/vision_beyond_track -- -j4 -l4
[6.124s] [35m[1mScanning dependencies of target autoware_msgs_generate_messages_cpp[0m
[6.147s] [  0%] Built target autoware_msgs_generate_messages_cpp
[6.179s] [35m[1mScanning dependencies of target roscpp_generate_messages_cpp[0m
[6.207s] [  0%] Built target roscpp_generate_messages_cpp
[6.258s] [35m[1mScanning dependencies of target actionlib_generate_messages_cpp[0m
[6.298s] [  0%] Built target actionlib_generate_messages_cpp
[6.325s] [35m[1mScanning dependencies of target pcl_msgs_generate_messages_eus[0m
[6.389s] [  0%] Built target pcl_msgs_generate_messages_eus
[6.413s] [35m[1mScanning dependencies of target rosgraph_msgs_generate_messages_eus[0m
[6.483s] [  0%] Built target rosgraph_msgs_generate_messages_eus
[6.514s] [35m[1mScanning dependencies of target jsk_recognition_msgs_generate_messages_lisp[0m
[6.548s] [  0%] Built target jsk_recognition_msgs_generate_messages_lisp
[6.595s] [35m[1mScanning dependencies of target jsk_recognition_msgs_generate_messages_eus[0m
[6.639s] [  0%] Built target jsk_recognition_msgs_generate_messages_eus
[6.673s] [35m[1mScanning dependencies of target tf2_msgs_generate_messages_cpp[0m
[6.706s] [  0%] Built target tf2_msgs_generate_messages_cpp
[6.730s] [35m[1mScanning dependencies of target std_msgs_generate_messages_py[0m
[6.758s] [  0%] Built target std_msgs_generate_messages_py
[6.790s] [35m[1mScanning dependencies of target autoware_msgs_generate_messages_py[0m
[6.821s] [  0%] Built target autoware_msgs_generate_messages_py
[6.852s] [35m[1mScanning dependencies of target std_msgs_generate_messages_nodejs[0m
[6.887s] [  0%] Built target std_msgs_generate_messages_nodejs
[6.923s] [35m[1mScanning dependencies of target sensor_msgs_generate_messages_eus[0m
[6.991s] [  0%] Built target sensor_msgs_generate_messages_eus
[7.071s] [35m[1mScanning dependencies of target _catkin_empty_exported_target[0m
[7.125s] [  0%] Built target _catkin_empty_exported_target
[7.156s] [35m[1mScanning dependencies of target sensor_msgs_generate_messages_cpp[0m
[7.183s] [  0%] Built target sensor_msgs_generate_messages_cpp
[7.209s] [35m[1mScanning dependencies of target rosgraph_msgs_generate_messages_cpp[0m
[7.259s] [  0%] Built target rosgraph_msgs_generate_messages_cpp
[7.288s] [35m[1mScanning dependencies of target pcl_msgs_generate_messages_nodejs[0m
[7.317s] [  0%] Built target pcl_msgs_generate_messages_nodejs
[7.359s] [35m[1mScanning dependencies of target jsk_recognition_msgs_generate_messages_py[0m
[7.382s] [  0%] Built target jsk_recognition_msgs_generate_messages_py
[7.410s] [35m[1mScanning dependencies of target sensor_msgs_generate_messages_lisp[0m
[7.436s] [  0%] Built target sensor_msgs_generate_messages_lisp
[7.470s] [35m[1mScanning dependencies of target sensor_msgs_generate_messages_py[0m
[7.500s] [  0%] Built target sensor_msgs_generate_messages_py
[7.525s] [35m[1mScanning dependencies of target tf_generate_messages_py[0m
[7.564s] [  0%] Built target tf_generate_messages_py
[7.596s] [35m[1mScanning dependencies of target std_msgs_generate_messages_cpp[0m
[7.623s] [  0%] Built target std_msgs_generate_messages_cpp
[7.654s] [35m[1mScanning dependencies of target jsk_footstep_msgs_generate_messages_py[0m
[7.702s] [  0%] Built target jsk_footstep_msgs_generate_messages_py
[7.731s] [35m[1mScanning dependencies of target geometry_msgs_generate_messages_eus[0m
[7.787s] [  0%] Built target geometry_msgs_generate_messages_eus
[7.840s] [35m[1mScanning dependencies of target std_msgs_generate_messages_lisp[0m
[7.901s] [  0%] Built target std_msgs_generate_messages_lisp
[7.929s] [35m[1mScanning dependencies of target roscpp_generate_messages_nodejs[0m
[7.969s] [  0%] Built target roscpp_generate_messages_nodejs
[8.009s] [35m[1mScanning dependencies of target geometry_msgs_generate_messages_nodejs[0m
[8.054s] [  0%] Built target geometry_msgs_generate_messages_nodejs
[8.096s] [35m[1mScanning dependencies of target geometry_msgs_generate_messages_lisp[0m
[8.153s] [  0%] Built target geometry_msgs_generate_messages_lisp
[8.205s] [35m[1mScanning dependencies of target pcl_msgs_generate_messages_cpp[0m
[8.227s] [  0%] Built target pcl_msgs_generate_messages_cpp
[8.266s] [35m[1mScanning dependencies of target jsk_recognition_msgs_generate_messages_cpp[0m
[8.303s] [  0%] Built target jsk_recognition_msgs_generate_messages_cpp
[8.328s] [35m[1mScanning dependencies of target autoware_msgs_generate_messages_eus[0m
[8.355s] [  0%] Built target autoware_msgs_generate_messages_eus
[8.396s] [35m[1mScanning dependencies of target autoware_msgs_generate_messages_lisp[0m
[8.425s] [  0%] Built target autoware_msgs_generate_messages_lisp
[8.456s] [35m[1mScanning dependencies of target autoware_msgs_generate_messages_nodejs[0m
[8.489s] [  0%] Built target autoware_msgs_generate_messages_nodejs
[8.525s] [35m[1mScanning dependencies of target jsk_footstep_msgs_generate_messages_eus[0m
[8.571s] [  0%] Built target jsk_footstep_msgs_generate_messages_eus
[8.598s] [35m[1mScanning dependencies of target actionlib_msgs_generate_messages_py[0m
[8.627s] [  0%] Built target actionlib_msgs_generate_messages_py
[8.651s] [35m[1mScanning dependencies of target jsk_footstep_msgs_generate_messages_lisp[0m
[8.705s] [  0%] Built target jsk_footstep_msgs_generate_messages_lisp
[8.758s] [35m[1mScanning dependencies of target jsk_footstep_msgs_generate_messages_nodejs[0m
[8.780s] [  0%] Built target jsk_footstep_msgs_generate_messages_nodejs
[8.803s] [35m[1mScanning dependencies of target actionlib_msgs_generate_messages_lisp[0m
[8.848s] [  0%] Built target actionlib_msgs_generate_messages_lisp
[8.871s] [35m[1mScanning dependencies of target jsk_recognition_msgs_generate_messages_nodejs[0m
[8.910s] [  0%] Built target jsk_recognition_msgs_generate_messages_nodejs
[8.936s] [35m[1mScanning dependencies of target roscpp_generate_messages_lisp[0m
[8.974s] [  0%] Built target roscpp_generate_messages_lisp
[9.011s] [35m[1mScanning dependencies of target roscpp_generate_messages_py[0m
[9.046s] [  0%] Built target roscpp_generate_messages_py
[9.071s] [35m[1mScanning dependencies of target rosgraph_msgs_generate_messages_lisp[0m
[9.097s] [  0%] Built target rosgraph_msgs_generate_messages_lisp
[9.142s] [35m[1mScanning dependencies of target rosgraph_msgs_generate_messages_nodejs[0m
[9.188s] [  0%] Built target rosgraph_msgs_generate_messages_nodejs
[9.222s] [35m[1mScanning dependencies of target roscpp_generate_messages_eus[0m
[9.250s] [  0%] Built target roscpp_generate_messages_eus
[9.287s] [35m[1mScanning dependencies of target actionlib_msgs_generate_messages_eus[0m
[9.319s] [  0%] Built target actionlib_msgs_generate_messages_eus
[9.345s] [35m[1mScanning dependencies of target rosgraph_msgs_generate_messages_py[0m
[9.386s] [  0%] Built target rosgraph_msgs_generate_messages_py
[9.426s] [35m[1mScanning dependencies of target jsk_footstep_msgs_generate_messages_cpp[0m
[9.459s] [  0%] Built target jsk_footstep_msgs_generate_messages_cpp
[9.505s] [35m[1mScanning dependencies of target actionlib_msgs_generate_messages_cpp[0m
[9.568s] [  0%] Built target actionlib_msgs_generate_messages_cpp
[9.599s] [35m[1mScanning dependencies of target tf_generate_messages_eus[0m
[9.631s] [  0%] Built target tf_generate_messages_eus
[9.667s] [35m[1mScanning dependencies of target tf_generate_messages_lisp[0m
[9.693s] [  0%] Built target tf_generate_messages_lisp
[9.719s] [35m[1mScanning dependencies of target tf_generate_messages_nodejs[0m
[9.767s] [  0%] Built target tf_generate_messages_nodejs
[9.823s] [35m[1mScanning dependencies of target pcl_msgs_generate_messages_py[0m
[9.870s] [  0%] Built target pcl_msgs_generate_messages_py
[9.924s] [35m[1mScanning dependencies of target actionlib_generate_messages_eus[0m
[9.958s] [  0%] Built target actionlib_generate_messages_eus
[9.987s] [35m[1mScanning dependencies of target geometry_msgs_generate_messages_cpp[0m
[10.013s] [  0%] Built target geometry_msgs_generate_messages_cpp
[10.044s] [35m[1mScanning dependencies of target actionlib_generate_messages_lisp[0m
[10.071s] [  0%] Built target actionlib_generate_messages_lisp
[10.099s] [35m[1mScanning dependencies of target pcl_msgs_generate_messages_lisp[0m
[10.126s] [  0%] Built target pcl_msgs_generate_messages_lisp
[10.162s] [35m[1mScanning dependencies of target tf_generate_messages_cpp[0m
[10.191s] [  0%] Built target tf_generate_messages_cpp
[10.217s] [35m[1mScanning dependencies of target actionlib_generate_messages_nodejs[0m
[10.253s] [  0%] Built target actionlib_generate_messages_nodejs
[10.285s] [35m[1mScanning dependencies of target tf2_msgs_generate_messages_eus[0m
[10.314s] [  0%] Built target tf2_msgs_generate_messages_eus
[10.376s] [35m[1mScanning dependencies of target tf2_msgs_generate_messages_lisp[0m
[10.407s] [  0%] Built target tf2_msgs_generate_messages_lisp
[10.466s] [35m[1mScanning dependencies of target actionlib_generate_messages_py[0m
[10.522s] [  0%] Built target actionlib_generate_messages_py
[10.567s] [35m[1mScanning dependencies of target tf2_msgs_generate_messages_py[0m
[10.600s] [  0%] Built target tf2_msgs_generate_messages_py
[10.653s] [35m[1mScanning dependencies of target tf2_msgs_generate_messages_nodejs[0m
[10.704s] [  0%] Built target tf2_msgs_generate_messages_nodejs
[10.734s] [35m[1mScanning dependencies of target actionlib_msgs_generate_messages_nodejs[0m
[10.779s] [  0%] Built target actionlib_msgs_generate_messages_nodejs
[10.825s] [35m[1mScanning dependencies of target beyond_track_lib[0m
[10.921s] [ 16%] [32mBuilding CXX object CMakeFiles/beyond_track_lib.dir/lib/hungarian.cpp.o[0m
[11.812s] [ 33%] [32mBuilding CXX object CMakeFiles/beyond_track_lib.dir/lib/clipper.cpp.o[0m
[16.900s] [ 50%] [32m[1mLinking CXX static library devel/lib/libbeyond_track_lib.a[0m
[17.012s] [ 50%] Built target beyond_track_lib
[17.044s] [35m[1mScanning dependencies of target std_msgs_generate_messages_eus[0m
[17.091s] [ 50%] Built target std_msgs_generate_messages_eus
[17.113s] [35m[1mScanning dependencies of target sensor_msgs_generate_messages_nodejs[0m
[17.135s] [ 50%] Built target sensor_msgs_generate_messages_nodejs
[17.155s] [35m[1mScanning dependencies of target geometry_msgs_generate_messages_py[0m
[17.183s] [ 50%] Built target geometry_msgs_generate_messages_py
[17.214s] [35m[1mScanning dependencies of target vision_beyond_track[0m
[17.293s] [ 66%] [32mBuilding CXX object CMakeFiles/vision_beyond_track.dir/src/vision_beyond_track_node.cpp.o[0m
[25.227s] [ 83%] [32mBuilding CXX object CMakeFiles/vision_beyond_track.dir/src/vision_beyond_track.cpp.o[0m
[37.911s] [100%] [32m[1mLinking CXX executable devel/lib/vision_beyond_track/vision_beyond_track[0m
[38.356s] [100%] Built target vision_beyond_track
[38.388s] Invoked command in '/home/chinchia120/autoware.ai/build/vision_beyond_track' returned '0': CMAKE_PREFIX_PATH=/home/chinchia120/autoware.ai/install/autoware_msgs:/home/chinchia120/autoware.ai/install/autoware_build_flags:${CMAKE_PREFIX_PATH} PKG_CONFIG_PATH=/home/chinchia120/autoware.ai/install/autoware_msgs/lib/x86_64-linux-gnu/pkgconfig:/home/chinchia120/autoware.ai/install/autoware_msgs/lib/pkgconfig:/home/chinchia120/autoware.ai/install/autoware_build_flags/lib/x86_64-linux-gnu/pkgconfig:/home/chinchia120/autoware.ai/install/autoware_build_flags/lib/pkgconfig:${PKG_CONFIG_PATH} PYTHONPATH=/home/chinchia120/autoware.ai/install/autoware_msgs/lib/python2.7/dist-packages:${PYTHONPATH} ROS_PACKAGE_PATH=/home/chinchia120/autoware.ai/install/autoware_msgs/share:/home/chinchia120/autoware.ai/install/autoware_build_flags/share:${ROS_PACKAGE_PATH} /usr/bin/cmake --build /home/chinchia120/autoware.ai/build/vision_beyond_track -- -j4 -l4
[38.776s] Invoking command in '/home/chinchia120/autoware.ai/build/vision_beyond_track': CMAKE_PREFIX_PATH=/home/chinchia120/autoware.ai/install/autoware_msgs:/home/chinchia120/autoware.ai/install/autoware_build_flags:${CMAKE_PREFIX_PATH} PKG_CONFIG_PATH=/home/chinchia120/autoware.ai/install/autoware_msgs/lib/x86_64-linux-gnu/pkgconfig:/home/chinchia120/autoware.ai/install/autoware_msgs/lib/pkgconfig:/home/chinchia120/autoware.ai/install/autoware_build_flags/lib/x86_64-linux-gnu/pkgconfig:/home/chinchia120/autoware.ai/install/autoware_build_flags/lib/pkgconfig:${PKG_CONFIG_PATH} PYTHONPATH=/home/chinchia120/autoware.ai/install/autoware_msgs/lib/python2.7/dist-packages:${PYTHONPATH} ROS_PACKAGE_PATH=/home/chinchia120/autoware.ai/install/autoware_msgs/share:/home/chinchia120/autoware.ai/install/autoware_build_flags/share:${ROS_PACKAGE_PATH} /usr/bin/cmake --build /home/chinchia120/autoware.ai/build/vision_beyond_track --target tests -- -j4 -l4
[38.968s] [35m[1mScanning dependencies of target tests[0m
[39.000s] Built target tests
[39.033s] Invoked command in '/home/chinchia120/autoware.ai/build/vision_beyond_track' returned '0': CMAKE_PREFIX_PATH=/home/chinchia120/autoware.ai/install/autoware_msgs:/home/chinchia120/autoware.ai/install/autoware_build_flags:${CMAKE_PREFIX_PATH} PKG_CONFIG_PATH=/home/chinchia120/autoware.ai/install/autoware_msgs/lib/x86_64-linux-gnu/pkgconfig:/home/chinchia120/autoware.ai/install/autoware_msgs/lib/pkgconfig:/home/chinchia120/autoware.ai/install/autoware_build_flags/lib/x86_64-linux-gnu/pkgconfig:/home/chinchia120/autoware.ai/install/autoware_build_flags/lib/pkgconfig:${PKG_CONFIG_PATH} PYTHONPATH=/home/chinchia120/autoware.ai/install/autoware_msgs/lib/python2.7/dist-packages:${PYTHONPATH} ROS_PACKAGE_PATH=/home/chinchia120/autoware.ai/install/autoware_msgs/share:/home/chinchia120/autoware.ai/install/autoware_build_flags/share:${ROS_PACKAGE_PATH} /usr/bin/cmake --build /home/chinchia120/autoware.ai/build/vision_beyond_track --target tests -- -j4 -l4
[39.387s] Invoking command in '/home/chinchia120/autoware.ai/build/vision_beyond_track': CMAKE_PREFIX_PATH=/home/chinchia120/autoware.ai/install/autoware_msgs:/home/chinchia120/autoware.ai/install/autoware_build_flags:${CMAKE_PREFIX_PATH} PKG_CONFIG_PATH=/home/chinchia120/autoware.ai/install/autoware_msgs/lib/x86_64-linux-gnu/pkgconfig:/home/chinchia120/autoware.ai/install/autoware_msgs/lib/pkgconfig:/home/chinchia120/autoware.ai/install/autoware_build_flags/lib/x86_64-linux-gnu/pkgconfig:/home/chinchia120/autoware.ai/install/autoware_build_flags/lib/pkgconfig:${PKG_CONFIG_PATH} PYTHONPATH=/home/chinchia120/autoware.ai/install/autoware_msgs/lib/python2.7/dist-packages:${PYTHONPATH} ROS_PACKAGE_PATH=/home/chinchia120/autoware.ai/install/autoware_msgs/share:/home/chinchia120/autoware.ai/install/autoware_build_flags/share:${ROS_PACKAGE_PATH} /usr/bin/cmake --build /home/chinchia120/autoware.ai/build/vision_beyond_track --target install -- -j4 -l4
[39.541s] [  0%] Built target autoware_msgs_generate_messages_cpp
[39.601s] [  0%] Built target roscpp_generate_messages_cpp
[39.655s] [  0%] Built target actionlib_generate_messages_cpp
[39.753s] [  0%] Built target pcl_msgs_generate_messages_eus
[39.809s] [  0%] Built target rosgraph_msgs_generate_messages_eus
[39.852s] [  0%] Built target jsk_recognition_msgs_generate_messages_lisp
[39.915s] [  0%] Built target jsk_recognition_msgs_generate_messages_eus
[39.987s] [  0%] Built target tf2_msgs_generate_messages_cpp
[40.046s] [  0%] Built target std_msgs_generate_messages_py
[40.109s] [  0%] Built target autoware_msgs_generate_messages_py
[40.178s] [  0%] Built target std_msgs_generate_messages_nodejs
[40.269s] [  0%] Built target sensor_msgs_generate_messages_eus
[40.347s] [  0%] Built target _catkin_empty_exported_target
[40.418s] [  0%] Built target sensor_msgs_generate_messages_cpp
[40.471s] [  0%] Built target rosgraph_msgs_generate_messages_cpp
[40.536s] [  0%] Built target pcl_msgs_generate_messages_nodejs
[40.612s] [  0%] Built target jsk_recognition_msgs_generate_messages_py
[40.679s] [  0%] Built target sensor_msgs_generate_messages_lisp
[40.769s] [  0%] Built target sensor_msgs_generate_messages_py
[40.838s] [  0%] Built target tf_generate_messages_py
[40.906s] [  0%] Built target std_msgs_generate_messages_cpp
[40.969s] [  0%] Built target jsk_footstep_msgs_generate_messages_py
[41.018s] [  0%] Built target geometry_msgs_generate_messages_eus
[41.072s] [  0%] Built target std_msgs_generate_messages_lisp
[41.170s] [  0%] Built target roscpp_generate_messages_nodejs
[41.222s] [  0%] Built target geometry_msgs_generate_messages_nodejs
[41.316s] [  0%] Built target geometry_msgs_generate_messages_lisp
[41.384s] [  0%] Built target pcl_msgs_generate_messages_cpp
[41.446s] [  0%] Built target jsk_recognition_msgs_generate_messages_cpp
[41.509s] [  0%] Built target autoware_msgs_generate_messages_eus
[41.596s] [  0%] Built target autoware_msgs_generate_messages_lisp
[41.675s] [  0%] Built target autoware_msgs_generate_messages_nodejs
[41.763s] [  0%] Built target jsk_footstep_msgs_generate_messages_eus
[41.827s] [  0%] Built target actionlib_msgs_generate_messages_py
[41.918s] [  0%] Built target jsk_footstep_msgs_generate_messages_lisp
[41.994s] [  0%] Built target jsk_footstep_msgs_generate_messages_nodejs
[42.058s] [  0%] Built target actionlib_msgs_generate_messages_lisp
[42.110s] [  0%] Built target jsk_recognition_msgs_generate_messages_nodejs
[42.171s] [  0%] Built target roscpp_generate_messages_lisp
[42.254s] [  0%] Built target roscpp_generate_messages_py
[42.338s] [  0%] Built target rosgraph_msgs_generate_messages_lisp
[42.422s] [  0%] Built target rosgraph_msgs_generate_messages_nodejs
[42.503s] [  0%] Built target roscpp_generate_messages_eus
[42.571s] [  0%] Built target actionlib_msgs_generate_messages_eus
[42.653s] [  0%] Built target rosgraph_msgs_generate_messages_py
[42.734s] [  0%] Built target jsk_footstep_msgs_generate_messages_cpp
[42.803s] [  0%] Built target actionlib_msgs_generate_messages_cpp
[42.876s] [  0%] Built target tf_generate_messages_eus
[42.934s] [  0%] Built target tf_generate_messages_lisp
[42.998s] [  0%] Built target tf_generate_messages_nodejs
[43.070s] [  0%] Built target pcl_msgs_generate_messages_py
[43.122s] [  0%] Built target actionlib_generate_messages_eus
[43.193s] [  0%] Built target geometry_msgs_generate_messages_cpp
[43.275s] [  0%] Built target actionlib_generate_messages_lisp
[43.326s] [  0%] Built target pcl_msgs_generate_messages_lisp
[43.401s] [  0%] Built target tf_generate_messages_cpp
[43.472s] [  0%] Built target actionlib_generate_messages_nodejs
[43.530s] [  0%] Built target tf2_msgs_generate_messages_eus
[43.636s] [  0%] Built target tf2_msgs_generate_messages_lisp
[43.705s] [  0%] Built target actionlib_generate_messages_py
[43.776s] [  0%] Built target tf2_msgs_generate_messages_py
[43.867s] [  0%] Built target tf2_msgs_generate_messages_nodejs
[43.940s] [  0%] Built target actionlib_msgs_generate_messages_nodejs
[44.021s] [ 50%] Built target beyond_track_lib
[44.089s] [ 50%] Built target std_msgs_generate_messages_eus
[44.150s] [ 50%] Built target sensor_msgs_generate_messages_nodejs
[44.215s] [ 50%] Built target geometry_msgs_generate_messages_py
[44.290s] [100%] Built target vision_beyond_track
[44.345s] [36mInstall the project...[0m
[44.369s] -- Install configuration: "Release"
[44.370s] -- Installing: /home/chinchia120/autoware.ai/install/vision_beyond_track/lib/pkgconfig/vision_beyond_track.pc
[44.370s] -- Installing: /home/chinchia120/autoware.ai/install/vision_beyond_track/share/vision_beyond_track/cmake/vision_beyond_trackConfig.cmake
[44.371s] -- Installing: /home/chinchia120/autoware.ai/install/vision_beyond_track/share/vision_beyond_track/cmake/vision_beyond_trackConfig-version.cmake
[44.371s] -- Installing: /home/chinchia120/autoware.ai/install/vision_beyond_track/share/vision_beyond_track/package.xml
[44.372s] -- Installing: /home/chinchia120/autoware.ai/install/vision_beyond_track/lib/libbeyond_track_lib.a
[44.373s] -- Installing: /home/chinchia120/autoware.ai/install/vision_beyond_track/lib/vision_beyond_track/vision_beyond_track
[44.375s] -- Set runtime path of "/home/chinchia120/autoware.ai/install/vision_beyond_track/lib/vision_beyond_track/vision_beyond_track" to ""
[44.376s] -- Installing: /home/chinchia120/autoware.ai/install/vision_beyond_track/share/vision_beyond_track/launch
[44.377s] -- Installing: /home/chinchia120/autoware.ai/install/vision_beyond_track/share/vision_beyond_track/launch/vision_beyond_track.launch
[44.385s] Invoked command in '/home/chinchia120/autoware.ai/build/vision_beyond_track' returned '0': CMAKE_PREFIX_PATH=/home/chinchia120/autoware.ai/install/autoware_msgs:/home/chinchia120/autoware.ai/install/autoware_build_flags:${CMAKE_PREFIX_PATH} PKG_CONFIG_PATH=/home/chinchia120/autoware.ai/install/autoware_msgs/lib/x86_64-linux-gnu/pkgconfig:/home/chinchia120/autoware.ai/install/autoware_msgs/lib/pkgconfig:/home/chinchia120/autoware.ai/install/autoware_build_flags/lib/x86_64-linux-gnu/pkgconfig:/home/chinchia120/autoware.ai/install/autoware_build_flags/lib/pkgconfig:${PKG_CONFIG_PATH} PYTHONPATH=/home/chinchia120/autoware.ai/install/autoware_msgs/lib/python2.7/dist-packages:${PYTHONPATH} ROS_PACKAGE_PATH=/home/chinchia120/autoware.ai/install/autoware_msgs/share:/home/chinchia120/autoware.ai/install/autoware_build_flags/share:${ROS_PACKAGE_PATH} /usr/bin/cmake --build /home/chinchia120/autoware.ai/build/vision_beyond_track --target install -- -j4 -l4
