[0.079s] Invoking command in '/home/chinchia120/autoware.ai/build/autoware_connector': CMAKE_PREFIX_PATH=/home/chinchia120/autoware.ai/install/autoware_msgs:/home/chinchia120/autoware.ai/install/autoware_can_msgs:/home/chinchia120/autoware.ai/install/autoware_build_flags:${CMAKE_PREFIX_PATH} PKG_CONFIG_PATH=/home/chinchia120/autoware.ai/install/autoware_msgs/lib/x86_64-linux-gnu/pkgconfig:/home/chinchia120/autoware.ai/install/autoware_msgs/lib/pkgconfig:/home/chinchia120/autoware.ai/install/autoware_can_msgs/lib/x86_64-linux-gnu/pkgconfig:/home/chinchia120/autoware.ai/install/autoware_can_msgs/lib/pkgconfig:/home/chinchia120/autoware.ai/install/autoware_build_flags/lib/x86_64-linux-gnu/pkgconfig:/home/chinchia120/autoware.ai/install/autoware_build_flags/lib/pkgconfig:${PKG_CONFIG_PATH} PYTHONPATH=/home/chinchia120/autoware.ai/install/autoware_msgs/lib/python2.7/dist-packages:/home/chinchia120/autoware.ai/install/autoware_can_msgs/lib/python2.7/dist-packages:${PYTHONPATH} ROS_PACKAGE_PATH=/home/chinchia120/autoware.ai/install/autoware_msgs/share:/home/chinchia120/autoware.ai/install/autoware_can_msgs/share:/home/chinchia120/autoware.ai/install/autoware_build_flags/share:${ROS_PACKAGE_PATH} /usr/bin/cmake /home/chinchia120/autoware.ai/src/autoware/core_perception/autoware_connector -DCMAKE_BUILD_TYPE=Release -DCATKIN_INSTALL_INTO_PREFIX_ROOT=0 -DCMAKE_INSTALL_PREFIX=/home/chinchia120/autoware.ai/install/autoware_connector
[0.320s] -- The C compiler identification is GNU 7.5.0
[0.505s] -- The CXX compiler identification is GNU 7.5.0
[0.520s] -- Check for working C compiler: /usr/bin/cc
[0.724s] -- Check for working C compiler: /usr/bin/cc -- works
[0.724s] -- Detecting C compiler ABI info
[0.950s] -- Detecting C compiler ABI info - done
[0.976s] -- Detecting C compile features
[1.613s] -- Detecting C compile features - done
[1.622s] -- Check for working CXX compiler: /usr/bin/c++
[1.827s] -- Check for working CXX compiler: /usr/bin/c++ -- works
[1.828s] -- Detecting CXX compiler ABI info
[2.013s] -- Detecting CXX compiler ABI info - done
[2.037s] -- Detecting CXX compile features
[2.912s] -- Detecting CXX compile features - done
[2.921s] -- Using CATKIN_DEVEL_PREFIX: /home/chinchia120/autoware.ai/build/autoware_connector/devel
[2.922s] -- Using CMAKE_PREFIX_PATH: /home/chinchia120/autoware.ai/install/autoware_msgs;/home/chinchia120/autoware.ai/install/autoware_can_msgs;/home/chinchia120/autoware.ai/install/autoware_build_flags;/home/chinchia120/catkin_ws/devel;/opt/ros/melodic
[2.923s] -- This workspace overlays: /home/chinchia120/autoware.ai/install/autoware_msgs;/home/chinchia120/autoware.ai/install/autoware_can_msgs;/home/chinchia120/autoware.ai/install/autoware_build_flags;/home/chinchia120/catkin_ws/devel;/opt/ros/melodic
[2.960s] -- Found PythonInterp: /usr/bin/python2 (found suitable version "2.7.17", minimum required is "2") 
[2.960s] -- Using PYTHON_EXECUTABLE: /usr/bin/python2
[2.963s] -- Using Debian Python package layout
[2.963s] -- Using empy: /usr/bin/empy
[3.283s] -- Using CATKIN_ENABLE_TESTING: ON
[3.283s] -- Call enable_testing()
[3.294s] -- Using CATKIN_TEST_RESULTS_DIR: /home/chinchia120/autoware.ai/build/autoware_connector/test_results
[3.345s] -- Found gtest sources under '/usr/src/googletest': gtests will be built
[3.345s] -- Found gmock sources under '/usr/src/googletest': gmock will be built
[3.382s] -- Found PythonInterp: /usr/bin/python2 (found version "2.7.17") 
[3.389s] -- Looking for pthread.h
[3.660s] -- Looking for pthread.h - found
[3.661s] -- Looking for pthread_create
[3.876s] -- Looking for pthread_create - not found
[3.877s] -- Looking for pthread_create in pthreads
[4.029s] -- Looking for pthread_create in pthreads - not found
[4.029s] -- Looking for pthread_create in pthread
[4.209s] -- Looking for pthread_create in pthread - found
[4.209s] -- Found Threads: TRUE  
[4.213s] -- Using Python nosetests: /usr/bin/nosetests-2.7
[4.315s] -- catkin 0.7.29
[4.315s] -- BUILD_SHARED_LIBS is on
[4.540s] -- CUDA compilation status: 1.
[4.745s] -- Using these message generators: gencpp;geneus;genlisp;gennodejs;genpy
[5.521s] -- Configuring done
[5.638s] -- Generating done
[5.664s] -- Build files have been written to: /home/chinchia120/autoware.ai/build/autoware_connector
[5.678s] Invoked command in '/home/chinchia120/autoware.ai/build/autoware_connector' returned '0': CMAKE_PREFIX_PATH=/home/chinchia120/autoware.ai/install/autoware_msgs:/home/chinchia120/autoware.ai/install/autoware_can_msgs:/home/chinchia120/autoware.ai/install/autoware_build_flags:${CMAKE_PREFIX_PATH} PKG_CONFIG_PATH=/home/chinchia120/autoware.ai/install/autoware_msgs/lib/x86_64-linux-gnu/pkgconfig:/home/chinchia120/autoware.ai/install/autoware_msgs/lib/pkgconfig:/home/chinchia120/autoware.ai/install/autoware_can_msgs/lib/x86_64-linux-gnu/pkgconfig:/home/chinchia120/autoware.ai/install/autoware_can_msgs/lib/pkgconfig:/home/chinchia120/autoware.ai/install/autoware_build_flags/lib/x86_64-linux-gnu/pkgconfig:/home/chinchia120/autoware.ai/install/autoware_build_flags/lib/pkgconfig:${PKG_CONFIG_PATH} PYTHONPATH=/home/chinchia120/autoware.ai/install/autoware_msgs/lib/python2.7/dist-packages:/home/chinchia120/autoware.ai/install/autoware_can_msgs/lib/python2.7/dist-packages:${PYTHONPATH} ROS_PACKAGE_PATH=/home/chinchia120/autoware.ai/install/autoware_msgs/share:/home/chinchia120/autoware.ai/install/autoware_can_msgs/share:/home/chinchia120/autoware.ai/install/autoware_build_flags/share:${ROS_PACKAGE_PATH} /usr/bin/cmake /home/chinchia120/autoware.ai/src/autoware/core_perception/autoware_connector -DCMAKE_BUILD_TYPE=Release -DCATKIN_INSTALL_INTO_PREFIX_ROOT=0 -DCMAKE_INSTALL_PREFIX=/home/chinchia120/autoware.ai/install/autoware_connector
[5.681s] Invoking command in '/home/chinchia120/autoware.ai/build/autoware_connector': CMAKE_PREFIX_PATH=/home/chinchia120/autoware.ai/install/autoware_msgs:/home/chinchia120/autoware.ai/install/autoware_can_msgs:/home/chinchia120/autoware.ai/install/autoware_build_flags:${CMAKE_PREFIX_PATH} PKG_CONFIG_PATH=/home/chinchia120/autoware.ai/install/autoware_msgs/lib/x86_64-linux-gnu/pkgconfig:/home/chinchia120/autoware.ai/install/autoware_msgs/lib/pkgconfig:/home/chinchia120/autoware.ai/install/autoware_can_msgs/lib/x86_64-linux-gnu/pkgconfig:/home/chinchia120/autoware.ai/install/autoware_can_msgs/lib/pkgconfig:/home/chinchia120/autoware.ai/install/autoware_build_flags/lib/x86_64-linux-gnu/pkgconfig:/home/chinchia120/autoware.ai/install/autoware_build_flags/lib/pkgconfig:${PKG_CONFIG_PATH} PYTHONPATH=/home/chinchia120/autoware.ai/install/autoware_msgs/lib/python2.7/dist-packages:/home/chinchia120/autoware.ai/install/autoware_can_msgs/lib/python2.7/dist-packages:${PYTHONPATH} ROS_PACKAGE_PATH=/home/chinchia120/autoware.ai/install/autoware_msgs/share:/home/chinchia120/autoware.ai/install/autoware_can_msgs/share:/home/chinchia120/autoware.ai/install/autoware_build_flags/share:${ROS_PACKAGE_PATH} /usr/bin/cmake --build /home/chinchia120/autoware.ai/build/autoware_connector -- -j4 -l4
[5.794s] [35m[1mScanning dependencies of target tf2_msgs_generate_messages_lisp[0m
[5.819s] [  0%] Built target tf2_msgs_generate_messages_lisp
[5.854s] [35m[1mScanning dependencies of target roscpp_generate_messages_cpp[0m
[5.880s] [  0%] Built target roscpp_generate_messages_cpp
[5.912s] [35m[1mScanning dependencies of target actionlib_generate_messages_cpp[0m
[5.938s] [  0%] Built target actionlib_generate_messages_cpp
[5.963s] [35m[1mScanning dependencies of target rosgraph_msgs_generate_messages_eus[0m
[6.009s] [  0%] Built target rosgraph_msgs_generate_messages_eus
[6.043s] [35m[1mScanning dependencies of target jsk_recognition_msgs_generate_messages_lisp[0m
[6.073s] [  0%] Built target jsk_recognition_msgs_generate_messages_lisp
[6.096s] [35m[1mScanning dependencies of target jsk_recognition_msgs_generate_messages_eus[0m
[6.118s] [  0%] Built target jsk_recognition_msgs_generate_messages_eus
[6.140s] [35m[1mScanning dependencies of target tf2_msgs_generate_messages_cpp[0m
[6.172s] [  0%] Built target tf2_msgs_generate_messages_cpp
[6.205s] [35m[1mScanning dependencies of target geometry_msgs_generate_messages_lisp[0m
[6.235s] [  0%] Built target geometry_msgs_generate_messages_lisp
[6.268s] [35m[1mScanning dependencies of target geometry_msgs_generate_messages_eus[0m
[6.299s] [  0%] Built target geometry_msgs_generate_messages_eus
[6.327s] [35m[1mScanning dependencies of target autoware_msgs_generate_messages_lisp[0m
[6.355s] [  0%] Built target autoware_msgs_generate_messages_lisp
[6.379s] [35m[1mScanning dependencies of target pcl_msgs_generate_messages_cpp[0m
[6.404s] [  0%] Built target pcl_msgs_generate_messages_cpp
[6.438s] [35m[1mScanning dependencies of target jsk_recognition_msgs_generate_messages_cpp[0m
[6.455s] [  0%] Built target jsk_recognition_msgs_generate_messages_cpp
[6.480s] [35m[1mScanning dependencies of target autoware_msgs_generate_messages_eus[0m
[6.511s] [  0%] Built target autoware_msgs_generate_messages_eus
[6.540s] [35m[1mScanning dependencies of target autoware_can_msgs_generate_messages_cpp[0m
[6.570s] [  0%] Built target autoware_can_msgs_generate_messages_cpp
[6.602s] [35m[1mScanning dependencies of target autoware_can_msgs_generate_messages_lisp[0m
[6.634s] [  0%] Built target autoware_can_msgs_generate_messages_lisp
[6.658s] [35m[1mScanning dependencies of target autoware_can_msgs_generate_messages_nodejs[0m
[6.682s] [  0%] Built target autoware_can_msgs_generate_messages_nodejs
[6.706s] [35m[1mScanning dependencies of target nav_msgs_generate_messages_nodejs[0m
[6.735s] [  0%] Built target nav_msgs_generate_messages_nodejs
[6.768s] [35m[1mScanning dependencies of target jsk_recognition_msgs_generate_messages_py[0m
[6.791s] [  0%] Built target jsk_recognition_msgs_generate_messages_py
[6.816s] [35m[1mScanning dependencies of target sensor_msgs_generate_messages_py[0m
[6.850s] [  0%] Built target sensor_msgs_generate_messages_py
[6.876s] [35m[1mScanning dependencies of target tf_generate_messages_py[0m
[6.904s] [  0%] Built target tf_generate_messages_py
[6.932s] [35m[1mScanning dependencies of target autoware_msgs_generate_messages_py[0m
[6.966s] [  0%] Built target autoware_msgs_generate_messages_py
[6.997s] [35m[1mScanning dependencies of target std_msgs_generate_messages_py[0m
[7.027s] [  0%] Built target std_msgs_generate_messages_py
[7.052s] [35m[1mScanning dependencies of target actionlib_msgs_generate_messages_nodejs[0m
[7.085s] [  0%] Built target actionlib_msgs_generate_messages_nodejs
[7.130s] [35m[1mScanning dependencies of target std_msgs_generate_messages_cpp[0m
[7.185s] [  0%] Built target std_msgs_generate_messages_cpp
[7.218s] [35m[1mScanning dependencies of target jsk_footstep_msgs_generate_messages_py[0m
[7.254s] [  0%] Built target jsk_footstep_msgs_generate_messages_py
[7.284s] [35m[1mScanning dependencies of target autoware_msgs_generate_messages_nodejs[0m
[7.311s] [  0%] Built target autoware_msgs_generate_messages_nodejs
[7.338s] [35m[1mScanning dependencies of target std_msgs_generate_messages_eus[0m
[7.384s] [  0%] Built target std_msgs_generate_messages_eus
[7.416s] [35m[1mScanning dependencies of target geometry_msgs_generate_messages_nodejs[0m
[7.453s] [  0%] Built target geometry_msgs_generate_messages_nodejs
[7.489s] [35m[1mScanning dependencies of target geometry_msgs_generate_messages_py[0m
[7.523s] [  0%] Built target geometry_msgs_generate_messages_py
[7.573s] [35m[1mScanning dependencies of target autoware_can_msgs_generate_messages_py[0m
[7.615s] [  0%] Built target autoware_can_msgs_generate_messages_py
[7.657s] [35m[1mScanning dependencies of target sensor_msgs_generate_messages_eus[0m
[7.703s] [  0%] Built target sensor_msgs_generate_messages_eus
[7.741s] [35m[1mScanning dependencies of target sensor_msgs_generate_messages_cpp[0m
[7.779s] [  0%] Built target sensor_msgs_generate_messages_cpp
[7.822s] [35m[1mScanning dependencies of target roscpp_generate_messages_nodejs[0m
[7.865s] [  0%] Built target roscpp_generate_messages_nodejs
[7.920s] [35m[1mScanning dependencies of target std_msgs_generate_messages_lisp[0m
[7.966s] [  0%] Built target std_msgs_generate_messages_lisp
[8.013s] [35m[1mScanning dependencies of target std_msgs_generate_messages_nodejs[0m
[8.049s] [  0%] Built target std_msgs_generate_messages_nodejs
[8.084s] [35m[1mScanning dependencies of target autoware_msgs_generate_messages_cpp[0m
[8.113s] [  0%] Built target autoware_msgs_generate_messages_cpp
[8.158s] [35m[1mScanning dependencies of target rosgraph_msgs_generate_messages_cpp[0m
[8.197s] [  0%] Built target rosgraph_msgs_generate_messages_cpp
[8.243s] [35m[1mScanning dependencies of target pcl_msgs_generate_messages_eus[0m
[8.291s] [  0%] Built target pcl_msgs_generate_messages_eus
[8.326s] [35m[1mScanning dependencies of target jsk_footstep_msgs_generate_messages_eus[0m
[8.363s] [  0%] Built target jsk_footstep_msgs_generate_messages_eus
[8.407s] [35m[1mScanning dependencies of target actionlib_msgs_generate_messages_py[0m
[8.440s] [  0%] Built target actionlib_msgs_generate_messages_py
[8.471s] [35m[1mScanning dependencies of target jsk_footstep_msgs_generate_messages_lisp[0m
[8.504s] [  0%] Built target jsk_footstep_msgs_generate_messages_lisp
[8.542s] [35m[1mScanning dependencies of target jsk_footstep_msgs_generate_messages_nodejs[0m
[8.572s] [  0%] Built target jsk_footstep_msgs_generate_messages_nodejs
[8.607s] [35m[1mScanning dependencies of target actionlib_msgs_generate_messages_lisp[0m
[8.635s] [  0%] Built target actionlib_msgs_generate_messages_lisp
[8.673s] [35m[1mScanning dependencies of target sensor_msgs_generate_messages_lisp[0m
[8.702s] [  0%] Built target sensor_msgs_generate_messages_lisp
[8.724s] [35m[1mScanning dependencies of target nav_msgs_generate_messages_cpp[0m
[8.760s] [  0%] Built target nav_msgs_generate_messages_cpp
[8.791s] [35m[1mScanning dependencies of target pcl_msgs_generate_messages_nodejs[0m
[8.823s] [  0%] Built target pcl_msgs_generate_messages_nodejs
[8.861s] [35m[1mScanning dependencies of target nav_msgs_generate_messages_lisp[0m
[8.889s] [  0%] Built target nav_msgs_generate_messages_lisp
[8.911s] [35m[1mScanning dependencies of target jsk_recognition_msgs_generate_messages_nodejs[0m
[8.938s] [  0%] Built target jsk_recognition_msgs_generate_messages_nodejs
[8.969s] [35m[1mScanning dependencies of target roscpp_generate_messages_lisp[0m
[9.019s] [  0%] Built target roscpp_generate_messages_lisp
[9.047s] [35m[1mScanning dependencies of target roscpp_generate_messages_py[0m
[9.085s] [  0%] Built target roscpp_generate_messages_py
[9.117s] [35m[1mScanning dependencies of target rosgraph_msgs_generate_messages_lisp[0m
[9.148s] [  0%] Built target rosgraph_msgs_generate_messages_lisp
[9.173s] [35m[1mScanning dependencies of target rosgraph_msgs_generate_messages_nodejs[0m
[9.202s] [  0%] Built target rosgraph_msgs_generate_messages_nodejs
[9.229s] [35m[1mScanning dependencies of target roscpp_generate_messages_eus[0m
[9.258s] [  0%] Built target roscpp_generate_messages_eus
[9.290s] [35m[1mScanning dependencies of target actionlib_msgs_generate_messages_eus[0m
[9.322s] [  0%] Built target actionlib_msgs_generate_messages_eus
[9.355s] [35m[1mScanning dependencies of target autoware_can_msgs_generate_messages_eus[0m
[9.389s] [  0%] Built target autoware_can_msgs_generate_messages_eus
[9.421s] [35m[1mScanning dependencies of target rosgraph_msgs_generate_messages_py[0m
[9.454s] [  0%] Built target rosgraph_msgs_generate_messages_py
[9.488s] [35m[1mScanning dependencies of target actionlib_generate_messages_nodejs[0m
[9.517s] [  0%] Built target actionlib_generate_messages_nodejs
[9.545s] [35m[1mScanning dependencies of target pcl_msgs_generate_messages_lisp[0m
[9.577s] [  0%] Built target pcl_msgs_generate_messages_lisp
[9.615s] [35m[1mScanning dependencies of target tf_generate_messages_cpp[0m
[9.640s] [  0%] Built target tf_generate_messages_cpp
[9.669s] [35m[1mScanning dependencies of target jsk_footstep_msgs_generate_messages_cpp[0m
[9.698s] [  0%] Built target jsk_footstep_msgs_generate_messages_cpp
[9.724s] [35m[1mScanning dependencies of target actionlib_msgs_generate_messages_cpp[0m
[9.750s] [  0%] Built target actionlib_msgs_generate_messages_cpp
[9.784s] [35m[1mScanning dependencies of target tf_generate_messages_eus[0m
[9.809s] [  0%] Built target tf_generate_messages_eus
[9.836s] [35m[1mScanning dependencies of target tf_generate_messages_lisp[0m
[9.860s] [  0%] Built target tf_generate_messages_lisp
[9.884s] [35m[1mScanning dependencies of target tf_generate_messages_nodejs[0m
[9.907s] [  0%] Built target tf_generate_messages_nodejs
[9.936s] [35m[1mScanning dependencies of target pcl_msgs_generate_messages_py[0m
[9.972s] [  0%] Built target pcl_msgs_generate_messages_py
[10.005s] [35m[1mScanning dependencies of target actionlib_generate_messages_eus[0m
[10.040s] [  0%] Built target actionlib_generate_messages_eus
[10.076s] [35m[1mScanning dependencies of target geometry_msgs_generate_messages_cpp[0m
[10.112s] [  0%] Built target geometry_msgs_generate_messages_cpp
[10.150s] [35m[1mScanning dependencies of target actionlib_generate_messages_lisp[0m
[10.193s] [  0%] Built target actionlib_generate_messages_lisp
[10.227s] [35m[1mScanning dependencies of target tf2_msgs_generate_messages_py[0m
[10.266s] [  0%] Built target tf2_msgs_generate_messages_py
[10.302s] [35m[1mScanning dependencies of target actionlib_generate_messages_py[0m
[10.334s] [  0%] Built target actionlib_generate_messages_py
[10.370s] [35m[1mScanning dependencies of target nav_msgs_generate_messages_eus[0m
[10.406s] [  0%] Built target nav_msgs_generate_messages_eus
[10.443s] [35m[1mScanning dependencies of target tf2_msgs_generate_messages_eus[0m
[10.482s] [  0%] Built target tf2_msgs_generate_messages_eus
[10.518s] [35m[1mScanning dependencies of target nav_msgs_generate_messages_py[0m
[10.556s] [  0%] Built target nav_msgs_generate_messages_py
[10.591s] [35m[1mScanning dependencies of target sensor_msgs_generate_messages_nodejs[0m
[10.630s] [  0%] Built target sensor_msgs_generate_messages_nodejs
[10.667s] [35m[1mScanning dependencies of target tf2_msgs_generate_messages_nodejs[0m
[10.702s] [  0%] Built target tf2_msgs_generate_messages_nodejs
[10.741s] [35m[1mScanning dependencies of target can_odometry[0m
[10.846s] [ 16%] [32mBuilding CXX object CMakeFiles/can_odometry.dir/nodes/can_odometry/can_odometry_node.cpp.o[0m
[15.137s] In file included from [01m[K/opt/ros/melodic/include/ros/ros.h:40:0[m[K,
[15.137s]                  from [01m[K/home/chinchia120/autoware.ai/src/autoware/core_perception/autoware_connector/nodes/can_odometry/can_odometry_node.cpp:18[m[K:
[15.138s] [01m[K/home/chinchia120/autoware.ai/src/autoware/core_perception/autoware_connector/nodes/can_odometry/can_odometry_core.h:[m[K In member function ‘[01m[Kvoid autoware_connector::Odometry::updateOdometry(double, double, const ros::Time&)[m[K’:
[15.138s] [01m[K/opt/ros/melodic/include/ros/console.h:348:176:[m[K [01;35m[Kwarning: [m[Kformat ‘[01m[K%f[m[K’ expects a matching ‘[01m[Kdouble[m[K’ argument [[01;35m[K-Wformat=[m[K]
[15.138s]  location__loc.level_, __FILE__, __LINE__, __ROSCONSOLE_FUNCTION__, __VA_ARGS__[01;35m[K)[m[K
[15.139s]                                                                                [01;35m[K^[m[K
[15.139s] [01m[K/opt/ros/melodic/include/ros/console.h:351:5:[m[K [01;36m[Knote: [m[Kin expansion of macro ‘[01m[KROSCONSOLE_PRINT_AT_LOCATION_WITH_FILTER[m[K’
[15.140s]      [01;36m[KROSCONSOLE_PRINT_AT_LOCATION_WITH_FILTER[m[K(NULL, __VA_ARGS__)
[15.140s]      [01;36m[K^~~~~~~~~~~~~~~~~~~~~~~~~~~~~~~~~~~~~~~~[m[K
[15.140s] [01m[K/opt/ros/melodic/include/ros/console.h:387:7:[m[K [01;36m[Knote: [m[Kin expansion of macro ‘[01m[KROSCONSOLE_PRINT_AT_LOCATION[m[K’
[15.140s]        [01;36m[KROSCONSOLE_PRINT_AT_LOCATION[m[K(__VA_ARGS__); \
[15.141s]        [01;36m[K^~~~~~~~~~~~~~~~~~~~~~~~~~~~[m[K
[15.141s] [01m[K/opt/ros/melodic/include/ros/console.h:572:35:[m[K [01;36m[Knote: [m[Kin expansion of macro ‘[01m[KROS_LOG_COND[m[K’
[15.141s]  #define ROS_LOG(level, name, ...) [01;36m[KROS_LOG_COND[m[K(true, level, name, __VA_ARGS__)
[15.141s]                                    [01;36m[K^~~~~~~~~~~~[m[K
[15.142s] [01m[K/opt/ros/melodic/include/rosconsole/macros_generated.h:110:23:[m[K [01;36m[Knote: [m[Kin expansion of macro ‘[01m[KROS_LOG[m[K’
[15.142s]  #define ROS_INFO(...) [01;36m[KROS_LOG[m[K(::ros::console::levels::Info, ROSCONSOLE_DEFAULT_NAME, __VA_ARGS__)
[15.142s]                        [01;36m[K^~~~~~~[m[K
[15.142s] [01m[K/home/chinchia120/autoware.ai/src/autoware/core_perception/autoware_connector/nodes/can_odometry/can_odometry_core.h:60:5:[m[K [01;36m[Knote: [m[Kin expansion of macro ‘[01m[KROS_INFO[m[K’
[15.142s]      [01;36m[KR[m[KOS_INFO("dt : %f delta (x y th) : (%f %f %f %f)", dt, delta_x, delta_y, delta_th);
[15.143s]      [01;36m[K^[m[K
[15.883s] [ 33%] [32mBuilding CXX object CMakeFiles/can_odometry.dir/nodes/can_odometry/can_odometry_core.cpp.o[0m
[20.192s] In file included from [01m[K/opt/ros/melodic/include/ros/ros.h:40:0[m[K,
[20.193s]                  from [01m[K/home/chinchia120/autoware.ai/src/autoware/core_perception/autoware_connector/nodes/can_odometry/can_odometry_core.h:23[m[K,
[20.193s]                  from [01m[K/home/chinchia120/autoware.ai/src/autoware/core_perception/autoware_connector/nodes/can_odometry/can_odometry_core.cpp:17[m[K:
[20.193s] [01m[K/home/chinchia120/autoware.ai/src/autoware/core_perception/autoware_connector/nodes/can_odometry/can_odometry_core.h:[m[K In member function ‘[01m[Kvoid autoware_connector::Odometry::updateOdometry(double, double, const ros::Time&)[m[K’:
[20.194s] [01m[K/opt/ros/melodic/include/ros/console.h:348:176:[m[K [01;35m[Kwarning: [m[Kformat ‘[01m[K%f[m[K’ expects a matching ‘[01m[Kdouble[m[K’ argument [[01;35m[K-Wformat=[m[K]
[20.194s]  location__loc.level_, __FILE__, __LINE__, __ROSCONSOLE_FUNCTION__, __VA_ARGS__[01;35m[K)[m[K
[20.195s]                                                                                [01;35m[K^[m[K
[20.195s] [01m[K/opt/ros/melodic/include/ros/console.h:351:5:[m[K [01;36m[Knote: [m[Kin expansion of macro ‘[01m[KROSCONSOLE_PRINT_AT_LOCATION_WITH_FILTER[m[K’
[20.195s]      [01;36m[KROSCONSOLE_PRINT_AT_LOCATION_WITH_FILTER[m[K(NULL, __VA_ARGS__)
[20.196s]      [01;36m[K^~~~~~~~~~~~~~~~~~~~~~~~~~~~~~~~~~~~~~~~[m[K
[20.196s] [01m[K/opt/ros/melodic/include/ros/console.h:387:7:[m[K [01;36m[Knote: [m[Kin expansion of macro ‘[01m[KROSCONSOLE_PRINT_AT_LOCATION[m[K’
[20.196s]        [01;36m[KROSCONSOLE_PRINT_AT_LOCATION[m[K(__VA_ARGS__); \
[20.197s]        [01;36m[K^~~~~~~~~~~~~~~~~~~~~~~~~~~~[m[K
[20.197s] [01m[K/opt/ros/melodic/include/ros/console.h:572:35:[m[K [01;36m[Knote: [m[Kin expansion of macro ‘[01m[KROS_LOG_COND[m[K’
[20.198s]  #define ROS_LOG(level, name, ...) [01;36m[KROS_LOG_COND[m[K(true, level, name, __VA_ARGS__)
[20.198s]                                    [01;36m[K^~~~~~~~~~~~[m[K
[20.198s] [01m[K/opt/ros/melodic/include/rosconsole/macros_generated.h:110:23:[m[K [01;36m[Knote: [m[Kin expansion of macro ‘[01m[KROS_LOG[m[K’
[20.199s]  #define ROS_INFO(...) [01;36m[KROS_LOG[m[K(::ros::console::levels::Info, ROSCONSOLE_DEFAULT_NAME, __VA_ARGS__)
[20.199s]                        [01;36m[K^~~~~~~[m[K
[20.199s] [01m[K/home/chinchia120/autoware.ai/src/autoware/core_perception/autoware_connector/nodes/can_odometry/can_odometry_core.h:60:5:[m[K [01;36m[Knote: [m[Kin expansion of macro ‘[01m[KROS_INFO[m[K’
[20.200s]      [01;36m[KR[m[KOS_INFO("dt : %f delta (x y th) : (%f %f %f %f)", dt, delta_x, delta_y, delta_th);
[20.200s]      [01;36m[K^[m[K
[22.693s] [ 50%] [32m[1mLinking CXX executable devel/lib/autoware_connector/can_odometry[0m
[22.970s] [ 50%] Built target can_odometry
[23.001s] [35m[1mScanning dependencies of target can_status_translator[0m
[23.058s] [ 66%] [32mBuilding CXX object CMakeFiles/can_status_translator.dir/nodes/can_status_translator/can_status_translator_node.cpp.o[0m
[27.060s] [ 83%] [32mBuilding CXX object CMakeFiles/can_status_translator.dir/nodes/can_status_translator/can_status_translator_core.cpp.o[0m
[34.546s] [100%] [32m[1mLinking CXX executable devel/lib/autoware_connector/can_status_translator[0m
[34.845s] [100%] Built target can_status_translator
[34.867s] Invoked command in '/home/chinchia120/autoware.ai/build/autoware_connector' returned '0': CMAKE_PREFIX_PATH=/home/chinchia120/autoware.ai/install/autoware_msgs:/home/chinchia120/autoware.ai/install/autoware_can_msgs:/home/chinchia120/autoware.ai/install/autoware_build_flags:${CMAKE_PREFIX_PATH} PKG_CONFIG_PATH=/home/chinchia120/autoware.ai/install/autoware_msgs/lib/x86_64-linux-gnu/pkgconfig:/home/chinchia120/autoware.ai/install/autoware_msgs/lib/pkgconfig:/home/chinchia120/autoware.ai/install/autoware_can_msgs/lib/x86_64-linux-gnu/pkgconfig:/home/chinchia120/autoware.ai/install/autoware_can_msgs/lib/pkgconfig:/home/chinchia120/autoware.ai/install/autoware_build_flags/lib/x86_64-linux-gnu/pkgconfig:/home/chinchia120/autoware.ai/install/autoware_build_flags/lib/pkgconfig:${PKG_CONFIG_PATH} PYTHONPATH=/home/chinchia120/autoware.ai/install/autoware_msgs/lib/python2.7/dist-packages:/home/chinchia120/autoware.ai/install/autoware_can_msgs/lib/python2.7/dist-packages:${PYTHONPATH} ROS_PACKAGE_PATH=/home/chinchia120/autoware.ai/install/autoware_msgs/share:/home/chinchia120/autoware.ai/install/autoware_can_msgs/share:/home/chinchia120/autoware.ai/install/autoware_build_flags/share:${ROS_PACKAGE_PATH} /usr/bin/cmake --build /home/chinchia120/autoware.ai/build/autoware_connector -- -j4 -l4
[35.259s] Invoking command in '/home/chinchia120/autoware.ai/build/autoware_connector': CMAKE_PREFIX_PATH=/home/chinchia120/autoware.ai/install/autoware_msgs:/home/chinchia120/autoware.ai/install/autoware_can_msgs:/home/chinchia120/autoware.ai/install/autoware_build_flags:${CMAKE_PREFIX_PATH} PKG_CONFIG_PATH=/home/chinchia120/autoware.ai/install/autoware_msgs/lib/x86_64-linux-gnu/pkgconfig:/home/chinchia120/autoware.ai/install/autoware_msgs/lib/pkgconfig:/home/chinchia120/autoware.ai/install/autoware_can_msgs/lib/x86_64-linux-gnu/pkgconfig:/home/chinchia120/autoware.ai/install/autoware_can_msgs/lib/pkgconfig:/home/chinchia120/autoware.ai/install/autoware_build_flags/lib/x86_64-linux-gnu/pkgconfig:/home/chinchia120/autoware.ai/install/autoware_build_flags/lib/pkgconfig:${PKG_CONFIG_PATH} PYTHONPATH=/home/chinchia120/autoware.ai/install/autoware_msgs/lib/python2.7/dist-packages:/home/chinchia120/autoware.ai/install/autoware_can_msgs/lib/python2.7/dist-packages:${PYTHONPATH} ROS_PACKAGE_PATH=/home/chinchia120/autoware.ai/install/autoware_msgs/share:/home/chinchia120/autoware.ai/install/autoware_can_msgs/share:/home/chinchia120/autoware.ai/install/autoware_build_flags/share:${ROS_PACKAGE_PATH} /usr/bin/cmake --build /home/chinchia120/autoware.ai/build/autoware_connector --target tests -- -j4 -l4
[35.394s] [35m[1mScanning dependencies of target tests[0m
[35.436s] Built target tests
[35.459s] Invoked command in '/home/chinchia120/autoware.ai/build/autoware_connector' returned '0': CMAKE_PREFIX_PATH=/home/chinchia120/autoware.ai/install/autoware_msgs:/home/chinchia120/autoware.ai/install/autoware_can_msgs:/home/chinchia120/autoware.ai/install/autoware_build_flags:${CMAKE_PREFIX_PATH} PKG_CONFIG_PATH=/home/chinchia120/autoware.ai/install/autoware_msgs/lib/x86_64-linux-gnu/pkgconfig:/home/chinchia120/autoware.ai/install/autoware_msgs/lib/pkgconfig:/home/chinchia120/autoware.ai/install/autoware_can_msgs/lib/x86_64-linux-gnu/pkgconfig:/home/chinchia120/autoware.ai/install/autoware_can_msgs/lib/pkgconfig:/home/chinchia120/autoware.ai/install/autoware_build_flags/lib/x86_64-linux-gnu/pkgconfig:/home/chinchia120/autoware.ai/install/autoware_build_flags/lib/pkgconfig:${PKG_CONFIG_PATH} PYTHONPATH=/home/chinchia120/autoware.ai/install/autoware_msgs/lib/python2.7/dist-packages:/home/chinchia120/autoware.ai/install/autoware_can_msgs/lib/python2.7/dist-packages:${PYTHONPATH} ROS_PACKAGE_PATH=/home/chinchia120/autoware.ai/install/autoware_msgs/share:/home/chinchia120/autoware.ai/install/autoware_can_msgs/share:/home/chinchia120/autoware.ai/install/autoware_build_flags/share:${ROS_PACKAGE_PATH} /usr/bin/cmake --build /home/chinchia120/autoware.ai/build/autoware_connector --target tests -- -j4 -l4
[35.870s] Invoking command in '/home/chinchia120/autoware.ai/build/autoware_connector': CMAKE_PREFIX_PATH=/home/chinchia120/autoware.ai/install/autoware_msgs:/home/chinchia120/autoware.ai/install/autoware_can_msgs:/home/chinchia120/autoware.ai/install/autoware_build_flags:${CMAKE_PREFIX_PATH} PKG_CONFIG_PATH=/home/chinchia120/autoware.ai/install/autoware_msgs/lib/x86_64-linux-gnu/pkgconfig:/home/chinchia120/autoware.ai/install/autoware_msgs/lib/pkgconfig:/home/chinchia120/autoware.ai/install/autoware_can_msgs/lib/x86_64-linux-gnu/pkgconfig:/home/chinchia120/autoware.ai/install/autoware_can_msgs/lib/pkgconfig:/home/chinchia120/autoware.ai/install/autoware_build_flags/lib/x86_64-linux-gnu/pkgconfig:/home/chinchia120/autoware.ai/install/autoware_build_flags/lib/pkgconfig:${PKG_CONFIG_PATH} PYTHONPATH=/home/chinchia120/autoware.ai/install/autoware_msgs/lib/python2.7/dist-packages:/home/chinchia120/autoware.ai/install/autoware_can_msgs/lib/python2.7/dist-packages:${PYTHONPATH} ROS_PACKAGE_PATH=/home/chinchia120/autoware.ai/install/autoware_msgs/share:/home/chinchia120/autoware.ai/install/autoware_can_msgs/share:/home/chinchia120/autoware.ai/install/autoware_build_flags/share:${ROS_PACKAGE_PATH} /usr/bin/cmake --build /home/chinchia120/autoware.ai/build/autoware_connector --target install -- -j4 -l4
[36.039s] [  0%] Built target tf2_msgs_generate_messages_lisp
[36.102s] [  0%] Built target roscpp_generate_messages_cpp
[36.161s] [  0%] Built target actionlib_generate_messages_cpp
[36.224s] [  0%] Built target rosgraph_msgs_generate_messages_eus
[36.279s] [  0%] Built target jsk_recognition_msgs_generate_messages_lisp
[36.332s] [  0%] Built target jsk_recognition_msgs_generate_messages_eus
[36.384s] [  0%] Built target tf2_msgs_generate_messages_cpp
[36.448s] [  0%] Built target geometry_msgs_generate_messages_lisp
[36.507s] [  0%] Built target geometry_msgs_generate_messages_eus
[36.559s] [  0%] Built target autoware_msgs_generate_messages_lisp
[36.616s] [  0%] Built target pcl_msgs_generate_messages_cpp
[36.676s] [  0%] Built target jsk_recognition_msgs_generate_messages_cpp
[36.728s] [  0%] Built target autoware_msgs_generate_messages_eus
[36.774s] [  0%] Built target autoware_can_msgs_generate_messages_cpp
[36.830s] [  0%] Built target autoware_can_msgs_generate_messages_lisp
[36.875s] [  0%] Built target autoware_can_msgs_generate_messages_nodejs
[36.928s] [  0%] Built target nav_msgs_generate_messages_nodejs
[36.986s] [  0%] Built target jsk_recognition_msgs_generate_messages_py
[37.046s] [  0%] Built target sensor_msgs_generate_messages_py
[37.096s] [  0%] Built target tf_generate_messages_py
[37.144s] [  0%] Built target autoware_msgs_generate_messages_py
[37.208s] [  0%] Built target std_msgs_generate_messages_py
[37.279s] [  0%] Built target actionlib_msgs_generate_messages_nodejs
[37.322s] [  0%] Built target std_msgs_generate_messages_cpp
[37.372s] [  0%] Built target jsk_footstep_msgs_generate_messages_py
[37.434s] [  0%] Built target autoware_msgs_generate_messages_nodejs
[37.505s] [  0%] Built target std_msgs_generate_messages_eus
[37.565s] [  0%] Built target geometry_msgs_generate_messages_nodejs
[37.633s] [  0%] Built target geometry_msgs_generate_messages_py
[37.703s] [  0%] Built target autoware_can_msgs_generate_messages_py
[37.775s] [  0%] Built target sensor_msgs_generate_messages_eus
[37.842s] [  0%] Built target sensor_msgs_generate_messages_cpp
[37.911s] [  0%] Built target roscpp_generate_messages_nodejs
[37.979s] [  0%] Built target std_msgs_generate_messages_lisp
[38.068s] [  0%] Built target std_msgs_generate_messages_nodejs
[38.142s] [  0%] Built target autoware_msgs_generate_messages_cpp
[38.214s] [  0%] Built target rosgraph_msgs_generate_messages_cpp
[38.286s] [  0%] Built target pcl_msgs_generate_messages_eus
[38.356s] [  0%] Built target jsk_footstep_msgs_generate_messages_eus
[38.430s] [  0%] Built target actionlib_msgs_generate_messages_py
[38.502s] [  0%] Built target jsk_footstep_msgs_generate_messages_lisp
[38.573s] [  0%] Built target jsk_footstep_msgs_generate_messages_nodejs
[38.641s] [  0%] Built target actionlib_msgs_generate_messages_lisp
[38.718s] [  0%] Built target sensor_msgs_generate_messages_lisp
[38.788s] [  0%] Built target nav_msgs_generate_messages_cpp
[38.861s] [  0%] Built target pcl_msgs_generate_messages_nodejs
[38.927s] [  0%] Built target nav_msgs_generate_messages_lisp
[38.995s] [  0%] Built target jsk_recognition_msgs_generate_messages_nodejs
[39.056s] [  0%] Built target roscpp_generate_messages_lisp
[39.117s] [  0%] Built target roscpp_generate_messages_py
[39.172s] [  0%] Built target rosgraph_msgs_generate_messages_lisp
[39.248s] [  0%] Built target rosgraph_msgs_generate_messages_nodejs
[39.317s] [  0%] Built target roscpp_generate_messages_eus
[39.380s] [  0%] Built target actionlib_msgs_generate_messages_eus
[39.457s] [  0%] Built target autoware_can_msgs_generate_messages_eus
[39.517s] [  0%] Built target rosgraph_msgs_generate_messages_py
[39.579s] [  0%] Built target actionlib_generate_messages_nodejs
[39.646s] [  0%] Built target pcl_msgs_generate_messages_lisp
[39.708s] [  0%] Built target tf_generate_messages_cpp
[39.775s] [  0%] Built target jsk_footstep_msgs_generate_messages_cpp
[39.839s] [  0%] Built target actionlib_msgs_generate_messages_cpp
[39.912s] [  0%] Built target tf_generate_messages_eus
[39.977s] [  0%] Built target tf_generate_messages_lisp
[40.049s] [  0%] Built target tf_generate_messages_nodejs
[40.119s] [  0%] Built target pcl_msgs_generate_messages_py
[40.191s] [  0%] Built target actionlib_generate_messages_eus
[40.263s] [  0%] Built target geometry_msgs_generate_messages_cpp
[40.340s] [  0%] Built target actionlib_generate_messages_lisp
[40.413s] [  0%] Built target tf2_msgs_generate_messages_py
[40.481s] [  0%] Built target actionlib_generate_messages_py
[40.552s] [  0%] Built target nav_msgs_generate_messages_eus
[40.625s] [  0%] Built target tf2_msgs_generate_messages_eus
[40.689s] [  0%] Built target nav_msgs_generate_messages_py
[40.765s] [  0%] Built target sensor_msgs_generate_messages_nodejs
[40.840s] [  0%] Built target tf2_msgs_generate_messages_nodejs
[40.939s] [ 50%] Built target can_odometry
[41.038s] [100%] Built target can_status_translator
[41.114s] [36mInstall the project...[0m
[41.144s] -- Install configuration: "Release"
[41.145s] -- Installing: /home/chinchia120/autoware.ai/install/autoware_connector/lib/pkgconfig/autoware_connector.pc
[41.146s] -- Installing: /home/chinchia120/autoware.ai/install/autoware_connector/share/autoware_connector/cmake/autoware_connectorConfig.cmake
[41.147s] -- Installing: /home/chinchia120/autoware.ai/install/autoware_connector/share/autoware_connector/cmake/autoware_connectorConfig-version.cmake
[41.147s] -- Installing: /home/chinchia120/autoware.ai/install/autoware_connector/share/autoware_connector/package.xml
[41.148s] -- Installing: /home/chinchia120/autoware.ai/install/autoware_connector/lib/autoware_connector/can_status_translator
[41.150s] -- Set runtime path of "/home/chinchia120/autoware.ai/install/autoware_connector/lib/autoware_connector/can_status_translator" to ""
[41.151s] -- Installing: /home/chinchia120/autoware.ai/install/autoware_connector/lib/autoware_connector/can_odometry
[41.152s] -- Set runtime path of "/home/chinchia120/autoware.ai/install/autoware_connector/lib/autoware_connector/can_odometry" to ""
[41.152s] -- Installing: /home/chinchia120/autoware.ai/install/autoware_connector/share/autoware_connector/launch
[41.154s] -- Installing: /home/chinchia120/autoware.ai/install/autoware_connector/share/autoware_connector/launch/can2odom.launch
[41.154s] -- Installing: /home/chinchia120/autoware.ai/install/autoware_connector/share/autoware_connector/launch/vel_pose_connect.launch
[41.162s] Invoked command in '/home/chinchia120/autoware.ai/build/autoware_connector' returned '0': CMAKE_PREFIX_PATH=/home/chinchia120/autoware.ai/install/autoware_msgs:/home/chinchia120/autoware.ai/install/autoware_can_msgs:/home/chinchia120/autoware.ai/install/autoware_build_flags:${CMAKE_PREFIX_PATH} PKG_CONFIG_PATH=/home/chinchia120/autoware.ai/install/autoware_msgs/lib/x86_64-linux-gnu/pkgconfig:/home/chinchia120/autoware.ai/install/autoware_msgs/lib/pkgconfig:/home/chinchia120/autoware.ai/install/autoware_can_msgs/lib/x86_64-linux-gnu/pkgconfig:/home/chinchia120/autoware.ai/install/autoware_can_msgs/lib/pkgconfig:/home/chinchia120/autoware.ai/install/autoware_build_flags/lib/x86_64-linux-gnu/pkgconfig:/home/chinchia120/autoware.ai/install/autoware_build_flags/lib/pkgconfig:${PKG_CONFIG_PATH} PYTHONPATH=/home/chinchia120/autoware.ai/install/autoware_msgs/lib/python2.7/dist-packages:/home/chinchia120/autoware.ai/install/autoware_can_msgs/lib/python2.7/dist-packages:${PYTHONPATH} ROS_PACKAGE_PATH=/home/chinchia120/autoware.ai/install/autoware_msgs/share:/home/chinchia120/autoware.ai/install/autoware_can_msgs/share:/home/chinchia120/autoware.ai/install/autoware_build_flags/share:${ROS_PACKAGE_PATH} /usr/bin/cmake --build /home/chinchia120/autoware.ai/build/autoware_connector --target install -- -j4 -l4
