[0.053s] Invoking command in '/home/chinchia120/autoware.ai/build/vehicle_sim_model': CMAKE_PREFIX_PATH=/home/chinchia120/autoware.ai/install/autoware_build_flags:${CMAKE_PREFIX_PATH} PKG_CONFIG_PATH=/home/chinchia120/autoware.ai/install/autoware_build_flags/lib/x86_64-linux-gnu/pkgconfig:/home/chinchia120/autoware.ai/install/autoware_build_flags/lib/pkgconfig:${PKG_CONFIG_PATH} ROS_PACKAGE_PATH=/home/chinchia120/autoware.ai/install/autoware_build_flags/share:${ROS_PACKAGE_PATH} /usr/bin/cmake /home/chinchia120/autoware.ai/src/autoware/common/vehicle_sim_model -DCMAKE_BUILD_TYPE=Release -DCATKIN_INSTALL_INTO_PREFIX_ROOT=0 -DCMAKE_INSTALL_PREFIX=/home/chinchia120/autoware.ai/install/vehicle_sim_model
[0.234s] -- The C compiler identification is GNU 7.5.0
[0.410s] -- The CXX compiler identification is GNU 7.5.0
[0.423s] -- Check for working C compiler: /usr/bin/cc
[0.643s] -- Check for working C compiler: /usr/bin/cc -- works
[0.645s] -- Detecting C compiler ABI info
[0.850s] -- Detecting C compiler ABI info - done
[0.877s] -- Detecting C compile features
[1.418s] -- Detecting C compile features - done
[1.426s] -- Check for working CXX compiler: /usr/bin/c++
[1.647s] -- Check for working CXX compiler: /usr/bin/c++ -- works
[1.648s] -- Detecting CXX compiler ABI info
[1.883s] -- Detecting CXX compiler ABI info - done
[1.911s] -- Detecting CXX compile features
[2.783s] -- Detecting CXX compile features - done
[2.784s] -- CUDA compilation status: 1.
[2.788s] -- Using CATKIN_DEVEL_PREFIX: /home/chinchia120/autoware.ai/build/vehicle_sim_model/devel
[2.789s] -- Using CMAKE_PREFIX_PATH: /home/chinchia120/autoware.ai/install/autoware_build_flags;/home/chinchia120/catkin_ws/devel;/opt/ros/melodic
[2.789s] -- This workspace overlays: /home/chinchia120/autoware.ai/install/autoware_build_flags;/home/chinchia120/catkin_ws/devel;/opt/ros/melodic
[2.818s] -- Found PythonInterp: /usr/bin/python2 (found suitable version "2.7.17", minimum required is "2") 
[2.819s] -- Using PYTHON_EXECUTABLE: /usr/bin/python2
[2.820s] -- Using Debian Python package layout
[2.821s] -- Using empy: /usr/bin/empy
[3.176s] -- Using CATKIN_ENABLE_TESTING: ON
[3.177s] -- Call enable_testing()
[3.184s] -- Using CATKIN_TEST_RESULTS_DIR: /home/chinchia120/autoware.ai/build/vehicle_sim_model/test_results
[3.221s] -- Found gtest sources under '/usr/src/googletest': gtests will be built
[3.222s] -- Found gmock sources under '/usr/src/googletest': gmock will be built
[3.246s] -- Found PythonInterp: /usr/bin/python2 (found version "2.7.17") 
[3.249s] -- Looking for pthread.h
[3.438s] -- Looking for pthread.h - found
[3.439s] -- Looking for pthread_create
[3.617s] -- Looking for pthread_create - not found
[3.619s] -- Looking for pthread_create in pthreads
[3.773s] -- Looking for pthread_create in pthreads - not found
[3.774s] -- Looking for pthread_create in pthread
[3.938s] -- Looking for pthread_create in pthread - found
[3.941s] -- Found Threads: TRUE  
[3.963s] -- Using Python nosetests: /usr/bin/nosetests-2.7
[4.043s] -- catkin 0.7.29
[4.043s] -- BUILD_SHARED_LIBS is on
[4.562s] -- Configuring done
[4.619s] -- Generating done
[4.630s] -- Build files have been written to: /home/chinchia120/autoware.ai/build/vehicle_sim_model
[4.643s] Invoked command in '/home/chinchia120/autoware.ai/build/vehicle_sim_model' returned '0': CMAKE_PREFIX_PATH=/home/chinchia120/autoware.ai/install/autoware_build_flags:${CMAKE_PREFIX_PATH} PKG_CONFIG_PATH=/home/chinchia120/autoware.ai/install/autoware_build_flags/lib/x86_64-linux-gnu/pkgconfig:/home/chinchia120/autoware.ai/install/autoware_build_flags/lib/pkgconfig:${PKG_CONFIG_PATH} ROS_PACKAGE_PATH=/home/chinchia120/autoware.ai/install/autoware_build_flags/share:${ROS_PACKAGE_PATH} /usr/bin/cmake /home/chinchia120/autoware.ai/src/autoware/common/vehicle_sim_model -DCMAKE_BUILD_TYPE=Release -DCATKIN_INSTALL_INTO_PREFIX_ROOT=0 -DCMAKE_INSTALL_PREFIX=/home/chinchia120/autoware.ai/install/vehicle_sim_model
[4.645s] Invoking command in '/home/chinchia120/autoware.ai/build/vehicle_sim_model': CMAKE_PREFIX_PATH=/home/chinchia120/autoware.ai/install/autoware_build_flags:${CMAKE_PREFIX_PATH} PKG_CONFIG_PATH=/home/chinchia120/autoware.ai/install/autoware_build_flags/lib/x86_64-linux-gnu/pkgconfig:/home/chinchia120/autoware.ai/install/autoware_build_flags/lib/pkgconfig:${PKG_CONFIG_PATH} ROS_PACKAGE_PATH=/home/chinchia120/autoware.ai/install/autoware_build_flags/share:${ROS_PACKAGE_PATH} /usr/bin/cmake --build /home/chinchia120/autoware.ai/build/vehicle_sim_model -- -j4 -l4
[4.751s] [35m[1mScanning dependencies of target _catkin_empty_exported_target[0m
[4.784s] [  0%] Built target _catkin_empty_exported_target
[4.820s] [35m[1mScanning dependencies of target vehicle_sim_model[0m
[4.853s] [ 20%] [32mBuilding CXX object CMakeFiles/vehicle_sim_model.dir/src/vehicle_model_interface.cpp.o[0m
[7.569s] [ 40%] [32mBuilding CXX object CMakeFiles/vehicle_sim_model.dir/src/vehicle_model_time_delay.cpp.o[0m
[9.593s] [ 60%] [32mBuilding CXX object CMakeFiles/vehicle_sim_model.dir/src/vehicle_model_constant_acceleration.cpp.o[0m
[10.868s] [ 80%] [32mBuilding CXX object CMakeFiles/vehicle_sim_model.dir/src/vehicle_model_ideal.cpp.o[0m
[12.290s] [100%] [32m[1mLinking CXX shared library devel/lib/libvehicle_sim_model.so[0m
[12.513s] [100%] Built target vehicle_sim_model
[12.539s] Invoked command in '/home/chinchia120/autoware.ai/build/vehicle_sim_model' returned '0': CMAKE_PREFIX_PATH=/home/chinchia120/autoware.ai/install/autoware_build_flags:${CMAKE_PREFIX_PATH} PKG_CONFIG_PATH=/home/chinchia120/autoware.ai/install/autoware_build_flags/lib/x86_64-linux-gnu/pkgconfig:/home/chinchia120/autoware.ai/install/autoware_build_flags/lib/pkgconfig:${PKG_CONFIG_PATH} ROS_PACKAGE_PATH=/home/chinchia120/autoware.ai/install/autoware_build_flags/share:${ROS_PACKAGE_PATH} /usr/bin/cmake --build /home/chinchia120/autoware.ai/build/vehicle_sim_model -- -j4 -l4
[12.735s] Invoking command in '/home/chinchia120/autoware.ai/build/vehicle_sim_model': CMAKE_PREFIX_PATH=/home/chinchia120/autoware.ai/install/autoware_build_flags:${CMAKE_PREFIX_PATH} PKG_CONFIG_PATH=/home/chinchia120/autoware.ai/install/autoware_build_flags/lib/x86_64-linux-gnu/pkgconfig:/home/chinchia120/autoware.ai/install/autoware_build_flags/lib/pkgconfig:${PKG_CONFIG_PATH} ROS_PACKAGE_PATH=/home/chinchia120/autoware.ai/install/autoware_build_flags/share:${ROS_PACKAGE_PATH} /usr/bin/cmake --build /home/chinchia120/autoware.ai/build/vehicle_sim_model --target tests -- -j4 -l4
[12.872s] [35m[1mScanning dependencies of target gtest[0m
[12.926s] [ 11%] [32mBuilding CXX object gtest/googlemock/gtest/CMakeFiles/gtest.dir/src/gtest-all.cc.o[0m
[22.250s] [ 22%] [32m[1mLinking CXX shared library libgtest.so[0m
[22.419s] [ 22%] Built target gtest
[22.470s] [ 22%] Built target _catkin_empty_exported_target
[22.525s] [ 77%] Built target vehicle_sim_model
[22.553s] [35m[1mScanning dependencies of target test-vehicle_sim_model[0m
[22.590s] [ 88%] [32mBuilding CXX object CMakeFiles/test-vehicle_sim_model.dir/test/src/test_vehicle_sim_model.cpp.o[0m
[26.134s] [100%] [32m[1mLinking CXX executable devel/lib/vehicle_sim_model/test-vehicle_sim_model[0m
[26.336s] [100%] Built target test-vehicle_sim_model
[26.364s] [35m[1mScanning dependencies of target tests[0m
[26.387s] [100%] Built target tests
[26.422s] Invoked command in '/home/chinchia120/autoware.ai/build/vehicle_sim_model' returned '0': CMAKE_PREFIX_PATH=/home/chinchia120/autoware.ai/install/autoware_build_flags:${CMAKE_PREFIX_PATH} PKG_CONFIG_PATH=/home/chinchia120/autoware.ai/install/autoware_build_flags/lib/x86_64-linux-gnu/pkgconfig:/home/chinchia120/autoware.ai/install/autoware_build_flags/lib/pkgconfig:${PKG_CONFIG_PATH} ROS_PACKAGE_PATH=/home/chinchia120/autoware.ai/install/autoware_build_flags/share:${ROS_PACKAGE_PATH} /usr/bin/cmake --build /home/chinchia120/autoware.ai/build/vehicle_sim_model --target tests -- -j4 -l4
[26.639s] Invoking command in '/home/chinchia120/autoware.ai/build/vehicle_sim_model': CMAKE_PREFIX_PATH=/home/chinchia120/autoware.ai/install/autoware_build_flags:${CMAKE_PREFIX_PATH} PKG_CONFIG_PATH=/home/chinchia120/autoware.ai/install/autoware_build_flags/lib/x86_64-linux-gnu/pkgconfig:/home/chinchia120/autoware.ai/install/autoware_build_flags/lib/pkgconfig:${PKG_CONFIG_PATH} ROS_PACKAGE_PATH=/home/chinchia120/autoware.ai/install/autoware_build_flags/share:${ROS_PACKAGE_PATH} /usr/bin/cmake --build /home/chinchia120/autoware.ai/build/vehicle_sim_model --target install -- -j4 -l4
[26.851s] [  0%] Built target _catkin_empty_exported_target
[26.930s] [100%] Built target vehicle_sim_model
[26.978s] [36mInstall the project...[0m
[27.002s] -- Install configuration: "Release"
[27.002s] -- Installing: /home/chinchia120/autoware.ai/install/vehicle_sim_model/lib/pkgconfig/vehicle_sim_model.pc
[27.004s] -- Installing: /home/chinchia120/autoware.ai/install/vehicle_sim_model/share/vehicle_sim_model/cmake/vehicle_sim_modelConfig.cmake
[27.004s] -- Installing: /home/chinchia120/autoware.ai/install/vehicle_sim_model/share/vehicle_sim_model/cmake/vehicle_sim_modelConfig-version.cmake
[27.005s] -- Installing: /home/chinchia120/autoware.ai/install/vehicle_sim_model/share/vehicle_sim_model/package.xml
[27.006s] -- Installing: /home/chinchia120/autoware.ai/install/vehicle_sim_model/lib/libvehicle_sim_model.so
[27.022s] -- Installing: /home/chinchia120/autoware.ai/install/vehicle_sim_model/include/vehicle_sim_model
[27.022s] -- Installing: /home/chinchia120/autoware.ai/install/vehicle_sim_model/include/vehicle_sim_model/vehicle_model_ideal.h
[27.023s] -- Installing: /home/chinchia120/autoware.ai/install/vehicle_sim_model/include/vehicle_sim_model/vehicle_model_interface.h
[27.023s] -- Installing: /home/chinchia120/autoware.ai/install/vehicle_sim_model/include/vehicle_sim_model/vehicle_model_constant_acceleration.h
[27.024s] -- Installing: /home/chinchia120/autoware.ai/install/vehicle_sim_model/include/vehicle_sim_model/vehicle_model_time_delay.h
[27.024s] -- Installing: /home/chinchia120/autoware.ai/install/vehicle_sim_model/lib/vehicle_sim_model/fitParamDelayInputModel.py
[27.037s] Invoked command in '/home/chinchia120/autoware.ai/build/vehicle_sim_model' returned '0': CMAKE_PREFIX_PATH=/home/chinchia120/autoware.ai/install/autoware_build_flags:${CMAKE_PREFIX_PATH} PKG_CONFIG_PATH=/home/chinchia120/autoware.ai/install/autoware_build_flags/lib/x86_64-linux-gnu/pkgconfig:/home/chinchia120/autoware.ai/install/autoware_build_flags/lib/pkgconfig:${PKG_CONFIG_PATH} ROS_PACKAGE_PATH=/home/chinchia120/autoware.ai/install/autoware_build_flags/share:${ROS_PACKAGE_PATH} /usr/bin/cmake --build /home/chinchia120/autoware.ai/build/vehicle_sim_model --target install -- -j4 -l4
