Determining if the pthread_create exist failed with the following output:
Change Dir: /home/chinchia120/autoware.ai/build/fastvirtualscan/CMakeFiles/CMakeTmp

Run Build Command:"/usr/bin/make" "cmTC_4cc2c/fast"
/usr/bin/make -f CMakeFiles/cmTC_4cc2c.dir/build.make CMakeFiles/cmTC_4cc2c.dir/build
make[1]: Entering directory '/home/chinchia120/autoware.ai/build/fastvirtualscan/CMakeFiles/CMakeTmp'
Building C object CMakeFiles/cmTC_4cc2c.dir/CheckSymbolExists.c.o
/usr/bin/cc    -o CMakeFiles/cmTC_4cc2c.dir/CheckSymbolExists.c.o   -c /home/chinchia120/autoware.ai/build/fastvirtualscan/CMakeFiles/CMakeTmp/CheckSymbolExists.c
Linking C executable cmTC_4cc2c
/usr/bin/cmake -E cmake_link_script CMakeFiles/cmTC_4cc2c.dir/link.txt --verbose=1
/usr/bin/cc      -rdynamic CMakeFiles/cmTC_4cc2c.dir/CheckSymbolExists.c.o  -o cmTC_4cc2c 
CMakeFiles/cmTC_4cc2c.dir/CheckSymbolExists.c.o: In function `main':
CheckSymbolExists.c:(.text+0x1b): undefined reference to `pthread_create'
collect2: error: ld returned 1 exit status
CMakeFiles/cmTC_4cc2c.dir/build.make:97: recipe for target 'cmTC_4cc2c' failed
make[1]: *** [cmTC_4cc2c] Error 1
make[1]: Leaving directory '/home/chinchia120/autoware.ai/build/fastvirtualscan/CMakeFiles/CMakeTmp'
Makefile:126: recipe for target 'cmTC_4cc2c/fast' failed
make: *** [cmTC_4cc2c/fast] Error 2

File /home/chinchia120/autoware.ai/build/fastvirtualscan/CMakeFiles/CMakeTmp/CheckSymbolExists.c:
/* */
#include <pthread.h>

int main(int argc, char** argv)
{
  (void)argv;
#ifndef pthread_create
  return ((int*)(&pthread_create))[argc];
#else
  (void)argc;
  return 0;
#endif
}

Determining if the function pthread_create exists in the pthreads failed with the following output:
Change Dir: /home/chinchia120/autoware.ai/build/fastvirtualscan/CMakeFiles/CMakeTmp

Run Build Command:"/usr/bin/make" "cmTC_10b6d/fast"
/usr/bin/make -f CMakeFiles/cmTC_10b6d.dir/build.make CMakeFiles/cmTC_10b6d.dir/build
make[1]: Entering directory '/home/chinchia120/autoware.ai/build/fastvirtualscan/CMakeFiles/CMakeTmp'
Building C object CMakeFiles/cmTC_10b6d.dir/CheckFunctionExists.c.o
/usr/bin/cc   -DCHECK_FUNCTION_EXISTS=pthread_create   -o CMakeFiles/cmTC_10b6d.dir/CheckFunctionExists.c.o   -c /usr/share/cmake-3.10/Modules/CheckFunctionExists.c
Linking C executable cmTC_10b6d
/usr/bin/cmake -E cmake_link_script CMakeFiles/cmTC_10b6d.dir/link.txt --verbose=1
/usr/bin/cc  -DCHECK_FUNCTION_EXISTS=pthread_create    -rdynamic CMakeFiles/cmTC_10b6d.dir/CheckFunctionExists.c.o  -o cmTC_10b6d -lpthreads 
/usr/bin/ld: cannot find -lpthreads
collect2: error: ld returned 1 exit status
CMakeFiles/cmTC_10b6d.dir/build.make:97: recipe for target 'cmTC_10b6d' failed
make[1]: *** [cmTC_10b6d] Error 1
make[1]: Leaving directory '/home/chinchia120/autoware.ai/build/fastvirtualscan/CMakeFiles/CMakeTmp'
Makefile:126: recipe for target 'cmTC_10b6d/fast' failed
make: *** [cmTC_10b6d/fast] Error 2


