-- The C compiler identification is GNU 7.5.0
-- The CXX compiler identification is GNU 7.5.0
-- Check for working C compiler: /usr/bin/cc
-- Check for working C compiler: /usr/bin/cc -- works
-- Detecting C compiler ABI info
-- Detecting C compiler ABI info - done
-- Detecting C compile features
-- Detecting C compile features - done
-- Check for working CXX compiler: /usr/bin/c++
-- Check for working CXX compiler: /usr/bin/c++ -- works
-- Detecting CXX compiler ABI info
-- Detecting CXX compiler ABI info - done
-- Detecting CXX compile features
-- Detecting CXX compile features - done
-- Using CATKIN_DEVEL_PREFIX: /home/chinchia120/autoware.ai/build/sound_player/devel
-- Using CMAKE_PREFIX_PATH: /home/chinchia120/catkin_ws/devel;/opt/ros/melodic
-- This workspace overlays: /home/chinchia120/catkin_ws/devel;/opt/ros/melodic
-- Found PythonInterp: /usr/bin/python2 (found suitable version "2.7.17", minimum required is "2") 
-- Using PYTHON_EXECUTABLE: /usr/bin/python2
-- Using Debian Python package layout
-- Using empy: /usr/bin/empy
-- Using CATKIN_ENABLE_TESTING: ON
-- Call enable_testing()
-- Using CATKIN_TEST_RESULTS_DIR: /home/chinchia120/autoware.ai/build/sound_player/test_results
-- Found gtest sources under '/usr/src/googletest': gtests will be built
-- Found gmock sources under '/usr/src/googletest': gmock will be built
-- Found PythonInterp: /usr/bin/python2 (found version "2.7.17") 
-- Looking for pthread.h
-- Looking for pthread.h - found
-- Looking for pthread_create
-- Looking for pthread_create - not found
-- Looking for pthread_create in pthreads
-- Looking for pthread_create in pthreads - not found
-- Looking for pthread_create in pthread
-- Looking for pthread_create in pthread - found
-- Found Threads: TRUE  
-- Using Python nosetests: /usr/bin/nosetests-2.7
-- catkin 0.7.29
-- BUILD_SHARED_LIBS is on
-- Using these message generators: gencpp;geneus;genlisp;gennodejs;genpy
-- Configuring done
-- Generating done
-- Build files have been written to: /home/chinchia120/autoware.ai/build/sound_player
[35m[1mScanning dependencies of target tests[0m
Built target tests
[36mInstall the project...[0m
-- Install configuration: "Release"
-- Installing: /home/chinchia120/autoware.ai/install/sound_player/lib/pkgconfig/sound_player.pc
-- Installing: /home/chinchia120/autoware.ai/install/sound_player/share/sound_player/cmake/sound_playerConfig.cmake
-- Installing: /home/chinchia120/autoware.ai/install/sound_player/share/sound_player/cmake/sound_playerConfig-version.cmake
-- Installing: /home/chinchia120/autoware.ai/install/sound_player/share/sound_player/package.xml
-- Installing: /home/chinchia120/autoware.ai/install/sound_player/lib/sound_player/sound_player.py
-- Installing: /home/chinchia120/autoware.ai/install/sound_player/lib/sound_player/sound_player.yaml
-- Up-to-date: /home/chinchia120/autoware.ai/install/sound_player/share/sound_player
-- Installing: /home/chinchia120/autoware.ai/install/sound_player/share/sound_player/deceleration.wav
-- Installing: /home/chinchia120/autoware.ai/install/sound_player/share/sound_player/beep2.wav
-- Installing: /home/chinchia120/autoware.ai/install/sound_player/share/sound_player/green.wav
-- Installing: /home/chinchia120/autoware.ai/install/sound_player/share/sound_player/return_normal.wav
-- Installing: /home/chinchia120/autoware.ai/install/sound_player/share/sound_player/red.wav
-- Installing: /home/chinchia120/autoware.ai/install/sound_player/share/sound_player/stop.wav
-- Installing: /home/chinchia120/autoware.ai/install/sound_player/share/sound_player/pede.wav
-- Installing: /home/chinchia120/autoware.ai/install/sound_player/share/sound_player/beep4.wav
-- Installing: /home/chinchia120/autoware.ai/install/sound_player/share/sound_player/ndt_warning.wav
-- Installing: /home/chinchia120/autoware.ai/install/sound_player/share/sound_player/beep3.wav
-- Installing: /home/chinchia120/autoware.ai/install/sound_player/share/sound_player/beep1.wav
-- Installing: /home/chinchia120/autoware.ai/install/sound_player/share/sound_player/start.wav
