[0.037s] Invoking command in '/home/chinchia120/autoware.ai/build/sound_player': /usr/bin/cmake /home/chinchia120/autoware.ai/src/autoware/utilities/sound_player -DCMAKE_BUILD_TYPE=Release -DCATKIN_INSTALL_INTO_PREFIX_ROOT=0 -DCMAKE_INSTALL_PREFIX=/home/chinchia120/autoware.ai/install/sound_player
[0.186s] -- The C compiler identification is GNU 7.5.0
[0.310s] -- The CXX compiler identification is GNU 7.5.0
[0.319s] -- Check for working C compiler: /usr/bin/cc
[0.474s] -- Check for working C compiler: /usr/bin/cc -- works
[0.474s] -- Detecting C compiler ABI info
[0.638s] -- Detecting C compiler ABI info - done
[0.661s] -- Detecting C compile features
[1.151s] -- Detecting C compile features - done
[1.158s] -- Check for working CXX compiler: /usr/bin/c++
[1.339s] -- Check for working CXX compiler: /usr/bin/c++ -- works
[1.340s] -- Detecting CXX compiler ABI info
[1.525s] -- Detecting CXX compiler ABI info - done
[1.547s] -- Detecting CXX compile features
[2.381s] -- Detecting CXX compile features - done
[2.383s] -- Using CATKIN_DEVEL_PREFIX: /home/chinchia120/autoware.ai/build/sound_player/devel
[2.384s] -- Using CMAKE_PREFIX_PATH: /home/chinchia120/catkin_ws/devel;/opt/ros/melodic
[2.384s] -- This workspace overlays: /home/chinchia120/catkin_ws/devel;/opt/ros/melodic
[2.405s] -- Found PythonInterp: /usr/bin/python2 (found suitable version "2.7.17", minimum required is "2") 
[2.406s] -- Using PYTHON_EXECUTABLE: /usr/bin/python2
[2.406s] -- Using Debian Python package layout
[2.406s] -- Using empy: /usr/bin/empy
[2.710s] -- Using CATKIN_ENABLE_TESTING: ON
[2.711s] -- Call enable_testing()
[2.716s] -- Using CATKIN_TEST_RESULTS_DIR: /home/chinchia120/autoware.ai/build/sound_player/test_results
[2.749s] -- Found gtest sources under '/usr/src/googletest': gtests will be built
[2.749s] -- Found gmock sources under '/usr/src/googletest': gmock will be built
[2.781s] -- Found PythonInterp: /usr/bin/python2 (found version "2.7.17") 
[2.783s] -- Looking for pthread.h
[2.943s] -- Looking for pthread.h - found
[2.944s] -- Looking for pthread_create
[3.105s] -- Looking for pthread_create - not found
[3.105s] -- Looking for pthread_create in pthreads
[3.242s] -- Looking for pthread_create in pthreads - not found
[3.242s] -- Looking for pthread_create in pthread
[3.389s] -- Looking for pthread_create in pthread - found
[3.391s] -- Found Threads: TRUE  
[3.399s] -- Using Python nosetests: /usr/bin/nosetests-2.7
[3.466s] -- catkin 0.7.29
[3.466s] -- BUILD_SHARED_LIBS is on
[3.843s] -- Using these message generators: gencpp;geneus;genlisp;gennodejs;genpy
[4.079s] -- Configuring done
[4.113s] -- Generating done
[4.122s] -- Build files have been written to: /home/chinchia120/autoware.ai/build/sound_player
[4.129s] Invoked command in '/home/chinchia120/autoware.ai/build/sound_player' returned '0': /usr/bin/cmake /home/chinchia120/autoware.ai/src/autoware/utilities/sound_player -DCMAKE_BUILD_TYPE=Release -DCATKIN_INSTALL_INTO_PREFIX_ROOT=0 -DCMAKE_INSTALL_PREFIX=/home/chinchia120/autoware.ai/install/sound_player
[4.136s] Invoking command in '/home/chinchia120/autoware.ai/build/sound_player': /usr/bin/cmake --build /home/chinchia120/autoware.ai/build/sound_player -- -j4 -l4
[4.218s] Invoked command in '/home/chinchia120/autoware.ai/build/sound_player' returned '0': /usr/bin/cmake --build /home/chinchia120/autoware.ai/build/sound_player -- -j4 -l4
[4.332s] Invoking command in '/home/chinchia120/autoware.ai/build/sound_player': /usr/bin/cmake --build /home/chinchia120/autoware.ai/build/sound_player --target tests -- -j4 -l4
[4.457s] [35m[1mScanning dependencies of target tests[0m
[4.484s] Built target tests
[4.513s] Invoked command in '/home/chinchia120/autoware.ai/build/sound_player' returned '0': /usr/bin/cmake --build /home/chinchia120/autoware.ai/build/sound_player --target tests -- -j4 -l4
[4.637s] Invoking command in '/home/chinchia120/autoware.ai/build/sound_player': /usr/bin/cmake --build /home/chinchia120/autoware.ai/build/sound_player --target install -- -j4 -l4
[4.754s] [36mInstall the project...[0m
[4.780s] -- Install configuration: "Release"
[4.780s] -- Installing: /home/chinchia120/autoware.ai/install/sound_player/lib/pkgconfig/sound_player.pc
[4.781s] -- Installing: /home/chinchia120/autoware.ai/install/sound_player/share/sound_player/cmake/sound_playerConfig.cmake
[4.781s] -- Installing: /home/chinchia120/autoware.ai/install/sound_player/share/sound_player/cmake/sound_playerConfig-version.cmake
[4.781s] -- Installing: /home/chinchia120/autoware.ai/install/sound_player/share/sound_player/package.xml
[4.781s] -- Installing: /home/chinchia120/autoware.ai/install/sound_player/lib/sound_player/sound_player.py
[4.782s] -- Installing: /home/chinchia120/autoware.ai/install/sound_player/lib/sound_player/sound_player.yaml
[4.782s] -- Up-to-date: /home/chinchia120/autoware.ai/install/sound_player/share/sound_player
[4.786s] -- Installing: /home/chinchia120/autoware.ai/install/sound_player/share/sound_player/deceleration.wav
[4.800s] -- Installing: /home/chinchia120/autoware.ai/install/sound_player/share/sound_player/beep2.wav
[4.812s] -- Installing: /home/chinchia120/autoware.ai/install/sound_player/share/sound_player/green.wav
[4.828s] -- Installing: /home/chinchia120/autoware.ai/install/sound_player/share/sound_player/return_normal.wav
[4.847s] -- Installing: /home/chinchia120/autoware.ai/install/sound_player/share/sound_player/red.wav
[4.858s] -- Installing: /home/chinchia120/autoware.ai/install/sound_player/share/sound_player/stop.wav
[4.869s] -- Installing: /home/chinchia120/autoware.ai/install/sound_player/share/sound_player/pede.wav
[4.889s] -- Installing: /home/chinchia120/autoware.ai/install/sound_player/share/sound_player/beep4.wav
[4.898s] -- Installing: /home/chinchia120/autoware.ai/install/sound_player/share/sound_player/ndt_warning.wav
[4.918s] -- Installing: /home/chinchia120/autoware.ai/install/sound_player/share/sound_player/beep3.wav
[4.926s] -- Installing: /home/chinchia120/autoware.ai/install/sound_player/share/sound_player/beep1.wav
[4.935s] -- Installing: /home/chinchia120/autoware.ai/install/sound_player/share/sound_player/start.wav
[4.956s] Invoked command in '/home/chinchia120/autoware.ai/build/sound_player' returned '0': /usr/bin/cmake --build /home/chinchia120/autoware.ai/build/sound_player --target install -- -j4 -l4
