[0.521s] Invoking command in '/home/chinchia120/autoware.ai/build/twist_generator': CMAKE_PREFIX_PATH=/home/chinchia120/autoware.ai/install/amathutils_lib:/home/chinchia120/autoware.ai/install/autoware_msgs:/home/chinchia120/autoware.ai/install/autoware_build_flags:${CMAKE_PREFIX_PATH} LD_LIBRARY_PATH=/home/chinchia120/autoware.ai/install/amathutils_lib/lib:${LD_LIBRARY_PATH} PKG_CONFIG_PATH=/home/chinchia120/autoware.ai/install/amathutils_lib/lib/x86_64-linux-gnu/pkgconfig:/home/chinchia120/autoware.ai/install/amathutils_lib/lib/pkgconfig:/home/chinchia120/autoware.ai/install/autoware_msgs/lib/x86_64-linux-gnu/pkgconfig:/home/chinchia120/autoware.ai/install/autoware_msgs/lib/pkgconfig:/home/chinchia120/autoware.ai/install/autoware_build_flags/lib/x86_64-linux-gnu/pkgconfig:/home/chinchia120/autoware.ai/install/autoware_build_flags/lib/pkgconfig:${PKG_CONFIG_PATH} PYTHONPATH=/home/chinchia120/autoware.ai/install/autoware_msgs/lib/python2.7/dist-packages:${PYTHONPATH} ROS_PACKAGE_PATH=/home/chinchia120/autoware.ai/install/amathutils_lib/share:/home/chinchia120/autoware.ai/install/autoware_msgs/share:/home/chinchia120/autoware.ai/install/autoware_build_flags/share:${ROS_PACKAGE_PATH} /usr/bin/cmake /home/chinchia120/autoware.ai/src/autoware/core_perception/twist_generator -DCMAKE_BUILD_TYPE=Release -DCATKIN_INSTALL_INTO_PREFIX_ROOT=0 -DCMAKE_INSTALL_PREFIX=/home/chinchia120/autoware.ai/install/twist_generator
[0.668s] -- The C compiler identification is GNU 7.5.0
[0.781s] -- The CXX compiler identification is GNU 7.5.0
[0.792s] -- Check for working C compiler: /usr/bin/cc
[0.962s] -- Check for working C compiler: /usr/bin/cc -- works
[0.963s] -- Detecting C compiler ABI info
[1.136s] -- Detecting C compiler ABI info - done
[1.159s] -- Detecting C compile features
[1.954s] -- Detecting C compile features - done
[1.955s] -- Check for working CXX compiler: /usr/bin/c++
[2.105s] -- Check for working CXX compiler: /usr/bin/c++ -- works
[2.106s] -- Detecting CXX compiler ABI info
[2.283s] -- Detecting CXX compiler ABI info - done
[2.308s] -- Detecting CXX compile features
[3.119s] -- Detecting CXX compile features - done
[3.122s] -- CUDA compilation status: 1.
[3.125s] -- Using CATKIN_DEVEL_PREFIX: /home/chinchia120/autoware.ai/build/twist_generator/devel
[3.125s] -- Using CMAKE_PREFIX_PATH: /home/chinchia120/autoware.ai/install/amathutils_lib;/home/chinchia120/autoware.ai/install/autoware_msgs;/home/chinchia120/autoware.ai/install/autoware_build_flags;/home/chinchia120/catkin_ws/devel;/opt/ros/melodic
[3.126s] -- This workspace overlays: /home/chinchia120/autoware.ai/install/amathutils_lib;/home/chinchia120/autoware.ai/install/autoware_msgs;/home/chinchia120/autoware.ai/install/autoware_build_flags;/home/chinchia120/catkin_ws/devel;/opt/ros/melodic
[3.152s] -- Found PythonInterp: /usr/bin/python2 (found suitable version "2.7.17", minimum required is "2") 
[3.152s] -- Using PYTHON_EXECUTABLE: /usr/bin/python2
[3.152s] -- Using Debian Python package layout
[3.152s] -- Using empy: /usr/bin/empy
[3.442s] -- Using CATKIN_ENABLE_TESTING: ON
[3.443s] -- Call enable_testing()
[3.448s] -- Using CATKIN_TEST_RESULTS_DIR: /home/chinchia120/autoware.ai/build/twist_generator/test_results
[3.516s] -- Found gtest sources under '/usr/src/googletest': gtests will be built
[3.516s] -- Found gmock sources under '/usr/src/googletest': gmock will be built
[3.540s] -- Found PythonInterp: /usr/bin/python2 (found version "2.7.17") 
[3.542s] -- Looking for pthread.h
[3.700s] -- Looking for pthread.h - found
[3.701s] -- Looking for pthread_create
[3.884s] -- Looking for pthread_create - not found
[3.885s] -- Looking for pthread_create in pthreads
[4.021s] -- Looking for pthread_create in pthreads - not found
[4.021s] -- Looking for pthread_create in pthread
[4.195s] -- Looking for pthread_create in pthread - found
[4.198s] -- Found Threads: TRUE  
[4.208s] -- Using Python nosetests: /usr/bin/nosetests-2.7
[4.291s] -- catkin 0.7.29
[4.291s] -- BUILD_SHARED_LIBS is on
[5.056s] -- Using these message generators: gencpp;geneus;genlisp;gennodejs;genpy
[6.033s] -- Configuring done
[6.163s] -- Generating done
[6.190s] -- Build files have been written to: /home/chinchia120/autoware.ai/build/twist_generator
[6.196s] Invoked command in '/home/chinchia120/autoware.ai/build/twist_generator' returned '0': CMAKE_PREFIX_PATH=/home/chinchia120/autoware.ai/install/amathutils_lib:/home/chinchia120/autoware.ai/install/autoware_msgs:/home/chinchia120/autoware.ai/install/autoware_build_flags:${CMAKE_PREFIX_PATH} LD_LIBRARY_PATH=/home/chinchia120/autoware.ai/install/amathutils_lib/lib:${LD_LIBRARY_PATH} PKG_CONFIG_PATH=/home/chinchia120/autoware.ai/install/amathutils_lib/lib/x86_64-linux-gnu/pkgconfig:/home/chinchia120/autoware.ai/install/amathutils_lib/lib/pkgconfig:/home/chinchia120/autoware.ai/install/autoware_msgs/lib/x86_64-linux-gnu/pkgconfig:/home/chinchia120/autoware.ai/install/autoware_msgs/lib/pkgconfig:/home/chinchia120/autoware.ai/install/autoware_build_flags/lib/x86_64-linux-gnu/pkgconfig:/home/chinchia120/autoware.ai/install/autoware_build_flags/lib/pkgconfig:${PKG_CONFIG_PATH} PYTHONPATH=/home/chinchia120/autoware.ai/install/autoware_msgs/lib/python2.7/dist-packages:${PYTHONPATH} ROS_PACKAGE_PATH=/home/chinchia120/autoware.ai/install/amathutils_lib/share:/home/chinchia120/autoware.ai/install/autoware_msgs/share:/home/chinchia120/autoware.ai/install/autoware_build_flags/share:${ROS_PACKAGE_PATH} /usr/bin/cmake /home/chinchia120/autoware.ai/src/autoware/core_perception/twist_generator -DCMAKE_BUILD_TYPE=Release -DCATKIN_INSTALL_INTO_PREFIX_ROOT=0 -DCMAKE_INSTALL_PREFIX=/home/chinchia120/autoware.ai/install/twist_generator
[6.202s] Invoking command in '/home/chinchia120/autoware.ai/build/twist_generator': CMAKE_PREFIX_PATH=/home/chinchia120/autoware.ai/install/amathutils_lib:/home/chinchia120/autoware.ai/install/autoware_msgs:/home/chinchia120/autoware.ai/install/autoware_build_flags:${CMAKE_PREFIX_PATH} LD_LIBRARY_PATH=/home/chinchia120/autoware.ai/install/amathutils_lib/lib:${LD_LIBRARY_PATH} PKG_CONFIG_PATH=/home/chinchia120/autoware.ai/install/amathutils_lib/lib/x86_64-linux-gnu/pkgconfig:/home/chinchia120/autoware.ai/install/amathutils_lib/lib/pkgconfig:/home/chinchia120/autoware.ai/install/autoware_msgs/lib/x86_64-linux-gnu/pkgconfig:/home/chinchia120/autoware.ai/install/autoware_msgs/lib/pkgconfig:/home/chinchia120/autoware.ai/install/autoware_build_flags/lib/x86_64-linux-gnu/pkgconfig:/home/chinchia120/autoware.ai/install/autoware_build_flags/lib/pkgconfig:${PKG_CONFIG_PATH} PYTHONPATH=/home/chinchia120/autoware.ai/install/autoware_msgs/lib/python2.7/dist-packages:${PYTHONPATH} ROS_PACKAGE_PATH=/home/chinchia120/autoware.ai/install/amathutils_lib/share:/home/chinchia120/autoware.ai/install/autoware_msgs/share:/home/chinchia120/autoware.ai/install/autoware_build_flags/share:${ROS_PACKAGE_PATH} /usr/bin/cmake --build /home/chinchia120/autoware.ai/build/twist_generator -- -j4 -l4
[6.332s] [35m[1mScanning dependencies of target tf2_msgs_generate_messages_nodejs[0m
[6.360s] [  0%] Built target tf2_msgs_generate_messages_nodejs
[6.411s] [35m[1mScanning dependencies of target rosgraph_msgs_generate_messages_eus[0m
[6.443s] [  0%] Built target rosgraph_msgs_generate_messages_eus
[6.478s] [35m[1mScanning dependencies of target jsk_recognition_msgs_generate_messages_lisp[0m
[6.504s] [  0%] Built target jsk_recognition_msgs_generate_messages_lisp
[6.538s] [35m[1mScanning dependencies of target tf2_msgs_generate_messages_cpp[0m
[6.568s] [  0%] Built target tf2_msgs_generate_messages_cpp
[6.597s] [35m[1mScanning dependencies of target std_msgs_generate_messages_py[0m
[6.618s] [  0%] Built target std_msgs_generate_messages_py
[6.663s] [35m[1mScanning dependencies of target autoware_msgs_generate_messages_py[0m
[6.692s] [  0%] Built target autoware_msgs_generate_messages_py
[6.716s] [35m[1mScanning dependencies of target std_msgs_generate_messages_nodejs[0m
[6.741s] [  0%] Built target std_msgs_generate_messages_nodejs
[6.767s] [35m[1mScanning dependencies of target sensor_msgs_generate_messages_eus[0m
[6.801s] [  0%] Built target sensor_msgs_generate_messages_eus
[6.826s] [35m[1mScanning dependencies of target _catkin_empty_exported_target[0m
[6.860s] [  0%] Built target _catkin_empty_exported_target
[6.891s] [35m[1mScanning dependencies of target sensor_msgs_generate_messages_cpp[0m
[6.914s] [  0%] Built target sensor_msgs_generate_messages_cpp
[6.943s] [35m[1mScanning dependencies of target geometry_msgs_generate_messages_py[0m
[6.975s] [  0%] Built target geometry_msgs_generate_messages_py
[6.999s] [35m[1mScanning dependencies of target sensor_msgs_generate_messages_nodejs[0m
[7.026s] [  0%] Built target sensor_msgs_generate_messages_nodejs
[7.248s] [35m[1mScanning dependencies of target roscpp_generate_messages_cpp[0m
[7.425s] [  0%] Built target roscpp_generate_messages_cpp
[7.425s] [35m[1mScanning dependencies of target autoware_msgs_generate_messages_cpp[0m
[7.426s] [  0%] Built target autoware_msgs_generate_messages_cpp
[7.426s] [35m[1mScanning dependencies of target rosgraph_msgs_generate_messages_cpp[0m
[7.449s] [  0%] Built target rosgraph_msgs_generate_messages_cpp
[7.480s] [35m[1mScanning dependencies of target pcl_msgs_generate_messages_nodejs[0m
[7.503s] [  0%] Built target pcl_msgs_generate_messages_nodejs
[7.533s] [35m[1mScanning dependencies of target jsk_recognition_msgs_generate_messages_py[0m
[7.557s] [  0%] Built target jsk_recognition_msgs_generate_messages_py
[7.578s] [35m[1mScanning dependencies of target sensor_msgs_generate_messages_lisp[0m
[7.606s] [  0%] Built target sensor_msgs_generate_messages_lisp
[7.628s] [35m[1mScanning dependencies of target sensor_msgs_generate_messages_py[0m
[7.650s] [  0%] Built target sensor_msgs_generate_messages_py
[7.671s] [35m[1mScanning dependencies of target tf_generate_messages_py[0m
[7.695s] [  0%] Built target tf_generate_messages_py
[7.721s] [35m[1mScanning dependencies of target std_msgs_generate_messages_cpp[0m
[7.746s] [  0%] Built target std_msgs_generate_messages_cpp
[7.774s] [35m[1mScanning dependencies of target jsk_footstep_msgs_generate_messages_py[0m
[7.804s] [  0%] Built target jsk_footstep_msgs_generate_messages_py
[7.834s] [35m[1mScanning dependencies of target actionlib_msgs_generate_messages_nodejs[0m
[7.860s] [  0%] Built target actionlib_msgs_generate_messages_nodejs
[7.881s] [35m[1mScanning dependencies of target geometry_msgs_generate_messages_eus[0m
[7.906s] [  0%] Built target geometry_msgs_generate_messages_eus
[7.929s] [35m[1mScanning dependencies of target std_msgs_generate_messages_lisp[0m
[7.950s] [  0%] Built target std_msgs_generate_messages_lisp
[7.974s] [35m[1mScanning dependencies of target roscpp_generate_messages_nodejs[0m
[7.997s] [  0%] Built target roscpp_generate_messages_nodejs
[8.020s] [35m[1mScanning dependencies of target geometry_msgs_generate_messages_nodejs[0m
[8.041s] [  0%] Built target geometry_msgs_generate_messages_nodejs
[8.062s] [35m[1mScanning dependencies of target geometry_msgs_generate_messages_lisp[0m
[8.082s] [  0%] Built target geometry_msgs_generate_messages_lisp
[8.105s] [35m[1mScanning dependencies of target pcl_msgs_generate_messages_cpp[0m
[8.133s] [  0%] Built target pcl_msgs_generate_messages_cpp
[8.157s] [35m[1mScanning dependencies of target jsk_recognition_msgs_generate_messages_cpp[0m
[8.179s] [  0%] Built target jsk_recognition_msgs_generate_messages_cpp
[8.208s] [35m[1mScanning dependencies of target autoware_msgs_generate_messages_eus[0m
[8.237s] [  0%] Built target autoware_msgs_generate_messages_eus
[8.263s] [35m[1mScanning dependencies of target autoware_msgs_generate_messages_lisp[0m
[8.285s] [  0%] Built target autoware_msgs_generate_messages_lisp
[8.307s] [35m[1mScanning dependencies of target std_msgs_generate_messages_eus[0m
[8.329s] [  0%] Built target std_msgs_generate_messages_eus
[8.350s] [35m[1mScanning dependencies of target autoware_msgs_generate_messages_nodejs[0m
[8.375s] [  0%] Built target autoware_msgs_generate_messages_nodejs
[8.396s] [35m[1mScanning dependencies of target jsk_footstep_msgs_generate_messages_eus[0m
[8.418s] [  0%] Built target jsk_footstep_msgs_generate_messages_eus
[8.441s] [35m[1mScanning dependencies of target actionlib_msgs_generate_messages_py[0m
[8.472s] [  0%] Built target actionlib_msgs_generate_messages_py
[8.498s] [35m[1mScanning dependencies of target jsk_footstep_msgs_generate_messages_lisp[0m
[8.527s] [  0%] Built target jsk_footstep_msgs_generate_messages_lisp
[8.549s] [35m[1mScanning dependencies of target jsk_footstep_msgs_generate_messages_nodejs[0m
[8.571s] [  0%] Built target jsk_footstep_msgs_generate_messages_nodejs
[8.601s] [35m[1mScanning dependencies of target jsk_recognition_msgs_generate_messages_eus[0m
[8.635s] [  0%] Built target jsk_recognition_msgs_generate_messages_eus
[8.656s] [35m[1mScanning dependencies of target actionlib_msgs_generate_messages_lisp[0m
[8.688s] [  0%] Built target actionlib_msgs_generate_messages_lisp
[8.709s] [35m[1mScanning dependencies of target jsk_footstep_msgs_generate_messages_cpp[0m
[8.738s] [  0%] Built target jsk_footstep_msgs_generate_messages_cpp
[8.760s] [35m[1mScanning dependencies of target actionlib_msgs_generate_messages_cpp[0m
[8.781s] [  0%] Built target actionlib_msgs_generate_messages_cpp
[8.810s] [35m[1mScanning dependencies of target tf_generate_messages_eus[0m
[8.834s] [  0%] Built target tf_generate_messages_eus
[8.854s] [35m[1mScanning dependencies of target tf_generate_messages_lisp[0m
[8.875s] [  0%] Built target tf_generate_messages_lisp
[8.899s] [35m[1mScanning dependencies of target tf_generate_messages_nodejs[0m
[8.920s] [  0%] Built target tf_generate_messages_nodejs
[8.942s] [35m[1mScanning dependencies of target jsk_recognition_msgs_generate_messages_nodejs[0m
[8.963s] [  0%] Built target jsk_recognition_msgs_generate_messages_nodejs
[8.984s] [35m[1mScanning dependencies of target roscpp_generate_messages_lisp[0m
[9.010s] [  0%] Built target roscpp_generate_messages_lisp
[9.038s] [35m[1mScanning dependencies of target roscpp_generate_messages_py[0m
[9.070s] [  0%] Built target roscpp_generate_messages_py
[9.103s] [35m[1mScanning dependencies of target rosgraph_msgs_generate_messages_lisp[0m
[9.132s] [  0%] Built target rosgraph_msgs_generate_messages_lisp
[9.159s] [35m[1mScanning dependencies of target rosgraph_msgs_generate_messages_nodejs[0m
[9.189s] [  0%] Built target rosgraph_msgs_generate_messages_nodejs
[9.213s] [35m[1mScanning dependencies of target roscpp_generate_messages_eus[0m
[9.236s] [  0%] Built target roscpp_generate_messages_eus
[9.257s] [35m[1mScanning dependencies of target actionlib_msgs_generate_messages_eus[0m
[9.282s] [  0%] Built target actionlib_msgs_generate_messages_eus
[9.312s] [35m[1mScanning dependencies of target rosgraph_msgs_generate_messages_py[0m
[9.336s] [  0%] Built target rosgraph_msgs_generate_messages_py
[9.365s] [35m[1mScanning dependencies of target pcl_msgs_generate_messages_py[0m
[9.386s] [  0%] Built target pcl_msgs_generate_messages_py
[9.413s] [35m[1mScanning dependencies of target actionlib_generate_messages_eus[0m
[9.434s] [  0%] Built target actionlib_generate_messages_eus
[9.470s] [35m[1mScanning dependencies of target geometry_msgs_generate_messages_cpp[0m
[9.496s] [  0%] Built target geometry_msgs_generate_messages_cpp
[9.543s] [35m[1mScanning dependencies of target actionlib_generate_messages_lisp[0m
[9.574s] [  0%] Built target actionlib_generate_messages_lisp
[9.969s] [35m[1mScanning dependencies of target pcl_msgs_generate_messages_lisp[0m
[10.002s] [  0%] Built target pcl_msgs_generate_messages_lisp
[10.026s] [35m[1mScanning dependencies of target tf_generate_messages_cpp[0m
[10.047s] [  0%] Built target tf_generate_messages_cpp
[10.067s] [35m[1mScanning dependencies of target actionlib_generate_messages_nodejs[0m
[10.091s] [  0%] Built target actionlib_generate_messages_nodejs
[10.114s] [35m[1mScanning dependencies of target tf2_msgs_generate_messages_eus[0m
[10.141s] [  0%] Built target tf2_msgs_generate_messages_eus
[10.170s] [35m[1mScanning dependencies of target tf2_msgs_generate_messages_lisp[0m
[10.191s] [  0%] Built target tf2_msgs_generate_messages_lisp
[10.220s] [35m[1mScanning dependencies of target actionlib_generate_messages_py[0m
[10.245s] [  0%] Built target actionlib_generate_messages_py
[10.273s] [35m[1mScanning dependencies of target tf2_msgs_generate_messages_py[0m
[10.301s] [  0%] Built target tf2_msgs_generate_messages_py
[10.331s] [35m[1mScanning dependencies of target pcl_msgs_generate_messages_eus[0m
[10.357s] [  0%] Built target pcl_msgs_generate_messages_eus
[10.379s] [35m[1mScanning dependencies of target actionlib_generate_messages_cpp[0m
[10.404s] [  0%] Built target actionlib_generate_messages_cpp
[10.429s] [35m[1mScanning dependencies of target vehicle_status_converter[0m
[10.523s] [ 33%] [32mBuilding CXX object CMakeFiles/vehicle_status_converter.dir/src/vehicle_status_converter.cpp.o[0m
[18.382s] [ 66%] [32mBuilding CXX object CMakeFiles/vehicle_status_converter.dir/src/vehicle_status_converter_node.cpp.o[0m
[22.700s] [100%] [32m[1mLinking CXX executable devel/lib/twist_generator/vehicle_status_converter[0m
[22.970s] [100%] Built target vehicle_status_converter
[22.997s] Invoked command in '/home/chinchia120/autoware.ai/build/twist_generator' returned '0': CMAKE_PREFIX_PATH=/home/chinchia120/autoware.ai/install/amathutils_lib:/home/chinchia120/autoware.ai/install/autoware_msgs:/home/chinchia120/autoware.ai/install/autoware_build_flags:${CMAKE_PREFIX_PATH} LD_LIBRARY_PATH=/home/chinchia120/autoware.ai/install/amathutils_lib/lib:${LD_LIBRARY_PATH} PKG_CONFIG_PATH=/home/chinchia120/autoware.ai/install/amathutils_lib/lib/x86_64-linux-gnu/pkgconfig:/home/chinchia120/autoware.ai/install/amathutils_lib/lib/pkgconfig:/home/chinchia120/autoware.ai/install/autoware_msgs/lib/x86_64-linux-gnu/pkgconfig:/home/chinchia120/autoware.ai/install/autoware_msgs/lib/pkgconfig:/home/chinchia120/autoware.ai/install/autoware_build_flags/lib/x86_64-linux-gnu/pkgconfig:/home/chinchia120/autoware.ai/install/autoware_build_flags/lib/pkgconfig:${PKG_CONFIG_PATH} PYTHONPATH=/home/chinchia120/autoware.ai/install/autoware_msgs/lib/python2.7/dist-packages:${PYTHONPATH} ROS_PACKAGE_PATH=/home/chinchia120/autoware.ai/install/amathutils_lib/share:/home/chinchia120/autoware.ai/install/autoware_msgs/share:/home/chinchia120/autoware.ai/install/autoware_build_flags/share:${ROS_PACKAGE_PATH} /usr/bin/cmake --build /home/chinchia120/autoware.ai/build/twist_generator -- -j4 -l4
[23.303s] Invoking command in '/home/chinchia120/autoware.ai/build/twist_generator': CMAKE_PREFIX_PATH=/home/chinchia120/autoware.ai/install/amathutils_lib:/home/chinchia120/autoware.ai/install/autoware_msgs:/home/chinchia120/autoware.ai/install/autoware_build_flags:${CMAKE_PREFIX_PATH} LD_LIBRARY_PATH=/home/chinchia120/autoware.ai/install/amathutils_lib/lib:${LD_LIBRARY_PATH} PKG_CONFIG_PATH=/home/chinchia120/autoware.ai/install/amathutils_lib/lib/x86_64-linux-gnu/pkgconfig:/home/chinchia120/autoware.ai/install/amathutils_lib/lib/pkgconfig:/home/chinchia120/autoware.ai/install/autoware_msgs/lib/x86_64-linux-gnu/pkgconfig:/home/chinchia120/autoware.ai/install/autoware_msgs/lib/pkgconfig:/home/chinchia120/autoware.ai/install/autoware_build_flags/lib/x86_64-linux-gnu/pkgconfig:/home/chinchia120/autoware.ai/install/autoware_build_flags/lib/pkgconfig:${PKG_CONFIG_PATH} PYTHONPATH=/home/chinchia120/autoware.ai/install/autoware_msgs/lib/python2.7/dist-packages:${PYTHONPATH} ROS_PACKAGE_PATH=/home/chinchia120/autoware.ai/install/amathutils_lib/share:/home/chinchia120/autoware.ai/install/autoware_msgs/share:/home/chinchia120/autoware.ai/install/autoware_build_flags/share:${ROS_PACKAGE_PATH} /usr/bin/cmake --build /home/chinchia120/autoware.ai/build/twist_generator --target tests -- -j4 -l4
[23.456s] [35m[1mScanning dependencies of target gtest[0m
[23.504s] [ 20%] [32mBuilding CXX object gtest/googlemock/gtest/CMakeFiles/gtest.dir/src/gtest-all.cc.o[0m
[32.260s] [ 40%] [32m[1mLinking CXX shared library libgtest.so[0m
[32.421s] [ 40%] Built target gtest
[32.445s] [35m[1mScanning dependencies of target vehicle_status_converter-test[0m
[32.541s] [ 60%] [32mBuilding CXX object CMakeFiles/vehicle_status_converter-test.dir/test/src/test_vehicle_status_converter.cpp.o[0m
[37.270s] [ 80%] [32mBuilding CXX object CMakeFiles/vehicle_status_converter-test.dir/src/vehicle_status_converter.cpp.o[0m
[43.847s] [100%] [32m[1mLinking CXX executable devel/lib/twist_generator/vehicle_status_converter-test[0m
[44.155s] [100%] Built target vehicle_status_converter-test
[44.175s] [35m[1mScanning dependencies of target tests[0m
[44.197s] [100%] Built target tests
[44.229s] Invoked command in '/home/chinchia120/autoware.ai/build/twist_generator' returned '0': CMAKE_PREFIX_PATH=/home/chinchia120/autoware.ai/install/amathutils_lib:/home/chinchia120/autoware.ai/install/autoware_msgs:/home/chinchia120/autoware.ai/install/autoware_build_flags:${CMAKE_PREFIX_PATH} LD_LIBRARY_PATH=/home/chinchia120/autoware.ai/install/amathutils_lib/lib:${LD_LIBRARY_PATH} PKG_CONFIG_PATH=/home/chinchia120/autoware.ai/install/amathutils_lib/lib/x86_64-linux-gnu/pkgconfig:/home/chinchia120/autoware.ai/install/amathutils_lib/lib/pkgconfig:/home/chinchia120/autoware.ai/install/autoware_msgs/lib/x86_64-linux-gnu/pkgconfig:/home/chinchia120/autoware.ai/install/autoware_msgs/lib/pkgconfig:/home/chinchia120/autoware.ai/install/autoware_build_flags/lib/x86_64-linux-gnu/pkgconfig:/home/chinchia120/autoware.ai/install/autoware_build_flags/lib/pkgconfig:${PKG_CONFIG_PATH} PYTHONPATH=/home/chinchia120/autoware.ai/install/autoware_msgs/lib/python2.7/dist-packages:${PYTHONPATH} ROS_PACKAGE_PATH=/home/chinchia120/autoware.ai/install/amathutils_lib/share:/home/chinchia120/autoware.ai/install/autoware_msgs/share:/home/chinchia120/autoware.ai/install/autoware_build_flags/share:${ROS_PACKAGE_PATH} /usr/bin/cmake --build /home/chinchia120/autoware.ai/build/twist_generator --target tests -- -j4 -l4
[44.511s] Invoking command in '/home/chinchia120/autoware.ai/build/twist_generator': CMAKE_PREFIX_PATH=/home/chinchia120/autoware.ai/install/amathutils_lib:/home/chinchia120/autoware.ai/install/autoware_msgs:/home/chinchia120/autoware.ai/install/autoware_build_flags:${CMAKE_PREFIX_PATH} LD_LIBRARY_PATH=/home/chinchia120/autoware.ai/install/amathutils_lib/lib:${LD_LIBRARY_PATH} PKG_CONFIG_PATH=/home/chinchia120/autoware.ai/install/amathutils_lib/lib/x86_64-linux-gnu/pkgconfig:/home/chinchia120/autoware.ai/install/amathutils_lib/lib/pkgconfig:/home/chinchia120/autoware.ai/install/autoware_msgs/lib/x86_64-linux-gnu/pkgconfig:/home/chinchia120/autoware.ai/install/autoware_msgs/lib/pkgconfig:/home/chinchia120/autoware.ai/install/autoware_build_flags/lib/x86_64-linux-gnu/pkgconfig:/home/chinchia120/autoware.ai/install/autoware_build_flags/lib/pkgconfig:${PKG_CONFIG_PATH} PYTHONPATH=/home/chinchia120/autoware.ai/install/autoware_msgs/lib/python2.7/dist-packages:${PYTHONPATH} ROS_PACKAGE_PATH=/home/chinchia120/autoware.ai/install/amathutils_lib/share:/home/chinchia120/autoware.ai/install/autoware_msgs/share:/home/chinchia120/autoware.ai/install/autoware_build_flags/share:${ROS_PACKAGE_PATH} /usr/bin/cmake --build /home/chinchia120/autoware.ai/build/twist_generator --target install -- -j4 -l4
[44.648s] [  0%] Built target tf2_msgs_generate_messages_nodejs
[44.699s] [  0%] Built target rosgraph_msgs_generate_messages_eus
[44.758s] [  0%] Built target jsk_recognition_msgs_generate_messages_lisp
[44.812s] [  0%] Built target tf2_msgs_generate_messages_cpp
[44.895s] [  0%] Built target std_msgs_generate_messages_py
[44.940s] [  0%] Built target autoware_msgs_generate_messages_py
[44.987s] [  0%] Built target std_msgs_generate_messages_nodejs
[45.034s] [  0%] Built target sensor_msgs_generate_messages_eus
[45.081s] [  0%] Built target _catkin_empty_exported_target
[45.145s] [  0%] Built target sensor_msgs_generate_messages_cpp
[45.203s] [  0%] Built target geometry_msgs_generate_messages_py
[45.262s] [  0%] Built target sensor_msgs_generate_messages_nodejs
[45.330s] [  0%] Built target roscpp_generate_messages_cpp
[45.374s] [  0%] Built target autoware_msgs_generate_messages_cpp
[45.422s] [  0%] Built target rosgraph_msgs_generate_messages_cpp
[45.480s] [  0%] Built target pcl_msgs_generate_messages_nodejs
[45.544s] [  0%] Built target jsk_recognition_msgs_generate_messages_py
[45.601s] [  0%] Built target sensor_msgs_generate_messages_lisp
[45.669s] [  0%] Built target sensor_msgs_generate_messages_py
[45.759s] [  0%] Built target tf_generate_messages_py
[45.826s] [  0%] Built target std_msgs_generate_messages_cpp
[45.880s] [  0%] Built target jsk_footstep_msgs_generate_messages_py
[45.943s] [  0%] Built target actionlib_msgs_generate_messages_nodejs
[45.999s] [  0%] Built target geometry_msgs_generate_messages_eus
[46.049s] [  0%] Built target std_msgs_generate_messages_lisp
[46.111s] [  0%] Built target roscpp_generate_messages_nodejs
[46.176s] [  0%] Built target geometry_msgs_generate_messages_nodejs
[46.242s] [  0%] Built target geometry_msgs_generate_messages_lisp
[46.317s] [  0%] Built target pcl_msgs_generate_messages_cpp
[46.376s] [  0%] Built target jsk_recognition_msgs_generate_messages_cpp
[46.424s] [  0%] Built target autoware_msgs_generate_messages_eus
[46.473s] [  0%] Built target autoware_msgs_generate_messages_lisp
[46.536s] [  0%] Built target std_msgs_generate_messages_eus
[46.600s] [  0%] Built target autoware_msgs_generate_messages_nodejs
[46.656s] [  0%] Built target jsk_footstep_msgs_generate_messages_eus
[46.715s] [  0%] Built target actionlib_msgs_generate_messages_py
[46.773s] [  0%] Built target jsk_footstep_msgs_generate_messages_lisp
[46.834s] [  0%] Built target jsk_footstep_msgs_generate_messages_nodejs
[46.890s] [  0%] Built target jsk_recognition_msgs_generate_messages_eus
[46.943s] [  0%] Built target actionlib_msgs_generate_messages_lisp
[47.005s] [  0%] Built target jsk_footstep_msgs_generate_messages_cpp
[47.089s] [  0%] Built target actionlib_msgs_generate_messages_cpp
[47.149s] [  0%] Built target tf_generate_messages_eus
[47.209s] [  0%] Built target tf_generate_messages_lisp
[47.264s] [  0%] Built target tf_generate_messages_nodejs
[47.320s] [  0%] Built target jsk_recognition_msgs_generate_messages_nodejs
[47.374s] [  0%] Built target roscpp_generate_messages_lisp
[47.436s] [  0%] Built target roscpp_generate_messages_py
[47.489s] [  0%] Built target rosgraph_msgs_generate_messages_lisp
[47.552s] [  0%] Built target rosgraph_msgs_generate_messages_nodejs
[47.615s] [  0%] Built target roscpp_generate_messages_eus
[47.667s] [  0%] Built target actionlib_msgs_generate_messages_eus
[47.723s] [  0%] Built target rosgraph_msgs_generate_messages_py
[47.784s] [  0%] Built target pcl_msgs_generate_messages_py
[47.862s] [  0%] Built target actionlib_generate_messages_eus
[47.911s] [  0%] Built target geometry_msgs_generate_messages_cpp
[47.973s] [  0%] Built target actionlib_generate_messages_lisp
[48.051s] [  0%] Built target pcl_msgs_generate_messages_lisp
[48.101s] [  0%] Built target tf_generate_messages_cpp
[48.149s] [  0%] Built target actionlib_generate_messages_nodejs
[48.205s] [  0%] Built target tf2_msgs_generate_messages_eus
[48.256s] [  0%] Built target tf2_msgs_generate_messages_lisp
[48.326s] [  0%] Built target actionlib_generate_messages_py
[48.387s] [  0%] Built target tf2_msgs_generate_messages_py
[48.457s] [  0%] Built target pcl_msgs_generate_messages_eus
[48.511s] [  0%] Built target actionlib_generate_messages_cpp
[48.610s] [100%] Built target vehicle_status_converter
[48.666s] [36mInstall the project...[0m
[48.684s] -- Install configuration: "Release"
[48.684s] -- Installing: /home/chinchia120/autoware.ai/install/twist_generator/lib/pkgconfig/twist_generator.pc
[48.685s] -- Installing: /home/chinchia120/autoware.ai/install/twist_generator/share/twist_generator/cmake/twist_generatorConfig.cmake
[48.685s] -- Installing: /home/chinchia120/autoware.ai/install/twist_generator/share/twist_generator/cmake/twist_generatorConfig-version.cmake
[48.685s] -- Installing: /home/chinchia120/autoware.ai/install/twist_generator/share/twist_generator/package.xml
[48.686s] -- Installing: /home/chinchia120/autoware.ai/install/twist_generator/lib/twist_generator/vehicle_status_converter
[48.687s] -- Set runtime path of "/home/chinchia120/autoware.ai/install/twist_generator/lib/twist_generator/vehicle_status_converter" to ""
[48.688s] -- Installing: /home/chinchia120/autoware.ai/install/twist_generator/share/twist_generator/launch
[48.688s] -- Installing: /home/chinchia120/autoware.ai/install/twist_generator/share/twist_generator/launch/vehicle_status_converter.launch
[48.689s] -- Installing: /home/chinchia120/autoware.ai/install/twist_generator/include/twist_generator
[48.692s] -- Installing: /home/chinchia120/autoware.ai/install/twist_generator/include/twist_generator/vehicle_status_converter.hpp
[48.701s] Invoked command in '/home/chinchia120/autoware.ai/build/twist_generator' returned '0': CMAKE_PREFIX_PATH=/home/chinchia120/autoware.ai/install/amathutils_lib:/home/chinchia120/autoware.ai/install/autoware_msgs:/home/chinchia120/autoware.ai/install/autoware_build_flags:${CMAKE_PREFIX_PATH} LD_LIBRARY_PATH=/home/chinchia120/autoware.ai/install/amathutils_lib/lib:${LD_LIBRARY_PATH} PKG_CONFIG_PATH=/home/chinchia120/autoware.ai/install/amathutils_lib/lib/x86_64-linux-gnu/pkgconfig:/home/chinchia120/autoware.ai/install/amathutils_lib/lib/pkgconfig:/home/chinchia120/autoware.ai/install/autoware_msgs/lib/x86_64-linux-gnu/pkgconfig:/home/chinchia120/autoware.ai/install/autoware_msgs/lib/pkgconfig:/home/chinchia120/autoware.ai/install/autoware_build_flags/lib/x86_64-linux-gnu/pkgconfig:/home/chinchia120/autoware.ai/install/autoware_build_flags/lib/pkgconfig:${PKG_CONFIG_PATH} PYTHONPATH=/home/chinchia120/autoware.ai/install/autoware_msgs/lib/python2.7/dist-packages:${PYTHONPATH} ROS_PACKAGE_PATH=/home/chinchia120/autoware.ai/install/amathutils_lib/share:/home/chinchia120/autoware.ai/install/autoware_msgs/share:/home/chinchia120/autoware.ai/install/autoware_build_flags/share:${ROS_PACKAGE_PATH} /usr/bin/cmake --build /home/chinchia120/autoware.ai/build/twist_generator --target install -- -j4 -l4
