[0.038s] Invoking command in '/home/chinchia120/autoware.ai/build/vehicle_gazebo_simulation_interface': CMAKE_PREFIX_PATH=/home/chinchia120/autoware.ai/install/autoware_msgs:/home/chinchia120/autoware.ai/install/autoware_build_flags:${CMAKE_PREFIX_PATH} PKG_CONFIG_PATH=/home/chinchia120/autoware.ai/install/autoware_msgs/lib/x86_64-linux-gnu/pkgconfig:/home/chinchia120/autoware.ai/install/autoware_msgs/lib/pkgconfig:/home/chinchia120/autoware.ai/install/autoware_build_flags/lib/x86_64-linux-gnu/pkgconfig:/home/chinchia120/autoware.ai/install/autoware_build_flags/lib/pkgconfig:${PKG_CONFIG_PATH} PYTHONPATH=/home/chinchia120/autoware.ai/install/autoware_msgs/lib/python2.7/dist-packages:${PYTHONPATH} ROS_PACKAGE_PATH=/home/chinchia120/autoware.ai/install/autoware_msgs/share:/home/chinchia120/autoware.ai/install/autoware_build_flags/share:${ROS_PACKAGE_PATH} /usr/bin/cmake /home/chinchia120/autoware.ai/src/autoware/simulation/vehicle_gazebo_simulation_interface -DCMAKE_BUILD_TYPE=Release -DCATKIN_INSTALL_INTO_PREFIX_ROOT=0 -DCMAKE_INSTALL_PREFIX=/home/chinchia120/autoware.ai/install/vehicle_gazebo_simulation_interface
[0.219s] -- The C compiler identification is GNU 7.5.0
[0.411s] -- The CXX compiler identification is GNU 7.5.0
[0.423s] -- Check for working C compiler: /usr/bin/cc
[0.627s] -- Check for working C compiler: /usr/bin/cc -- works
[0.628s] -- Detecting C compiler ABI info
[0.841s] -- Detecting C compiler ABI info - done
[0.861s] -- Detecting C compile features
[1.592s] -- Detecting C compile features - done
[1.600s] -- Check for working CXX compiler: /usr/bin/c++
[1.899s] -- Check for working CXX compiler: /usr/bin/c++ -- works
[1.900s] -- Detecting CXX compiler ABI info
[2.140s] -- Detecting CXX compiler ABI info - done
[2.175s] -- Detecting CXX compile features
[3.254s] -- Detecting CXX compile features - done
[3.270s] -- Using CATKIN_DEVEL_PREFIX: /home/chinchia120/autoware.ai/build/vehicle_gazebo_simulation_interface/devel
[3.277s] -- Using CMAKE_PREFIX_PATH: /home/chinchia120/autoware.ai/install/autoware_msgs;/home/chinchia120/autoware.ai/install/autoware_build_flags;/home/chinchia120/catkin_ws/devel;/opt/ros/melodic
[3.278s] -- This workspace overlays: /home/chinchia120/autoware.ai/install/autoware_msgs;/home/chinchia120/autoware.ai/install/autoware_build_flags;/home/chinchia120/catkin_ws/devel;/opt/ros/melodic
[3.327s] -- Found PythonInterp: /usr/bin/python2 (found suitable version "2.7.17", minimum required is "2") 
[3.327s] -- Using PYTHON_EXECUTABLE: /usr/bin/python2
[3.327s] -- Using Debian Python package layout
[3.327s] -- Using empy: /usr/bin/empy
[3.636s] -- Using CATKIN_ENABLE_TESTING: ON
[3.637s] -- Call enable_testing()
[3.642s] -- Using CATKIN_TEST_RESULTS_DIR: /home/chinchia120/autoware.ai/build/vehicle_gazebo_simulation_interface/test_results
[3.682s] -- Found gtest sources under '/usr/src/googletest': gtests will be built
[3.683s] -- Found gmock sources under '/usr/src/googletest': gmock will be built
[3.719s] -- Found PythonInterp: /usr/bin/python2 (found version "2.7.17") 
[3.721s] -- Looking for pthread.h
[4.005s] -- Looking for pthread.h - found
[4.005s] -- Looking for pthread_create
[4.257s] -- Looking for pthread_create - not found
[4.257s] -- Looking for pthread_create in pthreads
[4.446s] -- Looking for pthread_create in pthreads - not found
[4.446s] -- Looking for pthread_create in pthread
[4.691s] -- Looking for pthread_create in pthread - found
[4.693s] -- Found Threads: TRUE  
[4.700s] -- Using Python nosetests: /usr/bin/nosetests-2.7
[4.796s] -- catkin 0.7.29
[4.796s] -- BUILD_SHARED_LIBS is on
[5.027s] -- CUDA compilation status: 1.
[5.171s] -- Using these message generators: gencpp;geneus;genlisp;gennodejs;genpy
[5.912s] -- Configuring done
[6.089s] -- Generating done
[6.120s] -- Build files have been written to: /home/chinchia120/autoware.ai/build/vehicle_gazebo_simulation_interface
[6.129s] Invoked command in '/home/chinchia120/autoware.ai/build/vehicle_gazebo_simulation_interface' returned '0': CMAKE_PREFIX_PATH=/home/chinchia120/autoware.ai/install/autoware_msgs:/home/chinchia120/autoware.ai/install/autoware_build_flags:${CMAKE_PREFIX_PATH} PKG_CONFIG_PATH=/home/chinchia120/autoware.ai/install/autoware_msgs/lib/x86_64-linux-gnu/pkgconfig:/home/chinchia120/autoware.ai/install/autoware_msgs/lib/pkgconfig:/home/chinchia120/autoware.ai/install/autoware_build_flags/lib/x86_64-linux-gnu/pkgconfig:/home/chinchia120/autoware.ai/install/autoware_build_flags/lib/pkgconfig:${PKG_CONFIG_PATH} PYTHONPATH=/home/chinchia120/autoware.ai/install/autoware_msgs/lib/python2.7/dist-packages:${PYTHONPATH} ROS_PACKAGE_PATH=/home/chinchia120/autoware.ai/install/autoware_msgs/share:/home/chinchia120/autoware.ai/install/autoware_build_flags/share:${ROS_PACKAGE_PATH} /usr/bin/cmake /home/chinchia120/autoware.ai/src/autoware/simulation/vehicle_gazebo_simulation_interface -DCMAKE_BUILD_TYPE=Release -DCATKIN_INSTALL_INTO_PREFIX_ROOT=0 -DCMAKE_INSTALL_PREFIX=/home/chinchia120/autoware.ai/install/vehicle_gazebo_simulation_interface
[6.136s] Invoking command in '/home/chinchia120/autoware.ai/build/vehicle_gazebo_simulation_interface': CMAKE_PREFIX_PATH=/home/chinchia120/autoware.ai/install/autoware_msgs:/home/chinchia120/autoware.ai/install/autoware_build_flags:${CMAKE_PREFIX_PATH} PKG_CONFIG_PATH=/home/chinchia120/autoware.ai/install/autoware_msgs/lib/x86_64-linux-gnu/pkgconfig:/home/chinchia120/autoware.ai/install/autoware_msgs/lib/pkgconfig:/home/chinchia120/autoware.ai/install/autoware_build_flags/lib/x86_64-linux-gnu/pkgconfig:/home/chinchia120/autoware.ai/install/autoware_build_flags/lib/pkgconfig:${PKG_CONFIG_PATH} PYTHONPATH=/home/chinchia120/autoware.ai/install/autoware_msgs/lib/python2.7/dist-packages:${PYTHONPATH} ROS_PACKAGE_PATH=/home/chinchia120/autoware.ai/install/autoware_msgs/share:/home/chinchia120/autoware.ai/install/autoware_build_flags/share:${ROS_PACKAGE_PATH} /usr/bin/cmake --build /home/chinchia120/autoware.ai/build/vehicle_gazebo_simulation_interface -- -j4 -l4
[6.292s] [35m[1mScanning dependencies of target actionlib_generate_messages_eus[0m
[6.336s] [  0%] Built target actionlib_generate_messages_eus
[6.369s] [35m[1mScanning dependencies of target roscpp_generate_messages_cpp[0m
[6.394s] [  0%] Built target roscpp_generate_messages_cpp
[6.426s] [35m[1mScanning dependencies of target actionlib_generate_messages_cpp[0m
[6.456s] [  0%] Built target actionlib_generate_messages_cpp
[6.477s] [35m[1mScanning dependencies of target pcl_msgs_generate_messages_eus[0m
[6.502s] [  0%] Built target pcl_msgs_generate_messages_eus
[6.557s] [35m[1mScanning dependencies of target jsk_recognition_msgs_generate_messages_lisp[0m
[6.585s] [  0%] Built target jsk_recognition_msgs_generate_messages_lisp
[6.618s] [35m[1mScanning dependencies of target jsk_recognition_msgs_generate_messages_eus[0m
[6.644s] [  0%] Built target jsk_recognition_msgs_generate_messages_eus
[6.670s] [35m[1mScanning dependencies of target tf2_msgs_generate_messages_cpp[0m
[6.697s] [  0%] Built target tf2_msgs_generate_messages_cpp
[6.730s] [35m[1mScanning dependencies of target std_msgs_generate_messages_py[0m
[6.751s] [  0%] Built target std_msgs_generate_messages_py
[6.785s] [35m[1mScanning dependencies of target autoware_msgs_generate_messages_py[0m
[6.813s] [  0%] Built target autoware_msgs_generate_messages_py
[6.872s] [35m[1mScanning dependencies of target std_msgs_generate_messages_nodejs[0m
[6.905s] [  0%] Built target std_msgs_generate_messages_nodejs
[6.925s] [35m[1mScanning dependencies of target gazebo_msgs_generate_messages_cpp[0m
[6.956s] [  0%] Built target gazebo_msgs_generate_messages_cpp
[7.000s] [35m[1mScanning dependencies of target sensor_msgs_generate_messages_eus[0m
[7.037s] [  0%] Built target sensor_msgs_generate_messages_eus
[7.084s] [35m[1mScanning dependencies of target sensor_msgs_generate_messages_cpp[0m
[7.127s] [  0%] Built target sensor_msgs_generate_messages_cpp
[7.185s] [35m[1mScanning dependencies of target autoware_msgs_generate_messages_cpp[0m
[7.217s] [  0%] Built target autoware_msgs_generate_messages_cpp
[7.254s] [35m[1mScanning dependencies of target rosgraph_msgs_generate_messages_cpp[0m
[7.285s] [  0%] Built target rosgraph_msgs_generate_messages_cpp
[7.312s] [35m[1mScanning dependencies of target pcl_msgs_generate_messages_nodejs[0m
[7.359s] [  0%] Built target pcl_msgs_generate_messages_nodejs
[7.391s] [35m[1mScanning dependencies of target jsk_recognition_msgs_generate_messages_py[0m
[7.421s] [  0%] Built target jsk_recognition_msgs_generate_messages_py
[7.454s] [35m[1mScanning dependencies of target sensor_msgs_generate_messages_lisp[0m
[7.495s] [  0%] Built target sensor_msgs_generate_messages_lisp
[7.544s] [35m[1mScanning dependencies of target sensor_msgs_generate_messages_py[0m
[7.598s] [  0%] Built target sensor_msgs_generate_messages_py
[7.636s] [35m[1mScanning dependencies of target std_msgs_generate_messages_cpp[0m
[7.674s] [  0%] Built target std_msgs_generate_messages_cpp
[7.727s] [35m[1mScanning dependencies of target jsk_footstep_msgs_generate_messages_py[0m
[7.798s] [  0%] Built target jsk_footstep_msgs_generate_messages_py
[7.831s] [35m[1mScanning dependencies of target actionlib_msgs_generate_messages_nodejs[0m
[7.862s] [  0%] Built target actionlib_msgs_generate_messages_nodejs
[7.895s] [35m[1mScanning dependencies of target geometry_msgs_generate_messages_eus[0m
[7.949s] [  0%] Built target geometry_msgs_generate_messages_eus
[7.988s] [35m[1mScanning dependencies of target std_msgs_generate_messages_lisp[0m
[8.030s] [  0%] Built target std_msgs_generate_messages_lisp
[8.066s] [35m[1mScanning dependencies of target roscpp_generate_messages_nodejs[0m
[8.098s] [  0%] Built target roscpp_generate_messages_nodejs
[8.131s] [35m[1mScanning dependencies of target geometry_msgs_generate_messages_nodejs[0m
[8.180s] [  0%] Built target geometry_msgs_generate_messages_nodejs
[8.225s] [35m[1mScanning dependencies of target geometry_msgs_generate_messages_lisp[0m
[8.281s] [  0%] Built target geometry_msgs_generate_messages_lisp
[8.315s] [35m[1mScanning dependencies of target actionlib_generate_messages_lisp[0m
[8.358s] [  0%] Built target actionlib_generate_messages_lisp
[8.398s] [35m[1mScanning dependencies of target geometry_msgs_generate_messages_cpp[0m
[8.437s] [  0%] Built target geometry_msgs_generate_messages_cpp
[8.475s] [35m[1mScanning dependencies of target pcl_msgs_generate_messages_cpp[0m
[8.501s] [  0%] Built target pcl_msgs_generate_messages_cpp
[8.535s] [35m[1mScanning dependencies of target jsk_recognition_msgs_generate_messages_cpp[0m
[8.583s] [  0%] Built target jsk_recognition_msgs_generate_messages_cpp
[8.614s] [35m[1mScanning dependencies of target trajectory_msgs_generate_messages_nodejs[0m
[8.657s] [  0%] Built target trajectory_msgs_generate_messages_nodejs
[8.688s] [35m[1mScanning dependencies of target autoware_msgs_generate_messages_eus[0m
[8.741s] [  0%] Built target autoware_msgs_generate_messages_eus
[8.776s] [35m[1mScanning dependencies of target autoware_msgs_generate_messages_lisp[0m
[8.816s] [  0%] Built target autoware_msgs_generate_messages_lisp
[8.883s] [35m[1mScanning dependencies of target actionlib_generate_messages_nodejs[0m
[8.929s] [  0%] Built target actionlib_generate_messages_nodejs
[8.958s] [35m[1mScanning dependencies of target pcl_msgs_generate_messages_lisp[0m
[8.986s] [  0%] Built target pcl_msgs_generate_messages_lisp
[9.020s] [35m[1mScanning dependencies of target std_msgs_generate_messages_eus[0m
[9.079s] [  0%] Built target std_msgs_generate_messages_eus
[9.111s] [35m[1mScanning dependencies of target gazebo_msgs_generate_messages_py[0m
[9.148s] [  0%] Built target gazebo_msgs_generate_messages_py
[9.198s] [35m[1mScanning dependencies of target trajectory_msgs_generate_messages_py[0m
[9.228s] [  0%] Built target trajectory_msgs_generate_messages_py
[9.251s] [35m[1mScanning dependencies of target autoware_msgs_generate_messages_nodejs[0m
[9.317s] [  0%] Built target autoware_msgs_generate_messages_nodejs
[9.349s] [35m[1mScanning dependencies of target jsk_footstep_msgs_generate_messages_eus[0m
[9.381s] [  0%] Built target jsk_footstep_msgs_generate_messages_eus
[9.407s] [35m[1mScanning dependencies of target actionlib_msgs_generate_messages_py[0m
[9.437s] [  0%] Built target actionlib_msgs_generate_messages_py
[9.480s] [35m[1mScanning dependencies of target jsk_footstep_msgs_generate_messages_lisp[0m
[9.506s] [  0%] Built target jsk_footstep_msgs_generate_messages_lisp
[9.538s] [35m[1mScanning dependencies of target jsk_footstep_msgs_generate_messages_nodejs[0m
[9.572s] [  0%] Built target jsk_footstep_msgs_generate_messages_nodejs
[9.598s] [35m[1mScanning dependencies of target jsk_footstep_msgs_generate_messages_cpp[0m
[9.630s] [  0%] Built target jsk_footstep_msgs_generate_messages_cpp
[9.661s] [35m[1mScanning dependencies of target actionlib_msgs_generate_messages_cpp[0m
[9.695s] [  0%] Built target actionlib_msgs_generate_messages_cpp
[9.749s] [35m[1mScanning dependencies of target std_srvs_generate_messages_cpp[0m
[9.792s] [  0%] Built target std_srvs_generate_messages_cpp
[9.819s] [35m[1mScanning dependencies of target actionlib_msgs_generate_messages_lisp[0m
[9.852s] [  0%] Built target actionlib_msgs_generate_messages_lisp
[9.887s] [35m[1mScanning dependencies of target gazebo_msgs_generate_messages_eus[0m
[9.930s] [  0%] Built target gazebo_msgs_generate_messages_eus
[9.963s] [35m[1mScanning dependencies of target gazebo_msgs_generate_messages_lisp[0m
[9.995s] [  0%] Built target gazebo_msgs_generate_messages_lisp
[10.041s] [35m[1mScanning dependencies of target rosgraph_msgs_generate_messages_eus[0m
[10.075s] [  0%] Built target rosgraph_msgs_generate_messages_eus
[10.134s] [35m[1mScanning dependencies of target gazebo_msgs_generate_messages_nodejs[0m
[10.191s] [  0%] Built target gazebo_msgs_generate_messages_nodejs
[10.234s] [35m[1mScanning dependencies of target jsk_recognition_msgs_generate_messages_nodejs[0m
[10.272s] [  0%] Built target jsk_recognition_msgs_generate_messages_nodejs
[10.317s] [35m[1mScanning dependencies of target std_srvs_generate_messages_eus[0m
[10.360s] [  0%] Built target std_srvs_generate_messages_eus
[10.391s] [35m[1mScanning dependencies of target roscpp_generate_messages_lisp[0m
[10.425s] [  0%] Built target roscpp_generate_messages_lisp
[10.471s] [35m[1mScanning dependencies of target trajectory_msgs_generate_messages_cpp[0m
[10.507s] [  0%] Built target trajectory_msgs_generate_messages_cpp
[10.544s] [35m[1mScanning dependencies of target trajectory_msgs_generate_messages_eus[0m
[10.613s] [  0%] Built target trajectory_msgs_generate_messages_eus
[10.673s] [35m[1mScanning dependencies of target roscpp_generate_messages_py[0m
[10.707s] [  0%] Built target roscpp_generate_messages_py
[10.773s] [35m[1mScanning dependencies of target trajectory_msgs_generate_messages_lisp[0m
[10.803s] [  0%] Built target trajectory_msgs_generate_messages_lisp
[10.865s] [35m[1mScanning dependencies of target _catkin_empty_exported_target[0m
[10.904s] [  0%] Built target _catkin_empty_exported_target
[10.958s] [35m[1mScanning dependencies of target std_srvs_generate_messages_lisp[0m
[10.984s] [  0%] Built target std_srvs_generate_messages_lisp
[11.037s] [35m[1mScanning dependencies of target std_srvs_generate_messages_nodejs[0m
[11.072s] [  0%] Built target std_srvs_generate_messages_nodejs
[11.109s] [35m[1mScanning dependencies of target std_srvs_generate_messages_py[0m
[11.142s] [  0%] Built target std_srvs_generate_messages_py
[11.178s] [35m[1mScanning dependencies of target rosgraph_msgs_generate_messages_lisp[0m
[11.217s] [  0%] Built target rosgraph_msgs_generate_messages_lisp
[11.251s] [35m[1mScanning dependencies of target rosgraph_msgs_generate_messages_nodejs[0m
[11.273s] [  0%] Built target rosgraph_msgs_generate_messages_nodejs
[11.306s] [35m[1mScanning dependencies of target roscpp_generate_messages_eus[0m
[11.338s] [  0%] Built target roscpp_generate_messages_eus
[11.376s] [35m[1mScanning dependencies of target actionlib_msgs_generate_messages_eus[0m
[11.397s] [  0%] Built target actionlib_msgs_generate_messages_eus
[11.429s] [35m[1mScanning dependencies of target rosgraph_msgs_generate_messages_py[0m
[11.472s] [  0%] Built target rosgraph_msgs_generate_messages_py
[11.513s] [35m[1mScanning dependencies of target tf2_msgs_generate_messages_eus[0m
[11.545s] [  0%] Built target tf2_msgs_generate_messages_eus
[11.603s] [35m[1mScanning dependencies of target tf2_msgs_generate_messages_lisp[0m
[11.658s] [  0%] Built target tf2_msgs_generate_messages_lisp
[11.685s] [35m[1mScanning dependencies of target actionlib_generate_messages_py[0m
[11.720s] [  0%] Built target actionlib_generate_messages_py
[11.757s] [35m[1mScanning dependencies of target tf2_msgs_generate_messages_py[0m
[11.785s] [  0%] Built target tf2_msgs_generate_messages_py
[11.817s] [35m[1mScanning dependencies of target tf2_msgs_generate_messages_nodejs[0m
[11.841s] [  0%] Built target tf2_msgs_generate_messages_nodejs
[11.872s] [35m[1mScanning dependencies of target pcl_msgs_generate_messages_py[0m
[11.917s] [  0%] Built target pcl_msgs_generate_messages_py
[11.949s] [35m[1mScanning dependencies of target sensor_msgs_generate_messages_nodejs[0m
[11.983s] [  0%] Built target sensor_msgs_generate_messages_nodejs
[12.044s] [35m[1mScanning dependencies of target geometry_msgs_generate_messages_py[0m
[12.067s] [  0%] Built target geometry_msgs_generate_messages_py
[12.091s] [35m[1mScanning dependencies of target vehicle_gazebo_input_subscriber[0m
[12.158s] [ 25%] [32mBuilding CXX object CMakeFiles/vehicle_gazebo_input_subscriber.dir/src/vehicle_gazebo_input_subscriber.cpp.o[0m
[17.599s] [ 50%] [32m[1mLinking CXX executable devel/lib/vehicle_gazebo_simulation_interface/vehicle_gazebo_input_subscriber[0m
[17.922s] [ 50%] Built target vehicle_gazebo_input_subscriber
[17.956s] [35m[1mScanning dependencies of target vehicle_gazebo_info_publisher[0m
[18.048s] [ 75%] [32mBuilding CXX object CMakeFiles/vehicle_gazebo_info_publisher.dir/src/vehicle_gazebo_info_publisher.cpp.o[0m
[27.393s] [100%] [32m[1mLinking CXX executable devel/lib/vehicle_gazebo_simulation_interface/vehicle_gazebo_info_publisher[0m
[27.733s] [100%] Built target vehicle_gazebo_info_publisher
[27.769s] Invoked command in '/home/chinchia120/autoware.ai/build/vehicle_gazebo_simulation_interface' returned '0': CMAKE_PREFIX_PATH=/home/chinchia120/autoware.ai/install/autoware_msgs:/home/chinchia120/autoware.ai/install/autoware_build_flags:${CMAKE_PREFIX_PATH} PKG_CONFIG_PATH=/home/chinchia120/autoware.ai/install/autoware_msgs/lib/x86_64-linux-gnu/pkgconfig:/home/chinchia120/autoware.ai/install/autoware_msgs/lib/pkgconfig:/home/chinchia120/autoware.ai/install/autoware_build_flags/lib/x86_64-linux-gnu/pkgconfig:/home/chinchia120/autoware.ai/install/autoware_build_flags/lib/pkgconfig:${PKG_CONFIG_PATH} PYTHONPATH=/home/chinchia120/autoware.ai/install/autoware_msgs/lib/python2.7/dist-packages:${PYTHONPATH} ROS_PACKAGE_PATH=/home/chinchia120/autoware.ai/install/autoware_msgs/share:/home/chinchia120/autoware.ai/install/autoware_build_flags/share:${ROS_PACKAGE_PATH} /usr/bin/cmake --build /home/chinchia120/autoware.ai/build/vehicle_gazebo_simulation_interface -- -j4 -l4
[28.129s] Invoking command in '/home/chinchia120/autoware.ai/build/vehicle_gazebo_simulation_interface': CMAKE_PREFIX_PATH=/home/chinchia120/autoware.ai/install/autoware_msgs:/home/chinchia120/autoware.ai/install/autoware_build_flags:${CMAKE_PREFIX_PATH} PKG_CONFIG_PATH=/home/chinchia120/autoware.ai/install/autoware_msgs/lib/x86_64-linux-gnu/pkgconfig:/home/chinchia120/autoware.ai/install/autoware_msgs/lib/pkgconfig:/home/chinchia120/autoware.ai/install/autoware_build_flags/lib/x86_64-linux-gnu/pkgconfig:/home/chinchia120/autoware.ai/install/autoware_build_flags/lib/pkgconfig:${PKG_CONFIG_PATH} PYTHONPATH=/home/chinchia120/autoware.ai/install/autoware_msgs/lib/python2.7/dist-packages:${PYTHONPATH} ROS_PACKAGE_PATH=/home/chinchia120/autoware.ai/install/autoware_msgs/share:/home/chinchia120/autoware.ai/install/autoware_build_flags/share:${ROS_PACKAGE_PATH} /usr/bin/cmake --build /home/chinchia120/autoware.ai/build/vehicle_gazebo_simulation_interface --target tests -- -j4 -l4
[28.273s] [35m[1mScanning dependencies of target tests[0m
[28.306s] Built target tests
[28.339s] Invoked command in '/home/chinchia120/autoware.ai/build/vehicle_gazebo_simulation_interface' returned '0': CMAKE_PREFIX_PATH=/home/chinchia120/autoware.ai/install/autoware_msgs:/home/chinchia120/autoware.ai/install/autoware_build_flags:${CMAKE_PREFIX_PATH} PKG_CONFIG_PATH=/home/chinchia120/autoware.ai/install/autoware_msgs/lib/x86_64-linux-gnu/pkgconfig:/home/chinchia120/autoware.ai/install/autoware_msgs/lib/pkgconfig:/home/chinchia120/autoware.ai/install/autoware_build_flags/lib/x86_64-linux-gnu/pkgconfig:/home/chinchia120/autoware.ai/install/autoware_build_flags/lib/pkgconfig:${PKG_CONFIG_PATH} PYTHONPATH=/home/chinchia120/autoware.ai/install/autoware_msgs/lib/python2.7/dist-packages:${PYTHONPATH} ROS_PACKAGE_PATH=/home/chinchia120/autoware.ai/install/autoware_msgs/share:/home/chinchia120/autoware.ai/install/autoware_build_flags/share:${ROS_PACKAGE_PATH} /usr/bin/cmake --build /home/chinchia120/autoware.ai/build/vehicle_gazebo_simulation_interface --target tests -- -j4 -l4
[28.714s] Invoking command in '/home/chinchia120/autoware.ai/build/vehicle_gazebo_simulation_interface': CMAKE_PREFIX_PATH=/home/chinchia120/autoware.ai/install/autoware_msgs:/home/chinchia120/autoware.ai/install/autoware_build_flags:${CMAKE_PREFIX_PATH} PKG_CONFIG_PATH=/home/chinchia120/autoware.ai/install/autoware_msgs/lib/x86_64-linux-gnu/pkgconfig:/home/chinchia120/autoware.ai/install/autoware_msgs/lib/pkgconfig:/home/chinchia120/autoware.ai/install/autoware_build_flags/lib/x86_64-linux-gnu/pkgconfig:/home/chinchia120/autoware.ai/install/autoware_build_flags/lib/pkgconfig:${PKG_CONFIG_PATH} PYTHONPATH=/home/chinchia120/autoware.ai/install/autoware_msgs/lib/python2.7/dist-packages:${PYTHONPATH} ROS_PACKAGE_PATH=/home/chinchia120/autoware.ai/install/autoware_msgs/share:/home/chinchia120/autoware.ai/install/autoware_build_flags/share:${ROS_PACKAGE_PATH} /usr/bin/cmake --build /home/chinchia120/autoware.ai/build/vehicle_gazebo_simulation_interface --target install -- -j4 -l4
[28.877s] [  0%] Built target actionlib_generate_messages_eus
[28.954s] [  0%] Built target roscpp_generate_messages_cpp
[29.032s] [  0%] Built target actionlib_generate_messages_cpp
[29.121s] [  0%] Built target pcl_msgs_generate_messages_eus
[29.180s] [  0%] Built target jsk_recognition_msgs_generate_messages_lisp
[29.237s] [  0%] Built target jsk_recognition_msgs_generate_messages_eus
[29.312s] [  0%] Built target tf2_msgs_generate_messages_cpp
[29.398s] [  0%] Built target std_msgs_generate_messages_py
[29.444s] [  0%] Built target autoware_msgs_generate_messages_py
[29.508s] [  0%] Built target std_msgs_generate_messages_nodejs
[29.558s] [  0%] Built target gazebo_msgs_generate_messages_cpp
[29.606s] [  0%] Built target sensor_msgs_generate_messages_eus
[29.677s] [  0%] Built target sensor_msgs_generate_messages_cpp
[29.734s] [  0%] Built target autoware_msgs_generate_messages_cpp
[29.797s] [  0%] Built target rosgraph_msgs_generate_messages_cpp
[29.841s] [  0%] Built target pcl_msgs_generate_messages_nodejs
[29.914s] [  0%] Built target jsk_recognition_msgs_generate_messages_py
[29.995s] [  0%] Built target sensor_msgs_generate_messages_lisp
[30.082s] [  0%] Built target sensor_msgs_generate_messages_py
[30.155s] [  0%] Built target std_msgs_generate_messages_cpp
[30.219s] [  0%] Built target jsk_footstep_msgs_generate_messages_py
[30.286s] [  0%] Built target actionlib_msgs_generate_messages_nodejs
[30.340s] [  0%] Built target geometry_msgs_generate_messages_eus
[30.392s] [  0%] Built target std_msgs_generate_messages_lisp
[30.471s] [  0%] Built target roscpp_generate_messages_nodejs
[30.534s] [  0%] Built target geometry_msgs_generate_messages_nodejs
[30.599s] [  0%] Built target geometry_msgs_generate_messages_lisp
[30.658s] [  0%] Built target actionlib_generate_messages_lisp
[30.724s] [  0%] Built target geometry_msgs_generate_messages_cpp
[30.796s] [  0%] Built target pcl_msgs_generate_messages_cpp
[30.888s] [  0%] Built target jsk_recognition_msgs_generate_messages_cpp
[30.943s] [  0%] Built target trajectory_msgs_generate_messages_nodejs
[30.991s] [  0%] Built target autoware_msgs_generate_messages_eus
[31.041s] [  0%] Built target autoware_msgs_generate_messages_lisp
[31.127s] [  0%] Built target actionlib_generate_messages_nodejs
[31.197s] [  0%] Built target pcl_msgs_generate_messages_lisp
[31.263s] [  0%] Built target std_msgs_generate_messages_eus
[31.340s] [  0%] Built target gazebo_msgs_generate_messages_py
[31.406s] [  0%] Built target trajectory_msgs_generate_messages_py
[31.456s] [  0%] Built target autoware_msgs_generate_messages_nodejs
[31.548s] [  0%] Built target jsk_footstep_msgs_generate_messages_eus
[31.600s] [  0%] Built target actionlib_msgs_generate_messages_py
[31.658s] [  0%] Built target jsk_footstep_msgs_generate_messages_lisp
[31.729s] [  0%] Built target jsk_footstep_msgs_generate_messages_nodejs
[31.787s] [  0%] Built target jsk_footstep_msgs_generate_messages_cpp
[31.859s] [  0%] Built target actionlib_msgs_generate_messages_cpp
[31.925s] [  0%] Built target std_srvs_generate_messages_cpp
[32.000s] [  0%] Built target actionlib_msgs_generate_messages_lisp
[32.053s] [  0%] Built target gazebo_msgs_generate_messages_eus
[32.110s] [  0%] Built target gazebo_msgs_generate_messages_lisp
[32.202s] [  0%] Built target rosgraph_msgs_generate_messages_eus
[32.285s] [  0%] Built target gazebo_msgs_generate_messages_nodejs
[32.353s] [  0%] Built target jsk_recognition_msgs_generate_messages_nodejs
[32.419s] [  0%] Built target std_srvs_generate_messages_eus
[32.485s] [  0%] Built target roscpp_generate_messages_lisp
[32.573s] [  0%] Built target trajectory_msgs_generate_messages_cpp
[32.629s] [  0%] Built target trajectory_msgs_generate_messages_eus
[32.703s] [  0%] Built target roscpp_generate_messages_py
[32.759s] [  0%] Built target trajectory_msgs_generate_messages_lisp
[32.849s] [  0%] Built target _catkin_empty_exported_target
[32.957s] [  0%] Built target std_srvs_generate_messages_lisp
[33.013s] [  0%] Built target std_srvs_generate_messages_nodejs
[33.076s] [  0%] Built target std_srvs_generate_messages_py
[33.145s] [  0%] Built target rosgraph_msgs_generate_messages_lisp
[33.216s] [  0%] Built target rosgraph_msgs_generate_messages_nodejs
[33.286s] [  0%] Built target roscpp_generate_messages_eus
[33.358s] [  0%] Built target actionlib_msgs_generate_messages_eus
[33.446s] [  0%] Built target rosgraph_msgs_generate_messages_py
[33.513s] [  0%] Built target tf2_msgs_generate_messages_eus
[33.578s] [  0%] Built target tf2_msgs_generate_messages_lisp
[33.667s] [  0%] Built target actionlib_generate_messages_py
[33.735s] [  0%] Built target tf2_msgs_generate_messages_py
[33.797s] [  0%] Built target tf2_msgs_generate_messages_nodejs
[33.864s] [  0%] Built target pcl_msgs_generate_messages_py
[33.910s] [  0%] Built target sensor_msgs_generate_messages_nodejs
[33.958s] [  0%] Built target geometry_msgs_generate_messages_py
[34.039s] [ 50%] Built target vehicle_gazebo_input_subscriber
[34.109s] [100%] Built target vehicle_gazebo_info_publisher
[34.165s] [36mInstall the project...[0m
[34.191s] -- Install configuration: "Release"
[34.191s] -- Installing: /home/chinchia120/autoware.ai/install/vehicle_gazebo_simulation_interface/lib/pkgconfig/vehicle_gazebo_simulation_interface.pc
[34.197s] -- Installing: /home/chinchia120/autoware.ai/install/vehicle_gazebo_simulation_interface/share/vehicle_gazebo_simulation_interface/cmake/vehicle_gazebo_simulation_interfaceConfig.cmake
[34.198s] -- Installing: /home/chinchia120/autoware.ai/install/vehicle_gazebo_simulation_interface/share/vehicle_gazebo_simulation_interface/cmake/vehicle_gazebo_simulation_interfaceConfig-version.cmake
[34.198s] -- Installing: /home/chinchia120/autoware.ai/install/vehicle_gazebo_simulation_interface/share/vehicle_gazebo_simulation_interface/package.xml
[34.200s] -- Installing: /home/chinchia120/autoware.ai/install/vehicle_gazebo_simulation_interface/lib/vehicle_gazebo_simulation_interface/vehicle_gazebo_input_subscriber
[34.202s] -- Set runtime path of "/home/chinchia120/autoware.ai/install/vehicle_gazebo_simulation_interface/lib/vehicle_gazebo_simulation_interface/vehicle_gazebo_input_subscriber" to ""
[34.203s] -- Installing: /home/chinchia120/autoware.ai/install/vehicle_gazebo_simulation_interface/lib/vehicle_gazebo_simulation_interface/vehicle_gazebo_info_publisher
[34.205s] -- Set runtime path of "/home/chinchia120/autoware.ai/install/vehicle_gazebo_simulation_interface/lib/vehicle_gazebo_simulation_interface/vehicle_gazebo_info_publisher" to ""
[34.211s] Invoked command in '/home/chinchia120/autoware.ai/build/vehicle_gazebo_simulation_interface' returned '0': CMAKE_PREFIX_PATH=/home/chinchia120/autoware.ai/install/autoware_msgs:/home/chinchia120/autoware.ai/install/autoware_build_flags:${CMAKE_PREFIX_PATH} PKG_CONFIG_PATH=/home/chinchia120/autoware.ai/install/autoware_msgs/lib/x86_64-linux-gnu/pkgconfig:/home/chinchia120/autoware.ai/install/autoware_msgs/lib/pkgconfig:/home/chinchia120/autoware.ai/install/autoware_build_flags/lib/x86_64-linux-gnu/pkgconfig:/home/chinchia120/autoware.ai/install/autoware_build_flags/lib/pkgconfig:${PKG_CONFIG_PATH} PYTHONPATH=/home/chinchia120/autoware.ai/install/autoware_msgs/lib/python2.7/dist-packages:${PYTHONPATH} ROS_PACKAGE_PATH=/home/chinchia120/autoware.ai/install/autoware_msgs/share:/home/chinchia120/autoware.ai/install/autoware_build_flags/share:${ROS_PACKAGE_PATH} /usr/bin/cmake --build /home/chinchia120/autoware.ai/build/vehicle_gazebo_simulation_interface --target install -- -j4 -l4
