[0.043s] Invoking command in '/home/chinchia120/autoware.ai/build/vector_map': CMAKE_PREFIX_PATH=/home/chinchia120/autoware.ai/install/vector_map_msgs:/home/chinchia120/autoware.ai/install/autoware_build_flags:${CMAKE_PREFIX_PATH} PKG_CONFIG_PATH=/home/chinchia120/autoware.ai/install/vector_map_msgs/lib/x86_64-linux-gnu/pkgconfig:/home/chinchia120/autoware.ai/install/vector_map_msgs/lib/pkgconfig:/home/chinchia120/autoware.ai/install/autoware_build_flags/lib/x86_64-linux-gnu/pkgconfig:/home/chinchia120/autoware.ai/install/autoware_build_flags/lib/pkgconfig:${PKG_CONFIG_PATH} PYTHONPATH=/home/chinchia120/autoware.ai/install/vector_map_msgs/lib/python2.7/dist-packages:${PYTHONPATH} ROS_PACKAGE_PATH=/home/chinchia120/autoware.ai/install/vector_map_msgs/share:/home/chinchia120/autoware.ai/install/autoware_build_flags/share:${ROS_PACKAGE_PATH} /usr/bin/cmake /home/chinchia120/autoware.ai/src/autoware/common/vector_map -DCMAKE_BUILD_TYPE=Release -DCATKIN_INSTALL_INTO_PREFIX_ROOT=0 -DCMAKE_INSTALL_PREFIX=/home/chinchia120/autoware.ai/install/vector_map
[0.197s] -- The C compiler identification is GNU 7.5.0
[0.358s] -- The CXX compiler identification is GNU 7.5.0
[0.362s] -- Check for working C compiler: /usr/bin/cc
[0.543s] -- Check for working C compiler: /usr/bin/cc -- works
[0.544s] -- Detecting C compiler ABI info
[0.741s] -- Detecting C compiler ABI info - done
[0.766s] -- Detecting C compile features
[1.374s] -- Detecting C compile features - done
[1.382s] -- Check for working CXX compiler: /usr/bin/c++
[1.588s] -- Check for working CXX compiler: /usr/bin/c++ -- works
[1.589s] -- Detecting CXX compiler ABI info
[1.811s] -- Detecting CXX compiler ABI info - done
[1.849s] -- Detecting CXX compile features
[2.736s] -- Detecting CXX compile features - done
[2.739s] -- CUDA compilation status: 1.
[2.743s] -- Using CATKIN_DEVEL_PREFIX: /home/chinchia120/autoware.ai/build/vector_map/devel
[2.744s] -- Using CMAKE_PREFIX_PATH: /home/chinchia120/autoware.ai/install/vector_map_msgs;/home/chinchia120/autoware.ai/install/autoware_build_flags;/home/chinchia120/catkin_ws/devel;/opt/ros/melodic
[2.744s] -- This workspace overlays: /home/chinchia120/autoware.ai/install/vector_map_msgs;/home/chinchia120/autoware.ai/install/autoware_build_flags;/home/chinchia120/catkin_ws/devel;/opt/ros/melodic
[2.792s] -- Found PythonInterp: /usr/bin/python2 (found suitable version "2.7.17", minimum required is "2") 
[2.792s] -- Using PYTHON_EXECUTABLE: /usr/bin/python2
[2.792s] -- Using Debian Python package layout
[2.794s] -- Using empy: /usr/bin/empy
[3.146s] -- Using CATKIN_ENABLE_TESTING: ON
[3.147s] -- Call enable_testing()
[3.152s] -- Using CATKIN_TEST_RESULTS_DIR: /home/chinchia120/autoware.ai/build/vector_map/test_results
[3.188s] -- Found gtest sources under '/usr/src/googletest': gtests will be built
[3.189s] -- Found gmock sources under '/usr/src/googletest': gmock will be built
[3.224s] -- Found PythonInterp: /usr/bin/python2 (found version "2.7.17") 
[3.226s] -- Looking for pthread.h
[3.400s] -- Looking for pthread.h - found
[3.401s] -- Looking for pthread_create
[3.599s] -- Looking for pthread_create - not found
[3.599s] -- Looking for pthread_create in pthreads
[3.765s] -- Looking for pthread_create in pthreads - not found
[3.765s] -- Looking for pthread_create in pthread
[3.944s] -- Looking for pthread_create in pthread - found
[3.947s] -- Found Threads: TRUE  
[3.956s] -- Using Python nosetests: /usr/bin/nosetests-2.7
[4.056s] -- catkin 0.7.29
[4.057s] -- BUILD_SHARED_LIBS is on
[4.548s] -- Using these message generators: gencpp;geneus;genlisp;gennodejs;genpy
[5.184s] -- Configuring done
[5.269s] -- Generating done
[5.288s] -- Build files have been written to: /home/chinchia120/autoware.ai/build/vector_map
[5.296s] Invoked command in '/home/chinchia120/autoware.ai/build/vector_map' returned '0': CMAKE_PREFIX_PATH=/home/chinchia120/autoware.ai/install/vector_map_msgs:/home/chinchia120/autoware.ai/install/autoware_build_flags:${CMAKE_PREFIX_PATH} PKG_CONFIG_PATH=/home/chinchia120/autoware.ai/install/vector_map_msgs/lib/x86_64-linux-gnu/pkgconfig:/home/chinchia120/autoware.ai/install/vector_map_msgs/lib/pkgconfig:/home/chinchia120/autoware.ai/install/autoware_build_flags/lib/x86_64-linux-gnu/pkgconfig:/home/chinchia120/autoware.ai/install/autoware_build_flags/lib/pkgconfig:${PKG_CONFIG_PATH} PYTHONPATH=/home/chinchia120/autoware.ai/install/vector_map_msgs/lib/python2.7/dist-packages:${PYTHONPATH} ROS_PACKAGE_PATH=/home/chinchia120/autoware.ai/install/vector_map_msgs/share:/home/chinchia120/autoware.ai/install/autoware_build_flags/share:${ROS_PACKAGE_PATH} /usr/bin/cmake /home/chinchia120/autoware.ai/src/autoware/common/vector_map -DCMAKE_BUILD_TYPE=Release -DCATKIN_INSTALL_INTO_PREFIX_ROOT=0 -DCMAKE_INSTALL_PREFIX=/home/chinchia120/autoware.ai/install/vector_map
[5.301s] Invoking command in '/home/chinchia120/autoware.ai/build/vector_map': CMAKE_PREFIX_PATH=/home/chinchia120/autoware.ai/install/vector_map_msgs:/home/chinchia120/autoware.ai/install/autoware_build_flags:${CMAKE_PREFIX_PATH} PKG_CONFIG_PATH=/home/chinchia120/autoware.ai/install/vector_map_msgs/lib/x86_64-linux-gnu/pkgconfig:/home/chinchia120/autoware.ai/install/vector_map_msgs/lib/pkgconfig:/home/chinchia120/autoware.ai/install/autoware_build_flags/lib/x86_64-linux-gnu/pkgconfig:/home/chinchia120/autoware.ai/install/autoware_build_flags/lib/pkgconfig:${PKG_CONFIG_PATH} PYTHONPATH=/home/chinchia120/autoware.ai/install/vector_map_msgs/lib/python2.7/dist-packages:${PYTHONPATH} ROS_PACKAGE_PATH=/home/chinchia120/autoware.ai/install/vector_map_msgs/share:/home/chinchia120/autoware.ai/install/autoware_build_flags/share:${ROS_PACKAGE_PATH} /usr/bin/cmake --build /home/chinchia120/autoware.ai/build/vector_map -- -j4 -l4
[5.428s] [35m[1mScanning dependencies of target sensor_msgs_generate_messages_nodejs[0m
[5.455s] [  0%] Built target sensor_msgs_generate_messages_nodejs
[5.482s] [35m[1mScanning dependencies of target visualization_msgs_generate_messages_cpp[0m
[5.526s] [  0%] Built target visualization_msgs_generate_messages_cpp
[5.558s] [35m[1mScanning dependencies of target vector_map_msgs_generate_messages_eus[0m
[5.585s] [  0%] Built target vector_map_msgs_generate_messages_eus
[5.613s] [35m[1mScanning dependencies of target vector_map_msgs_generate_messages_cpp[0m
[5.643s] [  0%] Built target vector_map_msgs_generate_messages_cpp
[5.685s] [35m[1mScanning dependencies of target tf2_msgs_generate_messages_nodejs[0m
[5.718s] [  0%] Built target tf2_msgs_generate_messages_nodejs
[5.752s] [35m[1mScanning dependencies of target tf2_msgs_generate_messages_py[0m
[5.783s] [  0%] Built target tf2_msgs_generate_messages_py
[5.806s] [35m[1mScanning dependencies of target tf2_msgs_generate_messages_lisp[0m
[5.835s] [  0%] Built target tf2_msgs_generate_messages_lisp
[5.861s] [35m[1mScanning dependencies of target tf2_msgs_generate_messages_eus[0m
[5.887s] [  0%] Built target tf2_msgs_generate_messages_eus
[5.917s] [35m[1mScanning dependencies of target tf2_msgs_generate_messages_cpp[0m
[5.939s] [  0%] Built target tf2_msgs_generate_messages_cpp
[5.971s] [35m[1mScanning dependencies of target actionlib_msgs_generate_messages_py[0m
[6.003s] [  0%] Built target actionlib_msgs_generate_messages_py
[6.034s] [35m[1mScanning dependencies of target actionlib_msgs_generate_messages_lisp[0m
[6.063s] [  0%] Built target actionlib_msgs_generate_messages_lisp
[6.087s] [35m[1mScanning dependencies of target actionlib_msgs_generate_messages_eus[0m
[6.117s] [  0%] Built target actionlib_msgs_generate_messages_eus
[6.143s] [35m[1mScanning dependencies of target vector_map_msgs_generate_messages_lisp[0m
[6.175s] [  0%] Built target vector_map_msgs_generate_messages_lisp
[6.207s] [35m[1mScanning dependencies of target actionlib_msgs_generate_messages_cpp[0m
[6.238s] [  0%] Built target actionlib_msgs_generate_messages_cpp
[6.267s] [35m[1mScanning dependencies of target actionlib_generate_messages_py[0m
[6.292s] [  0%] Built target actionlib_generate_messages_py
[6.340s] [35m[1mScanning dependencies of target actionlib_generate_messages_nodejs[0m
[6.366s] [  0%] Built target actionlib_generate_messages_nodejs
[6.395s] [35m[1mScanning dependencies of target actionlib_generate_messages_lisp[0m
[6.425s] [  0%] Built target actionlib_generate_messages_lisp
[6.457s] [35m[1mScanning dependencies of target actionlib_generate_messages_eus[0m
[6.493s] [  0%] Built target actionlib_generate_messages_eus
[6.533s] [35m[1mScanning dependencies of target geometry_msgs_generate_messages_py[0m
[6.566s] [  0%] Built target geometry_msgs_generate_messages_py
[6.600s] [35m[1mScanning dependencies of target vector_map_msgs_generate_messages_py[0m
[6.642s] [  0%] Built target vector_map_msgs_generate_messages_py
[6.706s] [35m[1mScanning dependencies of target std_msgs_generate_messages_eus[0m
[6.755s] [  0%] Built target std_msgs_generate_messages_eus
[6.794s] [35m[1mScanning dependencies of target rosgraph_msgs_generate_messages_nodejs[0m
[6.828s] [  0%] Built target rosgraph_msgs_generate_messages_nodejs
[6.867s] [35m[1mScanning dependencies of target rosgraph_msgs_generate_messages_py[0m
[6.901s] [  0%] Built target rosgraph_msgs_generate_messages_py
[6.949s] [35m[1mScanning dependencies of target tf_generate_messages_nodejs[0m
[7.002s] [  0%] Built target tf_generate_messages_nodejs
[7.071s] [35m[1mScanning dependencies of target tf_generate_messages_lisp[0m
[7.104s] [  0%] Built target tf_generate_messages_lisp
[7.135s] [35m[1mScanning dependencies of target roscpp_generate_messages_lisp[0m
[7.171s] [  0%] Built target roscpp_generate_messages_lisp
[7.221s] [35m[1mScanning dependencies of target geometry_msgs_generate_messages_cpp[0m
[7.255s] [  0%] Built target geometry_msgs_generate_messages_cpp
[7.286s] [35m[1mScanning dependencies of target geometry_msgs_generate_messages_lisp[0m
[7.314s] [  0%] Built target geometry_msgs_generate_messages_lisp
[7.365s] [35m[1mScanning dependencies of target roscpp_generate_messages_py[0m
[7.407s] [  0%] Built target roscpp_generate_messages_py
[7.457s] [35m[1mScanning dependencies of target tf_generate_messages_eus[0m
[7.488s] [  0%] Built target tf_generate_messages_eus
[7.532s] [35m[1mScanning dependencies of target rosgraph_msgs_generate_messages_eus[0m
[7.587s] [  0%] Built target rosgraph_msgs_generate_messages_eus
[7.641s] [35m[1mScanning dependencies of target actionlib_msgs_generate_messages_nodejs[0m
[7.698s] [  0%] Built target actionlib_msgs_generate_messages_nodejs
[7.735s] [35m[1mScanning dependencies of target visualization_msgs_generate_messages_nodejs[0m
[7.784s] [  0%] Built target visualization_msgs_generate_messages_nodejs
[7.835s] [35m[1mScanning dependencies of target visualization_msgs_generate_messages_lisp[0m
[7.881s] [  0%] Built target visualization_msgs_generate_messages_lisp
[8.006s] [35m[1mScanning dependencies of target vector_map_msgs_generate_messages_nodejs[0m
[8.164s] [  0%] Built target vector_map_msgs_generate_messages_nodejs
[8.294s] [35m[1mScanning dependencies of target std_msgs_generate_messages_cpp[0m
[8.407s] [  0%] Built target std_msgs_generate_messages_cpp
[8.461s] [35m[1mScanning dependencies of target tf_generate_messages_cpp[0m
[8.496s] [  0%] Built target tf_generate_messages_cpp
[8.531s] [35m[1mScanning dependencies of target std_msgs_generate_messages_lisp[0m
[8.565s] [  0%] Built target std_msgs_generate_messages_lisp
[8.602s] [35m[1mScanning dependencies of target sensor_msgs_generate_messages_cpp[0m
[8.639s] [  0%] Built target sensor_msgs_generate_messages_cpp
[8.682s] [35m[1mScanning dependencies of target _catkin_empty_exported_target[0m
[8.718s] [  0%] Built target _catkin_empty_exported_target
[8.753s] [35m[1mScanning dependencies of target sensor_msgs_generate_messages_eus[0m
[8.793s] [  0%] Built target sensor_msgs_generate_messages_eus
[8.828s] [35m[1mScanning dependencies of target geometry_msgs_generate_messages_nodejs[0m
[8.952s] [  0%] Built target geometry_msgs_generate_messages_nodejs
[9.126s] [35m[1mScanning dependencies of target tf_generate_messages_py[0m
[9.292s] [  0%] Built target tf_generate_messages_py
[9.357s] [35m[1mScanning dependencies of target sensor_msgs_generate_messages_py[0m
[9.390s] [  0%] Built target sensor_msgs_generate_messages_py
[9.424s] [35m[1mScanning dependencies of target std_msgs_generate_messages_nodejs[0m
[9.470s] [  0%] Built target std_msgs_generate_messages_nodejs
[9.496s] [35m[1mScanning dependencies of target std_msgs_generate_messages_py[0m
[9.527s] [  0%] Built target std_msgs_generate_messages_py
[9.560s] [35m[1mScanning dependencies of target geometry_msgs_generate_messages_eus[0m
[9.593s] [  0%] Built target geometry_msgs_generate_messages_eus
[9.626s] [35m[1mScanning dependencies of target roscpp_generate_messages_nodejs[0m
[9.653s] [  0%] Built target roscpp_generate_messages_nodejs
[9.687s] [35m[1mScanning dependencies of target roscpp_generate_messages_eus[0m
[9.763s] [  0%] Built target roscpp_generate_messages_eus
[9.800s] [35m[1mScanning dependencies of target rosgraph_msgs_generate_messages_cpp[0m
[9.837s] [  0%] Built target rosgraph_msgs_generate_messages_cpp
[9.875s] [35m[1mScanning dependencies of target rosgraph_msgs_generate_messages_lisp[0m
[9.919s] [  0%] Built target rosgraph_msgs_generate_messages_lisp
[9.970s] [35m[1mScanning dependencies of target sensor_msgs_generate_messages_lisp[0m
[10.000s] [  0%] Built target sensor_msgs_generate_messages_lisp
[10.030s] [35m[1mScanning dependencies of target roscpp_generate_messages_cpp[0m
[10.063s] [  0%] Built target roscpp_generate_messages_cpp
[10.095s] [35m[1mScanning dependencies of target actionlib_generate_messages_cpp[0m
[10.126s] [  0%] Built target actionlib_generate_messages_cpp
[10.158s] [35m[1mScanning dependencies of target visualization_msgs_generate_messages_eus[0m
[10.190s] [  0%] Built target visualization_msgs_generate_messages_eus
[10.222s] [35m[1mScanning dependencies of target visualization_msgs_generate_messages_py[0m
[10.254s] [  0%] Built target visualization_msgs_generate_messages_py
[10.308s] [35m[1mScanning dependencies of target vector_map[0m
[10.408s] [ 50%] [32mBuilding CXX object CMakeFiles/vector_map.dir/lib/vector_map/vector_map.cpp.o[0m
[56.373s] [100%] [32m[1mLinking CXX shared library devel/lib/libvector_map.so[0m
[56.764s] [100%] Built target vector_map
[56.795s] Invoked command in '/home/chinchia120/autoware.ai/build/vector_map' returned '0': CMAKE_PREFIX_PATH=/home/chinchia120/autoware.ai/install/vector_map_msgs:/home/chinchia120/autoware.ai/install/autoware_build_flags:${CMAKE_PREFIX_PATH} PKG_CONFIG_PATH=/home/chinchia120/autoware.ai/install/vector_map_msgs/lib/x86_64-linux-gnu/pkgconfig:/home/chinchia120/autoware.ai/install/vector_map_msgs/lib/pkgconfig:/home/chinchia120/autoware.ai/install/autoware_build_flags/lib/x86_64-linux-gnu/pkgconfig:/home/chinchia120/autoware.ai/install/autoware_build_flags/lib/pkgconfig:${PKG_CONFIG_PATH} PYTHONPATH=/home/chinchia120/autoware.ai/install/vector_map_msgs/lib/python2.7/dist-packages:${PYTHONPATH} ROS_PACKAGE_PATH=/home/chinchia120/autoware.ai/install/vector_map_msgs/share:/home/chinchia120/autoware.ai/install/autoware_build_flags/share:${ROS_PACKAGE_PATH} /usr/bin/cmake --build /home/chinchia120/autoware.ai/build/vector_map -- -j4 -l4
[57.021s] Invoking command in '/home/chinchia120/autoware.ai/build/vector_map': CMAKE_PREFIX_PATH=/home/chinchia120/autoware.ai/install/vector_map_msgs:/home/chinchia120/autoware.ai/install/autoware_build_flags:${CMAKE_PREFIX_PATH} PKG_CONFIG_PATH=/home/chinchia120/autoware.ai/install/vector_map_msgs/lib/x86_64-linux-gnu/pkgconfig:/home/chinchia120/autoware.ai/install/vector_map_msgs/lib/pkgconfig:/home/chinchia120/autoware.ai/install/autoware_build_flags/lib/x86_64-linux-gnu/pkgconfig:/home/chinchia120/autoware.ai/install/autoware_build_flags/lib/pkgconfig:${PKG_CONFIG_PATH} PYTHONPATH=/home/chinchia120/autoware.ai/install/vector_map_msgs/lib/python2.7/dist-packages:${PYTHONPATH} ROS_PACKAGE_PATH=/home/chinchia120/autoware.ai/install/vector_map_msgs/share:/home/chinchia120/autoware.ai/install/autoware_build_flags/share:${ROS_PACKAGE_PATH} /usr/bin/cmake --build /home/chinchia120/autoware.ai/build/vector_map --target tests -- -j4 -l4
[57.149s] [35m[1mScanning dependencies of target tests[0m
[57.178s] Built target tests
[57.206s] Invoked command in '/home/chinchia120/autoware.ai/build/vector_map' returned '0': CMAKE_PREFIX_PATH=/home/chinchia120/autoware.ai/install/vector_map_msgs:/home/chinchia120/autoware.ai/install/autoware_build_flags:${CMAKE_PREFIX_PATH} PKG_CONFIG_PATH=/home/chinchia120/autoware.ai/install/vector_map_msgs/lib/x86_64-linux-gnu/pkgconfig:/home/chinchia120/autoware.ai/install/vector_map_msgs/lib/pkgconfig:/home/chinchia120/autoware.ai/install/autoware_build_flags/lib/x86_64-linux-gnu/pkgconfig:/home/chinchia120/autoware.ai/install/autoware_build_flags/lib/pkgconfig:${PKG_CONFIG_PATH} PYTHONPATH=/home/chinchia120/autoware.ai/install/vector_map_msgs/lib/python2.7/dist-packages:${PYTHONPATH} ROS_PACKAGE_PATH=/home/chinchia120/autoware.ai/install/vector_map_msgs/share:/home/chinchia120/autoware.ai/install/autoware_build_flags/share:${ROS_PACKAGE_PATH} /usr/bin/cmake --build /home/chinchia120/autoware.ai/build/vector_map --target tests -- -j4 -l4
[57.468s] Invoking command in '/home/chinchia120/autoware.ai/build/vector_map': CMAKE_PREFIX_PATH=/home/chinchia120/autoware.ai/install/vector_map_msgs:/home/chinchia120/autoware.ai/install/autoware_build_flags:${CMAKE_PREFIX_PATH} PKG_CONFIG_PATH=/home/chinchia120/autoware.ai/install/vector_map_msgs/lib/x86_64-linux-gnu/pkgconfig:/home/chinchia120/autoware.ai/install/vector_map_msgs/lib/pkgconfig:/home/chinchia120/autoware.ai/install/autoware_build_flags/lib/x86_64-linux-gnu/pkgconfig:/home/chinchia120/autoware.ai/install/autoware_build_flags/lib/pkgconfig:${PKG_CONFIG_PATH} PYTHONPATH=/home/chinchia120/autoware.ai/install/vector_map_msgs/lib/python2.7/dist-packages:${PYTHONPATH} ROS_PACKAGE_PATH=/home/chinchia120/autoware.ai/install/vector_map_msgs/share:/home/chinchia120/autoware.ai/install/autoware_build_flags/share:${ROS_PACKAGE_PATH} /usr/bin/cmake --build /home/chinchia120/autoware.ai/build/vector_map --target install -- -j4 -l4
[57.612s] [  0%] Built target sensor_msgs_generate_messages_nodejs
[57.673s] [  0%] Built target visualization_msgs_generate_messages_cpp
[57.736s] [  0%] Built target vector_map_msgs_generate_messages_eus
[57.804s] [  0%] Built target vector_map_msgs_generate_messages_cpp
[57.853s] [  0%] Built target tf2_msgs_generate_messages_nodejs
[57.902s] [  0%] Built target tf2_msgs_generate_messages_py
[57.963s] [  0%] Built target tf2_msgs_generate_messages_lisp
[58.027s] [  0%] Built target tf2_msgs_generate_messages_eus
[58.074s] [  0%] Built target tf2_msgs_generate_messages_cpp
[58.148s] [  0%] Built target actionlib_msgs_generate_messages_py
[58.237s] [  0%] Built target actionlib_msgs_generate_messages_lisp
[58.305s] [  0%] Built target actionlib_msgs_generate_messages_eus
[58.375s] [  0%] Built target vector_map_msgs_generate_messages_lisp
[58.440s] [  0%] Built target actionlib_msgs_generate_messages_cpp
[58.507s] [  0%] Built target actionlib_generate_messages_py
[58.579s] [  0%] Built target actionlib_generate_messages_nodejs
[58.653s] [  0%] Built target actionlib_generate_messages_lisp
[58.734s] [  0%] Built target actionlib_generate_messages_eus
[58.817s] [  0%] Built target geometry_msgs_generate_messages_py
[58.897s] [  0%] Built target vector_map_msgs_generate_messages_py
[58.992s] [  0%] Built target std_msgs_generate_messages_eus
[59.071s] [  0%] Built target rosgraph_msgs_generate_messages_nodejs
[59.153s] [  0%] Built target rosgraph_msgs_generate_messages_py
[59.233s] [  0%] Built target tf_generate_messages_nodejs
[59.312s] [  0%] Built target tf_generate_messages_lisp
[59.388s] [  0%] Built target roscpp_generate_messages_lisp
[59.476s] [  0%] Built target geometry_msgs_generate_messages_cpp
[59.564s] [  0%] Built target geometry_msgs_generate_messages_lisp
[59.644s] [  0%] Built target roscpp_generate_messages_py
[59.720s] [  0%] Built target tf_generate_messages_eus
[59.793s] [  0%] Built target rosgraph_msgs_generate_messages_eus
[59.868s] [  0%] Built target actionlib_msgs_generate_messages_nodejs
[59.948s] [  0%] Built target visualization_msgs_generate_messages_nodejs
[60.042s] [  0%] Built target visualization_msgs_generate_messages_lisp
[60.148s] [  0%] Built target vector_map_msgs_generate_messages_nodejs
[60.237s] [  0%] Built target std_msgs_generate_messages_cpp
[60.317s] [  0%] Built target tf_generate_messages_cpp
[60.397s] [  0%] Built target std_msgs_generate_messages_lisp
[60.476s] [  0%] Built target sensor_msgs_generate_messages_cpp
[60.543s] [  0%] Built target _catkin_empty_exported_target
[60.593s] [  0%] Built target sensor_msgs_generate_messages_eus
[60.654s] [  0%] Built target geometry_msgs_generate_messages_nodejs
[60.716s] [  0%] Built target tf_generate_messages_py
[60.784s] [  0%] Built target sensor_msgs_generate_messages_py
[60.852s] [  0%] Built target std_msgs_generate_messages_nodejs
[60.918s] [  0%] Built target std_msgs_generate_messages_py
[60.981s] [  0%] Built target geometry_msgs_generate_messages_eus
[61.051s] [  0%] Built target roscpp_generate_messages_nodejs
[61.108s] [  0%] Built target roscpp_generate_messages_eus
[61.174s] [  0%] Built target rosgraph_msgs_generate_messages_cpp
[61.226s] [  0%] Built target rosgraph_msgs_generate_messages_lisp
[61.287s] [  0%] Built target sensor_msgs_generate_messages_lisp
[61.355s] [  0%] Built target roscpp_generate_messages_cpp
[61.418s] [  0%] Built target actionlib_generate_messages_cpp
[61.488s] [  0%] Built target visualization_msgs_generate_messages_eus
[61.585s] [  0%] Built target visualization_msgs_generate_messages_py
[61.676s] [100%] Built target vector_map
[61.730s] [36mInstall the project...[0m
[61.761s] -- Install configuration: "Release"
[61.762s] -- Installing: /home/chinchia120/autoware.ai/install/vector_map/lib/pkgconfig/vector_map.pc
[61.762s] -- Installing: /home/chinchia120/autoware.ai/install/vector_map/share/vector_map/cmake/vector_mapConfig.cmake
[61.763s] -- Installing: /home/chinchia120/autoware.ai/install/vector_map/share/vector_map/cmake/vector_mapConfig-version.cmake
[61.763s] -- Installing: /home/chinchia120/autoware.ai/install/vector_map/share/vector_map/package.xml
[61.764s] -- Installing: /home/chinchia120/autoware.ai/install/vector_map/include/vector_map
[61.764s] -- Installing: /home/chinchia120/autoware.ai/install/vector_map/include/vector_map/vector_map.h
[61.765s] -- Installing: /home/chinchia120/autoware.ai/install/vector_map/lib/libvector_map.so
[61.776s] -- Set runtime path of "/home/chinchia120/autoware.ai/install/vector_map/lib/libvector_map.so" to ""
[61.782s] Invoked command in '/home/chinchia120/autoware.ai/build/vector_map' returned '0': CMAKE_PREFIX_PATH=/home/chinchia120/autoware.ai/install/vector_map_msgs:/home/chinchia120/autoware.ai/install/autoware_build_flags:${CMAKE_PREFIX_PATH} PKG_CONFIG_PATH=/home/chinchia120/autoware.ai/install/vector_map_msgs/lib/x86_64-linux-gnu/pkgconfig:/home/chinchia120/autoware.ai/install/vector_map_msgs/lib/pkgconfig:/home/chinchia120/autoware.ai/install/autoware_build_flags/lib/x86_64-linux-gnu/pkgconfig:/home/chinchia120/autoware.ai/install/autoware_build_flags/lib/pkgconfig:${PKG_CONFIG_PATH} PYTHONPATH=/home/chinchia120/autoware.ai/install/vector_map_msgs/lib/python2.7/dist-packages:${PYTHONPATH} ROS_PACKAGE_PATH=/home/chinchia120/autoware.ai/install/vector_map_msgs/share:/home/chinchia120/autoware.ai/install/autoware_build_flags/share:${ROS_PACKAGE_PATH} /usr/bin/cmake --build /home/chinchia120/autoware.ai/build/vector_map --target install -- -j4 -l4
