[0.038s] Invoking command in '/home/chinchia120/autoware.ai/build/autoware_external_msgs': /usr/bin/cmake /home/chinchia120/autoware.ai/src/autoware/messages/autoware_external_msgs -DCMAKE_BUILD_TYPE=Release -DCATKIN_INSTALL_INTO_PREFIX_ROOT=0 -DCMAKE_INSTALL_PREFIX=/home/chinchia120/autoware.ai/install/autoware_external_msgs
[0.184s] -- The C compiler identification is GNU 7.5.0
[0.351s] -- The CXX compiler identification is GNU 7.5.0
[0.359s] -- Check for working C compiler: /usr/bin/cc
[0.529s] -- Check for working C compiler: /usr/bin/cc -- works
[0.530s] -- Detecting C compiler ABI info
[0.677s] -- Detecting C compiler ABI info - done
[0.693s] -- Detecting C compile features
[1.197s] -- Detecting C compile features - done
[1.206s] -- Check for working CXX compiler: /usr/bin/c++
[1.393s] -- Check for working CXX compiler: /usr/bin/c++ -- works
[1.394s] -- Detecting CXX compiler ABI info
[1.560s] -- Detecting CXX compiler ABI info - done
[1.577s] -- Detecting CXX compile features
[2.601s] -- Detecting CXX compile features - done
[2.607s] -- Using CATKIN_DEVEL_PREFIX: /home/chinchia120/autoware.ai/build/autoware_external_msgs/devel
[2.608s] -- Using CMAKE_PREFIX_PATH: /home/chinchia120/catkin_ws/devel;/opt/ros/melodic
[2.610s] -- This workspace overlays: /home/chinchia120/catkin_ws/devel;/opt/ros/melodic
[2.644s] -- Found PythonInterp: /usr/bin/python2 (found suitable version "2.7.17", minimum required is "2") 
[2.645s] -- Using PYTHON_EXECUTABLE: /usr/bin/python2
[2.646s] -- Using Debian Python package layout
[2.647s] -- Using empy: /usr/bin/empy
[2.980s] -- Using CATKIN_ENABLE_TESTING: ON
[2.980s] -- Call enable_testing()
[2.997s] -- Using CATKIN_TEST_RESULTS_DIR: /home/chinchia120/autoware.ai/build/autoware_external_msgs/test_results
[3.042s] -- Found gtest sources under '/usr/src/googletest': gtests will be built
[3.043s] -- Found gmock sources under '/usr/src/googletest': gmock will be built
[3.081s] -- Found PythonInterp: /usr/bin/python2 (found version "2.7.17") 
[3.085s] -- Looking for pthread.h
[3.289s] -- Looking for pthread.h - found
[3.290s] -- Looking for pthread_create
[3.452s] -- Looking for pthread_create - not found
[3.452s] -- Looking for pthread_create in pthreads
[3.583s] -- Looking for pthread_create in pthreads - not found
[3.583s] -- Looking for pthread_create in pthread
[3.765s] -- Looking for pthread_create in pthread - found
[3.767s] -- Found Threads: TRUE  
[3.777s] -- Using Python nosetests: /usr/bin/nosetests-2.7
[3.884s] -- catkin 0.7.29
[3.884s] -- BUILD_SHARED_LIBS is on
[4.422s] -- Configuring done
[4.456s] -- Generating done
[4.460s] -- Build files have been written to: /home/chinchia120/autoware.ai/build/autoware_external_msgs
[4.467s] Invoked command in '/home/chinchia120/autoware.ai/build/autoware_external_msgs' returned '0': /usr/bin/cmake /home/chinchia120/autoware.ai/src/autoware/messages/autoware_external_msgs -DCMAKE_BUILD_TYPE=Release -DCATKIN_INSTALL_INTO_PREFIX_ROOT=0 -DCMAKE_INSTALL_PREFIX=/home/chinchia120/autoware.ai/install/autoware_external_msgs
[4.473s] Invoking command in '/home/chinchia120/autoware.ai/build/autoware_external_msgs': /usr/bin/cmake --build /home/chinchia120/autoware.ai/build/autoware_external_msgs -- -j4 -l4
[4.582s] Invoked command in '/home/chinchia120/autoware.ai/build/autoware_external_msgs' returned '0': /usr/bin/cmake --build /home/chinchia120/autoware.ai/build/autoware_external_msgs -- -j4 -l4
[4.664s] Invoking command in '/home/chinchia120/autoware.ai/build/autoware_external_msgs': /usr/bin/cmake --build /home/chinchia120/autoware.ai/build/autoware_external_msgs --target tests -- -j4 -l4
[4.804s] [35m[1mScanning dependencies of target tests[0m
[4.830s] Built target tests
[4.852s] Invoked command in '/home/chinchia120/autoware.ai/build/autoware_external_msgs' returned '0': /usr/bin/cmake --build /home/chinchia120/autoware.ai/build/autoware_external_msgs --target tests -- -j4 -l4
[4.972s] Invoking command in '/home/chinchia120/autoware.ai/build/autoware_external_msgs': /usr/bin/cmake --build /home/chinchia120/autoware.ai/build/autoware_external_msgs --target install -- -j4 -l4
[5.104s] [36mInstall the project...[0m
[5.129s] -- Install configuration: "Release"
[5.130s] -- Installing: /home/chinchia120/autoware.ai/install/autoware_external_msgs/lib/pkgconfig/autoware_external_msgs.pc
[5.131s] -- Installing: /home/chinchia120/autoware.ai/install/autoware_external_msgs/share/autoware_external_msgs/cmake/autoware_external_msgsConfig.cmake
[5.143s] -- Installing: /home/chinchia120/autoware.ai/install/autoware_external_msgs/share/autoware_external_msgs/cmake/autoware_external_msgsConfig-version.cmake
[5.143s] -- Installing: /home/chinchia120/autoware.ai/install/autoware_external_msgs/share/autoware_external_msgs/package.xml
[5.153s] Invoked command in '/home/chinchia120/autoware.ai/build/autoware_external_msgs' returned '0': /usr/bin/cmake --build /home/chinchia120/autoware.ai/build/autoware_external_msgs --target install -- -j4 -l4
