[0.067s] Invoking command in '/home/chinchia120/autoware.ai/build/autoware_system_msgs': /usr/bin/cmake /home/chinchia120/autoware.ai/src/autoware/messages/autoware_system_msgs -DCMAKE_BUILD_TYPE=Release -DCATKIN_INSTALL_INTO_PREFIX_ROOT=0 -DCMAKE_INSTALL_PREFIX=/home/chinchia120/autoware.ai/install/autoware_system_msgs
[0.275s] -- The C compiler identification is GNU 7.5.0
[0.451s] -- The CXX compiler identification is GNU 7.5.0
[0.459s] -- Check for working C compiler: /usr/bin/cc
[0.667s] -- Check for working C compiler: /usr/bin/cc -- works
[0.668s] -- Detecting C compiler ABI info
[0.898s] -- Detecting C compiler ABI info - done
[0.928s] -- Detecting C compile features
[1.631s] -- Detecting C compile features - done
[1.641s] -- Check for working CXX compiler: /usr/bin/c++
[1.870s] -- Check for working CXX compiler: /usr/bin/c++ -- works
[1.870s] -- Detecting CXX compiler ABI info
[2.088s] -- Detecting CXX compiler ABI info - done
[2.112s] -- Detecting CXX compile features
[3.011s] -- Detecting CXX compile features - done
[3.015s] -- Using CATKIN_DEVEL_PREFIX: /home/chinchia120/autoware.ai/build/autoware_system_msgs/devel
[3.016s] -- Using CMAKE_PREFIX_PATH: /home/chinchia120/catkin_ws/devel;/opt/ros/melodic
[3.016s] -- This workspace overlays: /home/chinchia120/catkin_ws/devel;/opt/ros/melodic
[3.055s] -- Found PythonInterp: /usr/bin/python2 (found suitable version "2.7.17", minimum required is "2") 
[3.056s] -- Using PYTHON_EXECUTABLE: /usr/bin/python2
[3.056s] -- Using Debian Python package layout
[3.057s] -- Using empy: /usr/bin/empy
[3.457s] -- Using CATKIN_ENABLE_TESTING: ON
[3.458s] -- Call enable_testing()
[3.463s] -- Using CATKIN_TEST_RESULTS_DIR: /home/chinchia120/autoware.ai/build/autoware_system_msgs/test_results
[3.505s] -- Found gtest sources under '/usr/src/googletest': gtests will be built
[3.505s] -- Found gmock sources under '/usr/src/googletest': gmock will be built
[3.539s] -- Found PythonInterp: /usr/bin/python2 (found version "2.7.17") 
[3.542s] -- Looking for pthread.h
[3.729s] -- Looking for pthread.h - found
[3.730s] -- Looking for pthread_create
[3.922s] -- Looking for pthread_create - not found
[3.922s] -- Looking for pthread_create in pthreads
[4.064s] -- Looking for pthread_create in pthreads - not found
[4.064s] -- Looking for pthread_create in pthread
[4.239s] -- Looking for pthread_create in pthread - found
[4.242s] -- Found Threads: TRUE  
[4.254s] -- Using Python nosetests: /usr/bin/nosetests-2.7
[4.357s] -- catkin 0.7.29
[4.357s] -- BUILD_SHARED_LIBS is on
[4.629s] -- Using these message generators: gencpp;geneus;genlisp;gennodejs;genpy
[5.188s] -- autoware_system_msgs: 5 messages, 0 services
[5.503s] -- Configuring done
[5.566s] -- Generating done
[5.576s] -- Build files have been written to: /home/chinchia120/autoware.ai/build/autoware_system_msgs
[5.586s] Invoked command in '/home/chinchia120/autoware.ai/build/autoware_system_msgs' returned '0': /usr/bin/cmake /home/chinchia120/autoware.ai/src/autoware/messages/autoware_system_msgs -DCMAKE_BUILD_TYPE=Release -DCATKIN_INSTALL_INTO_PREFIX_ROOT=0 -DCMAKE_INSTALL_PREFIX=/home/chinchia120/autoware.ai/install/autoware_system_msgs
[5.593s] Invoking command in '/home/chinchia120/autoware.ai/build/autoware_system_msgs': /usr/bin/cmake --build /home/chinchia120/autoware.ai/build/autoware_system_msgs -- -j4 -l4
[5.713s] [35m[1mScanning dependencies of target _autoware_system_msgs_generate_messages_check_deps_DiagnosticStatusArray[0m
[5.804s] [  0%] Built target _autoware_system_msgs_generate_messages_check_deps_DiagnosticStatusArray
[5.835s] [35m[1mScanning dependencies of target rosgraph_msgs_generate_messages_lisp[0m
[5.866s] [  0%] Built target rosgraph_msgs_generate_messages_lisp
[5.889s] [35m[1mScanning dependencies of target _autoware_system_msgs_generate_messages_check_deps_NodeStatus[0m
[5.978s] [  0%] Built target _autoware_system_msgs_generate_messages_check_deps_NodeStatus
[6.008s] [35m[1mScanning dependencies of target _autoware_system_msgs_generate_messages_check_deps_HardwareStatus[0m
[6.093s] [  0%] Built target _autoware_system_msgs_generate_messages_check_deps_HardwareStatus
[6.129s] [35m[1mScanning dependencies of target _autoware_system_msgs_generate_messages_check_deps_DiagnosticStatus[0m
[6.210s] [  0%] Built target _autoware_system_msgs_generate_messages_check_deps_DiagnosticStatus
[6.246s] [35m[1mScanning dependencies of target rosgraph_msgs_generate_messages_cpp[0m
[6.273s] [  0%] Built target rosgraph_msgs_generate_messages_cpp
[6.310s] [35m[1mScanning dependencies of target std_msgs_generate_messages_cpp[0m
[6.341s] [  0%] Built target std_msgs_generate_messages_cpp
[6.369s] [35m[1mScanning dependencies of target std_msgs_generate_messages_py[0m
[6.401s] [  0%] Built target std_msgs_generate_messages_py
[6.430s] [35m[1mScanning dependencies of target rosgraph_msgs_generate_messages_py[0m
[6.459s] [  0%] Built target rosgraph_msgs_generate_messages_py
[6.487s] [35m[1mScanning dependencies of target std_msgs_generate_messages_nodejs[0m
[6.519s] [  0%] Built target std_msgs_generate_messages_nodejs
[6.553s] [35m[1mScanning dependencies of target rosgraph_msgs_generate_messages_nodejs[0m
[6.712s] [  0%] Built target rosgraph_msgs_generate_messages_nodejs
[6.750s] [35m[1mScanning dependencies of target rosgraph_msgs_generate_messages_eus[0m
[6.758s] [  0%] Built target rosgraph_msgs_generate_messages_eus
[6.787s] [35m[1mScanning dependencies of target std_msgs_generate_messages_eus[0m
[6.825s] [  0%] Built target std_msgs_generate_messages_eus
[6.850s] [35m[1mScanning dependencies of target std_msgs_generate_messages_lisp[0m
[6.877s] [  0%] Built target std_msgs_generate_messages_lisp
[6.944s] [35m[1mScanning dependencies of target _autoware_system_msgs_generate_messages_check_deps_SystemStatus[0m
[7.026s] [  0%] Built target _autoware_system_msgs_generate_messages_check_deps_SystemStatus
[7.054s] [35m[1mScanning dependencies of target autoware_system_msgs_generate_messages_lisp[0m
[7.084s] [  3%] [34m[1mGenerating Lisp code from autoware_system_msgs/NodeStatus.msg[0m
[7.185s] [  7%] [34m[1mGenerating Lisp code from autoware_system_msgs/DiagnosticStatus.msg[0m
[7.295s] [ 11%] [34m[1mGenerating Lisp code from autoware_system_msgs/HardwareStatus.msg[0m
[7.388s] [ 14%] [34m[1mGenerating Lisp code from autoware_system_msgs/DiagnosticStatusArray.msg[0m
[7.505s] [ 18%] [34m[1mGenerating Lisp code from autoware_system_msgs/SystemStatus.msg[0m
[7.592s] [ 18%] Built target autoware_system_msgs_generate_messages_lisp
[7.619s] [35m[1mScanning dependencies of target autoware_system_msgs_generate_messages_nodejs[0m
[7.651s] [ 22%] [34m[1mGenerating Javascript code from autoware_system_msgs/NodeStatus.msg[0m
[7.751s] [ 25%] [34m[1mGenerating Javascript code from autoware_system_msgs/DiagnosticStatus.msg[0m
[7.866s] [ 29%] [34m[1mGenerating Javascript code from autoware_system_msgs/HardwareStatus.msg[0m
[7.961s] [ 33%] [34m[1mGenerating Javascript code from autoware_system_msgs/DiagnosticStatusArray.msg[0m
[8.052s] [ 37%] [34m[1mGenerating Javascript code from autoware_system_msgs/SystemStatus.msg[0m
[8.137s] [ 37%] Built target autoware_system_msgs_generate_messages_nodejs
[8.172s] [35m[1mScanning dependencies of target autoware_system_msgs_generate_messages_eus[0m
[8.198s] [ 40%] [34m[1mGenerating EusLisp code from autoware_system_msgs/NodeStatus.msg[0m
[8.362s] [ 44%] [34m[1mGenerating EusLisp code from autoware_system_msgs/DiagnosticStatus.msg[0m
[8.548s] [ 48%] [34m[1mGenerating EusLisp code from autoware_system_msgs/HardwareStatus.msg[0m
[8.806s] [ 51%] [34m[1mGenerating EusLisp code from autoware_system_msgs/DiagnosticStatusArray.msg[0m
[9.055s] [ 55%] [34m[1mGenerating EusLisp code from autoware_system_msgs/SystemStatus.msg[0m
[9.254s] [ 59%] [34m[1mGenerating EusLisp manifest code for autoware_system_msgs[0m
[11.479s] [ 59%] Built target autoware_system_msgs_generate_messages_eus
[11.516s] [35m[1mScanning dependencies of target autoware_system_msgs_generate_messages_py[0m
[11.552s] [ 62%] [34m[1mGenerating Python from MSG autoware_system_msgs/NodeStatus[0m
[11.984s] [ 66%] [34m[1mGenerating Python from MSG autoware_system_msgs/HardwareStatus[0m
[12.323s] [ 70%] [34m[1mGenerating Python from MSG autoware_system_msgs/DiagnosticStatusArray[0m
[12.800s] [ 74%] [34m[1mGenerating Python from MSG autoware_system_msgs/SystemStatus[0m
[13.328s] [ 77%] [34m[1mGenerating Python from MSG autoware_system_msgs/DiagnosticStatus[0m
[13.803s] [ 81%] [34m[1mGenerating Python msg __init__.py for autoware_system_msgs[0m
[14.541s] [ 81%] Built target autoware_system_msgs_generate_messages_py
[14.580s] [35m[1mScanning dependencies of target autoware_system_msgs_generate_messages_cpp[0m
[14.618s] [ 85%] [34m[1mGenerating C++ code from autoware_system_msgs/NodeStatus.msg[0m
[15.019s] [ 88%] [34m[1mGenerating C++ code from autoware_system_msgs/DiagnosticStatusArray.msg[0m
[15.360s] [ 92%] [34m[1mGenerating C++ code from autoware_system_msgs/SystemStatus.msg[0m
[15.679s] [ 96%] [34m[1mGenerating C++ code from autoware_system_msgs/HardwareStatus.msg[0m
[15.989s] [100%] [34m[1mGenerating C++ code from autoware_system_msgs/DiagnosticStatus.msg[0m
[16.294s] [100%] Built target autoware_system_msgs_generate_messages_cpp
[16.325s] [35m[1mScanning dependencies of target autoware_system_msgs_generate_messages[0m
[16.353s] [100%] Built target autoware_system_msgs_generate_messages
[16.384s] Invoked command in '/home/chinchia120/autoware.ai/build/autoware_system_msgs' returned '0': /usr/bin/cmake --build /home/chinchia120/autoware.ai/build/autoware_system_msgs -- -j4 -l4
[16.575s] Invoking command in '/home/chinchia120/autoware.ai/build/autoware_system_msgs': /usr/bin/cmake --build /home/chinchia120/autoware.ai/build/autoware_system_msgs --target tests -- -j4 -l4
[16.730s] [35m[1mScanning dependencies of target tests[0m
[16.767s] Built target tests
[16.798s] Invoked command in '/home/chinchia120/autoware.ai/build/autoware_system_msgs' returned '0': /usr/bin/cmake --build /home/chinchia120/autoware.ai/build/autoware_system_msgs --target tests -- -j4 -l4
[16.973s] Invoking command in '/home/chinchia120/autoware.ai/build/autoware_system_msgs': /usr/bin/cmake --build /home/chinchia120/autoware.ai/build/autoware_system_msgs --target install -- -j4 -l4
[17.196s] [  0%] Built target _autoware_system_msgs_generate_messages_check_deps_DiagnosticStatusArray
[17.251s] [  0%] Built target rosgraph_msgs_generate_messages_lisp
[17.370s] [  0%] Built target _autoware_system_msgs_generate_messages_check_deps_NodeStatus
[17.494s] [  0%] Built target _autoware_system_msgs_generate_messages_check_deps_HardwareStatus
[17.600s] [  0%] Built target _autoware_system_msgs_generate_messages_check_deps_DiagnosticStatus
[17.665s] [  0%] Built target rosgraph_msgs_generate_messages_cpp
[17.734s] [  0%] Built target std_msgs_generate_messages_cpp
[17.803s] [  0%] Built target std_msgs_generate_messages_py
[17.869s] [  0%] Built target rosgraph_msgs_generate_messages_py
[17.936s] [  0%] Built target std_msgs_generate_messages_nodejs
[18.003s] [  0%] Built target rosgraph_msgs_generate_messages_nodejs
[18.072s] [  0%] Built target rosgraph_msgs_generate_messages_eus
[18.130s] [  0%] Built target std_msgs_generate_messages_eus
[18.186s] [  0%] Built target std_msgs_generate_messages_lisp
[18.297s] [  0%] Built target _autoware_system_msgs_generate_messages_check_deps_SystemStatus
[18.344s] [ 18%] Built target autoware_system_msgs_generate_messages_lisp
[18.397s] [ 37%] Built target autoware_system_msgs_generate_messages_nodejs
[18.453s] [ 59%] Built target autoware_system_msgs_generate_messages_eus
[18.508s] [ 81%] Built target autoware_system_msgs_generate_messages_py
[18.568s] [100%] Built target autoware_system_msgs_generate_messages_cpp
[18.620s] [100%] Built target autoware_system_msgs_generate_messages
[18.678s] [36mInstall the project...[0m
[18.702s] -- Install configuration: "Release"
[18.702s] -- Installing: /home/chinchia120/autoware.ai/install/autoware_system_msgs/share/autoware_system_msgs/msg/DiagnosticStatus.msg
[18.703s] -- Installing: /home/chinchia120/autoware.ai/install/autoware_system_msgs/share/autoware_system_msgs/msg/DiagnosticStatusArray.msg
[18.703s] -- Installing: /home/chinchia120/autoware.ai/install/autoware_system_msgs/share/autoware_system_msgs/msg/HardwareStatus.msg
[18.703s] -- Installing: /home/chinchia120/autoware.ai/install/autoware_system_msgs/share/autoware_system_msgs/msg/NodeStatus.msg
[18.703s] -- Installing: /home/chinchia120/autoware.ai/install/autoware_system_msgs/share/autoware_system_msgs/msg/SystemStatus.msg
[18.704s] -- Installing: /home/chinchia120/autoware.ai/install/autoware_system_msgs/share/autoware_system_msgs/cmake/autoware_system_msgs-msg-paths.cmake
[18.704s] -- Installing: /home/chinchia120/autoware.ai/install/autoware_system_msgs/include/autoware_system_msgs
[18.704s] -- Installing: /home/chinchia120/autoware.ai/install/autoware_system_msgs/include/autoware_system_msgs/NodeStatus.h
[18.704s] -- Installing: /home/chinchia120/autoware.ai/install/autoware_system_msgs/include/autoware_system_msgs/HardwareStatus.h
[18.705s] -- Installing: /home/chinchia120/autoware.ai/install/autoware_system_msgs/include/autoware_system_msgs/DiagnosticStatusArray.h
[18.705s] -- Installing: /home/chinchia120/autoware.ai/install/autoware_system_msgs/include/autoware_system_msgs/DiagnosticStatus.h
[18.705s] -- Installing: /home/chinchia120/autoware.ai/install/autoware_system_msgs/include/autoware_system_msgs/SystemStatus.h
[18.705s] -- Installing: /home/chinchia120/autoware.ai/install/autoware_system_msgs/share/roseus/ros/autoware_system_msgs
[18.706s] -- Installing: /home/chinchia120/autoware.ai/install/autoware_system_msgs/share/roseus/ros/autoware_system_msgs/manifest.l
[18.706s] -- Installing: /home/chinchia120/autoware.ai/install/autoware_system_msgs/share/roseus/ros/autoware_system_msgs/msg
[18.706s] -- Installing: /home/chinchia120/autoware.ai/install/autoware_system_msgs/share/roseus/ros/autoware_system_msgs/msg/SystemStatus.l
[18.707s] -- Installing: /home/chinchia120/autoware.ai/install/autoware_system_msgs/share/roseus/ros/autoware_system_msgs/msg/DiagnosticStatusArray.l
[18.707s] -- Installing: /home/chinchia120/autoware.ai/install/autoware_system_msgs/share/roseus/ros/autoware_system_msgs/msg/DiagnosticStatus.l
[18.707s] -- Installing: /home/chinchia120/autoware.ai/install/autoware_system_msgs/share/roseus/ros/autoware_system_msgs/msg/NodeStatus.l
[18.708s] -- Installing: /home/chinchia120/autoware.ai/install/autoware_system_msgs/share/roseus/ros/autoware_system_msgs/msg/HardwareStatus.l
[18.708s] -- Installing: /home/chinchia120/autoware.ai/install/autoware_system_msgs/share/common-lisp/ros/autoware_system_msgs
[18.708s] -- Installing: /home/chinchia120/autoware.ai/install/autoware_system_msgs/share/common-lisp/ros/autoware_system_msgs/msg
[18.709s] -- Installing: /home/chinchia120/autoware.ai/install/autoware_system_msgs/share/common-lisp/ros/autoware_system_msgs/msg/_package_SystemStatus.lisp
[18.709s] -- Installing: /home/chinchia120/autoware.ai/install/autoware_system_msgs/share/common-lisp/ros/autoware_system_msgs/msg/DiagnosticStatus.lisp
[18.709s] -- Installing: /home/chinchia120/autoware.ai/install/autoware_system_msgs/share/common-lisp/ros/autoware_system_msgs/msg/_package_HardwareStatus.lisp
[18.710s] -- Installing: /home/chinchia120/autoware.ai/install/autoware_system_msgs/share/common-lisp/ros/autoware_system_msgs/msg/DiagnosticStatusArray.lisp
[18.710s] -- Installing: /home/chinchia120/autoware.ai/install/autoware_system_msgs/share/common-lisp/ros/autoware_system_msgs/msg/NodeStatus.lisp
[18.710s] -- Installing: /home/chinchia120/autoware.ai/install/autoware_system_msgs/share/common-lisp/ros/autoware_system_msgs/msg/_package_DiagnosticStatusArray.lisp
[18.710s] -- Installing: /home/chinchia120/autoware.ai/install/autoware_system_msgs/share/common-lisp/ros/autoware_system_msgs/msg/autoware_system_msgs-msg.asd
[18.711s] -- Installing: /home/chinchia120/autoware.ai/install/autoware_system_msgs/share/common-lisp/ros/autoware_system_msgs/msg/_package.lisp
[18.711s] -- Installing: /home/chinchia120/autoware.ai/install/autoware_system_msgs/share/common-lisp/ros/autoware_system_msgs/msg/_package_NodeStatus.lisp
[18.711s] -- Installing: /home/chinchia120/autoware.ai/install/autoware_system_msgs/share/common-lisp/ros/autoware_system_msgs/msg/_package_DiagnosticStatus.lisp
[18.712s] -- Installing: /home/chinchia120/autoware.ai/install/autoware_system_msgs/share/common-lisp/ros/autoware_system_msgs/msg/HardwareStatus.lisp
[18.712s] -- Installing: /home/chinchia120/autoware.ai/install/autoware_system_msgs/share/common-lisp/ros/autoware_system_msgs/msg/SystemStatus.lisp
[18.712s] -- Installing: /home/chinchia120/autoware.ai/install/autoware_system_msgs/share/gennodejs/ros/autoware_system_msgs
[18.712s] -- Installing: /home/chinchia120/autoware.ai/install/autoware_system_msgs/share/gennodejs/ros/autoware_system_msgs/_index.js
[18.713s] -- Installing: /home/chinchia120/autoware.ai/install/autoware_system_msgs/share/gennodejs/ros/autoware_system_msgs/msg
[18.713s] -- Installing: /home/chinchia120/autoware.ai/install/autoware_system_msgs/share/gennodejs/ros/autoware_system_msgs/msg/SystemStatus.js
[18.713s] -- Installing: /home/chinchia120/autoware.ai/install/autoware_system_msgs/share/gennodejs/ros/autoware_system_msgs/msg/NodeStatus.js
[18.713s] -- Installing: /home/chinchia120/autoware.ai/install/autoware_system_msgs/share/gennodejs/ros/autoware_system_msgs/msg/_index.js
[18.713s] -- Installing: /home/chinchia120/autoware.ai/install/autoware_system_msgs/share/gennodejs/ros/autoware_system_msgs/msg/DiagnosticStatus.js
[18.714s] -- Installing: /home/chinchia120/autoware.ai/install/autoware_system_msgs/share/gennodejs/ros/autoware_system_msgs/msg/DiagnosticStatusArray.js
[18.714s] -- Installing: /home/chinchia120/autoware.ai/install/autoware_system_msgs/share/gennodejs/ros/autoware_system_msgs/msg/HardwareStatus.js
[18.783s] Listing /home/chinchia120/autoware.ai/build/autoware_system_msgs/devel/lib/python2.7/dist-packages/autoware_system_msgs ...
[18.783s] Compiling /home/chinchia120/autoware.ai/build/autoware_system_msgs/devel/lib/python2.7/dist-packages/autoware_system_msgs/__init__.py ...
[18.783s] Listing /home/chinchia120/autoware.ai/build/autoware_system_msgs/devel/lib/python2.7/dist-packages/autoware_system_msgs/msg ...
[18.783s] Compiling /home/chinchia120/autoware.ai/build/autoware_system_msgs/devel/lib/python2.7/dist-packages/autoware_system_msgs/msg/_DiagnosticStatus.py ...
[18.783s] Compiling /home/chinchia120/autoware.ai/build/autoware_system_msgs/devel/lib/python2.7/dist-packages/autoware_system_msgs/msg/_DiagnosticStatusArray.py ...
[18.783s] Compiling /home/chinchia120/autoware.ai/build/autoware_system_msgs/devel/lib/python2.7/dist-packages/autoware_system_msgs/msg/_HardwareStatus.py ...
[18.783s] Compiling /home/chinchia120/autoware.ai/build/autoware_system_msgs/devel/lib/python2.7/dist-packages/autoware_system_msgs/msg/_NodeStatus.py ...
[18.783s] Compiling /home/chinchia120/autoware.ai/build/autoware_system_msgs/devel/lib/python2.7/dist-packages/autoware_system_msgs/msg/_SystemStatus.py ...
[18.784s] Compiling /home/chinchia120/autoware.ai/build/autoware_system_msgs/devel/lib/python2.7/dist-packages/autoware_system_msgs/msg/__init__.py ...
[18.787s] -- Installing: /home/chinchia120/autoware.ai/install/autoware_system_msgs/lib/python2.7/dist-packages/autoware_system_msgs
[18.788s] -- Installing: /home/chinchia120/autoware.ai/install/autoware_system_msgs/lib/python2.7/dist-packages/autoware_system_msgs/__init__.py
[18.788s] -- Installing: /home/chinchia120/autoware.ai/install/autoware_system_msgs/lib/python2.7/dist-packages/autoware_system_msgs/msg
[18.788s] -- Installing: /home/chinchia120/autoware.ai/install/autoware_system_msgs/lib/python2.7/dist-packages/autoware_system_msgs/msg/_NodeStatus.pyc
[18.788s] -- Installing: /home/chinchia120/autoware.ai/install/autoware_system_msgs/lib/python2.7/dist-packages/autoware_system_msgs/msg/_NodeStatus.py
[18.789s] -- Installing: /home/chinchia120/autoware.ai/install/autoware_system_msgs/lib/python2.7/dist-packages/autoware_system_msgs/msg/_DiagnosticStatus.pyc
[18.789s] -- Installing: /home/chinchia120/autoware.ai/install/autoware_system_msgs/lib/python2.7/dist-packages/autoware_system_msgs/msg/_DiagnosticStatusArray.py
[18.793s] -- Installing: /home/chinchia120/autoware.ai/install/autoware_system_msgs/lib/python2.7/dist-packages/autoware_system_msgs/msg/__init__.py
[18.793s] -- Installing: /home/chinchia120/autoware.ai/install/autoware_system_msgs/lib/python2.7/dist-packages/autoware_system_msgs/msg/_HardwareStatus.py
[18.794s] -- Installing: /home/chinchia120/autoware.ai/install/autoware_system_msgs/lib/python2.7/dist-packages/autoware_system_msgs/msg/_SystemStatus.pyc
[18.794s] -- Installing: /home/chinchia120/autoware.ai/install/autoware_system_msgs/lib/python2.7/dist-packages/autoware_system_msgs/msg/_DiagnosticStatusArray.pyc
[18.795s] -- Installing: /home/chinchia120/autoware.ai/install/autoware_system_msgs/lib/python2.7/dist-packages/autoware_system_msgs/msg/_DiagnosticStatus.py
[18.795s] -- Installing: /home/chinchia120/autoware.ai/install/autoware_system_msgs/lib/python2.7/dist-packages/autoware_system_msgs/msg/__init__.pyc
[18.795s] -- Installing: /home/chinchia120/autoware.ai/install/autoware_system_msgs/lib/python2.7/dist-packages/autoware_system_msgs/msg/_SystemStatus.py
[18.795s] -- Installing: /home/chinchia120/autoware.ai/install/autoware_system_msgs/lib/python2.7/dist-packages/autoware_system_msgs/msg/_HardwareStatus.pyc
[18.796s] -- Installing: /home/chinchia120/autoware.ai/install/autoware_system_msgs/lib/python2.7/dist-packages/autoware_system_msgs/__init__.pyc
[18.796s] -- Installing: /home/chinchia120/autoware.ai/install/autoware_system_msgs/lib/pkgconfig/autoware_system_msgs.pc
[18.796s] -- Installing: /home/chinchia120/autoware.ai/install/autoware_system_msgs/share/autoware_system_msgs/cmake/autoware_system_msgs-msg-extras.cmake
[18.796s] -- Installing: /home/chinchia120/autoware.ai/install/autoware_system_msgs/share/autoware_system_msgs/cmake/autoware_system_msgsConfig.cmake
[18.797s] -- Installing: /home/chinchia120/autoware.ai/install/autoware_system_msgs/share/autoware_system_msgs/cmake/autoware_system_msgsConfig-version.cmake
[18.797s] -- Installing: /home/chinchia120/autoware.ai/install/autoware_system_msgs/share/autoware_system_msgs/package.xml
[18.805s] Invoked command in '/home/chinchia120/autoware.ai/build/autoware_system_msgs' returned '0': /usr/bin/cmake --build /home/chinchia120/autoware.ai/build/autoware_system_msgs --target install -- -j4 -l4
