Determining if the pthread_create exist failed with the following output:
Change Dir: /home/chinchia120/autoware.ai/build/vel_pose_diff_checker/CMakeFiles/CMakeTmp

Run Build Command:"/usr/bin/make" "cmTC_c79ab/fast"
/usr/bin/make -f CMakeFiles/cmTC_c79ab.dir/build.make CMakeFiles/cmTC_c79ab.dir/build
make[1]: Entering directory '/home/chinchia120/autoware.ai/build/vel_pose_diff_checker/CMakeFiles/CMakeTmp'
Building C object CMakeFiles/cmTC_c79ab.dir/CheckSymbolExists.c.o
/usr/bin/cc    -o CMakeFiles/cmTC_c79ab.dir/CheckSymbolExists.c.o   -c /home/chinchia120/autoware.ai/build/vel_pose_diff_checker/CMakeFiles/CMakeTmp/CheckSymbolExists.c
Linking C executable cmTC_c79ab
/usr/bin/cmake -E cmake_link_script CMakeFiles/cmTC_c79ab.dir/link.txt --verbose=1
/usr/bin/cc      -rdynamic CMakeFiles/cmTC_c79ab.dir/CheckSymbolExists.c.o  -o cmTC_c79ab 
CMakeFiles/cmTC_c79ab.dir/CheckSymbolExists.c.o: In function `main':
CheckSymbolExists.c:(.text+0x1b): undefined reference to `pthread_create'
collect2: error: ld returned 1 exit status
CMakeFiles/cmTC_c79ab.dir/build.make:97: recipe for target 'cmTC_c79ab' failed
make[1]: *** [cmTC_c79ab] Error 1
make[1]: Leaving directory '/home/chinchia120/autoware.ai/build/vel_pose_diff_checker/CMakeFiles/CMakeTmp'
Makefile:126: recipe for target 'cmTC_c79ab/fast' failed
make: *** [cmTC_c79ab/fast] Error 2

File /home/chinchia120/autoware.ai/build/vel_pose_diff_checker/CMakeFiles/CMakeTmp/CheckSymbolExists.c:
/* */
#include <pthread.h>

int main(int argc, char** argv)
{
  (void)argv;
#ifndef pthread_create
  return ((int*)(&pthread_create))[argc];
#else
  (void)argc;
  return 0;
#endif
}

Determining if the function pthread_create exists in the pthreads failed with the following output:
Change Dir: /home/chinchia120/autoware.ai/build/vel_pose_diff_checker/CMakeFiles/CMakeTmp

Run Build Command:"/usr/bin/make" "cmTC_5b90a/fast"
/usr/bin/make -f CMakeFiles/cmTC_5b90a.dir/build.make CMakeFiles/cmTC_5b90a.dir/build
make[1]: Entering directory '/home/chinchia120/autoware.ai/build/vel_pose_diff_checker/CMakeFiles/CMakeTmp'
Building C object CMakeFiles/cmTC_5b90a.dir/CheckFunctionExists.c.o
/usr/bin/cc   -DCHECK_FUNCTION_EXISTS=pthread_create   -o CMakeFiles/cmTC_5b90a.dir/CheckFunctionExists.c.o   -c /usr/share/cmake-3.10/Modules/CheckFunctionExists.c
Linking C executable cmTC_5b90a
/usr/bin/cmake -E cmake_link_script CMakeFiles/cmTC_5b90a.dir/link.txt --verbose=1
/usr/bin/cc  -DCHECK_FUNCTION_EXISTS=pthread_create    -rdynamic CMakeFiles/cmTC_5b90a.dir/CheckFunctionExists.c.o  -o cmTC_5b90a -lpthreads 
/usr/bin/ld: cannot find -lpthreads
collect2: error: ld returned 1 exit status
CMakeFiles/cmTC_5b90a.dir/build.make:97: recipe for target 'cmTC_5b90a' failed
make[1]: *** [cmTC_5b90a] Error 1
make[1]: Leaving directory '/home/chinchia120/autoware.ai/build/vel_pose_diff_checker/CMakeFiles/CMakeTmp'
Makefile:126: recipe for target 'cmTC_5b90a/fast' failed
make: *** [cmTC_5b90a/fast] Error 2


