[0.257s] Invoking command in '/home/chinchia120/autoware.ai/build/lattice_planner': CMAKE_PREFIX_PATH=/home/chinchia120/autoware.ai/install/waypoint_planner:/home/chinchia120/autoware.ai/install/lanelet2_extension:/home/chinchia120/autoware.ai/install/lanelet2_validation:/home/chinchia120/autoware.ai/install/lanelet2_routing:/home/chinchia120/autoware.ai/install/lanelet2_projection:/home/chinchia120/autoware.ai/install/libwaypoint_follower:/home/chinchia120/autoware.ai/install/lanelet2_traffic_rules:/home/chinchia120/autoware.ai/install/lanelet2_maps:/home/chinchia120/autoware.ai/install/lanelet2_io:/home/chinchia120/autoware.ai/install/vector_map:/home/chinchia120/autoware.ai/install/lanelet2_core:/home/chinchia120/autoware.ai/install/autoware_health_checker:/home/chinchia120/autoware.ai/install/astar_search:/home/chinchia120/autoware.ai/install/amathutils_lib:/home/chinchia120/autoware.ai/install/vector_map_msgs:/home/chinchia120/autoware.ai/install/ros_observer:/home/chinchia120/autoware.ai/install/gnss:/home/chinchia120/autoware.ai/install/autoware_system_msgs:/home/chinchia120/autoware.ai/install/autoware_msgs:/home/chinchia120/autoware.ai/install/autoware_lanelet2_msgs:/home/chinchia120/autoware.ai/install/autoware_config_msgs:/home/chinchia120/autoware.ai/install/autoware_can_msgs:/home/chinchia120/autoware.ai/install/autoware_build_flags:${CMAKE_PREFIX_PATH} LD_LIBRARY_PATH=/home/chinchia120/autoware.ai/install/lanelet2_extension/lib:/home/chinchia120/autoware.ai/install/lanelet2_validation/lib:/home/chinchia120/autoware.ai/install/lanelet2_routing/lib:/home/chinchia120/autoware.ai/install/lanelet2_projection/lib:/home/chinchia120/autoware.ai/install/libwaypoint_follower/lib:/home/chinchia120/autoware.ai/install/lanelet2_traffic_rules/lib:/home/chinchia120/autoware.ai/install/lanelet2_io/lib:/home/chinchia120/autoware.ai/install/vector_map/lib:/home/chinchia120/autoware.ai/install/lanelet2_core/lib:/home/chinchia120/autoware.ai/install/autoware_health_checker/lib:/home/chinchia120/autoware.ai/install/astar_search/lib:/home/chinchia120/autoware.ai/install/amathutils_lib/lib:/home/chinchia120/autoware.ai/install/ros_observer/lib:/home/chinchia120/autoware.ai/install/gnss/lib:${LD_LIBRARY_PATH} PKG_CONFIG_PATH=/home/chinchia120/autoware.ai/install/waypoint_planner/lib/x86_64-linux-gnu/pkgconfig:/home/chinchia120/autoware.ai/install/waypoint_planner/lib/pkgconfig:/home/chinchia120/autoware.ai/install/lanelet2_extension/lib/x86_64-linux-gnu/pkgconfig:/home/chinchia120/autoware.ai/install/lanelet2_extension/lib/pkgconfig:/home/chinchia120/autoware.ai/install/lanelet2_validation/lib/x86_64-linux-gnu/pkgconfig:/home/chinchia120/autoware.ai/install/lanelet2_validation/lib/pkgconfig:/home/chinchia120/autoware.ai/install/lanelet2_routing/lib/x86_64-linux-gnu/pkgconfig:/home/chinchia120/autoware.ai/install/lanelet2_routing/lib/pkgconfig:/home/chinchia120/autoware.ai/install/lanelet2_projection/lib/x86_64-linux-gnu/pkgconfig:/home/chinchia120/autoware.ai/install/lanelet2_projection/lib/pkgconfig:/home/chinchia120/autoware.ai/install/libwaypoint_follower/lib/x86_64-linux-gnu/pkgconfig:/home/chinchia120/autoware.ai/install/libwaypoint_follower/lib/pkgconfig:/home/chinchia120/autoware.ai/install/lanelet2_traffic_rules/lib/x86_64-linux-gnu/pkgconfig:/home/chinchia120/autoware.ai/install/lanelet2_traffic_rules/lib/pkgconfig:/home/chinchia120/autoware.ai/install/lanelet2_maps/lib/x86_64-linux-gnu/pkgconfig:/home/chinchia120/autoware.ai/install/lanelet2_maps/lib/pkgconfig:/home/chinchia120/autoware.ai/install/lanelet2_io/lib/x86_64-linux-gnu/pkgconfig:/home/chinchia120/autoware.ai/install/lanelet2_io/lib/pkgconfig:/home/chinchia120/autoware.ai/install/vector_map/lib/x86_64-linux-gnu/pkgconfig:/home/chinchia120/autoware.ai/install/vector_map/lib/pkgconfig:/home/chinchia120/autoware.ai/install/lanelet2_core/lib/x86_64-linux-gnu/pkgconfig:/home/chinchia120/autoware.ai/install/lanelet2_core/lib/pkgconfig:/home/chinchia120/autoware.ai/install/autoware_health_checker/lib/x86_64-linux-gnu/pkgconfig:/home/chinchia120/autoware.ai/install/autoware_health_checker/lib/pkgconfig:/home/chinchia120/autoware.ai/install/astar_search/lib/x86_64-linux-gnu/pkgconfig:/home/chinchia120/autoware.ai/install/astar_search/lib/pkgconfig:/home/chinchia120/autoware.ai/install/amathutils_lib/lib/x86_64-linux-gnu/pkgconfig:/home/chinchia120/autoware.ai/install/amathutils_lib/lib/pkgconfig:/home/chinchia120/autoware.ai/install/vector_map_msgs/lib/x86_64-linux-gnu/pkgconfig:/home/chinchia120/autoware.ai/install/vector_map_msgs/lib/pkgconfig:/home/chinchia120/autoware.ai/install/ros_observer/lib/x86_64-linux-gnu/pkgconfig:/home/chinchia120/autoware.ai/install/ros_observer/lib/pkgconfig:/home/chinchia120/autoware.ai/install/gnss/lib/x86_64-linux-gnu/pkgconfig:/home/chinchia120/autoware.ai/install/gnss/lib/pkgconfig:/home/chinchia120/autoware.ai/install/autoware_system_msgs/lib/x86_64-linux-gnu/pkgconfig:/home/chinchia120/autoware.ai/install/autoware_system_msgs/lib/pkgconfig:/home/chinchia120/autoware.ai/install/autoware_msgs/lib/x86_64-linux-gnu/pkgconfig:/home/chinchia120/autoware.ai/install/autoware_msgs/lib/pkgconfig:/home/chinchia120/autoware.ai/install/autoware_lanelet2_msgs/lib/x86_64-linux-gnu/pkgconfig:/home/chinchia120/autoware.ai/install/autoware_lanelet2_msgs/lib/pkgconfig:/home/chinchia120/autoware.ai/install/autoware_config_msgs/lib/x86_64-linux-gnu/pkgconfig:/home/chinchia120/autoware.ai/install/autoware_config_msgs/lib/pkgconfig:/home/chinchia120/autoware.ai/install/autoware_can_msgs/lib/x86_64-linux-gnu/pkgconfig:/home/chinchia120/autoware.ai/install/autoware_can_msgs/lib/pkgconfig:/home/chinchia120/autoware.ai/install/autoware_build_flags/lib/x86_64-linux-gnu/pkgconfig:/home/chinchia120/autoware.ai/install/autoware_build_flags/lib/pkgconfig:${PKG_CONFIG_PATH} PYTHONPATH=/home/chinchia120/autoware.ai/install/vector_map_msgs/lib/python2.7/dist-packages:/home/chinchia120/autoware.ai/install/autoware_system_msgs/lib/python2.7/dist-packages:/home/chinchia120/autoware.ai/install/autoware_msgs/lib/python2.7/dist-packages:/home/chinchia120/autoware.ai/install/autoware_lanelet2_msgs/lib/python2.7/dist-packages:/home/chinchia120/autoware.ai/install/autoware_config_msgs/lib/python2.7/dist-packages:/home/chinchia120/autoware.ai/install/autoware_can_msgs/lib/python2.7/dist-packages:${PYTHONPATH} ROS_PACKAGE_PATH=/home/chinchia120/autoware.ai/install/waypoint_planner/share:/home/chinchia120/autoware.ai/install/lanelet2_extension/share:/home/chinchia120/autoware.ai/install/lanelet2_validation/share:/home/chinchia120/autoware.ai/install/lanelet2_routing/share:/home/chinchia120/autoware.ai/install/lanelet2_projection/share:/home/chinchia120/autoware.ai/install/libwaypoint_follower/share:/home/chinchia120/autoware.ai/install/lanelet2_traffic_rules/share:/home/chinchia120/autoware.ai/install/lanelet2_maps/share:/home/chinchia120/autoware.ai/install/lanelet2_io/share:/home/chinchia120/autoware.ai/install/vector_map/share:/home/chinchia120/autoware.ai/install/lanelet2_core/share:/home/chinchia120/autoware.ai/install/autoware_health_checker/share:/home/chinchia120/autoware.ai/install/astar_search/share:/home/chinchia120/autoware.ai/install/amathutils_lib/share:/home/chinchia120/autoware.ai/install/vector_map_msgs/share:/home/chinchia120/autoware.ai/install/ros_observer/share:/home/chinchia120/autoware.ai/install/gnss/share:/home/chinchia120/autoware.ai/install/autoware_system_msgs/share:/home/chinchia120/autoware.ai/install/autoware_msgs/share:/home/chinchia120/autoware.ai/install/autoware_lanelet2_msgs/share:/home/chinchia120/autoware.ai/install/autoware_config_msgs/share:/home/chinchia120/autoware.ai/install/autoware_can_msgs/share:/home/chinchia120/autoware.ai/install/autoware_build_flags/share:${ROS_PACKAGE_PATH} /usr/bin/cmake /home/chinchia120/autoware.ai/src/autoware/core_planning/lattice_planner -DCMAKE_BUILD_TYPE=Release -DCATKIN_INSTALL_INTO_PREFIX_ROOT=0 -DCMAKE_INSTALL_PREFIX=/home/chinchia120/autoware.ai/install/lattice_planner
[0.439s] -- The C compiler identification is GNU 7.5.0
[0.577s] -- The CXX compiler identification is GNU 7.5.0
[0.587s] -- Check for working C compiler: /usr/bin/cc
[0.774s] -- Check for working C compiler: /usr/bin/cc -- works
[0.775s] -- Detecting C compiler ABI info
[0.950s] -- Detecting C compiler ABI info - done
[0.976s] -- Detecting C compile features
[1.491s] -- Detecting C compile features - done
[1.499s] -- Check for working CXX compiler: /usr/bin/c++
[1.710s] -- Check for working CXX compiler: /usr/bin/c++ -- works
[1.712s] -- Detecting CXX compiler ABI info
[1.916s] -- Detecting CXX compiler ABI info - done
[1.934s] -- Detecting CXX compile features
[2.759s] -- Detecting CXX compile features - done
[2.801s] -- CUDA compilation status: 1.
[2.807s] -- Using CATKIN_DEVEL_PREFIX: /home/chinchia120/autoware.ai/build/lattice_planner/devel
[2.808s] -- Using CMAKE_PREFIX_PATH: /home/chinchia120/autoware.ai/install/waypoint_planner;/home/chinchia120/autoware.ai/install/lanelet2_extension;/home/chinchia120/autoware.ai/install/lanelet2_validation;/home/chinchia120/autoware.ai/install/lanelet2_routing;/home/chinchia120/autoware.ai/install/lanelet2_projection;/home/chinchia120/autoware.ai/install/libwaypoint_follower;/home/chinchia120/autoware.ai/install/lanelet2_traffic_rules;/home/chinchia120/autoware.ai/install/lanelet2_maps;/home/chinchia120/autoware.ai/install/lanelet2_io;/home/chinchia120/autoware.ai/install/vector_map;/home/chinchia120/autoware.ai/install/lanelet2_core;/home/chinchia120/autoware.ai/install/autoware_health_checker;/home/chinchia120/autoware.ai/install/astar_search;/home/chinchia120/autoware.ai/install/amathutils_lib;/home/chinchia120/autoware.ai/install/vector_map_msgs;/home/chinchia120/autoware.ai/install/ros_observer;/home/chinchia120/autoware.ai/install/gnss;/home/chinchia120/autoware.ai/install/autoware_system_msgs;/home/chinchia120/autoware.ai/install/autoware_msgs;/home/chinchia120/autoware.ai/install/autoware_lanelet2_msgs;/home/chinchia120/autoware.ai/install/autoware_config_msgs;/home/chinchia120/autoware.ai/install/autoware_can_msgs;/home/chinchia120/autoware.ai/install/autoware_build_flags;/home/chinchia120/catkin_ws/devel;/opt/ros/melodic
[2.812s] -- This workspace overlays: /home/chinchia120/autoware.ai/install/waypoint_planner;/home/chinchia120/autoware.ai/install/lanelet2_extension;/home/chinchia120/autoware.ai/install/lanelet2_validation;/home/chinchia120/autoware.ai/install/lanelet2_routing;/home/chinchia120/autoware.ai/install/lanelet2_projection;/home/chinchia120/autoware.ai/install/libwaypoint_follower;/home/chinchia120/autoware.ai/install/lanelet2_traffic_rules;/home/chinchia120/autoware.ai/install/lanelet2_maps;/home/chinchia120/autoware.ai/install/lanelet2_io;/home/chinchia120/autoware.ai/install/vector_map;/home/chinchia120/autoware.ai/install/lanelet2_core;/home/chinchia120/autoware.ai/install/autoware_health_checker;/home/chinchia120/autoware.ai/install/astar_search;/home/chinchia120/autoware.ai/install/amathutils_lib;/home/chinchia120/autoware.ai/install/vector_map_msgs;/home/chinchia120/autoware.ai/install/ros_observer;/home/chinchia120/autoware.ai/install/gnss;/home/chinchia120/autoware.ai/install/autoware_system_msgs;/home/chinchia120/autoware.ai/install/autoware_msgs;/home/chinchia120/autoware.ai/install/autoware_lanelet2_msgs;/home/chinchia120/autoware.ai/install/autoware_config_msgs;/home/chinchia120/autoware.ai/install/autoware_can_msgs;/home/chinchia120/autoware.ai/install/autoware_build_flags;/home/chinchia120/catkin_ws/devel;/opt/ros/melodic
[2.845s] -- Found PythonInterp: /usr/bin/python2 (found suitable version "2.7.17", minimum required is "2") 
[2.846s] -- Using PYTHON_EXECUTABLE: /usr/bin/python2
[2.846s] -- Using Debian Python package layout
[2.847s] -- Using empy: /usr/bin/empy
[3.142s] -- Using CATKIN_ENABLE_TESTING: ON
[3.142s] -- Call enable_testing()
[3.147s] -- Using CATKIN_TEST_RESULTS_DIR: /home/chinchia120/autoware.ai/build/lattice_planner/test_results
[3.188s] -- Found gtest sources under '/usr/src/googletest': gtests will be built
[3.189s] -- Found gmock sources under '/usr/src/googletest': gmock will be built
[3.220s] -- Found PythonInterp: /usr/bin/python2 (found version "2.7.17") 
[3.223s] -- Looking for pthread.h
[3.415s] -- Looking for pthread.h - found
[3.416s] -- Looking for pthread_create
[3.592s] -- Looking for pthread_create - not found
[3.593s] -- Looking for pthread_create in pthreads
[3.741s] -- Looking for pthread_create in pthreads - not found
[3.742s] -- Looking for pthread_create in pthread
[3.915s] -- Looking for pthread_create in pthread - found
[3.917s] -- Found Threads: TRUE  
[3.925s] -- Using Python nosetests: /usr/bin/nosetests-2.7
[4.011s] -- catkin 0.7.29
[4.012s] -- BUILD_SHARED_LIBS is on
[4.544s] -- Using these message generators: gencpp;geneus;genlisp;gennodejs;genpy
[6.952s] -- Found Armadillo: /usr/lib/libarmadillo.so (found version "8.400.0") 
[7.587s] -- Found OpenMP_C: -fopenmp (found version "4.5") 
[7.795s] -- Found OpenMP_CXX: -fopenmp (found version "4.5") 
[7.798s] -- Found OpenMP: TRUE (found version "4.5")  
[8.086s] -- Configuring done
[8.538s] -- Generating done
[8.573s] -- Build files have been written to: /home/chinchia120/autoware.ai/build/lattice_planner
[8.595s] Invoked command in '/home/chinchia120/autoware.ai/build/lattice_planner' returned '0': CMAKE_PREFIX_PATH=/home/chinchia120/autoware.ai/install/waypoint_planner:/home/chinchia120/autoware.ai/install/lanelet2_extension:/home/chinchia120/autoware.ai/install/lanelet2_validation:/home/chinchia120/autoware.ai/install/lanelet2_routing:/home/chinchia120/autoware.ai/install/lanelet2_projection:/home/chinchia120/autoware.ai/install/libwaypoint_follower:/home/chinchia120/autoware.ai/install/lanelet2_traffic_rules:/home/chinchia120/autoware.ai/install/lanelet2_maps:/home/chinchia120/autoware.ai/install/lanelet2_io:/home/chinchia120/autoware.ai/install/vector_map:/home/chinchia120/autoware.ai/install/lanelet2_core:/home/chinchia120/autoware.ai/install/autoware_health_checker:/home/chinchia120/autoware.ai/install/astar_search:/home/chinchia120/autoware.ai/install/amathutils_lib:/home/chinchia120/autoware.ai/install/vector_map_msgs:/home/chinchia120/autoware.ai/install/ros_observer:/home/chinchia120/autoware.ai/install/gnss:/home/chinchia120/autoware.ai/install/autoware_system_msgs:/home/chinchia120/autoware.ai/install/autoware_msgs:/home/chinchia120/autoware.ai/install/autoware_lanelet2_msgs:/home/chinchia120/autoware.ai/install/autoware_config_msgs:/home/chinchia120/autoware.ai/install/autoware_can_msgs:/home/chinchia120/autoware.ai/install/autoware_build_flags:${CMAKE_PREFIX_PATH} LD_LIBRARY_PATH=/home/chinchia120/autoware.ai/install/lanelet2_extension/lib:/home/chinchia120/autoware.ai/install/lanelet2_validation/lib:/home/chinchia120/autoware.ai/install/lanelet2_routing/lib:/home/chinchia120/autoware.ai/install/lanelet2_projection/lib:/home/chinchia120/autoware.ai/install/libwaypoint_follower/lib:/home/chinchia120/autoware.ai/install/lanelet2_traffic_rules/lib:/home/chinchia120/autoware.ai/install/lanelet2_io/lib:/home/chinchia120/autoware.ai/install/vector_map/lib:/home/chinchia120/autoware.ai/install/lanelet2_core/lib:/home/chinchia120/autoware.ai/install/autoware_health_checker/lib:/home/chinchia120/autoware.ai/install/astar_search/lib:/home/chinchia120/autoware.ai/install/amathutils_lib/lib:/home/chinchia120/autoware.ai/install/ros_observer/lib:/home/chinchia120/autoware.ai/install/gnss/lib:${LD_LIBRARY_PATH} PKG_CONFIG_PATH=/home/chinchia120/autoware.ai/install/waypoint_planner/lib/x86_64-linux-gnu/pkgconfig:/home/chinchia120/autoware.ai/install/waypoint_planner/lib/pkgconfig:/home/chinchia120/autoware.ai/install/lanelet2_extension/lib/x86_64-linux-gnu/pkgconfig:/home/chinchia120/autoware.ai/install/lanelet2_extension/lib/pkgconfig:/home/chinchia120/autoware.ai/install/lanelet2_validation/lib/x86_64-linux-gnu/pkgconfig:/home/chinchia120/autoware.ai/install/lanelet2_validation/lib/pkgconfig:/home/chinchia120/autoware.ai/install/lanelet2_routing/lib/x86_64-linux-gnu/pkgconfig:/home/chinchia120/autoware.ai/install/lanelet2_routing/lib/pkgconfig:/home/chinchia120/autoware.ai/install/lanelet2_projection/lib/x86_64-linux-gnu/pkgconfig:/home/chinchia120/autoware.ai/install/lanelet2_projection/lib/pkgconfig:/home/chinchia120/autoware.ai/install/libwaypoint_follower/lib/x86_64-linux-gnu/pkgconfig:/home/chinchia120/autoware.ai/install/libwaypoint_follower/lib/pkgconfig:/home/chinchia120/autoware.ai/install/lanelet2_traffic_rules/lib/x86_64-linux-gnu/pkgconfig:/home/chinchia120/autoware.ai/install/lanelet2_traffic_rules/lib/pkgconfig:/home/chinchia120/autoware.ai/install/lanelet2_maps/lib/x86_64-linux-gnu/pkgconfig:/home/chinchia120/autoware.ai/install/lanelet2_maps/lib/pkgconfig:/home/chinchia120/autoware.ai/install/lanelet2_io/lib/x86_64-linux-gnu/pkgconfig:/home/chinchia120/autoware.ai/install/lanelet2_io/lib/pkgconfig:/home/chinchia120/autoware.ai/install/vector_map/lib/x86_64-linux-gnu/pkgconfig:/home/chinchia120/autoware.ai/install/vector_map/lib/pkgconfig:/home/chinchia120/autoware.ai/install/lanelet2_core/lib/x86_64-linux-gnu/pkgconfig:/home/chinchia120/autoware.ai/install/lanelet2_core/lib/pkgconfig:/home/chinchia120/autoware.ai/install/autoware_health_checker/lib/x86_64-linux-gnu/pkgconfig:/home/chinchia120/autoware.ai/install/autoware_health_checker/lib/pkgconfig:/home/chinchia120/autoware.ai/install/astar_search/lib/x86_64-linux-gnu/pkgconfig:/home/chinchia120/autoware.ai/install/astar_search/lib/pkgconfig:/home/chinchia120/autoware.ai/install/amathutils_lib/lib/x86_64-linux-gnu/pkgconfig:/home/chinchia120/autoware.ai/install/amathutils_lib/lib/pkgconfig:/home/chinchia120/autoware.ai/install/vector_map_msgs/lib/x86_64-linux-gnu/pkgconfig:/home/chinchia120/autoware.ai/install/vector_map_msgs/lib/pkgconfig:/home/chinchia120/autoware.ai/install/ros_observer/lib/x86_64-linux-gnu/pkgconfig:/home/chinchia120/autoware.ai/install/ros_observer/lib/pkgconfig:/home/chinchia120/autoware.ai/install/gnss/lib/x86_64-linux-gnu/pkgconfig:/home/chinchia120/autoware.ai/install/gnss/lib/pkgconfig:/home/chinchia120/autoware.ai/install/autoware_system_msgs/lib/x86_64-linux-gnu/pkgconfig:/home/chinchia120/autoware.ai/install/autoware_system_msgs/lib/pkgconfig:/home/chinchia120/autoware.ai/install/autoware_msgs/lib/x86_64-linux-gnu/pkgconfig:/home/chinchia120/autoware.ai/install/autoware_msgs/lib/pkgconfig:/home/chinchia120/autoware.ai/install/autoware_lanelet2_msgs/lib/x86_64-linux-gnu/pkgconfig:/home/chinchia120/autoware.ai/install/autoware_lanelet2_msgs/lib/pkgconfig:/home/chinchia120/autoware.ai/install/autoware_config_msgs/lib/x86_64-linux-gnu/pkgconfig:/home/chinchia120/autoware.ai/install/autoware_config_msgs/lib/pkgconfig:/home/chinchia120/autoware.ai/install/autoware_can_msgs/lib/x86_64-linux-gnu/pkgconfig:/home/chinchia120/autoware.ai/install/autoware_can_msgs/lib/pkgconfig:/home/chinchia120/autoware.ai/install/autoware_build_flags/lib/x86_64-linux-gnu/pkgconfig:/home/chinchia120/autoware.ai/install/autoware_build_flags/lib/pkgconfig:${PKG_CONFIG_PATH} PYTHONPATH=/home/chinchia120/autoware.ai/install/vector_map_msgs/lib/python2.7/dist-packages:/home/chinchia120/autoware.ai/install/autoware_system_msgs/lib/python2.7/dist-packages:/home/chinchia120/autoware.ai/install/autoware_msgs/lib/python2.7/dist-packages:/home/chinchia120/autoware.ai/install/autoware_lanelet2_msgs/lib/python2.7/dist-packages:/home/chinchia120/autoware.ai/install/autoware_config_msgs/lib/python2.7/dist-packages:/home/chinchia120/autoware.ai/install/autoware_can_msgs/lib/python2.7/dist-packages:${PYTHONPATH} ROS_PACKAGE_PATH=/home/chinchia120/autoware.ai/install/waypoint_planner/share:/home/chinchia120/autoware.ai/install/lanelet2_extension/share:/home/chinchia120/autoware.ai/install/lanelet2_validation/share:/home/chinchia120/autoware.ai/install/lanelet2_routing/share:/home/chinchia120/autoware.ai/install/lanelet2_projection/share:/home/chinchia120/autoware.ai/install/libwaypoint_follower/share:/home/chinchia120/autoware.ai/install/lanelet2_traffic_rules/share:/home/chinchia120/autoware.ai/install/lanelet2_maps/share:/home/chinchia120/autoware.ai/install/lanelet2_io/share:/home/chinchia120/autoware.ai/install/vector_map/share:/home/chinchia120/autoware.ai/install/lanelet2_core/share:/home/chinchia120/autoware.ai/install/autoware_health_checker/share:/home/chinchia120/autoware.ai/install/astar_search/share:/home/chinchia120/autoware.ai/install/amathutils_lib/share:/home/chinchia120/autoware.ai/install/vector_map_msgs/share:/home/chinchia120/autoware.ai/install/ros_observer/share:/home/chinchia120/autoware.ai/install/gnss/share:/home/chinchia120/autoware.ai/install/autoware_system_msgs/share:/home/chinchia120/autoware.ai/install/autoware_msgs/share:/home/chinchia120/autoware.ai/install/autoware_lanelet2_msgs/share:/home/chinchia120/autoware.ai/install/autoware_config_msgs/share:/home/chinchia120/autoware.ai/install/autoware_can_msgs/share:/home/chinchia120/autoware.ai/install/autoware_build_flags/share:${ROS_PACKAGE_PATH} /usr/bin/cmake /home/chinchia120/autoware.ai/src/autoware/core_planning/lattice_planner -DCMAKE_BUILD_TYPE=Release -DCATKIN_INSTALL_INTO_PREFIX_ROOT=0 -DCMAKE_INSTALL_PREFIX=/home/chinchia120/autoware.ai/install/lattice_planner
[8.598s] Invoking command in '/home/chinchia120/autoware.ai/build/lattice_planner': CMAKE_PREFIX_PATH=/home/chinchia120/autoware.ai/install/waypoint_planner:/home/chinchia120/autoware.ai/install/lanelet2_extension:/home/chinchia120/autoware.ai/install/lanelet2_validation:/home/chinchia120/autoware.ai/install/lanelet2_routing:/home/chinchia120/autoware.ai/install/lanelet2_projection:/home/chinchia120/autoware.ai/install/libwaypoint_follower:/home/chinchia120/autoware.ai/install/lanelet2_traffic_rules:/home/chinchia120/autoware.ai/install/lanelet2_maps:/home/chinchia120/autoware.ai/install/lanelet2_io:/home/chinchia120/autoware.ai/install/vector_map:/home/chinchia120/autoware.ai/install/lanelet2_core:/home/chinchia120/autoware.ai/install/autoware_health_checker:/home/chinchia120/autoware.ai/install/astar_search:/home/chinchia120/autoware.ai/install/amathutils_lib:/home/chinchia120/autoware.ai/install/vector_map_msgs:/home/chinchia120/autoware.ai/install/ros_observer:/home/chinchia120/autoware.ai/install/gnss:/home/chinchia120/autoware.ai/install/autoware_system_msgs:/home/chinchia120/autoware.ai/install/autoware_msgs:/home/chinchia120/autoware.ai/install/autoware_lanelet2_msgs:/home/chinchia120/autoware.ai/install/autoware_config_msgs:/home/chinchia120/autoware.ai/install/autoware_can_msgs:/home/chinchia120/autoware.ai/install/autoware_build_flags:${CMAKE_PREFIX_PATH} LD_LIBRARY_PATH=/home/chinchia120/autoware.ai/install/lanelet2_extension/lib:/home/chinchia120/autoware.ai/install/lanelet2_validation/lib:/home/chinchia120/autoware.ai/install/lanelet2_routing/lib:/home/chinchia120/autoware.ai/install/lanelet2_projection/lib:/home/chinchia120/autoware.ai/install/libwaypoint_follower/lib:/home/chinchia120/autoware.ai/install/lanelet2_traffic_rules/lib:/home/chinchia120/autoware.ai/install/lanelet2_io/lib:/home/chinchia120/autoware.ai/install/vector_map/lib:/home/chinchia120/autoware.ai/install/lanelet2_core/lib:/home/chinchia120/autoware.ai/install/autoware_health_checker/lib:/home/chinchia120/autoware.ai/install/astar_search/lib:/home/chinchia120/autoware.ai/install/amathutils_lib/lib:/home/chinchia120/autoware.ai/install/ros_observer/lib:/home/chinchia120/autoware.ai/install/gnss/lib:${LD_LIBRARY_PATH} PKG_CONFIG_PATH=/home/chinchia120/autoware.ai/install/waypoint_planner/lib/x86_64-linux-gnu/pkgconfig:/home/chinchia120/autoware.ai/install/waypoint_planner/lib/pkgconfig:/home/chinchia120/autoware.ai/install/lanelet2_extension/lib/x86_64-linux-gnu/pkgconfig:/home/chinchia120/autoware.ai/install/lanelet2_extension/lib/pkgconfig:/home/chinchia120/autoware.ai/install/lanelet2_validation/lib/x86_64-linux-gnu/pkgconfig:/home/chinchia120/autoware.ai/install/lanelet2_validation/lib/pkgconfig:/home/chinchia120/autoware.ai/install/lanelet2_routing/lib/x86_64-linux-gnu/pkgconfig:/home/chinchia120/autoware.ai/install/lanelet2_routing/lib/pkgconfig:/home/chinchia120/autoware.ai/install/lanelet2_projection/lib/x86_64-linux-gnu/pkgconfig:/home/chinchia120/autoware.ai/install/lanelet2_projection/lib/pkgconfig:/home/chinchia120/autoware.ai/install/libwaypoint_follower/lib/x86_64-linux-gnu/pkgconfig:/home/chinchia120/autoware.ai/install/libwaypoint_follower/lib/pkgconfig:/home/chinchia120/autoware.ai/install/lanelet2_traffic_rules/lib/x86_64-linux-gnu/pkgconfig:/home/chinchia120/autoware.ai/install/lanelet2_traffic_rules/lib/pkgconfig:/home/chinchia120/autoware.ai/install/lanelet2_maps/lib/x86_64-linux-gnu/pkgconfig:/home/chinchia120/autoware.ai/install/lanelet2_maps/lib/pkgconfig:/home/chinchia120/autoware.ai/install/lanelet2_io/lib/x86_64-linux-gnu/pkgconfig:/home/chinchia120/autoware.ai/install/lanelet2_io/lib/pkgconfig:/home/chinchia120/autoware.ai/install/vector_map/lib/x86_64-linux-gnu/pkgconfig:/home/chinchia120/autoware.ai/install/vector_map/lib/pkgconfig:/home/chinchia120/autoware.ai/install/lanelet2_core/lib/x86_64-linux-gnu/pkgconfig:/home/chinchia120/autoware.ai/install/lanelet2_core/lib/pkgconfig:/home/chinchia120/autoware.ai/install/autoware_health_checker/lib/x86_64-linux-gnu/pkgconfig:/home/chinchia120/autoware.ai/install/autoware_health_checker/lib/pkgconfig:/home/chinchia120/autoware.ai/install/astar_search/lib/x86_64-linux-gnu/pkgconfig:/home/chinchia120/autoware.ai/install/astar_search/lib/pkgconfig:/home/chinchia120/autoware.ai/install/amathutils_lib/lib/x86_64-linux-gnu/pkgconfig:/home/chinchia120/autoware.ai/install/amathutils_lib/lib/pkgconfig:/home/chinchia120/autoware.ai/install/vector_map_msgs/lib/x86_64-linux-gnu/pkgconfig:/home/chinchia120/autoware.ai/install/vector_map_msgs/lib/pkgconfig:/home/chinchia120/autoware.ai/install/ros_observer/lib/x86_64-linux-gnu/pkgconfig:/home/chinchia120/autoware.ai/install/ros_observer/lib/pkgconfig:/home/chinchia120/autoware.ai/install/gnss/lib/x86_64-linux-gnu/pkgconfig:/home/chinchia120/autoware.ai/install/gnss/lib/pkgconfig:/home/chinchia120/autoware.ai/install/autoware_system_msgs/lib/x86_64-linux-gnu/pkgconfig:/home/chinchia120/autoware.ai/install/autoware_system_msgs/lib/pkgconfig:/home/chinchia120/autoware.ai/install/autoware_msgs/lib/x86_64-linux-gnu/pkgconfig:/home/chinchia120/autoware.ai/install/autoware_msgs/lib/pkgconfig:/home/chinchia120/autoware.ai/install/autoware_lanelet2_msgs/lib/x86_64-linux-gnu/pkgconfig:/home/chinchia120/autoware.ai/install/autoware_lanelet2_msgs/lib/pkgconfig:/home/chinchia120/autoware.ai/install/autoware_config_msgs/lib/x86_64-linux-gnu/pkgconfig:/home/chinchia120/autoware.ai/install/autoware_config_msgs/lib/pkgconfig:/home/chinchia120/autoware.ai/install/autoware_can_msgs/lib/x86_64-linux-gnu/pkgconfig:/home/chinchia120/autoware.ai/install/autoware_can_msgs/lib/pkgconfig:/home/chinchia120/autoware.ai/install/autoware_build_flags/lib/x86_64-linux-gnu/pkgconfig:/home/chinchia120/autoware.ai/install/autoware_build_flags/lib/pkgconfig:${PKG_CONFIG_PATH} PYTHONPATH=/home/chinchia120/autoware.ai/install/vector_map_msgs/lib/python2.7/dist-packages:/home/chinchia120/autoware.ai/install/autoware_system_msgs/lib/python2.7/dist-packages:/home/chinchia120/autoware.ai/install/autoware_msgs/lib/python2.7/dist-packages:/home/chinchia120/autoware.ai/install/autoware_lanelet2_msgs/lib/python2.7/dist-packages:/home/chinchia120/autoware.ai/install/autoware_config_msgs/lib/python2.7/dist-packages:/home/chinchia120/autoware.ai/install/autoware_can_msgs/lib/python2.7/dist-packages:${PYTHONPATH} ROS_PACKAGE_PATH=/home/chinchia120/autoware.ai/install/waypoint_planner/share:/home/chinchia120/autoware.ai/install/lanelet2_extension/share:/home/chinchia120/autoware.ai/install/lanelet2_validation/share:/home/chinchia120/autoware.ai/install/lanelet2_routing/share:/home/chinchia120/autoware.ai/install/lanelet2_projection/share:/home/chinchia120/autoware.ai/install/libwaypoint_follower/share:/home/chinchia120/autoware.ai/install/lanelet2_traffic_rules/share:/home/chinchia120/autoware.ai/install/lanelet2_maps/share:/home/chinchia120/autoware.ai/install/lanelet2_io/share:/home/chinchia120/autoware.ai/install/vector_map/share:/home/chinchia120/autoware.ai/install/lanelet2_core/share:/home/chinchia120/autoware.ai/install/autoware_health_checker/share:/home/chinchia120/autoware.ai/install/astar_search/share:/home/chinchia120/autoware.ai/install/amathutils_lib/share:/home/chinchia120/autoware.ai/install/vector_map_msgs/share:/home/chinchia120/autoware.ai/install/ros_observer/share:/home/chinchia120/autoware.ai/install/gnss/share:/home/chinchia120/autoware.ai/install/autoware_system_msgs/share:/home/chinchia120/autoware.ai/install/autoware_msgs/share:/home/chinchia120/autoware.ai/install/autoware_lanelet2_msgs/share:/home/chinchia120/autoware.ai/install/autoware_config_msgs/share:/home/chinchia120/autoware.ai/install/autoware_can_msgs/share:/home/chinchia120/autoware.ai/install/autoware_build_flags/share:${ROS_PACKAGE_PATH} /usr/bin/cmake --build /home/chinchia120/autoware.ai/build/lattice_planner -- -j4 -l4
[8.732s] [35m[1mScanning dependencies of target tf2_msgs_generate_messages_lisp[0m
[8.767s] [  0%] Built target tf2_msgs_generate_messages_lisp
[8.794s] [35m[1mScanning dependencies of target vector_map_msgs_generate_messages_lisp[0m
[8.828s] [  0%] Built target vector_map_msgs_generate_messages_lisp
[8.861s] [35m[1mScanning dependencies of target vector_map_msgs_generate_messages_eus[0m
[8.887s] [  0%] Built target vector_map_msgs_generate_messages_eus
[8.914s] [35m[1mScanning dependencies of target vector_map_msgs_generate_messages_cpp[0m
[8.948s] [  0%] Built target vector_map_msgs_generate_messages_cpp
[8.978s] [35m[1mScanning dependencies of target visualization_msgs_generate_messages_py[0m
[9.007s] [  0%] Built target visualization_msgs_generate_messages_py
[9.040s] [35m[1mScanning dependencies of target visualization_msgs_generate_messages_nodejs[0m
[9.078s] [  0%] Built target visualization_msgs_generate_messages_nodejs
[9.111s] [35m[1mScanning dependencies of target visualization_msgs_generate_messages_eus[0m
[9.141s] [  0%] Built target visualization_msgs_generate_messages_eus
[9.172s] [35m[1mScanning dependencies of target topic_tools_generate_messages_nodejs[0m
[9.200s] [  0%] Built target topic_tools_generate_messages_nodejs
[9.232s] [35m[1mScanning dependencies of target topic_tools_generate_messages_eus[0m
[9.260s] [  0%] Built target topic_tools_generate_messages_eus
[9.296s] [35m[1mScanning dependencies of target topic_tools_generate_messages_cpp[0m
[9.333s] [  0%] Built target topic_tools_generate_messages_cpp
[9.359s] [35m[1mScanning dependencies of target std_srvs_generate_messages_py[0m
[9.396s] [  0%] Built target std_srvs_generate_messages_py
[9.423s] [35m[1mScanning dependencies of target std_srvs_generate_messages_nodejs[0m
[9.449s] [  0%] Built target std_srvs_generate_messages_nodejs
[9.475s] [35m[1mScanning dependencies of target std_srvs_generate_messages_lisp[0m
[9.511s] [  0%] Built target std_srvs_generate_messages_lisp
[9.543s] [35m[1mScanning dependencies of target vector_map_msgs_generate_messages_nodejs[0m
[9.577s] [  0%] Built target vector_map_msgs_generate_messages_nodejs
[9.612s] [35m[1mScanning dependencies of target bond_generate_messages_py[0m
[9.647s] [  0%] Built target bond_generate_messages_py
[9.674s] [35m[1mScanning dependencies of target bond_generate_messages_lisp[0m
[9.706s] [  0%] Built target bond_generate_messages_lisp
[9.738s] [35m[1mScanning dependencies of target bond_generate_messages_eus[0m
[9.773s] [  0%] Built target bond_generate_messages_eus
[9.806s] [35m[1mScanning dependencies of target bond_generate_messages_cpp[0m
[9.842s] [  0%] Built target bond_generate_messages_cpp
[9.872s] [35m[1mScanning dependencies of target nodelet_generate_messages_nodejs[0m
[9.910s] [  0%] Built target nodelet_generate_messages_nodejs
[9.937s] [35m[1mScanning dependencies of target nodelet_generate_messages_eus[0m
[9.975s] [  0%] Built target nodelet_generate_messages_eus
[10.013s] [35m[1mScanning dependencies of target nodelet_generate_messages_cpp[0m
[10.040s] [  0%] Built target nodelet_generate_messages_cpp
[10.073s] [35m[1mScanning dependencies of target dynamic_reconfigure_generate_messages_lisp[0m
[10.105s] [  0%] Built target dynamic_reconfigure_generate_messages_lisp
[10.137s] [35m[1mScanning dependencies of target dynamic_reconfigure_generate_messages_eus[0m
[10.164s] [  0%] Built target dynamic_reconfigure_generate_messages_eus
[10.191s] [35m[1mScanning dependencies of target pcl_ros_gencfg[0m
[10.225s] [  0%] Built target pcl_ros_gencfg
[10.264s] [35m[1mScanning dependencies of target tf2_msgs_generate_messages_nodejs[0m
[10.292s] [  0%] Built target tf2_msgs_generate_messages_nodejs
[10.321s] [35m[1mScanning dependencies of target rosgraph_msgs_generate_messages_eus[0m
[10.347s] [  0%] Built target rosgraph_msgs_generate_messages_eus
[10.374s] [35m[1mScanning dependencies of target jsk_recognition_msgs_generate_messages_lisp[0m
[10.411s] [  0%] Built target jsk_recognition_msgs_generate_messages_lisp
[10.440s] [35m[1mScanning dependencies of target jsk_recognition_msgs_generate_messages_eus[0m
[10.475s] [  0%] Built target jsk_recognition_msgs_generate_messages_eus
[10.536s] [35m[1mScanning dependencies of target tf2_msgs_generate_messages_cpp[0m
[10.575s] [  0%] Built target tf2_msgs_generate_messages_cpp
[10.614s] [35m[1mScanning dependencies of target geometry_msgs_generate_messages_lisp[0m
[10.645s] [  0%] Built target geometry_msgs_generate_messages_lisp
[10.673s] [35m[1mScanning dependencies of target geometry_msgs_generate_messages_eus[0m
[10.708s] [  0%] Built target geometry_msgs_generate_messages_eus
[10.741s] [35m[1mScanning dependencies of target autoware_msgs_generate_messages_lisp[0m
[10.774s] [  0%] Built target autoware_msgs_generate_messages_lisp
[10.806s] [35m[1mScanning dependencies of target topic_tools_generate_messages_lisp[0m
[10.837s] [  0%] Built target topic_tools_generate_messages_lisp
[10.869s] [35m[1mScanning dependencies of target jsk_recognition_msgs_generate_messages_cpp[0m
[10.897s] [  0%] Built target jsk_recognition_msgs_generate_messages_cpp
[10.924s] [35m[1mScanning dependencies of target autoware_msgs_generate_messages_eus[0m
[10.956s] [  0%] Built target autoware_msgs_generate_messages_eus
[10.992s] [35m[1mScanning dependencies of target autoware_msgs_generate_messages_cpp[0m
[11.033s] [  0%] Built target autoware_msgs_generate_messages_cpp
[11.067s] [35m[1mScanning dependencies of target rosgraph_msgs_generate_messages_cpp[0m
[11.096s] [  0%] Built target rosgraph_msgs_generate_messages_cpp
[11.121s] [35m[1mScanning dependencies of target autoware_config_msgs_generate_messages_lisp[0m
[11.149s] [  0%] Built target autoware_config_msgs_generate_messages_lisp
[11.181s] [35m[1mScanning dependencies of target autoware_config_msgs_generate_messages_eus[0m
[11.214s] [  0%] Built target autoware_config_msgs_generate_messages_eus
[11.247s] [35m[1mScanning dependencies of target autoware_can_msgs_generate_messages_cpp[0m
[11.283s] [  0%] Built target autoware_can_msgs_generate_messages_cpp
[11.311s] [35m[1mScanning dependencies of target dynamic_reconfigure_generate_messages_py[0m
[11.345s] [  0%] Built target dynamic_reconfigure_generate_messages_py
[11.373s] [35m[1mScanning dependencies of target autoware_can_msgs_generate_messages_lisp[0m
[11.402s] [  0%] Built target autoware_can_msgs_generate_messages_lisp
[11.426s] [35m[1mScanning dependencies of target autoware_can_msgs_generate_messages_nodejs[0m
[11.455s] [  0%] Built target autoware_can_msgs_generate_messages_nodejs
[11.493s] [35m[1mScanning dependencies of target jsk_recognition_msgs_generate_messages_py[0m
[11.527s] [  0%] Built target jsk_recognition_msgs_generate_messages_py
[11.552s] [35m[1mScanning dependencies of target std_srvs_generate_messages_cpp[0m
[11.584s] [  0%] Built target std_srvs_generate_messages_cpp
[11.617s] [35m[1mScanning dependencies of target sensor_msgs_generate_messages_lisp[0m
[11.652s] [  0%] Built target sensor_msgs_generate_messages_lisp
[11.684s] [35m[1mScanning dependencies of target nodelet_generate_messages_lisp[0m
[11.712s] [  0%] Built target nodelet_generate_messages_lisp
[11.743s] [35m[1mScanning dependencies of target autoware_msgs_generate_messages_py[0m
[11.772s] [  0%] Built target autoware_msgs_generate_messages_py
[11.800s] [35m[1mScanning dependencies of target std_msgs_generate_messages_py[0m
[11.828s] [  0%] Built target std_msgs_generate_messages_py
[11.865s] [35m[1mScanning dependencies of target topic_tools_generate_messages_py[0m
[11.893s] [  0%] Built target topic_tools_generate_messages_py
[11.917s] [35m[1mScanning dependencies of target nodelet_topic_tools_gencfg[0m
[11.941s] [  0%] Built target nodelet_topic_tools_gencfg
[11.972s] [35m[1mScanning dependencies of target actionlib_msgs_generate_messages_nodejs[0m
[12.001s] [  0%] Built target actionlib_msgs_generate_messages_nodejs
[12.038s] [35m[1mScanning dependencies of target std_msgs_generate_messages_cpp[0m
[12.079s] [  0%] Built target std_msgs_generate_messages_cpp
[12.105s] [35m[1mScanning dependencies of target jsk_footstep_msgs_generate_messages_py[0m
[12.139s] [  0%] Built target jsk_footstep_msgs_generate_messages_py
[12.171s] [35m[1mScanning dependencies of target autoware_msgs_generate_messages_nodejs[0m
[12.199s] [  0%] Built target autoware_msgs_generate_messages_nodejs
[12.227s] [35m[1mScanning dependencies of target visualization_msgs_generate_messages_lisp[0m
[12.271s] [  0%] Built target visualization_msgs_generate_messages_lisp
[12.302s] [35m[1mScanning dependencies of target std_msgs_generate_messages_eus[0m
[12.335s] [  0%] Built target std_msgs_generate_messages_eus
[12.368s] [35m[1mScanning dependencies of target geometry_msgs_generate_messages_nodejs[0m
[12.395s] [  0%] Built target geometry_msgs_generate_messages_nodejs
[12.420s] [35m[1mScanning dependencies of target geometry_msgs_generate_messages_py[0m
[12.445s] [  0%] Built target geometry_msgs_generate_messages_py
[12.478s] [35m[1mScanning dependencies of target bond_generate_messages_nodejs[0m
[12.511s] [  0%] Built target bond_generate_messages_nodejs
[12.538s] [35m[1mScanning dependencies of target autoware_config_msgs_generate_messages_py[0m
[12.570s] [  0%] Built target autoware_config_msgs_generate_messages_py
[12.603s] [35m[1mScanning dependencies of target roscpp_generate_messages_eus[0m
[12.630s] [  0%] Built target roscpp_generate_messages_eus
[12.657s] [35m[1mScanning dependencies of target actionlib_msgs_generate_messages_eus[0m
[12.696s] [  0%] Built target actionlib_msgs_generate_messages_eus
[12.725s] [35m[1mScanning dependencies of target autoware_can_msgs_generate_messages_eus[0m
[12.753s] [  0%] Built target autoware_can_msgs_generate_messages_eus
[12.791s] [35m[1mScanning dependencies of target rosgraph_msgs_generate_messages_py[0m
[12.824s] [  0%] Built target rosgraph_msgs_generate_messages_py
[12.849s] [35m[1mScanning dependencies of target dynamic_reconfigure_generate_messages_nodejs[0m
[12.877s] [  0%] Built target dynamic_reconfigure_generate_messages_nodejs
[12.901s] [35m[1mScanning dependencies of target autoware_can_msgs_generate_messages_py[0m
[12.928s] [  0%] Built target autoware_can_msgs_generate_messages_py
[12.951s] [35m[1mScanning dependencies of target sensor_msgs_generate_messages_cpp[0m
[12.979s] [  0%] Built target sensor_msgs_generate_messages_cpp
[13.006s] [35m[1mScanning dependencies of target roscpp_generate_messages_nodejs[0m
[13.032s] [  0%] Built target roscpp_generate_messages_nodejs
[13.064s] [35m[1mScanning dependencies of target std_msgs_generate_messages_lisp[0m
[13.101s] [  0%] Built target std_msgs_generate_messages_lisp
[13.128s] [35m[1mScanning dependencies of target std_msgs_generate_messages_nodejs[0m
[13.165s] [  0%] Built target std_msgs_generate_messages_nodejs
[13.190s] [35m[1mScanning dependencies of target sensor_msgs_generate_messages_eus[0m
[13.220s] [  0%] Built target sensor_msgs_generate_messages_eus
[13.254s] [35m[1mScanning dependencies of target sensor_msgs_generate_messages_nodejs[0m
[13.291s] [  0%] Built target sensor_msgs_generate_messages_nodejs
[13.317s] [35m[1mScanning dependencies of target roscpp_generate_messages_cpp[0m
[13.354s] [  0%] Built target roscpp_generate_messages_cpp
[13.390s] [35m[1mScanning dependencies of target actionlib_generate_messages_cpp[0m
[13.428s] [  0%] Built target actionlib_generate_messages_cpp
[13.464s] [35m[1mScanning dependencies of target nodelet_generate_messages_py[0m
[13.500s] [  0%] Built target nodelet_generate_messages_py
[13.525s] [35m[1mScanning dependencies of target sensor_msgs_generate_messages_py[0m
[13.557s] [  0%] Built target sensor_msgs_generate_messages_py
[13.589s] [35m[1mScanning dependencies of target dynamic_reconfigure_generate_messages_cpp[0m
[13.626s] [  0%] Built target dynamic_reconfigure_generate_messages_cpp
[13.659s] [35m[1mScanning dependencies of target tf_generate_messages_py[0m
[13.693s] [  0%] Built target tf_generate_messages_py
[13.728s] [35m[1mScanning dependencies of target pcl_msgs_generate_messages_cpp[0m
[13.757s] [  0%] Built target pcl_msgs_generate_messages_cpp
[13.784s] [35m[1mScanning dependencies of target pcl_msgs_generate_messages_eus[0m
[13.811s] [  0%] Built target pcl_msgs_generate_messages_eus
[13.840s] [35m[1mScanning dependencies of target pcl_msgs_generate_messages_nodejs[0m
[13.873s] [  0%] Built target pcl_msgs_generate_messages_nodejs
[13.900s] [35m[1mScanning dependencies of target jsk_footstep_msgs_generate_messages_eus[0m
[13.926s] [  0%] Built target jsk_footstep_msgs_generate_messages_eus
[13.959s] [35m[1mScanning dependencies of target actionlib_msgs_generate_messages_py[0m
[13.994s] [  0%] Built target actionlib_msgs_generate_messages_py
[14.033s] [35m[1mScanning dependencies of target jsk_footstep_msgs_generate_messages_lisp[0m
[14.067s] [  0%] Built target jsk_footstep_msgs_generate_messages_lisp
[14.101s] [35m[1mScanning dependencies of target jsk_footstep_msgs_generate_messages_nodejs[0m
[14.136s] [  0%] Built target jsk_footstep_msgs_generate_messages_nodejs
[14.176s] [35m[1mScanning dependencies of target actionlib_msgs_generate_messages_lisp[0m
[14.206s] [  0%] Built target actionlib_msgs_generate_messages_lisp
[14.231s] [35m[1mScanning dependencies of target actionlib_generate_messages_nodejs[0m
[14.266s] [  0%] Built target actionlib_generate_messages_nodejs
[14.300s] [35m[1mScanning dependencies of target pcl_msgs_generate_messages_lisp[0m
[14.339s] [  0%] Built target pcl_msgs_generate_messages_lisp
[14.377s] [35m[1mScanning dependencies of target tf_generate_messages_cpp[0m
[14.408s] [  0%] Built target tf_generate_messages_cpp
[14.439s] [35m[1mScanning dependencies of target jsk_footstep_msgs_generate_messages_cpp[0m
[14.473s] [  0%] Built target jsk_footstep_msgs_generate_messages_cpp
[14.506s] [35m[1mScanning dependencies of target actionlib_msgs_generate_messages_cpp[0m
[14.542s] [  0%] Built target actionlib_msgs_generate_messages_cpp
[14.588s] [35m[1mScanning dependencies of target tf_generate_messages_eus[0m
[14.620s] [  0%] Built target tf_generate_messages_eus
[14.647s] [35m[1mScanning dependencies of target tf_generate_messages_lisp[0m
[14.688s] [  0%] Built target tf_generate_messages_lisp
[14.719s] [35m[1mScanning dependencies of target autoware_config_msgs_generate_messages_nodejs[0m
[14.748s] [  0%] Built target autoware_config_msgs_generate_messages_nodejs
[14.786s] [35m[1mScanning dependencies of target tf_generate_messages_nodejs[0m
[14.816s] [  0%] Built target tf_generate_messages_nodejs
[14.842s] [35m[1mScanning dependencies of target std_srvs_generate_messages_eus[0m
[14.873s] [  0%] Built target std_srvs_generate_messages_eus
[14.902s] [35m[1mScanning dependencies of target jsk_recognition_msgs_generate_messages_nodejs[0m
[14.935s] [  0%] Built target jsk_recognition_msgs_generate_messages_nodejs
[14.971s] [35m[1mScanning dependencies of target roscpp_generate_messages_lisp[0m
[15.007s] [  0%] Built target roscpp_generate_messages_lisp
[15.042s] [35m[1mScanning dependencies of target roscpp_generate_messages_py[0m
[15.080s] [  0%] Built target roscpp_generate_messages_py
[15.109s] [35m[1mScanning dependencies of target rosgraph_msgs_generate_messages_lisp[0m
[15.146s] [  0%] Built target rosgraph_msgs_generate_messages_lisp
[15.186s] [35m[1mScanning dependencies of target autoware_config_msgs_generate_messages_cpp[0m
[15.211s] [  0%] Built target autoware_config_msgs_generate_messages_cpp
[15.240s] [35m[1mScanning dependencies of target rosgraph_msgs_generate_messages_nodejs[0m
[15.270s] [  0%] Built target rosgraph_msgs_generate_messages_nodejs
[15.306s] [35m[1mScanning dependencies of target pcl_msgs_generate_messages_py[0m
[15.345s] [  0%] Built target pcl_msgs_generate_messages_py
[15.378s] [35m[1mScanning dependencies of target actionlib_generate_messages_eus[0m
[15.407s] [  0%] Built target actionlib_generate_messages_eus
[15.435s] [35m[1mScanning dependencies of target geometry_msgs_generate_messages_cpp[0m
[15.460s] [  0%] Built target geometry_msgs_generate_messages_cpp
[15.499s] [35m[1mScanning dependencies of target actionlib_generate_messages_lisp[0m
[15.538s] [  0%] Built target actionlib_generate_messages_lisp
[15.579s] [35m[1mScanning dependencies of target tf2_msgs_generate_messages_py[0m
[15.617s] [  0%] Built target tf2_msgs_generate_messages_py
[15.648s] [35m[1mScanning dependencies of target actionlib_generate_messages_py[0m
[15.676s] [  0%] Built target actionlib_generate_messages_py
[15.712s] [35m[1mScanning dependencies of target visualization_msgs_generate_messages_cpp[0m
[15.750s] [  0%] Built target visualization_msgs_generate_messages_cpp
[15.781s] [35m[1mScanning dependencies of target tf2_msgs_generate_messages_eus[0m
[15.815s] [  0%] Built target tf2_msgs_generate_messages_eus
[15.844s] [35m[1mScanning dependencies of target dynamic_reconfigure_gencfg[0m
[15.870s] [  0%] Built target dynamic_reconfigure_gencfg
[15.902s] [35m[1mScanning dependencies of target vector_map_msgs_generate_messages_py[0m
[15.935s] [  0%] Built target vector_map_msgs_generate_messages_py
[15.961s] [35m[1mScanning dependencies of target libtraj_gen[0m
[16.011s] [  9%] [32mBuilding CXX object CMakeFiles/libtraj_gen.dir/lib/libtraj_gen.cpp.o[0m
[20.729s] [ 18%] [32m[1mLinking CXX shared library devel/lib/liblibtraj_gen.so[0m
[21.752s] [ 18%] Built target libtraj_gen
[21.778s] [35m[1mScanning dependencies of target path_select[0m
[21.880s] [ 27%] [32mBuilding CXX object CMakeFiles/path_select.dir/nodes/path_select/path_select.cpp.o[0m
[26.952s] [ 36%] [32m[1mLinking CXX executable devel/lib/lattice_planner/path_select[0m
[27.861s] [ 36%] Built target path_select
[27.888s] [35m[1mScanning dependencies of target lattice_trajectory_gen[0m
[27.993s] [ 45%] [32mBuilding CXX object CMakeFiles/lattice_trajectory_gen.dir/nodes/lattice_trajectory_gen/lattice_trajectory_gen.cpp.o[0m
[42.353s] [ 54%] [32m[1mLinking CXX executable devel/lib/lattice_planner/lattice_trajectory_gen[0m
[43.148s] [ 54%] Built target lattice_trajectory_gen
[43.180s] [35m[1mScanning dependencies of target lattice_twist_convert[0m
[43.285s] [ 63%] [32mBuilding CXX object CMakeFiles/lattice_twist_convert.dir/nodes/lattice_twist_convert/lattice_twist_convert.cpp.o[0m
[53.723s] [ 72%] [32m[1mLinking CXX executable devel/lib/lattice_planner/lattice_twist_convert[0m
[54.403s] [ 72%] Built target lattice_twist_convert
[54.432s] [35m[1mScanning dependencies of target lattice_velocity_set[0m
[54.640s] [ 81%] [32mBuilding CXX object CMakeFiles/lattice_velocity_set.dir/nodes/lattice_velocity_set/lattice_velocity_set.cpp.o[0m
[83.107s] [ 90%] [32mBuilding CXX object CMakeFiles/lattice_velocity_set.dir/nodes/lattice_velocity_set/libvelocity_set.cpp.o[0m
[88.988s] [100%] [32m[1mLinking CXX executable devel/lib/lattice_planner/lattice_velocity_set[0m
[90.081s] [100%] Built target lattice_velocity_set
[90.107s] Invoked command in '/home/chinchia120/autoware.ai/build/lattice_planner' returned '0': CMAKE_PREFIX_PATH=/home/chinchia120/autoware.ai/install/waypoint_planner:/home/chinchia120/autoware.ai/install/lanelet2_extension:/home/chinchia120/autoware.ai/install/lanelet2_validation:/home/chinchia120/autoware.ai/install/lanelet2_routing:/home/chinchia120/autoware.ai/install/lanelet2_projection:/home/chinchia120/autoware.ai/install/libwaypoint_follower:/home/chinchia120/autoware.ai/install/lanelet2_traffic_rules:/home/chinchia120/autoware.ai/install/lanelet2_maps:/home/chinchia120/autoware.ai/install/lanelet2_io:/home/chinchia120/autoware.ai/install/vector_map:/home/chinchia120/autoware.ai/install/lanelet2_core:/home/chinchia120/autoware.ai/install/autoware_health_checker:/home/chinchia120/autoware.ai/install/astar_search:/home/chinchia120/autoware.ai/install/amathutils_lib:/home/chinchia120/autoware.ai/install/vector_map_msgs:/home/chinchia120/autoware.ai/install/ros_observer:/home/chinchia120/autoware.ai/install/gnss:/home/chinchia120/autoware.ai/install/autoware_system_msgs:/home/chinchia120/autoware.ai/install/autoware_msgs:/home/chinchia120/autoware.ai/install/autoware_lanelet2_msgs:/home/chinchia120/autoware.ai/install/autoware_config_msgs:/home/chinchia120/autoware.ai/install/autoware_can_msgs:/home/chinchia120/autoware.ai/install/autoware_build_flags:${CMAKE_PREFIX_PATH} LD_LIBRARY_PATH=/home/chinchia120/autoware.ai/install/lanelet2_extension/lib:/home/chinchia120/autoware.ai/install/lanelet2_validation/lib:/home/chinchia120/autoware.ai/install/lanelet2_routing/lib:/home/chinchia120/autoware.ai/install/lanelet2_projection/lib:/home/chinchia120/autoware.ai/install/libwaypoint_follower/lib:/home/chinchia120/autoware.ai/install/lanelet2_traffic_rules/lib:/home/chinchia120/autoware.ai/install/lanelet2_io/lib:/home/chinchia120/autoware.ai/install/vector_map/lib:/home/chinchia120/autoware.ai/install/lanelet2_core/lib:/home/chinchia120/autoware.ai/install/autoware_health_checker/lib:/home/chinchia120/autoware.ai/install/astar_search/lib:/home/chinchia120/autoware.ai/install/amathutils_lib/lib:/home/chinchia120/autoware.ai/install/ros_observer/lib:/home/chinchia120/autoware.ai/install/gnss/lib:${LD_LIBRARY_PATH} PKG_CONFIG_PATH=/home/chinchia120/autoware.ai/install/waypoint_planner/lib/x86_64-linux-gnu/pkgconfig:/home/chinchia120/autoware.ai/install/waypoint_planner/lib/pkgconfig:/home/chinchia120/autoware.ai/install/lanelet2_extension/lib/x86_64-linux-gnu/pkgconfig:/home/chinchia120/autoware.ai/install/lanelet2_extension/lib/pkgconfig:/home/chinchia120/autoware.ai/install/lanelet2_validation/lib/x86_64-linux-gnu/pkgconfig:/home/chinchia120/autoware.ai/install/lanelet2_validation/lib/pkgconfig:/home/chinchia120/autoware.ai/install/lanelet2_routing/lib/x86_64-linux-gnu/pkgconfig:/home/chinchia120/autoware.ai/install/lanelet2_routing/lib/pkgconfig:/home/chinchia120/autoware.ai/install/lanelet2_projection/lib/x86_64-linux-gnu/pkgconfig:/home/chinchia120/autoware.ai/install/lanelet2_projection/lib/pkgconfig:/home/chinchia120/autoware.ai/install/libwaypoint_follower/lib/x86_64-linux-gnu/pkgconfig:/home/chinchia120/autoware.ai/install/libwaypoint_follower/lib/pkgconfig:/home/chinchia120/autoware.ai/install/lanelet2_traffic_rules/lib/x86_64-linux-gnu/pkgconfig:/home/chinchia120/autoware.ai/install/lanelet2_traffic_rules/lib/pkgconfig:/home/chinchia120/autoware.ai/install/lanelet2_maps/lib/x86_64-linux-gnu/pkgconfig:/home/chinchia120/autoware.ai/install/lanelet2_maps/lib/pkgconfig:/home/chinchia120/autoware.ai/install/lanelet2_io/lib/x86_64-linux-gnu/pkgconfig:/home/chinchia120/autoware.ai/install/lanelet2_io/lib/pkgconfig:/home/chinchia120/autoware.ai/install/vector_map/lib/x86_64-linux-gnu/pkgconfig:/home/chinchia120/autoware.ai/install/vector_map/lib/pkgconfig:/home/chinchia120/autoware.ai/install/lanelet2_core/lib/x86_64-linux-gnu/pkgconfig:/home/chinchia120/autoware.ai/install/lanelet2_core/lib/pkgconfig:/home/chinchia120/autoware.ai/install/autoware_health_checker/lib/x86_64-linux-gnu/pkgconfig:/home/chinchia120/autoware.ai/install/autoware_health_checker/lib/pkgconfig:/home/chinchia120/autoware.ai/install/astar_search/lib/x86_64-linux-gnu/pkgconfig:/home/chinchia120/autoware.ai/install/astar_search/lib/pkgconfig:/home/chinchia120/autoware.ai/install/amathutils_lib/lib/x86_64-linux-gnu/pkgconfig:/home/chinchia120/autoware.ai/install/amathutils_lib/lib/pkgconfig:/home/chinchia120/autoware.ai/install/vector_map_msgs/lib/x86_64-linux-gnu/pkgconfig:/home/chinchia120/autoware.ai/install/vector_map_msgs/lib/pkgconfig:/home/chinchia120/autoware.ai/install/ros_observer/lib/x86_64-linux-gnu/pkgconfig:/home/chinchia120/autoware.ai/install/ros_observer/lib/pkgconfig:/home/chinchia120/autoware.ai/install/gnss/lib/x86_64-linux-gnu/pkgconfig:/home/chinchia120/autoware.ai/install/gnss/lib/pkgconfig:/home/chinchia120/autoware.ai/install/autoware_system_msgs/lib/x86_64-linux-gnu/pkgconfig:/home/chinchia120/autoware.ai/install/autoware_system_msgs/lib/pkgconfig:/home/chinchia120/autoware.ai/install/autoware_msgs/lib/x86_64-linux-gnu/pkgconfig:/home/chinchia120/autoware.ai/install/autoware_msgs/lib/pkgconfig:/home/chinchia120/autoware.ai/install/autoware_lanelet2_msgs/lib/x86_64-linux-gnu/pkgconfig:/home/chinchia120/autoware.ai/install/autoware_lanelet2_msgs/lib/pkgconfig:/home/chinchia120/autoware.ai/install/autoware_config_msgs/lib/x86_64-linux-gnu/pkgconfig:/home/chinchia120/autoware.ai/install/autoware_config_msgs/lib/pkgconfig:/home/chinchia120/autoware.ai/install/autoware_can_msgs/lib/x86_64-linux-gnu/pkgconfig:/home/chinchia120/autoware.ai/install/autoware_can_msgs/lib/pkgconfig:/home/chinchia120/autoware.ai/install/autoware_build_flags/lib/x86_64-linux-gnu/pkgconfig:/home/chinchia120/autoware.ai/install/autoware_build_flags/lib/pkgconfig:${PKG_CONFIG_PATH} PYTHONPATH=/home/chinchia120/autoware.ai/install/vector_map_msgs/lib/python2.7/dist-packages:/home/chinchia120/autoware.ai/install/autoware_system_msgs/lib/python2.7/dist-packages:/home/chinchia120/autoware.ai/install/autoware_msgs/lib/python2.7/dist-packages:/home/chinchia120/autoware.ai/install/autoware_lanelet2_msgs/lib/python2.7/dist-packages:/home/chinchia120/autoware.ai/install/autoware_config_msgs/lib/python2.7/dist-packages:/home/chinchia120/autoware.ai/install/autoware_can_msgs/lib/python2.7/dist-packages:${PYTHONPATH} ROS_PACKAGE_PATH=/home/chinchia120/autoware.ai/install/waypoint_planner/share:/home/chinchia120/autoware.ai/install/lanelet2_extension/share:/home/chinchia120/autoware.ai/install/lanelet2_validation/share:/home/chinchia120/autoware.ai/install/lanelet2_routing/share:/home/chinchia120/autoware.ai/install/lanelet2_projection/share:/home/chinchia120/autoware.ai/install/libwaypoint_follower/share:/home/chinchia120/autoware.ai/install/lanelet2_traffic_rules/share:/home/chinchia120/autoware.ai/install/lanelet2_maps/share:/home/chinchia120/autoware.ai/install/lanelet2_io/share:/home/chinchia120/autoware.ai/install/vector_map/share:/home/chinchia120/autoware.ai/install/lanelet2_core/share:/home/chinchia120/autoware.ai/install/autoware_health_checker/share:/home/chinchia120/autoware.ai/install/astar_search/share:/home/chinchia120/autoware.ai/install/amathutils_lib/share:/home/chinchia120/autoware.ai/install/vector_map_msgs/share:/home/chinchia120/autoware.ai/install/ros_observer/share:/home/chinchia120/autoware.ai/install/gnss/share:/home/chinchia120/autoware.ai/install/autoware_system_msgs/share:/home/chinchia120/autoware.ai/install/autoware_msgs/share:/home/chinchia120/autoware.ai/install/autoware_lanelet2_msgs/share:/home/chinchia120/autoware.ai/install/autoware_config_msgs/share:/home/chinchia120/autoware.ai/install/autoware_can_msgs/share:/home/chinchia120/autoware.ai/install/autoware_build_flags/share:${ROS_PACKAGE_PATH} /usr/bin/cmake --build /home/chinchia120/autoware.ai/build/lattice_planner -- -j4 -l4
[90.568s] Invoking command in '/home/chinchia120/autoware.ai/build/lattice_planner': CMAKE_PREFIX_PATH=/home/chinchia120/autoware.ai/install/waypoint_planner:/home/chinchia120/autoware.ai/install/lanelet2_extension:/home/chinchia120/autoware.ai/install/lanelet2_validation:/home/chinchia120/autoware.ai/install/lanelet2_routing:/home/chinchia120/autoware.ai/install/lanelet2_projection:/home/chinchia120/autoware.ai/install/libwaypoint_follower:/home/chinchia120/autoware.ai/install/lanelet2_traffic_rules:/home/chinchia120/autoware.ai/install/lanelet2_maps:/home/chinchia120/autoware.ai/install/lanelet2_io:/home/chinchia120/autoware.ai/install/vector_map:/home/chinchia120/autoware.ai/install/lanelet2_core:/home/chinchia120/autoware.ai/install/autoware_health_checker:/home/chinchia120/autoware.ai/install/astar_search:/home/chinchia120/autoware.ai/install/amathutils_lib:/home/chinchia120/autoware.ai/install/vector_map_msgs:/home/chinchia120/autoware.ai/install/ros_observer:/home/chinchia120/autoware.ai/install/gnss:/home/chinchia120/autoware.ai/install/autoware_system_msgs:/home/chinchia120/autoware.ai/install/autoware_msgs:/home/chinchia120/autoware.ai/install/autoware_lanelet2_msgs:/home/chinchia120/autoware.ai/install/autoware_config_msgs:/home/chinchia120/autoware.ai/install/autoware_can_msgs:/home/chinchia120/autoware.ai/install/autoware_build_flags:${CMAKE_PREFIX_PATH} LD_LIBRARY_PATH=/home/chinchia120/autoware.ai/install/lanelet2_extension/lib:/home/chinchia120/autoware.ai/install/lanelet2_validation/lib:/home/chinchia120/autoware.ai/install/lanelet2_routing/lib:/home/chinchia120/autoware.ai/install/lanelet2_projection/lib:/home/chinchia120/autoware.ai/install/libwaypoint_follower/lib:/home/chinchia120/autoware.ai/install/lanelet2_traffic_rules/lib:/home/chinchia120/autoware.ai/install/lanelet2_io/lib:/home/chinchia120/autoware.ai/install/vector_map/lib:/home/chinchia120/autoware.ai/install/lanelet2_core/lib:/home/chinchia120/autoware.ai/install/autoware_health_checker/lib:/home/chinchia120/autoware.ai/install/astar_search/lib:/home/chinchia120/autoware.ai/install/amathutils_lib/lib:/home/chinchia120/autoware.ai/install/ros_observer/lib:/home/chinchia120/autoware.ai/install/gnss/lib:${LD_LIBRARY_PATH} PKG_CONFIG_PATH=/home/chinchia120/autoware.ai/install/waypoint_planner/lib/x86_64-linux-gnu/pkgconfig:/home/chinchia120/autoware.ai/install/waypoint_planner/lib/pkgconfig:/home/chinchia120/autoware.ai/install/lanelet2_extension/lib/x86_64-linux-gnu/pkgconfig:/home/chinchia120/autoware.ai/install/lanelet2_extension/lib/pkgconfig:/home/chinchia120/autoware.ai/install/lanelet2_validation/lib/x86_64-linux-gnu/pkgconfig:/home/chinchia120/autoware.ai/install/lanelet2_validation/lib/pkgconfig:/home/chinchia120/autoware.ai/install/lanelet2_routing/lib/x86_64-linux-gnu/pkgconfig:/home/chinchia120/autoware.ai/install/lanelet2_routing/lib/pkgconfig:/home/chinchia120/autoware.ai/install/lanelet2_projection/lib/x86_64-linux-gnu/pkgconfig:/home/chinchia120/autoware.ai/install/lanelet2_projection/lib/pkgconfig:/home/chinchia120/autoware.ai/install/libwaypoint_follower/lib/x86_64-linux-gnu/pkgconfig:/home/chinchia120/autoware.ai/install/libwaypoint_follower/lib/pkgconfig:/home/chinchia120/autoware.ai/install/lanelet2_traffic_rules/lib/x86_64-linux-gnu/pkgconfig:/home/chinchia120/autoware.ai/install/lanelet2_traffic_rules/lib/pkgconfig:/home/chinchia120/autoware.ai/install/lanelet2_maps/lib/x86_64-linux-gnu/pkgconfig:/home/chinchia120/autoware.ai/install/lanelet2_maps/lib/pkgconfig:/home/chinchia120/autoware.ai/install/lanelet2_io/lib/x86_64-linux-gnu/pkgconfig:/home/chinchia120/autoware.ai/install/lanelet2_io/lib/pkgconfig:/home/chinchia120/autoware.ai/install/vector_map/lib/x86_64-linux-gnu/pkgconfig:/home/chinchia120/autoware.ai/install/vector_map/lib/pkgconfig:/home/chinchia120/autoware.ai/install/lanelet2_core/lib/x86_64-linux-gnu/pkgconfig:/home/chinchia120/autoware.ai/install/lanelet2_core/lib/pkgconfig:/home/chinchia120/autoware.ai/install/autoware_health_checker/lib/x86_64-linux-gnu/pkgconfig:/home/chinchia120/autoware.ai/install/autoware_health_checker/lib/pkgconfig:/home/chinchia120/autoware.ai/install/astar_search/lib/x86_64-linux-gnu/pkgconfig:/home/chinchia120/autoware.ai/install/astar_search/lib/pkgconfig:/home/chinchia120/autoware.ai/install/amathutils_lib/lib/x86_64-linux-gnu/pkgconfig:/home/chinchia120/autoware.ai/install/amathutils_lib/lib/pkgconfig:/home/chinchia120/autoware.ai/install/vector_map_msgs/lib/x86_64-linux-gnu/pkgconfig:/home/chinchia120/autoware.ai/install/vector_map_msgs/lib/pkgconfig:/home/chinchia120/autoware.ai/install/ros_observer/lib/x86_64-linux-gnu/pkgconfig:/home/chinchia120/autoware.ai/install/ros_observer/lib/pkgconfig:/home/chinchia120/autoware.ai/install/gnss/lib/x86_64-linux-gnu/pkgconfig:/home/chinchia120/autoware.ai/install/gnss/lib/pkgconfig:/home/chinchia120/autoware.ai/install/autoware_system_msgs/lib/x86_64-linux-gnu/pkgconfig:/home/chinchia120/autoware.ai/install/autoware_system_msgs/lib/pkgconfig:/home/chinchia120/autoware.ai/install/autoware_msgs/lib/x86_64-linux-gnu/pkgconfig:/home/chinchia120/autoware.ai/install/autoware_msgs/lib/pkgconfig:/home/chinchia120/autoware.ai/install/autoware_lanelet2_msgs/lib/x86_64-linux-gnu/pkgconfig:/home/chinchia120/autoware.ai/install/autoware_lanelet2_msgs/lib/pkgconfig:/home/chinchia120/autoware.ai/install/autoware_config_msgs/lib/x86_64-linux-gnu/pkgconfig:/home/chinchia120/autoware.ai/install/autoware_config_msgs/lib/pkgconfig:/home/chinchia120/autoware.ai/install/autoware_can_msgs/lib/x86_64-linux-gnu/pkgconfig:/home/chinchia120/autoware.ai/install/autoware_can_msgs/lib/pkgconfig:/home/chinchia120/autoware.ai/install/autoware_build_flags/lib/x86_64-linux-gnu/pkgconfig:/home/chinchia120/autoware.ai/install/autoware_build_flags/lib/pkgconfig:${PKG_CONFIG_PATH} PYTHONPATH=/home/chinchia120/autoware.ai/install/vector_map_msgs/lib/python2.7/dist-packages:/home/chinchia120/autoware.ai/install/autoware_system_msgs/lib/python2.7/dist-packages:/home/chinchia120/autoware.ai/install/autoware_msgs/lib/python2.7/dist-packages:/home/chinchia120/autoware.ai/install/autoware_lanelet2_msgs/lib/python2.7/dist-packages:/home/chinchia120/autoware.ai/install/autoware_config_msgs/lib/python2.7/dist-packages:/home/chinchia120/autoware.ai/install/autoware_can_msgs/lib/python2.7/dist-packages:${PYTHONPATH} ROS_PACKAGE_PATH=/home/chinchia120/autoware.ai/install/waypoint_planner/share:/home/chinchia120/autoware.ai/install/lanelet2_extension/share:/home/chinchia120/autoware.ai/install/lanelet2_validation/share:/home/chinchia120/autoware.ai/install/lanelet2_routing/share:/home/chinchia120/autoware.ai/install/lanelet2_projection/share:/home/chinchia120/autoware.ai/install/libwaypoint_follower/share:/home/chinchia120/autoware.ai/install/lanelet2_traffic_rules/share:/home/chinchia120/autoware.ai/install/lanelet2_maps/share:/home/chinchia120/autoware.ai/install/lanelet2_io/share:/home/chinchia120/autoware.ai/install/vector_map/share:/home/chinchia120/autoware.ai/install/lanelet2_core/share:/home/chinchia120/autoware.ai/install/autoware_health_checker/share:/home/chinchia120/autoware.ai/install/astar_search/share:/home/chinchia120/autoware.ai/install/amathutils_lib/share:/home/chinchia120/autoware.ai/install/vector_map_msgs/share:/home/chinchia120/autoware.ai/install/ros_observer/share:/home/chinchia120/autoware.ai/install/gnss/share:/home/chinchia120/autoware.ai/install/autoware_system_msgs/share:/home/chinchia120/autoware.ai/install/autoware_msgs/share:/home/chinchia120/autoware.ai/install/autoware_lanelet2_msgs/share:/home/chinchia120/autoware.ai/install/autoware_config_msgs/share:/home/chinchia120/autoware.ai/install/autoware_can_msgs/share:/home/chinchia120/autoware.ai/install/autoware_build_flags/share:${ROS_PACKAGE_PATH} /usr/bin/cmake --build /home/chinchia120/autoware.ai/build/lattice_planner --target tests -- -j4 -l4
[90.776s] [35m[1mScanning dependencies of target tests[0m
[90.807s] Built target tests
[90.839s] Invoked command in '/home/chinchia120/autoware.ai/build/lattice_planner' returned '0': CMAKE_PREFIX_PATH=/home/chinchia120/autoware.ai/install/waypoint_planner:/home/chinchia120/autoware.ai/install/lanelet2_extension:/home/chinchia120/autoware.ai/install/lanelet2_validation:/home/chinchia120/autoware.ai/install/lanelet2_routing:/home/chinchia120/autoware.ai/install/lanelet2_projection:/home/chinchia120/autoware.ai/install/libwaypoint_follower:/home/chinchia120/autoware.ai/install/lanelet2_traffic_rules:/home/chinchia120/autoware.ai/install/lanelet2_maps:/home/chinchia120/autoware.ai/install/lanelet2_io:/home/chinchia120/autoware.ai/install/vector_map:/home/chinchia120/autoware.ai/install/lanelet2_core:/home/chinchia120/autoware.ai/install/autoware_health_checker:/home/chinchia120/autoware.ai/install/astar_search:/home/chinchia120/autoware.ai/install/amathutils_lib:/home/chinchia120/autoware.ai/install/vector_map_msgs:/home/chinchia120/autoware.ai/install/ros_observer:/home/chinchia120/autoware.ai/install/gnss:/home/chinchia120/autoware.ai/install/autoware_system_msgs:/home/chinchia120/autoware.ai/install/autoware_msgs:/home/chinchia120/autoware.ai/install/autoware_lanelet2_msgs:/home/chinchia120/autoware.ai/install/autoware_config_msgs:/home/chinchia120/autoware.ai/install/autoware_can_msgs:/home/chinchia120/autoware.ai/install/autoware_build_flags:${CMAKE_PREFIX_PATH} LD_LIBRARY_PATH=/home/chinchia120/autoware.ai/install/lanelet2_extension/lib:/home/chinchia120/autoware.ai/install/lanelet2_validation/lib:/home/chinchia120/autoware.ai/install/lanelet2_routing/lib:/home/chinchia120/autoware.ai/install/lanelet2_projection/lib:/home/chinchia120/autoware.ai/install/libwaypoint_follower/lib:/home/chinchia120/autoware.ai/install/lanelet2_traffic_rules/lib:/home/chinchia120/autoware.ai/install/lanelet2_io/lib:/home/chinchia120/autoware.ai/install/vector_map/lib:/home/chinchia120/autoware.ai/install/lanelet2_core/lib:/home/chinchia120/autoware.ai/install/autoware_health_checker/lib:/home/chinchia120/autoware.ai/install/astar_search/lib:/home/chinchia120/autoware.ai/install/amathutils_lib/lib:/home/chinchia120/autoware.ai/install/ros_observer/lib:/home/chinchia120/autoware.ai/install/gnss/lib:${LD_LIBRARY_PATH} PKG_CONFIG_PATH=/home/chinchia120/autoware.ai/install/waypoint_planner/lib/x86_64-linux-gnu/pkgconfig:/home/chinchia120/autoware.ai/install/waypoint_planner/lib/pkgconfig:/home/chinchia120/autoware.ai/install/lanelet2_extension/lib/x86_64-linux-gnu/pkgconfig:/home/chinchia120/autoware.ai/install/lanelet2_extension/lib/pkgconfig:/home/chinchia120/autoware.ai/install/lanelet2_validation/lib/x86_64-linux-gnu/pkgconfig:/home/chinchia120/autoware.ai/install/lanelet2_validation/lib/pkgconfig:/home/chinchia120/autoware.ai/install/lanelet2_routing/lib/x86_64-linux-gnu/pkgconfig:/home/chinchia120/autoware.ai/install/lanelet2_routing/lib/pkgconfig:/home/chinchia120/autoware.ai/install/lanelet2_projection/lib/x86_64-linux-gnu/pkgconfig:/home/chinchia120/autoware.ai/install/lanelet2_projection/lib/pkgconfig:/home/chinchia120/autoware.ai/install/libwaypoint_follower/lib/x86_64-linux-gnu/pkgconfig:/home/chinchia120/autoware.ai/install/libwaypoint_follower/lib/pkgconfig:/home/chinchia120/autoware.ai/install/lanelet2_traffic_rules/lib/x86_64-linux-gnu/pkgconfig:/home/chinchia120/autoware.ai/install/lanelet2_traffic_rules/lib/pkgconfig:/home/chinchia120/autoware.ai/install/lanelet2_maps/lib/x86_64-linux-gnu/pkgconfig:/home/chinchia120/autoware.ai/install/lanelet2_maps/lib/pkgconfig:/home/chinchia120/autoware.ai/install/lanelet2_io/lib/x86_64-linux-gnu/pkgconfig:/home/chinchia120/autoware.ai/install/lanelet2_io/lib/pkgconfig:/home/chinchia120/autoware.ai/install/vector_map/lib/x86_64-linux-gnu/pkgconfig:/home/chinchia120/autoware.ai/install/vector_map/lib/pkgconfig:/home/chinchia120/autoware.ai/install/lanelet2_core/lib/x86_64-linux-gnu/pkgconfig:/home/chinchia120/autoware.ai/install/lanelet2_core/lib/pkgconfig:/home/chinchia120/autoware.ai/install/autoware_health_checker/lib/x86_64-linux-gnu/pkgconfig:/home/chinchia120/autoware.ai/install/autoware_health_checker/lib/pkgconfig:/home/chinchia120/autoware.ai/install/astar_search/lib/x86_64-linux-gnu/pkgconfig:/home/chinchia120/autoware.ai/install/astar_search/lib/pkgconfig:/home/chinchia120/autoware.ai/install/amathutils_lib/lib/x86_64-linux-gnu/pkgconfig:/home/chinchia120/autoware.ai/install/amathutils_lib/lib/pkgconfig:/home/chinchia120/autoware.ai/install/vector_map_msgs/lib/x86_64-linux-gnu/pkgconfig:/home/chinchia120/autoware.ai/install/vector_map_msgs/lib/pkgconfig:/home/chinchia120/autoware.ai/install/ros_observer/lib/x86_64-linux-gnu/pkgconfig:/home/chinchia120/autoware.ai/install/ros_observer/lib/pkgconfig:/home/chinchia120/autoware.ai/install/gnss/lib/x86_64-linux-gnu/pkgconfig:/home/chinchia120/autoware.ai/install/gnss/lib/pkgconfig:/home/chinchia120/autoware.ai/install/autoware_system_msgs/lib/x86_64-linux-gnu/pkgconfig:/home/chinchia120/autoware.ai/install/autoware_system_msgs/lib/pkgconfig:/home/chinchia120/autoware.ai/install/autoware_msgs/lib/x86_64-linux-gnu/pkgconfig:/home/chinchia120/autoware.ai/install/autoware_msgs/lib/pkgconfig:/home/chinchia120/autoware.ai/install/autoware_lanelet2_msgs/lib/x86_64-linux-gnu/pkgconfig:/home/chinchia120/autoware.ai/install/autoware_lanelet2_msgs/lib/pkgconfig:/home/chinchia120/autoware.ai/install/autoware_config_msgs/lib/x86_64-linux-gnu/pkgconfig:/home/chinchia120/autoware.ai/install/autoware_config_msgs/lib/pkgconfig:/home/chinchia120/autoware.ai/install/autoware_can_msgs/lib/x86_64-linux-gnu/pkgconfig:/home/chinchia120/autoware.ai/install/autoware_can_msgs/lib/pkgconfig:/home/chinchia120/autoware.ai/install/autoware_build_flags/lib/x86_64-linux-gnu/pkgconfig:/home/chinchia120/autoware.ai/install/autoware_build_flags/lib/pkgconfig:${PKG_CONFIG_PATH} PYTHONPATH=/home/chinchia120/autoware.ai/install/vector_map_msgs/lib/python2.7/dist-packages:/home/chinchia120/autoware.ai/install/autoware_system_msgs/lib/python2.7/dist-packages:/home/chinchia120/autoware.ai/install/autoware_msgs/lib/python2.7/dist-packages:/home/chinchia120/autoware.ai/install/autoware_lanelet2_msgs/lib/python2.7/dist-packages:/home/chinchia120/autoware.ai/install/autoware_config_msgs/lib/python2.7/dist-packages:/home/chinchia120/autoware.ai/install/autoware_can_msgs/lib/python2.7/dist-packages:${PYTHONPATH} ROS_PACKAGE_PATH=/home/chinchia120/autoware.ai/install/waypoint_planner/share:/home/chinchia120/autoware.ai/install/lanelet2_extension/share:/home/chinchia120/autoware.ai/install/lanelet2_validation/share:/home/chinchia120/autoware.ai/install/lanelet2_routing/share:/home/chinchia120/autoware.ai/install/lanelet2_projection/share:/home/chinchia120/autoware.ai/install/libwaypoint_follower/share:/home/chinchia120/autoware.ai/install/lanelet2_traffic_rules/share:/home/chinchia120/autoware.ai/install/lanelet2_maps/share:/home/chinchia120/autoware.ai/install/lanelet2_io/share:/home/chinchia120/autoware.ai/install/vector_map/share:/home/chinchia120/autoware.ai/install/lanelet2_core/share:/home/chinchia120/autoware.ai/install/autoware_health_checker/share:/home/chinchia120/autoware.ai/install/astar_search/share:/home/chinchia120/autoware.ai/install/amathutils_lib/share:/home/chinchia120/autoware.ai/install/vector_map_msgs/share:/home/chinchia120/autoware.ai/install/ros_observer/share:/home/chinchia120/autoware.ai/install/gnss/share:/home/chinchia120/autoware.ai/install/autoware_system_msgs/share:/home/chinchia120/autoware.ai/install/autoware_msgs/share:/home/chinchia120/autoware.ai/install/autoware_lanelet2_msgs/share:/home/chinchia120/autoware.ai/install/autoware_config_msgs/share:/home/chinchia120/autoware.ai/install/autoware_can_msgs/share:/home/chinchia120/autoware.ai/install/autoware_build_flags/share:${ROS_PACKAGE_PATH} /usr/bin/cmake --build /home/chinchia120/autoware.ai/build/lattice_planner --target tests -- -j4 -l4
[91.354s] Invoking command in '/home/chinchia120/autoware.ai/build/lattice_planner': CMAKE_PREFIX_PATH=/home/chinchia120/autoware.ai/install/waypoint_planner:/home/chinchia120/autoware.ai/install/lanelet2_extension:/home/chinchia120/autoware.ai/install/lanelet2_validation:/home/chinchia120/autoware.ai/install/lanelet2_routing:/home/chinchia120/autoware.ai/install/lanelet2_projection:/home/chinchia120/autoware.ai/install/libwaypoint_follower:/home/chinchia120/autoware.ai/install/lanelet2_traffic_rules:/home/chinchia120/autoware.ai/install/lanelet2_maps:/home/chinchia120/autoware.ai/install/lanelet2_io:/home/chinchia120/autoware.ai/install/vector_map:/home/chinchia120/autoware.ai/install/lanelet2_core:/home/chinchia120/autoware.ai/install/autoware_health_checker:/home/chinchia120/autoware.ai/install/astar_search:/home/chinchia120/autoware.ai/install/amathutils_lib:/home/chinchia120/autoware.ai/install/vector_map_msgs:/home/chinchia120/autoware.ai/install/ros_observer:/home/chinchia120/autoware.ai/install/gnss:/home/chinchia120/autoware.ai/install/autoware_system_msgs:/home/chinchia120/autoware.ai/install/autoware_msgs:/home/chinchia120/autoware.ai/install/autoware_lanelet2_msgs:/home/chinchia120/autoware.ai/install/autoware_config_msgs:/home/chinchia120/autoware.ai/install/autoware_can_msgs:/home/chinchia120/autoware.ai/install/autoware_build_flags:${CMAKE_PREFIX_PATH} LD_LIBRARY_PATH=/home/chinchia120/autoware.ai/install/lanelet2_extension/lib:/home/chinchia120/autoware.ai/install/lanelet2_validation/lib:/home/chinchia120/autoware.ai/install/lanelet2_routing/lib:/home/chinchia120/autoware.ai/install/lanelet2_projection/lib:/home/chinchia120/autoware.ai/install/libwaypoint_follower/lib:/home/chinchia120/autoware.ai/install/lanelet2_traffic_rules/lib:/home/chinchia120/autoware.ai/install/lanelet2_io/lib:/home/chinchia120/autoware.ai/install/vector_map/lib:/home/chinchia120/autoware.ai/install/lanelet2_core/lib:/home/chinchia120/autoware.ai/install/autoware_health_checker/lib:/home/chinchia120/autoware.ai/install/astar_search/lib:/home/chinchia120/autoware.ai/install/amathutils_lib/lib:/home/chinchia120/autoware.ai/install/ros_observer/lib:/home/chinchia120/autoware.ai/install/gnss/lib:${LD_LIBRARY_PATH} PKG_CONFIG_PATH=/home/chinchia120/autoware.ai/install/waypoint_planner/lib/x86_64-linux-gnu/pkgconfig:/home/chinchia120/autoware.ai/install/waypoint_planner/lib/pkgconfig:/home/chinchia120/autoware.ai/install/lanelet2_extension/lib/x86_64-linux-gnu/pkgconfig:/home/chinchia120/autoware.ai/install/lanelet2_extension/lib/pkgconfig:/home/chinchia120/autoware.ai/install/lanelet2_validation/lib/x86_64-linux-gnu/pkgconfig:/home/chinchia120/autoware.ai/install/lanelet2_validation/lib/pkgconfig:/home/chinchia120/autoware.ai/install/lanelet2_routing/lib/x86_64-linux-gnu/pkgconfig:/home/chinchia120/autoware.ai/install/lanelet2_routing/lib/pkgconfig:/home/chinchia120/autoware.ai/install/lanelet2_projection/lib/x86_64-linux-gnu/pkgconfig:/home/chinchia120/autoware.ai/install/lanelet2_projection/lib/pkgconfig:/home/chinchia120/autoware.ai/install/libwaypoint_follower/lib/x86_64-linux-gnu/pkgconfig:/home/chinchia120/autoware.ai/install/libwaypoint_follower/lib/pkgconfig:/home/chinchia120/autoware.ai/install/lanelet2_traffic_rules/lib/x86_64-linux-gnu/pkgconfig:/home/chinchia120/autoware.ai/install/lanelet2_traffic_rules/lib/pkgconfig:/home/chinchia120/autoware.ai/install/lanelet2_maps/lib/x86_64-linux-gnu/pkgconfig:/home/chinchia120/autoware.ai/install/lanelet2_maps/lib/pkgconfig:/home/chinchia120/autoware.ai/install/lanelet2_io/lib/x86_64-linux-gnu/pkgconfig:/home/chinchia120/autoware.ai/install/lanelet2_io/lib/pkgconfig:/home/chinchia120/autoware.ai/install/vector_map/lib/x86_64-linux-gnu/pkgconfig:/home/chinchia120/autoware.ai/install/vector_map/lib/pkgconfig:/home/chinchia120/autoware.ai/install/lanelet2_core/lib/x86_64-linux-gnu/pkgconfig:/home/chinchia120/autoware.ai/install/lanelet2_core/lib/pkgconfig:/home/chinchia120/autoware.ai/install/autoware_health_checker/lib/x86_64-linux-gnu/pkgconfig:/home/chinchia120/autoware.ai/install/autoware_health_checker/lib/pkgconfig:/home/chinchia120/autoware.ai/install/astar_search/lib/x86_64-linux-gnu/pkgconfig:/home/chinchia120/autoware.ai/install/astar_search/lib/pkgconfig:/home/chinchia120/autoware.ai/install/amathutils_lib/lib/x86_64-linux-gnu/pkgconfig:/home/chinchia120/autoware.ai/install/amathutils_lib/lib/pkgconfig:/home/chinchia120/autoware.ai/install/vector_map_msgs/lib/x86_64-linux-gnu/pkgconfig:/home/chinchia120/autoware.ai/install/vector_map_msgs/lib/pkgconfig:/home/chinchia120/autoware.ai/install/ros_observer/lib/x86_64-linux-gnu/pkgconfig:/home/chinchia120/autoware.ai/install/ros_observer/lib/pkgconfig:/home/chinchia120/autoware.ai/install/gnss/lib/x86_64-linux-gnu/pkgconfig:/home/chinchia120/autoware.ai/install/gnss/lib/pkgconfig:/home/chinchia120/autoware.ai/install/autoware_system_msgs/lib/x86_64-linux-gnu/pkgconfig:/home/chinchia120/autoware.ai/install/autoware_system_msgs/lib/pkgconfig:/home/chinchia120/autoware.ai/install/autoware_msgs/lib/x86_64-linux-gnu/pkgconfig:/home/chinchia120/autoware.ai/install/autoware_msgs/lib/pkgconfig:/home/chinchia120/autoware.ai/install/autoware_lanelet2_msgs/lib/x86_64-linux-gnu/pkgconfig:/home/chinchia120/autoware.ai/install/autoware_lanelet2_msgs/lib/pkgconfig:/home/chinchia120/autoware.ai/install/autoware_config_msgs/lib/x86_64-linux-gnu/pkgconfig:/home/chinchia120/autoware.ai/install/autoware_config_msgs/lib/pkgconfig:/home/chinchia120/autoware.ai/install/autoware_can_msgs/lib/x86_64-linux-gnu/pkgconfig:/home/chinchia120/autoware.ai/install/autoware_can_msgs/lib/pkgconfig:/home/chinchia120/autoware.ai/install/autoware_build_flags/lib/x86_64-linux-gnu/pkgconfig:/home/chinchia120/autoware.ai/install/autoware_build_flags/lib/pkgconfig:${PKG_CONFIG_PATH} PYTHONPATH=/home/chinchia120/autoware.ai/install/vector_map_msgs/lib/python2.7/dist-packages:/home/chinchia120/autoware.ai/install/autoware_system_msgs/lib/python2.7/dist-packages:/home/chinchia120/autoware.ai/install/autoware_msgs/lib/python2.7/dist-packages:/home/chinchia120/autoware.ai/install/autoware_lanelet2_msgs/lib/python2.7/dist-packages:/home/chinchia120/autoware.ai/install/autoware_config_msgs/lib/python2.7/dist-packages:/home/chinchia120/autoware.ai/install/autoware_can_msgs/lib/python2.7/dist-packages:${PYTHONPATH} ROS_PACKAGE_PATH=/home/chinchia120/autoware.ai/install/waypoint_planner/share:/home/chinchia120/autoware.ai/install/lanelet2_extension/share:/home/chinchia120/autoware.ai/install/lanelet2_validation/share:/home/chinchia120/autoware.ai/install/lanelet2_routing/share:/home/chinchia120/autoware.ai/install/lanelet2_projection/share:/home/chinchia120/autoware.ai/install/libwaypoint_follower/share:/home/chinchia120/autoware.ai/install/lanelet2_traffic_rules/share:/home/chinchia120/autoware.ai/install/lanelet2_maps/share:/home/chinchia120/autoware.ai/install/lanelet2_io/share:/home/chinchia120/autoware.ai/install/vector_map/share:/home/chinchia120/autoware.ai/install/lanelet2_core/share:/home/chinchia120/autoware.ai/install/autoware_health_checker/share:/home/chinchia120/autoware.ai/install/astar_search/share:/home/chinchia120/autoware.ai/install/amathutils_lib/share:/home/chinchia120/autoware.ai/install/vector_map_msgs/share:/home/chinchia120/autoware.ai/install/ros_observer/share:/home/chinchia120/autoware.ai/install/gnss/share:/home/chinchia120/autoware.ai/install/autoware_system_msgs/share:/home/chinchia120/autoware.ai/install/autoware_msgs/share:/home/chinchia120/autoware.ai/install/autoware_lanelet2_msgs/share:/home/chinchia120/autoware.ai/install/autoware_config_msgs/share:/home/chinchia120/autoware.ai/install/autoware_can_msgs/share:/home/chinchia120/autoware.ai/install/autoware_build_flags/share:${ROS_PACKAGE_PATH} /usr/bin/cmake --build /home/chinchia120/autoware.ai/build/lattice_planner --target install -- -j4 -l4
[91.517s] [  0%] Built target tf2_msgs_generate_messages_lisp
[91.580s] [  0%] Built target vector_map_msgs_generate_messages_lisp
[91.649s] [  0%] Built target vector_map_msgs_generate_messages_eus
[91.718s] [  0%] Built target vector_map_msgs_generate_messages_cpp
[91.798s] [  0%] Built target visualization_msgs_generate_messages_py
[91.860s] [  0%] Built target visualization_msgs_generate_messages_nodejs
[91.921s] [  0%] Built target visualization_msgs_generate_messages_eus
[91.987s] [  0%] Built target topic_tools_generate_messages_nodejs
[92.055s] [  0%] Built target topic_tools_generate_messages_eus
[92.265s] [  0%] Built target topic_tools_generate_messages_cpp
[92.345s] [  0%] Built target std_srvs_generate_messages_py
[92.425s] [  0%] Built target std_srvs_generate_messages_nodejs
[92.491s] [  0%] Built target std_srvs_generate_messages_lisp
[92.558s] [  0%] Built target vector_map_msgs_generate_messages_nodejs
[92.628s] [  0%] Built target bond_generate_messages_py
[92.701s] [  0%] Built target bond_generate_messages_lisp
[92.773s] [  0%] Built target bond_generate_messages_eus
[92.835s] [  0%] Built target bond_generate_messages_cpp
[92.898s] [  0%] Built target nodelet_generate_messages_nodejs
[92.971s] [  0%] Built target nodelet_generate_messages_eus
[93.043s] [  0%] Built target nodelet_generate_messages_cpp
[93.114s] [  0%] Built target dynamic_reconfigure_generate_messages_lisp
[93.172s] [  0%] Built target dynamic_reconfigure_generate_messages_eus
[93.233s] [  0%] Built target pcl_ros_gencfg
[93.291s] [  0%] Built target tf2_msgs_generate_messages_nodejs
[93.353s] [  0%] Built target rosgraph_msgs_generate_messages_eus
[93.422s] [  0%] Built target jsk_recognition_msgs_generate_messages_lisp
[93.496s] [  0%] Built target jsk_recognition_msgs_generate_messages_eus
[93.566s] [  0%] Built target tf2_msgs_generate_messages_cpp
[93.632s] [  0%] Built target geometry_msgs_generate_messages_lisp
[93.701s] [  0%] Built target geometry_msgs_generate_messages_eus
[93.772s] [  0%] Built target autoware_msgs_generate_messages_lisp
[93.840s] [  0%] Built target topic_tools_generate_messages_lisp
[93.910s] [  0%] Built target jsk_recognition_msgs_generate_messages_cpp
[93.979s] [  0%] Built target autoware_msgs_generate_messages_eus
[94.039s] [  0%] Built target autoware_msgs_generate_messages_cpp
[94.108s] [  0%] Built target rosgraph_msgs_generate_messages_cpp
[94.169s] [  0%] Built target autoware_config_msgs_generate_messages_lisp
[94.232s] [  0%] Built target autoware_config_msgs_generate_messages_eus
[94.300s] [  0%] Built target autoware_can_msgs_generate_messages_cpp
[94.374s] [  0%] Built target dynamic_reconfigure_generate_messages_py
[94.436s] [  0%] Built target autoware_can_msgs_generate_messages_lisp
[94.506s] [  0%] Built target autoware_can_msgs_generate_messages_nodejs
[94.573s] [  0%] Built target jsk_recognition_msgs_generate_messages_py
[94.636s] [  0%] Built target std_srvs_generate_messages_cpp
[94.695s] [  0%] Built target sensor_msgs_generate_messages_lisp
[94.757s] [  0%] Built target nodelet_generate_messages_lisp
[94.830s] [  0%] Built target autoware_msgs_generate_messages_py
[94.906s] [  0%] Built target std_msgs_generate_messages_py
[94.971s] [  0%] Built target topic_tools_generate_messages_py
[95.043s] [  0%] Built target nodelet_topic_tools_gencfg
[95.108s] [  0%] Built target actionlib_msgs_generate_messages_nodejs
[95.174s] [  0%] Built target std_msgs_generate_messages_cpp
[95.238s] [  0%] Built target jsk_footstep_msgs_generate_messages_py
[95.320s] [  0%] Built target autoware_msgs_generate_messages_nodejs
[95.390s] [  0%] Built target visualization_msgs_generate_messages_lisp
[95.457s] [  0%] Built target std_msgs_generate_messages_eus
[95.530s] [  0%] Built target geometry_msgs_generate_messages_nodejs
[95.595s] [  0%] Built target geometry_msgs_generate_messages_py
[95.655s] [  0%] Built target bond_generate_messages_nodejs
[95.724s] [  0%] Built target autoware_config_msgs_generate_messages_py
[95.801s] [  0%] Built target roscpp_generate_messages_eus
[95.871s] [  0%] Built target actionlib_msgs_generate_messages_eus
[95.938s] [  0%] Built target autoware_can_msgs_generate_messages_eus
[95.997s] [  0%] Built target rosgraph_msgs_generate_messages_py
[96.067s] [  0%] Built target dynamic_reconfigure_generate_messages_nodejs
[96.140s] [  0%] Built target autoware_can_msgs_generate_messages_py
[96.214s] [  0%] Built target sensor_msgs_generate_messages_cpp
[96.290s] [  0%] Built target roscpp_generate_messages_nodejs
[96.358s] [  0%] Built target std_msgs_generate_messages_lisp
[96.452s] [  0%] Built target std_msgs_generate_messages_nodejs
[96.532s] [  0%] Built target sensor_msgs_generate_messages_eus
[96.607s] [  0%] Built target sensor_msgs_generate_messages_nodejs
[96.669s] [  0%] Built target roscpp_generate_messages_cpp
[96.733s] [  0%] Built target actionlib_generate_messages_cpp
[96.801s] [  0%] Built target nodelet_generate_messages_py
[96.874s] [  0%] Built target sensor_msgs_generate_messages_py
[96.952s] [  0%] Built target dynamic_reconfigure_generate_messages_cpp
[97.024s] [  0%] Built target tf_generate_messages_py
[97.098s] [  0%] Built target pcl_msgs_generate_messages_cpp
[97.161s] [  0%] Built target pcl_msgs_generate_messages_eus
[97.222s] [  0%] Built target pcl_msgs_generate_messages_nodejs
[97.292s] [  0%] Built target jsk_footstep_msgs_generate_messages_eus
[97.346s] [  0%] Built target actionlib_msgs_generate_messages_py
[97.412s] [  0%] Built target jsk_footstep_msgs_generate_messages_lisp
[97.471s] [  0%] Built target jsk_footstep_msgs_generate_messages_nodejs
[97.588s] [  0%] Built target actionlib_msgs_generate_messages_lisp
[97.644s] [  0%] Built target actionlib_generate_messages_nodejs
[97.709s] [  0%] Built target pcl_msgs_generate_messages_lisp
[97.781s] [  0%] Built target tf_generate_messages_cpp
[97.852s] [  0%] Built target jsk_footstep_msgs_generate_messages_cpp
[97.918s] [  0%] Built target actionlib_msgs_generate_messages_cpp
[97.987s] [  0%] Built target tf_generate_messages_eus
[98.044s] [  0%] Built target tf_generate_messages_lisp
[98.118s] [  0%] Built target autoware_config_msgs_generate_messages_nodejs
[98.203s] [  0%] Built target tf_generate_messages_nodejs
[98.261s] [  0%] Built target std_srvs_generate_messages_eus
[98.342s] [  0%] Built target jsk_recognition_msgs_generate_messages_nodejs
[98.421s] [  0%] Built target roscpp_generate_messages_lisp
[98.496s] [  0%] Built target roscpp_generate_messages_py
[98.562s] [  0%] Built target rosgraph_msgs_generate_messages_lisp
[98.635s] [  0%] Built target autoware_config_msgs_generate_messages_cpp
[98.700s] [  0%] Built target rosgraph_msgs_generate_messages_nodejs
[98.771s] [  0%] Built target pcl_msgs_generate_messages_py
[98.845s] [  0%] Built target actionlib_generate_messages_eus
[98.921s] [  0%] Built target geometry_msgs_generate_messages_cpp
[98.994s] [  0%] Built target actionlib_generate_messages_lisp
[99.061s] [  0%] Built target tf2_msgs_generate_messages_py
[99.136s] [  0%] Built target actionlib_generate_messages_py
[99.213s] [  0%] Built target visualization_msgs_generate_messages_cpp
[99.285s] [  0%] Built target tf2_msgs_generate_messages_eus
[99.352s] [  0%] Built target dynamic_reconfigure_gencfg
[99.424s] [  0%] Built target vector_map_msgs_generate_messages_py
[99.517s] [ 18%] Built target libtraj_gen
[99.620s] [ 36%] Built target path_select
[99.708s] [ 54%] Built target lattice_trajectory_gen
[99.805s] [ 72%] Built target lattice_twist_convert
[99.904s] [100%] Built target lattice_velocity_set
[99.973s] [36mInstall the project...[0m
[99.998s] -- Install configuration: "Release"
[99.998s] -- Installing: /home/chinchia120/autoware.ai/install/lattice_planner/lib/pkgconfig/lattice_planner.pc
[99.998s] -- Installing: /home/chinchia120/autoware.ai/install/lattice_planner/share/lattice_planner/cmake/lattice_plannerConfig.cmake
[99.999s] -- Installing: /home/chinchia120/autoware.ai/install/lattice_planner/share/lattice_planner/cmake/lattice_plannerConfig-version.cmake
[99.999s] -- Installing: /home/chinchia120/autoware.ai/install/lattice_planner/share/lattice_planner/package.xml
[99.999s] -- Installing: /home/chinchia120/autoware.ai/install/lattice_planner/lib/liblibtraj_gen.so
[100.002s] -- Set runtime path of "/home/chinchia120/autoware.ai/install/lattice_planner/lib/liblibtraj_gen.so" to ""
[100.002s] -- Installing: /home/chinchia120/autoware.ai/install/lattice_planner/lib/lattice_planner/lattice_trajectory_gen
[100.016s] -- Set runtime path of "/home/chinchia120/autoware.ai/install/lattice_planner/lib/lattice_planner/lattice_trajectory_gen" to ""
[100.017s] -- Installing: /home/chinchia120/autoware.ai/install/lattice_planner/lib/lattice_planner/lattice_twist_convert
[100.023s] -- Set runtime path of "/home/chinchia120/autoware.ai/install/lattice_planner/lib/lattice_planner/lattice_twist_convert" to ""
[100.024s] -- Installing: /home/chinchia120/autoware.ai/install/lattice_planner/lib/lattice_planner/lattice_velocity_set
[100.046s] -- Set runtime path of "/home/chinchia120/autoware.ai/install/lattice_planner/lib/lattice_planner/lattice_velocity_set" to ""
[100.047s] -- Installing: /home/chinchia120/autoware.ai/install/lattice_planner/lib/lattice_planner/path_select
[100.053s] -- Set runtime path of "/home/chinchia120/autoware.ai/install/lattice_planner/lib/lattice_planner/path_select" to ""
[100.053s] -- Installing: /home/chinchia120/autoware.ai/install/lattice_planner/share/lattice_planner/launch
[100.057s] -- Installing: /home/chinchia120/autoware.ai/install/lattice_planner/share/lattice_planner/launch/lattice_velocity_set.launch
[100.058s] -- Installing: /home/chinchia120/autoware.ai/install/lattice_planner/share/lattice_planner/launch/lattice_trajectory_gen.launch
[100.069s] Invoked command in '/home/chinchia120/autoware.ai/build/lattice_planner' returned '0': CMAKE_PREFIX_PATH=/home/chinchia120/autoware.ai/install/waypoint_planner:/home/chinchia120/autoware.ai/install/lanelet2_extension:/home/chinchia120/autoware.ai/install/lanelet2_validation:/home/chinchia120/autoware.ai/install/lanelet2_routing:/home/chinchia120/autoware.ai/install/lanelet2_projection:/home/chinchia120/autoware.ai/install/libwaypoint_follower:/home/chinchia120/autoware.ai/install/lanelet2_traffic_rules:/home/chinchia120/autoware.ai/install/lanelet2_maps:/home/chinchia120/autoware.ai/install/lanelet2_io:/home/chinchia120/autoware.ai/install/vector_map:/home/chinchia120/autoware.ai/install/lanelet2_core:/home/chinchia120/autoware.ai/install/autoware_health_checker:/home/chinchia120/autoware.ai/install/astar_search:/home/chinchia120/autoware.ai/install/amathutils_lib:/home/chinchia120/autoware.ai/install/vector_map_msgs:/home/chinchia120/autoware.ai/install/ros_observer:/home/chinchia120/autoware.ai/install/gnss:/home/chinchia120/autoware.ai/install/autoware_system_msgs:/home/chinchia120/autoware.ai/install/autoware_msgs:/home/chinchia120/autoware.ai/install/autoware_lanelet2_msgs:/home/chinchia120/autoware.ai/install/autoware_config_msgs:/home/chinchia120/autoware.ai/install/autoware_can_msgs:/home/chinchia120/autoware.ai/install/autoware_build_flags:${CMAKE_PREFIX_PATH} LD_LIBRARY_PATH=/home/chinchia120/autoware.ai/install/lanelet2_extension/lib:/home/chinchia120/autoware.ai/install/lanelet2_validation/lib:/home/chinchia120/autoware.ai/install/lanelet2_routing/lib:/home/chinchia120/autoware.ai/install/lanelet2_projection/lib:/home/chinchia120/autoware.ai/install/libwaypoint_follower/lib:/home/chinchia120/autoware.ai/install/lanelet2_traffic_rules/lib:/home/chinchia120/autoware.ai/install/lanelet2_io/lib:/home/chinchia120/autoware.ai/install/vector_map/lib:/home/chinchia120/autoware.ai/install/lanelet2_core/lib:/home/chinchia120/autoware.ai/install/autoware_health_checker/lib:/home/chinchia120/autoware.ai/install/astar_search/lib:/home/chinchia120/autoware.ai/install/amathutils_lib/lib:/home/chinchia120/autoware.ai/install/ros_observer/lib:/home/chinchia120/autoware.ai/install/gnss/lib:${LD_LIBRARY_PATH} PKG_CONFIG_PATH=/home/chinchia120/autoware.ai/install/waypoint_planner/lib/x86_64-linux-gnu/pkgconfig:/home/chinchia120/autoware.ai/install/waypoint_planner/lib/pkgconfig:/home/chinchia120/autoware.ai/install/lanelet2_extension/lib/x86_64-linux-gnu/pkgconfig:/home/chinchia120/autoware.ai/install/lanelet2_extension/lib/pkgconfig:/home/chinchia120/autoware.ai/install/lanelet2_validation/lib/x86_64-linux-gnu/pkgconfig:/home/chinchia120/autoware.ai/install/lanelet2_validation/lib/pkgconfig:/home/chinchia120/autoware.ai/install/lanelet2_routing/lib/x86_64-linux-gnu/pkgconfig:/home/chinchia120/autoware.ai/install/lanelet2_routing/lib/pkgconfig:/home/chinchia120/autoware.ai/install/lanelet2_projection/lib/x86_64-linux-gnu/pkgconfig:/home/chinchia120/autoware.ai/install/lanelet2_projection/lib/pkgconfig:/home/chinchia120/autoware.ai/install/libwaypoint_follower/lib/x86_64-linux-gnu/pkgconfig:/home/chinchia120/autoware.ai/install/libwaypoint_follower/lib/pkgconfig:/home/chinchia120/autoware.ai/install/lanelet2_traffic_rules/lib/x86_64-linux-gnu/pkgconfig:/home/chinchia120/autoware.ai/install/lanelet2_traffic_rules/lib/pkgconfig:/home/chinchia120/autoware.ai/install/lanelet2_maps/lib/x86_64-linux-gnu/pkgconfig:/home/chinchia120/autoware.ai/install/lanelet2_maps/lib/pkgconfig:/home/chinchia120/autoware.ai/install/lanelet2_io/lib/x86_64-linux-gnu/pkgconfig:/home/chinchia120/autoware.ai/install/lanelet2_io/lib/pkgconfig:/home/chinchia120/autoware.ai/install/vector_map/lib/x86_64-linux-gnu/pkgconfig:/home/chinchia120/autoware.ai/install/vector_map/lib/pkgconfig:/home/chinchia120/autoware.ai/install/lanelet2_core/lib/x86_64-linux-gnu/pkgconfig:/home/chinchia120/autoware.ai/install/lanelet2_core/lib/pkgconfig:/home/chinchia120/autoware.ai/install/autoware_health_checker/lib/x86_64-linux-gnu/pkgconfig:/home/chinchia120/autoware.ai/install/autoware_health_checker/lib/pkgconfig:/home/chinchia120/autoware.ai/install/astar_search/lib/x86_64-linux-gnu/pkgconfig:/home/chinchia120/autoware.ai/install/astar_search/lib/pkgconfig:/home/chinchia120/autoware.ai/install/amathutils_lib/lib/x86_64-linux-gnu/pkgconfig:/home/chinchia120/autoware.ai/install/amathutils_lib/lib/pkgconfig:/home/chinchia120/autoware.ai/install/vector_map_msgs/lib/x86_64-linux-gnu/pkgconfig:/home/chinchia120/autoware.ai/install/vector_map_msgs/lib/pkgconfig:/home/chinchia120/autoware.ai/install/ros_observer/lib/x86_64-linux-gnu/pkgconfig:/home/chinchia120/autoware.ai/install/ros_observer/lib/pkgconfig:/home/chinchia120/autoware.ai/install/gnss/lib/x86_64-linux-gnu/pkgconfig:/home/chinchia120/autoware.ai/install/gnss/lib/pkgconfig:/home/chinchia120/autoware.ai/install/autoware_system_msgs/lib/x86_64-linux-gnu/pkgconfig:/home/chinchia120/autoware.ai/install/autoware_system_msgs/lib/pkgconfig:/home/chinchia120/autoware.ai/install/autoware_msgs/lib/x86_64-linux-gnu/pkgconfig:/home/chinchia120/autoware.ai/install/autoware_msgs/lib/pkgconfig:/home/chinchia120/autoware.ai/install/autoware_lanelet2_msgs/lib/x86_64-linux-gnu/pkgconfig:/home/chinchia120/autoware.ai/install/autoware_lanelet2_msgs/lib/pkgconfig:/home/chinchia120/autoware.ai/install/autoware_config_msgs/lib/x86_64-linux-gnu/pkgconfig:/home/chinchia120/autoware.ai/install/autoware_config_msgs/lib/pkgconfig:/home/chinchia120/autoware.ai/install/autoware_can_msgs/lib/x86_64-linux-gnu/pkgconfig:/home/chinchia120/autoware.ai/install/autoware_can_msgs/lib/pkgconfig:/home/chinchia120/autoware.ai/install/autoware_build_flags/lib/x86_64-linux-gnu/pkgconfig:/home/chinchia120/autoware.ai/install/autoware_build_flags/lib/pkgconfig:${PKG_CONFIG_PATH} PYTHONPATH=/home/chinchia120/autoware.ai/install/vector_map_msgs/lib/python2.7/dist-packages:/home/chinchia120/autoware.ai/install/autoware_system_msgs/lib/python2.7/dist-packages:/home/chinchia120/autoware.ai/install/autoware_msgs/lib/python2.7/dist-packages:/home/chinchia120/autoware.ai/install/autoware_lanelet2_msgs/lib/python2.7/dist-packages:/home/chinchia120/autoware.ai/install/autoware_config_msgs/lib/python2.7/dist-packages:/home/chinchia120/autoware.ai/install/autoware_can_msgs/lib/python2.7/dist-packages:${PYTHONPATH} ROS_PACKAGE_PATH=/home/chinchia120/autoware.ai/install/waypoint_planner/share:/home/chinchia120/autoware.ai/install/lanelet2_extension/share:/home/chinchia120/autoware.ai/install/lanelet2_validation/share:/home/chinchia120/autoware.ai/install/lanelet2_routing/share:/home/chinchia120/autoware.ai/install/lanelet2_projection/share:/home/chinchia120/autoware.ai/install/libwaypoint_follower/share:/home/chinchia120/autoware.ai/install/lanelet2_traffic_rules/share:/home/chinchia120/autoware.ai/install/lanelet2_maps/share:/home/chinchia120/autoware.ai/install/lanelet2_io/share:/home/chinchia120/autoware.ai/install/vector_map/share:/home/chinchia120/autoware.ai/install/lanelet2_core/share:/home/chinchia120/autoware.ai/install/autoware_health_checker/share:/home/chinchia120/autoware.ai/install/astar_search/share:/home/chinchia120/autoware.ai/install/amathutils_lib/share:/home/chinchia120/autoware.ai/install/vector_map_msgs/share:/home/chinchia120/autoware.ai/install/ros_observer/share:/home/chinchia120/autoware.ai/install/gnss/share:/home/chinchia120/autoware.ai/install/autoware_system_msgs/share:/home/chinchia120/autoware.ai/install/autoware_msgs/share:/home/chinchia120/autoware.ai/install/autoware_lanelet2_msgs/share:/home/chinchia120/autoware.ai/install/autoware_config_msgs/share:/home/chinchia120/autoware.ai/install/autoware_can_msgs/share:/home/chinchia120/autoware.ai/install/autoware_build_flags/share:${ROS_PACKAGE_PATH} /usr/bin/cmake --build /home/chinchia120/autoware.ai/build/lattice_planner --target install -- -j4 -l4
