[0.210s] Invoking command in '/home/chinchia120/autoware.ai/build/autoware_config_msgs': /usr/bin/cmake /home/chinchia120/autoware.ai/src/autoware/messages/autoware_config_msgs -DCMAKE_BUILD_TYPE=Release -DCATKIN_INSTALL_INTO_PREFIX_ROOT=0 -DCMAKE_INSTALL_PREFIX=/home/chinchia120/autoware.ai/install/autoware_config_msgs
[1.359s] -- The C compiler identification is GNU 7.5.0
[2.259s] -- The CXX compiler identification is GNU 7.5.0
[2.271s] -- Check for working C compiler: /usr/bin/cc
[3.312s] -- Check for working C compiler: /usr/bin/cc -- works
[3.314s] -- Detecting C compiler ABI info
[4.126s] -- Detecting C compiler ABI info - done
[4.187s] -- Detecting C compile features
[7.400s] -- Detecting C compile features - done
[7.405s] -- Check for working CXX compiler: /usr/bin/c++
[7.853s] -- Check for working CXX compiler: /usr/bin/c++ -- works
[7.854s] -- Detecting CXX compiler ABI info
[8.287s] -- Detecting CXX compiler ABI info - done
[8.328s] -- Detecting CXX compile features
[12.192s] -- Detecting CXX compile features - done
[12.197s] -- Using CATKIN_DEVEL_PREFIX: /home/chinchia120/autoware.ai/build/autoware_config_msgs/devel
[12.198s] -- Using CMAKE_PREFIX_PATH: /home/chinchia120/catkin_ws/devel;/opt/ros/melodic
[12.198s] -- This workspace overlays: /home/chinchia120/catkin_ws/devel;/opt/ros/melodic
[12.339s] -- Found PythonInterp: /usr/bin/python2 (found suitable version "2.7.17", minimum required is "2") 
[12.340s] -- Using PYTHON_EXECUTABLE: /usr/bin/python2
[12.340s] -- Using Debian Python package layout
[12.347s] -- Using empy: /usr/bin/empy
[13.350s] -- Using CATKIN_ENABLE_TESTING: ON
[13.351s] -- Call enable_testing()
[13.358s] -- Using CATKIN_TEST_RESULTS_DIR: /home/chinchia120/autoware.ai/build/autoware_config_msgs/test_results
[13.475s] -- Found gtest sources under '/usr/src/googletest': gtests will be built
[13.476s] -- Found gmock sources under '/usr/src/googletest': gmock will be built
[13.590s] -- Found PythonInterp: /usr/bin/python2 (found version "2.7.17") 
[13.592s] -- Looking for pthread.h
[14.162s] -- Looking for pthread.h - found
[14.162s] -- Looking for pthread_create
[14.844s] -- Looking for pthread_create - not found
[14.844s] -- Looking for pthread_create in pthreads
[15.260s] -- Looking for pthread_create in pthreads - not found
[15.260s] -- Looking for pthread_create in pthread
[15.777s] -- Looking for pthread_create in pthread - found
[15.780s] -- Found Threads: TRUE  
[15.787s] -- Using Python nosetests: /usr/bin/nosetests-2.7
[15.964s] -- catkin 0.7.29
[15.964s] -- BUILD_SHARED_LIBS is on
[16.612s] -- Using these message generators: gencpp;geneus;genlisp;gennodejs;genpy
[17.670s] -- autoware_config_msgs: 31 messages, 0 services
[18.350s] -- Configuring done
[18.630s] -- Generating done
[18.669s] -- Build files have been written to: /home/chinchia120/autoware.ai/build/autoware_config_msgs
[18.679s] Invoked command in '/home/chinchia120/autoware.ai/build/autoware_config_msgs' returned '0': /usr/bin/cmake /home/chinchia120/autoware.ai/src/autoware/messages/autoware_config_msgs -DCMAKE_BUILD_TYPE=Release -DCATKIN_INSTALL_INTO_PREFIX_ROOT=0 -DCMAKE_INSTALL_PREFIX=/home/chinchia120/autoware.ai/install/autoware_config_msgs
[18.681s] Invoking command in '/home/chinchia120/autoware.ai/build/autoware_config_msgs': /usr/bin/cmake --build /home/chinchia120/autoware.ai/build/autoware_config_msgs -- -j4 -l4
[18.960s] [35m[1mScanning dependencies of target _autoware_config_msgs_generate_messages_check_deps_ConfigPedestrianFusion[0m
[18.967s] [35m[1mScanning dependencies of target _autoware_config_msgs_generate_messages_check_deps_ConfigLaneStop[0m
[18.971s] [35m[1mScanning dependencies of target _autoware_config_msgs_generate_messages_check_deps_ConfigWaypointReplanner[0m
[18.982s] [35m[1mScanning dependencies of target _autoware_config_msgs_generate_messages_check_deps_ConfigCarDPM[0m
[19.206s] [  0%] Built target _autoware_config_msgs_generate_messages_check_deps_ConfigLaneStop
[19.241s] [  0%] Built target _autoware_config_msgs_generate_messages_check_deps_ConfigPedestrianFusion
[19.282s] [  0%] Built target _autoware_config_msgs_generate_messages_check_deps_ConfigCarDPM
[19.332s] [  0%] Built target _autoware_config_msgs_generate_messages_check_deps_ConfigWaypointReplanner
[19.366s] [35m[1mScanning dependencies of target std_msgs_generate_messages_py[0m
[19.451s] [  0%] Built target std_msgs_generate_messages_py
[19.458s] [35m[1mScanning dependencies of target _autoware_config_msgs_generate_messages_check_deps_ConfigVelocitySet[0m
[19.520s] [35m[1mScanning dependencies of target _autoware_config_msgs_generate_messages_check_deps_ConfigVoxelGridFilter[0m
[19.727s] [  0%] Built target _autoware_config_msgs_generate_messages_check_deps_ConfigVelocitySet
[19.791s] [35m[1mScanning dependencies of target _autoware_config_msgs_generate_messages_check_deps_ConfigDecisionMaker[0m
[19.800s] [  0%] Built target _autoware_config_msgs_generate_messages_check_deps_ConfigVoxelGridFilter
[19.848s] [35m[1mScanning dependencies of target _autoware_config_msgs_generate_messages_check_deps_ConfigRayGroundFilter[0m
[19.891s] [35m[1mScanning dependencies of target _autoware_config_msgs_generate_messages_check_deps_ConfigLatticeVelocitySet[0m
[20.038s] [  0%] Built target _autoware_config_msgs_generate_messages_check_deps_ConfigDecisionMaker
[20.048s] [  0%] Built target _autoware_config_msgs_generate_messages_check_deps_ConfigRayGroundFilter
[20.105s] [35m[1mScanning dependencies of target _autoware_config_msgs_generate_messages_check_deps_ConfigNDTMapping[0m
[20.119s] [35m[1mScanning dependencies of target _autoware_config_msgs_generate_messages_check_deps_ConfigDistanceFilter[0m
[20.154s] [  0%] Built target _autoware_config_msgs_generate_messages_check_deps_ConfigLatticeVelocitySet
[20.289s] [35m[1mScanning dependencies of target _autoware_config_msgs_generate_messages_check_deps_ConfigCarKF[0m
[20.372s] [  0%] Built target _autoware_config_msgs_generate_messages_check_deps_ConfigNDTMapping
[20.394s] [  0%] Built target _autoware_config_msgs_generate_messages_check_deps_ConfigDistanceFilter
[20.515s] [35m[1mScanning dependencies of target _autoware_config_msgs_generate_messages_check_deps_ConfigPoints2Polygon[0m
[20.541s] [  0%] Built target _autoware_config_msgs_generate_messages_check_deps_ConfigCarKF
[20.546s] [35m[1mScanning dependencies of target _autoware_config_msgs_generate_messages_check_deps_ConfigRandomFilter[0m
[20.620s] [35m[1mScanning dependencies of target _autoware_config_msgs_generate_messages_check_deps_ConfigCompareMapFilter[0m
[20.694s] [35m[1mScanning dependencies of target _autoware_config_msgs_generate_messages_check_deps_ConfigTwistFilter[0m
[20.783s] [  0%] Built target _autoware_config_msgs_generate_messages_check_deps_ConfigRandomFilter
[20.820s] [  0%] Built target _autoware_config_msgs_generate_messages_check_deps_ConfigPoints2Polygon
[20.886s] [  0%] Built target _autoware_config_msgs_generate_messages_check_deps_ConfigCompareMapFilter
[20.890s] [35m[1mScanning dependencies of target _autoware_config_msgs_generate_messages_check_deps_ConfigApproximateNDTMapping[0m
[20.922s] [35m[1mScanning dependencies of target _autoware_config_msgs_generate_messages_check_deps_ConfigPedestrianDPM[0m
[20.968s] [35m[1mScanning dependencies of target _autoware_config_msgs_generate_messages_check_deps_ConfigCarFusion[0m
[21.003s] [  0%] Built target _autoware_config_msgs_generate_messages_check_deps_ConfigTwistFilter
[21.102s] [  0%] Built target _autoware_config_msgs_generate_messages_check_deps_ConfigApproximateNDTMapping
[21.130s] [35m[1mScanning dependencies of target _autoware_config_msgs_generate_messages_check_deps_ConfigNDTMappingOutput[0m
[21.210s] [35m[1mScanning dependencies of target _autoware_config_msgs_generate_messages_check_deps_ConfigLaneRule[0m
[21.215s] [  0%] Built target _autoware_config_msgs_generate_messages_check_deps_ConfigPedestrianDPM
[21.244s] [  0%] Built target _autoware_config_msgs_generate_messages_check_deps_ConfigCarFusion
[21.327s] [35m[1mScanning dependencies of target _autoware_config_msgs_generate_messages_check_deps_ConfigNDT[0m
[21.333s] [35m[1mScanning dependencies of target _autoware_config_msgs_generate_messages_check_deps_ConfigRingGroundFilter[0m
[21.353s] [  0%] Built target _autoware_config_msgs_generate_messages_check_deps_ConfigNDTMappingOutput
[21.444s] [  0%] Built target _autoware_config_msgs_generate_messages_check_deps_ConfigLaneRule
[21.470s] [35m[1mScanning dependencies of target _autoware_config_msgs_generate_messages_check_deps_ConfigLaneSelect[0m
[21.544s] [  0%] Built target _autoware_config_msgs_generate_messages_check_deps_ConfigRingGroundFilter
[21.566s] [35m[1mScanning dependencies of target _autoware_config_msgs_generate_messages_check_deps_ConfigRingFilter[0m
[21.608s] [  0%] Built target _autoware_config_msgs_generate_messages_check_deps_ConfigNDT
[21.690s] [35m[1mScanning dependencies of target _autoware_config_msgs_generate_messages_check_deps_ConfigPlannerSelector[0m
[21.726s] [  0%] Built target _autoware_config_msgs_generate_messages_check_deps_ConfigLaneSelect
[21.728s] [35m[1mScanning dependencies of target _autoware_config_msgs_generate_messages_check_deps_ConfigPedestrianKF[0m
[21.890s] [35m[1mScanning dependencies of target _autoware_config_msgs_generate_messages_check_deps_ConfigICP[0m
[21.927s] [  0%] Built target _autoware_config_msgs_generate_messages_check_deps_ConfigRingFilter
[21.964s] [  0%] Built target _autoware_config_msgs_generate_messages_check_deps_ConfigPlannerSelector
[22.001s] [35m[1mScanning dependencies of target _autoware_config_msgs_generate_messages_check_deps_ConfigRcnn[0m
[22.015s] [  0%] Built target _autoware_config_msgs_generate_messages_check_deps_ConfigPedestrianKF
[22.087s] [35m[1mScanning dependencies of target _autoware_config_msgs_generate_messages_check_deps_ConfigSSD[0m
[22.135s] [35m[1mScanning dependencies of target _autoware_config_msgs_generate_messages_check_deps_ConfigWaypointFollower[0m
[22.229s] [  0%] Built target _autoware_config_msgs_generate_messages_check_deps_ConfigICP
[22.258s] [  0%] Built target _autoware_config_msgs_generate_messages_check_deps_ConfigRcnn
[22.263s] [35m[1mScanning dependencies of target std_msgs_generate_messages_nodejs[0m
[22.346s] [  0%] Built target _autoware_config_msgs_generate_messages_check_deps_ConfigWaypointFollower
[22.351s] [  0%] Built target _autoware_config_msgs_generate_messages_check_deps_ConfigSSD
[22.352s] [  0%] Built target std_msgs_generate_messages_nodejs
[22.373s] [35m[1mScanning dependencies of target std_msgs_generate_messages_eus[0m
[22.417s] [35m[1mScanning dependencies of target std_msgs_generate_messages_cpp[0m
[22.445s] [35m[1mScanning dependencies of target autoware_config_msgs_generate_messages_py[0m
[22.453s] [  0%] Built target std_msgs_generate_messages_eus
[22.474s] [35m[1mScanning dependencies of target std_msgs_generate_messages_lisp[0m
[22.539s] [  1%] [34m[1mGenerating Python from MSG autoware_config_msgs/ConfigRandomFilter[0m
[22.564s] [  1%] Built target std_msgs_generate_messages_cpp
[22.596s] [  1%] Built target std_msgs_generate_messages_lisp
[22.625s] [  1%] [34m[1mGenerating Python from MSG autoware_config_msgs/ConfigDistanceFilter[0m
[22.625s] [35m[1mScanning dependencies of target autoware_config_msgs_generate_messages_nodejs[0m
[22.775s] [  2%] [34m[1mGenerating Javascript code from autoware_config_msgs/ConfigRandomFilter.msg[0m
[22.803s] [  3%] [34m[1mGenerating Python from MSG autoware_config_msgs/ConfigWaypointFollower[0m
[23.392s] [  4%] [34m[1mGenerating Javascript code from autoware_config_msgs/ConfigDistanceFilter.msg[0m
[23.542s] [  4%] [34m[1mGenerating Javascript code from autoware_config_msgs/ConfigWaypointFollower.msg[0m
[23.980s] [35m[1mScanning dependencies of target autoware_config_msgs_generate_messages_eus[0m
[24.076s] [  5%] [34m[1mGenerating Javascript code from autoware_config_msgs/ConfigLaneStop.msg[0m
[24.102s] [  6%] [34m[1mGenerating EusLisp code from autoware_config_msgs/ConfigRandomFilter.msg[0m
[24.180s] [  6%] [34m[1mGenerating Python from MSG autoware_config_msgs/ConfigLaneStop[0m
[24.399s] [  6%] [34m[1mGenerating Javascript code from autoware_config_msgs/ConfigCarFusion.msg[0m
[24.470s] [  6%] [34m[1mGenerating EusLisp code from autoware_config_msgs/ConfigDistanceFilter.msg[0m
[24.656s] [  7%] [34m[1mGenerating Javascript code from autoware_config_msgs/ConfigNDT.msg[0m
[24.778s] [  8%] [34m[1mGenerating Python from MSG autoware_config_msgs/ConfigCarFusion[0m
[24.874s] [  9%] [34m[1mGenerating EusLisp code from autoware_config_msgs/ConfigWaypointFollower.msg[0m
[25.045s] [ 10%] [34m[1mGenerating Javascript code from autoware_config_msgs/ConfigPedestrianFusion.msg[0m
[25.218s] [ 10%] [34m[1mGenerating EusLisp code from autoware_config_msgs/ConfigLaneStop.msg[0m
[25.295s] [ 10%] [34m[1mGenerating Python from MSG autoware_config_msgs/ConfigNDT[0m
[25.353s] [ 10%] [34m[1mGenerating Javascript code from autoware_config_msgs/ConfigLaneRule.msg[0m
[25.575s] [ 11%] [34m[1mGenerating EusLisp code from autoware_config_msgs/ConfigCarFusion.msg[0m
[25.633s] [ 12%] [34m[1mGenerating Javascript code from autoware_config_msgs/ConfigRingGroundFilter.msg[0m
[25.918s] [ 12%] [34m[1mGenerating Javascript code from autoware_config_msgs/ConfigLatticeVelocitySet.msg[0m
[25.937s] [ 13%] [34m[1mGenerating Python from MSG autoware_config_msgs/ConfigPedestrianFusion[0m
[25.959s] [ 15%] [34m[1mGenerating EusLisp code from autoware_config_msgs/ConfigNDT.msg[0m
[26.192s] [ 16%] [34m[1mGenerating Javascript code from autoware_config_msgs/ConfigRayGroundFilter.msg[0m
[26.416s] [ 16%] [34m[1mGenerating EusLisp code from autoware_config_msgs/ConfigPedestrianFusion.msg[0m
[26.438s] [ 17%] [34m[1mGenerating Javascript code from autoware_config_msgs/ConfigCompareMapFilter.msg[0m
[26.733s] [ 18%] [34m[1mGenerating Python from MSG autoware_config_msgs/ConfigLaneRule[0m
[26.795s] [ 19%] [34m[1mGenerating EusLisp code from autoware_config_msgs/ConfigLaneRule.msg[0m
[26.802s] [ 19%] [34m[1mGenerating Javascript code from autoware_config_msgs/ConfigRcnn.msg[0m
[27.104s] [ 19%] [34m[1mGenerating Python from MSG autoware_config_msgs/ConfigRingGroundFilter[0m
[27.129s] [ 19%] [34m[1mGenerating EusLisp code from autoware_config_msgs/ConfigRingGroundFilter.msg[0m
[27.181s] [ 20%] [34m[1mGenerating Javascript code from autoware_config_msgs/ConfigSSD.msg[0m
[27.500s] [ 21%] [34m[1mGenerating EusLisp code from autoware_config_msgs/ConfigLatticeVelocitySet.msg[0m
[27.538s] [ 21%] [34m[1mGenerating Javascript code from autoware_config_msgs/ConfigDecisionMaker.msg[0m
[27.770s] [ 22%] [34m[1mGenerating Python from MSG autoware_config_msgs/ConfigLatticeVelocitySet[0m
[27.807s] [ 23%] [34m[1mGenerating Javascript code from autoware_config_msgs/ConfigRingFilter.msg[0m
[27.824s] [ 24%] [34m[1mGenerating EusLisp code from autoware_config_msgs/ConfigRayGroundFilter.msg[0m
[28.062s] [ 25%] [34m[1mGenerating Javascript code from autoware_config_msgs/ConfigPedestrianKF.msg[0m
[28.123s] [ 25%] [34m[1mGenerating EusLisp code from autoware_config_msgs/ConfigCompareMapFilter.msg[0m
[28.283s] [ 25%] [34m[1mGenerating Javascript code from autoware_config_msgs/ConfigPlannerSelector.msg[0m
[28.340s] [ 26%] [34m[1mGenerating EusLisp code from autoware_config_msgs/ConfigRcnn.msg[0m
[28.406s] [ 26%] [34m[1mGenerating Python from MSG autoware_config_msgs/ConfigRayGroundFilter[0m
[28.509s] [ 27%] [34m[1mGenerating Javascript code from autoware_config_msgs/ConfigICP.msg[0m
[28.665s] [ 27%] [34m[1mGenerating EusLisp code from autoware_config_msgs/ConfigSSD.msg[0m
[28.760s] [ 27%] [34m[1mGenerating Javascript code from autoware_config_msgs/ConfigPedestrianDPM.msg[0m
[28.959s] [ 29%] [34m[1mGenerating Python from MSG autoware_config_msgs/ConfigCompareMapFilter[0m
[28.977s] [ 30%] [34m[1mGenerating Javascript code from autoware_config_msgs/ConfigLaneSelect.msg[0m
[29.055s] [ 31%] [34m[1mGenerating EusLisp code from autoware_config_msgs/ConfigDecisionMaker.msg[0m
[29.205s] [ 32%] [34m[1mGenerating Javascript code from autoware_config_msgs/ConfigApproximateNDTMapping.msg[0m
[29.361s] [ 32%] [34m[1mGenerating EusLisp code from autoware_config_msgs/ConfigRingFilter.msg[0m
[29.442s] [ 33%] [34m[1mGenerating Python from MSG autoware_config_msgs/ConfigRcnn[0m
[29.501s] [ 33%] [34m[1mGenerating Javascript code from autoware_config_msgs/ConfigNDTMappingOutput.msg[0m
[29.639s] [ 34%] [34m[1mGenerating EusLisp code from autoware_config_msgs/ConfigPedestrianKF.msg[0m
[29.715s] [ 35%] [34m[1mGenerating Javascript code from autoware_config_msgs/ConfigCarKF.msg[0m
[29.955s] [ 35%] [34m[1mGenerating Javascript code from autoware_config_msgs/ConfigWaypointReplanner.msg[0m
[29.972s] [ 35%] [34m[1mGenerating Python from MSG autoware_config_msgs/ConfigSSD[0m
[29.983s] [ 36%] [34m[1mGenerating EusLisp code from autoware_config_msgs/ConfigPlannerSelector.msg[0m
[30.218s] [ 37%] [34m[1mGenerating Javascript code from autoware_config_msgs/ConfigCarDPM.msg[0m
[30.302s] [ 37%] [34m[1mGenerating EusLisp code from autoware_config_msgs/ConfigICP.msg[0m
[30.452s] [ 38%] [34m[1mGenerating Javascript code from autoware_config_msgs/ConfigTwistFilter.msg[0m
[30.514s] [ 39%] [34m[1mGenerating Python from MSG autoware_config_msgs/ConfigDecisionMaker[0m
[30.670s] [ 40%] [34m[1mGenerating EusLisp code from autoware_config_msgs/ConfigPedestrianDPM.msg[0m
[30.710s] [ 40%] [34m[1mGenerating Javascript code from autoware_config_msgs/ConfigVoxelGridFilter.msg[0m
[30.928s] [ 41%] [34m[1mGenerating Javascript code from autoware_config_msgs/ConfigPoints2Polygon.msg[0m
[30.952s] [ 41%] [34m[1mGenerating EusLisp code from autoware_config_msgs/ConfigLaneSelect.msg[0m
[31.107s] [ 41%] [34m[1mGenerating Python from MSG autoware_config_msgs/ConfigRingFilter[0m
[31.142s] [ 41%] [34m[1mGenerating Javascript code from autoware_config_msgs/ConfigVelocitySet.msg[0m
[31.372s] [ 43%] [34m[1mGenerating EusLisp code from autoware_config_msgs/ConfigApproximateNDTMapping.msg[0m
[31.570s] [ 44%] [34m[1mGenerating Javascript code from autoware_config_msgs/ConfigNDTMapping.msg[0m
[31.747s] [ 45%] [34m[1mGenerating Python from MSG autoware_config_msgs/ConfigPedestrianKF[0m
[31.833s] [ 46%] [34m[1mGenerating EusLisp code from autoware_config_msgs/ConfigNDTMappingOutput.msg[0m
[31.960s] [ 46%] Built target autoware_config_msgs_generate_messages_nodejs
[32.130s] [ 46%] [34m[1mGenerating EusLisp code from autoware_config_msgs/ConfigCarKF.msg[0m
[32.156s] [ 47%] [34m[1mGenerating Python from MSG autoware_config_msgs/ConfigPlannerSelector[0m
[32.462s] [ 48%] [34m[1mGenerating EusLisp code from autoware_config_msgs/ConfigWaypointReplanner.msg[0m
[32.568s] [ 48%] [34m[1mGenerating Python from MSG autoware_config_msgs/ConfigICP[0m
[32.779s] [ 48%] [34m[1mGenerating EusLisp code from autoware_config_msgs/ConfigCarDPM.msg[0m
[33.079s] [ 49%] [34m[1mGenerating Python from MSG autoware_config_msgs/ConfigPedestrianDPM[0m
[33.180s] [ 50%] [34m[1mGenerating EusLisp code from autoware_config_msgs/ConfigTwistFilter.msg[0m
[33.483s] [ 51%] [34m[1mGenerating EusLisp code from autoware_config_msgs/ConfigVoxelGridFilter.msg[0m
[33.639s] [ 51%] [34m[1mGenerating Python from MSG autoware_config_msgs/ConfigLaneSelect[0m
[33.867s] [ 51%] [34m[1mGenerating EusLisp code from autoware_config_msgs/ConfigPoints2Polygon.msg[0m
[34.008s] [ 52%] [34m[1mGenerating Python from MSG autoware_config_msgs/ConfigApproximateNDTMapping[0m
[34.198s] [ 53%] [34m[1mGenerating EusLisp code from autoware_config_msgs/ConfigVelocitySet.msg[0m
[34.429s] [ 54%] [34m[1mGenerating Python from MSG autoware_config_msgs/ConfigNDTMappingOutput[0m
[34.479s] [ 54%] [34m[1mGenerating EusLisp code from autoware_config_msgs/ConfigNDTMapping.msg[0m
[35.042s] [ 55%] [34m[1mGenerating EusLisp manifest code for autoware_config_msgs[0m
[35.062s] [ 55%] [34m[1mGenerating Python from MSG autoware_config_msgs/ConfigCarKF[0m
[36.413s] [ 56%] [34m[1mGenerating Python from MSG autoware_config_msgs/ConfigWaypointReplanner[0m
[37.215s] [ 56%] [34m[1mGenerating Python from MSG autoware_config_msgs/ConfigCarDPM[0m
[38.422s] [ 58%] [34m[1mGenerating Python from MSG autoware_config_msgs/ConfigTwistFilter[0m
[38.548s] [ 58%] Built target autoware_config_msgs_generate_messages_eus
[39.246s] [ 59%] [34m[1mGenerating Python from MSG autoware_config_msgs/ConfigVoxelGridFilter[0m
[40.362s] [ 59%] [34m[1mGenerating Python from MSG autoware_config_msgs/ConfigPoints2Polygon[0m
[40.785s] [ 60%] [34m[1mGenerating Python from MSG autoware_config_msgs/ConfigVelocitySet[0m
[41.135s] [ 60%] [34m[1mGenerating Python from MSG autoware_config_msgs/ConfigNDTMapping[0m
[41.563s] [ 61%] [34m[1mGenerating Python msg __init__.py for autoware_config_msgs[0m
[41.980s] [ 61%] Built target autoware_config_msgs_generate_messages_py
[42.067s] [35m[1mScanning dependencies of target autoware_config_msgs_generate_messages_lisp[0m
[42.130s] [ 62%] [34m[1mGenerating Lisp code from autoware_config_msgs/ConfigRandomFilter.msg[0m
[42.278s] [ 63%] [34m[1mGenerating Lisp code from autoware_config_msgs/ConfigWaypointFollower.msg[0m
[42.469s] [ 63%] [34m[1mGenerating Lisp code from autoware_config_msgs/ConfigLaneStop.msg[0m
[42.621s] [ 64%] [34m[1mGenerating Lisp code from autoware_config_msgs/ConfigCarFusion.msg[0m
[42.785s] [ 65%] [34m[1mGenerating Lisp code from autoware_config_msgs/ConfigNDT.msg[0m
[42.966s] [ 65%] [34m[1mGenerating Lisp code from autoware_config_msgs/ConfigPedestrianFusion.msg[0m
[43.224s] [ 66%] [34m[1mGenerating Lisp code from autoware_config_msgs/ConfigLaneRule.msg[0m
[43.376s] [ 66%] [34m[1mGenerating Lisp code from autoware_config_msgs/ConfigRingGroundFilter.msg[0m
[43.565s] [ 67%] [34m[1mGenerating Lisp code from autoware_config_msgs/ConfigLatticeVelocitySet.msg[0m
[43.691s] [ 68%] [34m[1mGenerating Lisp code from autoware_config_msgs/ConfigRayGroundFilter.msg[0m
[43.939s] [ 68%] [34m[1mGenerating Lisp code from autoware_config_msgs/ConfigCompareMapFilter.msg[0m
[44.130s] [ 69%] [34m[1mGenerating Lisp code from autoware_config_msgs/ConfigRcnn.msg[0m
[44.290s] [ 69%] [34m[1mGenerating Lisp code from autoware_config_msgs/ConfigSSD.msg[0m
[44.462s] [ 70%] [34m[1mGenerating Lisp code from autoware_config_msgs/ConfigDecisionMaker.msg[0m
[44.742s] [ 72%] [34m[1mGenerating Lisp code from autoware_config_msgs/ConfigRingFilter.msg[0m
[44.922s] [ 72%] [34m[1mGenerating Lisp code from autoware_config_msgs/ConfigPedestrianKF.msg[0m
[45.122s] [ 73%] [34m[1mGenerating Lisp code from autoware_config_msgs/ConfigPlannerSelector.msg[0m
[45.313s] [ 73%] [34m[1mGenerating Lisp code from autoware_config_msgs/ConfigICP.msg[0m
[45.433s] [ 74%] [34m[1mGenerating Lisp code from autoware_config_msgs/ConfigPedestrianDPM.msg[0m
[45.541s] [ 75%] [34m[1mGenerating Lisp code from autoware_config_msgs/ConfigLaneSelect.msg[0m
[45.682s] [ 75%] [34m[1mGenerating Lisp code from autoware_config_msgs/ConfigApproximateNDTMapping.msg[0m
[45.800s] [ 76%] [34m[1mGenerating Lisp code from autoware_config_msgs/ConfigNDTMappingOutput.msg[0m
[45.908s] [ 76%] [34m[1mGenerating Lisp code from autoware_config_msgs/ConfigCarKF.msg[0m
[46.025s] [ 77%] [34m[1mGenerating Lisp code from autoware_config_msgs/ConfigWaypointReplanner.msg[0m
[46.125s] [ 77%] [34m[1mGenerating Lisp code from autoware_config_msgs/ConfigCarDPM.msg[0m
[46.223s] [ 78%] [34m[1mGenerating Lisp code from autoware_config_msgs/ConfigTwistFilter.msg[0m
[46.303s] [ 79%] [34m[1mGenerating Lisp code from autoware_config_msgs/ConfigVoxelGridFilter.msg[0m
[46.386s] [ 79%] [34m[1mGenerating Lisp code from autoware_config_msgs/ConfigPoints2Polygon.msg[0m
[46.466s] [ 80%] [34m[1mGenerating Lisp code from autoware_config_msgs/ConfigVelocitySet.msg[0m
[46.593s] [ 80%] [34m[1mGenerating Lisp code from autoware_config_msgs/ConfigNDTMapping.msg[0m
[46.689s] [ 80%] [34m[1mGenerating Lisp code from autoware_config_msgs/ConfigDistanceFilter.msg[0m
[46.789s] [ 80%] Built target autoware_config_msgs_generate_messages_lisp
[46.817s] [35m[1mScanning dependencies of target autoware_config_msgs_generate_messages_cpp[0m
[46.861s] [ 80%] [34m[1mGenerating C++ code from autoware_config_msgs/ConfigRandomFilter.msg[0m
[47.123s] [ 81%] [34m[1mGenerating C++ code from autoware_config_msgs/ConfigLaneStop.msg[0m
[47.393s] [ 81%] [34m[1mGenerating C++ code from autoware_config_msgs/ConfigCarFusion.msg[0m
[47.666s] [ 82%] [34m[1mGenerating C++ code from autoware_config_msgs/ConfigNDT.msg[0m
[47.934s] [ 83%] [34m[1mGenerating C++ code from autoware_config_msgs/ConfigPedestrianFusion.msg[0m
[48.214s] [ 83%] [34m[1mGenerating C++ code from autoware_config_msgs/ConfigLaneRule.msg[0m
[48.494s] [ 84%] [34m[1mGenerating C++ code from autoware_config_msgs/ConfigRingGroundFilter.msg[0m
[48.770s] [ 84%] [34m[1mGenerating C++ code from autoware_config_msgs/ConfigLatticeVelocitySet.msg[0m
[49.052s] [ 86%] [34m[1mGenerating C++ code from autoware_config_msgs/ConfigRayGroundFilter.msg[0m
[49.326s] [ 87%] [34m[1mGenerating C++ code from autoware_config_msgs/ConfigCompareMapFilter.msg[0m
[49.638s] [ 87%] [34m[1mGenerating C++ code from autoware_config_msgs/ConfigRcnn.msg[0m
[49.946s] [ 88%] [34m[1mGenerating C++ code from autoware_config_msgs/ConfigSSD.msg[0m
[50.223s] [ 88%] [34m[1mGenerating C++ code from autoware_config_msgs/ConfigDecisionMaker.msg[0m
[50.535s] [ 89%] [34m[1mGenerating C++ code from autoware_config_msgs/ConfigRingFilter.msg[0m
[50.859s] [ 90%] [34m[1mGenerating C++ code from autoware_config_msgs/ConfigPedestrianKF.msg[0m
[51.147s] [ 90%] [34m[1mGenerating C++ code from autoware_config_msgs/ConfigPlannerSelector.msg[0m
[51.451s] [ 91%] [34m[1mGenerating C++ code from autoware_config_msgs/ConfigICP.msg[0m
[51.764s] [ 91%] [34m[1mGenerating C++ code from autoware_config_msgs/ConfigPedestrianDPM.msg[0m
[52.052s] [ 92%] [34m[1mGenerating C++ code from autoware_config_msgs/ConfigLaneSelect.msg[0m
[52.321s] [ 93%] [34m[1mGenerating C++ code from autoware_config_msgs/ConfigApproximateNDTMapping.msg[0m
[52.595s] [ 93%] [34m[1mGenerating C++ code from autoware_config_msgs/ConfigNDTMappingOutput.msg[0m
[52.900s] [ 94%] [34m[1mGenerating C++ code from autoware_config_msgs/ConfigCarKF.msg[0m
[53.185s] [ 94%] [34m[1mGenerating C++ code from autoware_config_msgs/ConfigWaypointReplanner.msg[0m
[53.502s] [ 95%] [34m[1mGenerating C++ code from autoware_config_msgs/ConfigCarDPM.msg[0m
[53.830s] [ 96%] [34m[1mGenerating C++ code from autoware_config_msgs/ConfigTwistFilter.msg[0m
[54.123s] [ 96%] [34m[1mGenerating C++ code from autoware_config_msgs/ConfigVoxelGridFilter.msg[0m
[54.383s] [ 97%] [34m[1mGenerating C++ code from autoware_config_msgs/ConfigPoints2Polygon.msg[0m
[54.711s] [ 97%] [34m[1mGenerating C++ code from autoware_config_msgs/ConfigVelocitySet.msg[0m
[55.073s] [ 98%] [34m[1mGenerating C++ code from autoware_config_msgs/ConfigNDTMapping.msg[0m
[55.446s] [ 98%] [34m[1mGenerating C++ code from autoware_config_msgs/ConfigWaypointFollower.msg[0m
[55.815s] [100%] [34m[1mGenerating C++ code from autoware_config_msgs/ConfigDistanceFilter.msg[0m
[56.176s] [100%] Built target autoware_config_msgs_generate_messages_cpp
[56.208s] [35m[1mScanning dependencies of target autoware_config_msgs_generate_messages[0m
[56.242s] [100%] Built target autoware_config_msgs_generate_messages
[56.274s] Invoked command in '/home/chinchia120/autoware.ai/build/autoware_config_msgs' returned '0': /usr/bin/cmake --build /home/chinchia120/autoware.ai/build/autoware_config_msgs -- -j4 -l4
[56.562s] Invoking command in '/home/chinchia120/autoware.ai/build/autoware_config_msgs': /usr/bin/cmake --build /home/chinchia120/autoware.ai/build/autoware_config_msgs --target tests -- -j4 -l4
[56.780s] [35m[1mScanning dependencies of target tests[0m
[56.822s] Built target tests
[56.866s] Invoked command in '/home/chinchia120/autoware.ai/build/autoware_config_msgs' returned '0': /usr/bin/cmake --build /home/chinchia120/autoware.ai/build/autoware_config_msgs --target tests -- -j4 -l4
[57.181s] Invoking command in '/home/chinchia120/autoware.ai/build/autoware_config_msgs': /usr/bin/cmake --build /home/chinchia120/autoware.ai/build/autoware_config_msgs --target install -- -j4 -l4
[57.442s] [  0%] Built target _autoware_config_msgs_generate_messages_check_deps_ConfigPedestrianFusion
[57.592s] [  0%] Built target _autoware_config_msgs_generate_messages_check_deps_ConfigLaneStop
[57.669s] [  0%] Built target std_msgs_generate_messages_py
[57.821s] [  0%] Built target _autoware_config_msgs_generate_messages_check_deps_ConfigDecisionMaker
[57.980s] [  0%] Built target _autoware_config_msgs_generate_messages_check_deps_ConfigVelocitySet
[58.158s] [  0%] Built target _autoware_config_msgs_generate_messages_check_deps_ConfigVoxelGridFilter
[58.322s] [  0%] Built target _autoware_config_msgs_generate_messages_check_deps_ConfigRayGroundFilter
[58.489s] [  0%] Built target _autoware_config_msgs_generate_messages_check_deps_ConfigLatticeVelocitySet
[58.639s] [  0%] Built target _autoware_config_msgs_generate_messages_check_deps_ConfigNDTMapping
[58.792s] [  0%] Built target _autoware_config_msgs_generate_messages_check_deps_ConfigDistanceFilter
[58.952s] [  0%] Built target _autoware_config_msgs_generate_messages_check_deps_ConfigCarKF
[59.096s] [  0%] Built target _autoware_config_msgs_generate_messages_check_deps_ConfigPoints2Polygon
[59.245s] [  0%] Built target _autoware_config_msgs_generate_messages_check_deps_ConfigRandomFilter
[59.424s] [  0%] Built target _autoware_config_msgs_generate_messages_check_deps_ConfigCompareMapFilter
[59.579s] [  0%] Built target _autoware_config_msgs_generate_messages_check_deps_ConfigTwistFilter
[59.719s] [  0%] Built target _autoware_config_msgs_generate_messages_check_deps_ConfigApproximateNDTMapping
[59.871s] [  0%] Built target _autoware_config_msgs_generate_messages_check_deps_ConfigPedestrianDPM
[60.003s] [  0%] Built target _autoware_config_msgs_generate_messages_check_deps_ConfigCarFusion
[60.133s] [  0%] Built target _autoware_config_msgs_generate_messages_check_deps_ConfigNDTMappingOutput
[60.282s] [  0%] Built target _autoware_config_msgs_generate_messages_check_deps_ConfigLaneRule
[60.420s] [  0%] Built target _autoware_config_msgs_generate_messages_check_deps_ConfigNDT
[60.552s] [  0%] Built target _autoware_config_msgs_generate_messages_check_deps_ConfigRingGroundFilter
[60.676s] [  0%] Built target _autoware_config_msgs_generate_messages_check_deps_ConfigLaneSelect
[60.813s] [  0%] Built target _autoware_config_msgs_generate_messages_check_deps_ConfigRingFilter
[60.939s] [  0%] Built target _autoware_config_msgs_generate_messages_check_deps_ConfigPedestrianKF
[61.057s] [  0%] Built target _autoware_config_msgs_generate_messages_check_deps_ConfigPlannerSelector
[61.171s] [  0%] Built target _autoware_config_msgs_generate_messages_check_deps_ConfigICP
[61.289s] [  0%] Built target _autoware_config_msgs_generate_messages_check_deps_ConfigRcnn
[61.412s] [  0%] Built target _autoware_config_msgs_generate_messages_check_deps_ConfigSSD
[61.530s] [  0%] Built target _autoware_config_msgs_generate_messages_check_deps_ConfigWaypointFollower
[61.594s] [  0%] Built target std_msgs_generate_messages_nodejs
[61.655s] [  0%] Built target std_msgs_generate_messages_eus
[61.713s] [  0%] Built target std_msgs_generate_messages_cpp
[61.768s] [  0%] Built target std_msgs_generate_messages_lisp
[61.889s] [  0%] Built target _autoware_config_msgs_generate_messages_check_deps_ConfigCarDPM
[62.006s] [  0%] Built target _autoware_config_msgs_generate_messages_check_deps_ConfigWaypointReplanner
[62.074s] [ 20%] Built target autoware_config_msgs_generate_messages_py
[62.139s] [ 39%] Built target autoware_config_msgs_generate_messages_cpp
[62.205s] [ 59%] Built target autoware_config_msgs_generate_messages_lisp
[62.269s] [ 79%] Built target autoware_config_msgs_generate_messages_eus
[62.336s] [100%] Built target autoware_config_msgs_generate_messages_nodejs
[62.401s] [100%] Built target autoware_config_msgs_generate_messages
[62.461s] [36mInstall the project...[0m
[62.486s] -- Install configuration: "Release"
[62.487s] -- Installing: /home/chinchia120/autoware.ai/install/autoware_config_msgs/share/autoware_config_msgs/msg/ConfigApproximateNDTMapping.msg
[62.487s] -- Installing: /home/chinchia120/autoware.ai/install/autoware_config_msgs/share/autoware_config_msgs/msg/ConfigCarDPM.msg
[62.488s] -- Installing: /home/chinchia120/autoware.ai/install/autoware_config_msgs/share/autoware_config_msgs/msg/ConfigCarFusion.msg
[62.488s] -- Installing: /home/chinchia120/autoware.ai/install/autoware_config_msgs/share/autoware_config_msgs/msg/ConfigCarKF.msg
[62.488s] -- Installing: /home/chinchia120/autoware.ai/install/autoware_config_msgs/share/autoware_config_msgs/msg/ConfigCompareMapFilter.msg
[62.489s] -- Installing: /home/chinchia120/autoware.ai/install/autoware_config_msgs/share/autoware_config_msgs/msg/ConfigDecisionMaker.msg
[62.489s] -- Installing: /home/chinchia120/autoware.ai/install/autoware_config_msgs/share/autoware_config_msgs/msg/ConfigDistanceFilter.msg
[62.489s] -- Installing: /home/chinchia120/autoware.ai/install/autoware_config_msgs/share/autoware_config_msgs/msg/ConfigICP.msg
[62.489s] -- Installing: /home/chinchia120/autoware.ai/install/autoware_config_msgs/share/autoware_config_msgs/msg/ConfigLaneRule.msg
[62.489s] -- Installing: /home/chinchia120/autoware.ai/install/autoware_config_msgs/share/autoware_config_msgs/msg/ConfigLaneSelect.msg
[62.489s] -- Installing: /home/chinchia120/autoware.ai/install/autoware_config_msgs/share/autoware_config_msgs/msg/ConfigLaneStop.msg
[62.490s] -- Installing: /home/chinchia120/autoware.ai/install/autoware_config_msgs/share/autoware_config_msgs/msg/ConfigLatticeVelocitySet.msg
[62.490s] -- Installing: /home/chinchia120/autoware.ai/install/autoware_config_msgs/share/autoware_config_msgs/msg/ConfigNDT.msg
[62.490s] -- Installing: /home/chinchia120/autoware.ai/install/autoware_config_msgs/share/autoware_config_msgs/msg/ConfigNDTMapping.msg
[62.490s] -- Installing: /home/chinchia120/autoware.ai/install/autoware_config_msgs/share/autoware_config_msgs/msg/ConfigNDTMappingOutput.msg
[62.490s] -- Installing: /home/chinchia120/autoware.ai/install/autoware_config_msgs/share/autoware_config_msgs/msg/ConfigPedestrianDPM.msg
[62.490s] -- Installing: /home/chinchia120/autoware.ai/install/autoware_config_msgs/share/autoware_config_msgs/msg/ConfigPedestrianFusion.msg
[62.491s] -- Installing: /home/chinchia120/autoware.ai/install/autoware_config_msgs/share/autoware_config_msgs/msg/ConfigPedestrianKF.msg
[62.491s] -- Installing: /home/chinchia120/autoware.ai/install/autoware_config_msgs/share/autoware_config_msgs/msg/ConfigPlannerSelector.msg
[62.491s] -- Installing: /home/chinchia120/autoware.ai/install/autoware_config_msgs/share/autoware_config_msgs/msg/ConfigPoints2Polygon.msg
[62.491s] -- Installing: /home/chinchia120/autoware.ai/install/autoware_config_msgs/share/autoware_config_msgs/msg/ConfigRandomFilter.msg
[62.491s] -- Installing: /home/chinchia120/autoware.ai/install/autoware_config_msgs/share/autoware_config_msgs/msg/ConfigRayGroundFilter.msg
[62.492s] -- Installing: /home/chinchia120/autoware.ai/install/autoware_config_msgs/share/autoware_config_msgs/msg/ConfigRcnn.msg
[62.492s] -- Installing: /home/chinchia120/autoware.ai/install/autoware_config_msgs/share/autoware_config_msgs/msg/ConfigRingFilter.msg
[62.492s] -- Installing: /home/chinchia120/autoware.ai/install/autoware_config_msgs/share/autoware_config_msgs/msg/ConfigRingGroundFilter.msg
[62.492s] -- Installing: /home/chinchia120/autoware.ai/install/autoware_config_msgs/share/autoware_config_msgs/msg/ConfigSSD.msg
[62.492s] -- Installing: /home/chinchia120/autoware.ai/install/autoware_config_msgs/share/autoware_config_msgs/msg/ConfigTwistFilter.msg
[62.492s] -- Installing: /home/chinchia120/autoware.ai/install/autoware_config_msgs/share/autoware_config_msgs/msg/ConfigVelocitySet.msg
[62.493s] -- Installing: /home/chinchia120/autoware.ai/install/autoware_config_msgs/share/autoware_config_msgs/msg/ConfigVoxelGridFilter.msg
[62.493s] -- Installing: /home/chinchia120/autoware.ai/install/autoware_config_msgs/share/autoware_config_msgs/msg/ConfigWaypointFollower.msg
[62.493s] -- Installing: /home/chinchia120/autoware.ai/install/autoware_config_msgs/share/autoware_config_msgs/msg/ConfigWaypointReplanner.msg
[62.493s] -- Installing: /home/chinchia120/autoware.ai/install/autoware_config_msgs/share/autoware_config_msgs/cmake/autoware_config_msgs-msg-paths.cmake
[62.493s] -- Installing: /home/chinchia120/autoware.ai/install/autoware_config_msgs/include/autoware_config_msgs
[62.493s] -- Installing: /home/chinchia120/autoware.ai/install/autoware_config_msgs/include/autoware_config_msgs/ConfigVoxelGridFilter.h
[62.494s] -- Installing: /home/chinchia120/autoware.ai/install/autoware_config_msgs/include/autoware_config_msgs/ConfigRcnn.h
[62.494s] -- Installing: /home/chinchia120/autoware.ai/install/autoware_config_msgs/include/autoware_config_msgs/ConfigPedestrianKF.h
[62.494s] -- Installing: /home/chinchia120/autoware.ai/install/autoware_config_msgs/include/autoware_config_msgs/ConfigVelocitySet.h
[62.494s] -- Installing: /home/chinchia120/autoware.ai/install/autoware_config_msgs/include/autoware_config_msgs/ConfigLaneStop.h
[62.494s] -- Installing: /home/chinchia120/autoware.ai/install/autoware_config_msgs/include/autoware_config_msgs/ConfigCompareMapFilter.h
[62.495s] -- Installing: /home/chinchia120/autoware.ai/install/autoware_config_msgs/include/autoware_config_msgs/ConfigPedestrianDPM.h
[62.495s] -- Installing: /home/chinchia120/autoware.ai/install/autoware_config_msgs/include/autoware_config_msgs/ConfigDecisionMaker.h
[62.495s] -- Installing: /home/chinchia120/autoware.ai/install/autoware_config_msgs/include/autoware_config_msgs/ConfigDistanceFilter.h
[62.495s] -- Installing: /home/chinchia120/autoware.ai/install/autoware_config_msgs/include/autoware_config_msgs/ConfigSSD.h
[62.495s] -- Installing: /home/chinchia120/autoware.ai/install/autoware_config_msgs/include/autoware_config_msgs/ConfigTwistFilter.h
[62.496s] -- Installing: /home/chinchia120/autoware.ai/install/autoware_config_msgs/include/autoware_config_msgs/ConfigRingFilter.h
[62.496s] -- Installing: /home/chinchia120/autoware.ai/install/autoware_config_msgs/include/autoware_config_msgs/ConfigCarDPM.h
[62.496s] -- Installing: /home/chinchia120/autoware.ai/install/autoware_config_msgs/include/autoware_config_msgs/ConfigCarKF.h
[62.496s] -- Installing: /home/chinchia120/autoware.ai/install/autoware_config_msgs/include/autoware_config_msgs/ConfigPlannerSelector.h
[62.496s] -- Installing: /home/chinchia120/autoware.ai/install/autoware_config_msgs/include/autoware_config_msgs/ConfigWaypointReplanner.h
[62.497s] -- Installing: /home/chinchia120/autoware.ai/install/autoware_config_msgs/include/autoware_config_msgs/ConfigApproximateNDTMapping.h
[62.497s] -- Installing: /home/chinchia120/autoware.ai/install/autoware_config_msgs/include/autoware_config_msgs/ConfigICP.h
[62.497s] -- Installing: /home/chinchia120/autoware.ai/install/autoware_config_msgs/include/autoware_config_msgs/ConfigRandomFilter.h
[62.497s] -- Installing: /home/chinchia120/autoware.ai/install/autoware_config_msgs/include/autoware_config_msgs/ConfigLaneRule.h
[62.498s] -- Installing: /home/chinchia120/autoware.ai/install/autoware_config_msgs/include/autoware_config_msgs/ConfigNDT.h
[62.503s] -- Installing: /home/chinchia120/autoware.ai/install/autoware_config_msgs/include/autoware_config_msgs/ConfigNDTMapping.h
[62.504s] -- Installing: /home/chinchia120/autoware.ai/install/autoware_config_msgs/include/autoware_config_msgs/ConfigRingGroundFilter.h
[62.504s] -- Installing: /home/chinchia120/autoware.ai/install/autoware_config_msgs/include/autoware_config_msgs/ConfigPoints2Polygon.h
[62.504s] -- Installing: /home/chinchia120/autoware.ai/install/autoware_config_msgs/include/autoware_config_msgs/ConfigLaneSelect.h
[62.504s] -- Installing: /home/chinchia120/autoware.ai/install/autoware_config_msgs/include/autoware_config_msgs/ConfigPedestrianFusion.h
[62.505s] -- Installing: /home/chinchia120/autoware.ai/install/autoware_config_msgs/include/autoware_config_msgs/ConfigRayGroundFilter.h
[62.505s] -- Installing: /home/chinchia120/autoware.ai/install/autoware_config_msgs/include/autoware_config_msgs/ConfigNDTMappingOutput.h
[62.505s] -- Installing: /home/chinchia120/autoware.ai/install/autoware_config_msgs/include/autoware_config_msgs/ConfigCarFusion.h
[62.505s] -- Installing: /home/chinchia120/autoware.ai/install/autoware_config_msgs/include/autoware_config_msgs/ConfigLatticeVelocitySet.h
[62.506s] -- Installing: /home/chinchia120/autoware.ai/install/autoware_config_msgs/include/autoware_config_msgs/ConfigWaypointFollower.h
[62.506s] -- Installing: /home/chinchia120/autoware.ai/install/autoware_config_msgs/share/roseus/ros/autoware_config_msgs
[62.506s] -- Installing: /home/chinchia120/autoware.ai/install/autoware_config_msgs/share/roseus/ros/autoware_config_msgs/manifest.l
[62.507s] -- Installing: /home/chinchia120/autoware.ai/install/autoware_config_msgs/share/roseus/ros/autoware_config_msgs/msg
[62.507s] -- Installing: /home/chinchia120/autoware.ai/install/autoware_config_msgs/share/roseus/ros/autoware_config_msgs/msg/ConfigSSD.l
[62.507s] -- Installing: /home/chinchia120/autoware.ai/install/autoware_config_msgs/share/roseus/ros/autoware_config_msgs/msg/ConfigNDTMapping.l
[62.508s] -- Installing: /home/chinchia120/autoware.ai/install/autoware_config_msgs/share/roseus/ros/autoware_config_msgs/msg/ConfigPoints2Polygon.l
[62.508s] -- Installing: /home/chinchia120/autoware.ai/install/autoware_config_msgs/share/roseus/ros/autoware_config_msgs/msg/ConfigWaypointReplanner.l
[62.508s] -- Installing: /home/chinchia120/autoware.ai/install/autoware_config_msgs/share/roseus/ros/autoware_config_msgs/msg/ConfigTwistFilter.l
[62.509s] -- Installing: /home/chinchia120/autoware.ai/install/autoware_config_msgs/share/roseus/ros/autoware_config_msgs/msg/ConfigNDTMappingOutput.l
[62.510s] -- Installing: /home/chinchia120/autoware.ai/install/autoware_config_msgs/share/roseus/ros/autoware_config_msgs/msg/ConfigLatticeVelocitySet.l
[62.511s] -- Installing: /home/chinchia120/autoware.ai/install/autoware_config_msgs/share/roseus/ros/autoware_config_msgs/msg/ConfigRandomFilter.l
[62.512s] -- Installing: /home/chinchia120/autoware.ai/install/autoware_config_msgs/share/roseus/ros/autoware_config_msgs/msg/ConfigNDT.l
[62.513s] -- Installing: /home/chinchia120/autoware.ai/install/autoware_config_msgs/share/roseus/ros/autoware_config_msgs/msg/ConfigLaneStop.l
[62.513s] -- Installing: /home/chinchia120/autoware.ai/install/autoware_config_msgs/share/roseus/ros/autoware_config_msgs/msg/ConfigDistanceFilter.l
[62.514s] -- Installing: /home/chinchia120/autoware.ai/install/autoware_config_msgs/share/roseus/ros/autoware_config_msgs/msg/ConfigPedestrianFusion.l
[62.515s] -- Installing: /home/chinchia120/autoware.ai/install/autoware_config_msgs/share/roseus/ros/autoware_config_msgs/msg/ConfigApproximateNDTMapping.l
[62.515s] -- Installing: /home/chinchia120/autoware.ai/install/autoware_config_msgs/share/roseus/ros/autoware_config_msgs/msg/ConfigPlannerSelector.l
[62.516s] -- Installing: /home/chinchia120/autoware.ai/install/autoware_config_msgs/share/roseus/ros/autoware_config_msgs/msg/ConfigCarDPM.l
[62.516s] -- Installing: /home/chinchia120/autoware.ai/install/autoware_config_msgs/share/roseus/ros/autoware_config_msgs/msg/ConfigPedestrianDPM.l
[62.517s] -- Installing: /home/chinchia120/autoware.ai/install/autoware_config_msgs/share/roseus/ros/autoware_config_msgs/msg/ConfigRingGroundFilter.l
[62.517s] -- Installing: /home/chinchia120/autoware.ai/install/autoware_config_msgs/share/roseus/ros/autoware_config_msgs/msg/ConfigLaneSelect.l
[62.517s] -- Installing: /home/chinchia120/autoware.ai/install/autoware_config_msgs/share/roseus/ros/autoware_config_msgs/msg/ConfigCompareMapFilter.l
[62.518s] -- Installing: /home/chinchia120/autoware.ai/install/autoware_config_msgs/share/roseus/ros/autoware_config_msgs/msg/ConfigWaypointFollower.l
[62.518s] -- Installing: /home/chinchia120/autoware.ai/install/autoware_config_msgs/share/roseus/ros/autoware_config_msgs/msg/ConfigCarFusion.l
[62.519s] -- Installing: /home/chinchia120/autoware.ai/install/autoware_config_msgs/share/roseus/ros/autoware_config_msgs/msg/ConfigRingFilter.l
[62.519s] -- Installing: /home/chinchia120/autoware.ai/install/autoware_config_msgs/share/roseus/ros/autoware_config_msgs/msg/ConfigPedestrianKF.l
[62.520s] -- Installing: /home/chinchia120/autoware.ai/install/autoware_config_msgs/share/roseus/ros/autoware_config_msgs/msg/ConfigLaneRule.l
[62.520s] -- Installing: /home/chinchia120/autoware.ai/install/autoware_config_msgs/share/roseus/ros/autoware_config_msgs/msg/ConfigDecisionMaker.l
[62.521s] -- Installing: /home/chinchia120/autoware.ai/install/autoware_config_msgs/share/roseus/ros/autoware_config_msgs/msg/ConfigRcnn.l
[62.521s] -- Installing: /home/chinchia120/autoware.ai/install/autoware_config_msgs/share/roseus/ros/autoware_config_msgs/msg/ConfigICP.l
[62.522s] -- Installing: /home/chinchia120/autoware.ai/install/autoware_config_msgs/share/roseus/ros/autoware_config_msgs/msg/ConfigRayGroundFilter.l
[62.522s] -- Installing: /home/chinchia120/autoware.ai/install/autoware_config_msgs/share/roseus/ros/autoware_config_msgs/msg/ConfigVelocitySet.l
[62.523s] -- Installing: /home/chinchia120/autoware.ai/install/autoware_config_msgs/share/roseus/ros/autoware_config_msgs/msg/ConfigVoxelGridFilter.l
[62.523s] -- Installing: /home/chinchia120/autoware.ai/install/autoware_config_msgs/share/roseus/ros/autoware_config_msgs/msg/ConfigCarKF.l
[62.524s] -- Installing: /home/chinchia120/autoware.ai/install/autoware_config_msgs/share/common-lisp/ros/autoware_config_msgs
[62.525s] -- Installing: /home/chinchia120/autoware.ai/install/autoware_config_msgs/share/common-lisp/ros/autoware_config_msgs/msg
[62.525s] -- Installing: /home/chinchia120/autoware.ai/install/autoware_config_msgs/share/common-lisp/ros/autoware_config_msgs/msg/ConfigLaneRule.lisp
[62.525s] -- Installing: /home/chinchia120/autoware.ai/install/autoware_config_msgs/share/common-lisp/ros/autoware_config_msgs/msg/autoware_config_msgs-msg.asd
[62.526s] -- Installing: /home/chinchia120/autoware.ai/install/autoware_config_msgs/share/common-lisp/ros/autoware_config_msgs/msg/ConfigNDTMappingOutput.lisp
[62.528s] -- Installing: /home/chinchia120/autoware.ai/install/autoware_config_msgs/share/common-lisp/ros/autoware_config_msgs/msg/ConfigDecisionMaker.lisp
[62.528s] -- Installing: /home/chinchia120/autoware.ai/install/autoware_config_msgs/share/common-lisp/ros/autoware_config_msgs/msg/_package_ConfigICP.lisp
[62.528s] -- Installing: /home/chinchia120/autoware.ai/install/autoware_config_msgs/share/common-lisp/ros/autoware_config_msgs/msg/ConfigRingGroundFilter.lisp
[62.528s] -- Installing: /home/chinchia120/autoware.ai/install/autoware_config_msgs/share/common-lisp/ros/autoware_config_msgs/msg/_package_ConfigPoints2Polygon.lisp
[62.528s] -- Installing: /home/chinchia120/autoware.ai/install/autoware_config_msgs/share/common-lisp/ros/autoware_config_msgs/msg/ConfigRcnn.lisp
[62.529s] -- Installing: /home/chinchia120/autoware.ai/install/autoware_config_msgs/share/common-lisp/ros/autoware_config_msgs/msg/_package_ConfigPedestrianFusion.lisp
[62.529s] -- Installing: /home/chinchia120/autoware.ai/install/autoware_config_msgs/share/common-lisp/ros/autoware_config_msgs/msg/_package_ConfigCarKF.lisp
[62.529s] -- Installing: /home/chinchia120/autoware.ai/install/autoware_config_msgs/share/common-lisp/ros/autoware_config_msgs/msg/_package_ConfigLaneSelect.lisp
[62.529s] -- Installing: /home/chinchia120/autoware.ai/install/autoware_config_msgs/share/common-lisp/ros/autoware_config_msgs/msg/ConfigWaypointFollower.lisp
[62.529s] -- Installing: /home/chinchia120/autoware.ai/install/autoware_config_msgs/share/common-lisp/ros/autoware_config_msgs/msg/_package_ConfigPedestrianDPM.lisp
[62.529s] -- Installing: /home/chinchia120/autoware.ai/install/autoware_config_msgs/share/common-lisp/ros/autoware_config_msgs/msg/ConfigNDT.lisp
[62.530s] -- Installing: /home/chinchia120/autoware.ai/install/autoware_config_msgs/share/common-lisp/ros/autoware_config_msgs/msg/ConfigTwistFilter.lisp
[62.530s] -- Installing: /home/chinchia120/autoware.ai/install/autoware_config_msgs/share/common-lisp/ros/autoware_config_msgs/msg/_package_ConfigRandomFilter.lisp
[62.530s] -- Installing: /home/chinchia120/autoware.ai/install/autoware_config_msgs/share/common-lisp/ros/autoware_config_msgs/msg/ConfigPoints2Polygon.lisp
[62.530s] -- Installing: /home/chinchia120/autoware.ai/install/autoware_config_msgs/share/common-lisp/ros/autoware_config_msgs/msg/ConfigCarKF.lisp
[62.530s] -- Installing: /home/chinchia120/autoware.ai/install/autoware_config_msgs/share/common-lisp/ros/autoware_config_msgs/msg/ConfigApproximateNDTMapping.lisp
[62.531s] -- Installing: /home/chinchia120/autoware.ai/install/autoware_config_msgs/share/common-lisp/ros/autoware_config_msgs/msg/ConfigVoxelGridFilter.lisp
[62.531s] -- Installing: /home/chinchia120/autoware.ai/install/autoware_config_msgs/share/common-lisp/ros/autoware_config_msgs/msg/ConfigCompareMapFilter.lisp
[62.531s] -- Installing: /home/chinchia120/autoware.ai/install/autoware_config_msgs/share/common-lisp/ros/autoware_config_msgs/msg/ConfigLaneStop.lisp
[62.531s] -- Installing: /home/chinchia120/autoware.ai/install/autoware_config_msgs/share/common-lisp/ros/autoware_config_msgs/msg/_package_ConfigRayGroundFilter.lisp
[62.531s] -- Installing: /home/chinchia120/autoware.ai/install/autoware_config_msgs/share/common-lisp/ros/autoware_config_msgs/msg/_package_ConfigNDTMapping.lisp
[62.532s] -- Installing: /home/chinchia120/autoware.ai/install/autoware_config_msgs/share/common-lisp/ros/autoware_config_msgs/msg/ConfigLaneSelect.lisp
[62.532s] -- Installing: /home/chinchia120/autoware.ai/install/autoware_config_msgs/share/common-lisp/ros/autoware_config_msgs/msg/_package_ConfigDistanceFilter.lisp
[62.532s] -- Installing: /home/chinchia120/autoware.ai/install/autoware_config_msgs/share/common-lisp/ros/autoware_config_msgs/msg/_package_ConfigVelocitySet.lisp
[62.532s] -- Installing: /home/chinchia120/autoware.ai/install/autoware_config_msgs/share/common-lisp/ros/autoware_config_msgs/msg/_package_ConfigWaypointReplanner.lisp
[62.532s] -- Installing: /home/chinchia120/autoware.ai/install/autoware_config_msgs/share/common-lisp/ros/autoware_config_msgs/msg/_package_ConfigLaneStop.lisp
[62.533s] -- Installing: /home/chinchia120/autoware.ai/install/autoware_config_msgs/share/common-lisp/ros/autoware_config_msgs/msg/_package_ConfigLatticeVelocitySet.lisp
[62.533s] -- Installing: /home/chinchia120/autoware.ai/install/autoware_config_msgs/share/common-lisp/ros/autoware_config_msgs/msg/ConfigNDTMapping.lisp
[62.533s] -- Installing: /home/chinchia120/autoware.ai/install/autoware_config_msgs/share/common-lisp/ros/autoware_config_msgs/msg/_package_ConfigRingFilter.lisp
[62.533s] -- Installing: /home/chinchia120/autoware.ai/install/autoware_config_msgs/share/common-lisp/ros/autoware_config_msgs/msg/_package_ConfigLaneRule.lisp
[62.533s] -- Installing: /home/chinchia120/autoware.ai/install/autoware_config_msgs/share/common-lisp/ros/autoware_config_msgs/msg/ConfigPedestrianFusion.lisp
[62.534s] -- Installing: /home/chinchia120/autoware.ai/install/autoware_config_msgs/share/common-lisp/ros/autoware_config_msgs/msg/ConfigPedestrianKF.lisp
[62.534s] -- Installing: /home/chinchia120/autoware.ai/install/autoware_config_msgs/share/common-lisp/ros/autoware_config_msgs/msg/_package_ConfigDecisionMaker.lisp
[62.535s] -- Installing: /home/chinchia120/autoware.ai/install/autoware_config_msgs/share/common-lisp/ros/autoware_config_msgs/msg/_package_ConfigCarFusion.lisp
[62.536s] -- Installing: /home/chinchia120/autoware.ai/install/autoware_config_msgs/share/common-lisp/ros/autoware_config_msgs/msg/_package_ConfigWaypointFollower.lisp
[62.536s] -- Installing: /home/chinchia120/autoware.ai/install/autoware_config_msgs/share/common-lisp/ros/autoware_config_msgs/msg/ConfigDistanceFilter.lisp
[62.537s] -- Installing: /home/chinchia120/autoware.ai/install/autoware_config_msgs/share/common-lisp/ros/autoware_config_msgs/msg/_package_ConfigPedestrianKF.lisp
[62.537s] -- Installing: /home/chinchia120/autoware.ai/install/autoware_config_msgs/share/common-lisp/ros/autoware_config_msgs/msg/ConfigRingFilter.lisp
[62.537s] -- Installing: /home/chinchia120/autoware.ai/install/autoware_config_msgs/share/common-lisp/ros/autoware_config_msgs/msg/ConfigPlannerSelector.lisp
[62.538s] -- Installing: /home/chinchia120/autoware.ai/install/autoware_config_msgs/share/common-lisp/ros/autoware_config_msgs/msg/_package_ConfigPlannerSelector.lisp
[62.539s] -- Installing: /home/chinchia120/autoware.ai/install/autoware_config_msgs/share/common-lisp/ros/autoware_config_msgs/msg/_package_ConfigCompareMapFilter.lisp
[62.539s] -- Installing: /home/chinchia120/autoware.ai/install/autoware_config_msgs/share/common-lisp/ros/autoware_config_msgs/msg/ConfigCarFusion.lisp
[62.539s] -- Installing: /home/chinchia120/autoware.ai/install/autoware_config_msgs/share/common-lisp/ros/autoware_config_msgs/msg/ConfigRayGroundFilter.lisp
[62.540s] -- Installing: /home/chinchia120/autoware.ai/install/autoware_config_msgs/share/common-lisp/ros/autoware_config_msgs/msg/ConfigPedestrianDPM.lisp
[62.540s] -- Installing: /home/chinchia120/autoware.ai/install/autoware_config_msgs/share/common-lisp/ros/autoware_config_msgs/msg/ConfigICP.lisp
[62.540s] -- Installing: /home/chinchia120/autoware.ai/install/autoware_config_msgs/share/common-lisp/ros/autoware_config_msgs/msg/_package_ConfigRcnn.lisp
[62.540s] -- Installing: /home/chinchia120/autoware.ai/install/autoware_config_msgs/share/common-lisp/ros/autoware_config_msgs/msg/_package_ConfigCarDPM.lisp
[62.540s] -- Installing: /home/chinchia120/autoware.ai/install/autoware_config_msgs/share/common-lisp/ros/autoware_config_msgs/msg/_package.lisp
[62.541s] -- Installing: /home/chinchia120/autoware.ai/install/autoware_config_msgs/share/common-lisp/ros/autoware_config_msgs/msg/_package_ConfigSSD.lisp
[62.541s] -- Installing: /home/chinchia120/autoware.ai/install/autoware_config_msgs/share/common-lisp/ros/autoware_config_msgs/msg/_package_ConfigApproximateNDTMapping.lisp
[62.541s] -- Installing: /home/chinchia120/autoware.ai/install/autoware_config_msgs/share/common-lisp/ros/autoware_config_msgs/msg/ConfigWaypointReplanner.lisp
[62.541s] -- Installing: /home/chinchia120/autoware.ai/install/autoware_config_msgs/share/common-lisp/ros/autoware_config_msgs/msg/ConfigRandomFilter.lisp
[62.541s] -- Installing: /home/chinchia120/autoware.ai/install/autoware_config_msgs/share/common-lisp/ros/autoware_config_msgs/msg/_package_ConfigTwistFilter.lisp
[62.542s] -- Installing: /home/chinchia120/autoware.ai/install/autoware_config_msgs/share/common-lisp/ros/autoware_config_msgs/msg/_package_ConfigNDT.lisp
[62.542s] -- Installing: /home/chinchia120/autoware.ai/install/autoware_config_msgs/share/common-lisp/ros/autoware_config_msgs/msg/_package_ConfigRingGroundFilter.lisp
[62.542s] -- Installing: /home/chinchia120/autoware.ai/install/autoware_config_msgs/share/common-lisp/ros/autoware_config_msgs/msg/_package_ConfigVoxelGridFilter.lisp
[62.542s] -- Installing: /home/chinchia120/autoware.ai/install/autoware_config_msgs/share/common-lisp/ros/autoware_config_msgs/msg/ConfigCarDPM.lisp
[62.543s] -- Installing: /home/chinchia120/autoware.ai/install/autoware_config_msgs/share/common-lisp/ros/autoware_config_msgs/msg/_package_ConfigNDTMappingOutput.lisp
[62.543s] -- Installing: /home/chinchia120/autoware.ai/install/autoware_config_msgs/share/common-lisp/ros/autoware_config_msgs/msg/ConfigVelocitySet.lisp
[62.543s] -- Installing: /home/chinchia120/autoware.ai/install/autoware_config_msgs/share/common-lisp/ros/autoware_config_msgs/msg/ConfigSSD.lisp
[62.543s] -- Installing: /home/chinchia120/autoware.ai/install/autoware_config_msgs/share/common-lisp/ros/autoware_config_msgs/msg/ConfigLatticeVelocitySet.lisp
[62.543s] -- Installing: /home/chinchia120/autoware.ai/install/autoware_config_msgs/share/gennodejs/ros/autoware_config_msgs
[62.544s] -- Installing: /home/chinchia120/autoware.ai/install/autoware_config_msgs/share/gennodejs/ros/autoware_config_msgs/_index.js
[62.544s] -- Installing: /home/chinchia120/autoware.ai/install/autoware_config_msgs/share/gennodejs/ros/autoware_config_msgs/msg
[62.544s] -- Installing: /home/chinchia120/autoware.ai/install/autoware_config_msgs/share/gennodejs/ros/autoware_config_msgs/msg/ConfigPoints2Polygon.js
[62.544s] -- Installing: /home/chinchia120/autoware.ai/install/autoware_config_msgs/share/gennodejs/ros/autoware_config_msgs/msg/ConfigNDTMapping.js
[62.544s] -- Installing: /home/chinchia120/autoware.ai/install/autoware_config_msgs/share/gennodejs/ros/autoware_config_msgs/msg/ConfigDecisionMaker.js
[62.545s] -- Installing: /home/chinchia120/autoware.ai/install/autoware_config_msgs/share/gennodejs/ros/autoware_config_msgs/msg/ConfigSSD.js
[62.545s] -- Installing: /home/chinchia120/autoware.ai/install/autoware_config_msgs/share/gennodejs/ros/autoware_config_msgs/msg/ConfigRcnn.js
[62.545s] -- Installing: /home/chinchia120/autoware.ai/install/autoware_config_msgs/share/gennodejs/ros/autoware_config_msgs/msg/ConfigCarDPM.js
[62.545s] -- Installing: /home/chinchia120/autoware.ai/install/autoware_config_msgs/share/gennodejs/ros/autoware_config_msgs/msg/ConfigCompareMapFilter.js
[62.545s] -- Installing: /home/chinchia120/autoware.ai/install/autoware_config_msgs/share/gennodejs/ros/autoware_config_msgs/msg/_index.js
[62.546s] -- Installing: /home/chinchia120/autoware.ai/install/autoware_config_msgs/share/gennodejs/ros/autoware_config_msgs/msg/ConfigTwistFilter.js
[62.546s] -- Installing: /home/chinchia120/autoware.ai/install/autoware_config_msgs/share/gennodejs/ros/autoware_config_msgs/msg/ConfigPedestrianKF.js
[62.546s] -- Installing: /home/chinchia120/autoware.ai/install/autoware_config_msgs/share/gennodejs/ros/autoware_config_msgs/msg/ConfigRayGroundFilter.js
[62.546s] -- Installing: /home/chinchia120/autoware.ai/install/autoware_config_msgs/share/gennodejs/ros/autoware_config_msgs/msg/ConfigNDTMappingOutput.js
[62.546s] -- Installing: /home/chinchia120/autoware.ai/install/autoware_config_msgs/share/gennodejs/ros/autoware_config_msgs/msg/ConfigRingGroundFilter.js
[62.547s] -- Installing: /home/chinchia120/autoware.ai/install/autoware_config_msgs/share/gennodejs/ros/autoware_config_msgs/msg/ConfigVoxelGridFilter.js
[62.547s] -- Installing: /home/chinchia120/autoware.ai/install/autoware_config_msgs/share/gennodejs/ros/autoware_config_msgs/msg/ConfigApproximateNDTMapping.js
[62.547s] -- Installing: /home/chinchia120/autoware.ai/install/autoware_config_msgs/share/gennodejs/ros/autoware_config_msgs/msg/ConfigLaneRule.js
[62.547s] -- Installing: /home/chinchia120/autoware.ai/install/autoware_config_msgs/share/gennodejs/ros/autoware_config_msgs/msg/ConfigDistanceFilter.js
[62.547s] -- Installing: /home/chinchia120/autoware.ai/install/autoware_config_msgs/share/gennodejs/ros/autoware_config_msgs/msg/ConfigICP.js
[62.548s] -- Installing: /home/chinchia120/autoware.ai/install/autoware_config_msgs/share/gennodejs/ros/autoware_config_msgs/msg/ConfigCarFusion.js
[62.548s] -- Installing: /home/chinchia120/autoware.ai/install/autoware_config_msgs/share/gennodejs/ros/autoware_config_msgs/msg/ConfigPlannerSelector.js
[62.548s] -- Installing: /home/chinchia120/autoware.ai/install/autoware_config_msgs/share/gennodejs/ros/autoware_config_msgs/msg/ConfigCarKF.js
[62.548s] -- Installing: /home/chinchia120/autoware.ai/install/autoware_config_msgs/share/gennodejs/ros/autoware_config_msgs/msg/ConfigLaneStop.js
[62.548s] -- Installing: /home/chinchia120/autoware.ai/install/autoware_config_msgs/share/gennodejs/ros/autoware_config_msgs/msg/ConfigNDT.js
[62.549s] -- Installing: /home/chinchia120/autoware.ai/install/autoware_config_msgs/share/gennodejs/ros/autoware_config_msgs/msg/ConfigVelocitySet.js
[62.549s] -- Installing: /home/chinchia120/autoware.ai/install/autoware_config_msgs/share/gennodejs/ros/autoware_config_msgs/msg/ConfigLaneSelect.js
[62.549s] -- Installing: /home/chinchia120/autoware.ai/install/autoware_config_msgs/share/gennodejs/ros/autoware_config_msgs/msg/ConfigWaypointReplanner.js
[62.549s] -- Installing: /home/chinchia120/autoware.ai/install/autoware_config_msgs/share/gennodejs/ros/autoware_config_msgs/msg/ConfigPedestrianFusion.js
[62.549s] -- Installing: /home/chinchia120/autoware.ai/install/autoware_config_msgs/share/gennodejs/ros/autoware_config_msgs/msg/ConfigLatticeVelocitySet.js
[62.550s] -- Installing: /home/chinchia120/autoware.ai/install/autoware_config_msgs/share/gennodejs/ros/autoware_config_msgs/msg/ConfigRingFilter.js
[62.554s] -- Installing: /home/chinchia120/autoware.ai/install/autoware_config_msgs/share/gennodejs/ros/autoware_config_msgs/msg/ConfigRandomFilter.js
[62.559s] -- Installing: /home/chinchia120/autoware.ai/install/autoware_config_msgs/share/gennodejs/ros/autoware_config_msgs/msg/ConfigWaypointFollower.js
[62.559s] -- Installing: /home/chinchia120/autoware.ai/install/autoware_config_msgs/share/gennodejs/ros/autoware_config_msgs/msg/ConfigPedestrianDPM.js
[62.621s] Listing /home/chinchia120/autoware.ai/build/autoware_config_msgs/devel/lib/python2.7/dist-packages/autoware_config_msgs ...
[62.621s] Compiling /home/chinchia120/autoware.ai/build/autoware_config_msgs/devel/lib/python2.7/dist-packages/autoware_config_msgs/__init__.py ...
[62.621s] Listing /home/chinchia120/autoware.ai/build/autoware_config_msgs/devel/lib/python2.7/dist-packages/autoware_config_msgs/msg ...
[62.622s] Compiling /home/chinchia120/autoware.ai/build/autoware_config_msgs/devel/lib/python2.7/dist-packages/autoware_config_msgs/msg/_ConfigApproximateNDTMapping.py ...
[62.622s] Compiling /home/chinchia120/autoware.ai/build/autoware_config_msgs/devel/lib/python2.7/dist-packages/autoware_config_msgs/msg/_ConfigCarDPM.py ...
[62.622s] Compiling /home/chinchia120/autoware.ai/build/autoware_config_msgs/devel/lib/python2.7/dist-packages/autoware_config_msgs/msg/_ConfigCarFusion.py ...
[62.622s] Compiling /home/chinchia120/autoware.ai/build/autoware_config_msgs/devel/lib/python2.7/dist-packages/autoware_config_msgs/msg/_ConfigCarKF.py ...
[62.622s] Compiling /home/chinchia120/autoware.ai/build/autoware_config_msgs/devel/lib/python2.7/dist-packages/autoware_config_msgs/msg/_ConfigCompareMapFilter.py ...
[62.623s] Compiling /home/chinchia120/autoware.ai/build/autoware_config_msgs/devel/lib/python2.7/dist-packages/autoware_config_msgs/msg/_ConfigDecisionMaker.py ...
[62.623s] Compiling /home/chinchia120/autoware.ai/build/autoware_config_msgs/devel/lib/python2.7/dist-packages/autoware_config_msgs/msg/_ConfigDistanceFilter.py ...
[62.623s] Compiling /home/chinchia120/autoware.ai/build/autoware_config_msgs/devel/lib/python2.7/dist-packages/autoware_config_msgs/msg/_ConfigICP.py ...
[62.623s] Compiling /home/chinchia120/autoware.ai/build/autoware_config_msgs/devel/lib/python2.7/dist-packages/autoware_config_msgs/msg/_ConfigLaneRule.py ...
[62.623s] Compiling /home/chinchia120/autoware.ai/build/autoware_config_msgs/devel/lib/python2.7/dist-packages/autoware_config_msgs/msg/_ConfigLaneSelect.py ...
[62.623s] Compiling /home/chinchia120/autoware.ai/build/autoware_config_msgs/devel/lib/python2.7/dist-packages/autoware_config_msgs/msg/_ConfigLaneStop.py ...
[62.624s] Compiling /home/chinchia120/autoware.ai/build/autoware_config_msgs/devel/lib/python2.7/dist-packages/autoware_config_msgs/msg/_ConfigLatticeVelocitySet.py ...
[62.624s] Compiling /home/chinchia120/autoware.ai/build/autoware_config_msgs/devel/lib/python2.7/dist-packages/autoware_config_msgs/msg/_ConfigNDT.py ...
[62.624s] Compiling /home/chinchia120/autoware.ai/build/autoware_config_msgs/devel/lib/python2.7/dist-packages/autoware_config_msgs/msg/_ConfigNDTMapping.py ...
[62.624s] Compiling /home/chinchia120/autoware.ai/build/autoware_config_msgs/devel/lib/python2.7/dist-packages/autoware_config_msgs/msg/_ConfigNDTMappingOutput.py ...
[62.624s] Compiling /home/chinchia120/autoware.ai/build/autoware_config_msgs/devel/lib/python2.7/dist-packages/autoware_config_msgs/msg/_ConfigPedestrianDPM.py ...
[62.624s] Compiling /home/chinchia120/autoware.ai/build/autoware_config_msgs/devel/lib/python2.7/dist-packages/autoware_config_msgs/msg/_ConfigPedestrianFusion.py ...
[62.624s] Compiling /home/chinchia120/autoware.ai/build/autoware_config_msgs/devel/lib/python2.7/dist-packages/autoware_config_msgs/msg/_ConfigPedestrianKF.py ...
[62.625s] Compiling /home/chinchia120/autoware.ai/build/autoware_config_msgs/devel/lib/python2.7/dist-packages/autoware_config_msgs/msg/_ConfigPlannerSelector.py ...
[62.625s] Compiling /home/chinchia120/autoware.ai/build/autoware_config_msgs/devel/lib/python2.7/dist-packages/autoware_config_msgs/msg/_ConfigPoints2Polygon.py ...
[62.625s] Compiling /home/chinchia120/autoware.ai/build/autoware_config_msgs/devel/lib/python2.7/dist-packages/autoware_config_msgs/msg/_ConfigRandomFilter.py ...
[62.625s] Compiling /home/chinchia120/autoware.ai/build/autoware_config_msgs/devel/lib/python2.7/dist-packages/autoware_config_msgs/msg/_ConfigRayGroundFilter.py ...
[62.625s] Compiling /home/chinchia120/autoware.ai/build/autoware_config_msgs/devel/lib/python2.7/dist-packages/autoware_config_msgs/msg/_ConfigRcnn.py ...
[62.625s] Compiling /home/chinchia120/autoware.ai/build/autoware_config_msgs/devel/lib/python2.7/dist-packages/autoware_config_msgs/msg/_ConfigRingFilter.py ...
[62.640s] Compiling /home/chinchia120/autoware.ai/build/autoware_config_msgs/devel/lib/python2.7/dist-packages/autoware_config_msgs/msg/_ConfigRingGroundFilter.py ...
[62.641s] Compiling /home/chinchia120/autoware.ai/build/autoware_config_msgs/devel/lib/python2.7/dist-packages/autoware_config_msgs/msg/_ConfigSSD.py ...
[62.641s] Compiling /home/chinchia120/autoware.ai/build/autoware_config_msgs/devel/lib/python2.7/dist-packages/autoware_config_msgs/msg/_ConfigTwistFilter.py ...
[62.641s] Compiling /home/chinchia120/autoware.ai/build/autoware_config_msgs/devel/lib/python2.7/dist-packages/autoware_config_msgs/msg/_ConfigVelocitySet.py ...
[62.641s] Compiling /home/chinchia120/autoware.ai/build/autoware_config_msgs/devel/lib/python2.7/dist-packages/autoware_config_msgs/msg/_ConfigVoxelGridFilter.py ...
[62.642s] Compiling /home/chinchia120/autoware.ai/build/autoware_config_msgs/devel/lib/python2.7/dist-packages/autoware_config_msgs/msg/_ConfigWaypointFollower.py ...
[62.642s] Compiling /home/chinchia120/autoware.ai/build/autoware_config_msgs/devel/lib/python2.7/dist-packages/autoware_config_msgs/msg/_ConfigWaypointReplanner.py ...
[62.642s] Compiling /home/chinchia120/autoware.ai/build/autoware_config_msgs/devel/lib/python2.7/dist-packages/autoware_config_msgs/msg/__init__.py ...
[62.645s] -- Installing: /home/chinchia120/autoware.ai/install/autoware_config_msgs/lib/python2.7/dist-packages/autoware_config_msgs
[62.645s] -- Installing: /home/chinchia120/autoware.ai/install/autoware_config_msgs/lib/python2.7/dist-packages/autoware_config_msgs/__init__.py
[62.646s] -- Installing: /home/chinchia120/autoware.ai/install/autoware_config_msgs/lib/python2.7/dist-packages/autoware_config_msgs/msg
[62.646s] -- Installing: /home/chinchia120/autoware.ai/install/autoware_config_msgs/lib/python2.7/dist-packages/autoware_config_msgs/msg/_ConfigRingGroundFilter.pyc
[62.646s] -- Installing: /home/chinchia120/autoware.ai/install/autoware_config_msgs/lib/python2.7/dist-packages/autoware_config_msgs/msg/_ConfigRandomFilter.py
[62.646s] -- Installing: /home/chinchia120/autoware.ai/install/autoware_config_msgs/lib/python2.7/dist-packages/autoware_config_msgs/msg/_ConfigCarKF.pyc
[62.646s] -- Installing: /home/chinchia120/autoware.ai/install/autoware_config_msgs/lib/python2.7/dist-packages/autoware_config_msgs/msg/_ConfigNDTMappingOutput.pyc
[62.646s] -- Installing: /home/chinchia120/autoware.ai/install/autoware_config_msgs/lib/python2.7/dist-packages/autoware_config_msgs/msg/_ConfigRayGroundFilter.py
[62.646s] -- Installing: /home/chinchia120/autoware.ai/install/autoware_config_msgs/lib/python2.7/dist-packages/autoware_config_msgs/msg/_ConfigPedestrianFusion.py
[62.649s] -- Installing: /home/chinchia120/autoware.ai/install/autoware_config_msgs/lib/python2.7/dist-packages/autoware_config_msgs/msg/_ConfigTwistFilter.pyc
[62.649s] -- Installing: /home/chinchia120/autoware.ai/install/autoware_config_msgs/lib/python2.7/dist-packages/autoware_config_msgs/msg/_ConfigPoints2Polygon.pyc
[62.649s] -- Installing: /home/chinchia120/autoware.ai/install/autoware_config_msgs/lib/python2.7/dist-packages/autoware_config_msgs/msg/_ConfigLaneStop.py
[62.650s] -- Installing: /home/chinchia120/autoware.ai/install/autoware_config_msgs/lib/python2.7/dist-packages/autoware_config_msgs/msg/_ConfigPedestrianKF.py
[62.650s] -- Installing: /home/chinchia120/autoware.ai/install/autoware_config_msgs/lib/python2.7/dist-packages/autoware_config_msgs/msg/_ConfigNDTMapping.pyc
[62.650s] -- Installing: /home/chinchia120/autoware.ai/install/autoware_config_msgs/lib/python2.7/dist-packages/autoware_config_msgs/msg/_ConfigPedestrianFusion.pyc
[62.653s] -- Installing: /home/chinchia120/autoware.ai/install/autoware_config_msgs/lib/python2.7/dist-packages/autoware_config_msgs/msg/_ConfigCompareMapFilter.pyc
[62.654s] -- Installing: /home/chinchia120/autoware.ai/install/autoware_config_msgs/lib/python2.7/dist-packages/autoware_config_msgs/msg/_ConfigPedestrianKF.pyc
[62.654s] -- Installing: /home/chinchia120/autoware.ai/install/autoware_config_msgs/lib/python2.7/dist-packages/autoware_config_msgs/msg/_ConfigWaypointReplanner.py
[62.654s] -- Installing: /home/chinchia120/autoware.ai/install/autoware_config_msgs/lib/python2.7/dist-packages/autoware_config_msgs/msg/_ConfigRingGroundFilter.py
[62.654s] -- Installing: /home/chinchia120/autoware.ai/install/autoware_config_msgs/lib/python2.7/dist-packages/autoware_config_msgs/msg/_ConfigVelocitySet.pyc
[62.657s] -- Installing: /home/chinchia120/autoware.ai/install/autoware_config_msgs/lib/python2.7/dist-packages/autoware_config_msgs/msg/_ConfigPedestrianDPM.pyc
[62.657s] -- Installing: /home/chinchia120/autoware.ai/install/autoware_config_msgs/lib/python2.7/dist-packages/autoware_config_msgs/msg/_ConfigTwistFilter.py
[62.658s] -- Installing: /home/chinchia120/autoware.ai/install/autoware_config_msgs/lib/python2.7/dist-packages/autoware_config_msgs/msg/_ConfigWaypointFollower.pyc
[62.658s] -- Installing: /home/chinchia120/autoware.ai/install/autoware_config_msgs/lib/python2.7/dist-packages/autoware_config_msgs/msg/_ConfigVelocitySet.py
[62.660s] -- Installing: /home/chinchia120/autoware.ai/install/autoware_config_msgs/lib/python2.7/dist-packages/autoware_config_msgs/msg/_ConfigLaneSelect.pyc
[62.660s] -- Installing: /home/chinchia120/autoware.ai/install/autoware_config_msgs/lib/python2.7/dist-packages/autoware_config_msgs/msg/_ConfigDistanceFilter.pyc
[62.660s] -- Installing: /home/chinchia120/autoware.ai/install/autoware_config_msgs/lib/python2.7/dist-packages/autoware_config_msgs/msg/_ConfigVoxelGridFilter.pyc
[62.661s] -- Installing: /home/chinchia120/autoware.ai/install/autoware_config_msgs/lib/python2.7/dist-packages/autoware_config_msgs/msg/_ConfigPoints2Polygon.py
[62.663s] -- Installing: /home/chinchia120/autoware.ai/install/autoware_config_msgs/lib/python2.7/dist-packages/autoware_config_msgs/msg/_ConfigLatticeVelocitySet.pyc
[62.664s] -- Installing: /home/chinchia120/autoware.ai/install/autoware_config_msgs/lib/python2.7/dist-packages/autoware_config_msgs/msg/_ConfigCarKF.py
[62.664s] -- Installing: /home/chinchia120/autoware.ai/install/autoware_config_msgs/lib/python2.7/dist-packages/autoware_config_msgs/msg/_ConfigDistanceFilter.py
[62.664s] -- Installing: /home/chinchia120/autoware.ai/install/autoware_config_msgs/lib/python2.7/dist-packages/autoware_config_msgs/msg/_ConfigRingFilter.py
[62.665s] -- Installing: /home/chinchia120/autoware.ai/install/autoware_config_msgs/lib/python2.7/dist-packages/autoware_config_msgs/msg/_ConfigNDTMapping.py
[62.665s] -- Installing: /home/chinchia120/autoware.ai/install/autoware_config_msgs/lib/python2.7/dist-packages/autoware_config_msgs/msg/_ConfigRcnn.pyc
[62.667s] -- Installing: /home/chinchia120/autoware.ai/install/autoware_config_msgs/lib/python2.7/dist-packages/autoware_config_msgs/msg/_ConfigRandomFilter.pyc
[62.668s] -- Installing: /home/chinchia120/autoware.ai/install/autoware_config_msgs/lib/python2.7/dist-packages/autoware_config_msgs/msg/_ConfigRcnn.py
[62.668s] -- Installing: /home/chinchia120/autoware.ai/install/autoware_config_msgs/lib/python2.7/dist-packages/autoware_config_msgs/msg/_ConfigCarFusion.pyc
[62.670s] -- Installing: /home/chinchia120/autoware.ai/install/autoware_config_msgs/lib/python2.7/dist-packages/autoware_config_msgs/msg/_ConfigCompareMapFilter.py
[62.670s] -- Installing: /home/chinchia120/autoware.ai/install/autoware_config_msgs/lib/python2.7/dist-packages/autoware_config_msgs/msg/_ConfigWaypointFollower.py
[62.671s] -- Installing: /home/chinchia120/autoware.ai/install/autoware_config_msgs/lib/python2.7/dist-packages/autoware_config_msgs/msg/_ConfigNDT.pyc
[62.673s] -- Installing: /home/chinchia120/autoware.ai/install/autoware_config_msgs/lib/python2.7/dist-packages/autoware_config_msgs/msg/_ConfigDecisionMaker.py
[62.673s] -- Installing: /home/chinchia120/autoware.ai/install/autoware_config_msgs/lib/python2.7/dist-packages/autoware_config_msgs/msg/_ConfigWaypointReplanner.pyc
[62.673s] -- Installing: /home/chinchia120/autoware.ai/install/autoware_config_msgs/lib/python2.7/dist-packages/autoware_config_msgs/msg/_ConfigSSD.py
[62.673s] -- Installing: /home/chinchia120/autoware.ai/install/autoware_config_msgs/lib/python2.7/dist-packages/autoware_config_msgs/msg/__init__.py
[62.675s] -- Installing: /home/chinchia120/autoware.ai/install/autoware_config_msgs/lib/python2.7/dist-packages/autoware_config_msgs/msg/_ConfigLatticeVelocitySet.py
[62.675s] -- Installing: /home/chinchia120/autoware.ai/install/autoware_config_msgs/lib/python2.7/dist-packages/autoware_config_msgs/msg/_ConfigLaneStop.pyc
[62.676s] -- Installing: /home/chinchia120/autoware.ai/install/autoware_config_msgs/lib/python2.7/dist-packages/autoware_config_msgs/msg/_ConfigApproximateNDTMapping.pyc
[62.676s] -- Installing: /home/chinchia120/autoware.ai/install/autoware_config_msgs/lib/python2.7/dist-packages/autoware_config_msgs/msg/_ConfigDecisionMaker.pyc
[62.680s] -- Installing: /home/chinchia120/autoware.ai/install/autoware_config_msgs/lib/python2.7/dist-packages/autoware_config_msgs/msg/_ConfigApproximateNDTMapping.py
[62.680s] -- Installing: /home/chinchia120/autoware.ai/install/autoware_config_msgs/lib/python2.7/dist-packages/autoware_config_msgs/msg/_ConfigPlannerSelector.pyc
[62.681s] -- Installing: /home/chinchia120/autoware.ai/install/autoware_config_msgs/lib/python2.7/dist-packages/autoware_config_msgs/msg/_ConfigCarFusion.py
[62.681s] -- Installing: /home/chinchia120/autoware.ai/install/autoware_config_msgs/lib/python2.7/dist-packages/autoware_config_msgs/msg/_ConfigCarDPM.py
[62.681s] -- Installing: /home/chinchia120/autoware.ai/install/autoware_config_msgs/lib/python2.7/dist-packages/autoware_config_msgs/msg/_ConfigNDT.py
[62.684s] -- Installing: /home/chinchia120/autoware.ai/install/autoware_config_msgs/lib/python2.7/dist-packages/autoware_config_msgs/msg/_ConfigLaneSelect.py
[62.687s] -- Installing: /home/chinchia120/autoware.ai/install/autoware_config_msgs/lib/python2.7/dist-packages/autoware_config_msgs/msg/_ConfigICP.pyc
[62.687s] -- Installing: /home/chinchia120/autoware.ai/install/autoware_config_msgs/lib/python2.7/dist-packages/autoware_config_msgs/msg/_ConfigSSD.pyc
[62.690s] -- Installing: /home/chinchia120/autoware.ai/install/autoware_config_msgs/lib/python2.7/dist-packages/autoware_config_msgs/msg/_ConfigRingFilter.pyc
[62.691s] -- Installing: /home/chinchia120/autoware.ai/install/autoware_config_msgs/lib/python2.7/dist-packages/autoware_config_msgs/msg/_ConfigCarDPM.pyc
[62.691s] -- Installing: /home/chinchia120/autoware.ai/install/autoware_config_msgs/lib/python2.7/dist-packages/autoware_config_msgs/msg/_ConfigLaneRule.py
[62.692s] -- Installing: /home/chinchia120/autoware.ai/install/autoware_config_msgs/lib/python2.7/dist-packages/autoware_config_msgs/msg/_ConfigPedestrianDPM.py
[62.692s] -- Installing: /home/chinchia120/autoware.ai/install/autoware_config_msgs/lib/python2.7/dist-packages/autoware_config_msgs/msg/_ConfigPlannerSelector.py
[62.693s] -- Installing: /home/chinchia120/autoware.ai/install/autoware_config_msgs/lib/python2.7/dist-packages/autoware_config_msgs/msg/__init__.pyc
[62.693s] -- Installing: /home/chinchia120/autoware.ai/install/autoware_config_msgs/lib/python2.7/dist-packages/autoware_config_msgs/msg/_ConfigVoxelGridFilter.py
[62.694s] -- Installing: /home/chinchia120/autoware.ai/install/autoware_config_msgs/lib/python2.7/dist-packages/autoware_config_msgs/msg/_ConfigRayGroundFilter.pyc
[62.694s] -- Installing: /home/chinchia120/autoware.ai/install/autoware_config_msgs/lib/python2.7/dist-packages/autoware_config_msgs/msg/_ConfigICP.py
[62.694s] -- Installing: /home/chinchia120/autoware.ai/install/autoware_config_msgs/lib/python2.7/dist-packages/autoware_config_msgs/msg/_ConfigNDTMappingOutput.py
[62.695s] -- Installing: /home/chinchia120/autoware.ai/install/autoware_config_msgs/lib/python2.7/dist-packages/autoware_config_msgs/msg/_ConfigLaneRule.pyc
[62.695s] -- Installing: /home/chinchia120/autoware.ai/install/autoware_config_msgs/lib/python2.7/dist-packages/autoware_config_msgs/__init__.pyc
[62.696s] -- Installing: /home/chinchia120/autoware.ai/install/autoware_config_msgs/lib/pkgconfig/autoware_config_msgs.pc
[62.699s] -- Installing: /home/chinchia120/autoware.ai/install/autoware_config_msgs/share/autoware_config_msgs/cmake/autoware_config_msgs-msg-extras.cmake
[62.700s] -- Installing: /home/chinchia120/autoware.ai/install/autoware_config_msgs/share/autoware_config_msgs/cmake/autoware_config_msgsConfig.cmake
[62.700s] -- Installing: /home/chinchia120/autoware.ai/install/autoware_config_msgs/share/autoware_config_msgs/cmake/autoware_config_msgsConfig-version.cmake
[62.700s] -- Installing: /home/chinchia120/autoware.ai/install/autoware_config_msgs/share/autoware_config_msgs/package.xml
[62.713s] Invoked command in '/home/chinchia120/autoware.ai/build/autoware_config_msgs' returned '0': /usr/bin/cmake --build /home/chinchia120/autoware.ai/build/autoware_config_msgs --target install -- -j4 -l4
