[0.195s] Invoking command in '/home/chinchia120/autoware.ai/build/op_simulation_package': CMAKE_PREFIX_PATH=/home/chinchia120/autoware.ai/install/op_ros_helpers:/home/chinchia120/autoware.ai/install/map_file:/home/chinchia120/autoware.ai/install/op_simu:/home/chinchia120/autoware.ai/install/lanelet2_extension:/home/chinchia120/autoware.ai/install/op_planner:/home/chinchia120/autoware.ai/install/lanelet2_validation:/home/chinchia120/autoware.ai/install/op_utility:/home/chinchia120/autoware.ai/install/lanelet2_routing:/home/chinchia120/autoware.ai/install/lanelet2_projection:/home/chinchia120/autoware.ai/install/vector_map_server:/home/chinchia120/autoware.ai/install/libwaypoint_follower:/home/chinchia120/autoware.ai/install/lanelet2_traffic_rules:/home/chinchia120/autoware.ai/install/lanelet2_maps:/home/chinchia120/autoware.ai/install/lanelet2_io:/home/chinchia120/autoware.ai/install/vector_map:/home/chinchia120/autoware.ai/install/lanelet2_core:/home/chinchia120/autoware.ai/install/amathutils_lib:/home/chinchia120/autoware.ai/install/vector_map_msgs:/home/chinchia120/autoware.ai/install/autoware_msgs:/home/chinchia120/autoware.ai/install/autoware_lanelet2_msgs:/home/chinchia120/autoware.ai/install/autoware_build_flags:${CMAKE_PREFIX_PATH} LD_LIBRARY_PATH=/home/chinchia120/autoware.ai/install/op_ros_helpers/lib:/home/chinchia120/autoware.ai/install/map_file/lib:/home/chinchia120/autoware.ai/install/op_simu/lib:/home/chinchia120/autoware.ai/install/lanelet2_extension/lib:/home/chinchia120/autoware.ai/install/op_planner/lib:/home/chinchia120/autoware.ai/install/lanelet2_validation/lib:/home/chinchia120/autoware.ai/install/op_utility/lib:/home/chinchia120/autoware.ai/install/lanelet2_routing/lib:/home/chinchia120/autoware.ai/install/lanelet2_projection/lib:/home/chinchia120/autoware.ai/install/libwaypoint_follower/lib:/home/chinchia120/autoware.ai/install/lanelet2_traffic_rules/lib:/home/chinchia120/autoware.ai/install/lanelet2_io/lib:/home/chinchia120/autoware.ai/install/vector_map/lib:/home/chinchia120/autoware.ai/install/lanelet2_core/lib:/home/chinchia120/autoware.ai/install/amathutils_lib/lib:${LD_LIBRARY_PATH} PKG_CONFIG_PATH=/home/chinchia120/autoware.ai/install/op_ros_helpers/lib/x86_64-linux-gnu/pkgconfig:/home/chinchia120/autoware.ai/install/op_ros_helpers/lib/pkgconfig:/home/chinchia120/autoware.ai/install/map_file/lib/x86_64-linux-gnu/pkgconfig:/home/chinchia120/autoware.ai/install/map_file/lib/pkgconfig:/home/chinchia120/autoware.ai/install/op_simu/lib/x86_64-linux-gnu/pkgconfig:/home/chinchia120/autoware.ai/install/op_simu/lib/pkgconfig:/home/chinchia120/autoware.ai/install/lanelet2_extension/lib/x86_64-linux-gnu/pkgconfig:/home/chinchia120/autoware.ai/install/lanelet2_extension/lib/pkgconfig:/home/chinchia120/autoware.ai/install/op_planner/lib/x86_64-linux-gnu/pkgconfig:/home/chinchia120/autoware.ai/install/op_planner/lib/pkgconfig:/home/chinchia120/autoware.ai/install/lanelet2_validation/lib/x86_64-linux-gnu/pkgconfig:/home/chinchia120/autoware.ai/install/lanelet2_validation/lib/pkgconfig:/home/chinchia120/autoware.ai/install/op_utility/lib/x86_64-linux-gnu/pkgconfig:/home/chinchia120/autoware.ai/install/op_utility/lib/pkgconfig:/home/chinchia120/autoware.ai/install/lanelet2_routing/lib/x86_64-linux-gnu/pkgconfig:/home/chinchia120/autoware.ai/install/lanelet2_routing/lib/pkgconfig:/home/chinchia120/autoware.ai/install/lanelet2_projection/lib/x86_64-linux-gnu/pkgconfig:/home/chinchia120/autoware.ai/install/lanelet2_projection/lib/pkgconfig:/home/chinchia120/autoware.ai/install/vector_map_server/lib/x86_64-linux-gnu/pkgconfig:/home/chinchia120/autoware.ai/install/vector_map_server/lib/pkgconfig:/home/chinchia120/autoware.ai/install/libwaypoint_follower/lib/x86_64-linux-gnu/pkgconfig:/home/chinchia120/autoware.ai/install/libwaypoint_follower/lib/pkgconfig:/home/chinchia120/autoware.ai/install/lanelet2_traffic_rules/lib/x86_64-linux-gnu/pkgconfig:/home/chinchia120/autoware.ai/install/lanelet2_traffic_rules/lib/pkgconfig:/home/chinchia120/autoware.ai/install/lanelet2_maps/lib/x86_64-linux-gnu/pkgconfig:/home/chinchia120/autoware.ai/install/lanelet2_maps/lib/pkgconfig:/home/chinchia120/autoware.ai/install/lanelet2_io/lib/x86_64-linux-gnu/pkgconfig:/home/chinchia120/autoware.ai/install/lanelet2_io/lib/pkgconfig:/home/chinchia120/autoware.ai/install/vector_map/lib/x86_64-linux-gnu/pkgconfig:/home/chinchia120/autoware.ai/install/vector_map/lib/pkgconfig:/home/chinchia120/autoware.ai/install/lanelet2_core/lib/x86_64-linux-gnu/pkgconfig:/home/chinchia120/autoware.ai/install/lanelet2_core/lib/pkgconfig:/home/chinchia120/autoware.ai/install/amathutils_lib/lib/x86_64-linux-gnu/pkgconfig:/home/chinchia120/autoware.ai/install/amathutils_lib/lib/pkgconfig:/home/chinchia120/autoware.ai/install/vector_map_msgs/lib/x86_64-linux-gnu/pkgconfig:/home/chinchia120/autoware.ai/install/vector_map_msgs/lib/pkgconfig:/home/chinchia120/autoware.ai/install/autoware_msgs/lib/x86_64-linux-gnu/pkgconfig:/home/chinchia120/autoware.ai/install/autoware_msgs/lib/pkgconfig:/home/chinchia120/autoware.ai/install/autoware_lanelet2_msgs/lib/x86_64-linux-gnu/pkgconfig:/home/chinchia120/autoware.ai/install/autoware_lanelet2_msgs/lib/pkgconfig:/home/chinchia120/autoware.ai/install/autoware_build_flags/lib/x86_64-linux-gnu/pkgconfig:/home/chinchia120/autoware.ai/install/autoware_build_flags/lib/pkgconfig:${PKG_CONFIG_PATH} PYTHONPATH=/home/chinchia120/autoware.ai/install/vector_map_server/lib/python2.7/dist-packages:/home/chinchia120/autoware.ai/install/vector_map_msgs/lib/python2.7/dist-packages:/home/chinchia120/autoware.ai/install/autoware_msgs/lib/python2.7/dist-packages:/home/chinchia120/autoware.ai/install/autoware_lanelet2_msgs/lib/python2.7/dist-packages:${PYTHONPATH} ROS_PACKAGE_PATH=/home/chinchia120/autoware.ai/install/op_ros_helpers/share:/home/chinchia120/autoware.ai/install/map_file/share:/home/chinchia120/autoware.ai/install/op_simu/share:/home/chinchia120/autoware.ai/install/lanelet2_extension/share:/home/chinchia120/autoware.ai/install/op_planner/share:/home/chinchia120/autoware.ai/install/lanelet2_validation/share:/home/chinchia120/autoware.ai/install/op_utility/share:/home/chinchia120/autoware.ai/install/lanelet2_routing/share:/home/chinchia120/autoware.ai/install/lanelet2_projection/share:/home/chinchia120/autoware.ai/install/vector_map_server/share:/home/chinchia120/autoware.ai/install/libwaypoint_follower/share:/home/chinchia120/autoware.ai/install/lanelet2_traffic_rules/share:/home/chinchia120/autoware.ai/install/lanelet2_maps/share:/home/chinchia120/autoware.ai/install/lanelet2_io/share:/home/chinchia120/autoware.ai/install/vector_map/share:/home/chinchia120/autoware.ai/install/lanelet2_core/share:/home/chinchia120/autoware.ai/install/amathutils_lib/share:/home/chinchia120/autoware.ai/install/vector_map_msgs/share:/home/chinchia120/autoware.ai/install/autoware_msgs/share:/home/chinchia120/autoware.ai/install/autoware_lanelet2_msgs/share:/home/chinchia120/autoware.ai/install/autoware_build_flags/share:${ROS_PACKAGE_PATH} /usr/bin/cmake /home/chinchia120/autoware.ai/src/autoware/core_planning/op_simulation_package -DCMAKE_BUILD_TYPE=Release -DCATKIN_INSTALL_INTO_PREFIX_ROOT=0 -DCMAKE_INSTALL_PREFIX=/home/chinchia120/autoware.ai/install/op_simulation_package
[0.396s] -- The C compiler identification is GNU 7.5.0
[0.545s] -- The CXX compiler identification is GNU 7.5.0
[0.558s] -- Check for working C compiler: /usr/bin/cc
[0.763s] -- Check for working C compiler: /usr/bin/cc -- works
[0.765s] -- Detecting C compiler ABI info
[0.976s] -- Detecting C compiler ABI info - done
[0.997s] -- Detecting C compile features
[1.587s] -- Detecting C compile features - done
[1.596s] -- Check for working CXX compiler: /usr/bin/c++
[1.789s] -- Check for working CXX compiler: /usr/bin/c++ -- works
[1.790s] -- Detecting CXX compiler ABI info
[2.013s] -- Detecting CXX compiler ABI info - done
[2.034s] -- Detecting CXX compile features
[3.041s] -- Detecting CXX compile features - done
[3.958s] -- CUDA compilation status: 1.
[3.998s] -- Found OpenCV: /usr (found version "3.2.0") 
[4.005s] -- Using CATKIN_DEVEL_PREFIX: /home/chinchia120/autoware.ai/build/op_simulation_package/devel
[4.006s] -- Using CMAKE_PREFIX_PATH: /home/chinchia120/autoware.ai/install/op_ros_helpers;/home/chinchia120/autoware.ai/install/map_file;/home/chinchia120/autoware.ai/install/op_simu;/home/chinchia120/autoware.ai/install/lanelet2_extension;/home/chinchia120/autoware.ai/install/op_planner;/home/chinchia120/autoware.ai/install/lanelet2_validation;/home/chinchia120/autoware.ai/install/op_utility;/home/chinchia120/autoware.ai/install/lanelet2_routing;/home/chinchia120/autoware.ai/install/lanelet2_projection;/home/chinchia120/autoware.ai/install/vector_map_server;/home/chinchia120/autoware.ai/install/libwaypoint_follower;/home/chinchia120/autoware.ai/install/lanelet2_traffic_rules;/home/chinchia120/autoware.ai/install/lanelet2_maps;/home/chinchia120/autoware.ai/install/lanelet2_io;/home/chinchia120/autoware.ai/install/vector_map;/home/chinchia120/autoware.ai/install/lanelet2_core;/home/chinchia120/autoware.ai/install/amathutils_lib;/home/chinchia120/autoware.ai/install/vector_map_msgs;/home/chinchia120/autoware.ai/install/autoware_msgs;/home/chinchia120/autoware.ai/install/autoware_lanelet2_msgs;/home/chinchia120/autoware.ai/install/autoware_build_flags;/home/chinchia120/catkin_ws/devel;/opt/ros/melodic
[4.008s] -- This workspace overlays: /home/chinchia120/autoware.ai/install/op_ros_helpers;/home/chinchia120/autoware.ai/install/map_file;/home/chinchia120/autoware.ai/install/op_simu;/home/chinchia120/autoware.ai/install/lanelet2_extension;/home/chinchia120/autoware.ai/install/op_planner;/home/chinchia120/autoware.ai/install/lanelet2_validation;/home/chinchia120/autoware.ai/install/op_utility;/home/chinchia120/autoware.ai/install/lanelet2_routing;/home/chinchia120/autoware.ai/install/lanelet2_projection;/home/chinchia120/autoware.ai/install/vector_map_server;/home/chinchia120/autoware.ai/install/libwaypoint_follower;/home/chinchia120/autoware.ai/install/lanelet2_traffic_rules;/home/chinchia120/autoware.ai/install/lanelet2_maps;/home/chinchia120/autoware.ai/install/lanelet2_io;/home/chinchia120/autoware.ai/install/vector_map;/home/chinchia120/autoware.ai/install/lanelet2_core;/home/chinchia120/autoware.ai/install/amathutils_lib;/home/chinchia120/autoware.ai/install/vector_map_msgs;/home/chinchia120/autoware.ai/install/autoware_msgs;/home/chinchia120/autoware.ai/install/autoware_lanelet2_msgs;/home/chinchia120/autoware.ai/install/autoware_build_flags;/home/chinchia120/catkin_ws/devel;/opt/ros/melodic
[4.041s] -- Found PythonInterp: /usr/bin/python2 (found suitable version "2.7.17", minimum required is "2") 
[4.041s] -- Using PYTHON_EXECUTABLE: /usr/bin/python2
[4.041s] -- Using Debian Python package layout
[4.041s] -- Using empy: /usr/bin/empy
[4.363s] -- Using CATKIN_ENABLE_TESTING: ON
[4.364s] -- Call enable_testing()
[4.371s] -- Using CATKIN_TEST_RESULTS_DIR: /home/chinchia120/autoware.ai/build/op_simulation_package/test_results
[4.424s] -- Found gtest sources under '/usr/src/googletest': gtests will be built
[4.425s] -- Found gmock sources under '/usr/src/googletest': gmock will be built
[4.453s] -- Found PythonInterp: /usr/bin/python2 (found version "2.7.17") 
[4.455s] -- Looking for pthread.h
[4.653s] -- Looking for pthread.h - found
[4.653s] -- Looking for pthread_create
[4.861s] -- Looking for pthread_create - not found
[4.861s] -- Looking for pthread_create in pthreads
[5.023s] -- Looking for pthread_create in pthreads - not found
[5.023s] -- Looking for pthread_create in pthread
[5.209s] -- Looking for pthread_create in pthread - found
[5.213s] -- Found Threads: TRUE  
[5.225s] -- Using Python nosetests: /usr/bin/nosetests-2.7
[5.326s] -- catkin 0.7.29
[5.327s] -- BUILD_SHARED_LIBS is on
[5.806s] -- Using these message generators: gencpp;geneus;genlisp;gennodejs;genpy
[8.791s] -- Configuring done
[9.198s] -- Generating done
[9.228s] -- Build files have been written to: /home/chinchia120/autoware.ai/build/op_simulation_package
[9.241s] Invoked command in '/home/chinchia120/autoware.ai/build/op_simulation_package' returned '0': CMAKE_PREFIX_PATH=/home/chinchia120/autoware.ai/install/op_ros_helpers:/home/chinchia120/autoware.ai/install/map_file:/home/chinchia120/autoware.ai/install/op_simu:/home/chinchia120/autoware.ai/install/lanelet2_extension:/home/chinchia120/autoware.ai/install/op_planner:/home/chinchia120/autoware.ai/install/lanelet2_validation:/home/chinchia120/autoware.ai/install/op_utility:/home/chinchia120/autoware.ai/install/lanelet2_routing:/home/chinchia120/autoware.ai/install/lanelet2_projection:/home/chinchia120/autoware.ai/install/vector_map_server:/home/chinchia120/autoware.ai/install/libwaypoint_follower:/home/chinchia120/autoware.ai/install/lanelet2_traffic_rules:/home/chinchia120/autoware.ai/install/lanelet2_maps:/home/chinchia120/autoware.ai/install/lanelet2_io:/home/chinchia120/autoware.ai/install/vector_map:/home/chinchia120/autoware.ai/install/lanelet2_core:/home/chinchia120/autoware.ai/install/amathutils_lib:/home/chinchia120/autoware.ai/install/vector_map_msgs:/home/chinchia120/autoware.ai/install/autoware_msgs:/home/chinchia120/autoware.ai/install/autoware_lanelet2_msgs:/home/chinchia120/autoware.ai/install/autoware_build_flags:${CMAKE_PREFIX_PATH} LD_LIBRARY_PATH=/home/chinchia120/autoware.ai/install/op_ros_helpers/lib:/home/chinchia120/autoware.ai/install/map_file/lib:/home/chinchia120/autoware.ai/install/op_simu/lib:/home/chinchia120/autoware.ai/install/lanelet2_extension/lib:/home/chinchia120/autoware.ai/install/op_planner/lib:/home/chinchia120/autoware.ai/install/lanelet2_validation/lib:/home/chinchia120/autoware.ai/install/op_utility/lib:/home/chinchia120/autoware.ai/install/lanelet2_routing/lib:/home/chinchia120/autoware.ai/install/lanelet2_projection/lib:/home/chinchia120/autoware.ai/install/libwaypoint_follower/lib:/home/chinchia120/autoware.ai/install/lanelet2_traffic_rules/lib:/home/chinchia120/autoware.ai/install/lanelet2_io/lib:/home/chinchia120/autoware.ai/install/vector_map/lib:/home/chinchia120/autoware.ai/install/lanelet2_core/lib:/home/chinchia120/autoware.ai/install/amathutils_lib/lib:${LD_LIBRARY_PATH} PKG_CONFIG_PATH=/home/chinchia120/autoware.ai/install/op_ros_helpers/lib/x86_64-linux-gnu/pkgconfig:/home/chinchia120/autoware.ai/install/op_ros_helpers/lib/pkgconfig:/home/chinchia120/autoware.ai/install/map_file/lib/x86_64-linux-gnu/pkgconfig:/home/chinchia120/autoware.ai/install/map_file/lib/pkgconfig:/home/chinchia120/autoware.ai/install/op_simu/lib/x86_64-linux-gnu/pkgconfig:/home/chinchia120/autoware.ai/install/op_simu/lib/pkgconfig:/home/chinchia120/autoware.ai/install/lanelet2_extension/lib/x86_64-linux-gnu/pkgconfig:/home/chinchia120/autoware.ai/install/lanelet2_extension/lib/pkgconfig:/home/chinchia120/autoware.ai/install/op_planner/lib/x86_64-linux-gnu/pkgconfig:/home/chinchia120/autoware.ai/install/op_planner/lib/pkgconfig:/home/chinchia120/autoware.ai/install/lanelet2_validation/lib/x86_64-linux-gnu/pkgconfig:/home/chinchia120/autoware.ai/install/lanelet2_validation/lib/pkgconfig:/home/chinchia120/autoware.ai/install/op_utility/lib/x86_64-linux-gnu/pkgconfig:/home/chinchia120/autoware.ai/install/op_utility/lib/pkgconfig:/home/chinchia120/autoware.ai/install/lanelet2_routing/lib/x86_64-linux-gnu/pkgconfig:/home/chinchia120/autoware.ai/install/lanelet2_routing/lib/pkgconfig:/home/chinchia120/autoware.ai/install/lanelet2_projection/lib/x86_64-linux-gnu/pkgconfig:/home/chinchia120/autoware.ai/install/lanelet2_projection/lib/pkgconfig:/home/chinchia120/autoware.ai/install/vector_map_server/lib/x86_64-linux-gnu/pkgconfig:/home/chinchia120/autoware.ai/install/vector_map_server/lib/pkgconfig:/home/chinchia120/autoware.ai/install/libwaypoint_follower/lib/x86_64-linux-gnu/pkgconfig:/home/chinchia120/autoware.ai/install/libwaypoint_follower/lib/pkgconfig:/home/chinchia120/autoware.ai/install/lanelet2_traffic_rules/lib/x86_64-linux-gnu/pkgconfig:/home/chinchia120/autoware.ai/install/lanelet2_traffic_rules/lib/pkgconfig:/home/chinchia120/autoware.ai/install/lanelet2_maps/lib/x86_64-linux-gnu/pkgconfig:/home/chinchia120/autoware.ai/install/lanelet2_maps/lib/pkgconfig:/home/chinchia120/autoware.ai/install/lanelet2_io/lib/x86_64-linux-gnu/pkgconfig:/home/chinchia120/autoware.ai/install/lanelet2_io/lib/pkgconfig:/home/chinchia120/autoware.ai/install/vector_map/lib/x86_64-linux-gnu/pkgconfig:/home/chinchia120/autoware.ai/install/vector_map/lib/pkgconfig:/home/chinchia120/autoware.ai/install/lanelet2_core/lib/x86_64-linux-gnu/pkgconfig:/home/chinchia120/autoware.ai/install/lanelet2_core/lib/pkgconfig:/home/chinchia120/autoware.ai/install/amathutils_lib/lib/x86_64-linux-gnu/pkgconfig:/home/chinchia120/autoware.ai/install/amathutils_lib/lib/pkgconfig:/home/chinchia120/autoware.ai/install/vector_map_msgs/lib/x86_64-linux-gnu/pkgconfig:/home/chinchia120/autoware.ai/install/vector_map_msgs/lib/pkgconfig:/home/chinchia120/autoware.ai/install/autoware_msgs/lib/x86_64-linux-gnu/pkgconfig:/home/chinchia120/autoware.ai/install/autoware_msgs/lib/pkgconfig:/home/chinchia120/autoware.ai/install/autoware_lanelet2_msgs/lib/x86_64-linux-gnu/pkgconfig:/home/chinchia120/autoware.ai/install/autoware_lanelet2_msgs/lib/pkgconfig:/home/chinchia120/autoware.ai/install/autoware_build_flags/lib/x86_64-linux-gnu/pkgconfig:/home/chinchia120/autoware.ai/install/autoware_build_flags/lib/pkgconfig:${PKG_CONFIG_PATH} PYTHONPATH=/home/chinchia120/autoware.ai/install/vector_map_server/lib/python2.7/dist-packages:/home/chinchia120/autoware.ai/install/vector_map_msgs/lib/python2.7/dist-packages:/home/chinchia120/autoware.ai/install/autoware_msgs/lib/python2.7/dist-packages:/home/chinchia120/autoware.ai/install/autoware_lanelet2_msgs/lib/python2.7/dist-packages:${PYTHONPATH} ROS_PACKAGE_PATH=/home/chinchia120/autoware.ai/install/op_ros_helpers/share:/home/chinchia120/autoware.ai/install/map_file/share:/home/chinchia120/autoware.ai/install/op_simu/share:/home/chinchia120/autoware.ai/install/lanelet2_extension/share:/home/chinchia120/autoware.ai/install/op_planner/share:/home/chinchia120/autoware.ai/install/lanelet2_validation/share:/home/chinchia120/autoware.ai/install/op_utility/share:/home/chinchia120/autoware.ai/install/lanelet2_routing/share:/home/chinchia120/autoware.ai/install/lanelet2_projection/share:/home/chinchia120/autoware.ai/install/vector_map_server/share:/home/chinchia120/autoware.ai/install/libwaypoint_follower/share:/home/chinchia120/autoware.ai/install/lanelet2_traffic_rules/share:/home/chinchia120/autoware.ai/install/lanelet2_maps/share:/home/chinchia120/autoware.ai/install/lanelet2_io/share:/home/chinchia120/autoware.ai/install/vector_map/share:/home/chinchia120/autoware.ai/install/lanelet2_core/share:/home/chinchia120/autoware.ai/install/amathutils_lib/share:/home/chinchia120/autoware.ai/install/vector_map_msgs/share:/home/chinchia120/autoware.ai/install/autoware_msgs/share:/home/chinchia120/autoware.ai/install/autoware_lanelet2_msgs/share:/home/chinchia120/autoware.ai/install/autoware_build_flags/share:${ROS_PACKAGE_PATH} /usr/bin/cmake /home/chinchia120/autoware.ai/src/autoware/core_planning/op_simulation_package -DCMAKE_BUILD_TYPE=Release -DCATKIN_INSTALL_INTO_PREFIX_ROOT=0 -DCMAKE_INSTALL_PREFIX=/home/chinchia120/autoware.ai/install/op_simulation_package
[9.242s] Invoking command in '/home/chinchia120/autoware.ai/build/op_simulation_package': CMAKE_PREFIX_PATH=/home/chinchia120/autoware.ai/install/op_ros_helpers:/home/chinchia120/autoware.ai/install/map_file:/home/chinchia120/autoware.ai/install/op_simu:/home/chinchia120/autoware.ai/install/lanelet2_extension:/home/chinchia120/autoware.ai/install/op_planner:/home/chinchia120/autoware.ai/install/lanelet2_validation:/home/chinchia120/autoware.ai/install/op_utility:/home/chinchia120/autoware.ai/install/lanelet2_routing:/home/chinchia120/autoware.ai/install/lanelet2_projection:/home/chinchia120/autoware.ai/install/vector_map_server:/home/chinchia120/autoware.ai/install/libwaypoint_follower:/home/chinchia120/autoware.ai/install/lanelet2_traffic_rules:/home/chinchia120/autoware.ai/install/lanelet2_maps:/home/chinchia120/autoware.ai/install/lanelet2_io:/home/chinchia120/autoware.ai/install/vector_map:/home/chinchia120/autoware.ai/install/lanelet2_core:/home/chinchia120/autoware.ai/install/amathutils_lib:/home/chinchia120/autoware.ai/install/vector_map_msgs:/home/chinchia120/autoware.ai/install/autoware_msgs:/home/chinchia120/autoware.ai/install/autoware_lanelet2_msgs:/home/chinchia120/autoware.ai/install/autoware_build_flags:${CMAKE_PREFIX_PATH} LD_LIBRARY_PATH=/home/chinchia120/autoware.ai/install/op_ros_helpers/lib:/home/chinchia120/autoware.ai/install/map_file/lib:/home/chinchia120/autoware.ai/install/op_simu/lib:/home/chinchia120/autoware.ai/install/lanelet2_extension/lib:/home/chinchia120/autoware.ai/install/op_planner/lib:/home/chinchia120/autoware.ai/install/lanelet2_validation/lib:/home/chinchia120/autoware.ai/install/op_utility/lib:/home/chinchia120/autoware.ai/install/lanelet2_routing/lib:/home/chinchia120/autoware.ai/install/lanelet2_projection/lib:/home/chinchia120/autoware.ai/install/libwaypoint_follower/lib:/home/chinchia120/autoware.ai/install/lanelet2_traffic_rules/lib:/home/chinchia120/autoware.ai/install/lanelet2_io/lib:/home/chinchia120/autoware.ai/install/vector_map/lib:/home/chinchia120/autoware.ai/install/lanelet2_core/lib:/home/chinchia120/autoware.ai/install/amathutils_lib/lib:${LD_LIBRARY_PATH} PKG_CONFIG_PATH=/home/chinchia120/autoware.ai/install/op_ros_helpers/lib/x86_64-linux-gnu/pkgconfig:/home/chinchia120/autoware.ai/install/op_ros_helpers/lib/pkgconfig:/home/chinchia120/autoware.ai/install/map_file/lib/x86_64-linux-gnu/pkgconfig:/home/chinchia120/autoware.ai/install/map_file/lib/pkgconfig:/home/chinchia120/autoware.ai/install/op_simu/lib/x86_64-linux-gnu/pkgconfig:/home/chinchia120/autoware.ai/install/op_simu/lib/pkgconfig:/home/chinchia120/autoware.ai/install/lanelet2_extension/lib/x86_64-linux-gnu/pkgconfig:/home/chinchia120/autoware.ai/install/lanelet2_extension/lib/pkgconfig:/home/chinchia120/autoware.ai/install/op_planner/lib/x86_64-linux-gnu/pkgconfig:/home/chinchia120/autoware.ai/install/op_planner/lib/pkgconfig:/home/chinchia120/autoware.ai/install/lanelet2_validation/lib/x86_64-linux-gnu/pkgconfig:/home/chinchia120/autoware.ai/install/lanelet2_validation/lib/pkgconfig:/home/chinchia120/autoware.ai/install/op_utility/lib/x86_64-linux-gnu/pkgconfig:/home/chinchia120/autoware.ai/install/op_utility/lib/pkgconfig:/home/chinchia120/autoware.ai/install/lanelet2_routing/lib/x86_64-linux-gnu/pkgconfig:/home/chinchia120/autoware.ai/install/lanelet2_routing/lib/pkgconfig:/home/chinchia120/autoware.ai/install/lanelet2_projection/lib/x86_64-linux-gnu/pkgconfig:/home/chinchia120/autoware.ai/install/lanelet2_projection/lib/pkgconfig:/home/chinchia120/autoware.ai/install/vector_map_server/lib/x86_64-linux-gnu/pkgconfig:/home/chinchia120/autoware.ai/install/vector_map_server/lib/pkgconfig:/home/chinchia120/autoware.ai/install/libwaypoint_follower/lib/x86_64-linux-gnu/pkgconfig:/home/chinchia120/autoware.ai/install/libwaypoint_follower/lib/pkgconfig:/home/chinchia120/autoware.ai/install/lanelet2_traffic_rules/lib/x86_64-linux-gnu/pkgconfig:/home/chinchia120/autoware.ai/install/lanelet2_traffic_rules/lib/pkgconfig:/home/chinchia120/autoware.ai/install/lanelet2_maps/lib/x86_64-linux-gnu/pkgconfig:/home/chinchia120/autoware.ai/install/lanelet2_maps/lib/pkgconfig:/home/chinchia120/autoware.ai/install/lanelet2_io/lib/x86_64-linux-gnu/pkgconfig:/home/chinchia120/autoware.ai/install/lanelet2_io/lib/pkgconfig:/home/chinchia120/autoware.ai/install/vector_map/lib/x86_64-linux-gnu/pkgconfig:/home/chinchia120/autoware.ai/install/vector_map/lib/pkgconfig:/home/chinchia120/autoware.ai/install/lanelet2_core/lib/x86_64-linux-gnu/pkgconfig:/home/chinchia120/autoware.ai/install/lanelet2_core/lib/pkgconfig:/home/chinchia120/autoware.ai/install/amathutils_lib/lib/x86_64-linux-gnu/pkgconfig:/home/chinchia120/autoware.ai/install/amathutils_lib/lib/pkgconfig:/home/chinchia120/autoware.ai/install/vector_map_msgs/lib/x86_64-linux-gnu/pkgconfig:/home/chinchia120/autoware.ai/install/vector_map_msgs/lib/pkgconfig:/home/chinchia120/autoware.ai/install/autoware_msgs/lib/x86_64-linux-gnu/pkgconfig:/home/chinchia120/autoware.ai/install/autoware_msgs/lib/pkgconfig:/home/chinchia120/autoware.ai/install/autoware_lanelet2_msgs/lib/x86_64-linux-gnu/pkgconfig:/home/chinchia120/autoware.ai/install/autoware_lanelet2_msgs/lib/pkgconfig:/home/chinchia120/autoware.ai/install/autoware_build_flags/lib/x86_64-linux-gnu/pkgconfig:/home/chinchia120/autoware.ai/install/autoware_build_flags/lib/pkgconfig:${PKG_CONFIG_PATH} PYTHONPATH=/home/chinchia120/autoware.ai/install/vector_map_server/lib/python2.7/dist-packages:/home/chinchia120/autoware.ai/install/vector_map_msgs/lib/python2.7/dist-packages:/home/chinchia120/autoware.ai/install/autoware_msgs/lib/python2.7/dist-packages:/home/chinchia120/autoware.ai/install/autoware_lanelet2_msgs/lib/python2.7/dist-packages:${PYTHONPATH} ROS_PACKAGE_PATH=/home/chinchia120/autoware.ai/install/op_ros_helpers/share:/home/chinchia120/autoware.ai/install/map_file/share:/home/chinchia120/autoware.ai/install/op_simu/share:/home/chinchia120/autoware.ai/install/lanelet2_extension/share:/home/chinchia120/autoware.ai/install/op_planner/share:/home/chinchia120/autoware.ai/install/lanelet2_validation/share:/home/chinchia120/autoware.ai/install/op_utility/share:/home/chinchia120/autoware.ai/install/lanelet2_routing/share:/home/chinchia120/autoware.ai/install/lanelet2_projection/share:/home/chinchia120/autoware.ai/install/vector_map_server/share:/home/chinchia120/autoware.ai/install/libwaypoint_follower/share:/home/chinchia120/autoware.ai/install/lanelet2_traffic_rules/share:/home/chinchia120/autoware.ai/install/lanelet2_maps/share:/home/chinchia120/autoware.ai/install/lanelet2_io/share:/home/chinchia120/autoware.ai/install/vector_map/share:/home/chinchia120/autoware.ai/install/lanelet2_core/share:/home/chinchia120/autoware.ai/install/amathutils_lib/share:/home/chinchia120/autoware.ai/install/vector_map_msgs/share:/home/chinchia120/autoware.ai/install/autoware_msgs/share:/home/chinchia120/autoware.ai/install/autoware_lanelet2_msgs/share:/home/chinchia120/autoware.ai/install/autoware_build_flags/share:${ROS_PACKAGE_PATH} /usr/bin/cmake --build /home/chinchia120/autoware.ai/build/op_simulation_package -- -j4 -l4
[9.366s] [35m[1mScanning dependencies of target op_signs_simulator[0m
[9.577s] [ 11%] [32mBuilding CXX object CMakeFiles/op_signs_simulator.dir/nodes/op_signs_simulator/op_signs_simulator.cpp.o[0m
[17.238s] [ 22%] [32mBuilding CXX object CMakeFiles/op_signs_simulator.dir/nodes/op_signs_simulator/op_signs_simulator_core.cpp.o[0m
[36.085s] [ 33%] [32m[1mLinking CXX executable devel/lib/op_simulation_package/op_signs_simulator[0m
[36.794s] [ 33%] Built target op_signs_simulator
[36.820s] [35m[1mScanning dependencies of target topic_tools_generate_messages_eus[0m
[36.861s] [ 33%] Built target topic_tools_generate_messages_eus
[36.894s] [35m[1mScanning dependencies of target topic_tools_generate_messages_cpp[0m
[36.918s] [ 33%] Built target topic_tools_generate_messages_cpp
[36.950s] [35m[1mScanning dependencies of target std_srvs_generate_messages_py[0m
[36.980s] [ 33%] Built target std_srvs_generate_messages_py
[37.004s] [35m[1mScanning dependencies of target std_srvs_generate_messages_nodejs[0m
[37.030s] [ 33%] Built target std_srvs_generate_messages_nodejs
[37.055s] [35m[1mScanning dependencies of target bond_generate_messages_nodejs[0m
[37.086s] [ 33%] Built target bond_generate_messages_nodejs
[37.118s] [35m[1mScanning dependencies of target bond_generate_messages_lisp[0m
[37.143s] [ 33%] Built target bond_generate_messages_lisp
[37.172s] [35m[1mScanning dependencies of target bond_generate_messages_eus[0m
[37.203s] [ 33%] Built target bond_generate_messages_eus
[37.239s] [35m[1mScanning dependencies of target bond_generate_messages_cpp[0m
[37.273s] [ 33%] Built target bond_generate_messages_cpp
[37.308s] [35m[1mScanning dependencies of target nodelet_generate_messages_nodejs[0m
[37.335s] [ 33%] Built target nodelet_generate_messages_nodejs
[37.364s] [35m[1mScanning dependencies of target nodelet_generate_messages_eus[0m
[37.391s] [ 33%] Built target nodelet_generate_messages_eus
[37.416s] [35m[1mScanning dependencies of target nodelet_generate_messages_cpp[0m
[37.440s] [ 33%] Built target nodelet_generate_messages_cpp
[37.467s] [35m[1mScanning dependencies of target dynamic_reconfigure_generate_messages_py[0m
[37.498s] [ 33%] Built target dynamic_reconfigure_generate_messages_py
[37.531s] [35m[1mScanning dependencies of target dynamic_reconfigure_generate_messages_nodejs[0m
[37.560s] [ 33%] Built target dynamic_reconfigure_generate_messages_nodejs
[37.586s] [35m[1mScanning dependencies of target dynamic_reconfigure_generate_messages_lisp[0m
[37.614s] [ 33%] Built target dynamic_reconfigure_generate_messages_lisp
[37.644s] [35m[1mScanning dependencies of target dynamic_reconfigure_generate_messages_eus[0m
[37.676s] [ 33%] Built target dynamic_reconfigure_generate_messages_eus
[37.701s] [35m[1mScanning dependencies of target pcl_ros_gencfg[0m
[37.736s] [ 33%] Built target pcl_ros_gencfg
[37.771s] [35m[1mScanning dependencies of target vector_map_server_generate_messages_nodejs[0m
[37.799s] [ 33%] Built target vector_map_server_generate_messages_nodejs
[37.827s] [35m[1mScanning dependencies of target vector_map_msgs_generate_messages_py[0m
[37.853s] [ 33%] Built target vector_map_msgs_generate_messages_py
[37.881s] [35m[1mScanning dependencies of target bond_generate_messages_py[0m
[37.906s] [ 33%] Built target bond_generate_messages_py
[37.942s] [35m[1mScanning dependencies of target vector_map_msgs_generate_messages_nodejs[0m
[37.972s] [ 33%] Built target vector_map_msgs_generate_messages_nodejs
[37.997s] [35m[1mScanning dependencies of target vector_map_msgs_generate_messages_lisp[0m
[38.025s] [ 33%] Built target vector_map_msgs_generate_messages_lisp
[38.050s] [35m[1mScanning dependencies of target geometry_msgs_generate_messages_py[0m
[38.076s] [ 33%] Built target geometry_msgs_generate_messages_py
[38.101s] [35m[1mScanning dependencies of target sensor_msgs_generate_messages_nodejs[0m
[38.133s] [ 33%] Built target sensor_msgs_generate_messages_nodejs
[38.165s] [35m[1mScanning dependencies of target vector_map_server_generate_messages_eus[0m
[38.198s] [ 33%] Built target vector_map_server_generate_messages_eus
[38.235s] [35m[1mScanning dependencies of target roscpp_generate_messages_cpp[0m
[38.263s] [ 33%] Built target roscpp_generate_messages_cpp
[38.293s] [35m[1mScanning dependencies of target actionlib_generate_messages_cpp[0m
[38.326s] [ 33%] Built target actionlib_generate_messages_cpp
[38.361s] [35m[1mScanning dependencies of target pcl_msgs_generate_messages_eus[0m
[38.390s] [ 33%] Built target pcl_msgs_generate_messages_eus
[38.439s] [35m[1mScanning dependencies of target rosgraph_msgs_generate_messages_eus[0m
[38.467s] [ 33%] Built target rosgraph_msgs_generate_messages_eus
[38.491s] [35m[1mScanning dependencies of target jsk_recognition_msgs_generate_messages_lisp[0m
[38.524s] [ 33%] Built target jsk_recognition_msgs_generate_messages_lisp
[38.572s] [35m[1mScanning dependencies of target jsk_recognition_msgs_generate_messages_eus[0m
[38.603s] [ 33%] Built target jsk_recognition_msgs_generate_messages_eus
[38.641s] [35m[1mScanning dependencies of target tf2_msgs_generate_messages_cpp[0m
[38.668s] [ 33%] Built target tf2_msgs_generate_messages_cpp
[38.701s] [35m[1mScanning dependencies of target std_msgs_generate_messages_py[0m
[38.733s] [ 33%] Built target std_msgs_generate_messages_py
[38.763s] [35m[1mScanning dependencies of target nodelet_generate_messages_lisp[0m
[38.787s] [ 33%] Built target nodelet_generate_messages_lisp
[38.815s] [35m[1mScanning dependencies of target autoware_msgs_generate_messages_py[0m
[38.841s] [ 33%] Built target autoware_msgs_generate_messages_py
[38.868s] [35m[1mScanning dependencies of target std_msgs_generate_messages_nodejs[0m
[38.900s] [ 33%] Built target std_msgs_generate_messages_nodejs
[38.935s] [35m[1mScanning dependencies of target sensor_msgs_generate_messages_eus[0m
[38.968s] [ 33%] Built target sensor_msgs_generate_messages_eus
[39.004s] [35m[1mScanning dependencies of target std_srvs_generate_messages_lisp[0m
[39.038s] [ 33%] Built target std_srvs_generate_messages_lisp
[39.063s] [35m[1mScanning dependencies of target _catkin_empty_exported_target[0m
[39.088s] [ 33%] Built target _catkin_empty_exported_target
[39.116s] [35m[1mScanning dependencies of target sensor_msgs_generate_messages_cpp[0m
[39.145s] [ 33%] Built target sensor_msgs_generate_messages_cpp
[39.170s] [35m[1mScanning dependencies of target autoware_msgs_generate_messages_cpp[0m
[39.201s] [ 33%] Built target autoware_msgs_generate_messages_cpp
[39.232s] [35m[1mScanning dependencies of target rosgraph_msgs_generate_messages_cpp[0m
[39.269s] [ 33%] Built target rosgraph_msgs_generate_messages_cpp
[39.308s] [35m[1mScanning dependencies of target pcl_msgs_generate_messages_nodejs[0m
[39.343s] [ 33%] Built target pcl_msgs_generate_messages_nodejs
[39.379s] [35m[1mScanning dependencies of target jsk_recognition_msgs_generate_messages_py[0m
[39.405s] [ 33%] Built target jsk_recognition_msgs_generate_messages_py
[39.433s] [35m[1mScanning dependencies of target std_srvs_generate_messages_cpp[0m
[39.463s] [ 33%] Built target std_srvs_generate_messages_cpp
[39.488s] [35m[1mScanning dependencies of target sensor_msgs_generate_messages_lisp[0m
[39.520s] [ 33%] Built target sensor_msgs_generate_messages_lisp
[39.552s] [35m[1mScanning dependencies of target nodelet_generate_messages_py[0m
[39.585s] [ 33%] Built target nodelet_generate_messages_py
[39.614s] [35m[1mScanning dependencies of target sensor_msgs_generate_messages_py[0m
[39.642s] [ 33%] Built target sensor_msgs_generate_messages_py
[39.670s] [35m[1mScanning dependencies of target dynamic_reconfigure_generate_messages_cpp[0m
[39.694s] [ 33%] Built target dynamic_reconfigure_generate_messages_cpp
[39.724s] [35m[1mScanning dependencies of target tf_generate_messages_py[0m
[39.764s] [ 33%] Built target tf_generate_messages_py
[39.796s] [35m[1mScanning dependencies of target std_msgs_generate_messages_cpp[0m
[39.835s] [ 33%] Built target std_msgs_generate_messages_cpp
[39.867s] [35m[1mScanning dependencies of target jsk_footstep_msgs_generate_messages_py[0m
[39.893s] [ 33%] Built target jsk_footstep_msgs_generate_messages_py
[39.926s] [35m[1mScanning dependencies of target visualization_msgs_generate_messages_nodejs[0m
[39.954s] [ 33%] Built target visualization_msgs_generate_messages_nodejs
[39.986s] [35m[1mScanning dependencies of target topic_tools_generate_messages_py[0m
[40.017s] [ 33%] Built target topic_tools_generate_messages_py
[40.051s] [35m[1mScanning dependencies of target nodelet_topic_tools_gencfg[0m
[40.077s] [ 33%] Built target nodelet_topic_tools_gencfg
[40.103s] [35m[1mScanning dependencies of target actionlib_msgs_generate_messages_nodejs[0m
[40.137s] [ 33%] Built target actionlib_msgs_generate_messages_nodejs
[40.168s] [35m[1mScanning dependencies of target geometry_msgs_generate_messages_eus[0m
[40.196s] [ 33%] Built target geometry_msgs_generate_messages_eus
[40.231s] [35m[1mScanning dependencies of target std_msgs_generate_messages_lisp[0m
[40.269s] [ 33%] Built target std_msgs_generate_messages_lisp
[40.297s] [35m[1mScanning dependencies of target roscpp_generate_messages_nodejs[0m
[40.325s] [ 33%] Built target roscpp_generate_messages_nodejs
[40.368s] [35m[1mScanning dependencies of target op_perception_simulator[0m
[40.545s] [ 44%] [32mBuilding CXX object CMakeFiles/op_perception_simulator.dir/nodes/op_perception_simulator/op_perception_simulator.cpp.o[0m
[47.129s] [ 55%] [32mBuilding CXX object CMakeFiles/op_perception_simulator.dir/nodes/op_perception_simulator/op_perception_simulator_core.cpp.o[0m
[50.813s] In file included from [01m[K/home/chinchia120/autoware.ai/install/op_planner/include/op_planner/RoadNetwork.h:14:0[m[K,
[50.813s]                  from [01m[K/home/chinchia120/autoware.ai/install/op_ros_helpers/include/op_ros_helpers/op_ROSHelpers.h:10[m[K,
[50.813s]                  from [01m[K/home/chinchia120/autoware.ai/src/autoware/core_planning/op_simulation_package/nodes/op_perception_simulator/op_perception_simulator_core.cpp:25[m[K:
[50.813s] [01m[K/home/chinchia120/autoware.ai/install/op_utility/include/op_utility/UtilityH.h:18:0:[m[K [01;35m[Kwarning: [m[K"DEG2RAD" redefined
[50.814s]  #define DEG2RAD M_PI / 180.
[50.814s]  
[50.814s] In file included from [01m[K/usr/include/pcl-1.8/pcl/PCLPointField.h:12:0[m[K,
[50.814s]                  from [01m[K/usr/include/pcl-1.8/pcl/conversions.h:47[m[K,
[50.815s]                  from [01m[K/opt/ros/melodic/include/pcl_conversions/pcl_conversions.h:44[m[K,
[50.815s]                  from [01m[K/home/chinchia120/autoware.ai/src/autoware/core_planning/op_simulation_package/nodes/op_perception_simulator/op_perception_simulator_core.cpp:19[m[K:
[50.815s] [01m[K/usr/include/pcl-1.8/pcl/pcl_macros.h:139:0:[m[K [01;36m[Knote: [m[Kthis is the location of the previous definition
[50.815s]  #define DEG2RAD(x) ((x)*0.017453293)
[50.815s]  
[50.816s] In file included from [01m[K/home/chinchia120/autoware.ai/install/op_planner/include/op_planner/RoadNetwork.h:14:0[m[K,
[50.816s]                  from [01m[K/home/chinchia120/autoware.ai/install/op_ros_helpers/include/op_ros_helpers/op_ROSHelpers.h:10[m[K,
[50.816s]                  from [01m[K/home/chinchia120/autoware.ai/src/autoware/core_planning/op_simulation_package/nodes/op_perception_simulator/op_perception_simulator_core.cpp:25[m[K:
[50.816s] [01m[K/home/chinchia120/autoware.ai/install/op_utility/include/op_utility/UtilityH.h:19:0:[m[K [01;35m[Kwarning: [m[K"RAD2DEG" redefined
[50.817s]  #define RAD2DEG 180. / M_PI
[50.817s]  
[50.817s] In file included from [01m[K/usr/include/pcl-1.8/pcl/PCLPointField.h:12:0[m[K,
[50.817s]                  from [01m[K/usr/include/pcl-1.8/pcl/conversions.h:47[m[K,
[50.818s]                  from [01m[K/opt/ros/melodic/include/pcl_conversions/pcl_conversions.h:44[m[K,
[50.818s]                  from [01m[K/home/chinchia120/autoware.ai/src/autoware/core_planning/op_simulation_package/nodes/op_perception_simulator/op_perception_simulator_core.cpp:19[m[K:
[50.818s] [01m[K/usr/include/pcl-1.8/pcl/pcl_macros.h:143:0:[m[K [01;36m[Knote: [m[Kthis is the location of the previous definition
[50.818s]  #define RAD2DEG(x) ((x)*57.29578)
[50.818s]  
[62.736s] [ 66%] [32m[1mLinking CXX executable devel/lib/op_simulation_package/op_perception_simulator[0m
[63.412s] [ 66%] Built target op_perception_simulator
[63.438s] [35m[1mScanning dependencies of target geometry_msgs_generate_messages_nodejs[0m
[63.463s] [ 66%] Built target geometry_msgs_generate_messages_nodejs
[63.492s] [35m[1mScanning dependencies of target geometry_msgs_generate_messages_lisp[0m
[63.517s] [ 66%] Built target geometry_msgs_generate_messages_lisp
[63.544s] [35m[1mScanning dependencies of target pcl_msgs_generate_messages_cpp[0m
[63.571s] [ 66%] Built target pcl_msgs_generate_messages_cpp
[63.595s] [35m[1mScanning dependencies of target topic_tools_generate_messages_lisp[0m
[63.620s] [ 66%] Built target topic_tools_generate_messages_lisp
[63.649s] [35m[1mScanning dependencies of target jsk_recognition_msgs_generate_messages_cpp[0m
[63.676s] [ 66%] Built target jsk_recognition_msgs_generate_messages_cpp
[63.702s] [35m[1mScanning dependencies of target autoware_msgs_generate_messages_eus[0m
[63.733s] [ 66%] Built target autoware_msgs_generate_messages_eus
[63.761s] [35m[1mScanning dependencies of target autoware_msgs_generate_messages_lisp[0m
[63.794s] [ 66%] Built target autoware_msgs_generate_messages_lisp
[63.822s] [35m[1mScanning dependencies of target visualization_msgs_generate_messages_lisp[0m
[63.857s] [ 66%] Built target visualization_msgs_generate_messages_lisp
[63.885s] [35m[1mScanning dependencies of target std_msgs_generate_messages_eus[0m
[63.912s] [ 66%] Built target std_msgs_generate_messages_eus
[63.942s] [35m[1mScanning dependencies of target autoware_msgs_generate_messages_nodejs[0m
[63.973s] [ 66%] Built target autoware_msgs_generate_messages_nodejs
[63.998s] [35m[1mScanning dependencies of target jsk_footstep_msgs_generate_messages_eus[0m
[64.034s] [ 66%] Built target jsk_footstep_msgs_generate_messages_eus
[64.064s] [35m[1mScanning dependencies of target actionlib_msgs_generate_messages_py[0m
[64.089s] [ 66%] Built target actionlib_msgs_generate_messages_py
[64.124s] [35m[1mScanning dependencies of target vector_map_server_generate_messages_lisp[0m
[64.155s] [ 66%] Built target vector_map_server_generate_messages_lisp
[64.181s] [35m[1mScanning dependencies of target jsk_footstep_msgs_generate_messages_lisp[0m
[64.207s] [ 66%] Built target jsk_footstep_msgs_generate_messages_lisp
[64.232s] [35m[1mScanning dependencies of target jsk_footstep_msgs_generate_messages_nodejs[0m
[64.258s] [ 66%] Built target jsk_footstep_msgs_generate_messages_nodejs
[64.283s] [35m[1mScanning dependencies of target actionlib_msgs_generate_messages_lisp[0m
[64.317s] [ 66%] Built target actionlib_msgs_generate_messages_lisp
[64.344s] [35m[1mScanning dependencies of target jsk_footstep_msgs_generate_messages_cpp[0m
[64.369s] [ 66%] Built target jsk_footstep_msgs_generate_messages_cpp
[64.403s] [35m[1mScanning dependencies of target actionlib_msgs_generate_messages_cpp[0m
[64.433s] [ 66%] Built target actionlib_msgs_generate_messages_cpp
[64.458s] [35m[1mScanning dependencies of target tf_generate_messages_eus[0m
[64.483s] [ 66%] Built target tf_generate_messages_eus
[64.514s] [35m[1mScanning dependencies of target tf_generate_messages_lisp[0m
[64.548s] [ 66%] Built target tf_generate_messages_lisp
[64.578s] [35m[1mScanning dependencies of target tf_generate_messages_nodejs[0m
[64.610s] [ 66%] Built target tf_generate_messages_nodejs
[64.639s] [35m[1mScanning dependencies of target std_srvs_generate_messages_eus[0m
[64.669s] [ 66%] Built target std_srvs_generate_messages_eus
[64.700s] [35m[1mScanning dependencies of target jsk_recognition_msgs_generate_messages_nodejs[0m
[64.728s] [ 66%] Built target jsk_recognition_msgs_generate_messages_nodejs
[64.754s] [35m[1mScanning dependencies of target roscpp_generate_messages_lisp[0m
[64.781s] [ 66%] Built target roscpp_generate_messages_lisp
[64.807s] [35m[1mScanning dependencies of target roscpp_generate_messages_py[0m
[64.837s] [ 66%] Built target roscpp_generate_messages_py
[64.863s] [35m[1mScanning dependencies of target rosgraph_msgs_generate_messages_lisp[0m
[64.888s] [ 66%] Built target rosgraph_msgs_generate_messages_lisp
[64.915s] [35m[1mScanning dependencies of target rosgraph_msgs_generate_messages_nodejs[0m
[64.948s] [ 66%] Built target rosgraph_msgs_generate_messages_nodejs
[64.977s] [35m[1mScanning dependencies of target vector_map_server_generate_messages_py[0m
[65.007s] [ 66%] Built target vector_map_server_generate_messages_py
[65.041s] [35m[1mScanning dependencies of target roscpp_generate_messages_eus[0m
[65.067s] [ 66%] Built target roscpp_generate_messages_eus
[65.093s] [35m[1mScanning dependencies of target actionlib_msgs_generate_messages_eus[0m
[65.121s] [ 66%] Built target actionlib_msgs_generate_messages_eus
[65.154s] [35m[1mScanning dependencies of target rosgraph_msgs_generate_messages_py[0m
[65.181s] [ 66%] Built target rosgraph_msgs_generate_messages_py
[65.211s] [35m[1mScanning dependencies of target pcl_msgs_generate_messages_py[0m
[65.238s] [ 66%] Built target pcl_msgs_generate_messages_py
[65.270s] [35m[1mScanning dependencies of target actionlib_generate_messages_eus[0m
[65.301s] [ 66%] Built target actionlib_generate_messages_eus
[65.338s] [35m[1mScanning dependencies of target geometry_msgs_generate_messages_cpp[0m
[65.366s] [ 66%] Built target geometry_msgs_generate_messages_cpp
[65.391s] [35m[1mScanning dependencies of target actionlib_generate_messages_lisp[0m
[65.422s] [ 66%] Built target actionlib_generate_messages_lisp
[65.453s] [35m[1mScanning dependencies of target pcl_msgs_generate_messages_lisp[0m
[65.479s] [ 66%] Built target pcl_msgs_generate_messages_lisp
[65.514s] [35m[1mScanning dependencies of target tf_generate_messages_cpp[0m
[65.558s] [ 66%] Built target tf_generate_messages_cpp
[65.595s] [35m[1mScanning dependencies of target actionlib_generate_messages_nodejs[0m
[65.625s] [ 66%] Built target actionlib_generate_messages_nodejs
[65.654s] [35m[1mScanning dependencies of target dynamic_reconfigure_gencfg[0m
[65.690s] [ 66%] Built target dynamic_reconfigure_gencfg
[65.725s] [35m[1mScanning dependencies of target tf2_msgs_generate_messages_lisp[0m
[65.753s] [ 66%] Built target tf2_msgs_generate_messages_lisp
[65.784s] [35m[1mScanning dependencies of target actionlib_generate_messages_py[0m
[65.818s] [ 66%] Built target actionlib_generate_messages_py
[65.848s] [35m[1mScanning dependencies of target tf2_msgs_generate_messages_py[0m
[65.882s] [ 66%] Built target tf2_msgs_generate_messages_py
[65.916s] [35m[1mScanning dependencies of target tf2_msgs_generate_messages_nodejs[0m
[65.946s] [ 66%] Built target tf2_msgs_generate_messages_nodejs
[65.981s] [35m[1mScanning dependencies of target tf2_msgs_generate_messages_eus[0m
[66.006s] [ 66%] Built target tf2_msgs_generate_messages_eus
[66.036s] [35m[1mScanning dependencies of target visualization_msgs_generate_messages_cpp[0m
[66.068s] [ 66%] Built target visualization_msgs_generate_messages_cpp
[66.107s] [35m[1mScanning dependencies of target vector_map_server_generate_messages_cpp[0m
[66.145s] [ 66%] Built target vector_map_server_generate_messages_cpp
[66.181s] [35m[1mScanning dependencies of target visualization_msgs_generate_messages_eus[0m
[66.214s] [ 66%] Built target visualization_msgs_generate_messages_eus
[66.254s] [35m[1mScanning dependencies of target visualization_msgs_generate_messages_py[0m
[66.281s] [ 66%] Built target visualization_msgs_generate_messages_py
[66.310s] [35m[1mScanning dependencies of target vector_map_msgs_generate_messages_cpp[0m
[66.339s] [ 66%] Built target vector_map_msgs_generate_messages_cpp
[66.372s] [35m[1mScanning dependencies of target topic_tools_generate_messages_nodejs[0m
[66.407s] [ 66%] Built target topic_tools_generate_messages_nodejs
[66.437s] [35m[1mScanning dependencies of target vector_map_msgs_generate_messages_eus[0m
[66.468s] [ 66%] Built target vector_map_msgs_generate_messages_eus
[66.498s] [35m[1mScanning dependencies of target op_car_simulator[0m
[66.772s] [ 77%] [32mBuilding CXX object CMakeFiles/op_car_simulator.dir/nodes/op_car_simulator/op_car_simulator.cpp.o[0m
[75.236s] [ 88%] [32mBuilding CXX object CMakeFiles/op_car_simulator.dir/nodes/op_car_simulator/op_car_simulator_core.cpp.o[0m
[85.110s] [01m[K/home/chinchia120/autoware.ai/src/autoware/core_planning/op_simulation_package/nodes/op_car_simulator/op_car_simulator_core.cpp:[m[K In member function ‘[01m[Kvoid CarSimulatorNS::OpenPlannerCarSimulator::MainLoop()[m[K’:
[85.110s] [01m[K/home/chinchia120/autoware.ai/src/autoware/core_planning/op_simulation_package/nodes/op_car_simulator/op_car_simulator_core.cpp:796:51:[m[K [01;35m[Kwarning: [m[Kcomparison between ‘[01m[Kenum CarSimulatorNS::MAP_SOURCE_TYPE[m[K’ and ‘[01m[Kenum PlannerHNS::MAP_SOURCE_TYPE[m[K’ [[01;35m[K-Wenum-compare[m[K]
[85.111s]      else if (m_SimParams.mapSource == PlannerHNS::[01;35m[KMAP_AUTOWARE[m[K && !m_bMap)
[85.111s]                                                    [01;35m[K^~~~~~~~~~~~[m[K
[104.758s] [100%] [32m[1mLinking CXX executable devel/lib/op_simulation_package/op_car_simulator[0m
[105.440s] [100%] Built target op_car_simulator
[105.468s] Invoked command in '/home/chinchia120/autoware.ai/build/op_simulation_package' returned '0': CMAKE_PREFIX_PATH=/home/chinchia120/autoware.ai/install/op_ros_helpers:/home/chinchia120/autoware.ai/install/map_file:/home/chinchia120/autoware.ai/install/op_simu:/home/chinchia120/autoware.ai/install/lanelet2_extension:/home/chinchia120/autoware.ai/install/op_planner:/home/chinchia120/autoware.ai/install/lanelet2_validation:/home/chinchia120/autoware.ai/install/op_utility:/home/chinchia120/autoware.ai/install/lanelet2_routing:/home/chinchia120/autoware.ai/install/lanelet2_projection:/home/chinchia120/autoware.ai/install/vector_map_server:/home/chinchia120/autoware.ai/install/libwaypoint_follower:/home/chinchia120/autoware.ai/install/lanelet2_traffic_rules:/home/chinchia120/autoware.ai/install/lanelet2_maps:/home/chinchia120/autoware.ai/install/lanelet2_io:/home/chinchia120/autoware.ai/install/vector_map:/home/chinchia120/autoware.ai/install/lanelet2_core:/home/chinchia120/autoware.ai/install/amathutils_lib:/home/chinchia120/autoware.ai/install/vector_map_msgs:/home/chinchia120/autoware.ai/install/autoware_msgs:/home/chinchia120/autoware.ai/install/autoware_lanelet2_msgs:/home/chinchia120/autoware.ai/install/autoware_build_flags:${CMAKE_PREFIX_PATH} LD_LIBRARY_PATH=/home/chinchia120/autoware.ai/install/op_ros_helpers/lib:/home/chinchia120/autoware.ai/install/map_file/lib:/home/chinchia120/autoware.ai/install/op_simu/lib:/home/chinchia120/autoware.ai/install/lanelet2_extension/lib:/home/chinchia120/autoware.ai/install/op_planner/lib:/home/chinchia120/autoware.ai/install/lanelet2_validation/lib:/home/chinchia120/autoware.ai/install/op_utility/lib:/home/chinchia120/autoware.ai/install/lanelet2_routing/lib:/home/chinchia120/autoware.ai/install/lanelet2_projection/lib:/home/chinchia120/autoware.ai/install/libwaypoint_follower/lib:/home/chinchia120/autoware.ai/install/lanelet2_traffic_rules/lib:/home/chinchia120/autoware.ai/install/lanelet2_io/lib:/home/chinchia120/autoware.ai/install/vector_map/lib:/home/chinchia120/autoware.ai/install/lanelet2_core/lib:/home/chinchia120/autoware.ai/install/amathutils_lib/lib:${LD_LIBRARY_PATH} PKG_CONFIG_PATH=/home/chinchia120/autoware.ai/install/op_ros_helpers/lib/x86_64-linux-gnu/pkgconfig:/home/chinchia120/autoware.ai/install/op_ros_helpers/lib/pkgconfig:/home/chinchia120/autoware.ai/install/map_file/lib/x86_64-linux-gnu/pkgconfig:/home/chinchia120/autoware.ai/install/map_file/lib/pkgconfig:/home/chinchia120/autoware.ai/install/op_simu/lib/x86_64-linux-gnu/pkgconfig:/home/chinchia120/autoware.ai/install/op_simu/lib/pkgconfig:/home/chinchia120/autoware.ai/install/lanelet2_extension/lib/x86_64-linux-gnu/pkgconfig:/home/chinchia120/autoware.ai/install/lanelet2_extension/lib/pkgconfig:/home/chinchia120/autoware.ai/install/op_planner/lib/x86_64-linux-gnu/pkgconfig:/home/chinchia120/autoware.ai/install/op_planner/lib/pkgconfig:/home/chinchia120/autoware.ai/install/lanelet2_validation/lib/x86_64-linux-gnu/pkgconfig:/home/chinchia120/autoware.ai/install/lanelet2_validation/lib/pkgconfig:/home/chinchia120/autoware.ai/install/op_utility/lib/x86_64-linux-gnu/pkgconfig:/home/chinchia120/autoware.ai/install/op_utility/lib/pkgconfig:/home/chinchia120/autoware.ai/install/lanelet2_routing/lib/x86_64-linux-gnu/pkgconfig:/home/chinchia120/autoware.ai/install/lanelet2_routing/lib/pkgconfig:/home/chinchia120/autoware.ai/install/lanelet2_projection/lib/x86_64-linux-gnu/pkgconfig:/home/chinchia120/autoware.ai/install/lanelet2_projection/lib/pkgconfig:/home/chinchia120/autoware.ai/install/vector_map_server/lib/x86_64-linux-gnu/pkgconfig:/home/chinchia120/autoware.ai/install/vector_map_server/lib/pkgconfig:/home/chinchia120/autoware.ai/install/libwaypoint_follower/lib/x86_64-linux-gnu/pkgconfig:/home/chinchia120/autoware.ai/install/libwaypoint_follower/lib/pkgconfig:/home/chinchia120/autoware.ai/install/lanelet2_traffic_rules/lib/x86_64-linux-gnu/pkgconfig:/home/chinchia120/autoware.ai/install/lanelet2_traffic_rules/lib/pkgconfig:/home/chinchia120/autoware.ai/install/lanelet2_maps/lib/x86_64-linux-gnu/pkgconfig:/home/chinchia120/autoware.ai/install/lanelet2_maps/lib/pkgconfig:/home/chinchia120/autoware.ai/install/lanelet2_io/lib/x86_64-linux-gnu/pkgconfig:/home/chinchia120/autoware.ai/install/lanelet2_io/lib/pkgconfig:/home/chinchia120/autoware.ai/install/vector_map/lib/x86_64-linux-gnu/pkgconfig:/home/chinchia120/autoware.ai/install/vector_map/lib/pkgconfig:/home/chinchia120/autoware.ai/install/lanelet2_core/lib/x86_64-linux-gnu/pkgconfig:/home/chinchia120/autoware.ai/install/lanelet2_core/lib/pkgconfig:/home/chinchia120/autoware.ai/install/amathutils_lib/lib/x86_64-linux-gnu/pkgconfig:/home/chinchia120/autoware.ai/install/amathutils_lib/lib/pkgconfig:/home/chinchia120/autoware.ai/install/vector_map_msgs/lib/x86_64-linux-gnu/pkgconfig:/home/chinchia120/autoware.ai/install/vector_map_msgs/lib/pkgconfig:/home/chinchia120/autoware.ai/install/autoware_msgs/lib/x86_64-linux-gnu/pkgconfig:/home/chinchia120/autoware.ai/install/autoware_msgs/lib/pkgconfig:/home/chinchia120/autoware.ai/install/autoware_lanelet2_msgs/lib/x86_64-linux-gnu/pkgconfig:/home/chinchia120/autoware.ai/install/autoware_lanelet2_msgs/lib/pkgconfig:/home/chinchia120/autoware.ai/install/autoware_build_flags/lib/x86_64-linux-gnu/pkgconfig:/home/chinchia120/autoware.ai/install/autoware_build_flags/lib/pkgconfig:${PKG_CONFIG_PATH} PYTHONPATH=/home/chinchia120/autoware.ai/install/vector_map_server/lib/python2.7/dist-packages:/home/chinchia120/autoware.ai/install/vector_map_msgs/lib/python2.7/dist-packages:/home/chinchia120/autoware.ai/install/autoware_msgs/lib/python2.7/dist-packages:/home/chinchia120/autoware.ai/install/autoware_lanelet2_msgs/lib/python2.7/dist-packages:${PYTHONPATH} ROS_PACKAGE_PATH=/home/chinchia120/autoware.ai/install/op_ros_helpers/share:/home/chinchia120/autoware.ai/install/map_file/share:/home/chinchia120/autoware.ai/install/op_simu/share:/home/chinchia120/autoware.ai/install/lanelet2_extension/share:/home/chinchia120/autoware.ai/install/op_planner/share:/home/chinchia120/autoware.ai/install/lanelet2_validation/share:/home/chinchia120/autoware.ai/install/op_utility/share:/home/chinchia120/autoware.ai/install/lanelet2_routing/share:/home/chinchia120/autoware.ai/install/lanelet2_projection/share:/home/chinchia120/autoware.ai/install/vector_map_server/share:/home/chinchia120/autoware.ai/install/libwaypoint_follower/share:/home/chinchia120/autoware.ai/install/lanelet2_traffic_rules/share:/home/chinchia120/autoware.ai/install/lanelet2_maps/share:/home/chinchia120/autoware.ai/install/lanelet2_io/share:/home/chinchia120/autoware.ai/install/vector_map/share:/home/chinchia120/autoware.ai/install/lanelet2_core/share:/home/chinchia120/autoware.ai/install/amathutils_lib/share:/home/chinchia120/autoware.ai/install/vector_map_msgs/share:/home/chinchia120/autoware.ai/install/autoware_msgs/share:/home/chinchia120/autoware.ai/install/autoware_lanelet2_msgs/share:/home/chinchia120/autoware.ai/install/autoware_build_flags/share:${ROS_PACKAGE_PATH} /usr/bin/cmake --build /home/chinchia120/autoware.ai/build/op_simulation_package -- -j4 -l4
[105.768s] Invoking command in '/home/chinchia120/autoware.ai/build/op_simulation_package': CMAKE_PREFIX_PATH=/home/chinchia120/autoware.ai/install/op_ros_helpers:/home/chinchia120/autoware.ai/install/map_file:/home/chinchia120/autoware.ai/install/op_simu:/home/chinchia120/autoware.ai/install/lanelet2_extension:/home/chinchia120/autoware.ai/install/op_planner:/home/chinchia120/autoware.ai/install/lanelet2_validation:/home/chinchia120/autoware.ai/install/op_utility:/home/chinchia120/autoware.ai/install/lanelet2_routing:/home/chinchia120/autoware.ai/install/lanelet2_projection:/home/chinchia120/autoware.ai/install/vector_map_server:/home/chinchia120/autoware.ai/install/libwaypoint_follower:/home/chinchia120/autoware.ai/install/lanelet2_traffic_rules:/home/chinchia120/autoware.ai/install/lanelet2_maps:/home/chinchia120/autoware.ai/install/lanelet2_io:/home/chinchia120/autoware.ai/install/vector_map:/home/chinchia120/autoware.ai/install/lanelet2_core:/home/chinchia120/autoware.ai/install/amathutils_lib:/home/chinchia120/autoware.ai/install/vector_map_msgs:/home/chinchia120/autoware.ai/install/autoware_msgs:/home/chinchia120/autoware.ai/install/autoware_lanelet2_msgs:/home/chinchia120/autoware.ai/install/autoware_build_flags:${CMAKE_PREFIX_PATH} LD_LIBRARY_PATH=/home/chinchia120/autoware.ai/install/op_ros_helpers/lib:/home/chinchia120/autoware.ai/install/map_file/lib:/home/chinchia120/autoware.ai/install/op_simu/lib:/home/chinchia120/autoware.ai/install/lanelet2_extension/lib:/home/chinchia120/autoware.ai/install/op_planner/lib:/home/chinchia120/autoware.ai/install/lanelet2_validation/lib:/home/chinchia120/autoware.ai/install/op_utility/lib:/home/chinchia120/autoware.ai/install/lanelet2_routing/lib:/home/chinchia120/autoware.ai/install/lanelet2_projection/lib:/home/chinchia120/autoware.ai/install/libwaypoint_follower/lib:/home/chinchia120/autoware.ai/install/lanelet2_traffic_rules/lib:/home/chinchia120/autoware.ai/install/lanelet2_io/lib:/home/chinchia120/autoware.ai/install/vector_map/lib:/home/chinchia120/autoware.ai/install/lanelet2_core/lib:/home/chinchia120/autoware.ai/install/amathutils_lib/lib:${LD_LIBRARY_PATH} PKG_CONFIG_PATH=/home/chinchia120/autoware.ai/install/op_ros_helpers/lib/x86_64-linux-gnu/pkgconfig:/home/chinchia120/autoware.ai/install/op_ros_helpers/lib/pkgconfig:/home/chinchia120/autoware.ai/install/map_file/lib/x86_64-linux-gnu/pkgconfig:/home/chinchia120/autoware.ai/install/map_file/lib/pkgconfig:/home/chinchia120/autoware.ai/install/op_simu/lib/x86_64-linux-gnu/pkgconfig:/home/chinchia120/autoware.ai/install/op_simu/lib/pkgconfig:/home/chinchia120/autoware.ai/install/lanelet2_extension/lib/x86_64-linux-gnu/pkgconfig:/home/chinchia120/autoware.ai/install/lanelet2_extension/lib/pkgconfig:/home/chinchia120/autoware.ai/install/op_planner/lib/x86_64-linux-gnu/pkgconfig:/home/chinchia120/autoware.ai/install/op_planner/lib/pkgconfig:/home/chinchia120/autoware.ai/install/lanelet2_validation/lib/x86_64-linux-gnu/pkgconfig:/home/chinchia120/autoware.ai/install/lanelet2_validation/lib/pkgconfig:/home/chinchia120/autoware.ai/install/op_utility/lib/x86_64-linux-gnu/pkgconfig:/home/chinchia120/autoware.ai/install/op_utility/lib/pkgconfig:/home/chinchia120/autoware.ai/install/lanelet2_routing/lib/x86_64-linux-gnu/pkgconfig:/home/chinchia120/autoware.ai/install/lanelet2_routing/lib/pkgconfig:/home/chinchia120/autoware.ai/install/lanelet2_projection/lib/x86_64-linux-gnu/pkgconfig:/home/chinchia120/autoware.ai/install/lanelet2_projection/lib/pkgconfig:/home/chinchia120/autoware.ai/install/vector_map_server/lib/x86_64-linux-gnu/pkgconfig:/home/chinchia120/autoware.ai/install/vector_map_server/lib/pkgconfig:/home/chinchia120/autoware.ai/install/libwaypoint_follower/lib/x86_64-linux-gnu/pkgconfig:/home/chinchia120/autoware.ai/install/libwaypoint_follower/lib/pkgconfig:/home/chinchia120/autoware.ai/install/lanelet2_traffic_rules/lib/x86_64-linux-gnu/pkgconfig:/home/chinchia120/autoware.ai/install/lanelet2_traffic_rules/lib/pkgconfig:/home/chinchia120/autoware.ai/install/lanelet2_maps/lib/x86_64-linux-gnu/pkgconfig:/home/chinchia120/autoware.ai/install/lanelet2_maps/lib/pkgconfig:/home/chinchia120/autoware.ai/install/lanelet2_io/lib/x86_64-linux-gnu/pkgconfig:/home/chinchia120/autoware.ai/install/lanelet2_io/lib/pkgconfig:/home/chinchia120/autoware.ai/install/vector_map/lib/x86_64-linux-gnu/pkgconfig:/home/chinchia120/autoware.ai/install/vector_map/lib/pkgconfig:/home/chinchia120/autoware.ai/install/lanelet2_core/lib/x86_64-linux-gnu/pkgconfig:/home/chinchia120/autoware.ai/install/lanelet2_core/lib/pkgconfig:/home/chinchia120/autoware.ai/install/amathutils_lib/lib/x86_64-linux-gnu/pkgconfig:/home/chinchia120/autoware.ai/install/amathutils_lib/lib/pkgconfig:/home/chinchia120/autoware.ai/install/vector_map_msgs/lib/x86_64-linux-gnu/pkgconfig:/home/chinchia120/autoware.ai/install/vector_map_msgs/lib/pkgconfig:/home/chinchia120/autoware.ai/install/autoware_msgs/lib/x86_64-linux-gnu/pkgconfig:/home/chinchia120/autoware.ai/install/autoware_msgs/lib/pkgconfig:/home/chinchia120/autoware.ai/install/autoware_lanelet2_msgs/lib/x86_64-linux-gnu/pkgconfig:/home/chinchia120/autoware.ai/install/autoware_lanelet2_msgs/lib/pkgconfig:/home/chinchia120/autoware.ai/install/autoware_build_flags/lib/x86_64-linux-gnu/pkgconfig:/home/chinchia120/autoware.ai/install/autoware_build_flags/lib/pkgconfig:${PKG_CONFIG_PATH} PYTHONPATH=/home/chinchia120/autoware.ai/install/vector_map_server/lib/python2.7/dist-packages:/home/chinchia120/autoware.ai/install/vector_map_msgs/lib/python2.7/dist-packages:/home/chinchia120/autoware.ai/install/autoware_msgs/lib/python2.7/dist-packages:/home/chinchia120/autoware.ai/install/autoware_lanelet2_msgs/lib/python2.7/dist-packages:${PYTHONPATH} ROS_PACKAGE_PATH=/home/chinchia120/autoware.ai/install/op_ros_helpers/share:/home/chinchia120/autoware.ai/install/map_file/share:/home/chinchia120/autoware.ai/install/op_simu/share:/home/chinchia120/autoware.ai/install/lanelet2_extension/share:/home/chinchia120/autoware.ai/install/op_planner/share:/home/chinchia120/autoware.ai/install/lanelet2_validation/share:/home/chinchia120/autoware.ai/install/op_utility/share:/home/chinchia120/autoware.ai/install/lanelet2_routing/share:/home/chinchia120/autoware.ai/install/lanelet2_projection/share:/home/chinchia120/autoware.ai/install/vector_map_server/share:/home/chinchia120/autoware.ai/install/libwaypoint_follower/share:/home/chinchia120/autoware.ai/install/lanelet2_traffic_rules/share:/home/chinchia120/autoware.ai/install/lanelet2_maps/share:/home/chinchia120/autoware.ai/install/lanelet2_io/share:/home/chinchia120/autoware.ai/install/vector_map/share:/home/chinchia120/autoware.ai/install/lanelet2_core/share:/home/chinchia120/autoware.ai/install/amathutils_lib/share:/home/chinchia120/autoware.ai/install/vector_map_msgs/share:/home/chinchia120/autoware.ai/install/autoware_msgs/share:/home/chinchia120/autoware.ai/install/autoware_lanelet2_msgs/share:/home/chinchia120/autoware.ai/install/autoware_build_flags/share:${ROS_PACKAGE_PATH} /usr/bin/cmake --build /home/chinchia120/autoware.ai/build/op_simulation_package --target tests -- -j4 -l4
[105.915s] [35m[1mScanning dependencies of target tests[0m
[105.939s] Built target tests
[105.963s] Invoked command in '/home/chinchia120/autoware.ai/build/op_simulation_package' returned '0': CMAKE_PREFIX_PATH=/home/chinchia120/autoware.ai/install/op_ros_helpers:/home/chinchia120/autoware.ai/install/map_file:/home/chinchia120/autoware.ai/install/op_simu:/home/chinchia120/autoware.ai/install/lanelet2_extension:/home/chinchia120/autoware.ai/install/op_planner:/home/chinchia120/autoware.ai/install/lanelet2_validation:/home/chinchia120/autoware.ai/install/op_utility:/home/chinchia120/autoware.ai/install/lanelet2_routing:/home/chinchia120/autoware.ai/install/lanelet2_projection:/home/chinchia120/autoware.ai/install/vector_map_server:/home/chinchia120/autoware.ai/install/libwaypoint_follower:/home/chinchia120/autoware.ai/install/lanelet2_traffic_rules:/home/chinchia120/autoware.ai/install/lanelet2_maps:/home/chinchia120/autoware.ai/install/lanelet2_io:/home/chinchia120/autoware.ai/install/vector_map:/home/chinchia120/autoware.ai/install/lanelet2_core:/home/chinchia120/autoware.ai/install/amathutils_lib:/home/chinchia120/autoware.ai/install/vector_map_msgs:/home/chinchia120/autoware.ai/install/autoware_msgs:/home/chinchia120/autoware.ai/install/autoware_lanelet2_msgs:/home/chinchia120/autoware.ai/install/autoware_build_flags:${CMAKE_PREFIX_PATH} LD_LIBRARY_PATH=/home/chinchia120/autoware.ai/install/op_ros_helpers/lib:/home/chinchia120/autoware.ai/install/map_file/lib:/home/chinchia120/autoware.ai/install/op_simu/lib:/home/chinchia120/autoware.ai/install/lanelet2_extension/lib:/home/chinchia120/autoware.ai/install/op_planner/lib:/home/chinchia120/autoware.ai/install/lanelet2_validation/lib:/home/chinchia120/autoware.ai/install/op_utility/lib:/home/chinchia120/autoware.ai/install/lanelet2_routing/lib:/home/chinchia120/autoware.ai/install/lanelet2_projection/lib:/home/chinchia120/autoware.ai/install/libwaypoint_follower/lib:/home/chinchia120/autoware.ai/install/lanelet2_traffic_rules/lib:/home/chinchia120/autoware.ai/install/lanelet2_io/lib:/home/chinchia120/autoware.ai/install/vector_map/lib:/home/chinchia120/autoware.ai/install/lanelet2_core/lib:/home/chinchia120/autoware.ai/install/amathutils_lib/lib:${LD_LIBRARY_PATH} PKG_CONFIG_PATH=/home/chinchia120/autoware.ai/install/op_ros_helpers/lib/x86_64-linux-gnu/pkgconfig:/home/chinchia120/autoware.ai/install/op_ros_helpers/lib/pkgconfig:/home/chinchia120/autoware.ai/install/map_file/lib/x86_64-linux-gnu/pkgconfig:/home/chinchia120/autoware.ai/install/map_file/lib/pkgconfig:/home/chinchia120/autoware.ai/install/op_simu/lib/x86_64-linux-gnu/pkgconfig:/home/chinchia120/autoware.ai/install/op_simu/lib/pkgconfig:/home/chinchia120/autoware.ai/install/lanelet2_extension/lib/x86_64-linux-gnu/pkgconfig:/home/chinchia120/autoware.ai/install/lanelet2_extension/lib/pkgconfig:/home/chinchia120/autoware.ai/install/op_planner/lib/x86_64-linux-gnu/pkgconfig:/home/chinchia120/autoware.ai/install/op_planner/lib/pkgconfig:/home/chinchia120/autoware.ai/install/lanelet2_validation/lib/x86_64-linux-gnu/pkgconfig:/home/chinchia120/autoware.ai/install/lanelet2_validation/lib/pkgconfig:/home/chinchia120/autoware.ai/install/op_utility/lib/x86_64-linux-gnu/pkgconfig:/home/chinchia120/autoware.ai/install/op_utility/lib/pkgconfig:/home/chinchia120/autoware.ai/install/lanelet2_routing/lib/x86_64-linux-gnu/pkgconfig:/home/chinchia120/autoware.ai/install/lanelet2_routing/lib/pkgconfig:/home/chinchia120/autoware.ai/install/lanelet2_projection/lib/x86_64-linux-gnu/pkgconfig:/home/chinchia120/autoware.ai/install/lanelet2_projection/lib/pkgconfig:/home/chinchia120/autoware.ai/install/vector_map_server/lib/x86_64-linux-gnu/pkgconfig:/home/chinchia120/autoware.ai/install/vector_map_server/lib/pkgconfig:/home/chinchia120/autoware.ai/install/libwaypoint_follower/lib/x86_64-linux-gnu/pkgconfig:/home/chinchia120/autoware.ai/install/libwaypoint_follower/lib/pkgconfig:/home/chinchia120/autoware.ai/install/lanelet2_traffic_rules/lib/x86_64-linux-gnu/pkgconfig:/home/chinchia120/autoware.ai/install/lanelet2_traffic_rules/lib/pkgconfig:/home/chinchia120/autoware.ai/install/lanelet2_maps/lib/x86_64-linux-gnu/pkgconfig:/home/chinchia120/autoware.ai/install/lanelet2_maps/lib/pkgconfig:/home/chinchia120/autoware.ai/install/lanelet2_io/lib/x86_64-linux-gnu/pkgconfig:/home/chinchia120/autoware.ai/install/lanelet2_io/lib/pkgconfig:/home/chinchia120/autoware.ai/install/vector_map/lib/x86_64-linux-gnu/pkgconfig:/home/chinchia120/autoware.ai/install/vector_map/lib/pkgconfig:/home/chinchia120/autoware.ai/install/lanelet2_core/lib/x86_64-linux-gnu/pkgconfig:/home/chinchia120/autoware.ai/install/lanelet2_core/lib/pkgconfig:/home/chinchia120/autoware.ai/install/amathutils_lib/lib/x86_64-linux-gnu/pkgconfig:/home/chinchia120/autoware.ai/install/amathutils_lib/lib/pkgconfig:/home/chinchia120/autoware.ai/install/vector_map_msgs/lib/x86_64-linux-gnu/pkgconfig:/home/chinchia120/autoware.ai/install/vector_map_msgs/lib/pkgconfig:/home/chinchia120/autoware.ai/install/autoware_msgs/lib/x86_64-linux-gnu/pkgconfig:/home/chinchia120/autoware.ai/install/autoware_msgs/lib/pkgconfig:/home/chinchia120/autoware.ai/install/autoware_lanelet2_msgs/lib/x86_64-linux-gnu/pkgconfig:/home/chinchia120/autoware.ai/install/autoware_lanelet2_msgs/lib/pkgconfig:/home/chinchia120/autoware.ai/install/autoware_build_flags/lib/x86_64-linux-gnu/pkgconfig:/home/chinchia120/autoware.ai/install/autoware_build_flags/lib/pkgconfig:${PKG_CONFIG_PATH} PYTHONPATH=/home/chinchia120/autoware.ai/install/vector_map_server/lib/python2.7/dist-packages:/home/chinchia120/autoware.ai/install/vector_map_msgs/lib/python2.7/dist-packages:/home/chinchia120/autoware.ai/install/autoware_msgs/lib/python2.7/dist-packages:/home/chinchia120/autoware.ai/install/autoware_lanelet2_msgs/lib/python2.7/dist-packages:${PYTHONPATH} ROS_PACKAGE_PATH=/home/chinchia120/autoware.ai/install/op_ros_helpers/share:/home/chinchia120/autoware.ai/install/map_file/share:/home/chinchia120/autoware.ai/install/op_simu/share:/home/chinchia120/autoware.ai/install/lanelet2_extension/share:/home/chinchia120/autoware.ai/install/op_planner/share:/home/chinchia120/autoware.ai/install/lanelet2_validation/share:/home/chinchia120/autoware.ai/install/op_utility/share:/home/chinchia120/autoware.ai/install/lanelet2_routing/share:/home/chinchia120/autoware.ai/install/lanelet2_projection/share:/home/chinchia120/autoware.ai/install/vector_map_server/share:/home/chinchia120/autoware.ai/install/libwaypoint_follower/share:/home/chinchia120/autoware.ai/install/lanelet2_traffic_rules/share:/home/chinchia120/autoware.ai/install/lanelet2_maps/share:/home/chinchia120/autoware.ai/install/lanelet2_io/share:/home/chinchia120/autoware.ai/install/vector_map/share:/home/chinchia120/autoware.ai/install/lanelet2_core/share:/home/chinchia120/autoware.ai/install/amathutils_lib/share:/home/chinchia120/autoware.ai/install/vector_map_msgs/share:/home/chinchia120/autoware.ai/install/autoware_msgs/share:/home/chinchia120/autoware.ai/install/autoware_lanelet2_msgs/share:/home/chinchia120/autoware.ai/install/autoware_build_flags/share:${ROS_PACKAGE_PATH} /usr/bin/cmake --build /home/chinchia120/autoware.ai/build/op_simulation_package --target tests -- -j4 -l4
[106.262s] Invoking command in '/home/chinchia120/autoware.ai/build/op_simulation_package': CMAKE_PREFIX_PATH=/home/chinchia120/autoware.ai/install/op_ros_helpers:/home/chinchia120/autoware.ai/install/map_file:/home/chinchia120/autoware.ai/install/op_simu:/home/chinchia120/autoware.ai/install/lanelet2_extension:/home/chinchia120/autoware.ai/install/op_planner:/home/chinchia120/autoware.ai/install/lanelet2_validation:/home/chinchia120/autoware.ai/install/op_utility:/home/chinchia120/autoware.ai/install/lanelet2_routing:/home/chinchia120/autoware.ai/install/lanelet2_projection:/home/chinchia120/autoware.ai/install/vector_map_server:/home/chinchia120/autoware.ai/install/libwaypoint_follower:/home/chinchia120/autoware.ai/install/lanelet2_traffic_rules:/home/chinchia120/autoware.ai/install/lanelet2_maps:/home/chinchia120/autoware.ai/install/lanelet2_io:/home/chinchia120/autoware.ai/install/vector_map:/home/chinchia120/autoware.ai/install/lanelet2_core:/home/chinchia120/autoware.ai/install/amathutils_lib:/home/chinchia120/autoware.ai/install/vector_map_msgs:/home/chinchia120/autoware.ai/install/autoware_msgs:/home/chinchia120/autoware.ai/install/autoware_lanelet2_msgs:/home/chinchia120/autoware.ai/install/autoware_build_flags:${CMAKE_PREFIX_PATH} LD_LIBRARY_PATH=/home/chinchia120/autoware.ai/install/op_ros_helpers/lib:/home/chinchia120/autoware.ai/install/map_file/lib:/home/chinchia120/autoware.ai/install/op_simu/lib:/home/chinchia120/autoware.ai/install/lanelet2_extension/lib:/home/chinchia120/autoware.ai/install/op_planner/lib:/home/chinchia120/autoware.ai/install/lanelet2_validation/lib:/home/chinchia120/autoware.ai/install/op_utility/lib:/home/chinchia120/autoware.ai/install/lanelet2_routing/lib:/home/chinchia120/autoware.ai/install/lanelet2_projection/lib:/home/chinchia120/autoware.ai/install/libwaypoint_follower/lib:/home/chinchia120/autoware.ai/install/lanelet2_traffic_rules/lib:/home/chinchia120/autoware.ai/install/lanelet2_io/lib:/home/chinchia120/autoware.ai/install/vector_map/lib:/home/chinchia120/autoware.ai/install/lanelet2_core/lib:/home/chinchia120/autoware.ai/install/amathutils_lib/lib:${LD_LIBRARY_PATH} PKG_CONFIG_PATH=/home/chinchia120/autoware.ai/install/op_ros_helpers/lib/x86_64-linux-gnu/pkgconfig:/home/chinchia120/autoware.ai/install/op_ros_helpers/lib/pkgconfig:/home/chinchia120/autoware.ai/install/map_file/lib/x86_64-linux-gnu/pkgconfig:/home/chinchia120/autoware.ai/install/map_file/lib/pkgconfig:/home/chinchia120/autoware.ai/install/op_simu/lib/x86_64-linux-gnu/pkgconfig:/home/chinchia120/autoware.ai/install/op_simu/lib/pkgconfig:/home/chinchia120/autoware.ai/install/lanelet2_extension/lib/x86_64-linux-gnu/pkgconfig:/home/chinchia120/autoware.ai/install/lanelet2_extension/lib/pkgconfig:/home/chinchia120/autoware.ai/install/op_planner/lib/x86_64-linux-gnu/pkgconfig:/home/chinchia120/autoware.ai/install/op_planner/lib/pkgconfig:/home/chinchia120/autoware.ai/install/lanelet2_validation/lib/x86_64-linux-gnu/pkgconfig:/home/chinchia120/autoware.ai/install/lanelet2_validation/lib/pkgconfig:/home/chinchia120/autoware.ai/install/op_utility/lib/x86_64-linux-gnu/pkgconfig:/home/chinchia120/autoware.ai/install/op_utility/lib/pkgconfig:/home/chinchia120/autoware.ai/install/lanelet2_routing/lib/x86_64-linux-gnu/pkgconfig:/home/chinchia120/autoware.ai/install/lanelet2_routing/lib/pkgconfig:/home/chinchia120/autoware.ai/install/lanelet2_projection/lib/x86_64-linux-gnu/pkgconfig:/home/chinchia120/autoware.ai/install/lanelet2_projection/lib/pkgconfig:/home/chinchia120/autoware.ai/install/vector_map_server/lib/x86_64-linux-gnu/pkgconfig:/home/chinchia120/autoware.ai/install/vector_map_server/lib/pkgconfig:/home/chinchia120/autoware.ai/install/libwaypoint_follower/lib/x86_64-linux-gnu/pkgconfig:/home/chinchia120/autoware.ai/install/libwaypoint_follower/lib/pkgconfig:/home/chinchia120/autoware.ai/install/lanelet2_traffic_rules/lib/x86_64-linux-gnu/pkgconfig:/home/chinchia120/autoware.ai/install/lanelet2_traffic_rules/lib/pkgconfig:/home/chinchia120/autoware.ai/install/lanelet2_maps/lib/x86_64-linux-gnu/pkgconfig:/home/chinchia120/autoware.ai/install/lanelet2_maps/lib/pkgconfig:/home/chinchia120/autoware.ai/install/lanelet2_io/lib/x86_64-linux-gnu/pkgconfig:/home/chinchia120/autoware.ai/install/lanelet2_io/lib/pkgconfig:/home/chinchia120/autoware.ai/install/vector_map/lib/x86_64-linux-gnu/pkgconfig:/home/chinchia120/autoware.ai/install/vector_map/lib/pkgconfig:/home/chinchia120/autoware.ai/install/lanelet2_core/lib/x86_64-linux-gnu/pkgconfig:/home/chinchia120/autoware.ai/install/lanelet2_core/lib/pkgconfig:/home/chinchia120/autoware.ai/install/amathutils_lib/lib/x86_64-linux-gnu/pkgconfig:/home/chinchia120/autoware.ai/install/amathutils_lib/lib/pkgconfig:/home/chinchia120/autoware.ai/install/vector_map_msgs/lib/x86_64-linux-gnu/pkgconfig:/home/chinchia120/autoware.ai/install/vector_map_msgs/lib/pkgconfig:/home/chinchia120/autoware.ai/install/autoware_msgs/lib/x86_64-linux-gnu/pkgconfig:/home/chinchia120/autoware.ai/install/autoware_msgs/lib/pkgconfig:/home/chinchia120/autoware.ai/install/autoware_lanelet2_msgs/lib/x86_64-linux-gnu/pkgconfig:/home/chinchia120/autoware.ai/install/autoware_lanelet2_msgs/lib/pkgconfig:/home/chinchia120/autoware.ai/install/autoware_build_flags/lib/x86_64-linux-gnu/pkgconfig:/home/chinchia120/autoware.ai/install/autoware_build_flags/lib/pkgconfig:${PKG_CONFIG_PATH} PYTHONPATH=/home/chinchia120/autoware.ai/install/vector_map_server/lib/python2.7/dist-packages:/home/chinchia120/autoware.ai/install/vector_map_msgs/lib/python2.7/dist-packages:/home/chinchia120/autoware.ai/install/autoware_msgs/lib/python2.7/dist-packages:/home/chinchia120/autoware.ai/install/autoware_lanelet2_msgs/lib/python2.7/dist-packages:${PYTHONPATH} ROS_PACKAGE_PATH=/home/chinchia120/autoware.ai/install/op_ros_helpers/share:/home/chinchia120/autoware.ai/install/map_file/share:/home/chinchia120/autoware.ai/install/op_simu/share:/home/chinchia120/autoware.ai/install/lanelet2_extension/share:/home/chinchia120/autoware.ai/install/op_planner/share:/home/chinchia120/autoware.ai/install/lanelet2_validation/share:/home/chinchia120/autoware.ai/install/op_utility/share:/home/chinchia120/autoware.ai/install/lanelet2_routing/share:/home/chinchia120/autoware.ai/install/lanelet2_projection/share:/home/chinchia120/autoware.ai/install/vector_map_server/share:/home/chinchia120/autoware.ai/install/libwaypoint_follower/share:/home/chinchia120/autoware.ai/install/lanelet2_traffic_rules/share:/home/chinchia120/autoware.ai/install/lanelet2_maps/share:/home/chinchia120/autoware.ai/install/lanelet2_io/share:/home/chinchia120/autoware.ai/install/vector_map/share:/home/chinchia120/autoware.ai/install/lanelet2_core/share:/home/chinchia120/autoware.ai/install/amathutils_lib/share:/home/chinchia120/autoware.ai/install/vector_map_msgs/share:/home/chinchia120/autoware.ai/install/autoware_msgs/share:/home/chinchia120/autoware.ai/install/autoware_lanelet2_msgs/share:/home/chinchia120/autoware.ai/install/autoware_build_flags/share:${ROS_PACKAGE_PATH} /usr/bin/cmake --build /home/chinchia120/autoware.ai/build/op_simulation_package --target install -- -j4 -l4
[106.388s] [  0%] Built target vector_map_msgs_generate_messages_eus
[106.394s] [  0%] Built target topic_tools_generate_messages_nodejs
[106.398s] [  0%] Built target topic_tools_generate_messages_eus
[106.435s] [ 33%] Built target op_signs_simulator
[106.457s] [ 33%] Built target std_srvs_generate_messages_py
[106.460s] [ 33%] Built target std_srvs_generate_messages_nodejs
[106.486s] [ 33%] Built target topic_tools_generate_messages_cpp
[106.510s] [ 33%] Built target bond_generate_messages_nodejs
[106.533s] [ 33%] Built target bond_generate_messages_lisp
[106.537s] [ 33%] Built target bond_generate_messages_eus
[106.559s] [ 33%] Built target bond_generate_messages_cpp
[106.622s] [ 33%] Built target nodelet_generate_messages_nodejs
[106.635s] [ 33%] Built target nodelet_generate_messages_cpp
[106.643s] [ 33%] Built target nodelet_generate_messages_eus
[106.665s] [ 33%] Built target dynamic_reconfigure_generate_messages_py
[106.710s] [ 33%] Built target dynamic_reconfigure_generate_messages_nodejs
[106.721s] [ 33%] Built target dynamic_reconfigure_generate_messages_eus
[106.747s] [ 33%] Built target dynamic_reconfigure_generate_messages_lisp
[106.748s] [ 33%] Built target pcl_ros_gencfg
[106.789s] [ 33%] Built target vector_map_server_generate_messages_nodejs
[106.815s] [ 33%] Built target vector_map_msgs_generate_messages_py
[106.825s] [ 33%] Built target vector_map_msgs_generate_messages_nodejs
[106.826s] [ 33%] Built target bond_generate_messages_py
[106.883s] [ 33%] Built target vector_map_msgs_generate_messages_lisp
[106.883s] [ 33%] Built target geometry_msgs_generate_messages_py
[106.895s] [ 33%] Built target sensor_msgs_generate_messages_nodejs
[106.906s] [ 33%] Built target vector_map_server_generate_messages_eus
[106.958s] [ 33%] Built target pcl_msgs_generate_messages_eus
[106.968s] [ 33%] Built target actionlib_generate_messages_cpp
[106.973s] [ 33%] Built target roscpp_generate_messages_cpp
[107.001s] [ 33%] Built target rosgraph_msgs_generate_messages_eus
[107.033s] [ 33%] Built target jsk_recognition_msgs_generate_messages_lisp
[107.055s] [ 33%] Built target jsk_recognition_msgs_generate_messages_eus
[107.070s] [ 33%] Built target tf2_msgs_generate_messages_cpp
[107.083s] [ 33%] Built target std_msgs_generate_messages_py
[107.107s] [ 33%] Built target nodelet_generate_messages_lisp
[107.146s] [ 33%] Built target autoware_msgs_generate_messages_py
[107.165s] [ 33%] Built target sensor_msgs_generate_messages_eus
[107.165s] [ 33%] Built target std_msgs_generate_messages_nodejs
[107.179s] [ 33%] Built target std_srvs_generate_messages_lisp
[107.226s] [ 33%] Built target _catkin_empty_exported_target
[107.238s] [ 33%] Built target autoware_msgs_generate_messages_cpp
[107.241s] [ 33%] Built target sensor_msgs_generate_messages_cpp
[107.263s] [ 33%] Built target rosgraph_msgs_generate_messages_cpp
[107.307s] [ 33%] Built target jsk_recognition_msgs_generate_messages_py
[107.308s] [ 33%] Built target pcl_msgs_generate_messages_nodejs
[107.328s] [ 33%] Built target std_srvs_generate_messages_cpp
[107.348s] [ 33%] Built target sensor_msgs_generate_messages_lisp
[107.379s] [ 33%] Built target nodelet_generate_messages_py
[107.380s] [ 33%] Built target sensor_msgs_generate_messages_py
[107.404s] [ 33%] Built target dynamic_reconfigure_generate_messages_cpp
[107.410s] [ 33%] Built target tf_generate_messages_py
[107.452s] [ 33%] Built target jsk_footstep_msgs_generate_messages_py
[107.458s] [ 33%] Built target std_msgs_generate_messages_cpp
[107.477s] [ 33%] Built target visualization_msgs_generate_messages_nodejs
[107.479s] [ 33%] Built target topic_tools_generate_messages_py
[107.528s] [ 33%] Built target nodelet_topic_tools_gencfg
[107.542s] [ 33%] Built target actionlib_msgs_generate_messages_nodejs
[107.542s] [ 33%] Built target geometry_msgs_generate_messages_eus
[107.557s] [ 33%] Built target std_msgs_generate_messages_lisp
[107.609s] [ 33%] Built target roscpp_generate_messages_nodejs
[107.626s] [ 33%] Built target geometry_msgs_generate_messages_nodejs
[107.641s] [ 33%] Built target geometry_msgs_generate_messages_lisp
[107.682s] [ 66%] Built target op_perception_simulator
[107.710s] [ 66%] Built target pcl_msgs_generate_messages_cpp
[107.727s] [ 66%] Built target topic_tools_generate_messages_lisp
[107.744s] [ 66%] Built target jsk_recognition_msgs_generate_messages_cpp
[107.793s] [ 66%] Built target autoware_msgs_generate_messages_eus
[107.794s] [ 66%] Built target autoware_msgs_generate_messages_lisp
[107.805s] [ 66%] Built target visualization_msgs_generate_messages_lisp
[107.823s] [ 66%] Built target std_msgs_generate_messages_eus
[107.860s] [ 66%] Built target autoware_msgs_generate_messages_nodejs
[107.864s] [ 66%] Built target jsk_footstep_msgs_generate_messages_eus
[107.885s] [ 66%] Built target actionlib_msgs_generate_messages_py
[107.898s] [ 66%] Built target vector_map_server_generate_messages_lisp
[107.936s] [ 66%] Built target jsk_footstep_msgs_generate_messages_lisp
[107.966s] [ 66%] Built target actionlib_msgs_generate_messages_lisp
[107.966s] [ 66%] Built target jsk_footstep_msgs_generate_messages_nodejs
[107.978s] [ 66%] Built target jsk_footstep_msgs_generate_messages_cpp
[107.999s] [ 66%] Built target actionlib_msgs_generate_messages_cpp
[108.038s] [ 66%] Built target tf_generate_messages_lisp
[108.053s] [ 66%] Built target tf_generate_messages_eus
[108.078s] [ 66%] Built target tf_generate_messages_nodejs
[108.086s] [ 66%] Built target std_srvs_generate_messages_eus
[108.126s] [ 66%] Built target roscpp_generate_messages_lisp
[108.135s] [ 66%] Built target jsk_recognition_msgs_generate_messages_nodejs
[108.140s] [ 66%] Built target roscpp_generate_messages_py
[108.174s] [ 66%] Built target rosgraph_msgs_generate_messages_lisp
[108.213s] [ 66%] Built target roscpp_generate_messages_eus
[108.215s] [ 66%] Built target vector_map_server_generate_messages_py
[108.226s] [ 66%] Built target rosgraph_msgs_generate_messages_nodejs
[108.255s] [ 66%] Built target actionlib_msgs_generate_messages_eus
[108.289s] [ 66%] Built target rosgraph_msgs_generate_messages_py
[108.304s] [ 66%] Built target pcl_msgs_generate_messages_py
[108.315s] [ 66%] Built target geometry_msgs_generate_messages_cpp
[108.337s] [ 66%] Built target actionlib_generate_messages_eus
[108.367s] [ 66%] Built target pcl_msgs_generate_messages_lisp
[108.376s] [ 66%] Built target actionlib_generate_messages_lisp
[108.396s] [ 66%] Built target tf_generate_messages_cpp
[108.408s] [ 66%] Built target actionlib_generate_messages_nodejs
[108.434s] [ 66%] Built target dynamic_reconfigure_gencfg
[108.455s] [ 66%] Built target tf2_msgs_generate_messages_lisp
[108.471s] [ 66%] Built target actionlib_generate_messages_py
[108.484s] [ 66%] Built target tf2_msgs_generate_messages_py
[108.509s] [ 66%] Built target tf2_msgs_generate_messages_nodejs
[108.525s] [ 66%] Built target tf2_msgs_generate_messages_eus
[108.539s] [ 66%] Built target visualization_msgs_generate_messages_cpp
[108.561s] [ 66%] Built target vector_map_server_generate_messages_cpp
[108.602s] [ 66%] Built target visualization_msgs_generate_messages_py
[108.616s] [ 66%] Built target visualization_msgs_generate_messages_eus
[108.636s] [ 66%] Built target vector_map_msgs_generate_messages_cpp
[108.729s] [100%] Built target op_car_simulator
[108.785s] [36mInstall the project...[0m
[108.808s] -- Install configuration: "Release"
[108.808s] -- Installing: /home/chinchia120/autoware.ai/install/op_simulation_package/lib/pkgconfig/op_simulation_package.pc
[108.808s] -- Installing: /home/chinchia120/autoware.ai/install/op_simulation_package/share/op_simulation_package/cmake/op_simulation_packageConfig.cmake
[108.808s] -- Installing: /home/chinchia120/autoware.ai/install/op_simulation_package/share/op_simulation_package/cmake/op_simulation_packageConfig-version.cmake
[108.809s] -- Installing: /home/chinchia120/autoware.ai/install/op_simulation_package/share/op_simulation_package/package.xml
[108.809s] -- Installing: /home/chinchia120/autoware.ai/install/op_simulation_package/lib/op_simulation_package/op_car_simulator
[108.812s] -- Set runtime path of "/home/chinchia120/autoware.ai/install/op_simulation_package/lib/op_simulation_package/op_car_simulator" to ""
[108.812s] -- Installing: /home/chinchia120/autoware.ai/install/op_simulation_package/lib/op_simulation_package/op_perception_simulator
[108.814s] -- Set runtime path of "/home/chinchia120/autoware.ai/install/op_simulation_package/lib/op_simulation_package/op_perception_simulator" to ""
[108.814s] -- Installing: /home/chinchia120/autoware.ai/install/op_simulation_package/lib/op_simulation_package/op_signs_simulator
[108.816s] -- Set runtime path of "/home/chinchia120/autoware.ai/install/op_simulation_package/lib/op_simulation_package/op_signs_simulator" to ""
[108.816s] -- Installing: /home/chinchia120/autoware.ai/install/op_simulation_package/share/op_simulation_package/launch
[108.821s] -- Installing: /home/chinchia120/autoware.ai/install/op_simulation_package/share/op_simulation_package/launch/op_perception_simulator.launch
[108.821s] -- Installing: /home/chinchia120/autoware.ai/install/op_simulation_package/share/op_simulation_package/launch/op_car_simulator_3.launch
[108.822s] -- Installing: /home/chinchia120/autoware.ai/install/op_simulation_package/share/op_simulation_package/launch/op_signs_simulator.launch
[108.823s] -- Installing: /home/chinchia120/autoware.ai/install/op_simulation_package/share/op_simulation_package/launch/op_car_simulator_2.launch
[108.824s] -- Installing: /home/chinchia120/autoware.ai/install/op_simulation_package/share/op_simulation_package/launch/op_car_simulator_5.launch
[108.824s] -- Installing: /home/chinchia120/autoware.ai/install/op_simulation_package/share/op_simulation_package/launch/op_car_simulator_1.launch
[108.825s] -- Installing: /home/chinchia120/autoware.ai/install/op_simulation_package/share/op_simulation_package/launch/op_car_simulator_4.launch
[108.836s] Invoked command in '/home/chinchia120/autoware.ai/build/op_simulation_package' returned '0': CMAKE_PREFIX_PATH=/home/chinchia120/autoware.ai/install/op_ros_helpers:/home/chinchia120/autoware.ai/install/map_file:/home/chinchia120/autoware.ai/install/op_simu:/home/chinchia120/autoware.ai/install/lanelet2_extension:/home/chinchia120/autoware.ai/install/op_planner:/home/chinchia120/autoware.ai/install/lanelet2_validation:/home/chinchia120/autoware.ai/install/op_utility:/home/chinchia120/autoware.ai/install/lanelet2_routing:/home/chinchia120/autoware.ai/install/lanelet2_projection:/home/chinchia120/autoware.ai/install/vector_map_server:/home/chinchia120/autoware.ai/install/libwaypoint_follower:/home/chinchia120/autoware.ai/install/lanelet2_traffic_rules:/home/chinchia120/autoware.ai/install/lanelet2_maps:/home/chinchia120/autoware.ai/install/lanelet2_io:/home/chinchia120/autoware.ai/install/vector_map:/home/chinchia120/autoware.ai/install/lanelet2_core:/home/chinchia120/autoware.ai/install/amathutils_lib:/home/chinchia120/autoware.ai/install/vector_map_msgs:/home/chinchia120/autoware.ai/install/autoware_msgs:/home/chinchia120/autoware.ai/install/autoware_lanelet2_msgs:/home/chinchia120/autoware.ai/install/autoware_build_flags:${CMAKE_PREFIX_PATH} LD_LIBRARY_PATH=/home/chinchia120/autoware.ai/install/op_ros_helpers/lib:/home/chinchia120/autoware.ai/install/map_file/lib:/home/chinchia120/autoware.ai/install/op_simu/lib:/home/chinchia120/autoware.ai/install/lanelet2_extension/lib:/home/chinchia120/autoware.ai/install/op_planner/lib:/home/chinchia120/autoware.ai/install/lanelet2_validation/lib:/home/chinchia120/autoware.ai/install/op_utility/lib:/home/chinchia120/autoware.ai/install/lanelet2_routing/lib:/home/chinchia120/autoware.ai/install/lanelet2_projection/lib:/home/chinchia120/autoware.ai/install/libwaypoint_follower/lib:/home/chinchia120/autoware.ai/install/lanelet2_traffic_rules/lib:/home/chinchia120/autoware.ai/install/lanelet2_io/lib:/home/chinchia120/autoware.ai/install/vector_map/lib:/home/chinchia120/autoware.ai/install/lanelet2_core/lib:/home/chinchia120/autoware.ai/install/amathutils_lib/lib:${LD_LIBRARY_PATH} PKG_CONFIG_PATH=/home/chinchia120/autoware.ai/install/op_ros_helpers/lib/x86_64-linux-gnu/pkgconfig:/home/chinchia120/autoware.ai/install/op_ros_helpers/lib/pkgconfig:/home/chinchia120/autoware.ai/install/map_file/lib/x86_64-linux-gnu/pkgconfig:/home/chinchia120/autoware.ai/install/map_file/lib/pkgconfig:/home/chinchia120/autoware.ai/install/op_simu/lib/x86_64-linux-gnu/pkgconfig:/home/chinchia120/autoware.ai/install/op_simu/lib/pkgconfig:/home/chinchia120/autoware.ai/install/lanelet2_extension/lib/x86_64-linux-gnu/pkgconfig:/home/chinchia120/autoware.ai/install/lanelet2_extension/lib/pkgconfig:/home/chinchia120/autoware.ai/install/op_planner/lib/x86_64-linux-gnu/pkgconfig:/home/chinchia120/autoware.ai/install/op_planner/lib/pkgconfig:/home/chinchia120/autoware.ai/install/lanelet2_validation/lib/x86_64-linux-gnu/pkgconfig:/home/chinchia120/autoware.ai/install/lanelet2_validation/lib/pkgconfig:/home/chinchia120/autoware.ai/install/op_utility/lib/x86_64-linux-gnu/pkgconfig:/home/chinchia120/autoware.ai/install/op_utility/lib/pkgconfig:/home/chinchia120/autoware.ai/install/lanelet2_routing/lib/x86_64-linux-gnu/pkgconfig:/home/chinchia120/autoware.ai/install/lanelet2_routing/lib/pkgconfig:/home/chinchia120/autoware.ai/install/lanelet2_projection/lib/x86_64-linux-gnu/pkgconfig:/home/chinchia120/autoware.ai/install/lanelet2_projection/lib/pkgconfig:/home/chinchia120/autoware.ai/install/vector_map_server/lib/x86_64-linux-gnu/pkgconfig:/home/chinchia120/autoware.ai/install/vector_map_server/lib/pkgconfig:/home/chinchia120/autoware.ai/install/libwaypoint_follower/lib/x86_64-linux-gnu/pkgconfig:/home/chinchia120/autoware.ai/install/libwaypoint_follower/lib/pkgconfig:/home/chinchia120/autoware.ai/install/lanelet2_traffic_rules/lib/x86_64-linux-gnu/pkgconfig:/home/chinchia120/autoware.ai/install/lanelet2_traffic_rules/lib/pkgconfig:/home/chinchia120/autoware.ai/install/lanelet2_maps/lib/x86_64-linux-gnu/pkgconfig:/home/chinchia120/autoware.ai/install/lanelet2_maps/lib/pkgconfig:/home/chinchia120/autoware.ai/install/lanelet2_io/lib/x86_64-linux-gnu/pkgconfig:/home/chinchia120/autoware.ai/install/lanelet2_io/lib/pkgconfig:/home/chinchia120/autoware.ai/install/vector_map/lib/x86_64-linux-gnu/pkgconfig:/home/chinchia120/autoware.ai/install/vector_map/lib/pkgconfig:/home/chinchia120/autoware.ai/install/lanelet2_core/lib/x86_64-linux-gnu/pkgconfig:/home/chinchia120/autoware.ai/install/lanelet2_core/lib/pkgconfig:/home/chinchia120/autoware.ai/install/amathutils_lib/lib/x86_64-linux-gnu/pkgconfig:/home/chinchia120/autoware.ai/install/amathutils_lib/lib/pkgconfig:/home/chinchia120/autoware.ai/install/vector_map_msgs/lib/x86_64-linux-gnu/pkgconfig:/home/chinchia120/autoware.ai/install/vector_map_msgs/lib/pkgconfig:/home/chinchia120/autoware.ai/install/autoware_msgs/lib/x86_64-linux-gnu/pkgconfig:/home/chinchia120/autoware.ai/install/autoware_msgs/lib/pkgconfig:/home/chinchia120/autoware.ai/install/autoware_lanelet2_msgs/lib/x86_64-linux-gnu/pkgconfig:/home/chinchia120/autoware.ai/install/autoware_lanelet2_msgs/lib/pkgconfig:/home/chinchia120/autoware.ai/install/autoware_build_flags/lib/x86_64-linux-gnu/pkgconfig:/home/chinchia120/autoware.ai/install/autoware_build_flags/lib/pkgconfig:${PKG_CONFIG_PATH} PYTHONPATH=/home/chinchia120/autoware.ai/install/vector_map_server/lib/python2.7/dist-packages:/home/chinchia120/autoware.ai/install/vector_map_msgs/lib/python2.7/dist-packages:/home/chinchia120/autoware.ai/install/autoware_msgs/lib/python2.7/dist-packages:/home/chinchia120/autoware.ai/install/autoware_lanelet2_msgs/lib/python2.7/dist-packages:${PYTHONPATH} ROS_PACKAGE_PATH=/home/chinchia120/autoware.ai/install/op_ros_helpers/share:/home/chinchia120/autoware.ai/install/map_file/share:/home/chinchia120/autoware.ai/install/op_simu/share:/home/chinchia120/autoware.ai/install/lanelet2_extension/share:/home/chinchia120/autoware.ai/install/op_planner/share:/home/chinchia120/autoware.ai/install/lanelet2_validation/share:/home/chinchia120/autoware.ai/install/op_utility/share:/home/chinchia120/autoware.ai/install/lanelet2_routing/share:/home/chinchia120/autoware.ai/install/lanelet2_projection/share:/home/chinchia120/autoware.ai/install/vector_map_server/share:/home/chinchia120/autoware.ai/install/libwaypoint_follower/share:/home/chinchia120/autoware.ai/install/lanelet2_traffic_rules/share:/home/chinchia120/autoware.ai/install/lanelet2_maps/share:/home/chinchia120/autoware.ai/install/lanelet2_io/share:/home/chinchia120/autoware.ai/install/vector_map/share:/home/chinchia120/autoware.ai/install/lanelet2_core/share:/home/chinchia120/autoware.ai/install/amathutils_lib/share:/home/chinchia120/autoware.ai/install/vector_map_msgs/share:/home/chinchia120/autoware.ai/install/autoware_msgs/share:/home/chinchia120/autoware.ai/install/autoware_lanelet2_msgs/share:/home/chinchia120/autoware.ai/install/autoware_build_flags/share:${ROS_PACKAGE_PATH} /usr/bin/cmake --build /home/chinchia120/autoware.ai/build/op_simulation_package --target install -- -j4 -l4
