[0.184s] Invoking command in '/home/chinchia120/autoware.ai/build/mpc_follower': CMAKE_PREFIX_PATH=/home/chinchia120/autoware.ai/install/autoware_health_checker:/home/chinchia120/autoware.ai/install/amathutils_lib:/home/chinchia120/autoware.ai/install/ros_observer:/home/chinchia120/autoware.ai/install/autoware_system_msgs:/home/chinchia120/autoware.ai/install/autoware_msgs:/home/chinchia120/autoware.ai/install/autoware_build_flags:${CMAKE_PREFIX_PATH} LD_LIBRARY_PATH=/home/chinchia120/autoware.ai/install/autoware_health_checker/lib:/home/chinchia120/autoware.ai/install/amathutils_lib/lib:/home/chinchia120/autoware.ai/install/ros_observer/lib:${LD_LIBRARY_PATH} PKG_CONFIG_PATH=/home/chinchia120/autoware.ai/install/autoware_health_checker/lib/x86_64-linux-gnu/pkgconfig:/home/chinchia120/autoware.ai/install/autoware_health_checker/lib/pkgconfig:/home/chinchia120/autoware.ai/install/amathutils_lib/lib/x86_64-linux-gnu/pkgconfig:/home/chinchia120/autoware.ai/install/amathutils_lib/lib/pkgconfig:/home/chinchia120/autoware.ai/install/ros_observer/lib/x86_64-linux-gnu/pkgconfig:/home/chinchia120/autoware.ai/install/ros_observer/lib/pkgconfig:/home/chinchia120/autoware.ai/install/autoware_system_msgs/lib/x86_64-linux-gnu/pkgconfig:/home/chinchia120/autoware.ai/install/autoware_system_msgs/lib/pkgconfig:/home/chinchia120/autoware.ai/install/autoware_msgs/lib/x86_64-linux-gnu/pkgconfig:/home/chinchia120/autoware.ai/install/autoware_msgs/lib/pkgconfig:/home/chinchia120/autoware.ai/install/autoware_build_flags/lib/x86_64-linux-gnu/pkgconfig:/home/chinchia120/autoware.ai/install/autoware_build_flags/lib/pkgconfig:${PKG_CONFIG_PATH} PYTHONPATH=/home/chinchia120/autoware.ai/install/autoware_system_msgs/lib/python2.7/dist-packages:/home/chinchia120/autoware.ai/install/autoware_msgs/lib/python2.7/dist-packages:${PYTHONPATH} ROS_PACKAGE_PATH=/home/chinchia120/autoware.ai/install/autoware_health_checker/share:/home/chinchia120/autoware.ai/install/amathutils_lib/share:/home/chinchia120/autoware.ai/install/ros_observer/share:/home/chinchia120/autoware.ai/install/autoware_system_msgs/share:/home/chinchia120/autoware.ai/install/autoware_msgs/share:/home/chinchia120/autoware.ai/install/autoware_build_flags/share:${ROS_PACKAGE_PATH} /usr/bin/cmake /home/chinchia120/autoware.ai/src/autoware/core_planning/mpc_follower -DCMAKE_BUILD_TYPE=Release -DCATKIN_INSTALL_INTO_PREFIX_ROOT=0 -DCMAKE_INSTALL_PREFIX=/home/chinchia120/autoware.ai/install/mpc_follower
[0.345s] -- The C compiler identification is GNU 7.5.0
[0.466s] -- The CXX compiler identification is GNU 7.5.0
[0.479s] -- Check for working C compiler: /usr/bin/cc
[0.655s] -- Check for working C compiler: /usr/bin/cc -- works
[0.665s] -- Detecting C compiler ABI info
[0.819s] -- Detecting C compiler ABI info - done
[0.832s] -- Detecting C compile features
[1.382s] -- Detecting C compile features - done
[1.390s] -- Check for working CXX compiler: /usr/bin/c++
[1.600s] -- Check for working CXX compiler: /usr/bin/c++ -- works
[1.608s] -- Detecting CXX compiler ABI info
[1.802s] -- Detecting CXX compiler ABI info - done
[1.816s] -- Detecting CXX compile features
[2.780s] -- Detecting CXX compile features - done
[2.784s] -- Using CATKIN_DEVEL_PREFIX: /home/chinchia120/autoware.ai/build/mpc_follower/devel
[2.786s] -- Using CMAKE_PREFIX_PATH: /home/chinchia120/autoware.ai/install/autoware_health_checker;/home/chinchia120/autoware.ai/install/amathutils_lib;/home/chinchia120/autoware.ai/install/ros_observer;/home/chinchia120/autoware.ai/install/autoware_system_msgs;/home/chinchia120/autoware.ai/install/autoware_msgs;/home/chinchia120/autoware.ai/install/autoware_build_flags;/home/chinchia120/catkin_ws/devel;/opt/ros/melodic
[2.787s] -- This workspace overlays: /home/chinchia120/autoware.ai/install/autoware_health_checker;/home/chinchia120/autoware.ai/install/amathutils_lib;/home/chinchia120/autoware.ai/install/ros_observer;/home/chinchia120/autoware.ai/install/autoware_system_msgs;/home/chinchia120/autoware.ai/install/autoware_msgs;/home/chinchia120/autoware.ai/install/autoware_build_flags;/home/chinchia120/catkin_ws/devel;/opt/ros/melodic
[2.821s] -- Found PythonInterp: /usr/bin/python2 (found suitable version "2.7.17", minimum required is "2") 
[2.821s] -- Using PYTHON_EXECUTABLE: /usr/bin/python2
[2.822s] -- Using Debian Python package layout
[2.823s] -- Using empy: /usr/bin/empy
[3.109s] -- Using CATKIN_ENABLE_TESTING: ON
[3.110s] -- Call enable_testing()
[3.116s] -- Using CATKIN_TEST_RESULTS_DIR: /home/chinchia120/autoware.ai/build/mpc_follower/test_results
[3.156s] -- Found gtest sources under '/usr/src/googletest': gtests will be built
[3.156s] -- Found gmock sources under '/usr/src/googletest': gmock will be built
[3.185s] -- Found PythonInterp: /usr/bin/python2 (found version "2.7.17") 
[3.187s] -- Looking for pthread.h
[3.405s] -- Looking for pthread.h - found
[3.405s] -- Looking for pthread_create
[3.617s] -- Looking for pthread_create - not found
[3.617s] -- Looking for pthread_create in pthreads
[3.797s] -- Looking for pthread_create in pthreads - not found
[3.797s] -- Looking for pthread_create in pthread
[3.993s] -- Looking for pthread_create in pthread - found
[3.993s] -- Found Threads: TRUE  
[3.995s] -- Using Python nosetests: /usr/bin/nosetests-2.7
[4.087s] -- catkin 0.7.29
[4.087s] -- BUILD_SHARED_LIBS is on
[4.548s] -- Using these message generators: gencpp;geneus;genlisp;gennodejs;genpy
[4.893s] -- CUDA compilation status: 1.
[5.463s] -- Configuring done
[5.665s] -- Generating done
[5.697s] -- Build files have been written to: /home/chinchia120/autoware.ai/build/mpc_follower
[5.712s] Invoked command in '/home/chinchia120/autoware.ai/build/mpc_follower' returned '0': CMAKE_PREFIX_PATH=/home/chinchia120/autoware.ai/install/autoware_health_checker:/home/chinchia120/autoware.ai/install/amathutils_lib:/home/chinchia120/autoware.ai/install/ros_observer:/home/chinchia120/autoware.ai/install/autoware_system_msgs:/home/chinchia120/autoware.ai/install/autoware_msgs:/home/chinchia120/autoware.ai/install/autoware_build_flags:${CMAKE_PREFIX_PATH} LD_LIBRARY_PATH=/home/chinchia120/autoware.ai/install/autoware_health_checker/lib:/home/chinchia120/autoware.ai/install/amathutils_lib/lib:/home/chinchia120/autoware.ai/install/ros_observer/lib:${LD_LIBRARY_PATH} PKG_CONFIG_PATH=/home/chinchia120/autoware.ai/install/autoware_health_checker/lib/x86_64-linux-gnu/pkgconfig:/home/chinchia120/autoware.ai/install/autoware_health_checker/lib/pkgconfig:/home/chinchia120/autoware.ai/install/amathutils_lib/lib/x86_64-linux-gnu/pkgconfig:/home/chinchia120/autoware.ai/install/amathutils_lib/lib/pkgconfig:/home/chinchia120/autoware.ai/install/ros_observer/lib/x86_64-linux-gnu/pkgconfig:/home/chinchia120/autoware.ai/install/ros_observer/lib/pkgconfig:/home/chinchia120/autoware.ai/install/autoware_system_msgs/lib/x86_64-linux-gnu/pkgconfig:/home/chinchia120/autoware.ai/install/autoware_system_msgs/lib/pkgconfig:/home/chinchia120/autoware.ai/install/autoware_msgs/lib/x86_64-linux-gnu/pkgconfig:/home/chinchia120/autoware.ai/install/autoware_msgs/lib/pkgconfig:/home/chinchia120/autoware.ai/install/autoware_build_flags/lib/x86_64-linux-gnu/pkgconfig:/home/chinchia120/autoware.ai/install/autoware_build_flags/lib/pkgconfig:${PKG_CONFIG_PATH} PYTHONPATH=/home/chinchia120/autoware.ai/install/autoware_system_msgs/lib/python2.7/dist-packages:/home/chinchia120/autoware.ai/install/autoware_msgs/lib/python2.7/dist-packages:${PYTHONPATH} ROS_PACKAGE_PATH=/home/chinchia120/autoware.ai/install/autoware_health_checker/share:/home/chinchia120/autoware.ai/install/amathutils_lib/share:/home/chinchia120/autoware.ai/install/ros_observer/share:/home/chinchia120/autoware.ai/install/autoware_system_msgs/share:/home/chinchia120/autoware.ai/install/autoware_msgs/share:/home/chinchia120/autoware.ai/install/autoware_build_flags/share:${ROS_PACKAGE_PATH} /usr/bin/cmake /home/chinchia120/autoware.ai/src/autoware/core_planning/mpc_follower -DCMAKE_BUILD_TYPE=Release -DCATKIN_INSTALL_INTO_PREFIX_ROOT=0 -DCMAKE_INSTALL_PREFIX=/home/chinchia120/autoware.ai/install/mpc_follower
[5.715s] Invoking command in '/home/chinchia120/autoware.ai/build/mpc_follower': CMAKE_PREFIX_PATH=/home/chinchia120/autoware.ai/install/autoware_health_checker:/home/chinchia120/autoware.ai/install/amathutils_lib:/home/chinchia120/autoware.ai/install/ros_observer:/home/chinchia120/autoware.ai/install/autoware_system_msgs:/home/chinchia120/autoware.ai/install/autoware_msgs:/home/chinchia120/autoware.ai/install/autoware_build_flags:${CMAKE_PREFIX_PATH} LD_LIBRARY_PATH=/home/chinchia120/autoware.ai/install/autoware_health_checker/lib:/home/chinchia120/autoware.ai/install/amathutils_lib/lib:/home/chinchia120/autoware.ai/install/ros_observer/lib:${LD_LIBRARY_PATH} PKG_CONFIG_PATH=/home/chinchia120/autoware.ai/install/autoware_health_checker/lib/x86_64-linux-gnu/pkgconfig:/home/chinchia120/autoware.ai/install/autoware_health_checker/lib/pkgconfig:/home/chinchia120/autoware.ai/install/amathutils_lib/lib/x86_64-linux-gnu/pkgconfig:/home/chinchia120/autoware.ai/install/amathutils_lib/lib/pkgconfig:/home/chinchia120/autoware.ai/install/ros_observer/lib/x86_64-linux-gnu/pkgconfig:/home/chinchia120/autoware.ai/install/ros_observer/lib/pkgconfig:/home/chinchia120/autoware.ai/install/autoware_system_msgs/lib/x86_64-linux-gnu/pkgconfig:/home/chinchia120/autoware.ai/install/autoware_system_msgs/lib/pkgconfig:/home/chinchia120/autoware.ai/install/autoware_msgs/lib/x86_64-linux-gnu/pkgconfig:/home/chinchia120/autoware.ai/install/autoware_msgs/lib/pkgconfig:/home/chinchia120/autoware.ai/install/autoware_build_flags/lib/x86_64-linux-gnu/pkgconfig:/home/chinchia120/autoware.ai/install/autoware_build_flags/lib/pkgconfig:${PKG_CONFIG_PATH} PYTHONPATH=/home/chinchia120/autoware.ai/install/autoware_system_msgs/lib/python2.7/dist-packages:/home/chinchia120/autoware.ai/install/autoware_msgs/lib/python2.7/dist-packages:${PYTHONPATH} ROS_PACKAGE_PATH=/home/chinchia120/autoware.ai/install/autoware_health_checker/share:/home/chinchia120/autoware.ai/install/amathutils_lib/share:/home/chinchia120/autoware.ai/install/ros_observer/share:/home/chinchia120/autoware.ai/install/autoware_system_msgs/share:/home/chinchia120/autoware.ai/install/autoware_msgs/share:/home/chinchia120/autoware.ai/install/autoware_build_flags/share:${ROS_PACKAGE_PATH} /usr/bin/cmake --build /home/chinchia120/autoware.ai/build/mpc_follower -- -j4 -l4
[5.848s] [35m[1mScanning dependencies of target autoware_system_msgs_generate_messages_py[0m
[5.902s] [  0%] Built target autoware_system_msgs_generate_messages_py
[5.952s] [35m[1mScanning dependencies of target actionlib_generate_messages_cpp[0m
[6.000s] [  0%] Built target actionlib_generate_messages_cpp
[6.033s] [35m[1mScanning dependencies of target pcl_msgs_generate_messages_eus[0m
[6.061s] [  0%] Built target pcl_msgs_generate_messages_eus
[6.089s] [35m[1mScanning dependencies of target rosgraph_msgs_generate_messages_eus[0m
[6.112s] [  0%] Built target rosgraph_msgs_generate_messages_eus
[6.154s] [35m[1mScanning dependencies of target jsk_recognition_msgs_generate_messages_lisp[0m
[6.184s] [  0%] Built target jsk_recognition_msgs_generate_messages_lisp
[6.219s] [35m[1mScanning dependencies of target jsk_recognition_msgs_generate_messages_eus[0m
[6.248s] [  0%] Built target jsk_recognition_msgs_generate_messages_eus
[6.275s] [35m[1mScanning dependencies of target tf2_msgs_generate_messages_cpp[0m
[6.312s] [  0%] Built target tf2_msgs_generate_messages_cpp
[6.366s] [35m[1mScanning dependencies of target std_msgs_generate_messages_py[0m
[6.398s] [  0%] Built target std_msgs_generate_messages_py
[6.443s] [35m[1mScanning dependencies of target autoware_msgs_generate_messages_py[0m
[6.476s] [  0%] Built target autoware_msgs_generate_messages_py
[6.501s] [35m[1mScanning dependencies of target std_msgs_generate_messages_nodejs[0m
[6.529s] [  0%] Built target std_msgs_generate_messages_nodejs
[6.559s] [35m[1mScanning dependencies of target sensor_msgs_generate_messages_eus[0m
[6.584s] [  0%] Built target sensor_msgs_generate_messages_eus
[6.606s] [35m[1mScanning dependencies of target _catkin_empty_exported_target[0m
[6.635s] [  0%] Built target _catkin_empty_exported_target
[6.666s] [35m[1mScanning dependencies of target sensor_msgs_generate_messages_cpp[0m
[6.692s] [  0%] Built target sensor_msgs_generate_messages_cpp
[6.743s] [35m[1mScanning dependencies of target autoware_msgs_generate_messages_cpp[0m
[6.785s] [  0%] Built target autoware_msgs_generate_messages_cpp
[6.825s] [35m[1mScanning dependencies of target rosgraph_msgs_generate_messages_cpp[0m
[6.854s] [  0%] Built target rosgraph_msgs_generate_messages_cpp
[6.891s] [35m[1mScanning dependencies of target pcl_msgs_generate_messages_nodejs[0m
[6.917s] [  0%] Built target pcl_msgs_generate_messages_nodejs
[6.978s] [35m[1mScanning dependencies of target jsk_recognition_msgs_generate_messages_py[0m
[7.015s] [  0%] Built target jsk_recognition_msgs_generate_messages_py
[7.059s] [35m[1mScanning dependencies of target sensor_msgs_generate_messages_lisp[0m
[7.094s] [  0%] Built target sensor_msgs_generate_messages_lisp
[7.117s] [35m[1mScanning dependencies of target sensor_msgs_generate_messages_py[0m
[7.148s] [  0%] Built target sensor_msgs_generate_messages_py
[7.194s] [35m[1mScanning dependencies of target tf_generate_messages_py[0m
[7.226s] [  0%] Built target tf_generate_messages_py
[7.261s] [35m[1mScanning dependencies of target std_msgs_generate_messages_cpp[0m
[7.290s] [  0%] Built target std_msgs_generate_messages_cpp
[7.320s] [35m[1mScanning dependencies of target jsk_footstep_msgs_generate_messages_py[0m
[7.356s] [  0%] Built target jsk_footstep_msgs_generate_messages_py
[7.386s] [35m[1mScanning dependencies of target actionlib_msgs_generate_messages_nodejs[0m
[7.411s] [  0%] Built target actionlib_msgs_generate_messages_nodejs
[7.443s] [35m[1mScanning dependencies of target geometry_msgs_generate_messages_eus[0m
[7.499s] [  0%] Built target geometry_msgs_generate_messages_eus
[7.543s] [35m[1mScanning dependencies of target std_msgs_generate_messages_lisp[0m
[7.576s] [  0%] Built target std_msgs_generate_messages_lisp
[7.613s] [35m[1mScanning dependencies of target roscpp_generate_messages_nodejs[0m
[7.651s] [  0%] Built target roscpp_generate_messages_nodejs
[7.678s] [35m[1mScanning dependencies of target autoware_system_msgs_generate_messages_cpp[0m
[7.705s] [  0%] Built target autoware_system_msgs_generate_messages_cpp
[7.749s] [35m[1mScanning dependencies of target geometry_msgs_generate_messages_nodejs[0m
[7.774s] [  0%] Built target geometry_msgs_generate_messages_nodejs
[7.797s] [35m[1mScanning dependencies of target geometry_msgs_generate_messages_lisp[0m
[7.828s] [  0%] Built target geometry_msgs_generate_messages_lisp
[7.857s] [35m[1mScanning dependencies of target pcl_msgs_generate_messages_cpp[0m
[7.886s] [  0%] Built target pcl_msgs_generate_messages_cpp
[7.915s] [35m[1mScanning dependencies of target jsk_recognition_msgs_generate_messages_cpp[0m
[7.949s] [  0%] Built target jsk_recognition_msgs_generate_messages_cpp
[7.981s] [35m[1mScanning dependencies of target autoware_msgs_generate_messages_eus[0m
[8.019s] [  0%] Built target autoware_msgs_generate_messages_eus
[8.070s] [35m[1mScanning dependencies of target autoware_msgs_generate_messages_lisp[0m
[8.109s] [  0%] Built target autoware_msgs_generate_messages_lisp
[8.141s] [35m[1mScanning dependencies of target std_msgs_generate_messages_eus[0m
[8.193s] [  0%] Built target std_msgs_generate_messages_eus
[8.223s] [35m[1mScanning dependencies of target autoware_msgs_generate_messages_nodejs[0m
[8.261s] [  0%] Built target autoware_msgs_generate_messages_nodejs
[8.297s] [35m[1mScanning dependencies of target jsk_footstep_msgs_generate_messages_eus[0m
[8.338s] [  0%] Built target jsk_footstep_msgs_generate_messages_eus
[8.377s] [35m[1mScanning dependencies of target actionlib_msgs_generate_messages_py[0m
[8.415s] [  0%] Built target actionlib_msgs_generate_messages_py
[8.457s] [35m[1mScanning dependencies of target jsk_footstep_msgs_generate_messages_lisp[0m
[8.497s] [  0%] Built target jsk_footstep_msgs_generate_messages_lisp
[8.520s] [35m[1mScanning dependencies of target jsk_footstep_msgs_generate_messages_nodejs[0m
[8.546s] [  0%] Built target jsk_footstep_msgs_generate_messages_nodejs
[8.575s] [35m[1mScanning dependencies of target autoware_system_msgs_generate_messages_nodejs[0m
[8.605s] [  0%] Built target autoware_system_msgs_generate_messages_nodejs
[8.653s] [35m[1mScanning dependencies of target actionlib_msgs_generate_messages_lisp[0m
[8.684s] [  0%] Built target actionlib_msgs_generate_messages_lisp
[8.714s] [35m[1mScanning dependencies of target jsk_footstep_msgs_generate_messages_cpp[0m
[8.737s] [  0%] Built target jsk_footstep_msgs_generate_messages_cpp
[8.772s] [35m[1mScanning dependencies of target actionlib_msgs_generate_messages_cpp[0m
[8.798s] [  0%] Built target actionlib_msgs_generate_messages_cpp
[8.843s] [35m[1mScanning dependencies of target tf_generate_messages_eus[0m
[8.874s] [  0%] Built target tf_generate_messages_eus
[8.932s] [35m[1mScanning dependencies of target tf_generate_messages_lisp[0m
[8.961s] [  0%] Built target tf_generate_messages_lisp
[8.984s] [35m[1mScanning dependencies of target tf_generate_messages_nodejs[0m
[9.018s] [  0%] Built target tf_generate_messages_nodejs
[9.075s] [35m[1mScanning dependencies of target jsk_recognition_msgs_generate_messages_nodejs[0m
[9.113s] [  0%] Built target jsk_recognition_msgs_generate_messages_nodejs
[9.136s] [35m[1mScanning dependencies of target roscpp_generate_messages_lisp[0m
[9.181s] [  0%] Built target roscpp_generate_messages_lisp
[9.214s] [35m[1mScanning dependencies of target roscpp_generate_messages_py[0m
[9.247s] [  0%] Built target roscpp_generate_messages_py
[9.273s] [35m[1mScanning dependencies of target rosgraph_msgs_generate_messages_lisp[0m
[9.313s] [  0%] Built target rosgraph_msgs_generate_messages_lisp
[9.347s] [35m[1mScanning dependencies of target rosgraph_msgs_generate_messages_nodejs[0m
[9.380s] [  0%] Built target rosgraph_msgs_generate_messages_nodejs
[9.408s] [35m[1mScanning dependencies of target roscpp_generate_messages_eus[0m
[9.436s] [  0%] Built target roscpp_generate_messages_eus
[9.459s] [35m[1mScanning dependencies of target actionlib_msgs_generate_messages_eus[0m
[9.482s] [  0%] Built target actionlib_msgs_generate_messages_eus
[9.506s] [35m[1mScanning dependencies of target rosgraph_msgs_generate_messages_py[0m
[9.533s] [  0%] Built target rosgraph_msgs_generate_messages_py
[9.580s] [35m[1mScanning dependencies of target pcl_msgs_generate_messages_py[0m
[9.608s] [  0%] Built target pcl_msgs_generate_messages_py
[9.634s] [35m[1mScanning dependencies of target actionlib_generate_messages_eus[0m
[9.662s] [  0%] Built target actionlib_generate_messages_eus
[9.691s] [35m[1mScanning dependencies of target geometry_msgs_generate_messages_cpp[0m
[9.716s] [  0%] Built target geometry_msgs_generate_messages_cpp
[9.748s] [35m[1mScanning dependencies of target actionlib_generate_messages_lisp[0m
[9.771s] [  0%] Built target actionlib_generate_messages_lisp
[9.813s] [35m[1mScanning dependencies of target pcl_msgs_generate_messages_lisp[0m
[9.840s] [  0%] Built target pcl_msgs_generate_messages_lisp
[9.877s] [35m[1mScanning dependencies of target tf_generate_messages_cpp[0m
[9.902s] [  0%] Built target tf_generate_messages_cpp
[9.929s] [35m[1mScanning dependencies of target actionlib_generate_messages_nodejs[0m
[9.970s] [  0%] Built target actionlib_generate_messages_nodejs
[10.012s] [35m[1mScanning dependencies of target autoware_system_msgs_generate_messages_eus[0m
[10.040s] [  0%] Built target autoware_system_msgs_generate_messages_eus
[10.068s] [35m[1mScanning dependencies of target tf2_msgs_generate_messages_eus[0m
[10.099s] [  0%] Built target tf2_msgs_generate_messages_eus
[10.128s] [35m[1mScanning dependencies of target tf2_msgs_generate_messages_lisp[0m
[10.153s] [  0%] Built target tf2_msgs_generate_messages_lisp
[10.198s] [35m[1mScanning dependencies of target actionlib_generate_messages_py[0m
[10.238s] [  0%] Built target actionlib_generate_messages_py
[10.286s] [35m[1mScanning dependencies of target tf2_msgs_generate_messages_py[0m
[10.319s] [  0%] Built target tf2_msgs_generate_messages_py
[10.357s] [35m[1mScanning dependencies of target autoware_system_msgs_generate_messages_lisp[0m
[10.386s] [  0%] Built target autoware_system_msgs_generate_messages_lisp
[10.422s] [35m[1mScanning dependencies of target tf2_msgs_generate_messages_nodejs[0m
[10.450s] [  0%] Built target tf2_msgs_generate_messages_nodejs
[10.478s] [35m[1mScanning dependencies of target sensor_msgs_generate_messages_nodejs[0m
[10.531s] [  0%] Built target sensor_msgs_generate_messages_nodejs
[10.579s] [35m[1mScanning dependencies of target roscpp_generate_messages_cpp[0m
[10.636s] [  0%] Built target roscpp_generate_messages_cpp
[10.679s] [35m[1mScanning dependencies of target geometry_msgs_generate_messages_py[0m
[10.703s] [  0%] Built target geometry_msgs_generate_messages_py
[10.740s] [35m[1mScanning dependencies of target mpc_follower[0m
[10.926s] [  6%] [32mBuilding CXX object CMakeFiles/mpc_follower.dir/src/mpc_follower_node.cpp.o[0m
[16.828s] [ 13%] [32mBuilding CXX object CMakeFiles/mpc_follower.dir/src/mpc_utils.cpp.o[0m
[22.484s] [ 20%] [32mBuilding CXX object CMakeFiles/mpc_follower.dir/src/mpc_trajectory.cpp.o[0m
[23.049s] [ 26%] [32mBuilding CXX object CMakeFiles/mpc_follower.dir/src/lowpass_filter.cpp.o[0m
[23.837s] [ 33%] [32mBuilding CXX object CMakeFiles/mpc_follower.dir/src/vehicle_model/vehicle_model_interface.cpp.o[0m
[24.904s] [ 40%] [32mBuilding CXX object CMakeFiles/mpc_follower.dir/src/vehicle_model/vehicle_model_bicycle_kinematics.cpp.o[0m
[29.639s] [ 46%] [32mBuilding CXX object CMakeFiles/mpc_follower.dir/src/vehicle_model/vehicle_model_bicycle_dynamics.cpp.o[0m
[34.701s] [ 53%] [32mBuilding CXX object CMakeFiles/mpc_follower.dir/src/vehicle_model/vehicle_model_bicycle_kinematics_no_delay.cpp.o[0m
[36.012s] [ 60%] [32mBuilding CXX object CMakeFiles/mpc_follower.dir/src/qp_solver/qp_solver_unconstr.cpp.o[0m
[40.615s] [ 66%] [32mBuilding CXX object CMakeFiles/mpc_follower.dir/src/qp_solver/qp_solver_unconstr_fast.cpp.o[0m
[46.599s] [ 73%] [32mBuilding CXX object CMakeFiles/mpc_follower.dir/src/qp_solver/qp_solver_qpoases.cpp.o[0m
[48.117s] [ 80%] [32mBuilding CXX object CMakeFiles/mpc_follower.dir/src/mpc_follower_core.cpp.o[0m
[67.090s] [ 86%] [32m[1mLinking CXX executable devel/lib/mpc_follower/mpc_follower[0m
[67.445s] [ 86%] Built target mpc_follower
[67.471s] [35m[1mScanning dependencies of target mpc_waypoints_converter[0m
[67.546s] [ 93%] [32mBuilding CXX object CMakeFiles/mpc_waypoints_converter.dir/src/mpc_waypoints_converter.cpp.o[0m
[72.801s] [100%] [32m[1mLinking CXX executable devel/lib/mpc_follower/mpc_waypoints_converter[0m
[73.131s] [100%] Built target mpc_waypoints_converter
[73.157s] Invoked command in '/home/chinchia120/autoware.ai/build/mpc_follower' returned '0': CMAKE_PREFIX_PATH=/home/chinchia120/autoware.ai/install/autoware_health_checker:/home/chinchia120/autoware.ai/install/amathutils_lib:/home/chinchia120/autoware.ai/install/ros_observer:/home/chinchia120/autoware.ai/install/autoware_system_msgs:/home/chinchia120/autoware.ai/install/autoware_msgs:/home/chinchia120/autoware.ai/install/autoware_build_flags:${CMAKE_PREFIX_PATH} LD_LIBRARY_PATH=/home/chinchia120/autoware.ai/install/autoware_health_checker/lib:/home/chinchia120/autoware.ai/install/amathutils_lib/lib:/home/chinchia120/autoware.ai/install/ros_observer/lib:${LD_LIBRARY_PATH} PKG_CONFIG_PATH=/home/chinchia120/autoware.ai/install/autoware_health_checker/lib/x86_64-linux-gnu/pkgconfig:/home/chinchia120/autoware.ai/install/autoware_health_checker/lib/pkgconfig:/home/chinchia120/autoware.ai/install/amathutils_lib/lib/x86_64-linux-gnu/pkgconfig:/home/chinchia120/autoware.ai/install/amathutils_lib/lib/pkgconfig:/home/chinchia120/autoware.ai/install/ros_observer/lib/x86_64-linux-gnu/pkgconfig:/home/chinchia120/autoware.ai/install/ros_observer/lib/pkgconfig:/home/chinchia120/autoware.ai/install/autoware_system_msgs/lib/x86_64-linux-gnu/pkgconfig:/home/chinchia120/autoware.ai/install/autoware_system_msgs/lib/pkgconfig:/home/chinchia120/autoware.ai/install/autoware_msgs/lib/x86_64-linux-gnu/pkgconfig:/home/chinchia120/autoware.ai/install/autoware_msgs/lib/pkgconfig:/home/chinchia120/autoware.ai/install/autoware_build_flags/lib/x86_64-linux-gnu/pkgconfig:/home/chinchia120/autoware.ai/install/autoware_build_flags/lib/pkgconfig:${PKG_CONFIG_PATH} PYTHONPATH=/home/chinchia120/autoware.ai/install/autoware_system_msgs/lib/python2.7/dist-packages:/home/chinchia120/autoware.ai/install/autoware_msgs/lib/python2.7/dist-packages:${PYTHONPATH} ROS_PACKAGE_PATH=/home/chinchia120/autoware.ai/install/autoware_health_checker/share:/home/chinchia120/autoware.ai/install/amathutils_lib/share:/home/chinchia120/autoware.ai/install/ros_observer/share:/home/chinchia120/autoware.ai/install/autoware_system_msgs/share:/home/chinchia120/autoware.ai/install/autoware_msgs/share:/home/chinchia120/autoware.ai/install/autoware_build_flags/share:${ROS_PACKAGE_PATH} /usr/bin/cmake --build /home/chinchia120/autoware.ai/build/mpc_follower -- -j4 -l4
[73.825s] Invoking command in '/home/chinchia120/autoware.ai/build/mpc_follower': CMAKE_PREFIX_PATH=/home/chinchia120/autoware.ai/install/autoware_health_checker:/home/chinchia120/autoware.ai/install/amathutils_lib:/home/chinchia120/autoware.ai/install/ros_observer:/home/chinchia120/autoware.ai/install/autoware_system_msgs:/home/chinchia120/autoware.ai/install/autoware_msgs:/home/chinchia120/autoware.ai/install/autoware_build_flags:${CMAKE_PREFIX_PATH} LD_LIBRARY_PATH=/home/chinchia120/autoware.ai/install/autoware_health_checker/lib:/home/chinchia120/autoware.ai/install/amathutils_lib/lib:/home/chinchia120/autoware.ai/install/ros_observer/lib:${LD_LIBRARY_PATH} PKG_CONFIG_PATH=/home/chinchia120/autoware.ai/install/autoware_health_checker/lib/x86_64-linux-gnu/pkgconfig:/home/chinchia120/autoware.ai/install/autoware_health_checker/lib/pkgconfig:/home/chinchia120/autoware.ai/install/amathutils_lib/lib/x86_64-linux-gnu/pkgconfig:/home/chinchia120/autoware.ai/install/amathutils_lib/lib/pkgconfig:/home/chinchia120/autoware.ai/install/ros_observer/lib/x86_64-linux-gnu/pkgconfig:/home/chinchia120/autoware.ai/install/ros_observer/lib/pkgconfig:/home/chinchia120/autoware.ai/install/autoware_system_msgs/lib/x86_64-linux-gnu/pkgconfig:/home/chinchia120/autoware.ai/install/autoware_system_msgs/lib/pkgconfig:/home/chinchia120/autoware.ai/install/autoware_msgs/lib/x86_64-linux-gnu/pkgconfig:/home/chinchia120/autoware.ai/install/autoware_msgs/lib/pkgconfig:/home/chinchia120/autoware.ai/install/autoware_build_flags/lib/x86_64-linux-gnu/pkgconfig:/home/chinchia120/autoware.ai/install/autoware_build_flags/lib/pkgconfig:${PKG_CONFIG_PATH} PYTHONPATH=/home/chinchia120/autoware.ai/install/autoware_system_msgs/lib/python2.7/dist-packages:/home/chinchia120/autoware.ai/install/autoware_msgs/lib/python2.7/dist-packages:${PYTHONPATH} ROS_PACKAGE_PATH=/home/chinchia120/autoware.ai/install/autoware_health_checker/share:/home/chinchia120/autoware.ai/install/amathutils_lib/share:/home/chinchia120/autoware.ai/install/ros_observer/share:/home/chinchia120/autoware.ai/install/autoware_system_msgs/share:/home/chinchia120/autoware.ai/install/autoware_msgs/share:/home/chinchia120/autoware.ai/install/autoware_build_flags/share:${ROS_PACKAGE_PATH} /usr/bin/cmake --build /home/chinchia120/autoware.ai/build/mpc_follower --target tests -- -j4 -l4
[73.983s] [35m[1mScanning dependencies of target gtest[0m
[74.026s] [  3%] [32mBuilding CXX object gtest/googlemock/gtest/CMakeFiles/gtest.dir/src/gtest-all.cc.o[0m
[84.635s] [  6%] [32m[1mLinking CXX shared library libgtest.so[0m
[84.794s] [  6%] Built target gtest
[84.838s] [  6%] Built target actionlib_generate_messages_cpp
[84.891s] [  6%] Built target pcl_msgs_generate_messages_eus
[84.950s] [  6%] Built target rosgraph_msgs_generate_messages_eus
[85.008s] [  6%] Built target jsk_recognition_msgs_generate_messages_lisp
[85.067s] [  6%] Built target jsk_recognition_msgs_generate_messages_eus
[85.116s] [  6%] Built target tf2_msgs_generate_messages_cpp
[85.176s] [  6%] Built target std_msgs_generate_messages_py
[85.228s] [  6%] Built target autoware_msgs_generate_messages_py
[85.291s] [  6%] Built target std_msgs_generate_messages_nodejs
[85.342s] [  6%] Built target sensor_msgs_generate_messages_eus
[85.468s] [  6%] Built target _catkin_empty_exported_target
[85.533s] [  6%] Built target sensor_msgs_generate_messages_cpp
[85.594s] [  6%] Built target autoware_msgs_generate_messages_cpp
[85.646s] [  6%] Built target rosgraph_msgs_generate_messages_cpp
[85.713s] [  6%] Built target pcl_msgs_generate_messages_nodejs
[85.770s] [  6%] Built target jsk_recognition_msgs_generate_messages_py
[85.830s] [  6%] Built target sensor_msgs_generate_messages_lisp
[85.888s] [  6%] Built target sensor_msgs_generate_messages_py
[85.958s] [  6%] Built target tf_generate_messages_py
[86.019s] [  6%] Built target std_msgs_generate_messages_cpp
[86.080s] [  6%] Built target jsk_footstep_msgs_generate_messages_py
[86.154s] [  6%] Built target actionlib_msgs_generate_messages_nodejs
[86.211s] [  6%] Built target geometry_msgs_generate_messages_eus
[86.285s] [  6%] Built target std_msgs_generate_messages_lisp
[86.336s] [  6%] Built target roscpp_generate_messages_nodejs
[86.407s] [  6%] Built target autoware_system_msgs_generate_messages_cpp
[86.478s] [  6%] Built target geometry_msgs_generate_messages_nodejs
[86.548s] [  6%] Built target geometry_msgs_generate_messages_lisp
[86.631s] [  6%] Built target pcl_msgs_generate_messages_cpp
[86.709s] [  6%] Built target jsk_recognition_msgs_generate_messages_cpp
[86.792s] [  6%] Built target autoware_msgs_generate_messages_eus
[86.860s] [  6%] Built target autoware_msgs_generate_messages_lisp
[86.916s] [  6%] Built target std_msgs_generate_messages_eus
[86.981s] [  6%] Built target autoware_msgs_generate_messages_nodejs
[87.037s] [  6%] Built target jsk_footstep_msgs_generate_messages_eus
[87.101s] [  6%] Built target actionlib_msgs_generate_messages_py
[87.175s] [  6%] Built target jsk_footstep_msgs_generate_messages_lisp
[87.240s] [  6%] Built target jsk_footstep_msgs_generate_messages_nodejs
[87.303s] [  6%] Built target autoware_system_msgs_generate_messages_nodejs
[87.389s] [  6%] Built target actionlib_msgs_generate_messages_lisp
[87.461s] [  6%] Built target jsk_footstep_msgs_generate_messages_cpp
[87.521s] [  6%] Built target actionlib_msgs_generate_messages_cpp
[87.586s] [  6%] Built target tf_generate_messages_eus
[87.642s] [  6%] Built target tf_generate_messages_lisp
[87.701s] [  6%] Built target tf_generate_messages_nodejs
[87.774s] [  6%] Built target jsk_recognition_msgs_generate_messages_nodejs
[87.834s] [  6%] Built target roscpp_generate_messages_lisp
[87.899s] [  6%] Built target roscpp_generate_messages_py
[87.962s] [  6%] Built target rosgraph_msgs_generate_messages_lisp
[88.021s] [  6%] Built target rosgraph_msgs_generate_messages_nodejs
[88.089s] [  6%] Built target roscpp_generate_messages_eus
[88.155s] [  6%] Built target actionlib_msgs_generate_messages_eus
[88.217s] [  6%] Built target rosgraph_msgs_generate_messages_py
[88.286s] [  6%] Built target pcl_msgs_generate_messages_py
[88.350s] [  6%] Built target actionlib_generate_messages_eus
[88.425s] [  6%] Built target geometry_msgs_generate_messages_cpp
[88.493s] [  6%] Built target actionlib_generate_messages_lisp
[88.565s] [  6%] Built target pcl_msgs_generate_messages_lisp
[88.621s] [  6%] Built target tf_generate_messages_cpp
[88.710s] [  6%] Built target actionlib_generate_messages_nodejs
[88.766s] [  6%] Built target autoware_system_msgs_generate_messages_eus
[88.819s] [  6%] Built target tf2_msgs_generate_messages_eus
[88.862s] [  6%] Built target tf2_msgs_generate_messages_lisp
[88.907s] [  6%] Built target actionlib_generate_messages_py
[88.952s] [  6%] Built target tf2_msgs_generate_messages_py
[89.008s] [  6%] Built target autoware_system_msgs_generate_messages_lisp
[89.051s] [  6%] Built target tf2_msgs_generate_messages_nodejs
[89.106s] [  6%] Built target sensor_msgs_generate_messages_nodejs
[89.153s] [  6%] Built target autoware_system_msgs_generate_messages_py
[89.200s] [  6%] Built target roscpp_generate_messages_cpp
[89.254s] [  6%] Built target geometry_msgs_generate_messages_py
[89.280s] [35m[1mScanning dependencies of target test-mpc_lowpass_filter[0m
[89.340s] [ 10%] [32mBuilding CXX object CMakeFiles/test-mpc_lowpass_filter.dir/test/src/test_mpc_lowpass_filter.cpp.o[0m
[92.949s] [ 13%] [32mBuilding CXX object CMakeFiles/test-mpc_lowpass_filter.dir/src/lowpass_filter.cpp.o[0m
[94.303s] [ 16%] [32m[1mLinking CXX executable devel/lib/mpc_follower/test-mpc_lowpass_filter[0m
[94.597s] [ 16%] Built target test-mpc_lowpass_filter
[94.637s] [35m[1mScanning dependencies of target test-mpc_utils[0m
[94.745s] [ 20%] [32mBuilding CXX object CMakeFiles/test-mpc_utils.dir/test/src/test_mpc_utils.cpp.o[0m
[103.252s] [ 23%] [32mBuilding CXX object CMakeFiles/test-mpc_utils.dir/src/mpc_trajectory.cpp.o[0m
[103.697s] [ 26%] [32mBuilding CXX object CMakeFiles/test-mpc_utils.dir/src/lowpass_filter.cpp.o[0m
[104.337s] [ 30%] [32mBuilding CXX object CMakeFiles/test-mpc_utils.dir/src/vehicle_model/vehicle_model_interface.cpp.o[0m
[105.246s] [ 33%] [32mBuilding CXX object CMakeFiles/test-mpc_utils.dir/src/vehicle_model/vehicle_model_bicycle_kinematics.cpp.o[0m
[109.602s] [ 36%] [32mBuilding CXX object CMakeFiles/test-mpc_utils.dir/src/vehicle_model/vehicle_model_bicycle_dynamics.cpp.o[0m
[114.670s] [ 40%] [32mBuilding CXX object CMakeFiles/test-mpc_utils.dir/src/vehicle_model/vehicle_model_bicycle_kinematics_no_delay.cpp.o[0m
[116.091s] [ 43%] [32mBuilding CXX object CMakeFiles/test-mpc_utils.dir/src/qp_solver/qp_solver_unconstr.cpp.o[0m
[120.472s] [ 46%] [32mBuilding CXX object CMakeFiles/test-mpc_utils.dir/src/qp_solver/qp_solver_unconstr_fast.cpp.o[0m
[125.755s] [ 50%] [32mBuilding CXX object CMakeFiles/test-mpc_utils.dir/src/qp_solver/qp_solver_qpoases.cpp.o[0m
[127.248s] [ 53%] [32mBuilding CXX object CMakeFiles/test-mpc_utils.dir/src/mpc_utils.cpp.o[0m
[132.910s] [ 56%] [32m[1mLinking CXX executable devel/lib/mpc_follower/test-mpc_utils[0m
[133.249s] [ 56%] Built target test-mpc_utils
[133.277s] [35m[1mScanning dependencies of target test-mpc_follower[0m
[133.384s] [ 60%] [32mBuilding CXX object CMakeFiles/test-mpc_follower.dir/test/src/test_mpc_follower.cpp.o[0m
[142.803s] [ 63%] [32mBuilding CXX object CMakeFiles/test-mpc_follower.dir/src/mpc_trajectory.cpp.o[0m
[143.270s] [ 66%] [32mBuilding CXX object CMakeFiles/test-mpc_follower.dir/src/lowpass_filter.cpp.o[0m
[143.934s] [ 70%] [32mBuilding CXX object CMakeFiles/test-mpc_follower.dir/src/vehicle_model/vehicle_model_interface.cpp.o[0m
[144.981s] [ 73%] [32mBuilding CXX object CMakeFiles/test-mpc_follower.dir/src/vehicle_model/vehicle_model_bicycle_kinematics.cpp.o[0m
[149.564s] [ 76%] [32mBuilding CXX object CMakeFiles/test-mpc_follower.dir/src/vehicle_model/vehicle_model_bicycle_dynamics.cpp.o[0m
[154.714s] [ 80%] [32mBuilding CXX object CMakeFiles/test-mpc_follower.dir/src/vehicle_model/vehicle_model_bicycle_kinematics_no_delay.cpp.o[0m
[156.031s] [ 83%] [32mBuilding CXX object CMakeFiles/test-mpc_follower.dir/src/qp_solver/qp_solver_unconstr.cpp.o[0m
[160.133s] [ 86%] [32mBuilding CXX object CMakeFiles/test-mpc_follower.dir/src/qp_solver/qp_solver_unconstr_fast.cpp.o[0m
[165.435s] [ 90%] [32mBuilding CXX object CMakeFiles/test-mpc_follower.dir/src/qp_solver/qp_solver_qpoases.cpp.o[0m
[166.816s] [ 93%] [32mBuilding CXX object CMakeFiles/test-mpc_follower.dir/src/mpc_utils.cpp.o[0m
[173.949s] [ 96%] [32mBuilding CXX object CMakeFiles/test-mpc_follower.dir/src/mpc_follower_core.cpp.o[0m
[207.661s] [100%] [32m[1mLinking CXX executable devel/lib/mpc_follower/test-mpc_follower[0m
[208.127s] [100%] Built target test-mpc_follower
[208.159s] [35m[1mScanning dependencies of target tests[0m
[208.187s] [100%] Built target tests
[208.396s] Invoked command in '/home/chinchia120/autoware.ai/build/mpc_follower' returned '0': CMAKE_PREFIX_PATH=/home/chinchia120/autoware.ai/install/autoware_health_checker:/home/chinchia120/autoware.ai/install/amathutils_lib:/home/chinchia120/autoware.ai/install/ros_observer:/home/chinchia120/autoware.ai/install/autoware_system_msgs:/home/chinchia120/autoware.ai/install/autoware_msgs:/home/chinchia120/autoware.ai/install/autoware_build_flags:${CMAKE_PREFIX_PATH} LD_LIBRARY_PATH=/home/chinchia120/autoware.ai/install/autoware_health_checker/lib:/home/chinchia120/autoware.ai/install/amathutils_lib/lib:/home/chinchia120/autoware.ai/install/ros_observer/lib:${LD_LIBRARY_PATH} PKG_CONFIG_PATH=/home/chinchia120/autoware.ai/install/autoware_health_checker/lib/x86_64-linux-gnu/pkgconfig:/home/chinchia120/autoware.ai/install/autoware_health_checker/lib/pkgconfig:/home/chinchia120/autoware.ai/install/amathutils_lib/lib/x86_64-linux-gnu/pkgconfig:/home/chinchia120/autoware.ai/install/amathutils_lib/lib/pkgconfig:/home/chinchia120/autoware.ai/install/ros_observer/lib/x86_64-linux-gnu/pkgconfig:/home/chinchia120/autoware.ai/install/ros_observer/lib/pkgconfig:/home/chinchia120/autoware.ai/install/autoware_system_msgs/lib/x86_64-linux-gnu/pkgconfig:/home/chinchia120/autoware.ai/install/autoware_system_msgs/lib/pkgconfig:/home/chinchia120/autoware.ai/install/autoware_msgs/lib/x86_64-linux-gnu/pkgconfig:/home/chinchia120/autoware.ai/install/autoware_msgs/lib/pkgconfig:/home/chinchia120/autoware.ai/install/autoware_build_flags/lib/x86_64-linux-gnu/pkgconfig:/home/chinchia120/autoware.ai/install/autoware_build_flags/lib/pkgconfig:${PKG_CONFIG_PATH} PYTHONPATH=/home/chinchia120/autoware.ai/install/autoware_system_msgs/lib/python2.7/dist-packages:/home/chinchia120/autoware.ai/install/autoware_msgs/lib/python2.7/dist-packages:${PYTHONPATH} ROS_PACKAGE_PATH=/home/chinchia120/autoware.ai/install/autoware_health_checker/share:/home/chinchia120/autoware.ai/install/amathutils_lib/share:/home/chinchia120/autoware.ai/install/ros_observer/share:/home/chinchia120/autoware.ai/install/autoware_system_msgs/share:/home/chinchia120/autoware.ai/install/autoware_msgs/share:/home/chinchia120/autoware.ai/install/autoware_build_flags/share:${ROS_PACKAGE_PATH} /usr/bin/cmake --build /home/chinchia120/autoware.ai/build/mpc_follower --target tests -- -j4 -l4
[208.939s] Invoking command in '/home/chinchia120/autoware.ai/build/mpc_follower': CMAKE_PREFIX_PATH=/home/chinchia120/autoware.ai/install/autoware_health_checker:/home/chinchia120/autoware.ai/install/amathutils_lib:/home/chinchia120/autoware.ai/install/ros_observer:/home/chinchia120/autoware.ai/install/autoware_system_msgs:/home/chinchia120/autoware.ai/install/autoware_msgs:/home/chinchia120/autoware.ai/install/autoware_build_flags:${CMAKE_PREFIX_PATH} LD_LIBRARY_PATH=/home/chinchia120/autoware.ai/install/autoware_health_checker/lib:/home/chinchia120/autoware.ai/install/amathutils_lib/lib:/home/chinchia120/autoware.ai/install/ros_observer/lib:${LD_LIBRARY_PATH} PKG_CONFIG_PATH=/home/chinchia120/autoware.ai/install/autoware_health_checker/lib/x86_64-linux-gnu/pkgconfig:/home/chinchia120/autoware.ai/install/autoware_health_checker/lib/pkgconfig:/home/chinchia120/autoware.ai/install/amathutils_lib/lib/x86_64-linux-gnu/pkgconfig:/home/chinchia120/autoware.ai/install/amathutils_lib/lib/pkgconfig:/home/chinchia120/autoware.ai/install/ros_observer/lib/x86_64-linux-gnu/pkgconfig:/home/chinchia120/autoware.ai/install/ros_observer/lib/pkgconfig:/home/chinchia120/autoware.ai/install/autoware_system_msgs/lib/x86_64-linux-gnu/pkgconfig:/home/chinchia120/autoware.ai/install/autoware_system_msgs/lib/pkgconfig:/home/chinchia120/autoware.ai/install/autoware_msgs/lib/x86_64-linux-gnu/pkgconfig:/home/chinchia120/autoware.ai/install/autoware_msgs/lib/pkgconfig:/home/chinchia120/autoware.ai/install/autoware_build_flags/lib/x86_64-linux-gnu/pkgconfig:/home/chinchia120/autoware.ai/install/autoware_build_flags/lib/pkgconfig:${PKG_CONFIG_PATH} PYTHONPATH=/home/chinchia120/autoware.ai/install/autoware_system_msgs/lib/python2.7/dist-packages:/home/chinchia120/autoware.ai/install/autoware_msgs/lib/python2.7/dist-packages:${PYTHONPATH} ROS_PACKAGE_PATH=/home/chinchia120/autoware.ai/install/autoware_health_checker/share:/home/chinchia120/autoware.ai/install/amathutils_lib/share:/home/chinchia120/autoware.ai/install/ros_observer/share:/home/chinchia120/autoware.ai/install/autoware_system_msgs/share:/home/chinchia120/autoware.ai/install/autoware_msgs/share:/home/chinchia120/autoware.ai/install/autoware_build_flags/share:${ROS_PACKAGE_PATH} /usr/bin/cmake --build /home/chinchia120/autoware.ai/build/mpc_follower --target install -- -j4 -l4
[209.120s] [  0%] Built target autoware_system_msgs_generate_messages_py
[209.185s] [  0%] Built target actionlib_generate_messages_cpp
[209.244s] [  0%] Built target pcl_msgs_generate_messages_eus
[209.311s] [  0%] Built target rosgraph_msgs_generate_messages_eus
[209.368s] [  0%] Built target jsk_recognition_msgs_generate_messages_lisp
[209.436s] [  0%] Built target jsk_recognition_msgs_generate_messages_eus
[209.512s] [  0%] Built target tf2_msgs_generate_messages_cpp
[209.580s] [  0%] Built target std_msgs_generate_messages_py
[209.637s] [  0%] Built target autoware_msgs_generate_messages_py
[209.695s] [  0%] Built target std_msgs_generate_messages_nodejs
[209.761s] [  0%] Built target sensor_msgs_generate_messages_eus
[209.827s] [  0%] Built target _catkin_empty_exported_target
[209.901s] [  0%] Built target sensor_msgs_generate_messages_cpp
[209.971s] [  0%] Built target autoware_msgs_generate_messages_cpp
[210.027s] [  0%] Built target rosgraph_msgs_generate_messages_cpp
[210.096s] [  0%] Built target pcl_msgs_generate_messages_nodejs
[210.157s] [  0%] Built target jsk_recognition_msgs_generate_messages_py
[210.223s] [  0%] Built target sensor_msgs_generate_messages_lisp
[210.283s] [  0%] Built target sensor_msgs_generate_messages_py
[210.337s] [  0%] Built target tf_generate_messages_py
[210.397s] [  0%] Built target std_msgs_generate_messages_cpp
[210.469s] [  0%] Built target jsk_footstep_msgs_generate_messages_py
[210.534s] [  0%] Built target actionlib_msgs_generate_messages_nodejs
[210.606s] [  0%] Built target geometry_msgs_generate_messages_eus
[210.664s] [  0%] Built target std_msgs_generate_messages_lisp
[210.730s] [  0%] Built target roscpp_generate_messages_nodejs
[210.813s] [  0%] Built target autoware_system_msgs_generate_messages_cpp
[210.890s] [  0%] Built target geometry_msgs_generate_messages_nodejs
[210.961s] [  0%] Built target geometry_msgs_generate_messages_lisp
[211.028s] [  0%] Built target pcl_msgs_generate_messages_cpp
[211.095s] [  0%] Built target jsk_recognition_msgs_generate_messages_cpp
[211.156s] [  0%] Built target autoware_msgs_generate_messages_eus
[211.222s] [  0%] Built target autoware_msgs_generate_messages_lisp
[211.279s] [  0%] Built target std_msgs_generate_messages_eus
[211.348s] [  0%] Built target autoware_msgs_generate_messages_nodejs
[211.413s] [  0%] Built target jsk_footstep_msgs_generate_messages_eus
[211.470s] [  0%] Built target actionlib_msgs_generate_messages_py
[211.539s] [  0%] Built target jsk_footstep_msgs_generate_messages_lisp
[211.611s] [  0%] Built target jsk_footstep_msgs_generate_messages_nodejs
[211.673s] [  0%] Built target autoware_system_msgs_generate_messages_nodejs
[211.740s] [  0%] Built target actionlib_msgs_generate_messages_lisp
[211.803s] [  0%] Built target jsk_footstep_msgs_generate_messages_cpp
[211.874s] [  0%] Built target actionlib_msgs_generate_messages_cpp
[211.943s] [  0%] Built target tf_generate_messages_eus
[212.012s] [  0%] Built target tf_generate_messages_lisp
[212.073s] [  0%] Built target tf_generate_messages_nodejs
[212.142s] [  0%] Built target jsk_recognition_msgs_generate_messages_nodejs
[212.214s] [  0%] Built target roscpp_generate_messages_lisp
[212.296s] [  0%] Built target roscpp_generate_messages_py
[212.367s] [  0%] Built target rosgraph_msgs_generate_messages_lisp
[212.445s] [  0%] Built target rosgraph_msgs_generate_messages_nodejs
[212.529s] [  0%] Built target roscpp_generate_messages_eus
[212.602s] [  0%] Built target actionlib_msgs_generate_messages_eus
[212.692s] [  0%] Built target rosgraph_msgs_generate_messages_py
[212.766s] [  0%] Built target pcl_msgs_generate_messages_py
[212.839s] [  0%] Built target actionlib_generate_messages_eus
[212.914s] [  0%] Built target geometry_msgs_generate_messages_cpp
[212.993s] [  0%] Built target actionlib_generate_messages_lisp
[213.062s] [  0%] Built target pcl_msgs_generate_messages_lisp
[213.135s] [  0%] Built target tf_generate_messages_cpp
[213.223s] [  0%] Built target actionlib_generate_messages_nodejs
[213.295s] [  0%] Built target autoware_system_msgs_generate_messages_eus
[213.379s] [  0%] Built target tf2_msgs_generate_messages_eus
[213.459s] [  0%] Built target tf2_msgs_generate_messages_lisp
[213.544s] [  0%] Built target actionlib_generate_messages_py
[213.621s] [  0%] Built target tf2_msgs_generate_messages_py
[213.690s] [  0%] Built target autoware_system_msgs_generate_messages_lisp
[213.759s] [  0%] Built target tf2_msgs_generate_messages_nodejs
[213.823s] [  0%] Built target sensor_msgs_generate_messages_nodejs
[213.890s] [  0%] Built target roscpp_generate_messages_cpp
[213.966s] [  0%] Built target geometry_msgs_generate_messages_py
[214.074s] [ 86%] Built target mpc_follower
[214.166s] [100%] Built target mpc_waypoints_converter
[214.231s] [36mInstall the project...[0m
[214.258s] -- Install configuration: "Release"
[214.260s] -- Installing: /home/chinchia120/autoware.ai/install/mpc_follower/lib/pkgconfig/mpc_follower.pc
[214.262s] -- Installing: /home/chinchia120/autoware.ai/install/mpc_follower/share/mpc_follower/cmake/mpc_followerConfig.cmake
[214.263s] -- Installing: /home/chinchia120/autoware.ai/install/mpc_follower/share/mpc_follower/cmake/mpc_followerConfig-version.cmake
[214.264s] -- Installing: /home/chinchia120/autoware.ai/install/mpc_follower/share/mpc_follower/package.xml
[214.264s] -- Installing: /home/chinchia120/autoware.ai/install/mpc_follower/lib/mpc_follower/mpc_follower
[214.289s] -- Set runtime path of "/home/chinchia120/autoware.ai/install/mpc_follower/lib/mpc_follower/mpc_follower" to ""
[214.289s] -- Installing: /home/chinchia120/autoware.ai/install/mpc_follower/lib/mpc_follower/mpc_waypoints_converter
[214.299s] -- Set runtime path of "/home/chinchia120/autoware.ai/install/mpc_follower/lib/mpc_follower/mpc_waypoints_converter" to ""
[214.300s] -- Installing: /home/chinchia120/autoware.ai/install/mpc_follower/include/mpc_follower
[214.300s] -- Installing: /home/chinchia120/autoware.ai/install/mpc_follower/include/mpc_follower/qp_solver
[214.300s] -- Installing: /home/chinchia120/autoware.ai/install/mpc_follower/include/mpc_follower/qp_solver/qp_solver_interface.h
[214.301s] -- Installing: /home/chinchia120/autoware.ai/install/mpc_follower/include/mpc_follower/qp_solver/qp_solver_unconstr_fast.h
[214.301s] -- Installing: /home/chinchia120/autoware.ai/install/mpc_follower/include/mpc_follower/qp_solver/qp_solver_unconstr.h
[214.301s] -- Installing: /home/chinchia120/autoware.ai/install/mpc_follower/include/mpc_follower/qp_solver/qp_solver_qpoases.h
[214.302s] -- Installing: /home/chinchia120/autoware.ai/install/mpc_follower/include/mpc_follower/mpc_utils.h
[214.302s] -- Installing: /home/chinchia120/autoware.ai/install/mpc_follower/include/mpc_follower/mpc_trajectory.h
[214.302s] -- Installing: /home/chinchia120/autoware.ai/install/mpc_follower/include/mpc_follower/mpc_follower_core.h
[214.303s] -- Installing: /home/chinchia120/autoware.ai/install/mpc_follower/include/mpc_follower/vehicle_model
[214.303s] -- Installing: /home/chinchia120/autoware.ai/install/mpc_follower/include/mpc_follower/vehicle_model/vehicle_model_interface.h
[214.304s] -- Installing: /home/chinchia120/autoware.ai/install/mpc_follower/include/mpc_follower/vehicle_model/vehicle_model_bicycle_kinematics_no_delay.h
[214.304s] -- Installing: /home/chinchia120/autoware.ai/install/mpc_follower/include/mpc_follower/vehicle_model/vehicle_model_bicycle_kinematics.h
[214.304s] -- Installing: /home/chinchia120/autoware.ai/install/mpc_follower/include/mpc_follower/vehicle_model/vehicle_model_bicycle_dynamics.h
[214.305s] -- Installing: /home/chinchia120/autoware.ai/install/mpc_follower/include/mpc_follower/lowpass_filter.h
[214.305s] -- Installing: /home/chinchia120/autoware.ai/install/mpc_follower/share/mpc_follower/launch
[214.306s] -- Installing: /home/chinchia120/autoware.ai/install/mpc_follower/share/mpc_follower/launch/mpc_follower.launch
[214.322s] Invoked command in '/home/chinchia120/autoware.ai/build/mpc_follower' returned '0': CMAKE_PREFIX_PATH=/home/chinchia120/autoware.ai/install/autoware_health_checker:/home/chinchia120/autoware.ai/install/amathutils_lib:/home/chinchia120/autoware.ai/install/ros_observer:/home/chinchia120/autoware.ai/install/autoware_system_msgs:/home/chinchia120/autoware.ai/install/autoware_msgs:/home/chinchia120/autoware.ai/install/autoware_build_flags:${CMAKE_PREFIX_PATH} LD_LIBRARY_PATH=/home/chinchia120/autoware.ai/install/autoware_health_checker/lib:/home/chinchia120/autoware.ai/install/amathutils_lib/lib:/home/chinchia120/autoware.ai/install/ros_observer/lib:${LD_LIBRARY_PATH} PKG_CONFIG_PATH=/home/chinchia120/autoware.ai/install/autoware_health_checker/lib/x86_64-linux-gnu/pkgconfig:/home/chinchia120/autoware.ai/install/autoware_health_checker/lib/pkgconfig:/home/chinchia120/autoware.ai/install/amathutils_lib/lib/x86_64-linux-gnu/pkgconfig:/home/chinchia120/autoware.ai/install/amathutils_lib/lib/pkgconfig:/home/chinchia120/autoware.ai/install/ros_observer/lib/x86_64-linux-gnu/pkgconfig:/home/chinchia120/autoware.ai/install/ros_observer/lib/pkgconfig:/home/chinchia120/autoware.ai/install/autoware_system_msgs/lib/x86_64-linux-gnu/pkgconfig:/home/chinchia120/autoware.ai/install/autoware_system_msgs/lib/pkgconfig:/home/chinchia120/autoware.ai/install/autoware_msgs/lib/x86_64-linux-gnu/pkgconfig:/home/chinchia120/autoware.ai/install/autoware_msgs/lib/pkgconfig:/home/chinchia120/autoware.ai/install/autoware_build_flags/lib/x86_64-linux-gnu/pkgconfig:/home/chinchia120/autoware.ai/install/autoware_build_flags/lib/pkgconfig:${PKG_CONFIG_PATH} PYTHONPATH=/home/chinchia120/autoware.ai/install/autoware_system_msgs/lib/python2.7/dist-packages:/home/chinchia120/autoware.ai/install/autoware_msgs/lib/python2.7/dist-packages:${PYTHONPATH} ROS_PACKAGE_PATH=/home/chinchia120/autoware.ai/install/autoware_health_checker/share:/home/chinchia120/autoware.ai/install/amathutils_lib/share:/home/chinchia120/autoware.ai/install/ros_observer/share:/home/chinchia120/autoware.ai/install/autoware_system_msgs/share:/home/chinchia120/autoware.ai/install/autoware_msgs/share:/home/chinchia120/autoware.ai/install/autoware_build_flags/share:${ROS_PACKAGE_PATH} /usr/bin/cmake --build /home/chinchia120/autoware.ai/build/mpc_follower --target install -- -j4 -l4
