[0.389s] Invoking command in '/home/chinchia120/autoware.ai/build/decision_maker': CMAKE_PREFIX_PATH=/home/chinchia120/autoware.ai/install/lanelet2_extension:/home/chinchia120/autoware.ai/install/lanelet2_validation:/home/chinchia120/autoware.ai/install/lanelet2_routing:/home/chinchia120/autoware.ai/install/lanelet2_projection:/home/chinchia120/autoware.ai/install/lanelet2_traffic_rules:/home/chinchia120/autoware.ai/install/lanelet2_maps:/home/chinchia120/autoware.ai/install/lanelet2_io:/home/chinchia120/autoware.ai/install/vector_map:/home/chinchia120/autoware.ai/install/state_machine_lib:/home/chinchia120/autoware.ai/install/lanelet2_core:/home/chinchia120/autoware.ai/install/amathutils_lib:/home/chinchia120/autoware.ai/install/vector_map_msgs:/home/chinchia120/autoware.ai/install/autoware_msgs:/home/chinchia120/autoware.ai/install/autoware_lanelet2_msgs:/home/chinchia120/autoware.ai/install/autoware_config_msgs:/home/chinchia120/autoware.ai/install/autoware_build_flags:${CMAKE_PREFIX_PATH} LD_LIBRARY_PATH=/home/chinchia120/autoware.ai/install/lanelet2_extension/lib:/home/chinchia120/autoware.ai/install/lanelet2_validation/lib:/home/chinchia120/autoware.ai/install/lanelet2_routing/lib:/home/chinchia120/autoware.ai/install/lanelet2_projection/lib:/home/chinchia120/autoware.ai/install/lanelet2_traffic_rules/lib:/home/chinchia120/autoware.ai/install/lanelet2_io/lib:/home/chinchia120/autoware.ai/install/vector_map/lib:/home/chinchia120/autoware.ai/install/state_machine_lib/lib:/home/chinchia120/autoware.ai/install/lanelet2_core/lib:/home/chinchia120/autoware.ai/install/amathutils_lib/lib:${LD_LIBRARY_PATH} PKG_CONFIG_PATH=/home/chinchia120/autoware.ai/install/lanelet2_extension/lib/x86_64-linux-gnu/pkgconfig:/home/chinchia120/autoware.ai/install/lanelet2_extension/lib/pkgconfig:/home/chinchia120/autoware.ai/install/lanelet2_validation/lib/x86_64-linux-gnu/pkgconfig:/home/chinchia120/autoware.ai/install/lanelet2_validation/lib/pkgconfig:/home/chinchia120/autoware.ai/install/lanelet2_routing/lib/x86_64-linux-gnu/pkgconfig:/home/chinchia120/autoware.ai/install/lanelet2_routing/lib/pkgconfig:/home/chinchia120/autoware.ai/install/lanelet2_projection/lib/x86_64-linux-gnu/pkgconfig:/home/chinchia120/autoware.ai/install/lanelet2_projection/lib/pkgconfig:/home/chinchia120/autoware.ai/install/lanelet2_traffic_rules/lib/x86_64-linux-gnu/pkgconfig:/home/chinchia120/autoware.ai/install/lanelet2_traffic_rules/lib/pkgconfig:/home/chinchia120/autoware.ai/install/lanelet2_maps/lib/x86_64-linux-gnu/pkgconfig:/home/chinchia120/autoware.ai/install/lanelet2_maps/lib/pkgconfig:/home/chinchia120/autoware.ai/install/lanelet2_io/lib/x86_64-linux-gnu/pkgconfig:/home/chinchia120/autoware.ai/install/lanelet2_io/lib/pkgconfig:/home/chinchia120/autoware.ai/install/vector_map/lib/x86_64-linux-gnu/pkgconfig:/home/chinchia120/autoware.ai/install/vector_map/lib/pkgconfig:/home/chinchia120/autoware.ai/install/state_machine_lib/lib/x86_64-linux-gnu/pkgconfig:/home/chinchia120/autoware.ai/install/state_machine_lib/lib/pkgconfig:/home/chinchia120/autoware.ai/install/lanelet2_core/lib/x86_64-linux-gnu/pkgconfig:/home/chinchia120/autoware.ai/install/lanelet2_core/lib/pkgconfig:/home/chinchia120/autoware.ai/install/amathutils_lib/lib/x86_64-linux-gnu/pkgconfig:/home/chinchia120/autoware.ai/install/amathutils_lib/lib/pkgconfig:/home/chinchia120/autoware.ai/install/vector_map_msgs/lib/x86_64-linux-gnu/pkgconfig:/home/chinchia120/autoware.ai/install/vector_map_msgs/lib/pkgconfig:/home/chinchia120/autoware.ai/install/autoware_msgs/lib/x86_64-linux-gnu/pkgconfig:/home/chinchia120/autoware.ai/install/autoware_msgs/lib/pkgconfig:/home/chinchia120/autoware.ai/install/autoware_lanelet2_msgs/lib/x86_64-linux-gnu/pkgconfig:/home/chinchia120/autoware.ai/install/autoware_lanelet2_msgs/lib/pkgconfig:/home/chinchia120/autoware.ai/install/autoware_config_msgs/lib/x86_64-linux-gnu/pkgconfig:/home/chinchia120/autoware.ai/install/autoware_config_msgs/lib/pkgconfig:/home/chinchia120/autoware.ai/install/autoware_build_flags/lib/x86_64-linux-gnu/pkgconfig:/home/chinchia120/autoware.ai/install/autoware_build_flags/lib/pkgconfig:${PKG_CONFIG_PATH} PYTHONPATH=/home/chinchia120/autoware.ai/install/vector_map_msgs/lib/python2.7/dist-packages:/home/chinchia120/autoware.ai/install/autoware_msgs/lib/python2.7/dist-packages:/home/chinchia120/autoware.ai/install/autoware_lanelet2_msgs/lib/python2.7/dist-packages:/home/chinchia120/autoware.ai/install/autoware_config_msgs/lib/python2.7/dist-packages:${PYTHONPATH} ROS_PACKAGE_PATH=/home/chinchia120/autoware.ai/install/lanelet2_extension/share:/home/chinchia120/autoware.ai/install/lanelet2_validation/share:/home/chinchia120/autoware.ai/install/lanelet2_routing/share:/home/chinchia120/autoware.ai/install/lanelet2_projection/share:/home/chinchia120/autoware.ai/install/lanelet2_traffic_rules/share:/home/chinchia120/autoware.ai/install/lanelet2_maps/share:/home/chinchia120/autoware.ai/install/lanelet2_io/share:/home/chinchia120/autoware.ai/install/vector_map/share:/home/chinchia120/autoware.ai/install/state_machine_lib/share:/home/chinchia120/autoware.ai/install/lanelet2_core/share:/home/chinchia120/autoware.ai/install/amathutils_lib/share:/home/chinchia120/autoware.ai/install/vector_map_msgs/share:/home/chinchia120/autoware.ai/install/autoware_msgs/share:/home/chinchia120/autoware.ai/install/autoware_lanelet2_msgs/share:/home/chinchia120/autoware.ai/install/autoware_config_msgs/share:/home/chinchia120/autoware.ai/install/autoware_build_flags/share:${ROS_PACKAGE_PATH} /usr/bin/cmake /home/chinchia120/autoware.ai/src/autoware/core_planning/decision_maker -DCMAKE_BUILD_TYPE=Release -DCATKIN_INSTALL_INTO_PREFIX_ROOT=0 -DCMAKE_INSTALL_PREFIX=/home/chinchia120/autoware.ai/install/decision_maker
[0.621s] -- The C compiler identification is GNU 7.5.0
[0.823s] -- The CXX compiler identification is GNU 7.5.0
[0.839s] -- Check for working C compiler: /usr/bin/cc
[1.110s] -- Check for working C compiler: /usr/bin/cc -- works
[1.111s] -- Detecting C compiler ABI info
[1.386s] -- Detecting C compiler ABI info - done
[1.415s] -- Detecting C compile features
[2.044s] -- Detecting C compile features - done
[2.053s] -- Check for working CXX compiler: /usr/bin/c++
[2.350s] -- Check for working CXX compiler: /usr/bin/c++ -- works
[2.352s] -- Detecting CXX compiler ABI info
[2.711s] -- Detecting CXX compiler ABI info - done
[2.755s] -- Detecting CXX compile features
[4.105s] -- Detecting CXX compile features - done
[4.119s] -- CUDA compilation status: 1.
[4.125s] -- Using CATKIN_DEVEL_PREFIX: /home/chinchia120/autoware.ai/build/decision_maker/devel
[4.125s] -- Using CMAKE_PREFIX_PATH: /home/chinchia120/autoware.ai/install/lanelet2_extension;/home/chinchia120/autoware.ai/install/lanelet2_validation;/home/chinchia120/autoware.ai/install/lanelet2_routing;/home/chinchia120/autoware.ai/install/lanelet2_projection;/home/chinchia120/autoware.ai/install/lanelet2_traffic_rules;/home/chinchia120/autoware.ai/install/lanelet2_maps;/home/chinchia120/autoware.ai/install/lanelet2_io;/home/chinchia120/autoware.ai/install/vector_map;/home/chinchia120/autoware.ai/install/state_machine_lib;/home/chinchia120/autoware.ai/install/lanelet2_core;/home/chinchia120/autoware.ai/install/amathutils_lib;/home/chinchia120/autoware.ai/install/vector_map_msgs;/home/chinchia120/autoware.ai/install/autoware_msgs;/home/chinchia120/autoware.ai/install/autoware_lanelet2_msgs;/home/chinchia120/autoware.ai/install/autoware_config_msgs;/home/chinchia120/autoware.ai/install/autoware_build_flags;/home/chinchia120/catkin_ws/devel;/opt/ros/melodic
[4.128s] -- This workspace overlays: /home/chinchia120/autoware.ai/install/lanelet2_extension;/home/chinchia120/autoware.ai/install/lanelet2_validation;/home/chinchia120/autoware.ai/install/lanelet2_routing;/home/chinchia120/autoware.ai/install/lanelet2_projection;/home/chinchia120/autoware.ai/install/lanelet2_traffic_rules;/home/chinchia120/autoware.ai/install/lanelet2_maps;/home/chinchia120/autoware.ai/install/lanelet2_io;/home/chinchia120/autoware.ai/install/vector_map;/home/chinchia120/autoware.ai/install/state_machine_lib;/home/chinchia120/autoware.ai/install/lanelet2_core;/home/chinchia120/autoware.ai/install/amathutils_lib;/home/chinchia120/autoware.ai/install/vector_map_msgs;/home/chinchia120/autoware.ai/install/autoware_msgs;/home/chinchia120/autoware.ai/install/autoware_lanelet2_msgs;/home/chinchia120/autoware.ai/install/autoware_config_msgs;/home/chinchia120/autoware.ai/install/autoware_build_flags;/home/chinchia120/catkin_ws/devel;/opt/ros/melodic
[4.161s] -- Found PythonInterp: /usr/bin/python2 (found suitable version "2.7.17", minimum required is "2") 
[4.161s] -- Using PYTHON_EXECUTABLE: /usr/bin/python2
[4.161s] -- Using Debian Python package layout
[4.162s] -- Using empy: /usr/bin/empy
[4.475s] -- Using CATKIN_ENABLE_TESTING: ON
[4.475s] -- Call enable_testing()
[4.481s] -- Using CATKIN_TEST_RESULTS_DIR: /home/chinchia120/autoware.ai/build/decision_maker/test_results
[4.534s] -- Found gtest sources under '/usr/src/googletest': gtests will be built
[4.534s] -- Found gmock sources under '/usr/src/googletest': gmock will be built
[4.562s] -- Found PythonInterp: /usr/bin/python2 (found version "2.7.17") 
[4.564s] -- Looking for pthread.h
[4.763s] -- Looking for pthread.h - found
[4.764s] -- Looking for pthread_create
[4.956s] -- Looking for pthread_create - not found
[4.956s] -- Looking for pthread_create in pthreads
[5.097s] -- Looking for pthread_create in pthreads - not found
[5.098s] -- Looking for pthread_create in pthread
[5.279s] -- Looking for pthread_create in pthread - found
[5.281s] -- Found Threads: TRUE  
[5.290s] -- Using Python nosetests: /usr/bin/nosetests-2.7
[5.391s] -- catkin 0.7.29
[5.392s] -- BUILD_SHARED_LIBS is on
[5.862s] -- Using these message generators: gencpp;geneus;genlisp;gennodejs;genpy
[11.164s] -- Configuring done
[11.742s] -- Generating done
[11.816s] -- Build files have been written to: /home/chinchia120/autoware.ai/build/decision_maker
[11.836s] Invoked command in '/home/chinchia120/autoware.ai/build/decision_maker' returned '0': CMAKE_PREFIX_PATH=/home/chinchia120/autoware.ai/install/lanelet2_extension:/home/chinchia120/autoware.ai/install/lanelet2_validation:/home/chinchia120/autoware.ai/install/lanelet2_routing:/home/chinchia120/autoware.ai/install/lanelet2_projection:/home/chinchia120/autoware.ai/install/lanelet2_traffic_rules:/home/chinchia120/autoware.ai/install/lanelet2_maps:/home/chinchia120/autoware.ai/install/lanelet2_io:/home/chinchia120/autoware.ai/install/vector_map:/home/chinchia120/autoware.ai/install/state_machine_lib:/home/chinchia120/autoware.ai/install/lanelet2_core:/home/chinchia120/autoware.ai/install/amathutils_lib:/home/chinchia120/autoware.ai/install/vector_map_msgs:/home/chinchia120/autoware.ai/install/autoware_msgs:/home/chinchia120/autoware.ai/install/autoware_lanelet2_msgs:/home/chinchia120/autoware.ai/install/autoware_config_msgs:/home/chinchia120/autoware.ai/install/autoware_build_flags:${CMAKE_PREFIX_PATH} LD_LIBRARY_PATH=/home/chinchia120/autoware.ai/install/lanelet2_extension/lib:/home/chinchia120/autoware.ai/install/lanelet2_validation/lib:/home/chinchia120/autoware.ai/install/lanelet2_routing/lib:/home/chinchia120/autoware.ai/install/lanelet2_projection/lib:/home/chinchia120/autoware.ai/install/lanelet2_traffic_rules/lib:/home/chinchia120/autoware.ai/install/lanelet2_io/lib:/home/chinchia120/autoware.ai/install/vector_map/lib:/home/chinchia120/autoware.ai/install/state_machine_lib/lib:/home/chinchia120/autoware.ai/install/lanelet2_core/lib:/home/chinchia120/autoware.ai/install/amathutils_lib/lib:${LD_LIBRARY_PATH} PKG_CONFIG_PATH=/home/chinchia120/autoware.ai/install/lanelet2_extension/lib/x86_64-linux-gnu/pkgconfig:/home/chinchia120/autoware.ai/install/lanelet2_extension/lib/pkgconfig:/home/chinchia120/autoware.ai/install/lanelet2_validation/lib/x86_64-linux-gnu/pkgconfig:/home/chinchia120/autoware.ai/install/lanelet2_validation/lib/pkgconfig:/home/chinchia120/autoware.ai/install/lanelet2_routing/lib/x86_64-linux-gnu/pkgconfig:/home/chinchia120/autoware.ai/install/lanelet2_routing/lib/pkgconfig:/home/chinchia120/autoware.ai/install/lanelet2_projection/lib/x86_64-linux-gnu/pkgconfig:/home/chinchia120/autoware.ai/install/lanelet2_projection/lib/pkgconfig:/home/chinchia120/autoware.ai/install/lanelet2_traffic_rules/lib/x86_64-linux-gnu/pkgconfig:/home/chinchia120/autoware.ai/install/lanelet2_traffic_rules/lib/pkgconfig:/home/chinchia120/autoware.ai/install/lanelet2_maps/lib/x86_64-linux-gnu/pkgconfig:/home/chinchia120/autoware.ai/install/lanelet2_maps/lib/pkgconfig:/home/chinchia120/autoware.ai/install/lanelet2_io/lib/x86_64-linux-gnu/pkgconfig:/home/chinchia120/autoware.ai/install/lanelet2_io/lib/pkgconfig:/home/chinchia120/autoware.ai/install/vector_map/lib/x86_64-linux-gnu/pkgconfig:/home/chinchia120/autoware.ai/install/vector_map/lib/pkgconfig:/home/chinchia120/autoware.ai/install/state_machine_lib/lib/x86_64-linux-gnu/pkgconfig:/home/chinchia120/autoware.ai/install/state_machine_lib/lib/pkgconfig:/home/chinchia120/autoware.ai/install/lanelet2_core/lib/x86_64-linux-gnu/pkgconfig:/home/chinchia120/autoware.ai/install/lanelet2_core/lib/pkgconfig:/home/chinchia120/autoware.ai/install/amathutils_lib/lib/x86_64-linux-gnu/pkgconfig:/home/chinchia120/autoware.ai/install/amathutils_lib/lib/pkgconfig:/home/chinchia120/autoware.ai/install/vector_map_msgs/lib/x86_64-linux-gnu/pkgconfig:/home/chinchia120/autoware.ai/install/vector_map_msgs/lib/pkgconfig:/home/chinchia120/autoware.ai/install/autoware_msgs/lib/x86_64-linux-gnu/pkgconfig:/home/chinchia120/autoware.ai/install/autoware_msgs/lib/pkgconfig:/home/chinchia120/autoware.ai/install/autoware_lanelet2_msgs/lib/x86_64-linux-gnu/pkgconfig:/home/chinchia120/autoware.ai/install/autoware_lanelet2_msgs/lib/pkgconfig:/home/chinchia120/autoware.ai/install/autoware_config_msgs/lib/x86_64-linux-gnu/pkgconfig:/home/chinchia120/autoware.ai/install/autoware_config_msgs/lib/pkgconfig:/home/chinchia120/autoware.ai/install/autoware_build_flags/lib/x86_64-linux-gnu/pkgconfig:/home/chinchia120/autoware.ai/install/autoware_build_flags/lib/pkgconfig:${PKG_CONFIG_PATH} PYTHONPATH=/home/chinchia120/autoware.ai/install/vector_map_msgs/lib/python2.7/dist-packages:/home/chinchia120/autoware.ai/install/autoware_msgs/lib/python2.7/dist-packages:/home/chinchia120/autoware.ai/install/autoware_lanelet2_msgs/lib/python2.7/dist-packages:/home/chinchia120/autoware.ai/install/autoware_config_msgs/lib/python2.7/dist-packages:${PYTHONPATH} ROS_PACKAGE_PATH=/home/chinchia120/autoware.ai/install/lanelet2_extension/share:/home/chinchia120/autoware.ai/install/lanelet2_validation/share:/home/chinchia120/autoware.ai/install/lanelet2_routing/share:/home/chinchia120/autoware.ai/install/lanelet2_projection/share:/home/chinchia120/autoware.ai/install/lanelet2_traffic_rules/share:/home/chinchia120/autoware.ai/install/lanelet2_maps/share:/home/chinchia120/autoware.ai/install/lanelet2_io/share:/home/chinchia120/autoware.ai/install/vector_map/share:/home/chinchia120/autoware.ai/install/state_machine_lib/share:/home/chinchia120/autoware.ai/install/lanelet2_core/share:/home/chinchia120/autoware.ai/install/amathutils_lib/share:/home/chinchia120/autoware.ai/install/vector_map_msgs/share:/home/chinchia120/autoware.ai/install/autoware_msgs/share:/home/chinchia120/autoware.ai/install/autoware_lanelet2_msgs/share:/home/chinchia120/autoware.ai/install/autoware_config_msgs/share:/home/chinchia120/autoware.ai/install/autoware_build_flags/share:${ROS_PACKAGE_PATH} /usr/bin/cmake /home/chinchia120/autoware.ai/src/autoware/core_planning/decision_maker -DCMAKE_BUILD_TYPE=Release -DCATKIN_INSTALL_INTO_PREFIX_ROOT=0 -DCMAKE_INSTALL_PREFIX=/home/chinchia120/autoware.ai/install/decision_maker
[11.840s] Invoking command in '/home/chinchia120/autoware.ai/build/decision_maker': CMAKE_PREFIX_PATH=/home/chinchia120/autoware.ai/install/lanelet2_extension:/home/chinchia120/autoware.ai/install/lanelet2_validation:/home/chinchia120/autoware.ai/install/lanelet2_routing:/home/chinchia120/autoware.ai/install/lanelet2_projection:/home/chinchia120/autoware.ai/install/lanelet2_traffic_rules:/home/chinchia120/autoware.ai/install/lanelet2_maps:/home/chinchia120/autoware.ai/install/lanelet2_io:/home/chinchia120/autoware.ai/install/vector_map:/home/chinchia120/autoware.ai/install/state_machine_lib:/home/chinchia120/autoware.ai/install/lanelet2_core:/home/chinchia120/autoware.ai/install/amathutils_lib:/home/chinchia120/autoware.ai/install/vector_map_msgs:/home/chinchia120/autoware.ai/install/autoware_msgs:/home/chinchia120/autoware.ai/install/autoware_lanelet2_msgs:/home/chinchia120/autoware.ai/install/autoware_config_msgs:/home/chinchia120/autoware.ai/install/autoware_build_flags:${CMAKE_PREFIX_PATH} LD_LIBRARY_PATH=/home/chinchia120/autoware.ai/install/lanelet2_extension/lib:/home/chinchia120/autoware.ai/install/lanelet2_validation/lib:/home/chinchia120/autoware.ai/install/lanelet2_routing/lib:/home/chinchia120/autoware.ai/install/lanelet2_projection/lib:/home/chinchia120/autoware.ai/install/lanelet2_traffic_rules/lib:/home/chinchia120/autoware.ai/install/lanelet2_io/lib:/home/chinchia120/autoware.ai/install/vector_map/lib:/home/chinchia120/autoware.ai/install/state_machine_lib/lib:/home/chinchia120/autoware.ai/install/lanelet2_core/lib:/home/chinchia120/autoware.ai/install/amathutils_lib/lib:${LD_LIBRARY_PATH} PKG_CONFIG_PATH=/home/chinchia120/autoware.ai/install/lanelet2_extension/lib/x86_64-linux-gnu/pkgconfig:/home/chinchia120/autoware.ai/install/lanelet2_extension/lib/pkgconfig:/home/chinchia120/autoware.ai/install/lanelet2_validation/lib/x86_64-linux-gnu/pkgconfig:/home/chinchia120/autoware.ai/install/lanelet2_validation/lib/pkgconfig:/home/chinchia120/autoware.ai/install/lanelet2_routing/lib/x86_64-linux-gnu/pkgconfig:/home/chinchia120/autoware.ai/install/lanelet2_routing/lib/pkgconfig:/home/chinchia120/autoware.ai/install/lanelet2_projection/lib/x86_64-linux-gnu/pkgconfig:/home/chinchia120/autoware.ai/install/lanelet2_projection/lib/pkgconfig:/home/chinchia120/autoware.ai/install/lanelet2_traffic_rules/lib/x86_64-linux-gnu/pkgconfig:/home/chinchia120/autoware.ai/install/lanelet2_traffic_rules/lib/pkgconfig:/home/chinchia120/autoware.ai/install/lanelet2_maps/lib/x86_64-linux-gnu/pkgconfig:/home/chinchia120/autoware.ai/install/lanelet2_maps/lib/pkgconfig:/home/chinchia120/autoware.ai/install/lanelet2_io/lib/x86_64-linux-gnu/pkgconfig:/home/chinchia120/autoware.ai/install/lanelet2_io/lib/pkgconfig:/home/chinchia120/autoware.ai/install/vector_map/lib/x86_64-linux-gnu/pkgconfig:/home/chinchia120/autoware.ai/install/vector_map/lib/pkgconfig:/home/chinchia120/autoware.ai/install/state_machine_lib/lib/x86_64-linux-gnu/pkgconfig:/home/chinchia120/autoware.ai/install/state_machine_lib/lib/pkgconfig:/home/chinchia120/autoware.ai/install/lanelet2_core/lib/x86_64-linux-gnu/pkgconfig:/home/chinchia120/autoware.ai/install/lanelet2_core/lib/pkgconfig:/home/chinchia120/autoware.ai/install/amathutils_lib/lib/x86_64-linux-gnu/pkgconfig:/home/chinchia120/autoware.ai/install/amathutils_lib/lib/pkgconfig:/home/chinchia120/autoware.ai/install/vector_map_msgs/lib/x86_64-linux-gnu/pkgconfig:/home/chinchia120/autoware.ai/install/vector_map_msgs/lib/pkgconfig:/home/chinchia120/autoware.ai/install/autoware_msgs/lib/x86_64-linux-gnu/pkgconfig:/home/chinchia120/autoware.ai/install/autoware_msgs/lib/pkgconfig:/home/chinchia120/autoware.ai/install/autoware_lanelet2_msgs/lib/x86_64-linux-gnu/pkgconfig:/home/chinchia120/autoware.ai/install/autoware_lanelet2_msgs/lib/pkgconfig:/home/chinchia120/autoware.ai/install/autoware_config_msgs/lib/x86_64-linux-gnu/pkgconfig:/home/chinchia120/autoware.ai/install/autoware_config_msgs/lib/pkgconfig:/home/chinchia120/autoware.ai/install/autoware_build_flags/lib/x86_64-linux-gnu/pkgconfig:/home/chinchia120/autoware.ai/install/autoware_build_flags/lib/pkgconfig:${PKG_CONFIG_PATH} PYTHONPATH=/home/chinchia120/autoware.ai/install/vector_map_msgs/lib/python2.7/dist-packages:/home/chinchia120/autoware.ai/install/autoware_msgs/lib/python2.7/dist-packages:/home/chinchia120/autoware.ai/install/autoware_lanelet2_msgs/lib/python2.7/dist-packages:/home/chinchia120/autoware.ai/install/autoware_config_msgs/lib/python2.7/dist-packages:${PYTHONPATH} ROS_PACKAGE_PATH=/home/chinchia120/autoware.ai/install/lanelet2_extension/share:/home/chinchia120/autoware.ai/install/lanelet2_validation/share:/home/chinchia120/autoware.ai/install/lanelet2_routing/share:/home/chinchia120/autoware.ai/install/lanelet2_projection/share:/home/chinchia120/autoware.ai/install/lanelet2_traffic_rules/share:/home/chinchia120/autoware.ai/install/lanelet2_maps/share:/home/chinchia120/autoware.ai/install/lanelet2_io/share:/home/chinchia120/autoware.ai/install/vector_map/share:/home/chinchia120/autoware.ai/install/state_machine_lib/share:/home/chinchia120/autoware.ai/install/lanelet2_core/share:/home/chinchia120/autoware.ai/install/amathutils_lib/share:/home/chinchia120/autoware.ai/install/vector_map_msgs/share:/home/chinchia120/autoware.ai/install/autoware_msgs/share:/home/chinchia120/autoware.ai/install/autoware_lanelet2_msgs/share:/home/chinchia120/autoware.ai/install/autoware_config_msgs/share:/home/chinchia120/autoware.ai/install/autoware_build_flags/share:${ROS_PACKAGE_PATH} /usr/bin/cmake --build /home/chinchia120/autoware.ai/build/decision_maker -- -j4 -l4
[11.989s] [35m[1mScanning dependencies of target actionlib_msgs_generate_messages_cpp[0m
[12.029s] [  0%] Built target actionlib_msgs_generate_messages_cpp
[12.067s] [35m[1mScanning dependencies of target tf2_msgs_generate_messages_nodejs[0m
[12.106s] [  0%] Built target tf2_msgs_generate_messages_nodejs
[12.147s] [35m[1mScanning dependencies of target tf2_msgs_generate_messages_py[0m
[12.193s] [  0%] Built target tf2_msgs_generate_messages_py
[12.238s] [35m[1mScanning dependencies of target actionlib_generate_messages_py[0m
[12.365s] [  0%] Built target actionlib_generate_messages_py
[12.418s] [35m[1mScanning dependencies of target map_msgs_generate_messages_cpp[0m
[12.456s] [  0%] Built target map_msgs_generate_messages_cpp
[12.501s] [35m[1mScanning dependencies of target visualization_msgs_generate_messages_cpp[0m
[12.540s] [  0%] Built target visualization_msgs_generate_messages_cpp
[12.578s] [35m[1mScanning dependencies of target nav_msgs_generate_messages_eus[0m
[12.619s] [  0%] Built target nav_msgs_generate_messages_eus
[12.658s] [35m[1mScanning dependencies of target actionlib_generate_messages_nodejs[0m
[12.700s] [  0%] Built target actionlib_generate_messages_nodejs
[12.739s] [35m[1mScanning dependencies of target tf_generate_messages_cpp[0m
[12.780s] [  0%] Built target tf_generate_messages_cpp
[12.822s] [35m[1mScanning dependencies of target pcl_msgs_generate_messages_lisp[0m
[12.862s] [  0%] Built target pcl_msgs_generate_messages_lisp
[12.905s] [35m[1mScanning dependencies of target actionlib_generate_messages_lisp[0m
[12.944s] [  0%] Built target actionlib_generate_messages_lisp
[12.987s] [35m[1mScanning dependencies of target pcl_msgs_generate_messages_py[0m
[13.025s] [  0%] Built target pcl_msgs_generate_messages_py
[13.064s] [35m[1mScanning dependencies of target jsk_rviz_plugins_generate_messages_eus[0m
[13.105s] [  0%] Built target jsk_rviz_plugins_generate_messages_eus
[13.144s] [35m[1mScanning dependencies of target autoware_config_msgs_generate_messages_py[0m
[13.192s] [  0%] Built target autoware_config_msgs_generate_messages_py
[13.230s] [35m[1mScanning dependencies of target rosgraph_msgs_generate_messages_py[0m
[13.268s] [  0%] Built target rosgraph_msgs_generate_messages_py
[13.312s] [35m[1mScanning dependencies of target actionlib_msgs_generate_messages_eus[0m
[13.350s] [  0%] Built target actionlib_msgs_generate_messages_eus
[13.395s] [35m[1mScanning dependencies of target roscpp_generate_messages_eus[0m
[13.432s] [  0%] Built target roscpp_generate_messages_eus
[13.458s] [35m[1mScanning dependencies of target rosgraph_msgs_generate_messages_nodejs[0m
[13.498s] [  0%] Built target rosgraph_msgs_generate_messages_nodejs
[13.534s] [35m[1mScanning dependencies of target autoware_config_msgs_generate_messages_cpp[0m
[13.565s] [  0%] Built target autoware_config_msgs_generate_messages_cpp
[13.600s] [35m[1mScanning dependencies of target roscpp_generate_messages_py[0m
[13.634s] [  0%] Built target roscpp_generate_messages_py
[13.664s] [35m[1mScanning dependencies of target roscpp_generate_messages_lisp[0m
[13.702s] [  0%] Built target roscpp_generate_messages_lisp
[13.732s] [35m[1mScanning dependencies of target jsk_recognition_msgs_generate_messages_nodejs[0m
[13.762s] [  0%] Built target jsk_recognition_msgs_generate_messages_nodejs
[13.795s] [35m[1mScanning dependencies of target autoware_lanelet2_msgs_generate_messages_py[0m
[13.832s] [  0%] Built target autoware_lanelet2_msgs_generate_messages_py
[13.865s] [35m[1mScanning dependencies of target tf_generate_messages_nodejs[0m
[13.896s] [  0%] Built target tf_generate_messages_nodejs
[13.927s] [35m[1mScanning dependencies of target autoware_config_msgs_generate_messages_nodejs[0m
[13.961s] [  0%] Built target autoware_config_msgs_generate_messages_nodejs
[13.998s] [35m[1mScanning dependencies of target tf_generate_messages_lisp[0m
[14.028s] [  0%] Built target tf_generate_messages_lisp
[14.056s] [35m[1mScanning dependencies of target tf_generate_messages_eus[0m
[14.088s] [  0%] Built target tf_generate_messages_eus
[14.112s] [35m[1mScanning dependencies of target jsk_footstep_msgs_generate_messages_cpp[0m
[14.138s] [  0%] Built target jsk_footstep_msgs_generate_messages_cpp
[14.166s] [35m[1mScanning dependencies of target actionlib_msgs_generate_messages_lisp[0m
[14.200s] [  0%] Built target actionlib_msgs_generate_messages_lisp
[14.235s] [35m[1mScanning dependencies of target jsk_footstep_msgs_generate_messages_lisp[0m
[14.266s] [  0%] Built target jsk_footstep_msgs_generate_messages_lisp
[14.299s] [35m[1mScanning dependencies of target autoware_config_msgs_generate_messages_eus[0m
[14.335s] [  0%] Built target autoware_config_msgs_generate_messages_eus
[14.366s] [35m[1mScanning dependencies of target actionlib_msgs_generate_messages_py[0m
[14.404s] [  0%] Built target actionlib_msgs_generate_messages_py
[14.442s] [35m[1mScanning dependencies of target autoware_msgs_generate_messages_nodejs[0m
[14.477s] [  0%] Built target autoware_msgs_generate_messages_nodejs
[14.505s] [35m[1mScanning dependencies of target visualization_msgs_generate_messages_lisp[0m
[14.536s] [  0%] Built target visualization_msgs_generate_messages_lisp
[14.593s] [35m[1mScanning dependencies of target std_srvs_generate_messages_eus[0m
[14.600s] [  0%] Built target std_srvs_generate_messages_eus
[14.632s] [35m[1mScanning dependencies of target autoware_msgs_generate_messages_lisp[0m
[14.670s] [  0%] Built target autoware_msgs_generate_messages_lisp
[14.697s] [35m[1mScanning dependencies of target autoware_msgs_generate_messages_eus[0m
[14.725s] [  0%] Built target autoware_msgs_generate_messages_eus
[14.754s] [35m[1mScanning dependencies of target tf2_msgs_generate_messages_eus[0m
[14.787s] [  0%] Built target tf2_msgs_generate_messages_eus
[14.817s] [35m[1mScanning dependencies of target jsk_recognition_msgs_generate_messages_cpp[0m
[14.847s] [  0%] Built target jsk_recognition_msgs_generate_messages_cpp
[14.883s] [35m[1mScanning dependencies of target actionlib_generate_messages_eus[0m
[14.918s] [  0%] Built target actionlib_generate_messages_eus
[14.948s] [35m[1mScanning dependencies of target pcl_msgs_generate_messages_cpp[0m
[14.972s] [  0%] Built target pcl_msgs_generate_messages_cpp
[15.009s] [35m[1mScanning dependencies of target roscpp_generate_messages_nodejs[0m
[15.046s] [  0%] Built target roscpp_generate_messages_nodejs
[15.074s] [35m[1mScanning dependencies of target std_msgs_generate_messages_lisp[0m
[15.110s] [  0%] Built target std_msgs_generate_messages_lisp
[15.136s] [35m[1mScanning dependencies of target geometry_msgs_generate_messages_eus[0m
[15.161s] [  0%] Built target geometry_msgs_generate_messages_eus
[15.197s] [35m[1mScanning dependencies of target actionlib_msgs_generate_messages_nodejs[0m
[15.234s] [  0%] Built target actionlib_msgs_generate_messages_nodejs
[15.264s] [35m[1mScanning dependencies of target geometry_msgs_generate_messages_cpp[0m
[15.297s] [  0%] Built target geometry_msgs_generate_messages_cpp
[15.336s] [35m[1mScanning dependencies of target nodelet_topic_tools_gencfg[0m
[15.370s] [  0%] Built target nodelet_topic_tools_gencfg
[15.410s] [35m[1mScanning dependencies of target topic_tools_generate_messages_py[0m
[15.447s] [  0%] Built target topic_tools_generate_messages_py
[15.487s] [35m[1mScanning dependencies of target autoware_lanelet2_msgs_generate_messages_nodejs[0m
[15.523s] [  0%] Built target autoware_lanelet2_msgs_generate_messages_nodejs
[15.561s] [35m[1mScanning dependencies of target jsk_footstep_msgs_generate_messages_py[0m
[15.600s] [  0%] Built target jsk_footstep_msgs_generate_messages_py
[15.638s] [35m[1mScanning dependencies of target dynamic_reconfigure_generate_messages_cpp[0m
[15.673s] [  0%] Built target dynamic_reconfigure_generate_messages_cpp
[15.715s] [35m[1mScanning dependencies of target sensor_msgs_generate_messages_py[0m
[15.755s] [  0%] Built target sensor_msgs_generate_messages_py
[15.791s] [35m[1mScanning dependencies of target sensor_msgs_generate_messages_lisp[0m
[15.823s] [  0%] Built target sensor_msgs_generate_messages_lisp
[15.857s] [35m[1mScanning dependencies of target nav_msgs_generate_messages_cpp[0m
[15.894s] [  0%] Built target nav_msgs_generate_messages_cpp
[15.930s] [35m[1mScanning dependencies of target std_srvs_generate_messages_cpp[0m
[15.966s] [  0%] Built target std_srvs_generate_messages_cpp
[16.003s] [35m[1mScanning dependencies of target jsk_recognition_msgs_generate_messages_py[0m
[16.040s] [  0%] Built target jsk_recognition_msgs_generate_messages_py
[16.069s] [35m[1mScanning dependencies of target bond_generate_messages_nodejs[0m
[16.104s] [  0%] Built target bond_generate_messages_nodejs
[16.135s] [35m[1mScanning dependencies of target pcl_msgs_generate_messages_nodejs[0m
[16.170s] [  0%] Built target pcl_msgs_generate_messages_nodejs
[16.206s] [35m[1mScanning dependencies of target nav_msgs_generate_messages_lisp[0m
[16.241s] [  0%] Built target nav_msgs_generate_messages_lisp
[16.272s] [35m[1mScanning dependencies of target autoware_msgs_generate_messages_cpp[0m
[16.309s] [  0%] Built target autoware_msgs_generate_messages_cpp
[16.346s] [35m[1mScanning dependencies of target sensor_msgs_generate_messages_cpp[0m
[16.386s] [  0%] Built target sensor_msgs_generate_messages_cpp
[16.422s] [35m[1mScanning dependencies of target _catkin_empty_exported_target[0m
[16.462s] [  0%] Built target _catkin_empty_exported_target
[16.499s] [35m[1mScanning dependencies of target std_srvs_generate_messages_lisp[0m
[16.538s] [  0%] Built target std_srvs_generate_messages_lisp
[16.570s] [35m[1mScanning dependencies of target sensor_msgs_generate_messages_eus[0m
[16.607s] [  0%] Built target sensor_msgs_generate_messages_eus
[16.641s] [35m[1mScanning dependencies of target std_msgs_generate_messages_nodejs[0m
[16.683s] [  0%] Built target std_msgs_generate_messages_nodejs
[16.731s] [35m[1mScanning dependencies of target dynamic_reconfigure_gencfg[0m
[16.763s] [  0%] Built target dynamic_reconfigure_gencfg
[16.806s] [35m[1mScanning dependencies of target std_msgs_generate_messages_cpp[0m
[16.840s] [  0%] Built target std_msgs_generate_messages_cpp
[16.879s] [35m[1mScanning dependencies of target jsk_hark_msgs_generate_messages_lisp[0m
[16.915s] [  0%] Built target jsk_hark_msgs_generate_messages_lisp
[16.960s] [35m[1mScanning dependencies of target autoware_msgs_generate_messages_py[0m
[16.988s] [  0%] Built target autoware_msgs_generate_messages_py
[17.016s] [35m[1mScanning dependencies of target std_msgs_generate_messages_eus[0m
[17.053s] [  0%] Built target std_msgs_generate_messages_eus
[17.093s] [35m[1mScanning dependencies of target nodelet_generate_messages_lisp[0m
[17.129s] [  0%] Built target nodelet_generate_messages_lisp
[17.161s] [35m[1mScanning dependencies of target geometry_msgs_generate_messages_nodejs[0m
[17.194s] [  0%] Built target geometry_msgs_generate_messages_nodejs
[17.229s] [35m[1mScanning dependencies of target jsk_rviz_plugins_generate_messages_cpp[0m
[17.266s] [  0%] Built target jsk_rviz_plugins_generate_messages_cpp
[17.306s] [35m[1mScanning dependencies of target std_msgs_generate_messages_py[0m
[17.339s] [  0%] Built target std_msgs_generate_messages_py
[17.373s] [35m[1mScanning dependencies of target tf2_msgs_generate_messages_cpp[0m
[17.410s] [  0%] Built target tf2_msgs_generate_messages_cpp
[17.444s] [35m[1mScanning dependencies of target jsk_recognition_msgs_generate_messages_eus[0m
[17.476s] [  0%] Built target jsk_recognition_msgs_generate_messages_eus
[17.506s] [35m[1mScanning dependencies of target nav_msgs_generate_messages_py[0m
[17.535s] [  0%] Built target nav_msgs_generate_messages_py
[17.560s] [35m[1mScanning dependencies of target jsk_recognition_msgs_generate_messages_lisp[0m
[17.585s] [  0%] Built target jsk_recognition_msgs_generate_messages_lisp
[17.617s] [35m[1mScanning dependencies of target rosgraph_msgs_generate_messages_eus[0m
[17.649s] [  0%] Built target rosgraph_msgs_generate_messages_eus
[17.683s] [35m[1mScanning dependencies of target pcl_msgs_generate_messages_eus[0m
[17.713s] [  0%] Built target pcl_msgs_generate_messages_eus
[17.743s] [35m[1mScanning dependencies of target actionlib_generate_messages_cpp[0m
[17.775s] [  0%] Built target actionlib_generate_messages_cpp
[17.803s] [35m[1mScanning dependencies of target sensor_msgs_generate_messages_nodejs[0m
[17.837s] [  0%] Built target sensor_msgs_generate_messages_nodejs
[17.869s] [35m[1mScanning dependencies of target geometry_msgs_generate_messages_py[0m
[17.904s] [  0%] Built target geometry_msgs_generate_messages_py
[17.939s] [35m[1mScanning dependencies of target people_msgs_generate_messages_nodejs[0m
[17.968s] [  0%] Built target people_msgs_generate_messages_nodejs
[17.997s] [35m[1mScanning dependencies of target dynamic_reconfigure_generate_messages_nodejs[0m
[18.025s] [  0%] Built target dynamic_reconfigure_generate_messages_nodejs
[18.064s] [35m[1mScanning dependencies of target dynamic_reconfigure_generate_messages_py[0m
[18.098s] [  0%] Built target dynamic_reconfigure_generate_messages_py
[18.137s] [35m[1mScanning dependencies of target jsk_rviz_plugins_gencfg[0m
[18.169s] [  0%] Built target jsk_rviz_plugins_gencfg
[18.207s] [35m[1mScanning dependencies of target rviz_generate_messages_lisp[0m
[18.240s] [  0%] Built target rviz_generate_messages_lisp
[18.269s] [35m[1mScanning dependencies of target jsk_rviz_plugins_generate_messages_lisp[0m
[18.302s] [  0%] Built target jsk_rviz_plugins_generate_messages_lisp
[18.334s] [35m[1mScanning dependencies of target jsk_recognition_utils_gencfg[0m
[18.371s] [  0%] Built target jsk_recognition_utils_gencfg
[18.407s] [35m[1mScanning dependencies of target jsk_rviz_plugins_generate_messages_nodejs[0m
[18.447s] [  0%] Built target jsk_rviz_plugins_generate_messages_nodejs
[18.479s] [35m[1mScanning dependencies of target jsk_rviz_plugins_generate_messages_py[0m
[18.514s] [  0%] Built target jsk_rviz_plugins_generate_messages_py
[18.541s] [35m[1mScanning dependencies of target jsk_hark_msgs_generate_messages_eus[0m
[18.584s] [  0%] Built target jsk_hark_msgs_generate_messages_eus
[18.610s] [35m[1mScanning dependencies of target rosgraph_msgs_generate_messages_lisp[0m
[18.637s] [  0%] Built target rosgraph_msgs_generate_messages_lisp
[18.671s] [35m[1mScanning dependencies of target jsk_hark_msgs_generate_messages_cpp[0m
[18.706s] [  0%] Built target jsk_hark_msgs_generate_messages_cpp
[18.742s] [35m[1mScanning dependencies of target jsk_footstep_msgs_generate_messages_eus[0m
[18.770s] [  0%] Built target jsk_footstep_msgs_generate_messages_eus
[18.806s] [35m[1mScanning dependencies of target jsk_hark_msgs_generate_messages_nodejs[0m
[18.838s] [  0%] Built target jsk_hark_msgs_generate_messages_nodejs
[18.876s] [35m[1mScanning dependencies of target rviz_generate_messages_nodejs[0m
[18.921s] [  0%] Built target rviz_generate_messages_nodejs
[18.960s] [35m[1mScanning dependencies of target pcl_ros_gencfg[0m
[18.999s] [  0%] Built target pcl_ros_gencfg
[19.026s] [35m[1mScanning dependencies of target jsk_hark_msgs_generate_messages_py[0m
[19.055s] [  0%] Built target jsk_hark_msgs_generate_messages_py
[19.086s] [35m[1mScanning dependencies of target map_msgs_generate_messages_py[0m
[19.122s] [  0%] Built target map_msgs_generate_messages_py
[19.157s] [35m[1mScanning dependencies of target nodelet_generate_messages_cpp[0m
[19.184s] [  0%] Built target nodelet_generate_messages_cpp
[19.217s] [35m[1mScanning dependencies of target jsk_footstep_msgs_generate_messages_nodejs[0m
[19.255s] [  0%] Built target jsk_footstep_msgs_generate_messages_nodejs
[19.295s] [35m[1mScanning dependencies of target nodelet_generate_messages_eus[0m
[19.333s] [  0%] Built target nodelet_generate_messages_eus
[19.371s] [35m[1mScanning dependencies of target roscpp_generate_messages_cpp[0m
[19.406s] [  0%] Built target roscpp_generate_messages_cpp
[19.439s] [35m[1mScanning dependencies of target map_msgs_generate_messages_eus[0m
[19.471s] [  0%] Built target map_msgs_generate_messages_eus
[19.504s] [35m[1mScanning dependencies of target geometry_msgs_generate_messages_lisp[0m
[19.531s] [  0%] Built target geometry_msgs_generate_messages_lisp
[19.563s] [35m[1mScanning dependencies of target nodelet_generate_messages_nodejs[0m
[19.596s] [  0%] Built target nodelet_generate_messages_nodejs
[19.631s] [35m[1mScanning dependencies of target bond_generate_messages_cpp[0m
[19.661s] [  0%] Built target bond_generate_messages_cpp
[19.689s] [35m[1mScanning dependencies of target bond_generate_messages_lisp[0m
[19.719s] [  0%] Built target bond_generate_messages_lisp
[19.753s] [35m[1mScanning dependencies of target bond_generate_messages_py[0m
[19.778s] [  0%] Built target bond_generate_messages_py
[19.813s] [35m[1mScanning dependencies of target nodelet_generate_messages_py[0m
[19.839s] [  0%] Built target nodelet_generate_messages_py
[19.870s] [35m[1mScanning dependencies of target vector_map_msgs_generate_messages_nodejs[0m
[19.908s] [  0%] Built target vector_map_msgs_generate_messages_nodejs
[19.947s] [35m[1mScanning dependencies of target std_srvs_generate_messages_nodejs[0m
[19.977s] [  0%] Built target std_srvs_generate_messages_nodejs
[20.007s] [35m[1mScanning dependencies of target std_srvs_generate_messages_py[0m
[20.037s] [  0%] Built target std_srvs_generate_messages_py
[20.076s] [35m[1mScanning dependencies of target topic_tools_generate_messages_cpp[0m
[20.112s] [  0%] Built target topic_tools_generate_messages_cpp
[20.147s] [35m[1mScanning dependencies of target bond_generate_messages_eus[0m
[20.172s] [  0%] Built target bond_generate_messages_eus
[20.200s] [35m[1mScanning dependencies of target topic_tools_generate_messages_eus[0m
[20.230s] [  0%] Built target topic_tools_generate_messages_eus
[20.261s] [35m[1mScanning dependencies of target tf_generate_messages_py[0m
[20.291s] [  0%] Built target tf_generate_messages_py
[20.323s] [35m[1mScanning dependencies of target topic_tools_generate_messages_nodejs[0m
[20.357s] [  0%] Built target topic_tools_generate_messages_nodejs
[20.392s] [35m[1mScanning dependencies of target dynamic_reconfigure_generate_messages_lisp[0m
[20.426s] [  0%] Built target dynamic_reconfigure_generate_messages_lisp
[20.461s] [35m[1mScanning dependencies of target visualization_msgs_generate_messages_eus[0m
[20.496s] [  0%] Built target visualization_msgs_generate_messages_eus
[20.534s] [35m[1mScanning dependencies of target visualization_msgs_generate_messages_nodejs[0m
[20.619s] [  0%] Built target visualization_msgs_generate_messages_nodejs
[20.653s] [35m[1mScanning dependencies of target visualization_msgs_generate_messages_py[0m
[20.679s] [  0%] Built target visualization_msgs_generate_messages_py
[20.715s] [35m[1mScanning dependencies of target people_msgs_generate_messages_cpp[0m
[20.747s] [  0%] Built target people_msgs_generate_messages_cpp
[20.773s] [35m[1mScanning dependencies of target people_msgs_generate_messages_eus[0m
[20.813s] [  0%] Built target people_msgs_generate_messages_eus
[20.845s] [35m[1mScanning dependencies of target rviz_generate_messages_eus[0m
[20.876s] [  0%] Built target rviz_generate_messages_eus
[20.905s] [35m[1mScanning dependencies of target people_msgs_generate_messages_lisp[0m
[20.934s] [  0%] Built target people_msgs_generate_messages_lisp
[20.965s] [35m[1mScanning dependencies of target people_msgs_generate_messages_py[0m
[20.990s] [  0%] Built target people_msgs_generate_messages_py
[21.018s] [35m[1mScanning dependencies of target rviz_generate_messages_cpp[0m
[21.048s] [  0%] Built target rviz_generate_messages_cpp
[21.085s] [35m[1mScanning dependencies of target rviz_generate_messages_py[0m
[21.126s] [  0%] Built target rviz_generate_messages_py
[21.162s] [35m[1mScanning dependencies of target map_msgs_generate_messages_lisp[0m
[21.198s] [  0%] Built target map_msgs_generate_messages_lisp
[21.229s] [35m[1mScanning dependencies of target tf2_msgs_generate_messages_lisp[0m
[21.260s] [  0%] Built target tf2_msgs_generate_messages_lisp
[21.290s] [35m[1mScanning dependencies of target nav_msgs_generate_messages_nodejs[0m
[21.324s] [  0%] Built target nav_msgs_generate_messages_nodejs
[21.355s] [35m[1mScanning dependencies of target autoware_lanelet2_msgs_generate_messages_cpp[0m
[21.392s] [  0%] Built target autoware_lanelet2_msgs_generate_messages_cpp
[21.424s] [35m[1mScanning dependencies of target autoware_lanelet2_msgs_generate_messages_eus[0m
[21.460s] [  0%] Built target autoware_lanelet2_msgs_generate_messages_eus
[21.496s] [35m[1mScanning dependencies of target rosgraph_msgs_generate_messages_cpp[0m
[21.530s] [  0%] Built target rosgraph_msgs_generate_messages_cpp
[21.565s] [35m[1mScanning dependencies of target autoware_lanelet2_msgs_generate_messages_lisp[0m
[21.600s] [  0%] Built target autoware_lanelet2_msgs_generate_messages_lisp
[21.639s] [35m[1mScanning dependencies of target vector_map_msgs_generate_messages_cpp[0m
[21.670s] [  0%] Built target vector_map_msgs_generate_messages_cpp
[21.701s] [35m[1mScanning dependencies of target map_msgs_generate_messages_nodejs[0m
[21.736s] [  0%] Built target map_msgs_generate_messages_nodejs
[21.772s] [35m[1mScanning dependencies of target vector_map_msgs_generate_messages_eus[0m
[21.796s] [  0%] Built target vector_map_msgs_generate_messages_eus
[21.825s] [35m[1mScanning dependencies of target vector_map_msgs_generate_messages_lisp[0m
[21.851s] [  0%] Built target vector_map_msgs_generate_messages_lisp
[21.879s] [35m[1mScanning dependencies of target vector_map_msgs_generate_messages_py[0m
[21.913s] [  0%] Built target vector_map_msgs_generate_messages_py
[21.948s] [35m[1mScanning dependencies of target topic_tools_generate_messages_lisp[0m
[21.981s] [  0%] Built target topic_tools_generate_messages_lisp
[22.011s] [35m[1mScanning dependencies of target autoware_config_msgs_generate_messages_lisp[0m
[22.042s] [  0%] Built target autoware_config_msgs_generate_messages_lisp
[22.070s] [35m[1mScanning dependencies of target dynamic_reconfigure_generate_messages_eus[0m
[22.106s] [  0%] Built target dynamic_reconfigure_generate_messages_eus
[22.143s] [35m[1mScanning dependencies of target decision_maker_node[0m
[22.736s] [  8%] [32mBuilding CXX object CMakeFiles/decision_maker_node.dir/nodes/decision_maker/decision_maker_node.cpp.o[0m
[42.482s] [ 16%] [32mBuilding CXX object CMakeFiles/decision_maker_node.dir/nodes/decision_maker/decision_maker_node_init.cpp.o[0m
[61.985s] [ 25%] [32mBuilding CXX object CMakeFiles/decision_maker_node.dir/nodes/decision_maker/decision_maker_node_callback.cpp.o[0m
[80.665s] [ 33%] [32mBuilding CXX object CMakeFiles/decision_maker_node.dir/nodes/decision_maker/decision_maker_node_state_vehicle.cpp.o[0m
[98.521s] [ 41%] [32mBuilding CXX object CMakeFiles/decision_maker_node.dir/nodes/decision_maker/decision_maker_node_state_mission.cpp.o[0m
[119.084s] [ 50%] [32mBuilding CXX object CMakeFiles/decision_maker_node.dir/nodes/decision_maker/decision_maker_node_state_behavior.cpp.o[0m
[134.437s] [ 58%] [32mBuilding CXX object CMakeFiles/decision_maker_node.dir/nodes/decision_maker/decision_maker_node_state_motion.cpp.o[0m
[153.586s] [ 66%] [32mBuilding CXX object CMakeFiles/decision_maker_node.dir/nodes/decision_maker/decision_maker_node_publish.cpp.o[0m
[172.576s] [ 75%] [32mBuilding CXX object CMakeFiles/decision_maker_node.dir/nodes/decision_maker/cross_road_area.cpp.o[0m
[177.313s] [ 83%] [32mBuilding CXX object CMakeFiles/decision_maker_node.dir/nodes/decision_maker/decision_maker_node_decision.cpp.o[0m
[191.967s] [ 91%] [32mBuilding CXX object CMakeFiles/decision_maker_node.dir/nodes/decision_maker/decision_maker_node_core.cpp.o[0m
[206.017s] [100%] [32m[1mLinking CXX executable devel/lib/decision_maker/decision_maker_node[0m
[207.425s] [100%] Built target decision_maker_node
[207.506s] Invoked command in '/home/chinchia120/autoware.ai/build/decision_maker' returned '0': CMAKE_PREFIX_PATH=/home/chinchia120/autoware.ai/install/lanelet2_extension:/home/chinchia120/autoware.ai/install/lanelet2_validation:/home/chinchia120/autoware.ai/install/lanelet2_routing:/home/chinchia120/autoware.ai/install/lanelet2_projection:/home/chinchia120/autoware.ai/install/lanelet2_traffic_rules:/home/chinchia120/autoware.ai/install/lanelet2_maps:/home/chinchia120/autoware.ai/install/lanelet2_io:/home/chinchia120/autoware.ai/install/vector_map:/home/chinchia120/autoware.ai/install/state_machine_lib:/home/chinchia120/autoware.ai/install/lanelet2_core:/home/chinchia120/autoware.ai/install/amathutils_lib:/home/chinchia120/autoware.ai/install/vector_map_msgs:/home/chinchia120/autoware.ai/install/autoware_msgs:/home/chinchia120/autoware.ai/install/autoware_lanelet2_msgs:/home/chinchia120/autoware.ai/install/autoware_config_msgs:/home/chinchia120/autoware.ai/install/autoware_build_flags:${CMAKE_PREFIX_PATH} LD_LIBRARY_PATH=/home/chinchia120/autoware.ai/install/lanelet2_extension/lib:/home/chinchia120/autoware.ai/install/lanelet2_validation/lib:/home/chinchia120/autoware.ai/install/lanelet2_routing/lib:/home/chinchia120/autoware.ai/install/lanelet2_projection/lib:/home/chinchia120/autoware.ai/install/lanelet2_traffic_rules/lib:/home/chinchia120/autoware.ai/install/lanelet2_io/lib:/home/chinchia120/autoware.ai/install/vector_map/lib:/home/chinchia120/autoware.ai/install/state_machine_lib/lib:/home/chinchia120/autoware.ai/install/lanelet2_core/lib:/home/chinchia120/autoware.ai/install/amathutils_lib/lib:${LD_LIBRARY_PATH} PKG_CONFIG_PATH=/home/chinchia120/autoware.ai/install/lanelet2_extension/lib/x86_64-linux-gnu/pkgconfig:/home/chinchia120/autoware.ai/install/lanelet2_extension/lib/pkgconfig:/home/chinchia120/autoware.ai/install/lanelet2_validation/lib/x86_64-linux-gnu/pkgconfig:/home/chinchia120/autoware.ai/install/lanelet2_validation/lib/pkgconfig:/home/chinchia120/autoware.ai/install/lanelet2_routing/lib/x86_64-linux-gnu/pkgconfig:/home/chinchia120/autoware.ai/install/lanelet2_routing/lib/pkgconfig:/home/chinchia120/autoware.ai/install/lanelet2_projection/lib/x86_64-linux-gnu/pkgconfig:/home/chinchia120/autoware.ai/install/lanelet2_projection/lib/pkgconfig:/home/chinchia120/autoware.ai/install/lanelet2_traffic_rules/lib/x86_64-linux-gnu/pkgconfig:/home/chinchia120/autoware.ai/install/lanelet2_traffic_rules/lib/pkgconfig:/home/chinchia120/autoware.ai/install/lanelet2_maps/lib/x86_64-linux-gnu/pkgconfig:/home/chinchia120/autoware.ai/install/lanelet2_maps/lib/pkgconfig:/home/chinchia120/autoware.ai/install/lanelet2_io/lib/x86_64-linux-gnu/pkgconfig:/home/chinchia120/autoware.ai/install/lanelet2_io/lib/pkgconfig:/home/chinchia120/autoware.ai/install/vector_map/lib/x86_64-linux-gnu/pkgconfig:/home/chinchia120/autoware.ai/install/vector_map/lib/pkgconfig:/home/chinchia120/autoware.ai/install/state_machine_lib/lib/x86_64-linux-gnu/pkgconfig:/home/chinchia120/autoware.ai/install/state_machine_lib/lib/pkgconfig:/home/chinchia120/autoware.ai/install/lanelet2_core/lib/x86_64-linux-gnu/pkgconfig:/home/chinchia120/autoware.ai/install/lanelet2_core/lib/pkgconfig:/home/chinchia120/autoware.ai/install/amathutils_lib/lib/x86_64-linux-gnu/pkgconfig:/home/chinchia120/autoware.ai/install/amathutils_lib/lib/pkgconfig:/home/chinchia120/autoware.ai/install/vector_map_msgs/lib/x86_64-linux-gnu/pkgconfig:/home/chinchia120/autoware.ai/install/vector_map_msgs/lib/pkgconfig:/home/chinchia120/autoware.ai/install/autoware_msgs/lib/x86_64-linux-gnu/pkgconfig:/home/chinchia120/autoware.ai/install/autoware_msgs/lib/pkgconfig:/home/chinchia120/autoware.ai/install/autoware_lanelet2_msgs/lib/x86_64-linux-gnu/pkgconfig:/home/chinchia120/autoware.ai/install/autoware_lanelet2_msgs/lib/pkgconfig:/home/chinchia120/autoware.ai/install/autoware_config_msgs/lib/x86_64-linux-gnu/pkgconfig:/home/chinchia120/autoware.ai/install/autoware_config_msgs/lib/pkgconfig:/home/chinchia120/autoware.ai/install/autoware_build_flags/lib/x86_64-linux-gnu/pkgconfig:/home/chinchia120/autoware.ai/install/autoware_build_flags/lib/pkgconfig:${PKG_CONFIG_PATH} PYTHONPATH=/home/chinchia120/autoware.ai/install/vector_map_msgs/lib/python2.7/dist-packages:/home/chinchia120/autoware.ai/install/autoware_msgs/lib/python2.7/dist-packages:/home/chinchia120/autoware.ai/install/autoware_lanelet2_msgs/lib/python2.7/dist-packages:/home/chinchia120/autoware.ai/install/autoware_config_msgs/lib/python2.7/dist-packages:${PYTHONPATH} ROS_PACKAGE_PATH=/home/chinchia120/autoware.ai/install/lanelet2_extension/share:/home/chinchia120/autoware.ai/install/lanelet2_validation/share:/home/chinchia120/autoware.ai/install/lanelet2_routing/share:/home/chinchia120/autoware.ai/install/lanelet2_projection/share:/home/chinchia120/autoware.ai/install/lanelet2_traffic_rules/share:/home/chinchia120/autoware.ai/install/lanelet2_maps/share:/home/chinchia120/autoware.ai/install/lanelet2_io/share:/home/chinchia120/autoware.ai/install/vector_map/share:/home/chinchia120/autoware.ai/install/state_machine_lib/share:/home/chinchia120/autoware.ai/install/lanelet2_core/share:/home/chinchia120/autoware.ai/install/amathutils_lib/share:/home/chinchia120/autoware.ai/install/vector_map_msgs/share:/home/chinchia120/autoware.ai/install/autoware_msgs/share:/home/chinchia120/autoware.ai/install/autoware_lanelet2_msgs/share:/home/chinchia120/autoware.ai/install/autoware_config_msgs/share:/home/chinchia120/autoware.ai/install/autoware_build_flags/share:${ROS_PACKAGE_PATH} /usr/bin/cmake --build /home/chinchia120/autoware.ai/build/decision_maker -- -j4 -l4
[208.072s] Invoking command in '/home/chinchia120/autoware.ai/build/decision_maker': CMAKE_PREFIX_PATH=/home/chinchia120/autoware.ai/install/lanelet2_extension:/home/chinchia120/autoware.ai/install/lanelet2_validation:/home/chinchia120/autoware.ai/install/lanelet2_routing:/home/chinchia120/autoware.ai/install/lanelet2_projection:/home/chinchia120/autoware.ai/install/lanelet2_traffic_rules:/home/chinchia120/autoware.ai/install/lanelet2_maps:/home/chinchia120/autoware.ai/install/lanelet2_io:/home/chinchia120/autoware.ai/install/vector_map:/home/chinchia120/autoware.ai/install/state_machine_lib:/home/chinchia120/autoware.ai/install/lanelet2_core:/home/chinchia120/autoware.ai/install/amathutils_lib:/home/chinchia120/autoware.ai/install/vector_map_msgs:/home/chinchia120/autoware.ai/install/autoware_msgs:/home/chinchia120/autoware.ai/install/autoware_lanelet2_msgs:/home/chinchia120/autoware.ai/install/autoware_config_msgs:/home/chinchia120/autoware.ai/install/autoware_build_flags:${CMAKE_PREFIX_PATH} LD_LIBRARY_PATH=/home/chinchia120/autoware.ai/install/lanelet2_extension/lib:/home/chinchia120/autoware.ai/install/lanelet2_validation/lib:/home/chinchia120/autoware.ai/install/lanelet2_routing/lib:/home/chinchia120/autoware.ai/install/lanelet2_projection/lib:/home/chinchia120/autoware.ai/install/lanelet2_traffic_rules/lib:/home/chinchia120/autoware.ai/install/lanelet2_io/lib:/home/chinchia120/autoware.ai/install/vector_map/lib:/home/chinchia120/autoware.ai/install/state_machine_lib/lib:/home/chinchia120/autoware.ai/install/lanelet2_core/lib:/home/chinchia120/autoware.ai/install/amathutils_lib/lib:${LD_LIBRARY_PATH} PKG_CONFIG_PATH=/home/chinchia120/autoware.ai/install/lanelet2_extension/lib/x86_64-linux-gnu/pkgconfig:/home/chinchia120/autoware.ai/install/lanelet2_extension/lib/pkgconfig:/home/chinchia120/autoware.ai/install/lanelet2_validation/lib/x86_64-linux-gnu/pkgconfig:/home/chinchia120/autoware.ai/install/lanelet2_validation/lib/pkgconfig:/home/chinchia120/autoware.ai/install/lanelet2_routing/lib/x86_64-linux-gnu/pkgconfig:/home/chinchia120/autoware.ai/install/lanelet2_routing/lib/pkgconfig:/home/chinchia120/autoware.ai/install/lanelet2_projection/lib/x86_64-linux-gnu/pkgconfig:/home/chinchia120/autoware.ai/install/lanelet2_projection/lib/pkgconfig:/home/chinchia120/autoware.ai/install/lanelet2_traffic_rules/lib/x86_64-linux-gnu/pkgconfig:/home/chinchia120/autoware.ai/install/lanelet2_traffic_rules/lib/pkgconfig:/home/chinchia120/autoware.ai/install/lanelet2_maps/lib/x86_64-linux-gnu/pkgconfig:/home/chinchia120/autoware.ai/install/lanelet2_maps/lib/pkgconfig:/home/chinchia120/autoware.ai/install/lanelet2_io/lib/x86_64-linux-gnu/pkgconfig:/home/chinchia120/autoware.ai/install/lanelet2_io/lib/pkgconfig:/home/chinchia120/autoware.ai/install/vector_map/lib/x86_64-linux-gnu/pkgconfig:/home/chinchia120/autoware.ai/install/vector_map/lib/pkgconfig:/home/chinchia120/autoware.ai/install/state_machine_lib/lib/x86_64-linux-gnu/pkgconfig:/home/chinchia120/autoware.ai/install/state_machine_lib/lib/pkgconfig:/home/chinchia120/autoware.ai/install/lanelet2_core/lib/x86_64-linux-gnu/pkgconfig:/home/chinchia120/autoware.ai/install/lanelet2_core/lib/pkgconfig:/home/chinchia120/autoware.ai/install/amathutils_lib/lib/x86_64-linux-gnu/pkgconfig:/home/chinchia120/autoware.ai/install/amathutils_lib/lib/pkgconfig:/home/chinchia120/autoware.ai/install/vector_map_msgs/lib/x86_64-linux-gnu/pkgconfig:/home/chinchia120/autoware.ai/install/vector_map_msgs/lib/pkgconfig:/home/chinchia120/autoware.ai/install/autoware_msgs/lib/x86_64-linux-gnu/pkgconfig:/home/chinchia120/autoware.ai/install/autoware_msgs/lib/pkgconfig:/home/chinchia120/autoware.ai/install/autoware_lanelet2_msgs/lib/x86_64-linux-gnu/pkgconfig:/home/chinchia120/autoware.ai/install/autoware_lanelet2_msgs/lib/pkgconfig:/home/chinchia120/autoware.ai/install/autoware_config_msgs/lib/x86_64-linux-gnu/pkgconfig:/home/chinchia120/autoware.ai/install/autoware_config_msgs/lib/pkgconfig:/home/chinchia120/autoware.ai/install/autoware_build_flags/lib/x86_64-linux-gnu/pkgconfig:/home/chinchia120/autoware.ai/install/autoware_build_flags/lib/pkgconfig:${PKG_CONFIG_PATH} PYTHONPATH=/home/chinchia120/autoware.ai/install/vector_map_msgs/lib/python2.7/dist-packages:/home/chinchia120/autoware.ai/install/autoware_msgs/lib/python2.7/dist-packages:/home/chinchia120/autoware.ai/install/autoware_lanelet2_msgs/lib/python2.7/dist-packages:/home/chinchia120/autoware.ai/install/autoware_config_msgs/lib/python2.7/dist-packages:${PYTHONPATH} ROS_PACKAGE_PATH=/home/chinchia120/autoware.ai/install/lanelet2_extension/share:/home/chinchia120/autoware.ai/install/lanelet2_validation/share:/home/chinchia120/autoware.ai/install/lanelet2_routing/share:/home/chinchia120/autoware.ai/install/lanelet2_projection/share:/home/chinchia120/autoware.ai/install/lanelet2_traffic_rules/share:/home/chinchia120/autoware.ai/install/lanelet2_maps/share:/home/chinchia120/autoware.ai/install/lanelet2_io/share:/home/chinchia120/autoware.ai/install/vector_map/share:/home/chinchia120/autoware.ai/install/state_machine_lib/share:/home/chinchia120/autoware.ai/install/lanelet2_core/share:/home/chinchia120/autoware.ai/install/amathutils_lib/share:/home/chinchia120/autoware.ai/install/vector_map_msgs/share:/home/chinchia120/autoware.ai/install/autoware_msgs/share:/home/chinchia120/autoware.ai/install/autoware_lanelet2_msgs/share:/home/chinchia120/autoware.ai/install/autoware_config_msgs/share:/home/chinchia120/autoware.ai/install/autoware_build_flags/share:${ROS_PACKAGE_PATH} /usr/bin/cmake --build /home/chinchia120/autoware.ai/build/decision_maker --target tests -- -j4 -l4
[208.253s] [35m[1mScanning dependencies of target gtest[0m
[208.305s] [  5%] [32mBuilding CXX object gtest/googlemock/gtest/CMakeFiles/gtest.dir/src/gtest-all.cc.o[0m
[216.046s] [ 11%] [32m[1mLinking CXX shared library libgtest.so[0m
[216.210s] [ 11%] Built target gtest
[216.266s] [ 11%] Built target tf2_msgs_generate_messages_nodejs
[216.321s] [ 11%] Built target tf2_msgs_generate_messages_py
[216.379s] [ 11%] Built target actionlib_generate_messages_py
[216.439s] [ 11%] Built target map_msgs_generate_messages_cpp
[216.500s] [ 11%] Built target visualization_msgs_generate_messages_cpp
[216.553s] [ 11%] Built target nav_msgs_generate_messages_eus
[216.615s] [ 11%] Built target actionlib_generate_messages_nodejs
[216.666s] [ 11%] Built target tf_generate_messages_cpp
[216.715s] [ 11%] Built target pcl_msgs_generate_messages_lisp
[216.775s] [ 11%] Built target actionlib_generate_messages_lisp
[216.842s] [ 11%] Built target pcl_msgs_generate_messages_py
[216.913s] [ 11%] Built target jsk_rviz_plugins_generate_messages_eus
[216.966s] [ 11%] Built target autoware_config_msgs_generate_messages_py
[217.026s] [ 11%] Built target rosgraph_msgs_generate_messages_py
[217.083s] [ 11%] Built target actionlib_msgs_generate_messages_eus
[217.141s] [ 11%] Built target roscpp_generate_messages_eus
[217.195s] [ 11%] Built target rosgraph_msgs_generate_messages_nodejs
[217.252s] [ 11%] Built target autoware_config_msgs_generate_messages_cpp
[217.304s] [ 11%] Built target roscpp_generate_messages_py
[217.362s] [ 11%] Built target roscpp_generate_messages_lisp
[217.426s] [ 11%] Built target jsk_recognition_msgs_generate_messages_nodejs
[217.485s] [ 11%] Built target autoware_lanelet2_msgs_generate_messages_py
[217.549s] [ 11%] Built target tf_generate_messages_nodejs
[217.605s] [ 11%] Built target autoware_config_msgs_generate_messages_nodejs
[217.667s] [ 11%] Built target tf_generate_messages_lisp
[217.729s] [ 11%] Built target tf_generate_messages_eus
[217.785s] [ 11%] Built target jsk_footstep_msgs_generate_messages_cpp
[217.834s] [ 11%] Built target actionlib_msgs_generate_messages_lisp
[217.886s] [ 11%] Built target jsk_footstep_msgs_generate_messages_lisp
[217.936s] [ 11%] Built target autoware_config_msgs_generate_messages_eus
[217.989s] [ 11%] Built target actionlib_msgs_generate_messages_py
[218.045s] [ 11%] Built target autoware_msgs_generate_messages_nodejs
[218.106s] [ 11%] Built target visualization_msgs_generate_messages_lisp
[218.158s] [ 11%] Built target std_srvs_generate_messages_eus
[218.218s] [ 11%] Built target autoware_msgs_generate_messages_lisp
[218.275s] [ 11%] Built target autoware_msgs_generate_messages_eus
[218.337s] [ 11%] Built target tf2_msgs_generate_messages_eus
[218.410s] [ 11%] Built target jsk_recognition_msgs_generate_messages_cpp
[218.475s] [ 11%] Built target actionlib_generate_messages_eus
[218.541s] [ 11%] Built target pcl_msgs_generate_messages_cpp
[218.595s] [ 11%] Built target roscpp_generate_messages_nodejs
[218.648s] [ 11%] Built target std_msgs_generate_messages_lisp
[218.706s] [ 11%] Built target geometry_msgs_generate_messages_eus
[218.757s] [ 11%] Built target actionlib_msgs_generate_messages_nodejs
[218.816s] [ 11%] Built target geometry_msgs_generate_messages_cpp
[218.881s] [ 11%] Built target nodelet_topic_tools_gencfg
[218.938s] [ 11%] Built target topic_tools_generate_messages_py
[219.000s] [ 11%] Built target autoware_lanelet2_msgs_generate_messages_nodejs
[219.072s] [ 11%] Built target jsk_footstep_msgs_generate_messages_py
[219.172s] [ 11%] Built target dynamic_reconfigure_generate_messages_cpp
[219.227s] [ 11%] Built target sensor_msgs_generate_messages_py
[219.291s] [ 11%] Built target sensor_msgs_generate_messages_lisp
[219.351s] [ 11%] Built target nav_msgs_generate_messages_cpp
[219.406s] [ 11%] Built target std_srvs_generate_messages_cpp
[219.467s] [ 11%] Built target jsk_recognition_msgs_generate_messages_py
[219.519s] [ 11%] Built target bond_generate_messages_nodejs
[219.577s] [ 11%] Built target pcl_msgs_generate_messages_nodejs
[219.629s] [ 11%] Built target nav_msgs_generate_messages_lisp
[219.695s] [ 11%] Built target autoware_msgs_generate_messages_cpp
[219.752s] [ 11%] Built target sensor_msgs_generate_messages_cpp
[219.817s] [ 11%] Built target _catkin_empty_exported_target
[219.870s] [ 11%] Built target std_srvs_generate_messages_lisp
[219.938s] [ 11%] Built target sensor_msgs_generate_messages_eus
[220.008s] [ 11%] Built target std_msgs_generate_messages_nodejs
[220.066s] [ 11%] Built target dynamic_reconfigure_gencfg
[220.117s] [ 11%] Built target std_msgs_generate_messages_cpp
[220.189s] [ 11%] Built target jsk_hark_msgs_generate_messages_lisp
[220.244s] [ 11%] Built target autoware_msgs_generate_messages_py
[220.300s] [ 11%] Built target std_msgs_generate_messages_eus
[220.350s] [ 11%] Built target nodelet_generate_messages_lisp
[220.401s] [ 11%] Built target geometry_msgs_generate_messages_nodejs
[220.454s] [ 11%] Built target jsk_rviz_plugins_generate_messages_cpp
[220.523s] [ 11%] Built target std_msgs_generate_messages_py
[220.582s] [ 11%] Built target tf2_msgs_generate_messages_cpp
[220.632s] [ 11%] Built target jsk_recognition_msgs_generate_messages_eus
[220.698s] [ 11%] Built target nav_msgs_generate_messages_py
[220.749s] [ 11%] Built target jsk_recognition_msgs_generate_messages_lisp
[220.809s] [ 11%] Built target rosgraph_msgs_generate_messages_eus
[220.873s] [ 11%] Built target pcl_msgs_generate_messages_eus
[220.931s] [ 11%] Built target actionlib_generate_messages_cpp
[221.000s] [ 11%] Built target sensor_msgs_generate_messages_nodejs
[221.073s] [ 11%] Built target geometry_msgs_generate_messages_py
[221.134s] [ 11%] Built target people_msgs_generate_messages_nodejs
[221.201s] [ 11%] Built target dynamic_reconfigure_generate_messages_nodejs
[221.268s] [ 11%] Built target dynamic_reconfigure_generate_messages_py
[221.332s] [ 11%] Built target jsk_rviz_plugins_gencfg
[221.395s] [ 11%] Built target rviz_generate_messages_lisp
[221.447s] [ 11%] Built target jsk_rviz_plugins_generate_messages_lisp
[221.511s] [ 11%] Built target jsk_recognition_utils_gencfg
[221.567s] [ 11%] Built target jsk_rviz_plugins_generate_messages_nodejs
[221.622s] [ 11%] Built target jsk_rviz_plugins_generate_messages_py
[221.682s] [ 11%] Built target jsk_hark_msgs_generate_messages_eus
[221.749s] [ 11%] Built target rosgraph_msgs_generate_messages_lisp
[221.811s] [ 11%] Built target jsk_hark_msgs_generate_messages_cpp
[221.872s] [ 11%] Built target jsk_footstep_msgs_generate_messages_eus
[221.925s] [ 11%] Built target jsk_hark_msgs_generate_messages_nodejs
[221.991s] [ 11%] Built target rviz_generate_messages_nodejs
[222.046s] [ 11%] Built target pcl_ros_gencfg
[222.106s] [ 11%] Built target jsk_hark_msgs_generate_messages_py
[222.164s] [ 11%] Built target map_msgs_generate_messages_py
[222.229s] [ 11%] Built target nodelet_generate_messages_cpp
[222.300s] [ 11%] Built target jsk_footstep_msgs_generate_messages_nodejs
[222.374s] [ 11%] Built target nodelet_generate_messages_eus
[222.437s] [ 11%] Built target roscpp_generate_messages_cpp
[222.508s] [ 11%] Built target map_msgs_generate_messages_eus
[222.583s] [ 11%] Built target geometry_msgs_generate_messages_lisp
[222.660s] [ 11%] Built target nodelet_generate_messages_nodejs
[222.728s] [ 11%] Built target bond_generate_messages_cpp
[222.793s] [ 11%] Built target bond_generate_messages_lisp
[222.872s] [ 11%] Built target bond_generate_messages_py
[222.945s] [ 11%] Built target nodelet_generate_messages_py
[223.007s] [ 11%] Built target vector_map_msgs_generate_messages_nodejs
[223.078s] [ 11%] Built target std_srvs_generate_messages_nodejs
[223.131s] [ 11%] Built target std_srvs_generate_messages_py
[223.197s] [ 11%] Built target topic_tools_generate_messages_cpp
[223.265s] [ 11%] Built target bond_generate_messages_eus
[223.330s] [ 11%] Built target topic_tools_generate_messages_eus
[223.390s] [ 11%] Built target tf_generate_messages_py
[223.462s] [ 11%] Built target topic_tools_generate_messages_nodejs
[223.534s] [ 11%] Built target dynamic_reconfigure_generate_messages_lisp
[223.604s] [ 11%] Built target visualization_msgs_generate_messages_eus
[223.670s] [ 11%] Built target visualization_msgs_generate_messages_nodejs
[223.732s] [ 11%] Built target visualization_msgs_generate_messages_py
[223.799s] [ 11%] Built target people_msgs_generate_messages_cpp
[223.867s] [ 11%] Built target people_msgs_generate_messages_eus
[223.934s] [ 11%] Built target rviz_generate_messages_eus
[224.002s] [ 11%] Built target people_msgs_generate_messages_lisp
[224.065s] [ 11%] Built target people_msgs_generate_messages_py
[224.132s] [ 11%] Built target rviz_generate_messages_cpp
[224.194s] [ 11%] Built target rviz_generate_messages_py
[224.261s] [ 11%] Built target map_msgs_generate_messages_lisp
[224.323s] [ 11%] Built target tf2_msgs_generate_messages_lisp
[224.376s] [ 11%] Built target nav_msgs_generate_messages_nodejs
[224.433s] [ 11%] Built target autoware_lanelet2_msgs_generate_messages_cpp
[224.493s] [ 11%] Built target autoware_lanelet2_msgs_generate_messages_eus
[224.551s] [ 11%] Built target rosgraph_msgs_generate_messages_cpp
[224.616s] [ 11%] Built target autoware_lanelet2_msgs_generate_messages_lisp
[224.675s] [ 11%] Built target vector_map_msgs_generate_messages_cpp
[224.743s] [ 11%] Built target map_msgs_generate_messages_nodejs
[224.809s] [ 11%] Built target vector_map_msgs_generate_messages_eus
[224.883s] [ 11%] Built target vector_map_msgs_generate_messages_lisp
[224.952s] [ 11%] Built target vector_map_msgs_generate_messages_py
[225.014s] [ 11%] Built target topic_tools_generate_messages_lisp
[225.079s] [ 11%] Built target actionlib_msgs_generate_messages_cpp
[225.147s] [ 11%] Built target autoware_config_msgs_generate_messages_lisp
[225.214s] [ 11%] Built target dynamic_reconfigure_generate_messages_eus
[225.261s] [35m[1mScanning dependencies of target test-decision_maker[0m
[225.937s] [ 17%] [32mBuilding CXX object CMakeFiles/test-decision_maker.dir/test/src/test_main.cpp.o[0m
[229.043s] [ 23%] [32mBuilding CXX object CMakeFiles/test-decision_maker.dir/test/src/test_node_state_drive.cpp.o[0m
[246.749s] [ 29%] [32mBuilding CXX object CMakeFiles/test-decision_maker.dir/nodes/decision_maker/decision_maker_node_core.cpp.o[0m
[261.589s] [ 35%] [32mBuilding CXX object CMakeFiles/test-decision_maker.dir/nodes/decision_maker/decision_maker_node_decision.cpp.o[0m
[276.094s] [ 41%] [32mBuilding CXX object CMakeFiles/test-decision_maker.dir/nodes/decision_maker/decision_maker_node_init.cpp.o[0m
[294.880s] [ 47%] [32mBuilding CXX object CMakeFiles/test-decision_maker.dir/nodes/decision_maker/decision_maker_node_callback.cpp.o[0m
[312.174s] [ 52%] [32mBuilding CXX object CMakeFiles/test-decision_maker.dir/nodes/decision_maker/decision_maker_node_state_vehicle.cpp.o[0m
[328.051s] [ 58%] [32mBuilding CXX object CMakeFiles/test-decision_maker.dir/nodes/decision_maker/decision_maker_node_state_behavior.cpp.o[0m
[342.743s] [ 64%] [32mBuilding CXX object CMakeFiles/test-decision_maker.dir/nodes/decision_maker/decision_maker_node_state_motion.cpp.o[0m
[358.251s] [ 70%] [32mBuilding CXX object CMakeFiles/test-decision_maker.dir/nodes/decision_maker/decision_maker_node_state_mission.cpp.o[0m
[376.768s] [ 76%] [32mBuilding CXX object CMakeFiles/test-decision_maker.dir/nodes/decision_maker/decision_maker_node_publish.cpp.o[0m
[394.664s] [ 82%] [32mBuilding CXX object CMakeFiles/test-decision_maker.dir/nodes/decision_maker/cross_road_area.cpp.o[0m
[399.800s] [ 88%] [32mBuilding CXX object CMakeFiles/test-decision_maker.dir/test/src/test_node_lanelet2_functions.cpp.o[0m
[417.935s] [ 94%] [32mBuilding CXX object CMakeFiles/test-decision_maker.dir/test/src/test_node_decision.cpp.o[0m
[435.226s] [100%] [32m[1mLinking CXX executable devel/lib/decision_maker/test-decision_maker[0m
[436.380s] [100%] Built target test-decision_maker
[436.414s] [35m[1mScanning dependencies of target tests[0m
[436.443s] [100%] Built target tests
[436.468s] Invoked command in '/home/chinchia120/autoware.ai/build/decision_maker' returned '0': CMAKE_PREFIX_PATH=/home/chinchia120/autoware.ai/install/lanelet2_extension:/home/chinchia120/autoware.ai/install/lanelet2_validation:/home/chinchia120/autoware.ai/install/lanelet2_routing:/home/chinchia120/autoware.ai/install/lanelet2_projection:/home/chinchia120/autoware.ai/install/lanelet2_traffic_rules:/home/chinchia120/autoware.ai/install/lanelet2_maps:/home/chinchia120/autoware.ai/install/lanelet2_io:/home/chinchia120/autoware.ai/install/vector_map:/home/chinchia120/autoware.ai/install/state_machine_lib:/home/chinchia120/autoware.ai/install/lanelet2_core:/home/chinchia120/autoware.ai/install/amathutils_lib:/home/chinchia120/autoware.ai/install/vector_map_msgs:/home/chinchia120/autoware.ai/install/autoware_msgs:/home/chinchia120/autoware.ai/install/autoware_lanelet2_msgs:/home/chinchia120/autoware.ai/install/autoware_config_msgs:/home/chinchia120/autoware.ai/install/autoware_build_flags:${CMAKE_PREFIX_PATH} LD_LIBRARY_PATH=/home/chinchia120/autoware.ai/install/lanelet2_extension/lib:/home/chinchia120/autoware.ai/install/lanelet2_validation/lib:/home/chinchia120/autoware.ai/install/lanelet2_routing/lib:/home/chinchia120/autoware.ai/install/lanelet2_projection/lib:/home/chinchia120/autoware.ai/install/lanelet2_traffic_rules/lib:/home/chinchia120/autoware.ai/install/lanelet2_io/lib:/home/chinchia120/autoware.ai/install/vector_map/lib:/home/chinchia120/autoware.ai/install/state_machine_lib/lib:/home/chinchia120/autoware.ai/install/lanelet2_core/lib:/home/chinchia120/autoware.ai/install/amathutils_lib/lib:${LD_LIBRARY_PATH} PKG_CONFIG_PATH=/home/chinchia120/autoware.ai/install/lanelet2_extension/lib/x86_64-linux-gnu/pkgconfig:/home/chinchia120/autoware.ai/install/lanelet2_extension/lib/pkgconfig:/home/chinchia120/autoware.ai/install/lanelet2_validation/lib/x86_64-linux-gnu/pkgconfig:/home/chinchia120/autoware.ai/install/lanelet2_validation/lib/pkgconfig:/home/chinchia120/autoware.ai/install/lanelet2_routing/lib/x86_64-linux-gnu/pkgconfig:/home/chinchia120/autoware.ai/install/lanelet2_routing/lib/pkgconfig:/home/chinchia120/autoware.ai/install/lanelet2_projection/lib/x86_64-linux-gnu/pkgconfig:/home/chinchia120/autoware.ai/install/lanelet2_projection/lib/pkgconfig:/home/chinchia120/autoware.ai/install/lanelet2_traffic_rules/lib/x86_64-linux-gnu/pkgconfig:/home/chinchia120/autoware.ai/install/lanelet2_traffic_rules/lib/pkgconfig:/home/chinchia120/autoware.ai/install/lanelet2_maps/lib/x86_64-linux-gnu/pkgconfig:/home/chinchia120/autoware.ai/install/lanelet2_maps/lib/pkgconfig:/home/chinchia120/autoware.ai/install/lanelet2_io/lib/x86_64-linux-gnu/pkgconfig:/home/chinchia120/autoware.ai/install/lanelet2_io/lib/pkgconfig:/home/chinchia120/autoware.ai/install/vector_map/lib/x86_64-linux-gnu/pkgconfig:/home/chinchia120/autoware.ai/install/vector_map/lib/pkgconfig:/home/chinchia120/autoware.ai/install/state_machine_lib/lib/x86_64-linux-gnu/pkgconfig:/home/chinchia120/autoware.ai/install/state_machine_lib/lib/pkgconfig:/home/chinchia120/autoware.ai/install/lanelet2_core/lib/x86_64-linux-gnu/pkgconfig:/home/chinchia120/autoware.ai/install/lanelet2_core/lib/pkgconfig:/home/chinchia120/autoware.ai/install/amathutils_lib/lib/x86_64-linux-gnu/pkgconfig:/home/chinchia120/autoware.ai/install/amathutils_lib/lib/pkgconfig:/home/chinchia120/autoware.ai/install/vector_map_msgs/lib/x86_64-linux-gnu/pkgconfig:/home/chinchia120/autoware.ai/install/vector_map_msgs/lib/pkgconfig:/home/chinchia120/autoware.ai/install/autoware_msgs/lib/x86_64-linux-gnu/pkgconfig:/home/chinchia120/autoware.ai/install/autoware_msgs/lib/pkgconfig:/home/chinchia120/autoware.ai/install/autoware_lanelet2_msgs/lib/x86_64-linux-gnu/pkgconfig:/home/chinchia120/autoware.ai/install/autoware_lanelet2_msgs/lib/pkgconfig:/home/chinchia120/autoware.ai/install/autoware_config_msgs/lib/x86_64-linux-gnu/pkgconfig:/home/chinchia120/autoware.ai/install/autoware_config_msgs/lib/pkgconfig:/home/chinchia120/autoware.ai/install/autoware_build_flags/lib/x86_64-linux-gnu/pkgconfig:/home/chinchia120/autoware.ai/install/autoware_build_flags/lib/pkgconfig:${PKG_CONFIG_PATH} PYTHONPATH=/home/chinchia120/autoware.ai/install/vector_map_msgs/lib/python2.7/dist-packages:/home/chinchia120/autoware.ai/install/autoware_msgs/lib/python2.7/dist-packages:/home/chinchia120/autoware.ai/install/autoware_lanelet2_msgs/lib/python2.7/dist-packages:/home/chinchia120/autoware.ai/install/autoware_config_msgs/lib/python2.7/dist-packages:${PYTHONPATH} ROS_PACKAGE_PATH=/home/chinchia120/autoware.ai/install/lanelet2_extension/share:/home/chinchia120/autoware.ai/install/lanelet2_validation/share:/home/chinchia120/autoware.ai/install/lanelet2_routing/share:/home/chinchia120/autoware.ai/install/lanelet2_projection/share:/home/chinchia120/autoware.ai/install/lanelet2_traffic_rules/share:/home/chinchia120/autoware.ai/install/lanelet2_maps/share:/home/chinchia120/autoware.ai/install/lanelet2_io/share:/home/chinchia120/autoware.ai/install/vector_map/share:/home/chinchia120/autoware.ai/install/state_machine_lib/share:/home/chinchia120/autoware.ai/install/lanelet2_core/share:/home/chinchia120/autoware.ai/install/amathutils_lib/share:/home/chinchia120/autoware.ai/install/vector_map_msgs/share:/home/chinchia120/autoware.ai/install/autoware_msgs/share:/home/chinchia120/autoware.ai/install/autoware_lanelet2_msgs/share:/home/chinchia120/autoware.ai/install/autoware_config_msgs/share:/home/chinchia120/autoware.ai/install/autoware_build_flags/share:${ROS_PACKAGE_PATH} /usr/bin/cmake --build /home/chinchia120/autoware.ai/build/decision_maker --target tests -- -j4 -l4
[437.079s] Invoking command in '/home/chinchia120/autoware.ai/build/decision_maker': CMAKE_PREFIX_PATH=/home/chinchia120/autoware.ai/install/lanelet2_extension:/home/chinchia120/autoware.ai/install/lanelet2_validation:/home/chinchia120/autoware.ai/install/lanelet2_routing:/home/chinchia120/autoware.ai/install/lanelet2_projection:/home/chinchia120/autoware.ai/install/lanelet2_traffic_rules:/home/chinchia120/autoware.ai/install/lanelet2_maps:/home/chinchia120/autoware.ai/install/lanelet2_io:/home/chinchia120/autoware.ai/install/vector_map:/home/chinchia120/autoware.ai/install/state_machine_lib:/home/chinchia120/autoware.ai/install/lanelet2_core:/home/chinchia120/autoware.ai/install/amathutils_lib:/home/chinchia120/autoware.ai/install/vector_map_msgs:/home/chinchia120/autoware.ai/install/autoware_msgs:/home/chinchia120/autoware.ai/install/autoware_lanelet2_msgs:/home/chinchia120/autoware.ai/install/autoware_config_msgs:/home/chinchia120/autoware.ai/install/autoware_build_flags:${CMAKE_PREFIX_PATH} LD_LIBRARY_PATH=/home/chinchia120/autoware.ai/install/lanelet2_extension/lib:/home/chinchia120/autoware.ai/install/lanelet2_validation/lib:/home/chinchia120/autoware.ai/install/lanelet2_routing/lib:/home/chinchia120/autoware.ai/install/lanelet2_projection/lib:/home/chinchia120/autoware.ai/install/lanelet2_traffic_rules/lib:/home/chinchia120/autoware.ai/install/lanelet2_io/lib:/home/chinchia120/autoware.ai/install/vector_map/lib:/home/chinchia120/autoware.ai/install/state_machine_lib/lib:/home/chinchia120/autoware.ai/install/lanelet2_core/lib:/home/chinchia120/autoware.ai/install/amathutils_lib/lib:${LD_LIBRARY_PATH} PKG_CONFIG_PATH=/home/chinchia120/autoware.ai/install/lanelet2_extension/lib/x86_64-linux-gnu/pkgconfig:/home/chinchia120/autoware.ai/install/lanelet2_extension/lib/pkgconfig:/home/chinchia120/autoware.ai/install/lanelet2_validation/lib/x86_64-linux-gnu/pkgconfig:/home/chinchia120/autoware.ai/install/lanelet2_validation/lib/pkgconfig:/home/chinchia120/autoware.ai/install/lanelet2_routing/lib/x86_64-linux-gnu/pkgconfig:/home/chinchia120/autoware.ai/install/lanelet2_routing/lib/pkgconfig:/home/chinchia120/autoware.ai/install/lanelet2_projection/lib/x86_64-linux-gnu/pkgconfig:/home/chinchia120/autoware.ai/install/lanelet2_projection/lib/pkgconfig:/home/chinchia120/autoware.ai/install/lanelet2_traffic_rules/lib/x86_64-linux-gnu/pkgconfig:/home/chinchia120/autoware.ai/install/lanelet2_traffic_rules/lib/pkgconfig:/home/chinchia120/autoware.ai/install/lanelet2_maps/lib/x86_64-linux-gnu/pkgconfig:/home/chinchia120/autoware.ai/install/lanelet2_maps/lib/pkgconfig:/home/chinchia120/autoware.ai/install/lanelet2_io/lib/x86_64-linux-gnu/pkgconfig:/home/chinchia120/autoware.ai/install/lanelet2_io/lib/pkgconfig:/home/chinchia120/autoware.ai/install/vector_map/lib/x86_64-linux-gnu/pkgconfig:/home/chinchia120/autoware.ai/install/vector_map/lib/pkgconfig:/home/chinchia120/autoware.ai/install/state_machine_lib/lib/x86_64-linux-gnu/pkgconfig:/home/chinchia120/autoware.ai/install/state_machine_lib/lib/pkgconfig:/home/chinchia120/autoware.ai/install/lanelet2_core/lib/x86_64-linux-gnu/pkgconfig:/home/chinchia120/autoware.ai/install/lanelet2_core/lib/pkgconfig:/home/chinchia120/autoware.ai/install/amathutils_lib/lib/x86_64-linux-gnu/pkgconfig:/home/chinchia120/autoware.ai/install/amathutils_lib/lib/pkgconfig:/home/chinchia120/autoware.ai/install/vector_map_msgs/lib/x86_64-linux-gnu/pkgconfig:/home/chinchia120/autoware.ai/install/vector_map_msgs/lib/pkgconfig:/home/chinchia120/autoware.ai/install/autoware_msgs/lib/x86_64-linux-gnu/pkgconfig:/home/chinchia120/autoware.ai/install/autoware_msgs/lib/pkgconfig:/home/chinchia120/autoware.ai/install/autoware_lanelet2_msgs/lib/x86_64-linux-gnu/pkgconfig:/home/chinchia120/autoware.ai/install/autoware_lanelet2_msgs/lib/pkgconfig:/home/chinchia120/autoware.ai/install/autoware_config_msgs/lib/x86_64-linux-gnu/pkgconfig:/home/chinchia120/autoware.ai/install/autoware_config_msgs/lib/pkgconfig:/home/chinchia120/autoware.ai/install/autoware_build_flags/lib/x86_64-linux-gnu/pkgconfig:/home/chinchia120/autoware.ai/install/autoware_build_flags/lib/pkgconfig:${PKG_CONFIG_PATH} PYTHONPATH=/home/chinchia120/autoware.ai/install/vector_map_msgs/lib/python2.7/dist-packages:/home/chinchia120/autoware.ai/install/autoware_msgs/lib/python2.7/dist-packages:/home/chinchia120/autoware.ai/install/autoware_lanelet2_msgs/lib/python2.7/dist-packages:/home/chinchia120/autoware.ai/install/autoware_config_msgs/lib/python2.7/dist-packages:${PYTHONPATH} ROS_PACKAGE_PATH=/home/chinchia120/autoware.ai/install/lanelet2_extension/share:/home/chinchia120/autoware.ai/install/lanelet2_validation/share:/home/chinchia120/autoware.ai/install/lanelet2_routing/share:/home/chinchia120/autoware.ai/install/lanelet2_projection/share:/home/chinchia120/autoware.ai/install/lanelet2_traffic_rules/share:/home/chinchia120/autoware.ai/install/lanelet2_maps/share:/home/chinchia120/autoware.ai/install/lanelet2_io/share:/home/chinchia120/autoware.ai/install/vector_map/share:/home/chinchia120/autoware.ai/install/state_machine_lib/share:/home/chinchia120/autoware.ai/install/lanelet2_core/share:/home/chinchia120/autoware.ai/install/amathutils_lib/share:/home/chinchia120/autoware.ai/install/vector_map_msgs/share:/home/chinchia120/autoware.ai/install/autoware_msgs/share:/home/chinchia120/autoware.ai/install/autoware_lanelet2_msgs/share:/home/chinchia120/autoware.ai/install/autoware_config_msgs/share:/home/chinchia120/autoware.ai/install/autoware_build_flags/share:${ROS_PACKAGE_PATH} /usr/bin/cmake --build /home/chinchia120/autoware.ai/build/decision_maker --target install -- -j4 -l4
[437.223s] [  0%] Built target actionlib_msgs_generate_messages_cpp
[437.289s] [  0%] Built target tf2_msgs_generate_messages_nodejs
[437.352s] [  0%] Built target tf2_msgs_generate_messages_py
[437.420s] [  0%] Built target actionlib_generate_messages_py
[437.482s] [  0%] Built target map_msgs_generate_messages_cpp
[437.554s] [  0%] Built target visualization_msgs_generate_messages_cpp
[437.613s] [  0%] Built target nav_msgs_generate_messages_eus
[437.667s] [  0%] Built target actionlib_generate_messages_nodejs
[437.720s] [  0%] Built target tf_generate_messages_cpp
[437.780s] [  0%] Built target pcl_msgs_generate_messages_lisp
[437.844s] [  0%] Built target actionlib_generate_messages_lisp
[437.904s] [  0%] Built target pcl_msgs_generate_messages_py
[437.981s] [  0%] Built target jsk_rviz_plugins_generate_messages_eus
[438.044s] [  0%] Built target autoware_config_msgs_generate_messages_py
[438.111s] [  0%] Built target rosgraph_msgs_generate_messages_py
[438.178s] [  0%] Built target actionlib_msgs_generate_messages_eus
[438.238s] [  0%] Built target roscpp_generate_messages_eus
[438.300s] [  0%] Built target rosgraph_msgs_generate_messages_nodejs
[438.359s] [  0%] Built target autoware_config_msgs_generate_messages_cpp
[438.421s] [  0%] Built target roscpp_generate_messages_py
[438.479s] [  0%] Built target roscpp_generate_messages_lisp
[438.547s] [  0%] Built target jsk_recognition_msgs_generate_messages_nodejs
[438.614s] [  0%] Built target autoware_lanelet2_msgs_generate_messages_py
[438.674s] [  0%] Built target tf_generate_messages_nodejs
[438.738s] [  0%] Built target autoware_config_msgs_generate_messages_nodejs
[438.794s] [  0%] Built target tf_generate_messages_lisp
[438.850s] [  0%] Built target tf_generate_messages_eus
[438.920s] [  0%] Built target jsk_footstep_msgs_generate_messages_cpp
[438.981s] [  0%] Built target actionlib_msgs_generate_messages_lisp
[439.046s] [  0%] Built target jsk_footstep_msgs_generate_messages_lisp
[439.104s] [  0%] Built target autoware_config_msgs_generate_messages_eus
[439.170s] [  0%] Built target actionlib_msgs_generate_messages_py
[439.239s] [  0%] Built target autoware_msgs_generate_messages_nodejs
[439.299s] [  0%] Built target visualization_msgs_generate_messages_lisp
[439.364s] [  0%] Built target std_srvs_generate_messages_eus
[439.424s] [  0%] Built target autoware_msgs_generate_messages_lisp
[439.484s] [  0%] Built target autoware_msgs_generate_messages_eus
[439.554s] [  0%] Built target tf2_msgs_generate_messages_eus
[439.612s] [  0%] Built target jsk_recognition_msgs_generate_messages_cpp
[439.703s] [  0%] Built target actionlib_generate_messages_eus
[439.774s] [  0%] Built target pcl_msgs_generate_messages_cpp
[439.833s] [  0%] Built target roscpp_generate_messages_nodejs
[439.903s] [  0%] Built target std_msgs_generate_messages_lisp
[439.963s] [  0%] Built target geometry_msgs_generate_messages_eus
[440.023s] [  0%] Built target actionlib_msgs_generate_messages_nodejs
[440.099s] [  0%] Built target geometry_msgs_generate_messages_cpp
[440.165s] [  0%] Built target nodelet_topic_tools_gencfg
[440.229s] [  0%] Built target topic_tools_generate_messages_py
[440.300s] [  0%] Built target autoware_lanelet2_msgs_generate_messages_nodejs
[440.374s] [  0%] Built target jsk_footstep_msgs_generate_messages_py
[440.440s] [  0%] Built target dynamic_reconfigure_generate_messages_cpp
[440.505s] [  0%] Built target sensor_msgs_generate_messages_py
[440.579s] [  0%] Built target sensor_msgs_generate_messages_lisp
[440.632s] [  0%] Built target nav_msgs_generate_messages_cpp
[440.698s] [  0%] Built target std_srvs_generate_messages_cpp
[440.757s] [  0%] Built target jsk_recognition_msgs_generate_messages_py
[440.824s] [  0%] Built target bond_generate_messages_nodejs
[440.885s] [  0%] Built target pcl_msgs_generate_messages_nodejs
[440.946s] [  0%] Built target nav_msgs_generate_messages_lisp
[441.029s] [  0%] Built target autoware_msgs_generate_messages_cpp
[441.091s] [  0%] Built target sensor_msgs_generate_messages_cpp
[441.150s] [  0%] Built target _catkin_empty_exported_target
[441.214s] [  0%] Built target std_srvs_generate_messages_lisp
[441.278s] [  0%] Built target sensor_msgs_generate_messages_eus
[441.329s] [  0%] Built target std_msgs_generate_messages_nodejs
[441.396s] [  0%] Built target dynamic_reconfigure_gencfg
[441.469s] [  0%] Built target std_msgs_generate_messages_cpp
[441.544s] [  0%] Built target jsk_hark_msgs_generate_messages_lisp
[441.629s] [  0%] Built target autoware_msgs_generate_messages_py
[441.685s] [  0%] Built target std_msgs_generate_messages_eus
[441.753s] [  0%] Built target nodelet_generate_messages_lisp
[441.813s] [  0%] Built target geometry_msgs_generate_messages_nodejs
[441.884s] [  0%] Built target jsk_rviz_plugins_generate_messages_cpp
[441.946s] [  0%] Built target std_msgs_generate_messages_py
[442.003s] [  0%] Built target tf2_msgs_generate_messages_cpp
[442.069s] [  0%] Built target jsk_recognition_msgs_generate_messages_eus
[442.137s] [  0%] Built target nav_msgs_generate_messages_py
[442.198s] [  0%] Built target jsk_recognition_msgs_generate_messages_lisp
[442.256s] [  0%] Built target rosgraph_msgs_generate_messages_eus
[442.325s] [  0%] Built target pcl_msgs_generate_messages_eus
[442.381s] [  0%] Built target actionlib_generate_messages_cpp
[442.448s] [  0%] Built target sensor_msgs_generate_messages_nodejs
[442.502s] [  0%] Built target geometry_msgs_generate_messages_py
[442.556s] [  0%] Built target people_msgs_generate_messages_nodejs
[442.616s] [  0%] Built target dynamic_reconfigure_generate_messages_nodejs
[442.674s] [  0%] Built target dynamic_reconfigure_generate_messages_py
[442.731s] [  0%] Built target jsk_rviz_plugins_gencfg
[442.797s] [  0%] Built target rviz_generate_messages_lisp
[442.858s] [  0%] Built target jsk_rviz_plugins_generate_messages_lisp
[442.927s] [  0%] Built target jsk_recognition_utils_gencfg
[442.990s] [  0%] Built target jsk_rviz_plugins_generate_messages_nodejs
[443.045s] [  0%] Built target jsk_rviz_plugins_generate_messages_py
[443.108s] [  0%] Built target jsk_hark_msgs_generate_messages_eus
[443.167s] [  0%] Built target rosgraph_msgs_generate_messages_lisp
[443.230s] [  0%] Built target jsk_hark_msgs_generate_messages_cpp
[443.297s] [  0%] Built target jsk_footstep_msgs_generate_messages_eus
[443.358s] [  0%] Built target jsk_hark_msgs_generate_messages_nodejs
[443.427s] [  0%] Built target rviz_generate_messages_nodejs
[443.483s] [  0%] Built target pcl_ros_gencfg
[443.537s] [  0%] Built target jsk_hark_msgs_generate_messages_py
[443.598s] [  0%] Built target map_msgs_generate_messages_py
[443.661s] [  0%] Built target nodelet_generate_messages_cpp
[443.723s] [  0%] Built target jsk_footstep_msgs_generate_messages_nodejs
[443.781s] [  0%] Built target nodelet_generate_messages_eus
[443.842s] [  0%] Built target roscpp_generate_messages_cpp
[443.906s] [  0%] Built target map_msgs_generate_messages_eus
[443.979s] [  0%] Built target geometry_msgs_generate_messages_lisp
[444.036s] [  0%] Built target nodelet_generate_messages_nodejs
[444.094s] [  0%] Built target bond_generate_messages_cpp
[444.161s] [  0%] Built target bond_generate_messages_lisp
[444.228s] [  0%] Built target bond_generate_messages_py
[444.306s] [  0%] Built target nodelet_generate_messages_py
[444.369s] [  0%] Built target vector_map_msgs_generate_messages_nodejs
[444.434s] [  0%] Built target std_srvs_generate_messages_nodejs
[444.505s] [  0%] Built target std_srvs_generate_messages_py
[444.571s] [  0%] Built target topic_tools_generate_messages_cpp
[444.628s] [  0%] Built target bond_generate_messages_eus
[444.686s] [  0%] Built target topic_tools_generate_messages_eus
[444.748s] [  0%] Built target tf_generate_messages_py
[444.820s] [  0%] Built target topic_tools_generate_messages_nodejs
[444.887s] [  0%] Built target dynamic_reconfigure_generate_messages_lisp
[444.943s] [  0%] Built target visualization_msgs_generate_messages_eus
[445.012s] [  0%] Built target visualization_msgs_generate_messages_nodejs
[445.089s] [  0%] Built target visualization_msgs_generate_messages_py
[445.152s] [  0%] Built target people_msgs_generate_messages_cpp
[445.208s] [  0%] Built target people_msgs_generate_messages_eus
[445.273s] [  0%] Built target rviz_generate_messages_eus
[445.337s] [  0%] Built target people_msgs_generate_messages_lisp
[445.400s] [  0%] Built target people_msgs_generate_messages_py
[445.464s] [  0%] Built target rviz_generate_messages_cpp
[445.521s] [  0%] Built target rviz_generate_messages_py
[445.601s] [  0%] Built target map_msgs_generate_messages_lisp
[445.678s] [  0%] Built target tf2_msgs_generate_messages_lisp
[445.740s] [  0%] Built target nav_msgs_generate_messages_nodejs
[445.805s] [  0%] Built target autoware_lanelet2_msgs_generate_messages_cpp
[445.872s] [  0%] Built target autoware_lanelet2_msgs_generate_messages_eus
[445.942s] [  0%] Built target rosgraph_msgs_generate_messages_cpp
[446.002s] [  0%] Built target autoware_lanelet2_msgs_generate_messages_lisp
[446.059s] [  0%] Built target vector_map_msgs_generate_messages_cpp
[446.109s] [  0%] Built target map_msgs_generate_messages_nodejs
[446.178s] [  0%] Built target vector_map_msgs_generate_messages_eus
[446.244s] [  0%] Built target vector_map_msgs_generate_messages_lisp
[446.304s] [  0%] Built target vector_map_msgs_generate_messages_py
[446.362s] [  0%] Built target topic_tools_generate_messages_lisp
[446.432s] [  0%] Built target autoware_config_msgs_generate_messages_lisp
[446.499s] [  0%] Built target dynamic_reconfigure_generate_messages_eus
[446.789s] [100%] Built target decision_maker_node
[446.876s] [36mInstall the project...[0m
[446.907s] -- Install configuration: "Release"
[446.908s] -- Installing: /home/chinchia120/autoware.ai/install/decision_maker/lib/pkgconfig/decision_maker.pc
[446.910s] -- Installing: /home/chinchia120/autoware.ai/install/decision_maker/share/decision_maker/cmake/decision_makerConfig.cmake
[446.913s] -- Installing: /home/chinchia120/autoware.ai/install/decision_maker/share/decision_maker/cmake/decision_makerConfig-version.cmake
[446.915s] -- Installing: /home/chinchia120/autoware.ai/install/decision_maker/share/decision_maker/package.xml
[446.916s] -- Installing: /home/chinchia120/autoware.ai/install/decision_maker/lib/decision_maker/decision_maker_node
[446.919s] -- Set runtime path of "/home/chinchia120/autoware.ai/install/decision_maker/lib/decision_maker/decision_maker_node" to ""
[446.919s] -- Installing: /home/chinchia120/autoware.ai/install/decision_maker/share/decision_maker/launch
[446.921s] -- Installing: /home/chinchia120/autoware.ai/install/decision_maker/share/decision_maker/launch/decision_maker.launch
[446.922s] -- Installing: /home/chinchia120/autoware.ai/install/decision_maker/share/decision_maker/autoware_state_behavior.yaml
[446.923s] -- Installing: /home/chinchia120/autoware.ai/install/decision_maker/share/decision_maker/autoware_state_motion.yaml
[446.924s] -- Installing: /home/chinchia120/autoware.ai/install/decision_maker/share/decision_maker/autoware_state_mission.yaml
[446.926s] -- Installing: /home/chinchia120/autoware.ai/install/decision_maker/share/decision_maker/autoware_state_vehicle.yaml
[446.944s] Invoked command in '/home/chinchia120/autoware.ai/build/decision_maker' returned '0': CMAKE_PREFIX_PATH=/home/chinchia120/autoware.ai/install/lanelet2_extension:/home/chinchia120/autoware.ai/install/lanelet2_validation:/home/chinchia120/autoware.ai/install/lanelet2_routing:/home/chinchia120/autoware.ai/install/lanelet2_projection:/home/chinchia120/autoware.ai/install/lanelet2_traffic_rules:/home/chinchia120/autoware.ai/install/lanelet2_maps:/home/chinchia120/autoware.ai/install/lanelet2_io:/home/chinchia120/autoware.ai/install/vector_map:/home/chinchia120/autoware.ai/install/state_machine_lib:/home/chinchia120/autoware.ai/install/lanelet2_core:/home/chinchia120/autoware.ai/install/amathutils_lib:/home/chinchia120/autoware.ai/install/vector_map_msgs:/home/chinchia120/autoware.ai/install/autoware_msgs:/home/chinchia120/autoware.ai/install/autoware_lanelet2_msgs:/home/chinchia120/autoware.ai/install/autoware_config_msgs:/home/chinchia120/autoware.ai/install/autoware_build_flags:${CMAKE_PREFIX_PATH} LD_LIBRARY_PATH=/home/chinchia120/autoware.ai/install/lanelet2_extension/lib:/home/chinchia120/autoware.ai/install/lanelet2_validation/lib:/home/chinchia120/autoware.ai/install/lanelet2_routing/lib:/home/chinchia120/autoware.ai/install/lanelet2_projection/lib:/home/chinchia120/autoware.ai/install/lanelet2_traffic_rules/lib:/home/chinchia120/autoware.ai/install/lanelet2_io/lib:/home/chinchia120/autoware.ai/install/vector_map/lib:/home/chinchia120/autoware.ai/install/state_machine_lib/lib:/home/chinchia120/autoware.ai/install/lanelet2_core/lib:/home/chinchia120/autoware.ai/install/amathutils_lib/lib:${LD_LIBRARY_PATH} PKG_CONFIG_PATH=/home/chinchia120/autoware.ai/install/lanelet2_extension/lib/x86_64-linux-gnu/pkgconfig:/home/chinchia120/autoware.ai/install/lanelet2_extension/lib/pkgconfig:/home/chinchia120/autoware.ai/install/lanelet2_validation/lib/x86_64-linux-gnu/pkgconfig:/home/chinchia120/autoware.ai/install/lanelet2_validation/lib/pkgconfig:/home/chinchia120/autoware.ai/install/lanelet2_routing/lib/x86_64-linux-gnu/pkgconfig:/home/chinchia120/autoware.ai/install/lanelet2_routing/lib/pkgconfig:/home/chinchia120/autoware.ai/install/lanelet2_projection/lib/x86_64-linux-gnu/pkgconfig:/home/chinchia120/autoware.ai/install/lanelet2_projection/lib/pkgconfig:/home/chinchia120/autoware.ai/install/lanelet2_traffic_rules/lib/x86_64-linux-gnu/pkgconfig:/home/chinchia120/autoware.ai/install/lanelet2_traffic_rules/lib/pkgconfig:/home/chinchia120/autoware.ai/install/lanelet2_maps/lib/x86_64-linux-gnu/pkgconfig:/home/chinchia120/autoware.ai/install/lanelet2_maps/lib/pkgconfig:/home/chinchia120/autoware.ai/install/lanelet2_io/lib/x86_64-linux-gnu/pkgconfig:/home/chinchia120/autoware.ai/install/lanelet2_io/lib/pkgconfig:/home/chinchia120/autoware.ai/install/vector_map/lib/x86_64-linux-gnu/pkgconfig:/home/chinchia120/autoware.ai/install/vector_map/lib/pkgconfig:/home/chinchia120/autoware.ai/install/state_machine_lib/lib/x86_64-linux-gnu/pkgconfig:/home/chinchia120/autoware.ai/install/state_machine_lib/lib/pkgconfig:/home/chinchia120/autoware.ai/install/lanelet2_core/lib/x86_64-linux-gnu/pkgconfig:/home/chinchia120/autoware.ai/install/lanelet2_core/lib/pkgconfig:/home/chinchia120/autoware.ai/install/amathutils_lib/lib/x86_64-linux-gnu/pkgconfig:/home/chinchia120/autoware.ai/install/amathutils_lib/lib/pkgconfig:/home/chinchia120/autoware.ai/install/vector_map_msgs/lib/x86_64-linux-gnu/pkgconfig:/home/chinchia120/autoware.ai/install/vector_map_msgs/lib/pkgconfig:/home/chinchia120/autoware.ai/install/autoware_msgs/lib/x86_64-linux-gnu/pkgconfig:/home/chinchia120/autoware.ai/install/autoware_msgs/lib/pkgconfig:/home/chinchia120/autoware.ai/install/autoware_lanelet2_msgs/lib/x86_64-linux-gnu/pkgconfig:/home/chinchia120/autoware.ai/install/autoware_lanelet2_msgs/lib/pkgconfig:/home/chinchia120/autoware.ai/install/autoware_config_msgs/lib/x86_64-linux-gnu/pkgconfig:/home/chinchia120/autoware.ai/install/autoware_config_msgs/lib/pkgconfig:/home/chinchia120/autoware.ai/install/autoware_build_flags/lib/x86_64-linux-gnu/pkgconfig:/home/chinchia120/autoware.ai/install/autoware_build_flags/lib/pkgconfig:${PKG_CONFIG_PATH} PYTHONPATH=/home/chinchia120/autoware.ai/install/vector_map_msgs/lib/python2.7/dist-packages:/home/chinchia120/autoware.ai/install/autoware_msgs/lib/python2.7/dist-packages:/home/chinchia120/autoware.ai/install/autoware_lanelet2_msgs/lib/python2.7/dist-packages:/home/chinchia120/autoware.ai/install/autoware_config_msgs/lib/python2.7/dist-packages:${PYTHONPATH} ROS_PACKAGE_PATH=/home/chinchia120/autoware.ai/install/lanelet2_extension/share:/home/chinchia120/autoware.ai/install/lanelet2_validation/share:/home/chinchia120/autoware.ai/install/lanelet2_routing/share:/home/chinchia120/autoware.ai/install/lanelet2_projection/share:/home/chinchia120/autoware.ai/install/lanelet2_traffic_rules/share:/home/chinchia120/autoware.ai/install/lanelet2_maps/share:/home/chinchia120/autoware.ai/install/lanelet2_io/share:/home/chinchia120/autoware.ai/install/vector_map/share:/home/chinchia120/autoware.ai/install/state_machine_lib/share:/home/chinchia120/autoware.ai/install/lanelet2_core/share:/home/chinchia120/autoware.ai/install/amathutils_lib/share:/home/chinchia120/autoware.ai/install/vector_map_msgs/share:/home/chinchia120/autoware.ai/install/autoware_msgs/share:/home/chinchia120/autoware.ai/install/autoware_lanelet2_msgs/share:/home/chinchia120/autoware.ai/install/autoware_config_msgs/share:/home/chinchia120/autoware.ai/install/autoware_build_flags/share:${ROS_PACKAGE_PATH} /usr/bin/cmake --build /home/chinchia120/autoware.ai/build/decision_maker --target install -- -j4 -l4
