[0.188s] Invoking command in '/home/chinchia120/autoware.ai/build/ff_waypoint_follower': CMAKE_PREFIX_PATH=/home/chinchia120/autoware.ai/install/map_file:/home/chinchia120/autoware.ai/install/op_simu:/home/chinchia120/autoware.ai/install/lanelet2_extension:/home/chinchia120/autoware.ai/install/op_planner:/home/chinchia120/autoware.ai/install/lanelet2_validation:/home/chinchia120/autoware.ai/install/op_utility:/home/chinchia120/autoware.ai/install/lanelet2_routing:/home/chinchia120/autoware.ai/install/lanelet2_projection:/home/chinchia120/autoware.ai/install/vector_map_server:/home/chinchia120/autoware.ai/install/libwaypoint_follower:/home/chinchia120/autoware.ai/install/lanelet2_traffic_rules:/home/chinchia120/autoware.ai/install/lanelet2_maps:/home/chinchia120/autoware.ai/install/lanelet2_io:/home/chinchia120/autoware.ai/install/vector_map:/home/chinchia120/autoware.ai/install/lanelet2_core:/home/chinchia120/autoware.ai/install/amathutils_lib:/home/chinchia120/autoware.ai/install/vector_map_msgs:/home/chinchia120/autoware.ai/install/autoware_msgs:/home/chinchia120/autoware.ai/install/autoware_lanelet2_msgs:/home/chinchia120/autoware.ai/install/autoware_build_flags:${CMAKE_PREFIX_PATH} LD_LIBRARY_PATH=/home/chinchia120/autoware.ai/install/map_file/lib:/home/chinchia120/autoware.ai/install/op_simu/lib:/home/chinchia120/autoware.ai/install/lanelet2_extension/lib:/home/chinchia120/autoware.ai/install/op_planner/lib:/home/chinchia120/autoware.ai/install/lanelet2_validation/lib:/home/chinchia120/autoware.ai/install/op_utility/lib:/home/chinchia120/autoware.ai/install/lanelet2_routing/lib:/home/chinchia120/autoware.ai/install/lanelet2_projection/lib:/home/chinchia120/autoware.ai/install/libwaypoint_follower/lib:/home/chinchia120/autoware.ai/install/lanelet2_traffic_rules/lib:/home/chinchia120/autoware.ai/install/lanelet2_io/lib:/home/chinchia120/autoware.ai/install/vector_map/lib:/home/chinchia120/autoware.ai/install/lanelet2_core/lib:/home/chinchia120/autoware.ai/install/amathutils_lib/lib:${LD_LIBRARY_PATH} PKG_CONFIG_PATH=/home/chinchia120/autoware.ai/install/map_file/lib/x86_64-linux-gnu/pkgconfig:/home/chinchia120/autoware.ai/install/map_file/lib/pkgconfig:/home/chinchia120/autoware.ai/install/op_simu/lib/x86_64-linux-gnu/pkgconfig:/home/chinchia120/autoware.ai/install/op_simu/lib/pkgconfig:/home/chinchia120/autoware.ai/install/lanelet2_extension/lib/x86_64-linux-gnu/pkgconfig:/home/chinchia120/autoware.ai/install/lanelet2_extension/lib/pkgconfig:/home/chinchia120/autoware.ai/install/op_planner/lib/x86_64-linux-gnu/pkgconfig:/home/chinchia120/autoware.ai/install/op_planner/lib/pkgconfig:/home/chinchia120/autoware.ai/install/lanelet2_validation/lib/x86_64-linux-gnu/pkgconfig:/home/chinchia120/autoware.ai/install/lanelet2_validation/lib/pkgconfig:/home/chinchia120/autoware.ai/install/op_utility/lib/x86_64-linux-gnu/pkgconfig:/home/chinchia120/autoware.ai/install/op_utility/lib/pkgconfig:/home/chinchia120/autoware.ai/install/lanelet2_routing/lib/x86_64-linux-gnu/pkgconfig:/home/chinchia120/autoware.ai/install/lanelet2_routing/lib/pkgconfig:/home/chinchia120/autoware.ai/install/lanelet2_projection/lib/x86_64-linux-gnu/pkgconfig:/home/chinchia120/autoware.ai/install/lanelet2_projection/lib/pkgconfig:/home/chinchia120/autoware.ai/install/vector_map_server/lib/x86_64-linux-gnu/pkgconfig:/home/chinchia120/autoware.ai/install/vector_map_server/lib/pkgconfig:/home/chinchia120/autoware.ai/install/libwaypoint_follower/lib/x86_64-linux-gnu/pkgconfig:/home/chinchia120/autoware.ai/install/libwaypoint_follower/lib/pkgconfig:/home/chinchia120/autoware.ai/install/lanelet2_traffic_rules/lib/x86_64-linux-gnu/pkgconfig:/home/chinchia120/autoware.ai/install/lanelet2_traffic_rules/lib/pkgconfig:/home/chinchia120/autoware.ai/install/lanelet2_maps/lib/x86_64-linux-gnu/pkgconfig:/home/chinchia120/autoware.ai/install/lanelet2_maps/lib/pkgconfig:/home/chinchia120/autoware.ai/install/lanelet2_io/lib/x86_64-linux-gnu/pkgconfig:/home/chinchia120/autoware.ai/install/lanelet2_io/lib/pkgconfig:/home/chinchia120/autoware.ai/install/vector_map/lib/x86_64-linux-gnu/pkgconfig:/home/chinchia120/autoware.ai/install/vector_map/lib/pkgconfig:/home/chinchia120/autoware.ai/install/lanelet2_core/lib/x86_64-linux-gnu/pkgconfig:/home/chinchia120/autoware.ai/install/lanelet2_core/lib/pkgconfig:/home/chinchia120/autoware.ai/install/amathutils_lib/lib/x86_64-linux-gnu/pkgconfig:/home/chinchia120/autoware.ai/install/amathutils_lib/lib/pkgconfig:/home/chinchia120/autoware.ai/install/vector_map_msgs/lib/x86_64-linux-gnu/pkgconfig:/home/chinchia120/autoware.ai/install/vector_map_msgs/lib/pkgconfig:/home/chinchia120/autoware.ai/install/autoware_msgs/lib/x86_64-linux-gnu/pkgconfig:/home/chinchia120/autoware.ai/install/autoware_msgs/lib/pkgconfig:/home/chinchia120/autoware.ai/install/autoware_lanelet2_msgs/lib/x86_64-linux-gnu/pkgconfig:/home/chinchia120/autoware.ai/install/autoware_lanelet2_msgs/lib/pkgconfig:/home/chinchia120/autoware.ai/install/autoware_build_flags/lib/x86_64-linux-gnu/pkgconfig:/home/chinchia120/autoware.ai/install/autoware_build_flags/lib/pkgconfig:${PKG_CONFIG_PATH} PYTHONPATH=/home/chinchia120/autoware.ai/install/vector_map_server/lib/python2.7/dist-packages:/home/chinchia120/autoware.ai/install/vector_map_msgs/lib/python2.7/dist-packages:/home/chinchia120/autoware.ai/install/autoware_msgs/lib/python2.7/dist-packages:/home/chinchia120/autoware.ai/install/autoware_lanelet2_msgs/lib/python2.7/dist-packages:${PYTHONPATH} ROS_PACKAGE_PATH=/home/chinchia120/autoware.ai/install/map_file/share:/home/chinchia120/autoware.ai/install/op_simu/share:/home/chinchia120/autoware.ai/install/lanelet2_extension/share:/home/chinchia120/autoware.ai/install/op_planner/share:/home/chinchia120/autoware.ai/install/lanelet2_validation/share:/home/chinchia120/autoware.ai/install/op_utility/share:/home/chinchia120/autoware.ai/install/lanelet2_routing/share:/home/chinchia120/autoware.ai/install/lanelet2_projection/share:/home/chinchia120/autoware.ai/install/vector_map_server/share:/home/chinchia120/autoware.ai/install/libwaypoint_follower/share:/home/chinchia120/autoware.ai/install/lanelet2_traffic_rules/share:/home/chinchia120/autoware.ai/install/lanelet2_maps/share:/home/chinchia120/autoware.ai/install/lanelet2_io/share:/home/chinchia120/autoware.ai/install/vector_map/share:/home/chinchia120/autoware.ai/install/lanelet2_core/share:/home/chinchia120/autoware.ai/install/amathutils_lib/share:/home/chinchia120/autoware.ai/install/vector_map_msgs/share:/home/chinchia120/autoware.ai/install/autoware_msgs/share:/home/chinchia120/autoware.ai/install/autoware_lanelet2_msgs/share:/home/chinchia120/autoware.ai/install/autoware_build_flags/share:${ROS_PACKAGE_PATH} /usr/bin/cmake /home/chinchia120/autoware.ai/src/autoware/core_planning/ff_waypoint_follower -DCMAKE_BUILD_TYPE=Release -DCATKIN_INSTALL_INTO_PREFIX_ROOT=0 -DCMAKE_INSTALL_PREFIX=/home/chinchia120/autoware.ai/install/ff_waypoint_follower
[0.342s] -- The C compiler identification is GNU 7.5.0
[0.459s] -- The CXX compiler identification is GNU 7.5.0
[0.467s] -- Check for working C compiler: /usr/bin/cc
[0.652s] -- Check for working C compiler: /usr/bin/cc -- works
[0.653s] -- Detecting C compiler ABI info
[0.812s] -- Detecting C compiler ABI info - done
[0.827s] -- Detecting C compile features
[1.360s] -- Detecting C compile features - done
[1.363s] -- Check for working CXX compiler: /usr/bin/c++
[1.560s] -- Check for working CXX compiler: /usr/bin/c++ -- works
[1.561s] -- Detecting CXX compiler ABI info
[1.740s] -- Detecting CXX compiler ABI info - done
[1.755s] -- Detecting CXX compile features
[2.612s] -- Detecting CXX compile features - done
[2.619s] -- CUDA compilation status: 1.
[2.648s] -- Found OpenCV: /usr (found version "3.2.0") 
[2.654s] -- Using CATKIN_DEVEL_PREFIX: /home/chinchia120/autoware.ai/build/ff_waypoint_follower/devel
[2.660s] -- Using CMAKE_PREFIX_PATH: /home/chinchia120/autoware.ai/install/map_file;/home/chinchia120/autoware.ai/install/op_simu;/home/chinchia120/autoware.ai/install/lanelet2_extension;/home/chinchia120/autoware.ai/install/op_planner;/home/chinchia120/autoware.ai/install/lanelet2_validation;/home/chinchia120/autoware.ai/install/op_utility;/home/chinchia120/autoware.ai/install/lanelet2_routing;/home/chinchia120/autoware.ai/install/lanelet2_projection;/home/chinchia120/autoware.ai/install/vector_map_server;/home/chinchia120/autoware.ai/install/libwaypoint_follower;/home/chinchia120/autoware.ai/install/lanelet2_traffic_rules;/home/chinchia120/autoware.ai/install/lanelet2_maps;/home/chinchia120/autoware.ai/install/lanelet2_io;/home/chinchia120/autoware.ai/install/vector_map;/home/chinchia120/autoware.ai/install/lanelet2_core;/home/chinchia120/autoware.ai/install/amathutils_lib;/home/chinchia120/autoware.ai/install/vector_map_msgs;/home/chinchia120/autoware.ai/install/autoware_msgs;/home/chinchia120/autoware.ai/install/autoware_lanelet2_msgs;/home/chinchia120/autoware.ai/install/autoware_build_flags;/home/chinchia120/catkin_ws/devel;/opt/ros/melodic
[2.662s] -- This workspace overlays: /home/chinchia120/autoware.ai/install/map_file;/home/chinchia120/autoware.ai/install/op_simu;/home/chinchia120/autoware.ai/install/lanelet2_extension;/home/chinchia120/autoware.ai/install/op_planner;/home/chinchia120/autoware.ai/install/lanelet2_validation;/home/chinchia120/autoware.ai/install/op_utility;/home/chinchia120/autoware.ai/install/lanelet2_routing;/home/chinchia120/autoware.ai/install/lanelet2_projection;/home/chinchia120/autoware.ai/install/vector_map_server;/home/chinchia120/autoware.ai/install/libwaypoint_follower;/home/chinchia120/autoware.ai/install/lanelet2_traffic_rules;/home/chinchia120/autoware.ai/install/lanelet2_maps;/home/chinchia120/autoware.ai/install/lanelet2_io;/home/chinchia120/autoware.ai/install/vector_map;/home/chinchia120/autoware.ai/install/lanelet2_core;/home/chinchia120/autoware.ai/install/amathutils_lib;/home/chinchia120/autoware.ai/install/vector_map_msgs;/home/chinchia120/autoware.ai/install/autoware_msgs;/home/chinchia120/autoware.ai/install/autoware_lanelet2_msgs;/home/chinchia120/autoware.ai/install/autoware_build_flags;/home/chinchia120/catkin_ws/devel;/opt/ros/melodic
[2.698s] -- Found PythonInterp: /usr/bin/python2 (found suitable version "2.7.17", minimum required is "2") 
[2.698s] -- Using PYTHON_EXECUTABLE: /usr/bin/python2
[2.699s] -- Using Debian Python package layout
[2.700s] -- Using empy: /usr/bin/empy
[3.011s] -- Using CATKIN_ENABLE_TESTING: ON
[3.012s] -- Call enable_testing()
[3.018s] -- Using CATKIN_TEST_RESULTS_DIR: /home/chinchia120/autoware.ai/build/ff_waypoint_follower/test_results
[3.059s] -- Found gtest sources under '/usr/src/googletest': gtests will be built
[3.059s] -- Found gmock sources under '/usr/src/googletest': gmock will be built
[3.094s] -- Found PythonInterp: /usr/bin/python2 (found version "2.7.17") 
[3.096s] -- Looking for pthread.h
[3.277s] -- Looking for pthread.h - found
[3.277s] -- Looking for pthread_create
[3.445s] -- Looking for pthread_create - not found
[3.445s] -- Looking for pthread_create in pthreads
[3.593s] -- Looking for pthread_create in pthreads - not found
[3.593s] -- Looking for pthread_create in pthread
[3.760s] -- Looking for pthread_create in pthread - found
[3.760s] -- Found Threads: TRUE  
[3.765s] -- Using Python nosetests: /usr/bin/nosetests-2.7
[3.852s] -- catkin 0.7.29
[3.853s] -- BUILD_SHARED_LIBS is on
[4.301s] -- Using these message generators: gencpp;geneus;genlisp;gennodejs;genpy
[5.324s] -- Configuring done
[5.471s] -- Generating done
[5.501s] -- Build files have been written to: /home/chinchia120/autoware.ai/build/ff_waypoint_follower
[5.515s] Invoked command in '/home/chinchia120/autoware.ai/build/ff_waypoint_follower' returned '0': CMAKE_PREFIX_PATH=/home/chinchia120/autoware.ai/install/map_file:/home/chinchia120/autoware.ai/install/op_simu:/home/chinchia120/autoware.ai/install/lanelet2_extension:/home/chinchia120/autoware.ai/install/op_planner:/home/chinchia120/autoware.ai/install/lanelet2_validation:/home/chinchia120/autoware.ai/install/op_utility:/home/chinchia120/autoware.ai/install/lanelet2_routing:/home/chinchia120/autoware.ai/install/lanelet2_projection:/home/chinchia120/autoware.ai/install/vector_map_server:/home/chinchia120/autoware.ai/install/libwaypoint_follower:/home/chinchia120/autoware.ai/install/lanelet2_traffic_rules:/home/chinchia120/autoware.ai/install/lanelet2_maps:/home/chinchia120/autoware.ai/install/lanelet2_io:/home/chinchia120/autoware.ai/install/vector_map:/home/chinchia120/autoware.ai/install/lanelet2_core:/home/chinchia120/autoware.ai/install/amathutils_lib:/home/chinchia120/autoware.ai/install/vector_map_msgs:/home/chinchia120/autoware.ai/install/autoware_msgs:/home/chinchia120/autoware.ai/install/autoware_lanelet2_msgs:/home/chinchia120/autoware.ai/install/autoware_build_flags:${CMAKE_PREFIX_PATH} LD_LIBRARY_PATH=/home/chinchia120/autoware.ai/install/map_file/lib:/home/chinchia120/autoware.ai/install/op_simu/lib:/home/chinchia120/autoware.ai/install/lanelet2_extension/lib:/home/chinchia120/autoware.ai/install/op_planner/lib:/home/chinchia120/autoware.ai/install/lanelet2_validation/lib:/home/chinchia120/autoware.ai/install/op_utility/lib:/home/chinchia120/autoware.ai/install/lanelet2_routing/lib:/home/chinchia120/autoware.ai/install/lanelet2_projection/lib:/home/chinchia120/autoware.ai/install/libwaypoint_follower/lib:/home/chinchia120/autoware.ai/install/lanelet2_traffic_rules/lib:/home/chinchia120/autoware.ai/install/lanelet2_io/lib:/home/chinchia120/autoware.ai/install/vector_map/lib:/home/chinchia120/autoware.ai/install/lanelet2_core/lib:/home/chinchia120/autoware.ai/install/amathutils_lib/lib:${LD_LIBRARY_PATH} PKG_CONFIG_PATH=/home/chinchia120/autoware.ai/install/map_file/lib/x86_64-linux-gnu/pkgconfig:/home/chinchia120/autoware.ai/install/map_file/lib/pkgconfig:/home/chinchia120/autoware.ai/install/op_simu/lib/x86_64-linux-gnu/pkgconfig:/home/chinchia120/autoware.ai/install/op_simu/lib/pkgconfig:/home/chinchia120/autoware.ai/install/lanelet2_extension/lib/x86_64-linux-gnu/pkgconfig:/home/chinchia120/autoware.ai/install/lanelet2_extension/lib/pkgconfig:/home/chinchia120/autoware.ai/install/op_planner/lib/x86_64-linux-gnu/pkgconfig:/home/chinchia120/autoware.ai/install/op_planner/lib/pkgconfig:/home/chinchia120/autoware.ai/install/lanelet2_validation/lib/x86_64-linux-gnu/pkgconfig:/home/chinchia120/autoware.ai/install/lanelet2_validation/lib/pkgconfig:/home/chinchia120/autoware.ai/install/op_utility/lib/x86_64-linux-gnu/pkgconfig:/home/chinchia120/autoware.ai/install/op_utility/lib/pkgconfig:/home/chinchia120/autoware.ai/install/lanelet2_routing/lib/x86_64-linux-gnu/pkgconfig:/home/chinchia120/autoware.ai/install/lanelet2_routing/lib/pkgconfig:/home/chinchia120/autoware.ai/install/lanelet2_projection/lib/x86_64-linux-gnu/pkgconfig:/home/chinchia120/autoware.ai/install/lanelet2_projection/lib/pkgconfig:/home/chinchia120/autoware.ai/install/vector_map_server/lib/x86_64-linux-gnu/pkgconfig:/home/chinchia120/autoware.ai/install/vector_map_server/lib/pkgconfig:/home/chinchia120/autoware.ai/install/libwaypoint_follower/lib/x86_64-linux-gnu/pkgconfig:/home/chinchia120/autoware.ai/install/libwaypoint_follower/lib/pkgconfig:/home/chinchia120/autoware.ai/install/lanelet2_traffic_rules/lib/x86_64-linux-gnu/pkgconfig:/home/chinchia120/autoware.ai/install/lanelet2_traffic_rules/lib/pkgconfig:/home/chinchia120/autoware.ai/install/lanelet2_maps/lib/x86_64-linux-gnu/pkgconfig:/home/chinchia120/autoware.ai/install/lanelet2_maps/lib/pkgconfig:/home/chinchia120/autoware.ai/install/lanelet2_io/lib/x86_64-linux-gnu/pkgconfig:/home/chinchia120/autoware.ai/install/lanelet2_io/lib/pkgconfig:/home/chinchia120/autoware.ai/install/vector_map/lib/x86_64-linux-gnu/pkgconfig:/home/chinchia120/autoware.ai/install/vector_map/lib/pkgconfig:/home/chinchia120/autoware.ai/install/lanelet2_core/lib/x86_64-linux-gnu/pkgconfig:/home/chinchia120/autoware.ai/install/lanelet2_core/lib/pkgconfig:/home/chinchia120/autoware.ai/install/amathutils_lib/lib/x86_64-linux-gnu/pkgconfig:/home/chinchia120/autoware.ai/install/amathutils_lib/lib/pkgconfig:/home/chinchia120/autoware.ai/install/vector_map_msgs/lib/x86_64-linux-gnu/pkgconfig:/home/chinchia120/autoware.ai/install/vector_map_msgs/lib/pkgconfig:/home/chinchia120/autoware.ai/install/autoware_msgs/lib/x86_64-linux-gnu/pkgconfig:/home/chinchia120/autoware.ai/install/autoware_msgs/lib/pkgconfig:/home/chinchia120/autoware.ai/install/autoware_lanelet2_msgs/lib/x86_64-linux-gnu/pkgconfig:/home/chinchia120/autoware.ai/install/autoware_lanelet2_msgs/lib/pkgconfig:/home/chinchia120/autoware.ai/install/autoware_build_flags/lib/x86_64-linux-gnu/pkgconfig:/home/chinchia120/autoware.ai/install/autoware_build_flags/lib/pkgconfig:${PKG_CONFIG_PATH} PYTHONPATH=/home/chinchia120/autoware.ai/install/vector_map_server/lib/python2.7/dist-packages:/home/chinchia120/autoware.ai/install/vector_map_msgs/lib/python2.7/dist-packages:/home/chinchia120/autoware.ai/install/autoware_msgs/lib/python2.7/dist-packages:/home/chinchia120/autoware.ai/install/autoware_lanelet2_msgs/lib/python2.7/dist-packages:${PYTHONPATH} ROS_PACKAGE_PATH=/home/chinchia120/autoware.ai/install/map_file/share:/home/chinchia120/autoware.ai/install/op_simu/share:/home/chinchia120/autoware.ai/install/lanelet2_extension/share:/home/chinchia120/autoware.ai/install/op_planner/share:/home/chinchia120/autoware.ai/install/lanelet2_validation/share:/home/chinchia120/autoware.ai/install/op_utility/share:/home/chinchia120/autoware.ai/install/lanelet2_routing/share:/home/chinchia120/autoware.ai/install/lanelet2_projection/share:/home/chinchia120/autoware.ai/install/vector_map_server/share:/home/chinchia120/autoware.ai/install/libwaypoint_follower/share:/home/chinchia120/autoware.ai/install/lanelet2_traffic_rules/share:/home/chinchia120/autoware.ai/install/lanelet2_maps/share:/home/chinchia120/autoware.ai/install/lanelet2_io/share:/home/chinchia120/autoware.ai/install/vector_map/share:/home/chinchia120/autoware.ai/install/lanelet2_core/share:/home/chinchia120/autoware.ai/install/amathutils_lib/share:/home/chinchia120/autoware.ai/install/vector_map_msgs/share:/home/chinchia120/autoware.ai/install/autoware_msgs/share:/home/chinchia120/autoware.ai/install/autoware_lanelet2_msgs/share:/home/chinchia120/autoware.ai/install/autoware_build_flags/share:${ROS_PACKAGE_PATH} /usr/bin/cmake /home/chinchia120/autoware.ai/src/autoware/core_planning/ff_waypoint_follower -DCMAKE_BUILD_TYPE=Release -DCATKIN_INSTALL_INTO_PREFIX_ROOT=0 -DCMAKE_INSTALL_PREFIX=/home/chinchia120/autoware.ai/install/ff_waypoint_follower
[5.517s] Invoking command in '/home/chinchia120/autoware.ai/build/ff_waypoint_follower': CMAKE_PREFIX_PATH=/home/chinchia120/autoware.ai/install/map_file:/home/chinchia120/autoware.ai/install/op_simu:/home/chinchia120/autoware.ai/install/lanelet2_extension:/home/chinchia120/autoware.ai/install/op_planner:/home/chinchia120/autoware.ai/install/lanelet2_validation:/home/chinchia120/autoware.ai/install/op_utility:/home/chinchia120/autoware.ai/install/lanelet2_routing:/home/chinchia120/autoware.ai/install/lanelet2_projection:/home/chinchia120/autoware.ai/install/vector_map_server:/home/chinchia120/autoware.ai/install/libwaypoint_follower:/home/chinchia120/autoware.ai/install/lanelet2_traffic_rules:/home/chinchia120/autoware.ai/install/lanelet2_maps:/home/chinchia120/autoware.ai/install/lanelet2_io:/home/chinchia120/autoware.ai/install/vector_map:/home/chinchia120/autoware.ai/install/lanelet2_core:/home/chinchia120/autoware.ai/install/amathutils_lib:/home/chinchia120/autoware.ai/install/vector_map_msgs:/home/chinchia120/autoware.ai/install/autoware_msgs:/home/chinchia120/autoware.ai/install/autoware_lanelet2_msgs:/home/chinchia120/autoware.ai/install/autoware_build_flags:${CMAKE_PREFIX_PATH} LD_LIBRARY_PATH=/home/chinchia120/autoware.ai/install/map_file/lib:/home/chinchia120/autoware.ai/install/op_simu/lib:/home/chinchia120/autoware.ai/install/lanelet2_extension/lib:/home/chinchia120/autoware.ai/install/op_planner/lib:/home/chinchia120/autoware.ai/install/lanelet2_validation/lib:/home/chinchia120/autoware.ai/install/op_utility/lib:/home/chinchia120/autoware.ai/install/lanelet2_routing/lib:/home/chinchia120/autoware.ai/install/lanelet2_projection/lib:/home/chinchia120/autoware.ai/install/libwaypoint_follower/lib:/home/chinchia120/autoware.ai/install/lanelet2_traffic_rules/lib:/home/chinchia120/autoware.ai/install/lanelet2_io/lib:/home/chinchia120/autoware.ai/install/vector_map/lib:/home/chinchia120/autoware.ai/install/lanelet2_core/lib:/home/chinchia120/autoware.ai/install/amathutils_lib/lib:${LD_LIBRARY_PATH} PKG_CONFIG_PATH=/home/chinchia120/autoware.ai/install/map_file/lib/x86_64-linux-gnu/pkgconfig:/home/chinchia120/autoware.ai/install/map_file/lib/pkgconfig:/home/chinchia120/autoware.ai/install/op_simu/lib/x86_64-linux-gnu/pkgconfig:/home/chinchia120/autoware.ai/install/op_simu/lib/pkgconfig:/home/chinchia120/autoware.ai/install/lanelet2_extension/lib/x86_64-linux-gnu/pkgconfig:/home/chinchia120/autoware.ai/install/lanelet2_extension/lib/pkgconfig:/home/chinchia120/autoware.ai/install/op_planner/lib/x86_64-linux-gnu/pkgconfig:/home/chinchia120/autoware.ai/install/op_planner/lib/pkgconfig:/home/chinchia120/autoware.ai/install/lanelet2_validation/lib/x86_64-linux-gnu/pkgconfig:/home/chinchia120/autoware.ai/install/lanelet2_validation/lib/pkgconfig:/home/chinchia120/autoware.ai/install/op_utility/lib/x86_64-linux-gnu/pkgconfig:/home/chinchia120/autoware.ai/install/op_utility/lib/pkgconfig:/home/chinchia120/autoware.ai/install/lanelet2_routing/lib/x86_64-linux-gnu/pkgconfig:/home/chinchia120/autoware.ai/install/lanelet2_routing/lib/pkgconfig:/home/chinchia120/autoware.ai/install/lanelet2_projection/lib/x86_64-linux-gnu/pkgconfig:/home/chinchia120/autoware.ai/install/lanelet2_projection/lib/pkgconfig:/home/chinchia120/autoware.ai/install/vector_map_server/lib/x86_64-linux-gnu/pkgconfig:/home/chinchia120/autoware.ai/install/vector_map_server/lib/pkgconfig:/home/chinchia120/autoware.ai/install/libwaypoint_follower/lib/x86_64-linux-gnu/pkgconfig:/home/chinchia120/autoware.ai/install/libwaypoint_follower/lib/pkgconfig:/home/chinchia120/autoware.ai/install/lanelet2_traffic_rules/lib/x86_64-linux-gnu/pkgconfig:/home/chinchia120/autoware.ai/install/lanelet2_traffic_rules/lib/pkgconfig:/home/chinchia120/autoware.ai/install/lanelet2_maps/lib/x86_64-linux-gnu/pkgconfig:/home/chinchia120/autoware.ai/install/lanelet2_maps/lib/pkgconfig:/home/chinchia120/autoware.ai/install/lanelet2_io/lib/x86_64-linux-gnu/pkgconfig:/home/chinchia120/autoware.ai/install/lanelet2_io/lib/pkgconfig:/home/chinchia120/autoware.ai/install/vector_map/lib/x86_64-linux-gnu/pkgconfig:/home/chinchia120/autoware.ai/install/vector_map/lib/pkgconfig:/home/chinchia120/autoware.ai/install/lanelet2_core/lib/x86_64-linux-gnu/pkgconfig:/home/chinchia120/autoware.ai/install/lanelet2_core/lib/pkgconfig:/home/chinchia120/autoware.ai/install/amathutils_lib/lib/x86_64-linux-gnu/pkgconfig:/home/chinchia120/autoware.ai/install/amathutils_lib/lib/pkgconfig:/home/chinchia120/autoware.ai/install/vector_map_msgs/lib/x86_64-linux-gnu/pkgconfig:/home/chinchia120/autoware.ai/install/vector_map_msgs/lib/pkgconfig:/home/chinchia120/autoware.ai/install/autoware_msgs/lib/x86_64-linux-gnu/pkgconfig:/home/chinchia120/autoware.ai/install/autoware_msgs/lib/pkgconfig:/home/chinchia120/autoware.ai/install/autoware_lanelet2_msgs/lib/x86_64-linux-gnu/pkgconfig:/home/chinchia120/autoware.ai/install/autoware_lanelet2_msgs/lib/pkgconfig:/home/chinchia120/autoware.ai/install/autoware_build_flags/lib/x86_64-linux-gnu/pkgconfig:/home/chinchia120/autoware.ai/install/autoware_build_flags/lib/pkgconfig:${PKG_CONFIG_PATH} PYTHONPATH=/home/chinchia120/autoware.ai/install/vector_map_server/lib/python2.7/dist-packages:/home/chinchia120/autoware.ai/install/vector_map_msgs/lib/python2.7/dist-packages:/home/chinchia120/autoware.ai/install/autoware_msgs/lib/python2.7/dist-packages:/home/chinchia120/autoware.ai/install/autoware_lanelet2_msgs/lib/python2.7/dist-packages:${PYTHONPATH} ROS_PACKAGE_PATH=/home/chinchia120/autoware.ai/install/map_file/share:/home/chinchia120/autoware.ai/install/op_simu/share:/home/chinchia120/autoware.ai/install/lanelet2_extension/share:/home/chinchia120/autoware.ai/install/op_planner/share:/home/chinchia120/autoware.ai/install/lanelet2_validation/share:/home/chinchia120/autoware.ai/install/op_utility/share:/home/chinchia120/autoware.ai/install/lanelet2_routing/share:/home/chinchia120/autoware.ai/install/lanelet2_projection/share:/home/chinchia120/autoware.ai/install/vector_map_server/share:/home/chinchia120/autoware.ai/install/libwaypoint_follower/share:/home/chinchia120/autoware.ai/install/lanelet2_traffic_rules/share:/home/chinchia120/autoware.ai/install/lanelet2_maps/share:/home/chinchia120/autoware.ai/install/lanelet2_io/share:/home/chinchia120/autoware.ai/install/vector_map/share:/home/chinchia120/autoware.ai/install/lanelet2_core/share:/home/chinchia120/autoware.ai/install/amathutils_lib/share:/home/chinchia120/autoware.ai/install/vector_map_msgs/share:/home/chinchia120/autoware.ai/install/autoware_msgs/share:/home/chinchia120/autoware.ai/install/autoware_lanelet2_msgs/share:/home/chinchia120/autoware.ai/install/autoware_build_flags/share:${ROS_PACKAGE_PATH} /usr/bin/cmake --build /home/chinchia120/autoware.ai/build/ff_waypoint_follower -- -j4 -l4
[5.652s] [35m[1mScanning dependencies of target vector_map_msgs_generate_messages_eus[0m
[5.683s] [  0%] Built target vector_map_msgs_generate_messages_eus
[5.708s] [35m[1mScanning dependencies of target vector_map_msgs_generate_messages_nodejs[0m
[5.743s] [  0%] Built target vector_map_msgs_generate_messages_nodejs
[5.780s] [35m[1mScanning dependencies of target vector_map_msgs_generate_messages_lisp[0m
[5.809s] [  0%] Built target vector_map_msgs_generate_messages_lisp
[5.837s] [35m[1mScanning dependencies of target geometry_msgs_generate_messages_py[0m
[5.869s] [  0%] Built target geometry_msgs_generate_messages_py
[5.900s] [35m[1mScanning dependencies of target sensor_msgs_generate_messages_nodejs[0m
[5.954s] [  0%] Built target sensor_msgs_generate_messages_nodejs
[5.987s] [35m[1mScanning dependencies of target vector_map_server_generate_messages_eus[0m
[6.020s] [  0%] Built target vector_map_server_generate_messages_eus
[6.058s] [35m[1mScanning dependencies of target roscpp_generate_messages_cpp[0m
[6.090s] [  0%] Built target roscpp_generate_messages_cpp
[6.125s] [35m[1mScanning dependencies of target actionlib_generate_messages_cpp[0m
[6.163s] [  0%] Built target actionlib_generate_messages_cpp
[6.189s] [35m[1mScanning dependencies of target pcl_msgs_generate_messages_eus[0m
[6.216s] [  0%] Built target pcl_msgs_generate_messages_eus
[6.246s] [35m[1mScanning dependencies of target rosgraph_msgs_generate_messages_eus[0m
[6.278s] [  0%] Built target rosgraph_msgs_generate_messages_eus
[6.304s] [35m[1mScanning dependencies of target jsk_recognition_msgs_generate_messages_lisp[0m
[6.339s] [  0%] Built target jsk_recognition_msgs_generate_messages_lisp
[6.374s] [35m[1mScanning dependencies of target jsk_recognition_msgs_generate_messages_eus[0m
[6.400s] [  0%] Built target jsk_recognition_msgs_generate_messages_eus
[6.433s] [35m[1mScanning dependencies of target tf2_msgs_generate_messages_cpp[0m
[6.468s] [  0%] Built target tf2_msgs_generate_messages_cpp
[6.496s] [35m[1mScanning dependencies of target std_msgs_generate_messages_py[0m
[6.531s] [  0%] Built target std_msgs_generate_messages_py
[6.559s] [35m[1mScanning dependencies of target autoware_msgs_generate_messages_py[0m
[6.590s] [  0%] Built target autoware_msgs_generate_messages_py
[6.622s] [35m[1mScanning dependencies of target std_msgs_generate_messages_nodejs[0m
[6.658s] [  0%] Built target std_msgs_generate_messages_nodejs
[6.696s] [35m[1mScanning dependencies of target sensor_msgs_generate_messages_eus[0m
[6.743s] [  0%] Built target sensor_msgs_generate_messages_eus
[6.778s] [35m[1mScanning dependencies of target _catkin_empty_exported_target[0m
[6.806s] [  0%] Built target _catkin_empty_exported_target
[6.841s] [35m[1mScanning dependencies of target sensor_msgs_generate_messages_cpp[0m
[6.883s] [  0%] Built target sensor_msgs_generate_messages_cpp
[6.920s] [35m[1mScanning dependencies of target autoware_msgs_generate_messages_cpp[0m
[6.951s] [  0%] Built target autoware_msgs_generate_messages_cpp
[6.991s] [35m[1mScanning dependencies of target rosgraph_msgs_generate_messages_cpp[0m
[7.027s] [  0%] Built target rosgraph_msgs_generate_messages_cpp
[7.063s] [35m[1mScanning dependencies of target pcl_msgs_generate_messages_nodejs[0m
[7.091s] [  0%] Built target pcl_msgs_generate_messages_nodejs
[7.131s] [35m[1mScanning dependencies of target jsk_recognition_msgs_generate_messages_py[0m
[7.170s] [  0%] Built target jsk_recognition_msgs_generate_messages_py
[7.212s] [35m[1mScanning dependencies of target sensor_msgs_generate_messages_lisp[0m
[7.244s] [  0%] Built target sensor_msgs_generate_messages_lisp
[7.283s] [35m[1mScanning dependencies of target sensor_msgs_generate_messages_py[0m
[7.319s] [  0%] Built target sensor_msgs_generate_messages_py
[7.351s] [35m[1mScanning dependencies of target tf_generate_messages_py[0m
[7.385s] [  0%] Built target tf_generate_messages_py
[7.421s] [35m[1mScanning dependencies of target std_msgs_generate_messages_cpp[0m
[7.457s] [  0%] Built target std_msgs_generate_messages_cpp
[7.485s] [35m[1mScanning dependencies of target jsk_footstep_msgs_generate_messages_py[0m
[7.518s] [  0%] Built target jsk_footstep_msgs_generate_messages_py
[7.554s] [35m[1mScanning dependencies of target visualization_msgs_generate_messages_nodejs[0m
[7.589s] [  0%] Built target visualization_msgs_generate_messages_nodejs
[7.621s] [35m[1mScanning dependencies of target actionlib_msgs_generate_messages_nodejs[0m
[7.652s] [  0%] Built target actionlib_msgs_generate_messages_nodejs
[7.687s] [35m[1mScanning dependencies of target geometry_msgs_generate_messages_eus[0m
[7.718s] [  0%] Built target geometry_msgs_generate_messages_eus
[7.753s] [35m[1mScanning dependencies of target std_msgs_generate_messages_lisp[0m
[7.793s] [  0%] Built target std_msgs_generate_messages_lisp
[7.823s] [35m[1mScanning dependencies of target roscpp_generate_messages_nodejs[0m
[7.861s] [  0%] Built target roscpp_generate_messages_nodejs
[7.896s] [35m[1mScanning dependencies of target geometry_msgs_generate_messages_nodejs[0m
[7.929s] [  0%] Built target geometry_msgs_generate_messages_nodejs
[7.963s] [35m[1mScanning dependencies of target geometry_msgs_generate_messages_lisp[0m
[8.000s] [  0%] Built target geometry_msgs_generate_messages_lisp
[8.033s] [35m[1mScanning dependencies of target pcl_msgs_generate_messages_cpp[0m
[8.078s] [  0%] Built target pcl_msgs_generate_messages_cpp
[8.109s] [35m[1mScanning dependencies of target jsk_recognition_msgs_generate_messages_cpp[0m
[8.145s] [  0%] Built target jsk_recognition_msgs_generate_messages_cpp
[8.182s] [35m[1mScanning dependencies of target autoware_msgs_generate_messages_eus[0m
[8.210s] [  0%] Built target autoware_msgs_generate_messages_eus
[8.246s] [35m[1mScanning dependencies of target autoware_msgs_generate_messages_lisp[0m
[8.278s] [  0%] Built target autoware_msgs_generate_messages_lisp
[8.303s] [35m[1mScanning dependencies of target visualization_msgs_generate_messages_lisp[0m
[8.334s] [  0%] Built target visualization_msgs_generate_messages_lisp
[8.370s] [35m[1mScanning dependencies of target std_msgs_generate_messages_eus[0m
[8.404s] [  0%] Built target std_msgs_generate_messages_eus
[8.433s] [35m[1mScanning dependencies of target autoware_msgs_generate_messages_nodejs[0m
[8.467s] [  0%] Built target autoware_msgs_generate_messages_nodejs
[8.507s] [35m[1mScanning dependencies of target jsk_footstep_msgs_generate_messages_eus[0m
[8.547s] [  0%] Built target jsk_footstep_msgs_generate_messages_eus
[8.581s] [35m[1mScanning dependencies of target actionlib_msgs_generate_messages_py[0m
[8.610s] [  0%] Built target actionlib_msgs_generate_messages_py
[8.640s] [35m[1mScanning dependencies of target vector_map_server_generate_messages_lisp[0m
[8.672s] [  0%] Built target vector_map_server_generate_messages_lisp
[8.702s] [35m[1mScanning dependencies of target jsk_footstep_msgs_generate_messages_lisp[0m
[8.730s] [  0%] Built target jsk_footstep_msgs_generate_messages_lisp
[8.762s] [35m[1mScanning dependencies of target jsk_footstep_msgs_generate_messages_nodejs[0m
[8.792s] [  0%] Built target jsk_footstep_msgs_generate_messages_nodejs
[8.827s] [35m[1mScanning dependencies of target actionlib_msgs_generate_messages_lisp[0m
[8.859s] [  0%] Built target actionlib_msgs_generate_messages_lisp
[8.896s] [35m[1mScanning dependencies of target jsk_footstep_msgs_generate_messages_cpp[0m
[8.932s] [  0%] Built target jsk_footstep_msgs_generate_messages_cpp
[8.979s] [35m[1mScanning dependencies of target actionlib_msgs_generate_messages_cpp[0m
[9.006s] [  0%] Built target actionlib_msgs_generate_messages_cpp
[9.038s] [35m[1mScanning dependencies of target tf_generate_messages_eus[0m
[9.076s] [  0%] Built target tf_generate_messages_eus
[9.103s] [35m[1mScanning dependencies of target tf_generate_messages_lisp[0m
[9.129s] [  0%] Built target tf_generate_messages_lisp
[9.160s] [35m[1mScanning dependencies of target tf_generate_messages_nodejs[0m
[9.190s] [  0%] Built target tf_generate_messages_nodejs
[9.217s] [35m[1mScanning dependencies of target jsk_recognition_msgs_generate_messages_nodejs[0m
[9.247s] [  0%] Built target jsk_recognition_msgs_generate_messages_nodejs
[9.271s] [35m[1mScanning dependencies of target roscpp_generate_messages_lisp[0m
[9.302s] [  0%] Built target roscpp_generate_messages_lisp
[9.337s] [35m[1mScanning dependencies of target roscpp_generate_messages_py[0m
[9.372s] [  0%] Built target roscpp_generate_messages_py
[9.403s] [35m[1mScanning dependencies of target rosgraph_msgs_generate_messages_lisp[0m
[9.434s] [  0%] Built target rosgraph_msgs_generate_messages_lisp
[9.460s] [35m[1mScanning dependencies of target rosgraph_msgs_generate_messages_nodejs[0m
[9.492s] [  0%] Built target rosgraph_msgs_generate_messages_nodejs
[9.520s] [35m[1mScanning dependencies of target vector_map_server_generate_messages_py[0m
[9.555s] [  0%] Built target vector_map_server_generate_messages_py
[9.594s] [35m[1mScanning dependencies of target roscpp_generate_messages_eus[0m
[9.626s] [  0%] Built target roscpp_generate_messages_eus
[9.660s] [35m[1mScanning dependencies of target actionlib_msgs_generate_messages_eus[0m
[9.694s] [  0%] Built target actionlib_msgs_generate_messages_eus
[9.724s] [35m[1mScanning dependencies of target rosgraph_msgs_generate_messages_py[0m
[9.760s] [  0%] Built target rosgraph_msgs_generate_messages_py
[9.792s] [35m[1mScanning dependencies of target pcl_msgs_generate_messages_py[0m
[9.818s] [  0%] Built target pcl_msgs_generate_messages_py
[9.845s] [35m[1mScanning dependencies of target actionlib_generate_messages_eus[0m
[9.874s] [  0%] Built target actionlib_generate_messages_eus
[9.899s] [35m[1mScanning dependencies of target geometry_msgs_generate_messages_cpp[0m
[9.928s] [  0%] Built target geometry_msgs_generate_messages_cpp
[9.968s] [35m[1mScanning dependencies of target actionlib_generate_messages_lisp[0m
[10.007s] [  0%] Built target actionlib_generate_messages_lisp
[10.035s] [35m[1mScanning dependencies of target pcl_msgs_generate_messages_lisp[0m
[10.071s] [  0%] Built target pcl_msgs_generate_messages_lisp
[10.109s] [35m[1mScanning dependencies of target tf_generate_messages_cpp[0m
[10.134s] [  0%] Built target tf_generate_messages_cpp
[10.163s] [35m[1mScanning dependencies of target actionlib_generate_messages_nodejs[0m
[10.190s] [  0%] Built target actionlib_generate_messages_nodejs
[10.221s] [35m[1mScanning dependencies of target tf2_msgs_generate_messages_lisp[0m
[10.254s] [  0%] Built target tf2_msgs_generate_messages_lisp
[10.293s] [35m[1mScanning dependencies of target actionlib_generate_messages_py[0m
[10.323s] [  0%] Built target actionlib_generate_messages_py
[10.353s] [35m[1mScanning dependencies of target tf2_msgs_generate_messages_py[0m
[10.381s] [  0%] Built target tf2_msgs_generate_messages_py
[10.407s] [35m[1mScanning dependencies of target tf2_msgs_generate_messages_nodejs[0m
[10.433s] [  0%] Built target tf2_msgs_generate_messages_nodejs
[10.460s] [35m[1mScanning dependencies of target tf2_msgs_generate_messages_eus[0m
[10.496s] [  0%] Built target tf2_msgs_generate_messages_eus
[10.528s] [35m[1mScanning dependencies of target visualization_msgs_generate_messages_cpp[0m
[10.562s] [  0%] Built target visualization_msgs_generate_messages_cpp
[10.589s] [35m[1mScanning dependencies of target vector_map_server_generate_messages_cpp[0m
[10.625s] [  0%] Built target vector_map_server_generate_messages_cpp
[10.654s] [35m[1mScanning dependencies of target visualization_msgs_generate_messages_eus[0m
[10.684s] [  0%] Built target visualization_msgs_generate_messages_eus
[10.711s] [35m[1mScanning dependencies of target visualization_msgs_generate_messages_py[0m
[10.741s] [  0%] Built target visualization_msgs_generate_messages_py
[10.774s] [35m[1mScanning dependencies of target vector_map_msgs_generate_messages_cpp[0m
[10.807s] [  0%] Built target vector_map_msgs_generate_messages_cpp
[10.841s] [35m[1mScanning dependencies of target vector_map_msgs_generate_messages_py[0m
[10.876s] [  0%] Built target vector_map_msgs_generate_messages_py
[10.913s] [35m[1mScanning dependencies of target vector_map_server_generate_messages_nodejs[0m
[10.949s] [  0%] Built target vector_map_server_generate_messages_nodejs
[10.986s] [35m[1mScanning dependencies of target ff_waypoint_follower[0m
[11.105s] [ 33%] [32mBuilding CXX object CMakeFiles/ff_waypoint_follower.dir/nodes/ff_waypoint_follower.cpp.o[0m
[20.664s] [ 66%] [32mBuilding CXX object CMakeFiles/ff_waypoint_follower.dir/nodes/ff_waypoint_follower_core.cpp.o[0m
[36.734s] [100%] [32m[1mLinking CXX executable devel/lib/ff_waypoint_follower/ff_waypoint_follower[0m
[37.160s] [100%] Built target ff_waypoint_follower
[37.187s] Invoked command in '/home/chinchia120/autoware.ai/build/ff_waypoint_follower' returned '0': CMAKE_PREFIX_PATH=/home/chinchia120/autoware.ai/install/map_file:/home/chinchia120/autoware.ai/install/op_simu:/home/chinchia120/autoware.ai/install/lanelet2_extension:/home/chinchia120/autoware.ai/install/op_planner:/home/chinchia120/autoware.ai/install/lanelet2_validation:/home/chinchia120/autoware.ai/install/op_utility:/home/chinchia120/autoware.ai/install/lanelet2_routing:/home/chinchia120/autoware.ai/install/lanelet2_projection:/home/chinchia120/autoware.ai/install/vector_map_server:/home/chinchia120/autoware.ai/install/libwaypoint_follower:/home/chinchia120/autoware.ai/install/lanelet2_traffic_rules:/home/chinchia120/autoware.ai/install/lanelet2_maps:/home/chinchia120/autoware.ai/install/lanelet2_io:/home/chinchia120/autoware.ai/install/vector_map:/home/chinchia120/autoware.ai/install/lanelet2_core:/home/chinchia120/autoware.ai/install/amathutils_lib:/home/chinchia120/autoware.ai/install/vector_map_msgs:/home/chinchia120/autoware.ai/install/autoware_msgs:/home/chinchia120/autoware.ai/install/autoware_lanelet2_msgs:/home/chinchia120/autoware.ai/install/autoware_build_flags:${CMAKE_PREFIX_PATH} LD_LIBRARY_PATH=/home/chinchia120/autoware.ai/install/map_file/lib:/home/chinchia120/autoware.ai/install/op_simu/lib:/home/chinchia120/autoware.ai/install/lanelet2_extension/lib:/home/chinchia120/autoware.ai/install/op_planner/lib:/home/chinchia120/autoware.ai/install/lanelet2_validation/lib:/home/chinchia120/autoware.ai/install/op_utility/lib:/home/chinchia120/autoware.ai/install/lanelet2_routing/lib:/home/chinchia120/autoware.ai/install/lanelet2_projection/lib:/home/chinchia120/autoware.ai/install/libwaypoint_follower/lib:/home/chinchia120/autoware.ai/install/lanelet2_traffic_rules/lib:/home/chinchia120/autoware.ai/install/lanelet2_io/lib:/home/chinchia120/autoware.ai/install/vector_map/lib:/home/chinchia120/autoware.ai/install/lanelet2_core/lib:/home/chinchia120/autoware.ai/install/amathutils_lib/lib:${LD_LIBRARY_PATH} PKG_CONFIG_PATH=/home/chinchia120/autoware.ai/install/map_file/lib/x86_64-linux-gnu/pkgconfig:/home/chinchia120/autoware.ai/install/map_file/lib/pkgconfig:/home/chinchia120/autoware.ai/install/op_simu/lib/x86_64-linux-gnu/pkgconfig:/home/chinchia120/autoware.ai/install/op_simu/lib/pkgconfig:/home/chinchia120/autoware.ai/install/lanelet2_extension/lib/x86_64-linux-gnu/pkgconfig:/home/chinchia120/autoware.ai/install/lanelet2_extension/lib/pkgconfig:/home/chinchia120/autoware.ai/install/op_planner/lib/x86_64-linux-gnu/pkgconfig:/home/chinchia120/autoware.ai/install/op_planner/lib/pkgconfig:/home/chinchia120/autoware.ai/install/lanelet2_validation/lib/x86_64-linux-gnu/pkgconfig:/home/chinchia120/autoware.ai/install/lanelet2_validation/lib/pkgconfig:/home/chinchia120/autoware.ai/install/op_utility/lib/x86_64-linux-gnu/pkgconfig:/home/chinchia120/autoware.ai/install/op_utility/lib/pkgconfig:/home/chinchia120/autoware.ai/install/lanelet2_routing/lib/x86_64-linux-gnu/pkgconfig:/home/chinchia120/autoware.ai/install/lanelet2_routing/lib/pkgconfig:/home/chinchia120/autoware.ai/install/lanelet2_projection/lib/x86_64-linux-gnu/pkgconfig:/home/chinchia120/autoware.ai/install/lanelet2_projection/lib/pkgconfig:/home/chinchia120/autoware.ai/install/vector_map_server/lib/x86_64-linux-gnu/pkgconfig:/home/chinchia120/autoware.ai/install/vector_map_server/lib/pkgconfig:/home/chinchia120/autoware.ai/install/libwaypoint_follower/lib/x86_64-linux-gnu/pkgconfig:/home/chinchia120/autoware.ai/install/libwaypoint_follower/lib/pkgconfig:/home/chinchia120/autoware.ai/install/lanelet2_traffic_rules/lib/x86_64-linux-gnu/pkgconfig:/home/chinchia120/autoware.ai/install/lanelet2_traffic_rules/lib/pkgconfig:/home/chinchia120/autoware.ai/install/lanelet2_maps/lib/x86_64-linux-gnu/pkgconfig:/home/chinchia120/autoware.ai/install/lanelet2_maps/lib/pkgconfig:/home/chinchia120/autoware.ai/install/lanelet2_io/lib/x86_64-linux-gnu/pkgconfig:/home/chinchia120/autoware.ai/install/lanelet2_io/lib/pkgconfig:/home/chinchia120/autoware.ai/install/vector_map/lib/x86_64-linux-gnu/pkgconfig:/home/chinchia120/autoware.ai/install/vector_map/lib/pkgconfig:/home/chinchia120/autoware.ai/install/lanelet2_core/lib/x86_64-linux-gnu/pkgconfig:/home/chinchia120/autoware.ai/install/lanelet2_core/lib/pkgconfig:/home/chinchia120/autoware.ai/install/amathutils_lib/lib/x86_64-linux-gnu/pkgconfig:/home/chinchia120/autoware.ai/install/amathutils_lib/lib/pkgconfig:/home/chinchia120/autoware.ai/install/vector_map_msgs/lib/x86_64-linux-gnu/pkgconfig:/home/chinchia120/autoware.ai/install/vector_map_msgs/lib/pkgconfig:/home/chinchia120/autoware.ai/install/autoware_msgs/lib/x86_64-linux-gnu/pkgconfig:/home/chinchia120/autoware.ai/install/autoware_msgs/lib/pkgconfig:/home/chinchia120/autoware.ai/install/autoware_lanelet2_msgs/lib/x86_64-linux-gnu/pkgconfig:/home/chinchia120/autoware.ai/install/autoware_lanelet2_msgs/lib/pkgconfig:/home/chinchia120/autoware.ai/install/autoware_build_flags/lib/x86_64-linux-gnu/pkgconfig:/home/chinchia120/autoware.ai/install/autoware_build_flags/lib/pkgconfig:${PKG_CONFIG_PATH} PYTHONPATH=/home/chinchia120/autoware.ai/install/vector_map_server/lib/python2.7/dist-packages:/home/chinchia120/autoware.ai/install/vector_map_msgs/lib/python2.7/dist-packages:/home/chinchia120/autoware.ai/install/autoware_msgs/lib/python2.7/dist-packages:/home/chinchia120/autoware.ai/install/autoware_lanelet2_msgs/lib/python2.7/dist-packages:${PYTHONPATH} ROS_PACKAGE_PATH=/home/chinchia120/autoware.ai/install/map_file/share:/home/chinchia120/autoware.ai/install/op_simu/share:/home/chinchia120/autoware.ai/install/lanelet2_extension/share:/home/chinchia120/autoware.ai/install/op_planner/share:/home/chinchia120/autoware.ai/install/lanelet2_validation/share:/home/chinchia120/autoware.ai/install/op_utility/share:/home/chinchia120/autoware.ai/install/lanelet2_routing/share:/home/chinchia120/autoware.ai/install/lanelet2_projection/share:/home/chinchia120/autoware.ai/install/vector_map_server/share:/home/chinchia120/autoware.ai/install/libwaypoint_follower/share:/home/chinchia120/autoware.ai/install/lanelet2_traffic_rules/share:/home/chinchia120/autoware.ai/install/lanelet2_maps/share:/home/chinchia120/autoware.ai/install/lanelet2_io/share:/home/chinchia120/autoware.ai/install/vector_map/share:/home/chinchia120/autoware.ai/install/lanelet2_core/share:/home/chinchia120/autoware.ai/install/amathutils_lib/share:/home/chinchia120/autoware.ai/install/vector_map_msgs/share:/home/chinchia120/autoware.ai/install/autoware_msgs/share:/home/chinchia120/autoware.ai/install/autoware_lanelet2_msgs/share:/home/chinchia120/autoware.ai/install/autoware_build_flags/share:${ROS_PACKAGE_PATH} /usr/bin/cmake --build /home/chinchia120/autoware.ai/build/ff_waypoint_follower -- -j4 -l4
[37.467s] Invoking command in '/home/chinchia120/autoware.ai/build/ff_waypoint_follower': CMAKE_PREFIX_PATH=/home/chinchia120/autoware.ai/install/map_file:/home/chinchia120/autoware.ai/install/op_simu:/home/chinchia120/autoware.ai/install/lanelet2_extension:/home/chinchia120/autoware.ai/install/op_planner:/home/chinchia120/autoware.ai/install/lanelet2_validation:/home/chinchia120/autoware.ai/install/op_utility:/home/chinchia120/autoware.ai/install/lanelet2_routing:/home/chinchia120/autoware.ai/install/lanelet2_projection:/home/chinchia120/autoware.ai/install/vector_map_server:/home/chinchia120/autoware.ai/install/libwaypoint_follower:/home/chinchia120/autoware.ai/install/lanelet2_traffic_rules:/home/chinchia120/autoware.ai/install/lanelet2_maps:/home/chinchia120/autoware.ai/install/lanelet2_io:/home/chinchia120/autoware.ai/install/vector_map:/home/chinchia120/autoware.ai/install/lanelet2_core:/home/chinchia120/autoware.ai/install/amathutils_lib:/home/chinchia120/autoware.ai/install/vector_map_msgs:/home/chinchia120/autoware.ai/install/autoware_msgs:/home/chinchia120/autoware.ai/install/autoware_lanelet2_msgs:/home/chinchia120/autoware.ai/install/autoware_build_flags:${CMAKE_PREFIX_PATH} LD_LIBRARY_PATH=/home/chinchia120/autoware.ai/install/map_file/lib:/home/chinchia120/autoware.ai/install/op_simu/lib:/home/chinchia120/autoware.ai/install/lanelet2_extension/lib:/home/chinchia120/autoware.ai/install/op_planner/lib:/home/chinchia120/autoware.ai/install/lanelet2_validation/lib:/home/chinchia120/autoware.ai/install/op_utility/lib:/home/chinchia120/autoware.ai/install/lanelet2_routing/lib:/home/chinchia120/autoware.ai/install/lanelet2_projection/lib:/home/chinchia120/autoware.ai/install/libwaypoint_follower/lib:/home/chinchia120/autoware.ai/install/lanelet2_traffic_rules/lib:/home/chinchia120/autoware.ai/install/lanelet2_io/lib:/home/chinchia120/autoware.ai/install/vector_map/lib:/home/chinchia120/autoware.ai/install/lanelet2_core/lib:/home/chinchia120/autoware.ai/install/amathutils_lib/lib:${LD_LIBRARY_PATH} PKG_CONFIG_PATH=/home/chinchia120/autoware.ai/install/map_file/lib/x86_64-linux-gnu/pkgconfig:/home/chinchia120/autoware.ai/install/map_file/lib/pkgconfig:/home/chinchia120/autoware.ai/install/op_simu/lib/x86_64-linux-gnu/pkgconfig:/home/chinchia120/autoware.ai/install/op_simu/lib/pkgconfig:/home/chinchia120/autoware.ai/install/lanelet2_extension/lib/x86_64-linux-gnu/pkgconfig:/home/chinchia120/autoware.ai/install/lanelet2_extension/lib/pkgconfig:/home/chinchia120/autoware.ai/install/op_planner/lib/x86_64-linux-gnu/pkgconfig:/home/chinchia120/autoware.ai/install/op_planner/lib/pkgconfig:/home/chinchia120/autoware.ai/install/lanelet2_validation/lib/x86_64-linux-gnu/pkgconfig:/home/chinchia120/autoware.ai/install/lanelet2_validation/lib/pkgconfig:/home/chinchia120/autoware.ai/install/op_utility/lib/x86_64-linux-gnu/pkgconfig:/home/chinchia120/autoware.ai/install/op_utility/lib/pkgconfig:/home/chinchia120/autoware.ai/install/lanelet2_routing/lib/x86_64-linux-gnu/pkgconfig:/home/chinchia120/autoware.ai/install/lanelet2_routing/lib/pkgconfig:/home/chinchia120/autoware.ai/install/lanelet2_projection/lib/x86_64-linux-gnu/pkgconfig:/home/chinchia120/autoware.ai/install/lanelet2_projection/lib/pkgconfig:/home/chinchia120/autoware.ai/install/vector_map_server/lib/x86_64-linux-gnu/pkgconfig:/home/chinchia120/autoware.ai/install/vector_map_server/lib/pkgconfig:/home/chinchia120/autoware.ai/install/libwaypoint_follower/lib/x86_64-linux-gnu/pkgconfig:/home/chinchia120/autoware.ai/install/libwaypoint_follower/lib/pkgconfig:/home/chinchia120/autoware.ai/install/lanelet2_traffic_rules/lib/x86_64-linux-gnu/pkgconfig:/home/chinchia120/autoware.ai/install/lanelet2_traffic_rules/lib/pkgconfig:/home/chinchia120/autoware.ai/install/lanelet2_maps/lib/x86_64-linux-gnu/pkgconfig:/home/chinchia120/autoware.ai/install/lanelet2_maps/lib/pkgconfig:/home/chinchia120/autoware.ai/install/lanelet2_io/lib/x86_64-linux-gnu/pkgconfig:/home/chinchia120/autoware.ai/install/lanelet2_io/lib/pkgconfig:/home/chinchia120/autoware.ai/install/vector_map/lib/x86_64-linux-gnu/pkgconfig:/home/chinchia120/autoware.ai/install/vector_map/lib/pkgconfig:/home/chinchia120/autoware.ai/install/lanelet2_core/lib/x86_64-linux-gnu/pkgconfig:/home/chinchia120/autoware.ai/install/lanelet2_core/lib/pkgconfig:/home/chinchia120/autoware.ai/install/amathutils_lib/lib/x86_64-linux-gnu/pkgconfig:/home/chinchia120/autoware.ai/install/amathutils_lib/lib/pkgconfig:/home/chinchia120/autoware.ai/install/vector_map_msgs/lib/x86_64-linux-gnu/pkgconfig:/home/chinchia120/autoware.ai/install/vector_map_msgs/lib/pkgconfig:/home/chinchia120/autoware.ai/install/autoware_msgs/lib/x86_64-linux-gnu/pkgconfig:/home/chinchia120/autoware.ai/install/autoware_msgs/lib/pkgconfig:/home/chinchia120/autoware.ai/install/autoware_lanelet2_msgs/lib/x86_64-linux-gnu/pkgconfig:/home/chinchia120/autoware.ai/install/autoware_lanelet2_msgs/lib/pkgconfig:/home/chinchia120/autoware.ai/install/autoware_build_flags/lib/x86_64-linux-gnu/pkgconfig:/home/chinchia120/autoware.ai/install/autoware_build_flags/lib/pkgconfig:${PKG_CONFIG_PATH} PYTHONPATH=/home/chinchia120/autoware.ai/install/vector_map_server/lib/python2.7/dist-packages:/home/chinchia120/autoware.ai/install/vector_map_msgs/lib/python2.7/dist-packages:/home/chinchia120/autoware.ai/install/autoware_msgs/lib/python2.7/dist-packages:/home/chinchia120/autoware.ai/install/autoware_lanelet2_msgs/lib/python2.7/dist-packages:${PYTHONPATH} ROS_PACKAGE_PATH=/home/chinchia120/autoware.ai/install/map_file/share:/home/chinchia120/autoware.ai/install/op_simu/share:/home/chinchia120/autoware.ai/install/lanelet2_extension/share:/home/chinchia120/autoware.ai/install/op_planner/share:/home/chinchia120/autoware.ai/install/lanelet2_validation/share:/home/chinchia120/autoware.ai/install/op_utility/share:/home/chinchia120/autoware.ai/install/lanelet2_routing/share:/home/chinchia120/autoware.ai/install/lanelet2_projection/share:/home/chinchia120/autoware.ai/install/vector_map_server/share:/home/chinchia120/autoware.ai/install/libwaypoint_follower/share:/home/chinchia120/autoware.ai/install/lanelet2_traffic_rules/share:/home/chinchia120/autoware.ai/install/lanelet2_maps/share:/home/chinchia120/autoware.ai/install/lanelet2_io/share:/home/chinchia120/autoware.ai/install/vector_map/share:/home/chinchia120/autoware.ai/install/lanelet2_core/share:/home/chinchia120/autoware.ai/install/amathutils_lib/share:/home/chinchia120/autoware.ai/install/vector_map_msgs/share:/home/chinchia120/autoware.ai/install/autoware_msgs/share:/home/chinchia120/autoware.ai/install/autoware_lanelet2_msgs/share:/home/chinchia120/autoware.ai/install/autoware_build_flags/share:${ROS_PACKAGE_PATH} /usr/bin/cmake --build /home/chinchia120/autoware.ai/build/ff_waypoint_follower --target tests -- -j4 -l4
[37.622s] [35m[1mScanning dependencies of target tests[0m
[37.655s] Built target tests
[37.683s] Invoked command in '/home/chinchia120/autoware.ai/build/ff_waypoint_follower' returned '0': CMAKE_PREFIX_PATH=/home/chinchia120/autoware.ai/install/map_file:/home/chinchia120/autoware.ai/install/op_simu:/home/chinchia120/autoware.ai/install/lanelet2_extension:/home/chinchia120/autoware.ai/install/op_planner:/home/chinchia120/autoware.ai/install/lanelet2_validation:/home/chinchia120/autoware.ai/install/op_utility:/home/chinchia120/autoware.ai/install/lanelet2_routing:/home/chinchia120/autoware.ai/install/lanelet2_projection:/home/chinchia120/autoware.ai/install/vector_map_server:/home/chinchia120/autoware.ai/install/libwaypoint_follower:/home/chinchia120/autoware.ai/install/lanelet2_traffic_rules:/home/chinchia120/autoware.ai/install/lanelet2_maps:/home/chinchia120/autoware.ai/install/lanelet2_io:/home/chinchia120/autoware.ai/install/vector_map:/home/chinchia120/autoware.ai/install/lanelet2_core:/home/chinchia120/autoware.ai/install/amathutils_lib:/home/chinchia120/autoware.ai/install/vector_map_msgs:/home/chinchia120/autoware.ai/install/autoware_msgs:/home/chinchia120/autoware.ai/install/autoware_lanelet2_msgs:/home/chinchia120/autoware.ai/install/autoware_build_flags:${CMAKE_PREFIX_PATH} LD_LIBRARY_PATH=/home/chinchia120/autoware.ai/install/map_file/lib:/home/chinchia120/autoware.ai/install/op_simu/lib:/home/chinchia120/autoware.ai/install/lanelet2_extension/lib:/home/chinchia120/autoware.ai/install/op_planner/lib:/home/chinchia120/autoware.ai/install/lanelet2_validation/lib:/home/chinchia120/autoware.ai/install/op_utility/lib:/home/chinchia120/autoware.ai/install/lanelet2_routing/lib:/home/chinchia120/autoware.ai/install/lanelet2_projection/lib:/home/chinchia120/autoware.ai/install/libwaypoint_follower/lib:/home/chinchia120/autoware.ai/install/lanelet2_traffic_rules/lib:/home/chinchia120/autoware.ai/install/lanelet2_io/lib:/home/chinchia120/autoware.ai/install/vector_map/lib:/home/chinchia120/autoware.ai/install/lanelet2_core/lib:/home/chinchia120/autoware.ai/install/amathutils_lib/lib:${LD_LIBRARY_PATH} PKG_CONFIG_PATH=/home/chinchia120/autoware.ai/install/map_file/lib/x86_64-linux-gnu/pkgconfig:/home/chinchia120/autoware.ai/install/map_file/lib/pkgconfig:/home/chinchia120/autoware.ai/install/op_simu/lib/x86_64-linux-gnu/pkgconfig:/home/chinchia120/autoware.ai/install/op_simu/lib/pkgconfig:/home/chinchia120/autoware.ai/install/lanelet2_extension/lib/x86_64-linux-gnu/pkgconfig:/home/chinchia120/autoware.ai/install/lanelet2_extension/lib/pkgconfig:/home/chinchia120/autoware.ai/install/op_planner/lib/x86_64-linux-gnu/pkgconfig:/home/chinchia120/autoware.ai/install/op_planner/lib/pkgconfig:/home/chinchia120/autoware.ai/install/lanelet2_validation/lib/x86_64-linux-gnu/pkgconfig:/home/chinchia120/autoware.ai/install/lanelet2_validation/lib/pkgconfig:/home/chinchia120/autoware.ai/install/op_utility/lib/x86_64-linux-gnu/pkgconfig:/home/chinchia120/autoware.ai/install/op_utility/lib/pkgconfig:/home/chinchia120/autoware.ai/install/lanelet2_routing/lib/x86_64-linux-gnu/pkgconfig:/home/chinchia120/autoware.ai/install/lanelet2_routing/lib/pkgconfig:/home/chinchia120/autoware.ai/install/lanelet2_projection/lib/x86_64-linux-gnu/pkgconfig:/home/chinchia120/autoware.ai/install/lanelet2_projection/lib/pkgconfig:/home/chinchia120/autoware.ai/install/vector_map_server/lib/x86_64-linux-gnu/pkgconfig:/home/chinchia120/autoware.ai/install/vector_map_server/lib/pkgconfig:/home/chinchia120/autoware.ai/install/libwaypoint_follower/lib/x86_64-linux-gnu/pkgconfig:/home/chinchia120/autoware.ai/install/libwaypoint_follower/lib/pkgconfig:/home/chinchia120/autoware.ai/install/lanelet2_traffic_rules/lib/x86_64-linux-gnu/pkgconfig:/home/chinchia120/autoware.ai/install/lanelet2_traffic_rules/lib/pkgconfig:/home/chinchia120/autoware.ai/install/lanelet2_maps/lib/x86_64-linux-gnu/pkgconfig:/home/chinchia120/autoware.ai/install/lanelet2_maps/lib/pkgconfig:/home/chinchia120/autoware.ai/install/lanelet2_io/lib/x86_64-linux-gnu/pkgconfig:/home/chinchia120/autoware.ai/install/lanelet2_io/lib/pkgconfig:/home/chinchia120/autoware.ai/install/vector_map/lib/x86_64-linux-gnu/pkgconfig:/home/chinchia120/autoware.ai/install/vector_map/lib/pkgconfig:/home/chinchia120/autoware.ai/install/lanelet2_core/lib/x86_64-linux-gnu/pkgconfig:/home/chinchia120/autoware.ai/install/lanelet2_core/lib/pkgconfig:/home/chinchia120/autoware.ai/install/amathutils_lib/lib/x86_64-linux-gnu/pkgconfig:/home/chinchia120/autoware.ai/install/amathutils_lib/lib/pkgconfig:/home/chinchia120/autoware.ai/install/vector_map_msgs/lib/x86_64-linux-gnu/pkgconfig:/home/chinchia120/autoware.ai/install/vector_map_msgs/lib/pkgconfig:/home/chinchia120/autoware.ai/install/autoware_msgs/lib/x86_64-linux-gnu/pkgconfig:/home/chinchia120/autoware.ai/install/autoware_msgs/lib/pkgconfig:/home/chinchia120/autoware.ai/install/autoware_lanelet2_msgs/lib/x86_64-linux-gnu/pkgconfig:/home/chinchia120/autoware.ai/install/autoware_lanelet2_msgs/lib/pkgconfig:/home/chinchia120/autoware.ai/install/autoware_build_flags/lib/x86_64-linux-gnu/pkgconfig:/home/chinchia120/autoware.ai/install/autoware_build_flags/lib/pkgconfig:${PKG_CONFIG_PATH} PYTHONPATH=/home/chinchia120/autoware.ai/install/vector_map_server/lib/python2.7/dist-packages:/home/chinchia120/autoware.ai/install/vector_map_msgs/lib/python2.7/dist-packages:/home/chinchia120/autoware.ai/install/autoware_msgs/lib/python2.7/dist-packages:/home/chinchia120/autoware.ai/install/autoware_lanelet2_msgs/lib/python2.7/dist-packages:${PYTHONPATH} ROS_PACKAGE_PATH=/home/chinchia120/autoware.ai/install/map_file/share:/home/chinchia120/autoware.ai/install/op_simu/share:/home/chinchia120/autoware.ai/install/lanelet2_extension/share:/home/chinchia120/autoware.ai/install/op_planner/share:/home/chinchia120/autoware.ai/install/lanelet2_validation/share:/home/chinchia120/autoware.ai/install/op_utility/share:/home/chinchia120/autoware.ai/install/lanelet2_routing/share:/home/chinchia120/autoware.ai/install/lanelet2_projection/share:/home/chinchia120/autoware.ai/install/vector_map_server/share:/home/chinchia120/autoware.ai/install/libwaypoint_follower/share:/home/chinchia120/autoware.ai/install/lanelet2_traffic_rules/share:/home/chinchia120/autoware.ai/install/lanelet2_maps/share:/home/chinchia120/autoware.ai/install/lanelet2_io/share:/home/chinchia120/autoware.ai/install/vector_map/share:/home/chinchia120/autoware.ai/install/lanelet2_core/share:/home/chinchia120/autoware.ai/install/amathutils_lib/share:/home/chinchia120/autoware.ai/install/vector_map_msgs/share:/home/chinchia120/autoware.ai/install/autoware_msgs/share:/home/chinchia120/autoware.ai/install/autoware_lanelet2_msgs/share:/home/chinchia120/autoware.ai/install/autoware_build_flags/share:${ROS_PACKAGE_PATH} /usr/bin/cmake --build /home/chinchia120/autoware.ai/build/ff_waypoint_follower --target tests -- -j4 -l4
[37.957s] Invoking command in '/home/chinchia120/autoware.ai/build/ff_waypoint_follower': CMAKE_PREFIX_PATH=/home/chinchia120/autoware.ai/install/map_file:/home/chinchia120/autoware.ai/install/op_simu:/home/chinchia120/autoware.ai/install/lanelet2_extension:/home/chinchia120/autoware.ai/install/op_planner:/home/chinchia120/autoware.ai/install/lanelet2_validation:/home/chinchia120/autoware.ai/install/op_utility:/home/chinchia120/autoware.ai/install/lanelet2_routing:/home/chinchia120/autoware.ai/install/lanelet2_projection:/home/chinchia120/autoware.ai/install/vector_map_server:/home/chinchia120/autoware.ai/install/libwaypoint_follower:/home/chinchia120/autoware.ai/install/lanelet2_traffic_rules:/home/chinchia120/autoware.ai/install/lanelet2_maps:/home/chinchia120/autoware.ai/install/lanelet2_io:/home/chinchia120/autoware.ai/install/vector_map:/home/chinchia120/autoware.ai/install/lanelet2_core:/home/chinchia120/autoware.ai/install/amathutils_lib:/home/chinchia120/autoware.ai/install/vector_map_msgs:/home/chinchia120/autoware.ai/install/autoware_msgs:/home/chinchia120/autoware.ai/install/autoware_lanelet2_msgs:/home/chinchia120/autoware.ai/install/autoware_build_flags:${CMAKE_PREFIX_PATH} LD_LIBRARY_PATH=/home/chinchia120/autoware.ai/install/map_file/lib:/home/chinchia120/autoware.ai/install/op_simu/lib:/home/chinchia120/autoware.ai/install/lanelet2_extension/lib:/home/chinchia120/autoware.ai/install/op_planner/lib:/home/chinchia120/autoware.ai/install/lanelet2_validation/lib:/home/chinchia120/autoware.ai/install/op_utility/lib:/home/chinchia120/autoware.ai/install/lanelet2_routing/lib:/home/chinchia120/autoware.ai/install/lanelet2_projection/lib:/home/chinchia120/autoware.ai/install/libwaypoint_follower/lib:/home/chinchia120/autoware.ai/install/lanelet2_traffic_rules/lib:/home/chinchia120/autoware.ai/install/lanelet2_io/lib:/home/chinchia120/autoware.ai/install/vector_map/lib:/home/chinchia120/autoware.ai/install/lanelet2_core/lib:/home/chinchia120/autoware.ai/install/amathutils_lib/lib:${LD_LIBRARY_PATH} PKG_CONFIG_PATH=/home/chinchia120/autoware.ai/install/map_file/lib/x86_64-linux-gnu/pkgconfig:/home/chinchia120/autoware.ai/install/map_file/lib/pkgconfig:/home/chinchia120/autoware.ai/install/op_simu/lib/x86_64-linux-gnu/pkgconfig:/home/chinchia120/autoware.ai/install/op_simu/lib/pkgconfig:/home/chinchia120/autoware.ai/install/lanelet2_extension/lib/x86_64-linux-gnu/pkgconfig:/home/chinchia120/autoware.ai/install/lanelet2_extension/lib/pkgconfig:/home/chinchia120/autoware.ai/install/op_planner/lib/x86_64-linux-gnu/pkgconfig:/home/chinchia120/autoware.ai/install/op_planner/lib/pkgconfig:/home/chinchia120/autoware.ai/install/lanelet2_validation/lib/x86_64-linux-gnu/pkgconfig:/home/chinchia120/autoware.ai/install/lanelet2_validation/lib/pkgconfig:/home/chinchia120/autoware.ai/install/op_utility/lib/x86_64-linux-gnu/pkgconfig:/home/chinchia120/autoware.ai/install/op_utility/lib/pkgconfig:/home/chinchia120/autoware.ai/install/lanelet2_routing/lib/x86_64-linux-gnu/pkgconfig:/home/chinchia120/autoware.ai/install/lanelet2_routing/lib/pkgconfig:/home/chinchia120/autoware.ai/install/lanelet2_projection/lib/x86_64-linux-gnu/pkgconfig:/home/chinchia120/autoware.ai/install/lanelet2_projection/lib/pkgconfig:/home/chinchia120/autoware.ai/install/vector_map_server/lib/x86_64-linux-gnu/pkgconfig:/home/chinchia120/autoware.ai/install/vector_map_server/lib/pkgconfig:/home/chinchia120/autoware.ai/install/libwaypoint_follower/lib/x86_64-linux-gnu/pkgconfig:/home/chinchia120/autoware.ai/install/libwaypoint_follower/lib/pkgconfig:/home/chinchia120/autoware.ai/install/lanelet2_traffic_rules/lib/x86_64-linux-gnu/pkgconfig:/home/chinchia120/autoware.ai/install/lanelet2_traffic_rules/lib/pkgconfig:/home/chinchia120/autoware.ai/install/lanelet2_maps/lib/x86_64-linux-gnu/pkgconfig:/home/chinchia120/autoware.ai/install/lanelet2_maps/lib/pkgconfig:/home/chinchia120/autoware.ai/install/lanelet2_io/lib/x86_64-linux-gnu/pkgconfig:/home/chinchia120/autoware.ai/install/lanelet2_io/lib/pkgconfig:/home/chinchia120/autoware.ai/install/vector_map/lib/x86_64-linux-gnu/pkgconfig:/home/chinchia120/autoware.ai/install/vector_map/lib/pkgconfig:/home/chinchia120/autoware.ai/install/lanelet2_core/lib/x86_64-linux-gnu/pkgconfig:/home/chinchia120/autoware.ai/install/lanelet2_core/lib/pkgconfig:/home/chinchia120/autoware.ai/install/amathutils_lib/lib/x86_64-linux-gnu/pkgconfig:/home/chinchia120/autoware.ai/install/amathutils_lib/lib/pkgconfig:/home/chinchia120/autoware.ai/install/vector_map_msgs/lib/x86_64-linux-gnu/pkgconfig:/home/chinchia120/autoware.ai/install/vector_map_msgs/lib/pkgconfig:/home/chinchia120/autoware.ai/install/autoware_msgs/lib/x86_64-linux-gnu/pkgconfig:/home/chinchia120/autoware.ai/install/autoware_msgs/lib/pkgconfig:/home/chinchia120/autoware.ai/install/autoware_lanelet2_msgs/lib/x86_64-linux-gnu/pkgconfig:/home/chinchia120/autoware.ai/install/autoware_lanelet2_msgs/lib/pkgconfig:/home/chinchia120/autoware.ai/install/autoware_build_flags/lib/x86_64-linux-gnu/pkgconfig:/home/chinchia120/autoware.ai/install/autoware_build_flags/lib/pkgconfig:${PKG_CONFIG_PATH} PYTHONPATH=/home/chinchia120/autoware.ai/install/vector_map_server/lib/python2.7/dist-packages:/home/chinchia120/autoware.ai/install/vector_map_msgs/lib/python2.7/dist-packages:/home/chinchia120/autoware.ai/install/autoware_msgs/lib/python2.7/dist-packages:/home/chinchia120/autoware.ai/install/autoware_lanelet2_msgs/lib/python2.7/dist-packages:${PYTHONPATH} ROS_PACKAGE_PATH=/home/chinchia120/autoware.ai/install/map_file/share:/home/chinchia120/autoware.ai/install/op_simu/share:/home/chinchia120/autoware.ai/install/lanelet2_extension/share:/home/chinchia120/autoware.ai/install/op_planner/share:/home/chinchia120/autoware.ai/install/lanelet2_validation/share:/home/chinchia120/autoware.ai/install/op_utility/share:/home/chinchia120/autoware.ai/install/lanelet2_routing/share:/home/chinchia120/autoware.ai/install/lanelet2_projection/share:/home/chinchia120/autoware.ai/install/vector_map_server/share:/home/chinchia120/autoware.ai/install/libwaypoint_follower/share:/home/chinchia120/autoware.ai/install/lanelet2_traffic_rules/share:/home/chinchia120/autoware.ai/install/lanelet2_maps/share:/home/chinchia120/autoware.ai/install/lanelet2_io/share:/home/chinchia120/autoware.ai/install/vector_map/share:/home/chinchia120/autoware.ai/install/lanelet2_core/share:/home/chinchia120/autoware.ai/install/amathutils_lib/share:/home/chinchia120/autoware.ai/install/vector_map_msgs/share:/home/chinchia120/autoware.ai/install/autoware_msgs/share:/home/chinchia120/autoware.ai/install/autoware_lanelet2_msgs/share:/home/chinchia120/autoware.ai/install/autoware_build_flags/share:${ROS_PACKAGE_PATH} /usr/bin/cmake --build /home/chinchia120/autoware.ai/build/ff_waypoint_follower --target install -- -j4 -l4
[38.112s] [  0%] Built target vector_map_msgs_generate_messages_eus
[38.175s] [  0%] Built target vector_map_msgs_generate_messages_nodejs
[38.245s] [  0%] Built target vector_map_msgs_generate_messages_lisp
[38.307s] [  0%] Built target geometry_msgs_generate_messages_py
[38.376s] [  0%] Built target sensor_msgs_generate_messages_nodejs
[38.441s] [  0%] Built target vector_map_server_generate_messages_eus
[38.496s] [  0%] Built target roscpp_generate_messages_cpp
[38.560s] [  0%] Built target actionlib_generate_messages_cpp
[38.627s] [  0%] Built target pcl_msgs_generate_messages_eus
[38.682s] [  0%] Built target rosgraph_msgs_generate_messages_eus
[38.752s] [  0%] Built target jsk_recognition_msgs_generate_messages_lisp
[38.816s] [  0%] Built target jsk_recognition_msgs_generate_messages_eus
[38.865s] [  0%] Built target tf2_msgs_generate_messages_cpp
[38.925s] [  0%] Built target std_msgs_generate_messages_py
[38.976s] [  0%] Built target autoware_msgs_generate_messages_py
[39.040s] [  0%] Built target std_msgs_generate_messages_nodejs
[39.116s] [  0%] Built target sensor_msgs_generate_messages_eus
[39.233s] [  0%] Built target _catkin_empty_exported_target
[39.307s] [  0%] Built target sensor_msgs_generate_messages_cpp
[39.371s] [  0%] Built target autoware_msgs_generate_messages_cpp
[39.429s] [  0%] Built target rosgraph_msgs_generate_messages_cpp
[39.489s] [  0%] Built target pcl_msgs_generate_messages_nodejs
[39.555s] [  0%] Built target jsk_recognition_msgs_generate_messages_py
[39.618s] [  0%] Built target sensor_msgs_generate_messages_lisp
[39.669s] [  0%] Built target sensor_msgs_generate_messages_py
[39.742s] [  0%] Built target tf_generate_messages_py
[39.810s] [  0%] Built target std_msgs_generate_messages_cpp
[39.864s] [  0%] Built target jsk_footstep_msgs_generate_messages_py
[39.940s] [  0%] Built target visualization_msgs_generate_messages_nodejs
[40.001s] [  0%] Built target actionlib_msgs_generate_messages_nodejs
[40.072s] [  0%] Built target geometry_msgs_generate_messages_eus
[40.127s] [  0%] Built target std_msgs_generate_messages_lisp
[40.200s] [  0%] Built target roscpp_generate_messages_nodejs
[40.252s] [  0%] Built target geometry_msgs_generate_messages_nodejs
[40.306s] [  0%] Built target geometry_msgs_generate_messages_lisp
[40.377s] [  0%] Built target pcl_msgs_generate_messages_cpp
[40.450s] [  0%] Built target jsk_recognition_msgs_generate_messages_cpp
[40.519s] [  0%] Built target autoware_msgs_generate_messages_eus
[40.584s] [  0%] Built target autoware_msgs_generate_messages_lisp
[40.645s] [  0%] Built target visualization_msgs_generate_messages_lisp
[40.701s] [  0%] Built target std_msgs_generate_messages_eus
[40.772s] [  0%] Built target autoware_msgs_generate_messages_nodejs
[40.831s] [  0%] Built target jsk_footstep_msgs_generate_messages_eus
[40.898s] [  0%] Built target actionlib_msgs_generate_messages_py
[40.958s] [  0%] Built target vector_map_server_generate_messages_lisp
[41.021s] [  0%] Built target jsk_footstep_msgs_generate_messages_lisp
[41.083s] [  0%] Built target jsk_footstep_msgs_generate_messages_nodejs
[41.157s] [  0%] Built target actionlib_msgs_generate_messages_lisp
[41.229s] [  0%] Built target jsk_footstep_msgs_generate_messages_cpp
[41.287s] [  0%] Built target actionlib_msgs_generate_messages_cpp
[41.350s] [  0%] Built target tf_generate_messages_eus
[41.414s] [  0%] Built target tf_generate_messages_lisp
[41.486s] [  0%] Built target tf_generate_messages_nodejs
[41.554s] [  0%] Built target jsk_recognition_msgs_generate_messages_nodejs
[41.621s] [  0%] Built target roscpp_generate_messages_lisp
[41.673s] [  0%] Built target roscpp_generate_messages_py
[41.731s] [  0%] Built target rosgraph_msgs_generate_messages_lisp
[41.807s] [  0%] Built target rosgraph_msgs_generate_messages_nodejs
[41.879s] [  0%] Built target vector_map_server_generate_messages_py
[41.942s] [  0%] Built target roscpp_generate_messages_eus
[42.005s] [  0%] Built target actionlib_msgs_generate_messages_eus
[42.064s] [  0%] Built target rosgraph_msgs_generate_messages_py
[42.122s] [  0%] Built target pcl_msgs_generate_messages_py
[42.186s] [  0%] Built target actionlib_generate_messages_eus
[42.251s] [  0%] Built target geometry_msgs_generate_messages_cpp
[42.312s] [  0%] Built target actionlib_generate_messages_lisp
[42.374s] [  0%] Built target pcl_msgs_generate_messages_lisp
[42.439s] [  0%] Built target tf_generate_messages_cpp
[42.511s] [  0%] Built target actionlib_generate_messages_nodejs
[42.569s] [  0%] Built target tf2_msgs_generate_messages_lisp
[42.629s] [  0%] Built target actionlib_generate_messages_py
[42.694s] [  0%] Built target tf2_msgs_generate_messages_py
[42.762s] [  0%] Built target tf2_msgs_generate_messages_nodejs
[42.827s] [  0%] Built target tf2_msgs_generate_messages_eus
[42.906s] [  0%] Built target visualization_msgs_generate_messages_cpp
[42.982s] [  0%] Built target vector_map_server_generate_messages_cpp
[43.054s] [  0%] Built target visualization_msgs_generate_messages_eus
[43.112s] [  0%] Built target visualization_msgs_generate_messages_py
[43.184s] [  0%] Built target vector_map_msgs_generate_messages_cpp
[43.260s] [  0%] Built target vector_map_msgs_generate_messages_py
[43.320s] [  0%] Built target vector_map_server_generate_messages_nodejs
[43.414s] [100%] Built target ff_waypoint_follower
[43.480s] [36mInstall the project...[0m
[43.504s] -- Install configuration: "Release"
[43.505s] -- Installing: /home/chinchia120/autoware.ai/install/ff_waypoint_follower/lib/pkgconfig/ff_waypoint_follower.pc
[43.509s] -- Installing: /home/chinchia120/autoware.ai/install/ff_waypoint_follower/share/ff_waypoint_follower/cmake/ff_waypoint_followerConfig.cmake
[43.509s] -- Installing: /home/chinchia120/autoware.ai/install/ff_waypoint_follower/share/ff_waypoint_follower/cmake/ff_waypoint_followerConfig-version.cmake
[43.510s] -- Installing: /home/chinchia120/autoware.ai/install/ff_waypoint_follower/share/ff_waypoint_follower/package.xml
[43.511s] -- Installing: /home/chinchia120/autoware.ai/install/ff_waypoint_follower/lib/ff_waypoint_follower/ff_waypoint_follower
[43.525s] -- Set runtime path of "/home/chinchia120/autoware.ai/install/ff_waypoint_follower/lib/ff_waypoint_follower/ff_waypoint_follower" to ""
[43.525s] -- Installing: /home/chinchia120/autoware.ai/install/ff_waypoint_follower/share/ff_waypoint_follower/launch
[43.527s] -- Installing: /home/chinchia120/autoware.ai/install/ff_waypoint_follower/share/ff_waypoint_follower/launch/ffwaypointfollower_robot.launch
[43.529s] -- Installing: /home/chinchia120/autoware.ai/install/ff_waypoint_follower/share/ff_waypoint_follower/launch/ffwaypointfollower_car.launch
[43.530s] -- Installing: /home/chinchia120/autoware.ai/install/ff_waypoint_follower/share/ff_waypoint_follower/params
[43.532s] -- Installing: /home/chinchia120/autoware.ai/install/ff_waypoint_follower/share/ff_waypoint_follower/params/config.yaml
[43.542s] Invoked command in '/home/chinchia120/autoware.ai/build/ff_waypoint_follower' returned '0': CMAKE_PREFIX_PATH=/home/chinchia120/autoware.ai/install/map_file:/home/chinchia120/autoware.ai/install/op_simu:/home/chinchia120/autoware.ai/install/lanelet2_extension:/home/chinchia120/autoware.ai/install/op_planner:/home/chinchia120/autoware.ai/install/lanelet2_validation:/home/chinchia120/autoware.ai/install/op_utility:/home/chinchia120/autoware.ai/install/lanelet2_routing:/home/chinchia120/autoware.ai/install/lanelet2_projection:/home/chinchia120/autoware.ai/install/vector_map_server:/home/chinchia120/autoware.ai/install/libwaypoint_follower:/home/chinchia120/autoware.ai/install/lanelet2_traffic_rules:/home/chinchia120/autoware.ai/install/lanelet2_maps:/home/chinchia120/autoware.ai/install/lanelet2_io:/home/chinchia120/autoware.ai/install/vector_map:/home/chinchia120/autoware.ai/install/lanelet2_core:/home/chinchia120/autoware.ai/install/amathutils_lib:/home/chinchia120/autoware.ai/install/vector_map_msgs:/home/chinchia120/autoware.ai/install/autoware_msgs:/home/chinchia120/autoware.ai/install/autoware_lanelet2_msgs:/home/chinchia120/autoware.ai/install/autoware_build_flags:${CMAKE_PREFIX_PATH} LD_LIBRARY_PATH=/home/chinchia120/autoware.ai/install/map_file/lib:/home/chinchia120/autoware.ai/install/op_simu/lib:/home/chinchia120/autoware.ai/install/lanelet2_extension/lib:/home/chinchia120/autoware.ai/install/op_planner/lib:/home/chinchia120/autoware.ai/install/lanelet2_validation/lib:/home/chinchia120/autoware.ai/install/op_utility/lib:/home/chinchia120/autoware.ai/install/lanelet2_routing/lib:/home/chinchia120/autoware.ai/install/lanelet2_projection/lib:/home/chinchia120/autoware.ai/install/libwaypoint_follower/lib:/home/chinchia120/autoware.ai/install/lanelet2_traffic_rules/lib:/home/chinchia120/autoware.ai/install/lanelet2_io/lib:/home/chinchia120/autoware.ai/install/vector_map/lib:/home/chinchia120/autoware.ai/install/lanelet2_core/lib:/home/chinchia120/autoware.ai/install/amathutils_lib/lib:${LD_LIBRARY_PATH} PKG_CONFIG_PATH=/home/chinchia120/autoware.ai/install/map_file/lib/x86_64-linux-gnu/pkgconfig:/home/chinchia120/autoware.ai/install/map_file/lib/pkgconfig:/home/chinchia120/autoware.ai/install/op_simu/lib/x86_64-linux-gnu/pkgconfig:/home/chinchia120/autoware.ai/install/op_simu/lib/pkgconfig:/home/chinchia120/autoware.ai/install/lanelet2_extension/lib/x86_64-linux-gnu/pkgconfig:/home/chinchia120/autoware.ai/install/lanelet2_extension/lib/pkgconfig:/home/chinchia120/autoware.ai/install/op_planner/lib/x86_64-linux-gnu/pkgconfig:/home/chinchia120/autoware.ai/install/op_planner/lib/pkgconfig:/home/chinchia120/autoware.ai/install/lanelet2_validation/lib/x86_64-linux-gnu/pkgconfig:/home/chinchia120/autoware.ai/install/lanelet2_validation/lib/pkgconfig:/home/chinchia120/autoware.ai/install/op_utility/lib/x86_64-linux-gnu/pkgconfig:/home/chinchia120/autoware.ai/install/op_utility/lib/pkgconfig:/home/chinchia120/autoware.ai/install/lanelet2_routing/lib/x86_64-linux-gnu/pkgconfig:/home/chinchia120/autoware.ai/install/lanelet2_routing/lib/pkgconfig:/home/chinchia120/autoware.ai/install/lanelet2_projection/lib/x86_64-linux-gnu/pkgconfig:/home/chinchia120/autoware.ai/install/lanelet2_projection/lib/pkgconfig:/home/chinchia120/autoware.ai/install/vector_map_server/lib/x86_64-linux-gnu/pkgconfig:/home/chinchia120/autoware.ai/install/vector_map_server/lib/pkgconfig:/home/chinchia120/autoware.ai/install/libwaypoint_follower/lib/x86_64-linux-gnu/pkgconfig:/home/chinchia120/autoware.ai/install/libwaypoint_follower/lib/pkgconfig:/home/chinchia120/autoware.ai/install/lanelet2_traffic_rules/lib/x86_64-linux-gnu/pkgconfig:/home/chinchia120/autoware.ai/install/lanelet2_traffic_rules/lib/pkgconfig:/home/chinchia120/autoware.ai/install/lanelet2_maps/lib/x86_64-linux-gnu/pkgconfig:/home/chinchia120/autoware.ai/install/lanelet2_maps/lib/pkgconfig:/home/chinchia120/autoware.ai/install/lanelet2_io/lib/x86_64-linux-gnu/pkgconfig:/home/chinchia120/autoware.ai/install/lanelet2_io/lib/pkgconfig:/home/chinchia120/autoware.ai/install/vector_map/lib/x86_64-linux-gnu/pkgconfig:/home/chinchia120/autoware.ai/install/vector_map/lib/pkgconfig:/home/chinchia120/autoware.ai/install/lanelet2_core/lib/x86_64-linux-gnu/pkgconfig:/home/chinchia120/autoware.ai/install/lanelet2_core/lib/pkgconfig:/home/chinchia120/autoware.ai/install/amathutils_lib/lib/x86_64-linux-gnu/pkgconfig:/home/chinchia120/autoware.ai/install/amathutils_lib/lib/pkgconfig:/home/chinchia120/autoware.ai/install/vector_map_msgs/lib/x86_64-linux-gnu/pkgconfig:/home/chinchia120/autoware.ai/install/vector_map_msgs/lib/pkgconfig:/home/chinchia120/autoware.ai/install/autoware_msgs/lib/x86_64-linux-gnu/pkgconfig:/home/chinchia120/autoware.ai/install/autoware_msgs/lib/pkgconfig:/home/chinchia120/autoware.ai/install/autoware_lanelet2_msgs/lib/x86_64-linux-gnu/pkgconfig:/home/chinchia120/autoware.ai/install/autoware_lanelet2_msgs/lib/pkgconfig:/home/chinchia120/autoware.ai/install/autoware_build_flags/lib/x86_64-linux-gnu/pkgconfig:/home/chinchia120/autoware.ai/install/autoware_build_flags/lib/pkgconfig:${PKG_CONFIG_PATH} PYTHONPATH=/home/chinchia120/autoware.ai/install/vector_map_server/lib/python2.7/dist-packages:/home/chinchia120/autoware.ai/install/vector_map_msgs/lib/python2.7/dist-packages:/home/chinchia120/autoware.ai/install/autoware_msgs/lib/python2.7/dist-packages:/home/chinchia120/autoware.ai/install/autoware_lanelet2_msgs/lib/python2.7/dist-packages:${PYTHONPATH} ROS_PACKAGE_PATH=/home/chinchia120/autoware.ai/install/map_file/share:/home/chinchia120/autoware.ai/install/op_simu/share:/home/chinchia120/autoware.ai/install/lanelet2_extension/share:/home/chinchia120/autoware.ai/install/op_planner/share:/home/chinchia120/autoware.ai/install/lanelet2_validation/share:/home/chinchia120/autoware.ai/install/op_utility/share:/home/chinchia120/autoware.ai/install/lanelet2_routing/share:/home/chinchia120/autoware.ai/install/lanelet2_projection/share:/home/chinchia120/autoware.ai/install/vector_map_server/share:/home/chinchia120/autoware.ai/install/libwaypoint_follower/share:/home/chinchia120/autoware.ai/install/lanelet2_traffic_rules/share:/home/chinchia120/autoware.ai/install/lanelet2_maps/share:/home/chinchia120/autoware.ai/install/lanelet2_io/share:/home/chinchia120/autoware.ai/install/vector_map/share:/home/chinchia120/autoware.ai/install/lanelet2_core/share:/home/chinchia120/autoware.ai/install/amathutils_lib/share:/home/chinchia120/autoware.ai/install/vector_map_msgs/share:/home/chinchia120/autoware.ai/install/autoware_msgs/share:/home/chinchia120/autoware.ai/install/autoware_lanelet2_msgs/share:/home/chinchia120/autoware.ai/install/autoware_build_flags/share:${ROS_PACKAGE_PATH} /usr/bin/cmake --build /home/chinchia120/autoware.ai/build/ff_waypoint_follower --target install -- -j4 -l4
