[0.061s] Invoking command in '/home/chinchia120/autoware.ai/build/libvectormap': CMAKE_PREFIX_PATH=/home/chinchia120/autoware.ai/install/vector_map:/home/chinchia120/autoware.ai/install/vector_map_msgs:/home/chinchia120/autoware.ai/install/autoware_build_flags:${CMAKE_PREFIX_PATH} LD_LIBRARY_PATH=/home/chinchia120/autoware.ai/install/vector_map/lib:${LD_LIBRARY_PATH} PKG_CONFIG_PATH=/home/chinchia120/autoware.ai/install/vector_map/lib/x86_64-linux-gnu/pkgconfig:/home/chinchia120/autoware.ai/install/vector_map/lib/pkgconfig:/home/chinchia120/autoware.ai/install/vector_map_msgs/lib/x86_64-linux-gnu/pkgconfig:/home/chinchia120/autoware.ai/install/vector_map_msgs/lib/pkgconfig:/home/chinchia120/autoware.ai/install/autoware_build_flags/lib/x86_64-linux-gnu/pkgconfig:/home/chinchia120/autoware.ai/install/autoware_build_flags/lib/pkgconfig:${PKG_CONFIG_PATH} PYTHONPATH=/home/chinchia120/autoware.ai/install/vector_map_msgs/lib/python2.7/dist-packages:${PYTHONPATH} ROS_PACKAGE_PATH=/home/chinchia120/autoware.ai/install/vector_map/share:/home/chinchia120/autoware.ai/install/vector_map_msgs/share:/home/chinchia120/autoware.ai/install/autoware_build_flags/share:${ROS_PACKAGE_PATH} /usr/bin/cmake /home/chinchia120/autoware.ai/src/autoware/common/libvectormap -DCMAKE_BUILD_TYPE=Release -DCATKIN_INSTALL_INTO_PREFIX_ROOT=0 -DCMAKE_INSTALL_PREFIX=/home/chinchia120/autoware.ai/install/libvectormap
[0.270s] -- The C compiler identification is GNU 7.5.0
[0.405s] -- The CXX compiler identification is GNU 7.5.0
[0.413s] -- Check for working C compiler: /usr/bin/cc
[0.584s] -- Check for working C compiler: /usr/bin/cc -- works
[0.585s] -- Detecting C compiler ABI info
[0.750s] -- Detecting C compiler ABI info - done
[0.776s] -- Detecting C compile features
[1.413s] -- Detecting C compile features - done
[1.420s] -- Check for working CXX compiler: /usr/bin/c++
[1.595s] -- Check for working CXX compiler: /usr/bin/c++ -- works
[1.595s] -- Detecting CXX compiler ABI info
[1.774s] -- Detecting CXX compiler ABI info - done
[1.790s] -- Detecting CXX compile features
[2.632s] -- Detecting CXX compile features - done
[2.642s] -- CUDA compilation status: 1.
[2.645s] -- Using CATKIN_DEVEL_PREFIX: /home/chinchia120/autoware.ai/build/libvectormap/devel
[2.645s] -- Using CMAKE_PREFIX_PATH: /home/chinchia120/autoware.ai/install/vector_map;/home/chinchia120/autoware.ai/install/vector_map_msgs;/home/chinchia120/autoware.ai/install/autoware_build_flags;/home/chinchia120/catkin_ws/devel;/opt/ros/melodic
[2.646s] -- This workspace overlays: /home/chinchia120/autoware.ai/install/vector_map;/home/chinchia120/autoware.ai/install/vector_map_msgs;/home/chinchia120/autoware.ai/install/autoware_build_flags;/home/chinchia120/catkin_ws/devel;/opt/ros/melodic
[2.676s] -- Found PythonInterp: /usr/bin/python2 (found suitable version "2.7.17", minimum required is "2") 
[2.677s] -- Using PYTHON_EXECUTABLE: /usr/bin/python2
[2.680s] -- Using Debian Python package layout
[2.680s] -- Using empy: /usr/bin/empy
[2.966s] -- Using CATKIN_ENABLE_TESTING: ON
[2.966s] -- Call enable_testing()
[2.974s] -- Using CATKIN_TEST_RESULTS_DIR: /home/chinchia120/autoware.ai/build/libvectormap/test_results
[3.019s] -- Found gtest sources under '/usr/src/googletest': gtests will be built
[3.019s] -- Found gmock sources under '/usr/src/googletest': gmock will be built
[3.051s] -- Found PythonInterp: /usr/bin/python2 (found version "2.7.17") 
[3.053s] -- Looking for pthread.h
[3.237s] -- Looking for pthread.h - found
[3.246s] -- Looking for pthread_create
[3.430s] -- Looking for pthread_create - not found
[3.431s] -- Looking for pthread_create in pthreads
[3.602s] -- Looking for pthread_create in pthreads - not found
[3.606s] -- Looking for pthread_create in pthread
[3.836s] -- Looking for pthread_create in pthread - found
[3.839s] -- Found Threads: TRUE  
[3.858s] -- Using Python nosetests: /usr/bin/nosetests-2.7
[4.144s] -- catkin 0.7.29
[4.144s] -- BUILD_SHARED_LIBS is on
[4.770s] -- Using these message generators: gencpp;geneus;genlisp;gennodejs;genpy
[5.486s] -- Configuring done
[5.654s] -- Generating done
[5.689s] -- Build files have been written to: /home/chinchia120/autoware.ai/build/libvectormap
[5.708s] Invoked command in '/home/chinchia120/autoware.ai/build/libvectormap' returned '0': CMAKE_PREFIX_PATH=/home/chinchia120/autoware.ai/install/vector_map:/home/chinchia120/autoware.ai/install/vector_map_msgs:/home/chinchia120/autoware.ai/install/autoware_build_flags:${CMAKE_PREFIX_PATH} LD_LIBRARY_PATH=/home/chinchia120/autoware.ai/install/vector_map/lib:${LD_LIBRARY_PATH} PKG_CONFIG_PATH=/home/chinchia120/autoware.ai/install/vector_map/lib/x86_64-linux-gnu/pkgconfig:/home/chinchia120/autoware.ai/install/vector_map/lib/pkgconfig:/home/chinchia120/autoware.ai/install/vector_map_msgs/lib/x86_64-linux-gnu/pkgconfig:/home/chinchia120/autoware.ai/install/vector_map_msgs/lib/pkgconfig:/home/chinchia120/autoware.ai/install/autoware_build_flags/lib/x86_64-linux-gnu/pkgconfig:/home/chinchia120/autoware.ai/install/autoware_build_flags/lib/pkgconfig:${PKG_CONFIG_PATH} PYTHONPATH=/home/chinchia120/autoware.ai/install/vector_map_msgs/lib/python2.7/dist-packages:${PYTHONPATH} ROS_PACKAGE_PATH=/home/chinchia120/autoware.ai/install/vector_map/share:/home/chinchia120/autoware.ai/install/vector_map_msgs/share:/home/chinchia120/autoware.ai/install/autoware_build_flags/share:${ROS_PACKAGE_PATH} /usr/bin/cmake /home/chinchia120/autoware.ai/src/autoware/common/libvectormap -DCMAKE_BUILD_TYPE=Release -DCATKIN_INSTALL_INTO_PREFIX_ROOT=0 -DCMAKE_INSTALL_PREFIX=/home/chinchia120/autoware.ai/install/libvectormap
[5.712s] Invoking command in '/home/chinchia120/autoware.ai/build/libvectormap': CMAKE_PREFIX_PATH=/home/chinchia120/autoware.ai/install/vector_map:/home/chinchia120/autoware.ai/install/vector_map_msgs:/home/chinchia120/autoware.ai/install/autoware_build_flags:${CMAKE_PREFIX_PATH} LD_LIBRARY_PATH=/home/chinchia120/autoware.ai/install/vector_map/lib:${LD_LIBRARY_PATH} PKG_CONFIG_PATH=/home/chinchia120/autoware.ai/install/vector_map/lib/x86_64-linux-gnu/pkgconfig:/home/chinchia120/autoware.ai/install/vector_map/lib/pkgconfig:/home/chinchia120/autoware.ai/install/vector_map_msgs/lib/x86_64-linux-gnu/pkgconfig:/home/chinchia120/autoware.ai/install/vector_map_msgs/lib/pkgconfig:/home/chinchia120/autoware.ai/install/autoware_build_flags/lib/x86_64-linux-gnu/pkgconfig:/home/chinchia120/autoware.ai/install/autoware_build_flags/lib/pkgconfig:${PKG_CONFIG_PATH} PYTHONPATH=/home/chinchia120/autoware.ai/install/vector_map_msgs/lib/python2.7/dist-packages:${PYTHONPATH} ROS_PACKAGE_PATH=/home/chinchia120/autoware.ai/install/vector_map/share:/home/chinchia120/autoware.ai/install/vector_map_msgs/share:/home/chinchia120/autoware.ai/install/autoware_build_flags/share:${ROS_PACKAGE_PATH} /usr/bin/cmake --build /home/chinchia120/autoware.ai/build/libvectormap -- -j4 -l4
[5.848s] [35m[1mScanning dependencies of target sensor_msgs_generate_messages_nodejs[0m
[5.885s] [  0%] Built target sensor_msgs_generate_messages_nodejs
[5.921s] [35m[1mScanning dependencies of target visualization_msgs_generate_messages_py[0m
[5.960s] [  0%] Built target visualization_msgs_generate_messages_py
[5.995s] [35m[1mScanning dependencies of target visualization_msgs_generate_messages_eus[0m
[6.029s] [  0%] Built target visualization_msgs_generate_messages_eus
[6.078s] [35m[1mScanning dependencies of target visualization_msgs_generate_messages_cpp[0m
[6.113s] [  0%] Built target visualization_msgs_generate_messages_cpp
[6.146s] [35m[1mScanning dependencies of target tf2_msgs_generate_messages_nodejs[0m
[6.183s] [  0%] Built target tf2_msgs_generate_messages_nodejs
[6.217s] [35m[1mScanning dependencies of target tf2_msgs_generate_messages_py[0m
[6.252s] [  0%] Built target tf2_msgs_generate_messages_py
[6.293s] [35m[1mScanning dependencies of target tf2_msgs_generate_messages_lisp[0m
[6.324s] [  0%] Built target tf2_msgs_generate_messages_lisp
[6.356s] [35m[1mScanning dependencies of target tf2_msgs_generate_messages_eus[0m
[6.394s] [  0%] Built target tf2_msgs_generate_messages_eus
[6.428s] [35m[1mScanning dependencies of target tf2_msgs_generate_messages_cpp[0m
[6.464s] [  0%] Built target tf2_msgs_generate_messages_cpp
[6.500s] [35m[1mScanning dependencies of target actionlib_msgs_generate_messages_py[0m
[6.529s] [  0%] Built target actionlib_msgs_generate_messages_py
[6.564s] [35m[1mScanning dependencies of target actionlib_msgs_generate_messages_lisp[0m
[6.601s] [  0%] Built target actionlib_msgs_generate_messages_lisp
[6.633s] [35m[1mScanning dependencies of target actionlib_msgs_generate_messages_eus[0m
[6.849s] [  0%] Built target actionlib_msgs_generate_messages_eus
[6.888s] [35m[1mScanning dependencies of target vector_map_msgs_generate_messages_lisp[0m
[7.024s] [  0%] Built target vector_map_msgs_generate_messages_lisp
[7.060s] [35m[1mScanning dependencies of target actionlib_msgs_generate_messages_cpp[0m
[7.098s] [  0%] Built target actionlib_msgs_generate_messages_cpp
[7.133s] [35m[1mScanning dependencies of target actionlib_generate_messages_py[0m
[7.163s] [  0%] Built target actionlib_generate_messages_py
[7.197s] [35m[1mScanning dependencies of target actionlib_generate_messages_nodejs[0m
[7.223s] [  0%] Built target actionlib_generate_messages_nodejs
[7.246s] [35m[1mScanning dependencies of target actionlib_generate_messages_lisp[0m
[7.270s] [  0%] Built target actionlib_generate_messages_lisp
[7.301s] [35m[1mScanning dependencies of target actionlib_generate_messages_eus[0m
[7.339s] [  0%] Built target actionlib_generate_messages_eus
[7.364s] [35m[1mScanning dependencies of target geometry_msgs_generate_messages_py[0m
[7.397s] [  0%] Built target geometry_msgs_generate_messages_py
[7.429s] [35m[1mScanning dependencies of target vector_map_msgs_generate_messages_py[0m
[7.464s] [  0%] Built target vector_map_msgs_generate_messages_py
[7.490s] [35m[1mScanning dependencies of target std_msgs_generate_messages_eus[0m
[7.513s] [  0%] Built target std_msgs_generate_messages_eus
[7.537s] [35m[1mScanning dependencies of target rosgraph_msgs_generate_messages_nodejs[0m
[7.559s] [  0%] Built target rosgraph_msgs_generate_messages_nodejs
[7.586s] [35m[1mScanning dependencies of target rosgraph_msgs_generate_messages_py[0m
[7.618s] [  0%] Built target rosgraph_msgs_generate_messages_py
[7.648s] [35m[1mScanning dependencies of target tf_generate_messages_nodejs[0m
[7.695s] [  0%] Built target tf_generate_messages_nodejs
[7.718s] [35m[1mScanning dependencies of target tf_generate_messages_lisp[0m
[7.753s] [  0%] Built target tf_generate_messages_lisp
[7.779s] [35m[1mScanning dependencies of target roscpp_generate_messages_lisp[0m
[7.807s] [  0%] Built target roscpp_generate_messages_lisp
[7.840s] [35m[1mScanning dependencies of target geometry_msgs_generate_messages_cpp[0m
[7.870s] [  0%] Built target geometry_msgs_generate_messages_cpp
[7.903s] [35m[1mScanning dependencies of target geometry_msgs_generate_messages_lisp[0m
[7.935s] [  0%] Built target geometry_msgs_generate_messages_lisp
[7.968s] [35m[1mScanning dependencies of target roscpp_generate_messages_py[0m
[8.020s] [  0%] Built target roscpp_generate_messages_py
[8.052s] [35m[1mScanning dependencies of target tf_generate_messages_eus[0m
[8.089s] [  0%] Built target tf_generate_messages_eus
[8.123s] [35m[1mScanning dependencies of target rosgraph_msgs_generate_messages_eus[0m
[8.159s] [  0%] Built target rosgraph_msgs_generate_messages_eus
[8.193s] [35m[1mScanning dependencies of target actionlib_msgs_generate_messages_nodejs[0m
[8.238s] [  0%] Built target actionlib_msgs_generate_messages_nodejs
[8.275s] [35m[1mScanning dependencies of target vector_map_msgs_generate_messages_nodejs[0m
[8.307s] [  0%] Built target vector_map_msgs_generate_messages_nodejs
[8.342s] [35m[1mScanning dependencies of target visualization_msgs_generate_messages_nodejs[0m
[8.374s] [  0%] Built target visualization_msgs_generate_messages_nodejs
[8.409s] [35m[1mScanning dependencies of target visualization_msgs_generate_messages_lisp[0m
[8.445s] [  0%] Built target visualization_msgs_generate_messages_lisp
[8.484s] [35m[1mScanning dependencies of target std_msgs_generate_messages_cpp[0m
[8.518s] [  0%] Built target std_msgs_generate_messages_cpp
[8.551s] [35m[1mScanning dependencies of target tf_generate_messages_cpp[0m
[8.593s] [  0%] Built target tf_generate_messages_cpp
[8.632s] [35m[1mScanning dependencies of target std_msgs_generate_messages_lisp[0m
[8.673s] [  0%] Built target std_msgs_generate_messages_lisp
[8.713s] [35m[1mScanning dependencies of target sensor_msgs_generate_messages_cpp[0m
[8.753s] [  0%] Built target sensor_msgs_generate_messages_cpp
[8.802s] [35m[1mScanning dependencies of target _catkin_empty_exported_target[0m
[8.843s] [  0%] Built target _catkin_empty_exported_target
[8.876s] [35m[1mScanning dependencies of target sensor_msgs_generate_messages_eus[0m
[8.915s] [  0%] Built target sensor_msgs_generate_messages_eus
[8.958s] [35m[1mScanning dependencies of target geometry_msgs_generate_messages_nodejs[0m
[8.988s] [  0%] Built target geometry_msgs_generate_messages_nodejs
[9.024s] [35m[1mScanning dependencies of target tf_generate_messages_py[0m
[9.067s] [  0%] Built target tf_generate_messages_py
[9.097s] [35m[1mScanning dependencies of target sensor_msgs_generate_messages_py[0m
[9.129s] [  0%] Built target sensor_msgs_generate_messages_py
[9.165s] [35m[1mScanning dependencies of target std_msgs_generate_messages_nodejs[0m
[9.197s] [  0%] Built target std_msgs_generate_messages_nodejs
[9.228s] [35m[1mScanning dependencies of target std_msgs_generate_messages_py[0m
[9.257s] [  0%] Built target std_msgs_generate_messages_py
[9.290s] [35m[1mScanning dependencies of target geometry_msgs_generate_messages_eus[0m
[9.324s] [  0%] Built target geometry_msgs_generate_messages_eus
[9.356s] [35m[1mScanning dependencies of target roscpp_generate_messages_nodejs[0m
[9.409s] [  0%] Built target roscpp_generate_messages_nodejs
[9.444s] [35m[1mScanning dependencies of target roscpp_generate_messages_eus[0m
[9.470s] [  0%] Built target roscpp_generate_messages_eus
[9.502s] [35m[1mScanning dependencies of target rosgraph_msgs_generate_messages_cpp[0m
[9.541s] [  0%] Built target rosgraph_msgs_generate_messages_cpp
[9.571s] [35m[1mScanning dependencies of target rosgraph_msgs_generate_messages_lisp[0m
[9.603s] [  0%] Built target rosgraph_msgs_generate_messages_lisp
[9.636s] [35m[1mScanning dependencies of target sensor_msgs_generate_messages_lisp[0m
[9.659s] [  0%] Built target sensor_msgs_generate_messages_lisp
[9.687s] [35m[1mScanning dependencies of target roscpp_generate_messages_cpp[0m
[9.730s] [  0%] Built target roscpp_generate_messages_cpp
[9.765s] [35m[1mScanning dependencies of target actionlib_generate_messages_cpp[0m
[9.805s] [  0%] Built target actionlib_generate_messages_cpp
[9.841s] [35m[1mScanning dependencies of target vector_map_msgs_generate_messages_cpp[0m
[9.876s] [  0%] Built target vector_map_msgs_generate_messages_cpp
[9.943s] [35m[1mScanning dependencies of target vector_map_msgs_generate_messages_eus[0m
[9.979s] [  0%] Built target vector_map_msgs_generate_messages_eus
[10.018s] [35m[1mScanning dependencies of target libvectormap[0m
[10.304s] [ 50%] [32mBuilding CXX object CMakeFiles/libvectormap.dir/src/vector_map.cpp.o[0m
[15.459s] [100%] [32m[1mLinking CXX static library devel/lib/liblibvectormap.a[0m
[15.531s] [100%] Built target libvectormap
[15.569s] Invoked command in '/home/chinchia120/autoware.ai/build/libvectormap' returned '0': CMAKE_PREFIX_PATH=/home/chinchia120/autoware.ai/install/vector_map:/home/chinchia120/autoware.ai/install/vector_map_msgs:/home/chinchia120/autoware.ai/install/autoware_build_flags:${CMAKE_PREFIX_PATH} LD_LIBRARY_PATH=/home/chinchia120/autoware.ai/install/vector_map/lib:${LD_LIBRARY_PATH} PKG_CONFIG_PATH=/home/chinchia120/autoware.ai/install/vector_map/lib/x86_64-linux-gnu/pkgconfig:/home/chinchia120/autoware.ai/install/vector_map/lib/pkgconfig:/home/chinchia120/autoware.ai/install/vector_map_msgs/lib/x86_64-linux-gnu/pkgconfig:/home/chinchia120/autoware.ai/install/vector_map_msgs/lib/pkgconfig:/home/chinchia120/autoware.ai/install/autoware_build_flags/lib/x86_64-linux-gnu/pkgconfig:/home/chinchia120/autoware.ai/install/autoware_build_flags/lib/pkgconfig:${PKG_CONFIG_PATH} PYTHONPATH=/home/chinchia120/autoware.ai/install/vector_map_msgs/lib/python2.7/dist-packages:${PYTHONPATH} ROS_PACKAGE_PATH=/home/chinchia120/autoware.ai/install/vector_map/share:/home/chinchia120/autoware.ai/install/vector_map_msgs/share:/home/chinchia120/autoware.ai/install/autoware_build_flags/share:${ROS_PACKAGE_PATH} /usr/bin/cmake --build /home/chinchia120/autoware.ai/build/libvectormap -- -j4 -l4
[15.872s] Invoking command in '/home/chinchia120/autoware.ai/build/libvectormap': CMAKE_PREFIX_PATH=/home/chinchia120/autoware.ai/install/vector_map:/home/chinchia120/autoware.ai/install/vector_map_msgs:/home/chinchia120/autoware.ai/install/autoware_build_flags:${CMAKE_PREFIX_PATH} LD_LIBRARY_PATH=/home/chinchia120/autoware.ai/install/vector_map/lib:${LD_LIBRARY_PATH} PKG_CONFIG_PATH=/home/chinchia120/autoware.ai/install/vector_map/lib/x86_64-linux-gnu/pkgconfig:/home/chinchia120/autoware.ai/install/vector_map/lib/pkgconfig:/home/chinchia120/autoware.ai/install/vector_map_msgs/lib/x86_64-linux-gnu/pkgconfig:/home/chinchia120/autoware.ai/install/vector_map_msgs/lib/pkgconfig:/home/chinchia120/autoware.ai/install/autoware_build_flags/lib/x86_64-linux-gnu/pkgconfig:/home/chinchia120/autoware.ai/install/autoware_build_flags/lib/pkgconfig:${PKG_CONFIG_PATH} PYTHONPATH=/home/chinchia120/autoware.ai/install/vector_map_msgs/lib/python2.7/dist-packages:${PYTHONPATH} ROS_PACKAGE_PATH=/home/chinchia120/autoware.ai/install/vector_map/share:/home/chinchia120/autoware.ai/install/vector_map_msgs/share:/home/chinchia120/autoware.ai/install/autoware_build_flags/share:${ROS_PACKAGE_PATH} /usr/bin/cmake --build /home/chinchia120/autoware.ai/build/libvectormap --target tests -- -j4 -l4
[16.003s] [35m[1mScanning dependencies of target tests[0m
[16.032s] Built target tests
[16.057s] Invoked command in '/home/chinchia120/autoware.ai/build/libvectormap' returned '0': CMAKE_PREFIX_PATH=/home/chinchia120/autoware.ai/install/vector_map:/home/chinchia120/autoware.ai/install/vector_map_msgs:/home/chinchia120/autoware.ai/install/autoware_build_flags:${CMAKE_PREFIX_PATH} LD_LIBRARY_PATH=/home/chinchia120/autoware.ai/install/vector_map/lib:${LD_LIBRARY_PATH} PKG_CONFIG_PATH=/home/chinchia120/autoware.ai/install/vector_map/lib/x86_64-linux-gnu/pkgconfig:/home/chinchia120/autoware.ai/install/vector_map/lib/pkgconfig:/home/chinchia120/autoware.ai/install/vector_map_msgs/lib/x86_64-linux-gnu/pkgconfig:/home/chinchia120/autoware.ai/install/vector_map_msgs/lib/pkgconfig:/home/chinchia120/autoware.ai/install/autoware_build_flags/lib/x86_64-linux-gnu/pkgconfig:/home/chinchia120/autoware.ai/install/autoware_build_flags/lib/pkgconfig:${PKG_CONFIG_PATH} PYTHONPATH=/home/chinchia120/autoware.ai/install/vector_map_msgs/lib/python2.7/dist-packages:${PYTHONPATH} ROS_PACKAGE_PATH=/home/chinchia120/autoware.ai/install/vector_map/share:/home/chinchia120/autoware.ai/install/vector_map_msgs/share:/home/chinchia120/autoware.ai/install/autoware_build_flags/share:${ROS_PACKAGE_PATH} /usr/bin/cmake --build /home/chinchia120/autoware.ai/build/libvectormap --target tests -- -j4 -l4
[16.383s] Invoking command in '/home/chinchia120/autoware.ai/build/libvectormap': CMAKE_PREFIX_PATH=/home/chinchia120/autoware.ai/install/vector_map:/home/chinchia120/autoware.ai/install/vector_map_msgs:/home/chinchia120/autoware.ai/install/autoware_build_flags:${CMAKE_PREFIX_PATH} LD_LIBRARY_PATH=/home/chinchia120/autoware.ai/install/vector_map/lib:${LD_LIBRARY_PATH} PKG_CONFIG_PATH=/home/chinchia120/autoware.ai/install/vector_map/lib/x86_64-linux-gnu/pkgconfig:/home/chinchia120/autoware.ai/install/vector_map/lib/pkgconfig:/home/chinchia120/autoware.ai/install/vector_map_msgs/lib/x86_64-linux-gnu/pkgconfig:/home/chinchia120/autoware.ai/install/vector_map_msgs/lib/pkgconfig:/home/chinchia120/autoware.ai/install/autoware_build_flags/lib/x86_64-linux-gnu/pkgconfig:/home/chinchia120/autoware.ai/install/autoware_build_flags/lib/pkgconfig:${PKG_CONFIG_PATH} PYTHONPATH=/home/chinchia120/autoware.ai/install/vector_map_msgs/lib/python2.7/dist-packages:${PYTHONPATH} ROS_PACKAGE_PATH=/home/chinchia120/autoware.ai/install/vector_map/share:/home/chinchia120/autoware.ai/install/vector_map_msgs/share:/home/chinchia120/autoware.ai/install/autoware_build_flags/share:${ROS_PACKAGE_PATH} /usr/bin/cmake --build /home/chinchia120/autoware.ai/build/libvectormap --target install -- -j4 -l4
[16.528s] [  0%] Built target sensor_msgs_generate_messages_nodejs
[16.578s] [  0%] Built target visualization_msgs_generate_messages_py
[16.629s] [  0%] Built target visualization_msgs_generate_messages_eus
[16.680s] [  0%] Built target visualization_msgs_generate_messages_cpp
[16.730s] [  0%] Built target tf2_msgs_generate_messages_nodejs
[16.786s] [  0%] Built target tf2_msgs_generate_messages_py
[16.841s] [  0%] Built target tf2_msgs_generate_messages_lisp
[16.901s] [  0%] Built target tf2_msgs_generate_messages_eus
[16.968s] [  0%] Built target tf2_msgs_generate_messages_cpp
[17.026s] [  0%] Built target actionlib_msgs_generate_messages_py
[17.080s] [  0%] Built target actionlib_msgs_generate_messages_lisp
[17.126s] [  0%] Built target actionlib_msgs_generate_messages_eus
[17.188s] [  0%] Built target vector_map_msgs_generate_messages_lisp
[17.260s] [  0%] Built target actionlib_msgs_generate_messages_cpp
[17.323s] [  0%] Built target actionlib_generate_messages_py
[17.381s] [  0%] Built target actionlib_generate_messages_nodejs
[17.446s] [  0%] Built target actionlib_generate_messages_lisp
[17.515s] [  0%] Built target actionlib_generate_messages_eus
[17.592s] [  0%] Built target geometry_msgs_generate_messages_py
[17.649s] [  0%] Built target vector_map_msgs_generate_messages_py
[17.707s] [  0%] Built target std_msgs_generate_messages_eus
[17.759s] [  0%] Built target rosgraph_msgs_generate_messages_nodejs
[17.816s] [  0%] Built target rosgraph_msgs_generate_messages_py
[17.872s] [  0%] Built target tf_generate_messages_nodejs
[17.934s] [  0%] Built target tf_generate_messages_lisp
[17.989s] [  0%] Built target roscpp_generate_messages_lisp
[18.044s] [  0%] Built target geometry_msgs_generate_messages_cpp
[18.087s] [  0%] Built target geometry_msgs_generate_messages_lisp
[18.140s] [  0%] Built target roscpp_generate_messages_py
[18.210s] [  0%] Built target tf_generate_messages_eus
[18.261s] [  0%] Built target rosgraph_msgs_generate_messages_eus
[18.313s] [  0%] Built target actionlib_msgs_generate_messages_nodejs
[18.363s] [  0%] Built target vector_map_msgs_generate_messages_nodejs
[18.421s] [  0%] Built target visualization_msgs_generate_messages_nodejs
[18.476s] [  0%] Built target visualization_msgs_generate_messages_lisp
[18.545s] [  0%] Built target std_msgs_generate_messages_cpp
[18.624s] [  0%] Built target tf_generate_messages_cpp
[18.695s] [  0%] Built target std_msgs_generate_messages_lisp
[18.763s] [  0%] Built target sensor_msgs_generate_messages_cpp
[18.849s] [  0%] Built target _catkin_empty_exported_target
[18.912s] [  0%] Built target sensor_msgs_generate_messages_eus
[18.981s] [  0%] Built target geometry_msgs_generate_messages_nodejs
[19.052s] [  0%] Built target tf_generate_messages_py
[19.119s] [  0%] Built target sensor_msgs_generate_messages_py
[19.186s] [  0%] Built target std_msgs_generate_messages_nodejs
[19.257s] [  0%] Built target std_msgs_generate_messages_py
[19.331s] [  0%] Built target geometry_msgs_generate_messages_eus
[19.412s] [  0%] Built target roscpp_generate_messages_nodejs
[19.482s] [  0%] Built target roscpp_generate_messages_eus
[19.554s] [  0%] Built target rosgraph_msgs_generate_messages_cpp
[19.618s] [  0%] Built target rosgraph_msgs_generate_messages_lisp
[19.679s] [  0%] Built target sensor_msgs_generate_messages_lisp
[19.736s] [  0%] Built target roscpp_generate_messages_cpp
[19.791s] [  0%] Built target actionlib_generate_messages_cpp
[19.851s] [  0%] Built target vector_map_msgs_generate_messages_cpp
[19.915s] [  0%] Built target vector_map_msgs_generate_messages_eus
[19.997s] [100%] Built target libvectormap
[20.056s] [36mInstall the project...[0m
[20.076s] -- Install configuration: "Release"
[20.077s] -- Installing: /home/chinchia120/autoware.ai/install/libvectormap/lib/pkgconfig/libvectormap.pc
[20.078s] -- Installing: /home/chinchia120/autoware.ai/install/libvectormap/share/libvectormap/cmake/libvectormapConfig.cmake
[20.079s] -- Installing: /home/chinchia120/autoware.ai/install/libvectormap/share/libvectormap/cmake/libvectormapConfig-version.cmake
[20.079s] -- Installing: /home/chinchia120/autoware.ai/install/libvectormap/share/libvectormap/package.xml
[20.080s] -- Installing: /home/chinchia120/autoware.ai/install/libvectormap/lib/liblibvectormap.a
[20.081s] -- Installing: /home/chinchia120/autoware.ai/install/libvectormap/include/libvectormap
[20.082s] -- Installing: /home/chinchia120/autoware.ai/install/libvectormap/include/libvectormap/vector_map.h
[20.083s] -- Installing: /home/chinchia120/autoware.ai/install/libvectormap/include/libvectormap/Math.h
[20.090s] Invoked command in '/home/chinchia120/autoware.ai/build/libvectormap' returned '0': CMAKE_PREFIX_PATH=/home/chinchia120/autoware.ai/install/vector_map:/home/chinchia120/autoware.ai/install/vector_map_msgs:/home/chinchia120/autoware.ai/install/autoware_build_flags:${CMAKE_PREFIX_PATH} LD_LIBRARY_PATH=/home/chinchia120/autoware.ai/install/vector_map/lib:${LD_LIBRARY_PATH} PKG_CONFIG_PATH=/home/chinchia120/autoware.ai/install/vector_map/lib/x86_64-linux-gnu/pkgconfig:/home/chinchia120/autoware.ai/install/vector_map/lib/pkgconfig:/home/chinchia120/autoware.ai/install/vector_map_msgs/lib/x86_64-linux-gnu/pkgconfig:/home/chinchia120/autoware.ai/install/vector_map_msgs/lib/pkgconfig:/home/chinchia120/autoware.ai/install/autoware_build_flags/lib/x86_64-linux-gnu/pkgconfig:/home/chinchia120/autoware.ai/install/autoware_build_flags/lib/pkgconfig:${PKG_CONFIG_PATH} PYTHONPATH=/home/chinchia120/autoware.ai/install/vector_map_msgs/lib/python2.7/dist-packages:${PYTHONPATH} ROS_PACKAGE_PATH=/home/chinchia120/autoware.ai/install/vector_map/share:/home/chinchia120/autoware.ai/install/vector_map_msgs/share:/home/chinchia120/autoware.ai/install/autoware_build_flags/share:${ROS_PACKAGE_PATH} /usr/bin/cmake --build /home/chinchia120/autoware.ai/build/libvectormap --target install -- -j4 -l4
