[0.068s] Invoking command in '/home/chinchia120/autoware.ai/build/image_processor': CMAKE_PREFIX_PATH=/home/chinchia120/autoware.ai/install/autoware_build_flags:${CMAKE_PREFIX_PATH} PKG_CONFIG_PATH=/home/chinchia120/autoware.ai/install/autoware_build_flags/lib/x86_64-linux-gnu/pkgconfig:/home/chinchia120/autoware.ai/install/autoware_build_flags/lib/pkgconfig:${PKG_CONFIG_PATH} ROS_PACKAGE_PATH=/home/chinchia120/autoware.ai/install/autoware_build_flags/share:${ROS_PACKAGE_PATH} /usr/bin/cmake /home/chinchia120/autoware.ai/src/autoware/core_perception/image_processor -DCMAKE_BUILD_TYPE=Release -DCATKIN_INSTALL_INTO_PREFIX_ROOT=0 -DCMAKE_INSTALL_PREFIX=/home/chinchia120/autoware.ai/install/image_processor
[0.189s] -- The C compiler identification is GNU 7.5.0
[0.294s] -- The CXX compiler identification is GNU 7.5.0
[0.301s] -- Check for working C compiler: /usr/bin/cc
[0.445s] -- Check for working C compiler: /usr/bin/cc -- works
[0.446s] -- Detecting C compiler ABI info
[0.617s] -- Detecting C compiler ABI info - done
[0.634s] -- Detecting C compile features
[1.097s] -- Detecting C compile features - done
[1.102s] -- Check for working CXX compiler: /usr/bin/c++
[1.279s] -- Check for working CXX compiler: /usr/bin/c++ -- works
[1.280s] -- Detecting CXX compiler ABI info
[1.458s] -- Detecting CXX compiler ABI info - done
[1.480s] -- Detecting CXX compile features
[2.260s] -- Detecting CXX compile features - done
[2.263s] -- CUDA compilation status: 1.
[2.265s] -- Using CATKIN_DEVEL_PREFIX: /home/chinchia120/autoware.ai/build/image_processor/devel
[2.265s] -- Using CMAKE_PREFIX_PATH: /home/chinchia120/autoware.ai/install/autoware_build_flags;/home/chinchia120/catkin_ws/devel;/opt/ros/melodic
[2.266s] -- This workspace overlays: /home/chinchia120/autoware.ai/install/autoware_build_flags;/home/chinchia120/catkin_ws/devel;/opt/ros/melodic
[2.288s] -- Found PythonInterp: /usr/bin/python2 (found suitable version "2.7.17", minimum required is "2") 
[2.288s] -- Using PYTHON_EXECUTABLE: /usr/bin/python2
[2.288s] -- Using Debian Python package layout
[2.289s] -- Using empy: /usr/bin/empy
[2.546s] -- Using CATKIN_ENABLE_TESTING: ON
[2.546s] -- Call enable_testing()
[2.553s] -- Using CATKIN_TEST_RESULTS_DIR: /home/chinchia120/autoware.ai/build/image_processor/test_results
[2.587s] -- Found gtest sources under '/usr/src/googletest': gtests will be built
[2.588s] -- Found gmock sources under '/usr/src/googletest': gmock will be built
[2.611s] -- Found PythonInterp: /usr/bin/python2 (found version "2.7.17") 
[2.612s] -- Looking for pthread.h
[2.774s] -- Looking for pthread.h - found
[2.775s] -- Looking for pthread_create
[2.958s] -- Looking for pthread_create - not found
[2.958s] -- Looking for pthread_create in pthreads
[3.078s] -- Looking for pthread_create in pthreads - not found
[3.078s] -- Looking for pthread_create in pthread
[3.240s] -- Looking for pthread_create in pthread - found
[3.243s] -- Found Threads: TRUE  
[3.254s] -- Using Python nosetests: /usr/bin/nosetests-2.7
[3.341s] -- catkin 0.7.29
[3.342s] -- BUILD_SHARED_LIBS is on
[4.057s] -- Found OpenCV: /usr (found version "3.2.0") 
[4.063s] -- Configuring done
[4.142s] -- Generating done
[4.159s] -- Build files have been written to: /home/chinchia120/autoware.ai/build/image_processor
[4.171s] Invoked command in '/home/chinchia120/autoware.ai/build/image_processor' returned '0': CMAKE_PREFIX_PATH=/home/chinchia120/autoware.ai/install/autoware_build_flags:${CMAKE_PREFIX_PATH} PKG_CONFIG_PATH=/home/chinchia120/autoware.ai/install/autoware_build_flags/lib/x86_64-linux-gnu/pkgconfig:/home/chinchia120/autoware.ai/install/autoware_build_flags/lib/pkgconfig:${PKG_CONFIG_PATH} ROS_PACKAGE_PATH=/home/chinchia120/autoware.ai/install/autoware_build_flags/share:${ROS_PACKAGE_PATH} /usr/bin/cmake /home/chinchia120/autoware.ai/src/autoware/core_perception/image_processor -DCMAKE_BUILD_TYPE=Release -DCATKIN_INSTALL_INTO_PREFIX_ROOT=0 -DCMAKE_INSTALL_PREFIX=/home/chinchia120/autoware.ai/install/image_processor
[4.174s] Invoking command in '/home/chinchia120/autoware.ai/build/image_processor': CMAKE_PREFIX_PATH=/home/chinchia120/autoware.ai/install/autoware_build_flags:${CMAKE_PREFIX_PATH} PKG_CONFIG_PATH=/home/chinchia120/autoware.ai/install/autoware_build_flags/lib/x86_64-linux-gnu/pkgconfig:/home/chinchia120/autoware.ai/install/autoware_build_flags/lib/pkgconfig:${PKG_CONFIG_PATH} ROS_PACKAGE_PATH=/home/chinchia120/autoware.ai/install/autoware_build_flags/share:${ROS_PACKAGE_PATH} /usr/bin/cmake --build /home/chinchia120/autoware.ai/build/image_processor -- -j4 -l4
[4.275s] [35m[1mScanning dependencies of target image_rectifier[0m
[4.324s] [ 25%] [32mBuilding CXX object CMakeFiles/image_rectifier.dir/nodes/image_rectifier/image_rectifier_node.cpp.o[0m
[11.915s] [ 50%] [32m[1mLinking CXX executable devel/lib/image_processor/image_rectifier[0m
[12.618s] [ 50%] Built target image_rectifier
[12.647s] [35m[1mScanning dependencies of target image_rotator[0m
[12.692s] [ 75%] [32mBuilding CXX object CMakeFiles/image_rotator.dir/nodes/image_rotator/image_rotator_node.cpp.o[0m
[19.009s] [100%] [32m[1mLinking CXX executable devel/lib/image_processor/image_rotator[0m
[19.753s] [100%] Built target image_rotator
[19.786s] Invoked command in '/home/chinchia120/autoware.ai/build/image_processor' returned '0': CMAKE_PREFIX_PATH=/home/chinchia120/autoware.ai/install/autoware_build_flags:${CMAKE_PREFIX_PATH} PKG_CONFIG_PATH=/home/chinchia120/autoware.ai/install/autoware_build_flags/lib/x86_64-linux-gnu/pkgconfig:/home/chinchia120/autoware.ai/install/autoware_build_flags/lib/pkgconfig:${PKG_CONFIG_PATH} ROS_PACKAGE_PATH=/home/chinchia120/autoware.ai/install/autoware_build_flags/share:${ROS_PACKAGE_PATH} /usr/bin/cmake --build /home/chinchia120/autoware.ai/build/image_processor -- -j4 -l4
[19.975s] Invoking command in '/home/chinchia120/autoware.ai/build/image_processor': CMAKE_PREFIX_PATH=/home/chinchia120/autoware.ai/install/autoware_build_flags:${CMAKE_PREFIX_PATH} PKG_CONFIG_PATH=/home/chinchia120/autoware.ai/install/autoware_build_flags/lib/x86_64-linux-gnu/pkgconfig:/home/chinchia120/autoware.ai/install/autoware_build_flags/lib/pkgconfig:${PKG_CONFIG_PATH} ROS_PACKAGE_PATH=/home/chinchia120/autoware.ai/install/autoware_build_flags/share:${ROS_PACKAGE_PATH} /usr/bin/cmake --build /home/chinchia120/autoware.ai/build/image_processor --target tests -- -j4 -l4
[20.133s] [35m[1mScanning dependencies of target tests[0m
[20.161s] Built target tests
[20.187s] Invoked command in '/home/chinchia120/autoware.ai/build/image_processor' returned '0': CMAKE_PREFIX_PATH=/home/chinchia120/autoware.ai/install/autoware_build_flags:${CMAKE_PREFIX_PATH} PKG_CONFIG_PATH=/home/chinchia120/autoware.ai/install/autoware_build_flags/lib/x86_64-linux-gnu/pkgconfig:/home/chinchia120/autoware.ai/install/autoware_build_flags/lib/pkgconfig:${PKG_CONFIG_PATH} ROS_PACKAGE_PATH=/home/chinchia120/autoware.ai/install/autoware_build_flags/share:${ROS_PACKAGE_PATH} /usr/bin/cmake --build /home/chinchia120/autoware.ai/build/image_processor --target tests -- -j4 -l4
[20.386s] Invoking command in '/home/chinchia120/autoware.ai/build/image_processor': CMAKE_PREFIX_PATH=/home/chinchia120/autoware.ai/install/autoware_build_flags:${CMAKE_PREFIX_PATH} PKG_CONFIG_PATH=/home/chinchia120/autoware.ai/install/autoware_build_flags/lib/x86_64-linux-gnu/pkgconfig:/home/chinchia120/autoware.ai/install/autoware_build_flags/lib/pkgconfig:${PKG_CONFIG_PATH} ROS_PACKAGE_PATH=/home/chinchia120/autoware.ai/install/autoware_build_flags/share:${ROS_PACKAGE_PATH} /usr/bin/cmake --build /home/chinchia120/autoware.ai/build/image_processor --target install -- -j4 -l4
[20.553s] [ 50%] Built target image_rectifier
[20.629s] [100%] Built target image_rotator
[20.681s] [36mInstall the project...[0m
[20.704s] -- Install configuration: "Release"
[20.705s] -- Installing: /home/chinchia120/autoware.ai/install/image_processor/lib/pkgconfig/image_processor.pc
[20.706s] -- Installing: /home/chinchia120/autoware.ai/install/image_processor/share/image_processor/cmake/image_processorConfig.cmake
[20.707s] -- Installing: /home/chinchia120/autoware.ai/install/image_processor/share/image_processor/cmake/image_processorConfig-version.cmake
[20.707s] -- Installing: /home/chinchia120/autoware.ai/install/image_processor/share/image_processor/package.xml
[20.708s] -- Installing: /home/chinchia120/autoware.ai/install/image_processor/lib/image_processor/image_rotator
[20.713s] -- Set runtime path of "/home/chinchia120/autoware.ai/install/image_processor/lib/image_processor/image_rotator" to ""
[20.713s] -- Installing: /home/chinchia120/autoware.ai/install/image_processor/lib/image_processor/image_rectifier
[20.717s] -- Set runtime path of "/home/chinchia120/autoware.ai/install/image_processor/lib/image_processor/image_rectifier" to ""
[20.717s] -- Installing: /home/chinchia120/autoware.ai/install/image_processor/share/image_processor/launch/launch
[20.722s] -- Installing: /home/chinchia120/autoware.ai/install/image_processor/share/image_processor/launch/launch/image_rectifier_ladybug.launch
[20.725s] -- Installing: /home/chinchia120/autoware.ai/install/image_processor/share/image_processor/launch/launch/image_rotator.launch
[20.727s] -- Installing: /home/chinchia120/autoware.ai/install/image_processor/share/image_processor/launch/launch/image_rotator_ladybug.launch
[20.728s] -- Installing: /home/chinchia120/autoware.ai/install/image_processor/share/image_processor/launch/launch/image_rectifier.launch
[20.735s] Invoked command in '/home/chinchia120/autoware.ai/build/image_processor' returned '0': CMAKE_PREFIX_PATH=/home/chinchia120/autoware.ai/install/autoware_build_flags:${CMAKE_PREFIX_PATH} PKG_CONFIG_PATH=/home/chinchia120/autoware.ai/install/autoware_build_flags/lib/x86_64-linux-gnu/pkgconfig:/home/chinchia120/autoware.ai/install/autoware_build_flags/lib/pkgconfig:${PKG_CONFIG_PATH} ROS_PACKAGE_PATH=/home/chinchia120/autoware.ai/install/autoware_build_flags/share:${ROS_PACKAGE_PATH} /usr/bin/cmake --build /home/chinchia120/autoware.ai/build/image_processor --target install -- -j4 -l4
