[0.056s] Invoking command in '/home/chinchia120/autoware.ai/build/hokuyo': CMAKE_PREFIX_PATH=/home/chinchia120/autoware.ai/install/autoware_build_flags:${CMAKE_PREFIX_PATH} PKG_CONFIG_PATH=/home/chinchia120/autoware.ai/install/autoware_build_flags/lib/x86_64-linux-gnu/pkgconfig:/home/chinchia120/autoware.ai/install/autoware_build_flags/lib/pkgconfig:${PKG_CONFIG_PATH} ROS_PACKAGE_PATH=/home/chinchia120/autoware.ai/install/autoware_build_flags/share:${ROS_PACKAGE_PATH} /usr/bin/cmake /home/chinchia120/autoware.ai/src/drivers/awf_drivers/hokuyo -DCMAKE_BUILD_TYPE=Release -DCATKIN_INSTALL_INTO_PREFIX_ROOT=0 -DCMAKE_INSTALL_PREFIX=/home/chinchia120/autoware.ai/install/hokuyo
[0.224s] -- The C compiler identification is GNU 7.5.0
[0.368s] -- The CXX compiler identification is GNU 7.5.0
[0.379s] -- Check for working C compiler: /usr/bin/cc
[0.550s] -- Check for working C compiler: /usr/bin/cc -- works
[0.551s] -- Detecting C compiler ABI info
[0.710s] -- Detecting C compiler ABI info - done
[0.728s] -- Detecting C compile features
[1.214s] -- Detecting C compile features - done
[1.220s] -- Check for working CXX compiler: /usr/bin/c++
[1.394s] -- Check for working CXX compiler: /usr/bin/c++ -- works
[1.395s] -- Detecting CXX compiler ABI info
[1.566s] -- Detecting CXX compiler ABI info - done
[1.590s] -- Detecting CXX compile features
[2.338s] -- Detecting CXX compile features - done
[2.342s] -- CUDA compilation status: 1.
[2.345s] -- Using CATKIN_DEVEL_PREFIX: /home/chinchia120/autoware.ai/build/hokuyo/devel
[2.346s] -- Using CMAKE_PREFIX_PATH: /home/chinchia120/autoware.ai/install/autoware_build_flags;/home/chinchia120/catkin_ws/devel;/opt/ros/melodic
[2.351s] -- This workspace overlays: /home/chinchia120/autoware.ai/install/autoware_build_flags;/home/chinchia120/catkin_ws/devel;/opt/ros/melodic
[2.378s] -- Found PythonInterp: /usr/bin/python2 (found suitable version "2.7.17", minimum required is "2") 
[2.378s] -- Using PYTHON_EXECUTABLE: /usr/bin/python2
[2.379s] -- Using Debian Python package layout
[2.379s] -- Using empy: /usr/bin/empy
[2.630s] -- Using CATKIN_ENABLE_TESTING: ON
[2.630s] -- Call enable_testing()
[2.634s] -- Using CATKIN_TEST_RESULTS_DIR: /home/chinchia120/autoware.ai/build/hokuyo/test_results
[2.662s] -- Found gtest sources under '/usr/src/googletest': gtests will be built
[2.662s] -- Found gmock sources under '/usr/src/googletest': gmock will be built
[2.685s] -- Found PythonInterp: /usr/bin/python2 (found version "2.7.17") 
[2.687s] -- Looking for pthread.h
[2.839s] -- Looking for pthread.h - found
[2.840s] -- Looking for pthread_create
[2.995s] -- Looking for pthread_create - not found
[2.996s] -- Looking for pthread_create in pthreads
[3.105s] -- Looking for pthread_create in pthreads - not found
[3.105s] -- Looking for pthread_create in pthread
[3.269s] -- Looking for pthread_create in pthread - found
[3.271s] -- Found Threads: TRUE  
[3.280s] -- Using Python nosetests: /usr/bin/nosetests-2.7
[3.357s] -- catkin 0.7.29
[3.357s] -- BUILD_SHARED_LIBS is on
[3.833s] -- Boost version: 1.65.1
[3.833s] -- Found the following Boost libraries:
[3.834s] --   system
[3.834s] --   serialization
[4.134s] -- Configuring done
[4.195s] -- Generating done
[4.206s] -- Build files have been written to: /home/chinchia120/autoware.ai/build/hokuyo
[4.218s] Invoked command in '/home/chinchia120/autoware.ai/build/hokuyo' returned '0': CMAKE_PREFIX_PATH=/home/chinchia120/autoware.ai/install/autoware_build_flags:${CMAKE_PREFIX_PATH} PKG_CONFIG_PATH=/home/chinchia120/autoware.ai/install/autoware_build_flags/lib/x86_64-linux-gnu/pkgconfig:/home/chinchia120/autoware.ai/install/autoware_build_flags/lib/pkgconfig:${PKG_CONFIG_PATH} ROS_PACKAGE_PATH=/home/chinchia120/autoware.ai/install/autoware_build_flags/share:${ROS_PACKAGE_PATH} /usr/bin/cmake /home/chinchia120/autoware.ai/src/drivers/awf_drivers/hokuyo -DCMAKE_BUILD_TYPE=Release -DCATKIN_INSTALL_INTO_PREFIX_ROOT=0 -DCMAKE_INSTALL_PREFIX=/home/chinchia120/autoware.ai/install/hokuyo
[4.226s] Invoking command in '/home/chinchia120/autoware.ai/build/hokuyo': CMAKE_PREFIX_PATH=/home/chinchia120/autoware.ai/install/autoware_build_flags:${CMAKE_PREFIX_PATH} PKG_CONFIG_PATH=/home/chinchia120/autoware.ai/install/autoware_build_flags/lib/x86_64-linux-gnu/pkgconfig:/home/chinchia120/autoware.ai/install/autoware_build_flags/lib/pkgconfig:${PKG_CONFIG_PATH} ROS_PACKAGE_PATH=/home/chinchia120/autoware.ai/install/autoware_build_flags/share:${ROS_PACKAGE_PATH} /usr/bin/cmake --build /home/chinchia120/autoware.ai/build/hokuyo -- -j4 -l4
[4.330s] [35m[1mScanning dependencies of target hokuyo_3d[0m
[4.383s] [ 50%] [32mBuilding CXX object CMakeFiles/hokuyo_3d.dir/nodes/hokuyo_3d/hokuyo_3d.cpp.o[0m
[16.413s] [100%] [32m[1mLinking CXX executable devel/lib/hokuyo/hokuyo_3d[0m
[16.777s] [100%] Built target hokuyo_3d
[16.809s] Invoked command in '/home/chinchia120/autoware.ai/build/hokuyo' returned '0': CMAKE_PREFIX_PATH=/home/chinchia120/autoware.ai/install/autoware_build_flags:${CMAKE_PREFIX_PATH} PKG_CONFIG_PATH=/home/chinchia120/autoware.ai/install/autoware_build_flags/lib/x86_64-linux-gnu/pkgconfig:/home/chinchia120/autoware.ai/install/autoware_build_flags/lib/pkgconfig:${PKG_CONFIG_PATH} ROS_PACKAGE_PATH=/home/chinchia120/autoware.ai/install/autoware_build_flags/share:${ROS_PACKAGE_PATH} /usr/bin/cmake --build /home/chinchia120/autoware.ai/build/hokuyo -- -j4 -l4
[16.977s] Invoking command in '/home/chinchia120/autoware.ai/build/hokuyo': CMAKE_PREFIX_PATH=/home/chinchia120/autoware.ai/install/autoware_build_flags:${CMAKE_PREFIX_PATH} PKG_CONFIG_PATH=/home/chinchia120/autoware.ai/install/autoware_build_flags/lib/x86_64-linux-gnu/pkgconfig:/home/chinchia120/autoware.ai/install/autoware_build_flags/lib/pkgconfig:${PKG_CONFIG_PATH} ROS_PACKAGE_PATH=/home/chinchia120/autoware.ai/install/autoware_build_flags/share:${ROS_PACKAGE_PATH} /usr/bin/cmake --build /home/chinchia120/autoware.ai/build/hokuyo --target tests -- -j4 -l4
[17.124s] [35m[1mScanning dependencies of target tests[0m
[17.148s] Built target tests
[17.176s] Invoked command in '/home/chinchia120/autoware.ai/build/hokuyo' returned '0': CMAKE_PREFIX_PATH=/home/chinchia120/autoware.ai/install/autoware_build_flags:${CMAKE_PREFIX_PATH} PKG_CONFIG_PATH=/home/chinchia120/autoware.ai/install/autoware_build_flags/lib/x86_64-linux-gnu/pkgconfig:/home/chinchia120/autoware.ai/install/autoware_build_flags/lib/pkgconfig:${PKG_CONFIG_PATH} ROS_PACKAGE_PATH=/home/chinchia120/autoware.ai/install/autoware_build_flags/share:${ROS_PACKAGE_PATH} /usr/bin/cmake --build /home/chinchia120/autoware.ai/build/hokuyo --target tests -- -j4 -l4
[17.353s] Invoking command in '/home/chinchia120/autoware.ai/build/hokuyo': CMAKE_PREFIX_PATH=/home/chinchia120/autoware.ai/install/autoware_build_flags:${CMAKE_PREFIX_PATH} PKG_CONFIG_PATH=/home/chinchia120/autoware.ai/install/autoware_build_flags/lib/x86_64-linux-gnu/pkgconfig:/home/chinchia120/autoware.ai/install/autoware_build_flags/lib/pkgconfig:${PKG_CONFIG_PATH} ROS_PACKAGE_PATH=/home/chinchia120/autoware.ai/install/autoware_build_flags/share:${ROS_PACKAGE_PATH} /usr/bin/cmake --build /home/chinchia120/autoware.ai/build/hokuyo --target install -- -j4 -l4
[17.511s] [100%] Built target hokuyo_3d
[17.555s] [36mInstall the project...[0m
[17.574s] -- Install configuration: "Release"
[17.575s] -- Installing: /home/chinchia120/autoware.ai/install/hokuyo/lib/pkgconfig/hokuyo.pc
[17.575s] -- Installing: /home/chinchia120/autoware.ai/install/hokuyo/share/hokuyo/cmake/hokuyoConfig.cmake
[17.575s] -- Installing: /home/chinchia120/autoware.ai/install/hokuyo/share/hokuyo/cmake/hokuyoConfig-version.cmake
[17.575s] -- Installing: /home/chinchia120/autoware.ai/install/hokuyo/share/hokuyo/package.xml
[17.576s] -- Installing: /home/chinchia120/autoware.ai/install/hokuyo/lib/hokuyo/hokuyo_3d
[17.578s] -- Set runtime path of "/home/chinchia120/autoware.ai/install/hokuyo/lib/hokuyo/hokuyo_3d" to ""
[17.578s] -- Installing: /home/chinchia120/autoware.ai/install/hokuyo/share/hokuyo/launch
[17.582s] -- Installing: /home/chinchia120/autoware.ai/install/hokuyo/share/hokuyo/launch/hokuyo_3d.launch
[17.583s] -- Installing: /home/chinchia120/autoware.ai/install/hokuyo/share/hokuyo/launch/top_urg.launch
[17.589s] Invoked command in '/home/chinchia120/autoware.ai/build/hokuyo' returned '0': CMAKE_PREFIX_PATH=/home/chinchia120/autoware.ai/install/autoware_build_flags:${CMAKE_PREFIX_PATH} PKG_CONFIG_PATH=/home/chinchia120/autoware.ai/install/autoware_build_flags/lib/x86_64-linux-gnu/pkgconfig:/home/chinchia120/autoware.ai/install/autoware_build_flags/lib/pkgconfig:${PKG_CONFIG_PATH} ROS_PACKAGE_PATH=/home/chinchia120/autoware.ai/install/autoware_build_flags/share:${ROS_PACKAGE_PATH} /usr/bin/cmake --build /home/chinchia120/autoware.ai/build/hokuyo --target install -- -j4 -l4
