[0.111s] Invoking command in '/home/chinchia120/autoware.ai/build/naive_motion_predict': CMAKE_PREFIX_PATH=/home/chinchia120/autoware.ai/install/imm_ukf_pda_track:/home/chinchia120/autoware.ai/install/lanelet2_extension:/home/chinchia120/autoware.ai/install/lanelet2_validation:/home/chinchia120/autoware.ai/install/lanelet2_routing:/home/chinchia120/autoware.ai/install/lanelet2_projection:/home/chinchia120/autoware.ai/install/lanelet2_traffic_rules:/home/chinchia120/autoware.ai/install/lanelet2_maps:/home/chinchia120/autoware.ai/install/lanelet2_io:/home/chinchia120/autoware.ai/install/vector_map:/home/chinchia120/autoware.ai/install/lanelet2_core:/home/chinchia120/autoware.ai/install/amathutils_lib:/home/chinchia120/autoware.ai/install/vector_map_msgs:/home/chinchia120/autoware.ai/install/autoware_msgs:/home/chinchia120/autoware.ai/install/autoware_lanelet2_msgs:/home/chinchia120/autoware.ai/install/autoware_build_flags:${CMAKE_PREFIX_PATH} LD_LIBRARY_PATH=/home/chinchia120/autoware.ai/install/lanelet2_extension/lib:/home/chinchia120/autoware.ai/install/lanelet2_validation/lib:/home/chinchia120/autoware.ai/install/lanelet2_routing/lib:/home/chinchia120/autoware.ai/install/lanelet2_projection/lib:/home/chinchia120/autoware.ai/install/lanelet2_traffic_rules/lib:/home/chinchia120/autoware.ai/install/lanelet2_io/lib:/home/chinchia120/autoware.ai/install/vector_map/lib:/home/chinchia120/autoware.ai/install/lanelet2_core/lib:/home/chinchia120/autoware.ai/install/amathutils_lib/lib:${LD_LIBRARY_PATH} PKG_CONFIG_PATH=/home/chinchia120/autoware.ai/install/imm_ukf_pda_track/lib/x86_64-linux-gnu/pkgconfig:/home/chinchia120/autoware.ai/install/imm_ukf_pda_track/lib/pkgconfig:/home/chinchia120/autoware.ai/install/lanelet2_extension/lib/x86_64-linux-gnu/pkgconfig:/home/chinchia120/autoware.ai/install/lanelet2_extension/lib/pkgconfig:/home/chinchia120/autoware.ai/install/lanelet2_validation/lib/x86_64-linux-gnu/pkgconfig:/home/chinchia120/autoware.ai/install/lanelet2_validation/lib/pkgconfig:/home/chinchia120/autoware.ai/install/lanelet2_routing/lib/x86_64-linux-gnu/pkgconfig:/home/chinchia120/autoware.ai/install/lanelet2_routing/lib/pkgconfig:/home/chinchia120/autoware.ai/install/lanelet2_projection/lib/x86_64-linux-gnu/pkgconfig:/home/chinchia120/autoware.ai/install/lanelet2_projection/lib/pkgconfig:/home/chinchia120/autoware.ai/install/lanelet2_traffic_rules/lib/x86_64-linux-gnu/pkgconfig:/home/chinchia120/autoware.ai/install/lanelet2_traffic_rules/lib/pkgconfig:/home/chinchia120/autoware.ai/install/lanelet2_maps/lib/x86_64-linux-gnu/pkgconfig:/home/chinchia120/autoware.ai/install/lanelet2_maps/lib/pkgconfig:/home/chinchia120/autoware.ai/install/lanelet2_io/lib/x86_64-linux-gnu/pkgconfig:/home/chinchia120/autoware.ai/install/lanelet2_io/lib/pkgconfig:/home/chinchia120/autoware.ai/install/vector_map/lib/x86_64-linux-gnu/pkgconfig:/home/chinchia120/autoware.ai/install/vector_map/lib/pkgconfig:/home/chinchia120/autoware.ai/install/lanelet2_core/lib/x86_64-linux-gnu/pkgconfig:/home/chinchia120/autoware.ai/install/lanelet2_core/lib/pkgconfig:/home/chinchia120/autoware.ai/install/amathutils_lib/lib/x86_64-linux-gnu/pkgconfig:/home/chinchia120/autoware.ai/install/amathutils_lib/lib/pkgconfig:/home/chinchia120/autoware.ai/install/vector_map_msgs/lib/x86_64-linux-gnu/pkgconfig:/home/chinchia120/autoware.ai/install/vector_map_msgs/lib/pkgconfig:/home/chinchia120/autoware.ai/install/autoware_msgs/lib/x86_64-linux-gnu/pkgconfig:/home/chinchia120/autoware.ai/install/autoware_msgs/lib/pkgconfig:/home/chinchia120/autoware.ai/install/autoware_lanelet2_msgs/lib/x86_64-linux-gnu/pkgconfig:/home/chinchia120/autoware.ai/install/autoware_lanelet2_msgs/lib/pkgconfig:/home/chinchia120/autoware.ai/install/autoware_build_flags/lib/x86_64-linux-gnu/pkgconfig:/home/chinchia120/autoware.ai/install/autoware_build_flags/lib/pkgconfig:${PKG_CONFIG_PATH} PYTHONPATH=/home/chinchia120/autoware.ai/install/vector_map_msgs/lib/python2.7/dist-packages:/home/chinchia120/autoware.ai/install/autoware_msgs/lib/python2.7/dist-packages:/home/chinchia120/autoware.ai/install/autoware_lanelet2_msgs/lib/python2.7/dist-packages:${PYTHONPATH} ROS_PACKAGE_PATH=/home/chinchia120/autoware.ai/install/imm_ukf_pda_track/share:/home/chinchia120/autoware.ai/install/lanelet2_extension/share:/home/chinchia120/autoware.ai/install/lanelet2_validation/share:/home/chinchia120/autoware.ai/install/lanelet2_routing/share:/home/chinchia120/autoware.ai/install/lanelet2_projection/share:/home/chinchia120/autoware.ai/install/lanelet2_traffic_rules/share:/home/chinchia120/autoware.ai/install/lanelet2_maps/share:/home/chinchia120/autoware.ai/install/lanelet2_io/share:/home/chinchia120/autoware.ai/install/vector_map/share:/home/chinchia120/autoware.ai/install/lanelet2_core/share:/home/chinchia120/autoware.ai/install/amathutils_lib/share:/home/chinchia120/autoware.ai/install/vector_map_msgs/share:/home/chinchia120/autoware.ai/install/autoware_msgs/share:/home/chinchia120/autoware.ai/install/autoware_lanelet2_msgs/share:/home/chinchia120/autoware.ai/install/autoware_build_flags/share:${ROS_PACKAGE_PATH} /usr/bin/cmake /home/chinchia120/autoware.ai/src/autoware/core_perception/naive_motion_predict -DCMAKE_BUILD_TYPE=Release -DCATKIN_INSTALL_INTO_PREFIX_ROOT=0 -DCMAKE_INSTALL_PREFIX=/home/chinchia120/autoware.ai/install/naive_motion_predict
[0.274s] -- The C compiler identification is GNU 7.5.0
[0.410s] -- The CXX compiler identification is GNU 7.5.0
[0.420s] -- Check for working C compiler: /usr/bin/cc
[0.628s] -- Check for working C compiler: /usr/bin/cc -- works
[0.629s] -- Detecting C compiler ABI info
[0.830s] -- Detecting C compiler ABI info - done
[0.852s] -- Detecting C compile features
[1.365s] -- Detecting C compile features - done
[1.372s] -- Check for working CXX compiler: /usr/bin/c++
[1.532s] -- Check for working CXX compiler: /usr/bin/c++ -- works
[1.532s] -- Detecting CXX compiler ABI info
[1.716s] -- Detecting CXX compiler ABI info - done
[1.730s] -- Detecting CXX compile features
[2.495s] -- Detecting CXX compile features - done
[2.764s] -- Found PkgConfig: /usr/bin/pkg-config (found version "0.29.1") 
[2.764s] -- CUDA compilation status: 1.
[2.768s] -- Using CATKIN_DEVEL_PREFIX: /home/chinchia120/autoware.ai/build/naive_motion_predict/devel
[2.769s] -- Using CMAKE_PREFIX_PATH: /home/chinchia120/autoware.ai/install/imm_ukf_pda_track;/home/chinchia120/autoware.ai/install/lanelet2_extension;/home/chinchia120/autoware.ai/install/lanelet2_validation;/home/chinchia120/autoware.ai/install/lanelet2_routing;/home/chinchia120/autoware.ai/install/lanelet2_projection;/home/chinchia120/autoware.ai/install/lanelet2_traffic_rules;/home/chinchia120/autoware.ai/install/lanelet2_maps;/home/chinchia120/autoware.ai/install/lanelet2_io;/home/chinchia120/autoware.ai/install/vector_map;/home/chinchia120/autoware.ai/install/lanelet2_core;/home/chinchia120/autoware.ai/install/amathutils_lib;/home/chinchia120/autoware.ai/install/vector_map_msgs;/home/chinchia120/autoware.ai/install/autoware_msgs;/home/chinchia120/autoware.ai/install/autoware_lanelet2_msgs;/home/chinchia120/autoware.ai/install/autoware_build_flags;/home/chinchia120/catkin_ws/devel;/opt/ros/melodic
[2.770s] -- This workspace overlays: /home/chinchia120/autoware.ai/install/imm_ukf_pda_track;/home/chinchia120/autoware.ai/install/lanelet2_extension;/home/chinchia120/autoware.ai/install/lanelet2_validation;/home/chinchia120/autoware.ai/install/lanelet2_routing;/home/chinchia120/autoware.ai/install/lanelet2_projection;/home/chinchia120/autoware.ai/install/lanelet2_traffic_rules;/home/chinchia120/autoware.ai/install/lanelet2_maps;/home/chinchia120/autoware.ai/install/lanelet2_io;/home/chinchia120/autoware.ai/install/vector_map;/home/chinchia120/autoware.ai/install/lanelet2_core;/home/chinchia120/autoware.ai/install/amathutils_lib;/home/chinchia120/autoware.ai/install/vector_map_msgs;/home/chinchia120/autoware.ai/install/autoware_msgs;/home/chinchia120/autoware.ai/install/autoware_lanelet2_msgs;/home/chinchia120/autoware.ai/install/autoware_build_flags;/home/chinchia120/catkin_ws/devel;/opt/ros/melodic
[2.800s] -- Found PythonInterp: /usr/bin/python2 (found suitable version "2.7.17", minimum required is "2") 
[2.800s] -- Using PYTHON_EXECUTABLE: /usr/bin/python2
[2.800s] -- Using Debian Python package layout
[2.801s] -- Using empy: /usr/bin/empy
[3.060s] -- Using CATKIN_ENABLE_TESTING: ON
[3.060s] -- Call enable_testing()
[3.068s] -- Using CATKIN_TEST_RESULTS_DIR: /home/chinchia120/autoware.ai/build/naive_motion_predict/test_results
[3.103s] -- Found gtest sources under '/usr/src/googletest': gtests will be built
[3.104s] -- Found gmock sources under '/usr/src/googletest': gmock will be built
[3.132s] -- Found PythonInterp: /usr/bin/python2 (found version "2.7.17") 
[3.132s] -- Looking for pthread.h
[3.312s] -- Looking for pthread.h - found
[3.312s] -- Looking for pthread_create
[3.492s] -- Looking for pthread_create - not found
[3.492s] -- Looking for pthread_create in pthreads
[3.620s] -- Looking for pthread_create in pthreads - not found
[3.620s] -- Looking for pthread_create in pthread
[3.776s] -- Looking for pthread_create in pthread - found
[3.776s] -- Found Threads: TRUE  
[3.801s] -- Using Python nosetests: /usr/bin/nosetests-2.7
[3.893s] -- catkin 0.7.29
[3.893s] -- BUILD_SHARED_LIBS is on
[4.282s] -- Using these message generators: gencpp;geneus;genlisp;gennodejs;genpy
[5.086s] -- Configuring done
[5.208s] -- Generating done
[5.237s] -- Build files have been written to: /home/chinchia120/autoware.ai/build/naive_motion_predict
[5.244s] Invoked command in '/home/chinchia120/autoware.ai/build/naive_motion_predict' returned '0': CMAKE_PREFIX_PATH=/home/chinchia120/autoware.ai/install/imm_ukf_pda_track:/home/chinchia120/autoware.ai/install/lanelet2_extension:/home/chinchia120/autoware.ai/install/lanelet2_validation:/home/chinchia120/autoware.ai/install/lanelet2_routing:/home/chinchia120/autoware.ai/install/lanelet2_projection:/home/chinchia120/autoware.ai/install/lanelet2_traffic_rules:/home/chinchia120/autoware.ai/install/lanelet2_maps:/home/chinchia120/autoware.ai/install/lanelet2_io:/home/chinchia120/autoware.ai/install/vector_map:/home/chinchia120/autoware.ai/install/lanelet2_core:/home/chinchia120/autoware.ai/install/amathutils_lib:/home/chinchia120/autoware.ai/install/vector_map_msgs:/home/chinchia120/autoware.ai/install/autoware_msgs:/home/chinchia120/autoware.ai/install/autoware_lanelet2_msgs:/home/chinchia120/autoware.ai/install/autoware_build_flags:${CMAKE_PREFIX_PATH} LD_LIBRARY_PATH=/home/chinchia120/autoware.ai/install/lanelet2_extension/lib:/home/chinchia120/autoware.ai/install/lanelet2_validation/lib:/home/chinchia120/autoware.ai/install/lanelet2_routing/lib:/home/chinchia120/autoware.ai/install/lanelet2_projection/lib:/home/chinchia120/autoware.ai/install/lanelet2_traffic_rules/lib:/home/chinchia120/autoware.ai/install/lanelet2_io/lib:/home/chinchia120/autoware.ai/install/vector_map/lib:/home/chinchia120/autoware.ai/install/lanelet2_core/lib:/home/chinchia120/autoware.ai/install/amathutils_lib/lib:${LD_LIBRARY_PATH} PKG_CONFIG_PATH=/home/chinchia120/autoware.ai/install/imm_ukf_pda_track/lib/x86_64-linux-gnu/pkgconfig:/home/chinchia120/autoware.ai/install/imm_ukf_pda_track/lib/pkgconfig:/home/chinchia120/autoware.ai/install/lanelet2_extension/lib/x86_64-linux-gnu/pkgconfig:/home/chinchia120/autoware.ai/install/lanelet2_extension/lib/pkgconfig:/home/chinchia120/autoware.ai/install/lanelet2_validation/lib/x86_64-linux-gnu/pkgconfig:/home/chinchia120/autoware.ai/install/lanelet2_validation/lib/pkgconfig:/home/chinchia120/autoware.ai/install/lanelet2_routing/lib/x86_64-linux-gnu/pkgconfig:/home/chinchia120/autoware.ai/install/lanelet2_routing/lib/pkgconfig:/home/chinchia120/autoware.ai/install/lanelet2_projection/lib/x86_64-linux-gnu/pkgconfig:/home/chinchia120/autoware.ai/install/lanelet2_projection/lib/pkgconfig:/home/chinchia120/autoware.ai/install/lanelet2_traffic_rules/lib/x86_64-linux-gnu/pkgconfig:/home/chinchia120/autoware.ai/install/lanelet2_traffic_rules/lib/pkgconfig:/home/chinchia120/autoware.ai/install/lanelet2_maps/lib/x86_64-linux-gnu/pkgconfig:/home/chinchia120/autoware.ai/install/lanelet2_maps/lib/pkgconfig:/home/chinchia120/autoware.ai/install/lanelet2_io/lib/x86_64-linux-gnu/pkgconfig:/home/chinchia120/autoware.ai/install/lanelet2_io/lib/pkgconfig:/home/chinchia120/autoware.ai/install/vector_map/lib/x86_64-linux-gnu/pkgconfig:/home/chinchia120/autoware.ai/install/vector_map/lib/pkgconfig:/home/chinchia120/autoware.ai/install/lanelet2_core/lib/x86_64-linux-gnu/pkgconfig:/home/chinchia120/autoware.ai/install/lanelet2_core/lib/pkgconfig:/home/chinchia120/autoware.ai/install/amathutils_lib/lib/x86_64-linux-gnu/pkgconfig:/home/chinchia120/autoware.ai/install/amathutils_lib/lib/pkgconfig:/home/chinchia120/autoware.ai/install/vector_map_msgs/lib/x86_64-linux-gnu/pkgconfig:/home/chinchia120/autoware.ai/install/vector_map_msgs/lib/pkgconfig:/home/chinchia120/autoware.ai/install/autoware_msgs/lib/x86_64-linux-gnu/pkgconfig:/home/chinchia120/autoware.ai/install/autoware_msgs/lib/pkgconfig:/home/chinchia120/autoware.ai/install/autoware_lanelet2_msgs/lib/x86_64-linux-gnu/pkgconfig:/home/chinchia120/autoware.ai/install/autoware_lanelet2_msgs/lib/pkgconfig:/home/chinchia120/autoware.ai/install/autoware_build_flags/lib/x86_64-linux-gnu/pkgconfig:/home/chinchia120/autoware.ai/install/autoware_build_flags/lib/pkgconfig:${PKG_CONFIG_PATH} PYTHONPATH=/home/chinchia120/autoware.ai/install/vector_map_msgs/lib/python2.7/dist-packages:/home/chinchia120/autoware.ai/install/autoware_msgs/lib/python2.7/dist-packages:/home/chinchia120/autoware.ai/install/autoware_lanelet2_msgs/lib/python2.7/dist-packages:${PYTHONPATH} ROS_PACKAGE_PATH=/home/chinchia120/autoware.ai/install/imm_ukf_pda_track/share:/home/chinchia120/autoware.ai/install/lanelet2_extension/share:/home/chinchia120/autoware.ai/install/lanelet2_validation/share:/home/chinchia120/autoware.ai/install/lanelet2_routing/share:/home/chinchia120/autoware.ai/install/lanelet2_projection/share:/home/chinchia120/autoware.ai/install/lanelet2_traffic_rules/share:/home/chinchia120/autoware.ai/install/lanelet2_maps/share:/home/chinchia120/autoware.ai/install/lanelet2_io/share:/home/chinchia120/autoware.ai/install/vector_map/share:/home/chinchia120/autoware.ai/install/lanelet2_core/share:/home/chinchia120/autoware.ai/install/amathutils_lib/share:/home/chinchia120/autoware.ai/install/vector_map_msgs/share:/home/chinchia120/autoware.ai/install/autoware_msgs/share:/home/chinchia120/autoware.ai/install/autoware_lanelet2_msgs/share:/home/chinchia120/autoware.ai/install/autoware_build_flags/share:${ROS_PACKAGE_PATH} /usr/bin/cmake /home/chinchia120/autoware.ai/src/autoware/core_perception/naive_motion_predict -DCMAKE_BUILD_TYPE=Release -DCATKIN_INSTALL_INTO_PREFIX_ROOT=0 -DCMAKE_INSTALL_PREFIX=/home/chinchia120/autoware.ai/install/naive_motion_predict
[5.252s] Invoking command in '/home/chinchia120/autoware.ai/build/naive_motion_predict': CMAKE_PREFIX_PATH=/home/chinchia120/autoware.ai/install/imm_ukf_pda_track:/home/chinchia120/autoware.ai/install/lanelet2_extension:/home/chinchia120/autoware.ai/install/lanelet2_validation:/home/chinchia120/autoware.ai/install/lanelet2_routing:/home/chinchia120/autoware.ai/install/lanelet2_projection:/home/chinchia120/autoware.ai/install/lanelet2_traffic_rules:/home/chinchia120/autoware.ai/install/lanelet2_maps:/home/chinchia120/autoware.ai/install/lanelet2_io:/home/chinchia120/autoware.ai/install/vector_map:/home/chinchia120/autoware.ai/install/lanelet2_core:/home/chinchia120/autoware.ai/install/amathutils_lib:/home/chinchia120/autoware.ai/install/vector_map_msgs:/home/chinchia120/autoware.ai/install/autoware_msgs:/home/chinchia120/autoware.ai/install/autoware_lanelet2_msgs:/home/chinchia120/autoware.ai/install/autoware_build_flags:${CMAKE_PREFIX_PATH} LD_LIBRARY_PATH=/home/chinchia120/autoware.ai/install/lanelet2_extension/lib:/home/chinchia120/autoware.ai/install/lanelet2_validation/lib:/home/chinchia120/autoware.ai/install/lanelet2_routing/lib:/home/chinchia120/autoware.ai/install/lanelet2_projection/lib:/home/chinchia120/autoware.ai/install/lanelet2_traffic_rules/lib:/home/chinchia120/autoware.ai/install/lanelet2_io/lib:/home/chinchia120/autoware.ai/install/vector_map/lib:/home/chinchia120/autoware.ai/install/lanelet2_core/lib:/home/chinchia120/autoware.ai/install/amathutils_lib/lib:${LD_LIBRARY_PATH} PKG_CONFIG_PATH=/home/chinchia120/autoware.ai/install/imm_ukf_pda_track/lib/x86_64-linux-gnu/pkgconfig:/home/chinchia120/autoware.ai/install/imm_ukf_pda_track/lib/pkgconfig:/home/chinchia120/autoware.ai/install/lanelet2_extension/lib/x86_64-linux-gnu/pkgconfig:/home/chinchia120/autoware.ai/install/lanelet2_extension/lib/pkgconfig:/home/chinchia120/autoware.ai/install/lanelet2_validation/lib/x86_64-linux-gnu/pkgconfig:/home/chinchia120/autoware.ai/install/lanelet2_validation/lib/pkgconfig:/home/chinchia120/autoware.ai/install/lanelet2_routing/lib/x86_64-linux-gnu/pkgconfig:/home/chinchia120/autoware.ai/install/lanelet2_routing/lib/pkgconfig:/home/chinchia120/autoware.ai/install/lanelet2_projection/lib/x86_64-linux-gnu/pkgconfig:/home/chinchia120/autoware.ai/install/lanelet2_projection/lib/pkgconfig:/home/chinchia120/autoware.ai/install/lanelet2_traffic_rules/lib/x86_64-linux-gnu/pkgconfig:/home/chinchia120/autoware.ai/install/lanelet2_traffic_rules/lib/pkgconfig:/home/chinchia120/autoware.ai/install/lanelet2_maps/lib/x86_64-linux-gnu/pkgconfig:/home/chinchia120/autoware.ai/install/lanelet2_maps/lib/pkgconfig:/home/chinchia120/autoware.ai/install/lanelet2_io/lib/x86_64-linux-gnu/pkgconfig:/home/chinchia120/autoware.ai/install/lanelet2_io/lib/pkgconfig:/home/chinchia120/autoware.ai/install/vector_map/lib/x86_64-linux-gnu/pkgconfig:/home/chinchia120/autoware.ai/install/vector_map/lib/pkgconfig:/home/chinchia120/autoware.ai/install/lanelet2_core/lib/x86_64-linux-gnu/pkgconfig:/home/chinchia120/autoware.ai/install/lanelet2_core/lib/pkgconfig:/home/chinchia120/autoware.ai/install/amathutils_lib/lib/x86_64-linux-gnu/pkgconfig:/home/chinchia120/autoware.ai/install/amathutils_lib/lib/pkgconfig:/home/chinchia120/autoware.ai/install/vector_map_msgs/lib/x86_64-linux-gnu/pkgconfig:/home/chinchia120/autoware.ai/install/vector_map_msgs/lib/pkgconfig:/home/chinchia120/autoware.ai/install/autoware_msgs/lib/x86_64-linux-gnu/pkgconfig:/home/chinchia120/autoware.ai/install/autoware_msgs/lib/pkgconfig:/home/chinchia120/autoware.ai/install/autoware_lanelet2_msgs/lib/x86_64-linux-gnu/pkgconfig:/home/chinchia120/autoware.ai/install/autoware_lanelet2_msgs/lib/pkgconfig:/home/chinchia120/autoware.ai/install/autoware_build_flags/lib/x86_64-linux-gnu/pkgconfig:/home/chinchia120/autoware.ai/install/autoware_build_flags/lib/pkgconfig:${PKG_CONFIG_PATH} PYTHONPATH=/home/chinchia120/autoware.ai/install/vector_map_msgs/lib/python2.7/dist-packages:/home/chinchia120/autoware.ai/install/autoware_msgs/lib/python2.7/dist-packages:/home/chinchia120/autoware.ai/install/autoware_lanelet2_msgs/lib/python2.7/dist-packages:${PYTHONPATH} ROS_PACKAGE_PATH=/home/chinchia120/autoware.ai/install/imm_ukf_pda_track/share:/home/chinchia120/autoware.ai/install/lanelet2_extension/share:/home/chinchia120/autoware.ai/install/lanelet2_validation/share:/home/chinchia120/autoware.ai/install/lanelet2_routing/share:/home/chinchia120/autoware.ai/install/lanelet2_projection/share:/home/chinchia120/autoware.ai/install/lanelet2_traffic_rules/share:/home/chinchia120/autoware.ai/install/lanelet2_maps/share:/home/chinchia120/autoware.ai/install/lanelet2_io/share:/home/chinchia120/autoware.ai/install/vector_map/share:/home/chinchia120/autoware.ai/install/lanelet2_core/share:/home/chinchia120/autoware.ai/install/amathutils_lib/share:/home/chinchia120/autoware.ai/install/vector_map_msgs/share:/home/chinchia120/autoware.ai/install/autoware_msgs/share:/home/chinchia120/autoware.ai/install/autoware_lanelet2_msgs/share:/home/chinchia120/autoware.ai/install/autoware_build_flags/share:${ROS_PACKAGE_PATH} /usr/bin/cmake --build /home/chinchia120/autoware.ai/build/naive_motion_predict -- -j4 -l4
[5.364s] [35m[1mScanning dependencies of target vector_map_msgs_generate_messages_eus[0m
[5.394s] [  0%] Built target vector_map_msgs_generate_messages_eus
[5.425s] [35m[1mScanning dependencies of target roscpp_generate_messages_cpp[0m
[5.455s] [  0%] Built target roscpp_generate_messages_cpp
[5.493s] [35m[1mScanning dependencies of target jsk_recognition_msgs_generate_messages_eus[0m
[5.518s] [  0%] Built target jsk_recognition_msgs_generate_messages_eus
[5.571s] [35m[1mScanning dependencies of target tf2_msgs_generate_messages_cpp[0m
[5.599s] [  0%] Built target tf2_msgs_generate_messages_cpp
[5.624s] [35m[1mScanning dependencies of target std_msgs_generate_messages_py[0m
[5.662s] [  0%] Built target std_msgs_generate_messages_py
[5.687s] [35m[1mScanning dependencies of target autoware_msgs_generate_messages_py[0m
[5.733s] [  0%] Built target autoware_msgs_generate_messages_py
[5.766s] [35m[1mScanning dependencies of target autoware_msgs_generate_messages_cpp[0m
[5.801s] [  0%] Built target autoware_msgs_generate_messages_cpp
[5.828s] [35m[1mScanning dependencies of target rosgraph_msgs_generate_messages_cpp[0m
[5.859s] [  0%] Built target rosgraph_msgs_generate_messages_cpp
[5.892s] [35m[1mScanning dependencies of target pcl_msgs_generate_messages_nodejs[0m
[5.919s] [  0%] Built target pcl_msgs_generate_messages_nodejs
[5.950s] [35m[1mScanning dependencies of target jsk_recognition_msgs_generate_messages_py[0m
[5.981s] [  0%] Built target jsk_recognition_msgs_generate_messages_py
[6.335s] [35m[1mScanning dependencies of target actionlib_generate_messages_cpp[0m
[6.382s] [  0%] Built target actionlib_generate_messages_cpp
[6.413s] [35m[1mScanning dependencies of target pcl_msgs_generate_messages_eus[0m
[6.442s] [  0%] Built target pcl_msgs_generate_messages_eus
[6.465s] [35m[1mScanning dependencies of target rosgraph_msgs_generate_messages_eus[0m
[6.489s] [  0%] Built target rosgraph_msgs_generate_messages_eus
[6.512s] [35m[1mScanning dependencies of target jsk_recognition_msgs_generate_messages_lisp[0m
[6.540s] [  0%] Built target jsk_recognition_msgs_generate_messages_lisp
[6.572s] [35m[1mScanning dependencies of target sensor_msgs_generate_messages_lisp[0m
[6.608s] [  0%] Built target sensor_msgs_generate_messages_lisp
[6.638s] [35m[1mScanning dependencies of target sensor_msgs_generate_messages_py[0m
[6.668s] [  0%] Built target sensor_msgs_generate_messages_py
[6.697s] [35m[1mScanning dependencies of target tf_generate_messages_py[0m
[6.746s] [  0%] Built target tf_generate_messages_py
[6.775s] [35m[1mScanning dependencies of target vector_map_msgs_generate_messages_py[0m
[6.803s] [  0%] Built target vector_map_msgs_generate_messages_py
[6.826s] [35m[1mScanning dependencies of target vector_map_msgs_generate_messages_nodejs[0m
[6.866s] [  0%] Built target vector_map_msgs_generate_messages_nodejs
[6.897s] [35m[1mScanning dependencies of target vector_map_msgs_generate_messages_lisp[0m
[6.924s] [  0%] Built target vector_map_msgs_generate_messages_lisp
[6.954s] [35m[1mScanning dependencies of target std_msgs_generate_messages_nodejs[0m
[6.982s] [  0%] Built target std_msgs_generate_messages_nodejs
[7.011s] [35m[1mScanning dependencies of target sensor_msgs_generate_messages_eus[0m
[7.041s] [  0%] Built target sensor_msgs_generate_messages_eus
[7.071s] [35m[1mScanning dependencies of target _catkin_empty_exported_target[0m
[7.109s] [  0%] Built target _catkin_empty_exported_target
[7.146s] [35m[1mScanning dependencies of target sensor_msgs_generate_messages_cpp[0m
[7.190s] [  0%] Built target sensor_msgs_generate_messages_cpp
[7.220s] [35m[1mScanning dependencies of target std_msgs_generate_messages_cpp[0m
[7.254s] [  0%] Built target std_msgs_generate_messages_cpp
[7.285s] [35m[1mScanning dependencies of target jsk_footstep_msgs_generate_messages_py[0m
[7.339s] [  0%] Built target jsk_footstep_msgs_generate_messages_py
[7.367s] [35m[1mScanning dependencies of target visualization_msgs_generate_messages_nodejs[0m
[7.396s] [  0%] Built target visualization_msgs_generate_messages_nodejs
[7.422s] [35m[1mScanning dependencies of target actionlib_msgs_generate_messages_nodejs[0m
[7.449s] [  0%] Built target actionlib_msgs_generate_messages_nodejs
[7.484s] [35m[1mScanning dependencies of target geometry_msgs_generate_messages_eus[0m
[7.511s] [  0%] Built target geometry_msgs_generate_messages_eus
[7.538s] [35m[1mScanning dependencies of target std_msgs_generate_messages_lisp[0m
[7.565s] [  0%] Built target std_msgs_generate_messages_lisp
[7.592s] [35m[1mScanning dependencies of target roscpp_generate_messages_nodejs[0m
[7.626s] [  0%] Built target roscpp_generate_messages_nodejs
[7.662s] [35m[1mScanning dependencies of target geometry_msgs_generate_messages_nodejs[0m
[7.698s] [  0%] Built target geometry_msgs_generate_messages_nodejs
[7.726s] [35m[1mScanning dependencies of target actionlib_msgs_generate_messages_cpp[0m
[7.760s] [  0%] Built target actionlib_msgs_generate_messages_cpp
[7.796s] [35m[1mScanning dependencies of target tf_generate_messages_eus[0m
[7.826s] [  0%] Built target tf_generate_messages_eus
[7.854s] [35m[1mScanning dependencies of target tf_generate_messages_lisp[0m
[7.886s] [  0%] Built target tf_generate_messages_lisp
[7.918s] [35m[1mScanning dependencies of target tf_generate_messages_nodejs[0m
[7.958s] [  0%] Built target tf_generate_messages_nodejs
[7.987s] [35m[1mScanning dependencies of target jsk_recognition_msgs_generate_messages_nodejs[0m
[8.038s] [  0%] Built target jsk_recognition_msgs_generate_messages_nodejs
[8.065s] [35m[1mScanning dependencies of target roscpp_generate_messages_lisp[0m
[8.098s] [  0%] Built target roscpp_generate_messages_lisp
[8.127s] [35m[1mScanning dependencies of target roscpp_generate_messages_py[0m
[8.161s] [  0%] Built target roscpp_generate_messages_py
[8.200s] [35m[1mScanning dependencies of target rosgraph_msgs_generate_messages_lisp[0m
[8.240s] [  0%] Built target rosgraph_msgs_generate_messages_lisp
[8.270s] [35m[1mScanning dependencies of target rosgraph_msgs_generate_messages_nodejs[0m
[8.302s] [  0%] Built target rosgraph_msgs_generate_messages_nodejs
[8.328s] [35m[1mScanning dependencies of target roscpp_generate_messages_eus[0m
[8.363s] [  0%] Built target roscpp_generate_messages_eus
[8.394s] [35m[1mScanning dependencies of target actionlib_msgs_generate_messages_eus[0m
[8.428s] [  0%] Built target actionlib_msgs_generate_messages_eus
[8.458s] [35m[1mScanning dependencies of target rosgraph_msgs_generate_messages_py[0m
[8.492s] [  0%] Built target rosgraph_msgs_generate_messages_py
[8.526s] [35m[1mScanning dependencies of target pcl_msgs_generate_messages_py[0m
[8.554s] [  0%] Built target pcl_msgs_generate_messages_py
[8.584s] [35m[1mScanning dependencies of target actionlib_generate_messages_eus[0m
[8.629s] [  0%] Built target actionlib_generate_messages_eus
[8.662s] [35m[1mScanning dependencies of target geometry_msgs_generate_messages_cpp[0m
[8.699s] [  0%] Built target geometry_msgs_generate_messages_cpp
[8.729s] [35m[1mScanning dependencies of target actionlib_generate_messages_lisp[0m
[8.758s] [  0%] Built target actionlib_generate_messages_lisp
[8.791s] [35m[1mScanning dependencies of target pcl_msgs_generate_messages_lisp[0m
[8.931s] [  0%] Built target pcl_msgs_generate_messages_lisp
[8.962s] [35m[1mScanning dependencies of target tf_generate_messages_cpp[0m
[8.997s] [  0%] Built target tf_generate_messages_cpp
[9.031s] [35m[1mScanning dependencies of target actionlib_generate_messages_nodejs[0m
[9.065s] [  0%] Built target actionlib_generate_messages_nodejs
[9.095s] [35m[1mScanning dependencies of target tf2_msgs_generate_messages_lisp[0m
[9.130s] [  0%] Built target tf2_msgs_generate_messages_lisp
[9.162s] [35m[1mScanning dependencies of target actionlib_generate_messages_py[0m
[9.190s] [  0%] Built target actionlib_generate_messages_py
[9.218s] [35m[1mScanning dependencies of target geometry_msgs_generate_messages_lisp[0m
[9.250s] [  0%] Built target geometry_msgs_generate_messages_lisp
[9.284s] [35m[1mScanning dependencies of target pcl_msgs_generate_messages_cpp[0m
[9.313s] [  0%] Built target pcl_msgs_generate_messages_cpp
[9.367s] [35m[1mScanning dependencies of target jsk_recognition_msgs_generate_messages_cpp[0m
[9.403s] [  0%] Built target jsk_recognition_msgs_generate_messages_cpp
[9.445s] [35m[1mScanning dependencies of target autoware_msgs_generate_messages_eus[0m
[9.480s] [  0%] Built target autoware_msgs_generate_messages_eus
[9.514s] [35m[1mScanning dependencies of target autoware_msgs_generate_messages_lisp[0m
[9.544s] [  0%] Built target autoware_msgs_generate_messages_lisp
[9.570s] [35m[1mScanning dependencies of target visualization_msgs_generate_messages_lisp[0m
[9.598s] [  0%] Built target visualization_msgs_generate_messages_lisp
[9.630s] [35m[1mScanning dependencies of target std_msgs_generate_messages_eus[0m
[9.662s] [  0%] Built target std_msgs_generate_messages_eus
[9.695s] [35m[1mScanning dependencies of target autoware_msgs_generate_messages_nodejs[0m
[9.751s] [  0%] Built target autoware_msgs_generate_messages_nodejs
[9.785s] [35m[1mScanning dependencies of target jsk_footstep_msgs_generate_messages_eus[0m
[9.817s] [  0%] Built target jsk_footstep_msgs_generate_messages_eus
[9.851s] [35m[1mScanning dependencies of target actionlib_msgs_generate_messages_py[0m
[9.880s] [  0%] Built target actionlib_msgs_generate_messages_py
[9.909s] [35m[1mScanning dependencies of target jsk_footstep_msgs_generate_messages_lisp[0m
[9.943s] [  0%] Built target jsk_footstep_msgs_generate_messages_lisp
[9.970s] [35m[1mScanning dependencies of target jsk_footstep_msgs_generate_messages_nodejs[0m
[10.021s] [  0%] Built target jsk_footstep_msgs_generate_messages_nodejs
[10.058s] [35m[1mScanning dependencies of target actionlib_msgs_generate_messages_lisp[0m
[10.087s] [  0%] Built target actionlib_msgs_generate_messages_lisp
[10.124s] [35m[1mScanning dependencies of target jsk_footstep_msgs_generate_messages_cpp[0m
[10.156s] [  0%] Built target jsk_footstep_msgs_generate_messages_cpp
[10.182s] [35m[1mScanning dependencies of target tf2_msgs_generate_messages_py[0m
[10.311s] [  0%] Built target tf2_msgs_generate_messages_py
[10.350s] [35m[1mScanning dependencies of target tf2_msgs_generate_messages_nodejs[0m
[10.377s] [  0%] Built target tf2_msgs_generate_messages_nodejs
[10.400s] [35m[1mScanning dependencies of target tf2_msgs_generate_messages_eus[0m
[10.442s] [  0%] Built target tf2_msgs_generate_messages_eus
[10.475s] [35m[1mScanning dependencies of target visualization_msgs_generate_messages_cpp[0m
[10.534s] [  0%] Built target visualization_msgs_generate_messages_cpp
[10.563s] [35m[1mScanning dependencies of target visualization_msgs_generate_messages_eus[0m
[10.595s] [  0%] Built target visualization_msgs_generate_messages_eus
[10.624s] [35m[1mScanning dependencies of target visualization_msgs_generate_messages_py[0m
[10.656s] [  0%] Built target visualization_msgs_generate_messages_py
[10.683s] [35m[1mScanning dependencies of target vector_map_msgs_generate_messages_cpp[0m
[10.712s] [  0%] Built target vector_map_msgs_generate_messages_cpp
[10.743s] [35m[1mScanning dependencies of target sensor_msgs_generate_messages_nodejs[0m
[10.801s] [  0%] Built target sensor_msgs_generate_messages_nodejs
[10.835s] [35m[1mScanning dependencies of target geometry_msgs_generate_messages_py[0m
[10.862s] [  0%] Built target geometry_msgs_generate_messages_py
[10.889s] [35m[1mScanning dependencies of target naive_motion_predict[0m
[10.972s] [ 33%] [32mBuilding CXX object CMakeFiles/naive_motion_predict.dir/nodes/naive_motion_predict/naive_motion_predict_node.cpp.o[0m
[13.482s] [ 66%] [32mBuilding CXX object CMakeFiles/naive_motion_predict.dir/nodes/naive_motion_predict/naive_motion_predict.cpp.o[0m
[20.678s] [100%] [32m[1mLinking CXX executable devel/lib/naive_motion_predict/naive_motion_predict[0m
[20.963s] [100%] Built target naive_motion_predict
[20.997s] Invoked command in '/home/chinchia120/autoware.ai/build/naive_motion_predict' returned '0': CMAKE_PREFIX_PATH=/home/chinchia120/autoware.ai/install/imm_ukf_pda_track:/home/chinchia120/autoware.ai/install/lanelet2_extension:/home/chinchia120/autoware.ai/install/lanelet2_validation:/home/chinchia120/autoware.ai/install/lanelet2_routing:/home/chinchia120/autoware.ai/install/lanelet2_projection:/home/chinchia120/autoware.ai/install/lanelet2_traffic_rules:/home/chinchia120/autoware.ai/install/lanelet2_maps:/home/chinchia120/autoware.ai/install/lanelet2_io:/home/chinchia120/autoware.ai/install/vector_map:/home/chinchia120/autoware.ai/install/lanelet2_core:/home/chinchia120/autoware.ai/install/amathutils_lib:/home/chinchia120/autoware.ai/install/vector_map_msgs:/home/chinchia120/autoware.ai/install/autoware_msgs:/home/chinchia120/autoware.ai/install/autoware_lanelet2_msgs:/home/chinchia120/autoware.ai/install/autoware_build_flags:${CMAKE_PREFIX_PATH} LD_LIBRARY_PATH=/home/chinchia120/autoware.ai/install/lanelet2_extension/lib:/home/chinchia120/autoware.ai/install/lanelet2_validation/lib:/home/chinchia120/autoware.ai/install/lanelet2_routing/lib:/home/chinchia120/autoware.ai/install/lanelet2_projection/lib:/home/chinchia120/autoware.ai/install/lanelet2_traffic_rules/lib:/home/chinchia120/autoware.ai/install/lanelet2_io/lib:/home/chinchia120/autoware.ai/install/vector_map/lib:/home/chinchia120/autoware.ai/install/lanelet2_core/lib:/home/chinchia120/autoware.ai/install/amathutils_lib/lib:${LD_LIBRARY_PATH} PKG_CONFIG_PATH=/home/chinchia120/autoware.ai/install/imm_ukf_pda_track/lib/x86_64-linux-gnu/pkgconfig:/home/chinchia120/autoware.ai/install/imm_ukf_pda_track/lib/pkgconfig:/home/chinchia120/autoware.ai/install/lanelet2_extension/lib/x86_64-linux-gnu/pkgconfig:/home/chinchia120/autoware.ai/install/lanelet2_extension/lib/pkgconfig:/home/chinchia120/autoware.ai/install/lanelet2_validation/lib/x86_64-linux-gnu/pkgconfig:/home/chinchia120/autoware.ai/install/lanelet2_validation/lib/pkgconfig:/home/chinchia120/autoware.ai/install/lanelet2_routing/lib/x86_64-linux-gnu/pkgconfig:/home/chinchia120/autoware.ai/install/lanelet2_routing/lib/pkgconfig:/home/chinchia120/autoware.ai/install/lanelet2_projection/lib/x86_64-linux-gnu/pkgconfig:/home/chinchia120/autoware.ai/install/lanelet2_projection/lib/pkgconfig:/home/chinchia120/autoware.ai/install/lanelet2_traffic_rules/lib/x86_64-linux-gnu/pkgconfig:/home/chinchia120/autoware.ai/install/lanelet2_traffic_rules/lib/pkgconfig:/home/chinchia120/autoware.ai/install/lanelet2_maps/lib/x86_64-linux-gnu/pkgconfig:/home/chinchia120/autoware.ai/install/lanelet2_maps/lib/pkgconfig:/home/chinchia120/autoware.ai/install/lanelet2_io/lib/x86_64-linux-gnu/pkgconfig:/home/chinchia120/autoware.ai/install/lanelet2_io/lib/pkgconfig:/home/chinchia120/autoware.ai/install/vector_map/lib/x86_64-linux-gnu/pkgconfig:/home/chinchia120/autoware.ai/install/vector_map/lib/pkgconfig:/home/chinchia120/autoware.ai/install/lanelet2_core/lib/x86_64-linux-gnu/pkgconfig:/home/chinchia120/autoware.ai/install/lanelet2_core/lib/pkgconfig:/home/chinchia120/autoware.ai/install/amathutils_lib/lib/x86_64-linux-gnu/pkgconfig:/home/chinchia120/autoware.ai/install/amathutils_lib/lib/pkgconfig:/home/chinchia120/autoware.ai/install/vector_map_msgs/lib/x86_64-linux-gnu/pkgconfig:/home/chinchia120/autoware.ai/install/vector_map_msgs/lib/pkgconfig:/home/chinchia120/autoware.ai/install/autoware_msgs/lib/x86_64-linux-gnu/pkgconfig:/home/chinchia120/autoware.ai/install/autoware_msgs/lib/pkgconfig:/home/chinchia120/autoware.ai/install/autoware_lanelet2_msgs/lib/x86_64-linux-gnu/pkgconfig:/home/chinchia120/autoware.ai/install/autoware_lanelet2_msgs/lib/pkgconfig:/home/chinchia120/autoware.ai/install/autoware_build_flags/lib/x86_64-linux-gnu/pkgconfig:/home/chinchia120/autoware.ai/install/autoware_build_flags/lib/pkgconfig:${PKG_CONFIG_PATH} PYTHONPATH=/home/chinchia120/autoware.ai/install/vector_map_msgs/lib/python2.7/dist-packages:/home/chinchia120/autoware.ai/install/autoware_msgs/lib/python2.7/dist-packages:/home/chinchia120/autoware.ai/install/autoware_lanelet2_msgs/lib/python2.7/dist-packages:${PYTHONPATH} ROS_PACKAGE_PATH=/home/chinchia120/autoware.ai/install/imm_ukf_pda_track/share:/home/chinchia120/autoware.ai/install/lanelet2_extension/share:/home/chinchia120/autoware.ai/install/lanelet2_validation/share:/home/chinchia120/autoware.ai/install/lanelet2_routing/share:/home/chinchia120/autoware.ai/install/lanelet2_projection/share:/home/chinchia120/autoware.ai/install/lanelet2_traffic_rules/share:/home/chinchia120/autoware.ai/install/lanelet2_maps/share:/home/chinchia120/autoware.ai/install/lanelet2_io/share:/home/chinchia120/autoware.ai/install/vector_map/share:/home/chinchia120/autoware.ai/install/lanelet2_core/share:/home/chinchia120/autoware.ai/install/amathutils_lib/share:/home/chinchia120/autoware.ai/install/vector_map_msgs/share:/home/chinchia120/autoware.ai/install/autoware_msgs/share:/home/chinchia120/autoware.ai/install/autoware_lanelet2_msgs/share:/home/chinchia120/autoware.ai/install/autoware_build_flags/share:${ROS_PACKAGE_PATH} /usr/bin/cmake --build /home/chinchia120/autoware.ai/build/naive_motion_predict -- -j4 -l4
[21.368s] Invoking command in '/home/chinchia120/autoware.ai/build/naive_motion_predict': CMAKE_PREFIX_PATH=/home/chinchia120/autoware.ai/install/imm_ukf_pda_track:/home/chinchia120/autoware.ai/install/lanelet2_extension:/home/chinchia120/autoware.ai/install/lanelet2_validation:/home/chinchia120/autoware.ai/install/lanelet2_routing:/home/chinchia120/autoware.ai/install/lanelet2_projection:/home/chinchia120/autoware.ai/install/lanelet2_traffic_rules:/home/chinchia120/autoware.ai/install/lanelet2_maps:/home/chinchia120/autoware.ai/install/lanelet2_io:/home/chinchia120/autoware.ai/install/vector_map:/home/chinchia120/autoware.ai/install/lanelet2_core:/home/chinchia120/autoware.ai/install/amathutils_lib:/home/chinchia120/autoware.ai/install/vector_map_msgs:/home/chinchia120/autoware.ai/install/autoware_msgs:/home/chinchia120/autoware.ai/install/autoware_lanelet2_msgs:/home/chinchia120/autoware.ai/install/autoware_build_flags:${CMAKE_PREFIX_PATH} LD_LIBRARY_PATH=/home/chinchia120/autoware.ai/install/lanelet2_extension/lib:/home/chinchia120/autoware.ai/install/lanelet2_validation/lib:/home/chinchia120/autoware.ai/install/lanelet2_routing/lib:/home/chinchia120/autoware.ai/install/lanelet2_projection/lib:/home/chinchia120/autoware.ai/install/lanelet2_traffic_rules/lib:/home/chinchia120/autoware.ai/install/lanelet2_io/lib:/home/chinchia120/autoware.ai/install/vector_map/lib:/home/chinchia120/autoware.ai/install/lanelet2_core/lib:/home/chinchia120/autoware.ai/install/amathutils_lib/lib:${LD_LIBRARY_PATH} PKG_CONFIG_PATH=/home/chinchia120/autoware.ai/install/imm_ukf_pda_track/lib/x86_64-linux-gnu/pkgconfig:/home/chinchia120/autoware.ai/install/imm_ukf_pda_track/lib/pkgconfig:/home/chinchia120/autoware.ai/install/lanelet2_extension/lib/x86_64-linux-gnu/pkgconfig:/home/chinchia120/autoware.ai/install/lanelet2_extension/lib/pkgconfig:/home/chinchia120/autoware.ai/install/lanelet2_validation/lib/x86_64-linux-gnu/pkgconfig:/home/chinchia120/autoware.ai/install/lanelet2_validation/lib/pkgconfig:/home/chinchia120/autoware.ai/install/lanelet2_routing/lib/x86_64-linux-gnu/pkgconfig:/home/chinchia120/autoware.ai/install/lanelet2_routing/lib/pkgconfig:/home/chinchia120/autoware.ai/install/lanelet2_projection/lib/x86_64-linux-gnu/pkgconfig:/home/chinchia120/autoware.ai/install/lanelet2_projection/lib/pkgconfig:/home/chinchia120/autoware.ai/install/lanelet2_traffic_rules/lib/x86_64-linux-gnu/pkgconfig:/home/chinchia120/autoware.ai/install/lanelet2_traffic_rules/lib/pkgconfig:/home/chinchia120/autoware.ai/install/lanelet2_maps/lib/x86_64-linux-gnu/pkgconfig:/home/chinchia120/autoware.ai/install/lanelet2_maps/lib/pkgconfig:/home/chinchia120/autoware.ai/install/lanelet2_io/lib/x86_64-linux-gnu/pkgconfig:/home/chinchia120/autoware.ai/install/lanelet2_io/lib/pkgconfig:/home/chinchia120/autoware.ai/install/vector_map/lib/x86_64-linux-gnu/pkgconfig:/home/chinchia120/autoware.ai/install/vector_map/lib/pkgconfig:/home/chinchia120/autoware.ai/install/lanelet2_core/lib/x86_64-linux-gnu/pkgconfig:/home/chinchia120/autoware.ai/install/lanelet2_core/lib/pkgconfig:/home/chinchia120/autoware.ai/install/amathutils_lib/lib/x86_64-linux-gnu/pkgconfig:/home/chinchia120/autoware.ai/install/amathutils_lib/lib/pkgconfig:/home/chinchia120/autoware.ai/install/vector_map_msgs/lib/x86_64-linux-gnu/pkgconfig:/home/chinchia120/autoware.ai/install/vector_map_msgs/lib/pkgconfig:/home/chinchia120/autoware.ai/install/autoware_msgs/lib/x86_64-linux-gnu/pkgconfig:/home/chinchia120/autoware.ai/install/autoware_msgs/lib/pkgconfig:/home/chinchia120/autoware.ai/install/autoware_lanelet2_msgs/lib/x86_64-linux-gnu/pkgconfig:/home/chinchia120/autoware.ai/install/autoware_lanelet2_msgs/lib/pkgconfig:/home/chinchia120/autoware.ai/install/autoware_build_flags/lib/x86_64-linux-gnu/pkgconfig:/home/chinchia120/autoware.ai/install/autoware_build_flags/lib/pkgconfig:${PKG_CONFIG_PATH} PYTHONPATH=/home/chinchia120/autoware.ai/install/vector_map_msgs/lib/python2.7/dist-packages:/home/chinchia120/autoware.ai/install/autoware_msgs/lib/python2.7/dist-packages:/home/chinchia120/autoware.ai/install/autoware_lanelet2_msgs/lib/python2.7/dist-packages:${PYTHONPATH} ROS_PACKAGE_PATH=/home/chinchia120/autoware.ai/install/imm_ukf_pda_track/share:/home/chinchia120/autoware.ai/install/lanelet2_extension/share:/home/chinchia120/autoware.ai/install/lanelet2_validation/share:/home/chinchia120/autoware.ai/install/lanelet2_routing/share:/home/chinchia120/autoware.ai/install/lanelet2_projection/share:/home/chinchia120/autoware.ai/install/lanelet2_traffic_rules/share:/home/chinchia120/autoware.ai/install/lanelet2_maps/share:/home/chinchia120/autoware.ai/install/lanelet2_io/share:/home/chinchia120/autoware.ai/install/vector_map/share:/home/chinchia120/autoware.ai/install/lanelet2_core/share:/home/chinchia120/autoware.ai/install/amathutils_lib/share:/home/chinchia120/autoware.ai/install/vector_map_msgs/share:/home/chinchia120/autoware.ai/install/autoware_msgs/share:/home/chinchia120/autoware.ai/install/autoware_lanelet2_msgs/share:/home/chinchia120/autoware.ai/install/autoware_build_flags/share:${ROS_PACKAGE_PATH} /usr/bin/cmake --build /home/chinchia120/autoware.ai/build/naive_motion_predict --target tests -- -j4 -l4
[21.555s] [35m[1mScanning dependencies of target tests[0m
[21.587s] Built target tests
[21.618s] Invoked command in '/home/chinchia120/autoware.ai/build/naive_motion_predict' returned '0': CMAKE_PREFIX_PATH=/home/chinchia120/autoware.ai/install/imm_ukf_pda_track:/home/chinchia120/autoware.ai/install/lanelet2_extension:/home/chinchia120/autoware.ai/install/lanelet2_validation:/home/chinchia120/autoware.ai/install/lanelet2_routing:/home/chinchia120/autoware.ai/install/lanelet2_projection:/home/chinchia120/autoware.ai/install/lanelet2_traffic_rules:/home/chinchia120/autoware.ai/install/lanelet2_maps:/home/chinchia120/autoware.ai/install/lanelet2_io:/home/chinchia120/autoware.ai/install/vector_map:/home/chinchia120/autoware.ai/install/lanelet2_core:/home/chinchia120/autoware.ai/install/amathutils_lib:/home/chinchia120/autoware.ai/install/vector_map_msgs:/home/chinchia120/autoware.ai/install/autoware_msgs:/home/chinchia120/autoware.ai/install/autoware_lanelet2_msgs:/home/chinchia120/autoware.ai/install/autoware_build_flags:${CMAKE_PREFIX_PATH} LD_LIBRARY_PATH=/home/chinchia120/autoware.ai/install/lanelet2_extension/lib:/home/chinchia120/autoware.ai/install/lanelet2_validation/lib:/home/chinchia120/autoware.ai/install/lanelet2_routing/lib:/home/chinchia120/autoware.ai/install/lanelet2_projection/lib:/home/chinchia120/autoware.ai/install/lanelet2_traffic_rules/lib:/home/chinchia120/autoware.ai/install/lanelet2_io/lib:/home/chinchia120/autoware.ai/install/vector_map/lib:/home/chinchia120/autoware.ai/install/lanelet2_core/lib:/home/chinchia120/autoware.ai/install/amathutils_lib/lib:${LD_LIBRARY_PATH} PKG_CONFIG_PATH=/home/chinchia120/autoware.ai/install/imm_ukf_pda_track/lib/x86_64-linux-gnu/pkgconfig:/home/chinchia120/autoware.ai/install/imm_ukf_pda_track/lib/pkgconfig:/home/chinchia120/autoware.ai/install/lanelet2_extension/lib/x86_64-linux-gnu/pkgconfig:/home/chinchia120/autoware.ai/install/lanelet2_extension/lib/pkgconfig:/home/chinchia120/autoware.ai/install/lanelet2_validation/lib/x86_64-linux-gnu/pkgconfig:/home/chinchia120/autoware.ai/install/lanelet2_validation/lib/pkgconfig:/home/chinchia120/autoware.ai/install/lanelet2_routing/lib/x86_64-linux-gnu/pkgconfig:/home/chinchia120/autoware.ai/install/lanelet2_routing/lib/pkgconfig:/home/chinchia120/autoware.ai/install/lanelet2_projection/lib/x86_64-linux-gnu/pkgconfig:/home/chinchia120/autoware.ai/install/lanelet2_projection/lib/pkgconfig:/home/chinchia120/autoware.ai/install/lanelet2_traffic_rules/lib/x86_64-linux-gnu/pkgconfig:/home/chinchia120/autoware.ai/install/lanelet2_traffic_rules/lib/pkgconfig:/home/chinchia120/autoware.ai/install/lanelet2_maps/lib/x86_64-linux-gnu/pkgconfig:/home/chinchia120/autoware.ai/install/lanelet2_maps/lib/pkgconfig:/home/chinchia120/autoware.ai/install/lanelet2_io/lib/x86_64-linux-gnu/pkgconfig:/home/chinchia120/autoware.ai/install/lanelet2_io/lib/pkgconfig:/home/chinchia120/autoware.ai/install/vector_map/lib/x86_64-linux-gnu/pkgconfig:/home/chinchia120/autoware.ai/install/vector_map/lib/pkgconfig:/home/chinchia120/autoware.ai/install/lanelet2_core/lib/x86_64-linux-gnu/pkgconfig:/home/chinchia120/autoware.ai/install/lanelet2_core/lib/pkgconfig:/home/chinchia120/autoware.ai/install/amathutils_lib/lib/x86_64-linux-gnu/pkgconfig:/home/chinchia120/autoware.ai/install/amathutils_lib/lib/pkgconfig:/home/chinchia120/autoware.ai/install/vector_map_msgs/lib/x86_64-linux-gnu/pkgconfig:/home/chinchia120/autoware.ai/install/vector_map_msgs/lib/pkgconfig:/home/chinchia120/autoware.ai/install/autoware_msgs/lib/x86_64-linux-gnu/pkgconfig:/home/chinchia120/autoware.ai/install/autoware_msgs/lib/pkgconfig:/home/chinchia120/autoware.ai/install/autoware_lanelet2_msgs/lib/x86_64-linux-gnu/pkgconfig:/home/chinchia120/autoware.ai/install/autoware_lanelet2_msgs/lib/pkgconfig:/home/chinchia120/autoware.ai/install/autoware_build_flags/lib/x86_64-linux-gnu/pkgconfig:/home/chinchia120/autoware.ai/install/autoware_build_flags/lib/pkgconfig:${PKG_CONFIG_PATH} PYTHONPATH=/home/chinchia120/autoware.ai/install/vector_map_msgs/lib/python2.7/dist-packages:/home/chinchia120/autoware.ai/install/autoware_msgs/lib/python2.7/dist-packages:/home/chinchia120/autoware.ai/install/autoware_lanelet2_msgs/lib/python2.7/dist-packages:${PYTHONPATH} ROS_PACKAGE_PATH=/home/chinchia120/autoware.ai/install/imm_ukf_pda_track/share:/home/chinchia120/autoware.ai/install/lanelet2_extension/share:/home/chinchia120/autoware.ai/install/lanelet2_validation/share:/home/chinchia120/autoware.ai/install/lanelet2_routing/share:/home/chinchia120/autoware.ai/install/lanelet2_projection/share:/home/chinchia120/autoware.ai/install/lanelet2_traffic_rules/share:/home/chinchia120/autoware.ai/install/lanelet2_maps/share:/home/chinchia120/autoware.ai/install/lanelet2_io/share:/home/chinchia120/autoware.ai/install/vector_map/share:/home/chinchia120/autoware.ai/install/lanelet2_core/share:/home/chinchia120/autoware.ai/install/amathutils_lib/share:/home/chinchia120/autoware.ai/install/vector_map_msgs/share:/home/chinchia120/autoware.ai/install/autoware_msgs/share:/home/chinchia120/autoware.ai/install/autoware_lanelet2_msgs/share:/home/chinchia120/autoware.ai/install/autoware_build_flags/share:${ROS_PACKAGE_PATH} /usr/bin/cmake --build /home/chinchia120/autoware.ai/build/naive_motion_predict --target tests -- -j4 -l4
[21.957s] Invoking command in '/home/chinchia120/autoware.ai/build/naive_motion_predict': CMAKE_PREFIX_PATH=/home/chinchia120/autoware.ai/install/imm_ukf_pda_track:/home/chinchia120/autoware.ai/install/lanelet2_extension:/home/chinchia120/autoware.ai/install/lanelet2_validation:/home/chinchia120/autoware.ai/install/lanelet2_routing:/home/chinchia120/autoware.ai/install/lanelet2_projection:/home/chinchia120/autoware.ai/install/lanelet2_traffic_rules:/home/chinchia120/autoware.ai/install/lanelet2_maps:/home/chinchia120/autoware.ai/install/lanelet2_io:/home/chinchia120/autoware.ai/install/vector_map:/home/chinchia120/autoware.ai/install/lanelet2_core:/home/chinchia120/autoware.ai/install/amathutils_lib:/home/chinchia120/autoware.ai/install/vector_map_msgs:/home/chinchia120/autoware.ai/install/autoware_msgs:/home/chinchia120/autoware.ai/install/autoware_lanelet2_msgs:/home/chinchia120/autoware.ai/install/autoware_build_flags:${CMAKE_PREFIX_PATH} LD_LIBRARY_PATH=/home/chinchia120/autoware.ai/install/lanelet2_extension/lib:/home/chinchia120/autoware.ai/install/lanelet2_validation/lib:/home/chinchia120/autoware.ai/install/lanelet2_routing/lib:/home/chinchia120/autoware.ai/install/lanelet2_projection/lib:/home/chinchia120/autoware.ai/install/lanelet2_traffic_rules/lib:/home/chinchia120/autoware.ai/install/lanelet2_io/lib:/home/chinchia120/autoware.ai/install/vector_map/lib:/home/chinchia120/autoware.ai/install/lanelet2_core/lib:/home/chinchia120/autoware.ai/install/amathutils_lib/lib:${LD_LIBRARY_PATH} PKG_CONFIG_PATH=/home/chinchia120/autoware.ai/install/imm_ukf_pda_track/lib/x86_64-linux-gnu/pkgconfig:/home/chinchia120/autoware.ai/install/imm_ukf_pda_track/lib/pkgconfig:/home/chinchia120/autoware.ai/install/lanelet2_extension/lib/x86_64-linux-gnu/pkgconfig:/home/chinchia120/autoware.ai/install/lanelet2_extension/lib/pkgconfig:/home/chinchia120/autoware.ai/install/lanelet2_validation/lib/x86_64-linux-gnu/pkgconfig:/home/chinchia120/autoware.ai/install/lanelet2_validation/lib/pkgconfig:/home/chinchia120/autoware.ai/install/lanelet2_routing/lib/x86_64-linux-gnu/pkgconfig:/home/chinchia120/autoware.ai/install/lanelet2_routing/lib/pkgconfig:/home/chinchia120/autoware.ai/install/lanelet2_projection/lib/x86_64-linux-gnu/pkgconfig:/home/chinchia120/autoware.ai/install/lanelet2_projection/lib/pkgconfig:/home/chinchia120/autoware.ai/install/lanelet2_traffic_rules/lib/x86_64-linux-gnu/pkgconfig:/home/chinchia120/autoware.ai/install/lanelet2_traffic_rules/lib/pkgconfig:/home/chinchia120/autoware.ai/install/lanelet2_maps/lib/x86_64-linux-gnu/pkgconfig:/home/chinchia120/autoware.ai/install/lanelet2_maps/lib/pkgconfig:/home/chinchia120/autoware.ai/install/lanelet2_io/lib/x86_64-linux-gnu/pkgconfig:/home/chinchia120/autoware.ai/install/lanelet2_io/lib/pkgconfig:/home/chinchia120/autoware.ai/install/vector_map/lib/x86_64-linux-gnu/pkgconfig:/home/chinchia120/autoware.ai/install/vector_map/lib/pkgconfig:/home/chinchia120/autoware.ai/install/lanelet2_core/lib/x86_64-linux-gnu/pkgconfig:/home/chinchia120/autoware.ai/install/lanelet2_core/lib/pkgconfig:/home/chinchia120/autoware.ai/install/amathutils_lib/lib/x86_64-linux-gnu/pkgconfig:/home/chinchia120/autoware.ai/install/amathutils_lib/lib/pkgconfig:/home/chinchia120/autoware.ai/install/vector_map_msgs/lib/x86_64-linux-gnu/pkgconfig:/home/chinchia120/autoware.ai/install/vector_map_msgs/lib/pkgconfig:/home/chinchia120/autoware.ai/install/autoware_msgs/lib/x86_64-linux-gnu/pkgconfig:/home/chinchia120/autoware.ai/install/autoware_msgs/lib/pkgconfig:/home/chinchia120/autoware.ai/install/autoware_lanelet2_msgs/lib/x86_64-linux-gnu/pkgconfig:/home/chinchia120/autoware.ai/install/autoware_lanelet2_msgs/lib/pkgconfig:/home/chinchia120/autoware.ai/install/autoware_build_flags/lib/x86_64-linux-gnu/pkgconfig:/home/chinchia120/autoware.ai/install/autoware_build_flags/lib/pkgconfig:${PKG_CONFIG_PATH} PYTHONPATH=/home/chinchia120/autoware.ai/install/vector_map_msgs/lib/python2.7/dist-packages:/home/chinchia120/autoware.ai/install/autoware_msgs/lib/python2.7/dist-packages:/home/chinchia120/autoware.ai/install/autoware_lanelet2_msgs/lib/python2.7/dist-packages:${PYTHONPATH} ROS_PACKAGE_PATH=/home/chinchia120/autoware.ai/install/imm_ukf_pda_track/share:/home/chinchia120/autoware.ai/install/lanelet2_extension/share:/home/chinchia120/autoware.ai/install/lanelet2_validation/share:/home/chinchia120/autoware.ai/install/lanelet2_routing/share:/home/chinchia120/autoware.ai/install/lanelet2_projection/share:/home/chinchia120/autoware.ai/install/lanelet2_traffic_rules/share:/home/chinchia120/autoware.ai/install/lanelet2_maps/share:/home/chinchia120/autoware.ai/install/lanelet2_io/share:/home/chinchia120/autoware.ai/install/vector_map/share:/home/chinchia120/autoware.ai/install/lanelet2_core/share:/home/chinchia120/autoware.ai/install/amathutils_lib/share:/home/chinchia120/autoware.ai/install/vector_map_msgs/share:/home/chinchia120/autoware.ai/install/autoware_msgs/share:/home/chinchia120/autoware.ai/install/autoware_lanelet2_msgs/share:/home/chinchia120/autoware.ai/install/autoware_build_flags/share:${ROS_PACKAGE_PATH} /usr/bin/cmake --build /home/chinchia120/autoware.ai/build/naive_motion_predict --target install -- -j4 -l4
[22.119s] [  0%] Built target vector_map_msgs_generate_messages_eus
[22.189s] [  0%] Built target roscpp_generate_messages_cpp
[22.261s] [  0%] Built target jsk_recognition_msgs_generate_messages_eus
[22.326s] [  0%] Built target tf2_msgs_generate_messages_cpp
[22.392s] [  0%] Built target std_msgs_generate_messages_py
[22.450s] [  0%] Built target autoware_msgs_generate_messages_py
[22.509s] [  0%] Built target autoware_msgs_generate_messages_cpp
[22.561s] [  0%] Built target rosgraph_msgs_generate_messages_cpp
[22.625s] [  0%] Built target pcl_msgs_generate_messages_nodejs
[22.691s] [  0%] Built target jsk_recognition_msgs_generate_messages_py
[22.743s] [  0%] Built target actionlib_generate_messages_cpp
[22.799s] [  0%] Built target pcl_msgs_generate_messages_eus
[22.867s] [  0%] Built target rosgraph_msgs_generate_messages_eus
[22.926s] [  0%] Built target jsk_recognition_msgs_generate_messages_lisp
[22.982s] [  0%] Built target sensor_msgs_generate_messages_lisp
[23.048s] [  0%] Built target sensor_msgs_generate_messages_py
[23.112s] [  0%] Built target tf_generate_messages_py
[23.175s] [  0%] Built target vector_map_msgs_generate_messages_py
[23.242s] [  0%] Built target vector_map_msgs_generate_messages_nodejs
[23.317s] [  0%] Built target vector_map_msgs_generate_messages_lisp
[23.380s] [  0%] Built target std_msgs_generate_messages_nodejs
[23.447s] [  0%] Built target sensor_msgs_generate_messages_eus
[23.541s] [  0%] Built target _catkin_empty_exported_target
[23.616s] [  0%] Built target sensor_msgs_generate_messages_cpp
[23.676s] [  0%] Built target std_msgs_generate_messages_cpp
[23.739s] [  0%] Built target jsk_footstep_msgs_generate_messages_py
[23.812s] [  0%] Built target visualization_msgs_generate_messages_nodejs
[23.873s] [  0%] Built target actionlib_msgs_generate_messages_nodejs
[23.937s] [  0%] Built target geometry_msgs_generate_messages_eus
[24.011s] [  0%] Built target std_msgs_generate_messages_lisp
[24.080s] [  0%] Built target roscpp_generate_messages_nodejs
[24.140s] [  0%] Built target geometry_msgs_generate_messages_nodejs
[24.204s] [  0%] Built target actionlib_msgs_generate_messages_cpp
[24.274s] [  0%] Built target tf_generate_messages_eus
[24.343s] [  0%] Built target tf_generate_messages_lisp
[24.411s] [  0%] Built target tf_generate_messages_nodejs
[24.464s] [  0%] Built target jsk_recognition_msgs_generate_messages_nodejs
[24.529s] [  0%] Built target roscpp_generate_messages_lisp
[24.589s] [  0%] Built target roscpp_generate_messages_py
[24.654s] [  0%] Built target rosgraph_msgs_generate_messages_lisp
[24.712s] [  0%] Built target rosgraph_msgs_generate_messages_nodejs
[24.772s] [  0%] Built target roscpp_generate_messages_eus
[24.838s] [  0%] Built target actionlib_msgs_generate_messages_eus
[24.897s] [  0%] Built target rosgraph_msgs_generate_messages_py
[24.954s] [  0%] Built target pcl_msgs_generate_messages_py
[25.025s] [  0%] Built target actionlib_generate_messages_eus
[25.091s] [  0%] Built target geometry_msgs_generate_messages_cpp
[25.155s] [  0%] Built target actionlib_generate_messages_lisp
[25.218s] [  0%] Built target pcl_msgs_generate_messages_lisp
[25.291s] [  0%] Built target tf_generate_messages_cpp
[25.346s] [  0%] Built target actionlib_generate_messages_nodejs
[25.413s] [  0%] Built target tf2_msgs_generate_messages_lisp
[25.479s] [  0%] Built target actionlib_generate_messages_py
[25.546s] [  0%] Built target geometry_msgs_generate_messages_lisp
[25.599s] [  0%] Built target pcl_msgs_generate_messages_cpp
[25.662s] [  0%] Built target jsk_recognition_msgs_generate_messages_cpp
[25.715s] [  0%] Built target autoware_msgs_generate_messages_eus
[25.790s] [  0%] Built target autoware_msgs_generate_messages_lisp
[25.862s] [  0%] Built target visualization_msgs_generate_messages_lisp
[25.932s] [  0%] Built target std_msgs_generate_messages_eus
[26.007s] [  0%] Built target autoware_msgs_generate_messages_nodejs
[26.074s] [  0%] Built target jsk_footstep_msgs_generate_messages_eus
[26.138s] [  0%] Built target actionlib_msgs_generate_messages_py
[26.207s] [  0%] Built target jsk_footstep_msgs_generate_messages_lisp
[26.274s] [  0%] Built target jsk_footstep_msgs_generate_messages_nodejs
[26.336s] [  0%] Built target actionlib_msgs_generate_messages_lisp
[26.408s] [  0%] Built target jsk_footstep_msgs_generate_messages_cpp
[26.479s] [  0%] Built target tf2_msgs_generate_messages_py
[26.552s] [  0%] Built target tf2_msgs_generate_messages_nodejs
[26.627s] [  0%] Built target tf2_msgs_generate_messages_eus
[26.691s] [  0%] Built target visualization_msgs_generate_messages_cpp
[26.758s] [  0%] Built target visualization_msgs_generate_messages_eus
[26.820s] [  0%] Built target visualization_msgs_generate_messages_py
[26.877s] [  0%] Built target vector_map_msgs_generate_messages_cpp
[26.941s] [  0%] Built target sensor_msgs_generate_messages_nodejs
[27.014s] [  0%] Built target geometry_msgs_generate_messages_py
[27.100s] [100%] Built target naive_motion_predict
[27.161s] [36mInstall the project...[0m
[27.188s] -- Install configuration: "Release"
[27.188s] -- Installing: /home/chinchia120/autoware.ai/install/naive_motion_predict/lib/pkgconfig/naive_motion_predict.pc
[27.189s] -- Installing: /home/chinchia120/autoware.ai/install/naive_motion_predict/share/naive_motion_predict/cmake/naive_motion_predictConfig.cmake
[27.189s] -- Installing: /home/chinchia120/autoware.ai/install/naive_motion_predict/share/naive_motion_predict/cmake/naive_motion_predictConfig-version.cmake
[27.189s] -- Installing: /home/chinchia120/autoware.ai/install/naive_motion_predict/share/naive_motion_predict/package.xml
[27.190s] -- Installing: /home/chinchia120/autoware.ai/install/naive_motion_predict/lib/naive_motion_predict/naive_motion_predict
[27.191s] -- Set runtime path of "/home/chinchia120/autoware.ai/install/naive_motion_predict/lib/naive_motion_predict/naive_motion_predict" to ""
[27.192s] -- Installing: /home/chinchia120/autoware.ai/install/naive_motion_predict/share/naive_motion_predict/launch
[27.194s] -- Installing: /home/chinchia120/autoware.ai/install/naive_motion_predict/share/naive_motion_predict/launch/naive_motion_predict.launch
[27.210s] Invoked command in '/home/chinchia120/autoware.ai/build/naive_motion_predict' returned '0': CMAKE_PREFIX_PATH=/home/chinchia120/autoware.ai/install/imm_ukf_pda_track:/home/chinchia120/autoware.ai/install/lanelet2_extension:/home/chinchia120/autoware.ai/install/lanelet2_validation:/home/chinchia120/autoware.ai/install/lanelet2_routing:/home/chinchia120/autoware.ai/install/lanelet2_projection:/home/chinchia120/autoware.ai/install/lanelet2_traffic_rules:/home/chinchia120/autoware.ai/install/lanelet2_maps:/home/chinchia120/autoware.ai/install/lanelet2_io:/home/chinchia120/autoware.ai/install/vector_map:/home/chinchia120/autoware.ai/install/lanelet2_core:/home/chinchia120/autoware.ai/install/amathutils_lib:/home/chinchia120/autoware.ai/install/vector_map_msgs:/home/chinchia120/autoware.ai/install/autoware_msgs:/home/chinchia120/autoware.ai/install/autoware_lanelet2_msgs:/home/chinchia120/autoware.ai/install/autoware_build_flags:${CMAKE_PREFIX_PATH} LD_LIBRARY_PATH=/home/chinchia120/autoware.ai/install/lanelet2_extension/lib:/home/chinchia120/autoware.ai/install/lanelet2_validation/lib:/home/chinchia120/autoware.ai/install/lanelet2_routing/lib:/home/chinchia120/autoware.ai/install/lanelet2_projection/lib:/home/chinchia120/autoware.ai/install/lanelet2_traffic_rules/lib:/home/chinchia120/autoware.ai/install/lanelet2_io/lib:/home/chinchia120/autoware.ai/install/vector_map/lib:/home/chinchia120/autoware.ai/install/lanelet2_core/lib:/home/chinchia120/autoware.ai/install/amathutils_lib/lib:${LD_LIBRARY_PATH} PKG_CONFIG_PATH=/home/chinchia120/autoware.ai/install/imm_ukf_pda_track/lib/x86_64-linux-gnu/pkgconfig:/home/chinchia120/autoware.ai/install/imm_ukf_pda_track/lib/pkgconfig:/home/chinchia120/autoware.ai/install/lanelet2_extension/lib/x86_64-linux-gnu/pkgconfig:/home/chinchia120/autoware.ai/install/lanelet2_extension/lib/pkgconfig:/home/chinchia120/autoware.ai/install/lanelet2_validation/lib/x86_64-linux-gnu/pkgconfig:/home/chinchia120/autoware.ai/install/lanelet2_validation/lib/pkgconfig:/home/chinchia120/autoware.ai/install/lanelet2_routing/lib/x86_64-linux-gnu/pkgconfig:/home/chinchia120/autoware.ai/install/lanelet2_routing/lib/pkgconfig:/home/chinchia120/autoware.ai/install/lanelet2_projection/lib/x86_64-linux-gnu/pkgconfig:/home/chinchia120/autoware.ai/install/lanelet2_projection/lib/pkgconfig:/home/chinchia120/autoware.ai/install/lanelet2_traffic_rules/lib/x86_64-linux-gnu/pkgconfig:/home/chinchia120/autoware.ai/install/lanelet2_traffic_rules/lib/pkgconfig:/home/chinchia120/autoware.ai/install/lanelet2_maps/lib/x86_64-linux-gnu/pkgconfig:/home/chinchia120/autoware.ai/install/lanelet2_maps/lib/pkgconfig:/home/chinchia120/autoware.ai/install/lanelet2_io/lib/x86_64-linux-gnu/pkgconfig:/home/chinchia120/autoware.ai/install/lanelet2_io/lib/pkgconfig:/home/chinchia120/autoware.ai/install/vector_map/lib/x86_64-linux-gnu/pkgconfig:/home/chinchia120/autoware.ai/install/vector_map/lib/pkgconfig:/home/chinchia120/autoware.ai/install/lanelet2_core/lib/x86_64-linux-gnu/pkgconfig:/home/chinchia120/autoware.ai/install/lanelet2_core/lib/pkgconfig:/home/chinchia120/autoware.ai/install/amathutils_lib/lib/x86_64-linux-gnu/pkgconfig:/home/chinchia120/autoware.ai/install/amathutils_lib/lib/pkgconfig:/home/chinchia120/autoware.ai/install/vector_map_msgs/lib/x86_64-linux-gnu/pkgconfig:/home/chinchia120/autoware.ai/install/vector_map_msgs/lib/pkgconfig:/home/chinchia120/autoware.ai/install/autoware_msgs/lib/x86_64-linux-gnu/pkgconfig:/home/chinchia120/autoware.ai/install/autoware_msgs/lib/pkgconfig:/home/chinchia120/autoware.ai/install/autoware_lanelet2_msgs/lib/x86_64-linux-gnu/pkgconfig:/home/chinchia120/autoware.ai/install/autoware_lanelet2_msgs/lib/pkgconfig:/home/chinchia120/autoware.ai/install/autoware_build_flags/lib/x86_64-linux-gnu/pkgconfig:/home/chinchia120/autoware.ai/install/autoware_build_flags/lib/pkgconfig:${PKG_CONFIG_PATH} PYTHONPATH=/home/chinchia120/autoware.ai/install/vector_map_msgs/lib/python2.7/dist-packages:/home/chinchia120/autoware.ai/install/autoware_msgs/lib/python2.7/dist-packages:/home/chinchia120/autoware.ai/install/autoware_lanelet2_msgs/lib/python2.7/dist-packages:${PYTHONPATH} ROS_PACKAGE_PATH=/home/chinchia120/autoware.ai/install/imm_ukf_pda_track/share:/home/chinchia120/autoware.ai/install/lanelet2_extension/share:/home/chinchia120/autoware.ai/install/lanelet2_validation/share:/home/chinchia120/autoware.ai/install/lanelet2_routing/share:/home/chinchia120/autoware.ai/install/lanelet2_projection/share:/home/chinchia120/autoware.ai/install/lanelet2_traffic_rules/share:/home/chinchia120/autoware.ai/install/lanelet2_maps/share:/home/chinchia120/autoware.ai/install/lanelet2_io/share:/home/chinchia120/autoware.ai/install/vector_map/share:/home/chinchia120/autoware.ai/install/lanelet2_core/share:/home/chinchia120/autoware.ai/install/amathutils_lib/share:/home/chinchia120/autoware.ai/install/vector_map_msgs/share:/home/chinchia120/autoware.ai/install/autoware_msgs/share:/home/chinchia120/autoware.ai/install/autoware_lanelet2_msgs/share:/home/chinchia120/autoware.ai/install/autoware_build_flags/share:${ROS_PACKAGE_PATH} /usr/bin/cmake --build /home/chinchia120/autoware.ai/build/naive_motion_predict --target install -- -j4 -l4
