[0.044s] Invoking command in '/home/chinchia120/autoware.ai/build/adi_driver': CMAKE_PREFIX_PATH=/home/chinchia120/autoware.ai/install/autoware_build_flags:${CMAKE_PREFIX_PATH} PKG_CONFIG_PATH=/home/chinchia120/autoware.ai/install/autoware_build_flags/lib/x86_64-linux-gnu/pkgconfig:/home/chinchia120/autoware.ai/install/autoware_build_flags/lib/pkgconfig:${PKG_CONFIG_PATH} ROS_PACKAGE_PATH=/home/chinchia120/autoware.ai/install/autoware_build_flags/share:${ROS_PACKAGE_PATH} /usr/bin/cmake /home/chinchia120/autoware.ai/src/drivers/awf_drivers/analog_devices -DCMAKE_BUILD_TYPE=Release -DCATKIN_INSTALL_INTO_PREFIX_ROOT=0 -DCMAKE_INSTALL_PREFIX=/home/chinchia120/autoware.ai/install/adi_driver
[0.200s] -- The C compiler identification is GNU 7.5.0
[0.330s] -- The CXX compiler identification is GNU 7.5.0
[0.342s] -- Check for working C compiler: /usr/bin/cc
[0.490s] -- Check for working C compiler: /usr/bin/cc -- works
[0.491s] -- Detecting C compiler ABI info
[0.657s] -- Detecting C compiler ABI info - done
[0.677s] -- Detecting C compile features
[1.150s] -- Detecting C compile features - done
[1.158s] -- Check for working CXX compiler: /usr/bin/c++
[1.358s] -- Check for working CXX compiler: /usr/bin/c++ -- works
[1.359s] -- Detecting CXX compiler ABI info
[1.543s] -- Detecting CXX compiler ABI info - done
[1.562s] -- Detecting CXX compile features
[2.367s] -- Detecting CXX compile features - done
[2.371s] -- Using CATKIN_DEVEL_PREFIX: /home/chinchia120/autoware.ai/build/adi_driver/devel
[2.372s] -- Using CMAKE_PREFIX_PATH: /home/chinchia120/autoware.ai/install/autoware_build_flags;/home/chinchia120/catkin_ws/devel;/opt/ros/melodic
[2.372s] -- This workspace overlays: /home/chinchia120/autoware.ai/install/autoware_build_flags;/home/chinchia120/catkin_ws/devel;/opt/ros/melodic
[2.397s] -- Found PythonInterp: /usr/bin/python2 (found suitable version "2.7.17", minimum required is "2") 
[2.398s] -- Using PYTHON_EXECUTABLE: /usr/bin/python2
[2.400s] -- Using Debian Python package layout
[2.400s] -- Using empy: /usr/bin/empy
[2.663s] -- Using CATKIN_ENABLE_TESTING: ON
[2.664s] -- Call enable_testing()
[2.673s] -- Using CATKIN_TEST_RESULTS_DIR: /home/chinchia120/autoware.ai/build/adi_driver/test_results
[2.705s] -- Found gtest sources under '/usr/src/googletest': gtests will be built
[2.705s] -- Found gmock sources under '/usr/src/googletest': gmock will be built
[2.729s] -- Found PythonInterp: /usr/bin/python2 (found version "2.7.17") 
[2.731s] -- Looking for pthread.h
[2.897s] -- Looking for pthread.h - found
[2.897s] -- Looking for pthread_create
[3.065s] -- Looking for pthread_create - not found
[3.066s] -- Looking for pthread_create in pthreads
[3.197s] -- Looking for pthread_create in pthreads - not found
[3.197s] -- Looking for pthread_create in pthread
[3.361s] -- Looking for pthread_create in pthread - found
[3.361s] -- Found Threads: TRUE  
[3.365s] -- Using Python nosetests: /usr/bin/nosetests-2.7
[3.434s] -- catkin 0.7.29
[3.435s] -- BUILD_SHARED_LIBS is on
[4.131s] -- Configuring done
[4.191s] -- Generating done
[4.201s] -- Build files have been written to: /home/chinchia120/autoware.ai/build/adi_driver
[4.212s] Invoked command in '/home/chinchia120/autoware.ai/build/adi_driver' returned '0': CMAKE_PREFIX_PATH=/home/chinchia120/autoware.ai/install/autoware_build_flags:${CMAKE_PREFIX_PATH} PKG_CONFIG_PATH=/home/chinchia120/autoware.ai/install/autoware_build_flags/lib/x86_64-linux-gnu/pkgconfig:/home/chinchia120/autoware.ai/install/autoware_build_flags/lib/pkgconfig:${PKG_CONFIG_PATH} ROS_PACKAGE_PATH=/home/chinchia120/autoware.ai/install/autoware_build_flags/share:${ROS_PACKAGE_PATH} /usr/bin/cmake /home/chinchia120/autoware.ai/src/drivers/awf_drivers/analog_devices -DCMAKE_BUILD_TYPE=Release -DCATKIN_INSTALL_INTO_PREFIX_ROOT=0 -DCMAKE_INSTALL_PREFIX=/home/chinchia120/autoware.ai/install/adi_driver
[4.214s] Invoking command in '/home/chinchia120/autoware.ai/build/adi_driver': CMAKE_PREFIX_PATH=/home/chinchia120/autoware.ai/install/autoware_build_flags:${CMAKE_PREFIX_PATH} PKG_CONFIG_PATH=/home/chinchia120/autoware.ai/install/autoware_build_flags/lib/x86_64-linux-gnu/pkgconfig:/home/chinchia120/autoware.ai/install/autoware_build_flags/lib/pkgconfig:${PKG_CONFIG_PATH} ROS_PACKAGE_PATH=/home/chinchia120/autoware.ai/install/autoware_build_flags/share:${ROS_PACKAGE_PATH} /usr/bin/cmake --build /home/chinchia120/autoware.ai/build/adi_driver -- -j4 -l4
[4.308s] [35m[1mScanning dependencies of target adxl345_node[0m
[4.364s] [ 16%] [32mBuilding CXX object CMakeFiles/adxl345_node.dir/src/adxl345_node.cpp.o[0m
[7.614s] [ 33%] [32mBuilding CXX object CMakeFiles/adxl345_node.dir/src/adxl345.cpp.o[0m
[10.434s] [ 50%] [32m[1mLinking CXX executable devel/lib/adi_driver/adxl345_node[0m
[10.727s] [ 50%] Built target adxl345_node
[10.753s] [35m[1mScanning dependencies of target adis16470_node[0m
[10.810s] [ 66%] [32mBuilding CXX object CMakeFiles/adis16470_node.dir/src/adis16470_node.cpp.o[0m
[13.995s] [ 83%] [32mBuilding CXX object CMakeFiles/adis16470_node.dir/src/adis16470.cpp.o[0m
[14.221s] [01m[K/home/chinchia120/autoware.ai/src/drivers/awf_drivers/analog_devices/src/adis16470.cpp:[m[K In member function ‘[01m[Kint Adis16470::read_register(char, int16_t&)[m[K’:
[14.221s] [01m[K/home/chinchia120/autoware.ai/src/drivers/awf_drivers/analog_devices/src/adis16470.cpp:201:47:[m[K [01;35m[Kwarning: [m[Knarrowing conversion of ‘[01m[Kaddress[m[K’ from ‘[01m[Kchar[m[K’ to ‘[01m[Kunsigned char[m[K’ inside { } [[01;35m[K-Wnarrowing[m[K]
[14.221s]    unsigned char buff[3] = {0x61, address, 0x00[01;35m[K}[m[K;
[14.221s]                                                [01;35m[K^[m[K
[14.400s] [100%] [32m[1mLinking CXX executable devel/lib/adi_driver/adis16470_node[0m
[14.656s] [100%] Built target adis16470_node
[14.683s] Invoked command in '/home/chinchia120/autoware.ai/build/adi_driver' returned '0': CMAKE_PREFIX_PATH=/home/chinchia120/autoware.ai/install/autoware_build_flags:${CMAKE_PREFIX_PATH} PKG_CONFIG_PATH=/home/chinchia120/autoware.ai/install/autoware_build_flags/lib/x86_64-linux-gnu/pkgconfig:/home/chinchia120/autoware.ai/install/autoware_build_flags/lib/pkgconfig:${PKG_CONFIG_PATH} ROS_PACKAGE_PATH=/home/chinchia120/autoware.ai/install/autoware_build_flags/share:${ROS_PACKAGE_PATH} /usr/bin/cmake --build /home/chinchia120/autoware.ai/build/adi_driver -- -j4 -l4
[14.928s] Invoking command in '/home/chinchia120/autoware.ai/build/adi_driver': CMAKE_PREFIX_PATH=/home/chinchia120/autoware.ai/install/autoware_build_flags:${CMAKE_PREFIX_PATH} PKG_CONFIG_PATH=/home/chinchia120/autoware.ai/install/autoware_build_flags/lib/x86_64-linux-gnu/pkgconfig:/home/chinchia120/autoware.ai/install/autoware_build_flags/lib/pkgconfig:${PKG_CONFIG_PATH} ROS_PACKAGE_PATH=/home/chinchia120/autoware.ai/install/autoware_build_flags/share:${ROS_PACKAGE_PATH} /usr/bin/cmake --build /home/chinchia120/autoware.ai/build/adi_driver --target tests -- -j4 -l4
[15.090s] [35m[1mScanning dependencies of target tests[0m
[15.120s] Built target tests
[15.154s] Invoked command in '/home/chinchia120/autoware.ai/build/adi_driver' returned '0': CMAKE_PREFIX_PATH=/home/chinchia120/autoware.ai/install/autoware_build_flags:${CMAKE_PREFIX_PATH} PKG_CONFIG_PATH=/home/chinchia120/autoware.ai/install/autoware_build_flags/lib/x86_64-linux-gnu/pkgconfig:/home/chinchia120/autoware.ai/install/autoware_build_flags/lib/pkgconfig:${PKG_CONFIG_PATH} ROS_PACKAGE_PATH=/home/chinchia120/autoware.ai/install/autoware_build_flags/share:${ROS_PACKAGE_PATH} /usr/bin/cmake --build /home/chinchia120/autoware.ai/build/adi_driver --target tests -- -j4 -l4
[15.392s] Invoking command in '/home/chinchia120/autoware.ai/build/adi_driver': CMAKE_PREFIX_PATH=/home/chinchia120/autoware.ai/install/autoware_build_flags:${CMAKE_PREFIX_PATH} PKG_CONFIG_PATH=/home/chinchia120/autoware.ai/install/autoware_build_flags/lib/x86_64-linux-gnu/pkgconfig:/home/chinchia120/autoware.ai/install/autoware_build_flags/lib/pkgconfig:${PKG_CONFIG_PATH} ROS_PACKAGE_PATH=/home/chinchia120/autoware.ai/install/autoware_build_flags/share:${ROS_PACKAGE_PATH} /usr/bin/cmake --build /home/chinchia120/autoware.ai/build/adi_driver --target install -- -j4 -l4
[15.544s] [ 50%] Built target adxl345_node
[15.621s] [100%] Built target adis16470_node
[15.673s] [36mInstall the project...[0m
[15.692s] -- Install configuration: "Release"
[15.693s] -- Installing: /home/chinchia120/autoware.ai/install/adi_driver/lib/pkgconfig/adi_driver.pc
[15.694s] -- Installing: /home/chinchia120/autoware.ai/install/adi_driver/share/adi_driver/cmake/adi_driverConfig.cmake
[15.694s] -- Installing: /home/chinchia120/autoware.ai/install/adi_driver/share/adi_driver/cmake/adi_driverConfig-version.cmake
[15.695s] -- Installing: /home/chinchia120/autoware.ai/install/adi_driver/share/adi_driver/package.xml
[15.695s] -- Installing: /home/chinchia120/autoware.ai/install/adi_driver/lib/adi_driver/adis16470_node
[15.697s] -- Set runtime path of "/home/chinchia120/autoware.ai/install/adi_driver/lib/adi_driver/adis16470_node" to ""
[15.697s] -- Installing: /home/chinchia120/autoware.ai/install/adi_driver/lib/adi_driver/adxl345_node
[15.698s] -- Set runtime path of "/home/chinchia120/autoware.ai/install/adi_driver/lib/adi_driver/adxl345_node" to ""
[15.699s] -- Installing: /home/chinchia120/autoware.ai/install/adi_driver/include/adi_driver
[15.699s] -- Installing: /home/chinchia120/autoware.ai/install/adi_driver/include/adi_driver/adis16470.h
[15.700s] -- Installing: /home/chinchia120/autoware.ai/install/adi_driver/include/adi_driver/adxl345.h
[15.700s] -- Installing: /home/chinchia120/autoware.ai/install/adi_driver/share/adi_driver/launch
[15.705s] -- Installing: /home/chinchia120/autoware.ai/install/adi_driver/share/adi_driver/launch/adis16470.launch
[15.708s] -- Installing: /home/chinchia120/autoware.ai/install/adi_driver/share/adi_driver/launch/imu.rviz
[15.709s] -- Installing: /home/chinchia120/autoware.ai/install/adi_driver/share/adi_driver/launch/adxl345.launch
[15.710s] -- Installing: /home/chinchia120/autoware.ai/install/adi_driver/share/adi_driver/test
[15.710s] -- Installing: /home/chinchia120/autoware.ai/install/adi_driver/share/adi_driver/test/test_adis16470.py
[15.712s] -- Installing: /home/chinchia120/autoware.ai/install/adi_driver/share/adi_driver/test/test_adxl345.py
[15.713s] -- Installing: /home/chinchia120/autoware.ai/install/adi_driver/share/adi_driver/urdf
[15.714s] -- Installing: /home/chinchia120/autoware.ai/install/adi_driver/share/adi_driver/urdf/adis16470_breakout.urdf
[15.723s] Invoked command in '/home/chinchia120/autoware.ai/build/adi_driver' returned '0': CMAKE_PREFIX_PATH=/home/chinchia120/autoware.ai/install/autoware_build_flags:${CMAKE_PREFIX_PATH} PKG_CONFIG_PATH=/home/chinchia120/autoware.ai/install/autoware_build_flags/lib/x86_64-linux-gnu/pkgconfig:/home/chinchia120/autoware.ai/install/autoware_build_flags/lib/pkgconfig:${PKG_CONFIG_PATH} ROS_PACKAGE_PATH=/home/chinchia120/autoware.ai/install/autoware_build_flags/share:${ROS_PACKAGE_PATH} /usr/bin/cmake --build /home/chinchia120/autoware.ai/build/adi_driver --target install -- -j4 -l4
