Determining if the pthread_create exist failed with the following output:
Change Dir: /home/chinchia120/autoware.ai/build/autoware_external_msgs/CMakeFiles/CMakeTmp

Run Build Command:"/usr/bin/make" "cmTC_91937/fast"
/usr/bin/make -f CMakeFiles/cmTC_91937.dir/build.make CMakeFiles/cmTC_91937.dir/build
make[1]: Entering directory '/home/chinchia120/autoware.ai/build/autoware_external_msgs/CMakeFiles/CMakeTmp'
Building C object CMakeFiles/cmTC_91937.dir/CheckSymbolExists.c.o
/usr/bin/cc    -o CMakeFiles/cmTC_91937.dir/CheckSymbolExists.c.o   -c /home/chinchia120/autoware.ai/build/autoware_external_msgs/CMakeFiles/CMakeTmp/CheckSymbolExists.c
Linking C executable cmTC_91937
/usr/bin/cmake -E cmake_link_script CMakeFiles/cmTC_91937.dir/link.txt --verbose=1
/usr/bin/cc      -rdynamic CMakeFiles/cmTC_91937.dir/CheckSymbolExists.c.o  -o cmTC_91937 
CMakeFiles/cmTC_91937.dir/CheckSymbolExists.c.o: In function `main':
CheckSymbolExists.c:(.text+0x1b): undefined reference to `pthread_create'
collect2: error: ld returned 1 exit status
CMakeFiles/cmTC_91937.dir/build.make:97: recipe for target 'cmTC_91937' failed
make[1]: *** [cmTC_91937] Error 1
make[1]: Leaving directory '/home/chinchia120/autoware.ai/build/autoware_external_msgs/CMakeFiles/CMakeTmp'
Makefile:126: recipe for target 'cmTC_91937/fast' failed
make: *** [cmTC_91937/fast] Error 2

File /home/chinchia120/autoware.ai/build/autoware_external_msgs/CMakeFiles/CMakeTmp/CheckSymbolExists.c:
/* */
#include <pthread.h>

int main(int argc, char** argv)
{
  (void)argv;
#ifndef pthread_create
  return ((int*)(&pthread_create))[argc];
#else
  (void)argc;
  return 0;
#endif
}

Determining if the function pthread_create exists in the pthreads failed with the following output:
Change Dir: /home/chinchia120/autoware.ai/build/autoware_external_msgs/CMakeFiles/CMakeTmp

Run Build Command:"/usr/bin/make" "cmTC_f69cd/fast"
/usr/bin/make -f CMakeFiles/cmTC_f69cd.dir/build.make CMakeFiles/cmTC_f69cd.dir/build
make[1]: Entering directory '/home/chinchia120/autoware.ai/build/autoware_external_msgs/CMakeFiles/CMakeTmp'
Building C object CMakeFiles/cmTC_f69cd.dir/CheckFunctionExists.c.o
/usr/bin/cc   -DCHECK_FUNCTION_EXISTS=pthread_create   -o CMakeFiles/cmTC_f69cd.dir/CheckFunctionExists.c.o   -c /usr/share/cmake-3.10/Modules/CheckFunctionExists.c
Linking C executable cmTC_f69cd
/usr/bin/cmake -E cmake_link_script CMakeFiles/cmTC_f69cd.dir/link.txt --verbose=1
/usr/bin/cc  -DCHECK_FUNCTION_EXISTS=pthread_create    -rdynamic CMakeFiles/cmTC_f69cd.dir/CheckFunctionExists.c.o  -o cmTC_f69cd -lpthreads 
/usr/bin/ld: cannot find -lpthreads
collect2: error: ld returned 1 exit status
CMakeFiles/cmTC_f69cd.dir/build.make:97: recipe for target 'cmTC_f69cd' failed
make[1]: *** [cmTC_f69cd] Error 1
make[1]: Leaving directory '/home/chinchia120/autoware.ai/build/autoware_external_msgs/CMakeFiles/CMakeTmp'
Makefile:126: recipe for target 'cmTC_f69cd/fast' failed
make: *** [cmTC_f69cd/fast] Error 2


