[0.037s] Invoking command in '/home/chinchia120/autoware.ai/build/vehicle_gazebo_simulation_launcher': /usr/bin/cmake /home/chinchia120/autoware.ai/src/autoware/simulation/vehicle_gazebo_simulation_launcher -DCMAKE_BUILD_TYPE=Release -DCATKIN_INSTALL_INTO_PREFIX_ROOT=0 -DCMAKE_INSTALL_PREFIX=/home/chinchia120/autoware.ai/install/vehicle_gazebo_simulation_launcher
[0.181s] -- The C compiler identification is GNU 7.5.0
[0.310s] -- The CXX compiler identification is GNU 7.5.0
[0.319s] -- Check for working C compiler: /usr/bin/cc
[0.493s] -- Check for working C compiler: /usr/bin/cc -- works
[0.495s] -- Detecting C compiler ABI info
[0.642s] -- Detecting C compiler ABI info - done
[0.666s] -- Detecting C compile features
[1.144s] -- Detecting C compile features - done
[1.149s] -- Check for working CXX compiler: /usr/bin/c++
[1.315s] -- Check for working CXX compiler: /usr/bin/c++ -- works
[1.316s] -- Detecting CXX compiler ABI info
[1.474s] -- Detecting CXX compiler ABI info - done
[1.491s] -- Detecting CXX compile features
[2.260s] -- Detecting CXX compile features - done
[2.263s] -- Using CATKIN_DEVEL_PREFIX: /home/chinchia120/autoware.ai/build/vehicle_gazebo_simulation_launcher/devel
[2.268s] -- Using CMAKE_PREFIX_PATH: /home/chinchia120/catkin_ws/devel;/opt/ros/melodic
[2.269s] -- This workspace overlays: /home/chinchia120/catkin_ws/devel;/opt/ros/melodic
[2.302s] -- Found PythonInterp: /usr/bin/python2 (found suitable version "2.7.17", minimum required is "2") 
[2.302s] -- Using PYTHON_EXECUTABLE: /usr/bin/python2
[2.302s] -- Using Debian Python package layout
[2.303s] -- Using empy: /usr/bin/empy
[2.599s] -- Using CATKIN_ENABLE_TESTING: ON
[2.599s] -- Call enable_testing()
[2.603s] -- Using CATKIN_TEST_RESULTS_DIR: /home/chinchia120/autoware.ai/build/vehicle_gazebo_simulation_launcher/test_results
[2.648s] -- Found gtest sources under '/usr/src/googletest': gtests will be built
[2.648s] -- Found gmock sources under '/usr/src/googletest': gmock will be built
[2.673s] -- Found PythonInterp: /usr/bin/python2 (found version "2.7.17") 
[2.675s] -- Looking for pthread.h
[2.831s] -- Looking for pthread.h - found
[2.832s] -- Looking for pthread_create
[2.986s] -- Looking for pthread_create - not found
[2.987s] -- Looking for pthread_create in pthreads
[3.127s] -- Looking for pthread_create in pthreads - not found
[3.127s] -- Looking for pthread_create in pthread
[3.301s] -- Looking for pthread_create in pthread - found
[3.304s] -- Found Threads: TRUE  
[3.314s] -- Using Python nosetests: /usr/bin/nosetests-2.7
[3.404s] -- catkin 0.7.29
[3.405s] -- BUILD_SHARED_LIBS is on
[4.031s] -- Using these message generators: gencpp;geneus;genlisp;gennodejs;genpy
[4.651s] -- Configuring done
[4.708s] -- Generating done
[4.723s] -- Build files have been written to: /home/chinchia120/autoware.ai/build/vehicle_gazebo_simulation_launcher
[4.735s] Invoked command in '/home/chinchia120/autoware.ai/build/vehicle_gazebo_simulation_launcher' returned '0': /usr/bin/cmake /home/chinchia120/autoware.ai/src/autoware/simulation/vehicle_gazebo_simulation_launcher -DCMAKE_BUILD_TYPE=Release -DCATKIN_INSTALL_INTO_PREFIX_ROOT=0 -DCMAKE_INSTALL_PREFIX=/home/chinchia120/autoware.ai/install/vehicle_gazebo_simulation_launcher
[4.738s] Invoking command in '/home/chinchia120/autoware.ai/build/vehicle_gazebo_simulation_launcher': /usr/bin/cmake --build /home/chinchia120/autoware.ai/build/vehicle_gazebo_simulation_launcher -- -j4 -l4
[4.835s] Invoked command in '/home/chinchia120/autoware.ai/build/vehicle_gazebo_simulation_launcher' returned '0': /usr/bin/cmake --build /home/chinchia120/autoware.ai/build/vehicle_gazebo_simulation_launcher -- -j4 -l4
[5.040s] Invoking command in '/home/chinchia120/autoware.ai/build/vehicle_gazebo_simulation_launcher': /usr/bin/cmake --build /home/chinchia120/autoware.ai/build/vehicle_gazebo_simulation_launcher --target tests -- -j4 -l4
[5.177s] [35m[1mScanning dependencies of target tests[0m
[5.198s] Built target tests
[5.229s] Invoked command in '/home/chinchia120/autoware.ai/build/vehicle_gazebo_simulation_launcher' returned '0': /usr/bin/cmake --build /home/chinchia120/autoware.ai/build/vehicle_gazebo_simulation_launcher --target tests -- -j4 -l4
[5.440s] Invoking command in '/home/chinchia120/autoware.ai/build/vehicle_gazebo_simulation_launcher': /usr/bin/cmake --build /home/chinchia120/autoware.ai/build/vehicle_gazebo_simulation_launcher --target install -- -j4 -l4
[5.582s] [36mInstall the project...[0m
[5.602s] -- Install configuration: "Release"
[5.602s] -- Installing: /home/chinchia120/autoware.ai/install/vehicle_gazebo_simulation_launcher/lib/pkgconfig/vehicle_gazebo_simulation_launcher.pc
[5.603s] -- Installing: /home/chinchia120/autoware.ai/install/vehicle_gazebo_simulation_launcher/share/vehicle_gazebo_simulation_launcher/cmake/vehicle_gazebo_simulation_launcherConfig.cmake
[5.604s] -- Installing: /home/chinchia120/autoware.ai/install/vehicle_gazebo_simulation_launcher/share/vehicle_gazebo_simulation_launcher/cmake/vehicle_gazebo_simulation_launcherConfig-version.cmake
[5.604s] -- Installing: /home/chinchia120/autoware.ai/install/vehicle_gazebo_simulation_launcher/share/vehicle_gazebo_simulation_launcher/package.xml
[5.605s] -- Installing: /home/chinchia120/autoware.ai/install/vehicle_gazebo_simulation_launcher/share/vehicle_gazebo_simulation_launcher/launch
[5.612s] -- Installing: /home/chinchia120/autoware.ai/install/vehicle_gazebo_simulation_launcher/share/vehicle_gazebo_simulation_launcher/launch/world_test.launch
[5.613s] -- Installing: /home/chinchia120/autoware.ai/install/vehicle_gazebo_simulation_launcher/share/vehicle_gazebo_simulation_launcher/launch/rviz_test.launch
[5.613s] -- Installing: /home/chinchia120/autoware.ai/install/vehicle_gazebo_simulation_launcher/share/vehicle_gazebo_simulation_launcher/launch/gazebo_launcher.launch
[5.615s] -- Installing: /home/chinchia120/autoware.ai/install/vehicle_gazebo_simulation_launcher/share/vehicle_gazebo_simulation_launcher/scripts
[5.616s] -- Installing: /home/chinchia120/autoware.ai/install/vehicle_gazebo_simulation_launcher/share/vehicle_gazebo_simulation_launcher/scripts/setup.sh
[5.617s] -- Installing: /home/chinchia120/autoware.ai/install/vehicle_gazebo_simulation_launcher/share/vehicle_gazebo_simulation_launcher/scripts/upgrade_gazebo_stable_version.sh
[5.619s] -- Installing: /home/chinchia120/autoware.ai/install/vehicle_gazebo_simulation_launcher/share/vehicle_gazebo_simulation_launcher/scripts/download_model.sh
[5.630s] Invoked command in '/home/chinchia120/autoware.ai/build/vehicle_gazebo_simulation_launcher' returned '0': /usr/bin/cmake --build /home/chinchia120/autoware.ai/build/vehicle_gazebo_simulation_launcher --target install -- -j4 -l4
