[0.099s] Invoking command in '/home/chinchia120/autoware.ai/build/mqtt_socket': CMAKE_PREFIX_PATH=/home/chinchia120/autoware.ai/install/tablet_socket_msgs:/home/chinchia120/autoware.ai/install/autoware_msgs:/home/chinchia120/autoware.ai/install/autoware_can_msgs:/home/chinchia120/autoware.ai/install/autoware_build_flags:${CMAKE_PREFIX_PATH} PKG_CONFIG_PATH=/home/chinchia120/autoware.ai/install/tablet_socket_msgs/lib/x86_64-linux-gnu/pkgconfig:/home/chinchia120/autoware.ai/install/tablet_socket_msgs/lib/pkgconfig:/home/chinchia120/autoware.ai/install/autoware_msgs/lib/x86_64-linux-gnu/pkgconfig:/home/chinchia120/autoware.ai/install/autoware_msgs/lib/pkgconfig:/home/chinchia120/autoware.ai/install/autoware_can_msgs/lib/x86_64-linux-gnu/pkgconfig:/home/chinchia120/autoware.ai/install/autoware_can_msgs/lib/pkgconfig:/home/chinchia120/autoware.ai/install/autoware_build_flags/lib/x86_64-linux-gnu/pkgconfig:/home/chinchia120/autoware.ai/install/autoware_build_flags/lib/pkgconfig:${PKG_CONFIG_PATH} PYTHONPATH=/home/chinchia120/autoware.ai/install/tablet_socket_msgs/lib/python2.7/dist-packages:/home/chinchia120/autoware.ai/install/autoware_msgs/lib/python2.7/dist-packages:/home/chinchia120/autoware.ai/install/autoware_can_msgs/lib/python2.7/dist-packages:${PYTHONPATH} ROS_PACKAGE_PATH=/home/chinchia120/autoware.ai/install/tablet_socket_msgs/share:/home/chinchia120/autoware.ai/install/autoware_msgs/share:/home/chinchia120/autoware.ai/install/autoware_can_msgs/share:/home/chinchia120/autoware.ai/install/autoware_build_flags/share:${ROS_PACKAGE_PATH} /usr/bin/cmake /home/chinchia120/autoware.ai/src/autoware/utilities/mqtt_socket -DCMAKE_BUILD_TYPE=Release -DCATKIN_INSTALL_INTO_PREFIX_ROOT=0 -DCMAKE_INSTALL_PREFIX=/home/chinchia120/autoware.ai/install/mqtt_socket
[0.244s] -- The C compiler identification is GNU 7.5.0
[0.365s] -- The CXX compiler identification is GNU 7.5.0
[0.373s] -- Check for working C compiler: /usr/bin/cc
[0.515s] -- Check for working C compiler: /usr/bin/cc -- works
[0.516s] -- Detecting C compiler ABI info
[0.660s] -- Detecting C compiler ABI info - done
[0.676s] -- Detecting C compile features
[1.111s] -- Detecting C compile features - done
[1.117s] -- Check for working CXX compiler: /usr/bin/c++
[1.297s] -- Check for working CXX compiler: /usr/bin/c++ -- works
[1.297s] -- Detecting CXX compiler ABI info
[1.498s] -- Detecting CXX compiler ABI info - done
[1.514s] -- Detecting CXX compile features
[2.245s] -- Detecting CXX compile features - done
[2.249s] -- CUDA compilation status: 1.
[2.252s] -- Using CATKIN_DEVEL_PREFIX: /home/chinchia120/autoware.ai/build/mqtt_socket/devel
[2.253s] -- Using CMAKE_PREFIX_PATH: /home/chinchia120/autoware.ai/install/tablet_socket_msgs;/home/chinchia120/autoware.ai/install/autoware_msgs;/home/chinchia120/autoware.ai/install/autoware_can_msgs;/home/chinchia120/autoware.ai/install/autoware_build_flags;/home/chinchia120/catkin_ws/devel;/opt/ros/melodic
[2.254s] -- This workspace overlays: /home/chinchia120/autoware.ai/install/tablet_socket_msgs;/home/chinchia120/autoware.ai/install/autoware_msgs;/home/chinchia120/autoware.ai/install/autoware_can_msgs;/home/chinchia120/autoware.ai/install/autoware_build_flags;/home/chinchia120/catkin_ws/devel;/opt/ros/melodic
[2.288s] -- Found PythonInterp: /usr/bin/python2 (found suitable version "2.7.17", minimum required is "2") 
[2.288s] -- Using PYTHON_EXECUTABLE: /usr/bin/python2
[2.289s] -- Using Debian Python package layout
[2.290s] -- Using empy: /usr/bin/empy
[2.559s] -- Using CATKIN_ENABLE_TESTING: ON
[2.559s] -- Call enable_testing()
[2.567s] -- Using CATKIN_TEST_RESULTS_DIR: /home/chinchia120/autoware.ai/build/mqtt_socket/test_results
[2.608s] -- Found gtest sources under '/usr/src/googletest': gtests will be built
[2.609s] -- Found gmock sources under '/usr/src/googletest': gmock will be built
[2.640s] -- Found PythonInterp: /usr/bin/python2 (found version "2.7.17") 
[2.642s] -- Looking for pthread.h
[2.828s] -- Looking for pthread.h - found
[2.829s] -- Looking for pthread_create
[2.995s] -- Looking for pthread_create - not found
[2.996s] -- Looking for pthread_create in pthreads
[3.147s] -- Looking for pthread_create in pthreads - not found
[3.148s] -- Looking for pthread_create in pthread
[3.306s] -- Looking for pthread_create in pthread - found
[3.309s] -- Found Threads: TRUE  
[3.320s] -- Using Python nosetests: /usr/bin/nosetests-2.7
[3.408s] -- catkin 0.7.29
[3.409s] -- BUILD_SHARED_LIBS is on
[3.798s] -- Using these message generators: gencpp;geneus;genlisp;gennodejs;genpy
[4.027s] -- Found MOSQUITTO: /usr/lib/x86_64-linux-gnu/libmosquitto.so  
[4.027s] -- libmosquitto include dir: /usr/include
[4.028s] -- libmosquitto: /usr/lib/x86_64-linux-gnu/libmosquitto.so
[4.305s] -- Configuring done
[4.398s] -- Generating done
[4.423s] -- Build files have been written to: /home/chinchia120/autoware.ai/build/mqtt_socket
[4.438s] Invoked command in '/home/chinchia120/autoware.ai/build/mqtt_socket' returned '0': CMAKE_PREFIX_PATH=/home/chinchia120/autoware.ai/install/tablet_socket_msgs:/home/chinchia120/autoware.ai/install/autoware_msgs:/home/chinchia120/autoware.ai/install/autoware_can_msgs:/home/chinchia120/autoware.ai/install/autoware_build_flags:${CMAKE_PREFIX_PATH} PKG_CONFIG_PATH=/home/chinchia120/autoware.ai/install/tablet_socket_msgs/lib/x86_64-linux-gnu/pkgconfig:/home/chinchia120/autoware.ai/install/tablet_socket_msgs/lib/pkgconfig:/home/chinchia120/autoware.ai/install/autoware_msgs/lib/x86_64-linux-gnu/pkgconfig:/home/chinchia120/autoware.ai/install/autoware_msgs/lib/pkgconfig:/home/chinchia120/autoware.ai/install/autoware_can_msgs/lib/x86_64-linux-gnu/pkgconfig:/home/chinchia120/autoware.ai/install/autoware_can_msgs/lib/pkgconfig:/home/chinchia120/autoware.ai/install/autoware_build_flags/lib/x86_64-linux-gnu/pkgconfig:/home/chinchia120/autoware.ai/install/autoware_build_flags/lib/pkgconfig:${PKG_CONFIG_PATH} PYTHONPATH=/home/chinchia120/autoware.ai/install/tablet_socket_msgs/lib/python2.7/dist-packages:/home/chinchia120/autoware.ai/install/autoware_msgs/lib/python2.7/dist-packages:/home/chinchia120/autoware.ai/install/autoware_can_msgs/lib/python2.7/dist-packages:${PYTHONPATH} ROS_PACKAGE_PATH=/home/chinchia120/autoware.ai/install/tablet_socket_msgs/share:/home/chinchia120/autoware.ai/install/autoware_msgs/share:/home/chinchia120/autoware.ai/install/autoware_can_msgs/share:/home/chinchia120/autoware.ai/install/autoware_build_flags/share:${ROS_PACKAGE_PATH} /usr/bin/cmake /home/chinchia120/autoware.ai/src/autoware/utilities/mqtt_socket -DCMAKE_BUILD_TYPE=Release -DCATKIN_INSTALL_INTO_PREFIX_ROOT=0 -DCMAKE_INSTALL_PREFIX=/home/chinchia120/autoware.ai/install/mqtt_socket
[4.441s] Invoking command in '/home/chinchia120/autoware.ai/build/mqtt_socket': CMAKE_PREFIX_PATH=/home/chinchia120/autoware.ai/install/tablet_socket_msgs:/home/chinchia120/autoware.ai/install/autoware_msgs:/home/chinchia120/autoware.ai/install/autoware_can_msgs:/home/chinchia120/autoware.ai/install/autoware_build_flags:${CMAKE_PREFIX_PATH} PKG_CONFIG_PATH=/home/chinchia120/autoware.ai/install/tablet_socket_msgs/lib/x86_64-linux-gnu/pkgconfig:/home/chinchia120/autoware.ai/install/tablet_socket_msgs/lib/pkgconfig:/home/chinchia120/autoware.ai/install/autoware_msgs/lib/x86_64-linux-gnu/pkgconfig:/home/chinchia120/autoware.ai/install/autoware_msgs/lib/pkgconfig:/home/chinchia120/autoware.ai/install/autoware_can_msgs/lib/x86_64-linux-gnu/pkgconfig:/home/chinchia120/autoware.ai/install/autoware_can_msgs/lib/pkgconfig:/home/chinchia120/autoware.ai/install/autoware_build_flags/lib/x86_64-linux-gnu/pkgconfig:/home/chinchia120/autoware.ai/install/autoware_build_flags/lib/pkgconfig:${PKG_CONFIG_PATH} PYTHONPATH=/home/chinchia120/autoware.ai/install/tablet_socket_msgs/lib/python2.7/dist-packages:/home/chinchia120/autoware.ai/install/autoware_msgs/lib/python2.7/dist-packages:/home/chinchia120/autoware.ai/install/autoware_can_msgs/lib/python2.7/dist-packages:${PYTHONPATH} ROS_PACKAGE_PATH=/home/chinchia120/autoware.ai/install/tablet_socket_msgs/share:/home/chinchia120/autoware.ai/install/autoware_msgs/share:/home/chinchia120/autoware.ai/install/autoware_can_msgs/share:/home/chinchia120/autoware.ai/install/autoware_build_flags/share:${ROS_PACKAGE_PATH} /usr/bin/cmake --build /home/chinchia120/autoware.ai/build/mqtt_socket -- -j4 -l4
[4.549s] [35m[1mScanning dependencies of target sensor_msgs_generate_messages_nodejs[0m
[4.577s] [  0%] Built target sensor_msgs_generate_messages_nodejs
[4.606s] [35m[1mScanning dependencies of target tablet_socket_msgs_generate_messages_lisp[0m
[4.636s] [  0%] Built target tablet_socket_msgs_generate_messages_lisp
[4.658s] [35m[1mScanning dependencies of target tablet_socket_msgs_generate_messages_eus[0m
[4.682s] [  0%] Built target tablet_socket_msgs_generate_messages_eus
[4.704s] [35m[1mScanning dependencies of target rosgraph_msgs_generate_messages_py[0m
[4.735s] [  0%] Built target rosgraph_msgs_generate_messages_py
[4.760s] [35m[1mScanning dependencies of target rosgraph_msgs_generate_messages_nodejs[0m
[4.786s] [  0%] Built target rosgraph_msgs_generate_messages_nodejs
[4.817s] [35m[1mScanning dependencies of target rosgraph_msgs_generate_messages_lisp[0m
[4.854s] [  0%] Built target rosgraph_msgs_generate_messages_lisp
[4.884s] [35m[1mScanning dependencies of target roscpp_generate_messages_py[0m
[4.910s] [  0%] Built target roscpp_generate_messages_py
[4.934s] [35m[1mScanning dependencies of target roscpp_generate_messages_lisp[0m
[4.967s] [  0%] Built target roscpp_generate_messages_lisp
[4.995s] [35m[1mScanning dependencies of target actionlib_msgs_generate_messages_lisp[0m
[5.032s] [  0%] Built target actionlib_msgs_generate_messages_lisp
[5.066s] [35m[1mScanning dependencies of target actionlib_msgs_generate_messages_cpp[0m
[5.097s] [  0%] Built target actionlib_msgs_generate_messages_cpp
[5.120s] [35m[1mScanning dependencies of target jsk_footstep_msgs_generate_messages_nodejs[0m
[5.141s] [  0%] Built target jsk_footstep_msgs_generate_messages_nodejs
[5.175s] [35m[1mScanning dependencies of target jsk_footstep_msgs_generate_messages_lisp[0m
[5.211s] [  0%] Built target jsk_footstep_msgs_generate_messages_lisp
[5.232s] [35m[1mScanning dependencies of target actionlib_msgs_generate_messages_py[0m
[5.267s] [  0%] Built target actionlib_msgs_generate_messages_py
[5.303s] [35m[1mScanning dependencies of target jsk_footstep_msgs_generate_messages_eus[0m
[5.335s] [  0%] Built target jsk_footstep_msgs_generate_messages_eus
[5.363s] [35m[1mScanning dependencies of target pcl_msgs_generate_messages_py[0m
[5.400s] [  0%] Built target pcl_msgs_generate_messages_py
[5.439s] [35m[1mScanning dependencies of target pcl_msgs_generate_messages_nodejs[0m
[5.490s] [  0%] Built target pcl_msgs_generate_messages_nodejs
[5.527s] [35m[1mScanning dependencies of target pcl_msgs_generate_messages_lisp[0m
[5.562s] [  0%] Built target pcl_msgs_generate_messages_lisp
[5.609s] [35m[1mScanning dependencies of target pcl_msgs_generate_messages_eus[0m
[5.646s] [  0%] Built target pcl_msgs_generate_messages_eus
[5.686s] [35m[1mScanning dependencies of target rosgraph_msgs_generate_messages_cpp[0m
[5.723s] [  0%] Built target rosgraph_msgs_generate_messages_cpp
[5.754s] [35m[1mScanning dependencies of target autoware_msgs_generate_messages_cpp[0m
[5.793s] [  0%] Built target autoware_msgs_generate_messages_cpp
[5.828s] [35m[1mScanning dependencies of target std_msgs_generate_messages_nodejs[0m
[5.865s] [  0%] Built target std_msgs_generate_messages_nodejs
[5.903s] [35m[1mScanning dependencies of target std_msgs_generate_messages_lisp[0m
[5.938s] [  0%] Built target std_msgs_generate_messages_lisp
[5.976s] [35m[1mScanning dependencies of target sensor_msgs_generate_messages_cpp[0m
[6.014s] [  0%] Built target sensor_msgs_generate_messages_cpp
[6.053s] [35m[1mScanning dependencies of target sensor_msgs_generate_messages_eus[0m
[6.090s] [  0%] Built target sensor_msgs_generate_messages_eus
[6.128s] [35m[1mScanning dependencies of target tablet_socket_msgs_generate_messages_cpp[0m
[6.167s] [  0%] Built target tablet_socket_msgs_generate_messages_cpp
[6.207s] [35m[1mScanning dependencies of target autoware_can_msgs_generate_messages_py[0m
[6.243s] [  0%] Built target autoware_can_msgs_generate_messages_py
[6.284s] [35m[1mScanning dependencies of target jsk_footstep_msgs_generate_messages_cpp[0m
[6.314s] [  0%] Built target jsk_footstep_msgs_generate_messages_cpp
[6.344s] [35m[1mScanning dependencies of target geometry_msgs_generate_messages_py[0m
[6.369s] [  0%] Built target geometry_msgs_generate_messages_py
[6.407s] [35m[1mScanning dependencies of target std_msgs_generate_messages_eus[0m
[6.442s] [  0%] Built target std_msgs_generate_messages_eus
[6.481s] [35m[1mScanning dependencies of target autoware_msgs_generate_messages_nodejs[0m
[6.511s] [  0%] Built target autoware_msgs_generate_messages_nodejs
[6.542s] [35m[1mScanning dependencies of target jsk_footstep_msgs_generate_messages_py[0m
[6.573s] [  0%] Built target jsk_footstep_msgs_generate_messages_py
[6.606s] [35m[1mScanning dependencies of target std_msgs_generate_messages_cpp[0m
[6.640s] [  0%] Built target std_msgs_generate_messages_cpp
[6.665s] [35m[1mScanning dependencies of target actionlib_msgs_generate_messages_nodejs[0m
[6.700s] [  0%] Built target actionlib_msgs_generate_messages_nodejs
[6.738s] [35m[1mScanning dependencies of target std_msgs_generate_messages_py[0m
[6.785s] [  0%] Built target std_msgs_generate_messages_py
[6.809s] [35m[1mScanning dependencies of target autoware_msgs_generate_messages_py[0m
[6.837s] [  0%] Built target autoware_msgs_generate_messages_py
[6.865s] [35m[1mScanning dependencies of target autoware_can_msgs_generate_messages_eus[0m
[6.897s] [  0%] Built target autoware_can_msgs_generate_messages_eus
[6.934s] [35m[1mScanning dependencies of target geometry_msgs_generate_messages_nodejs[0m
[6.983s] [  0%] Built target geometry_msgs_generate_messages_nodejs
[7.027s] [35m[1mScanning dependencies of target sensor_msgs_generate_messages_py[0m
[7.064s] [  0%] Built target sensor_msgs_generate_messages_py
[7.105s] [35m[1mScanning dependencies of target jsk_recognition_msgs_generate_messages_py[0m
[7.142s] [  0%] Built target jsk_recognition_msgs_generate_messages_py
[7.187s] [35m[1mScanning dependencies of target autoware_can_msgs_generate_messages_nodejs[0m
[7.227s] [  0%] Built target autoware_can_msgs_generate_messages_nodejs
[7.260s] [35m[1mScanning dependencies of target autoware_can_msgs_generate_messages_lisp[0m
[7.297s] [  0%] Built target autoware_can_msgs_generate_messages_lisp
[7.327s] [35m[1mScanning dependencies of target autoware_can_msgs_generate_messages_cpp[0m
[7.359s] [  0%] Built target autoware_can_msgs_generate_messages_cpp
[7.396s] [35m[1mScanning dependencies of target autoware_msgs_generate_messages_eus[0m
[7.427s] [  0%] Built target autoware_msgs_generate_messages_eus
[7.461s] [35m[1mScanning dependencies of target jsk_recognition_msgs_generate_messages_cpp[0m
[7.501s] [  0%] Built target jsk_recognition_msgs_generate_messages_cpp
[7.541s] [35m[1mScanning dependencies of target sensor_msgs_generate_messages_lisp[0m
[7.567s] [  0%] Built target sensor_msgs_generate_messages_lisp
[7.603s] [35m[1mScanning dependencies of target pcl_msgs_generate_messages_cpp[0m
[7.629s] [  0%] Built target pcl_msgs_generate_messages_cpp
[7.654s] [35m[1mScanning dependencies of target actionlib_msgs_generate_messages_eus[0m
[7.682s] [  0%] Built target actionlib_msgs_generate_messages_eus
[7.705s] [35m[1mScanning dependencies of target autoware_msgs_generate_messages_lisp[0m
[7.733s] [  0%] Built target autoware_msgs_generate_messages_lisp
[7.760s] [35m[1mScanning dependencies of target roscpp_generate_messages_nodejs[0m
[7.795s] [  0%] Built target roscpp_generate_messages_nodejs
[7.832s] [35m[1mScanning dependencies of target roscpp_generate_messages_eus[0m
[7.863s] [  0%] Built target roscpp_generate_messages_eus
[7.888s] [35m[1mScanning dependencies of target geometry_msgs_generate_messages_eus[0m
[7.918s] [  0%] Built target geometry_msgs_generate_messages_eus
[7.944s] [35m[1mScanning dependencies of target geometry_msgs_generate_messages_cpp[0m
[7.972s] [  0%] Built target geometry_msgs_generate_messages_cpp
[7.997s] [35m[1mScanning dependencies of target geometry_msgs_generate_messages_lisp[0m
[8.023s] [  0%] Built target geometry_msgs_generate_messages_lisp
[8.057s] [35m[1mScanning dependencies of target jsk_recognition_msgs_generate_messages_eus[0m
[8.092s] [  0%] Built target jsk_recognition_msgs_generate_messages_eus
[8.126s] [35m[1mScanning dependencies of target jsk_recognition_msgs_generate_messages_lisp[0m
[8.164s] [  0%] Built target jsk_recognition_msgs_generate_messages_lisp
[8.203s] [35m[1mScanning dependencies of target rosgraph_msgs_generate_messages_eus[0m
[8.242s] [  0%] Built target rosgraph_msgs_generate_messages_eus
[8.279s] [35m[1mScanning dependencies of target jsk_recognition_msgs_generate_messages_nodejs[0m
[8.316s] [  0%] Built target jsk_recognition_msgs_generate_messages_nodejs
[8.350s] [35m[1mScanning dependencies of target roscpp_generate_messages_cpp[0m
[8.390s] [  0%] Built target roscpp_generate_messages_cpp
[8.433s] [35m[1mScanning dependencies of target tablet_socket_msgs_generate_messages_nodejs[0m
[8.469s] [  0%] Built target tablet_socket_msgs_generate_messages_nodejs
[8.509s] [35m[1mScanning dependencies of target tablet_socket_msgs_generate_messages_py[0m
[8.545s] [  0%] Built target tablet_socket_msgs_generate_messages_py
[8.586s] [35m[1mScanning dependencies of target mqtt_receiver[0m
[9.209s] [ 25%] [32mBuilding CXX object CMakeFiles/mqtt_receiver.dir/nodes/mqtt_receiver/mqtt_receiver.cpp.o[0m
[11.777s] [01m[K/home/chinchia120/autoware.ai/src/autoware/utilities/mqtt_socket/nodes/mqtt_receiver/mqtt_receiver.cpp:[m[K In constructor ‘[01m[KMqttReceiver::MqttReceiver()[m[K’:
[11.778s] [01m[K/home/chinchia120/autoware.ai/src/autoware/utilities/mqtt_socket/nodes/mqtt_receiver/mqtt_receiver.cpp:84:7:[m[K [01;35m[Kwarning: [m[Kvariable ‘[01m[Kret[m[K’ set but not used [[01;35m[K-Wunused-but-set-variable[m[K]
[11.778s]    int [01;35m[Kret[m[K = mosquitto_loop(mqtt_client, -1, 1);
[11.778s]        [01;35m[K^~~[m[K
[11.779s] [01m[K/home/chinchia120/autoware.ai/src/autoware/utilities/mqtt_socket/nodes/mqtt_receiver/mqtt_receiver.cpp:[m[K In destructor ‘[01m[KMqttReceiver::~MqttReceiver()[m[K’:
[11.779s] [01m[K/home/chinchia120/autoware.ai/src/autoware/utilities/mqtt_socket/nodes/mqtt_receiver/mqtt_receiver.cpp:90:7:[m[K [01;35m[Kwarning: [m[Kunused variable ‘[01m[Kret[m[K’ [[01;35m[K-Wunused-variable[m[K]
[11.779s]    int [01;35m[Kret[m[K = mosquitto_loop_stop(mqtt_client, 1);
[11.780s]        [01;35m[K^~~[m[K
[11.785s] [01m[K/home/chinchia120/autoware.ai/src/autoware/utilities/mqtt_socket/nodes/mqtt_receiver/mqtt_receiver.cpp:[m[K At global scope:
[11.785s] [01m[K/home/chinchia120/autoware.ai/src/autoware/utilities/mqtt_socket/nodes/mqtt_receiver/mqtt_receiver.cpp:95:83:[m[K [01;35m[Kwarning: [m[Kcannot declare member function ‘[01m[Kstatic void MqttReceiver::on_connect(mosquitto*, void*, int)[m[K’ to have static linkage [[01;35m[K-fpermissive[m[K]
[11.785s]  ic void MqttReceiver::on_connect(struct mosquitto *mosq, void *obj, int result[01;35m[K)[m[K
[11.785s]                                                                                [01;35m[K^[m[K
[11.787s] [01m[K/home/chinchia120/autoware.ai/src/autoware/utilities/mqtt_socket/nodes/mqtt_receiver/mqtt_receiver.cpp:101:82:[m[K [01;35m[Kwarning: [m[Kcannot declare member function ‘[01m[Kstatic void MqttReceiver::on_disconnect(mosquitto*, void*, int)[m[K’ to have static linkage [[01;35m[K-fpermissive[m[K]
[11.787s]  tic void MqttReceiver::on_disconnect(struct mosquitto *mosq, void *obj, int rc[01;35m[K)[m[K
[11.787s]                                                                                [01;35m[K^[m[K
[11.789s] [01m[K/home/chinchia120/autoware.ai/src/autoware/utilities/mqtt_socket/nodes/mqtt_receiver/mqtt_receiver.cpp:106:39:[m[K [01;35m[Kwarning: [m[Kcannot declare member function ‘[01m[Kstatic void MqttReceiver::load_config()[m[K’ to have static linkage [[01;35m[K-fpermissive[m[K]
[11.789s]  static void MqttReceiver::load_config([01;35m[K)[m[K
[11.789s]                                        [01;35m[K^[m[K
[11.796s] [01m[K/home/chinchia120/autoware.ai/src/autoware/utilities/mqtt_socket/nodes/mqtt_receiver/mqtt_receiver.cpp:133:112:[m[K [01;35m[Kwarning: [m[Kcannot declare member function ‘[01m[Kstatic void MqttReceiver::on_message(mosquitto*, void*, const mosquitto_message*)[m[K’ to have static linkage [[01;35m[K-fpermissive[m[K]
[11.796s]  age(struct mosquitto *mosq, void *obj, const struct mosquitto_message *message[01;35m[K)[m[K
[11.797s]                                                                                [01;35m[K^[m[K
[12.303s] [01m[K/home/chinchia120/autoware.ai/src/autoware/utilities/mqtt_socket/nodes/mqtt_receiver/mqtt_receiver.cpp:[m[K In static member function ‘[01m[Kstatic void MqttReceiver::on_message(mosquitto*, void*, const mosquitto_message*)[m[K’:
[12.304s] [01m[K/home/chinchia120/autoware.ai/src/autoware/utilities/mqtt_socket/nodes/mqtt_receiver/mqtt_receiver.cpp:149:36:[m[K [01;35m[Kwarning: [m[Kstatement will never be executed [[01;35m[K-Wswitch-unreachable[m[K]
[12.304s]          [01;35m[Kmsg.vehicle_cmd.lamp_cmd.l = 0[m[K;
[12.304s]          [01;35m[K~~~~~~~~~~~~~~~~~~~~~~~~~~~^~~[m[K
[12.331s] In file included from [01m[K/home/chinchia120/autoware.ai/src/autoware/utilities/mqtt_socket/nodes/mqtt_receiver/mqtt_receiver.cpp:41:0[m[K:
[12.331s] [01m[K/home/chinchia120/autoware.ai/src/autoware/utilities/mqtt_socket/include/mqtt_socket/mqtt_setting.hpp:[m[K At global scope:
[12.332s] [01m[K/home/chinchia120/autoware.ai/src/autoware/utilities/mqtt_socket/include/mqtt_socket/mqtt_setting.hpp:18:14:[m[K [01;35m[Kwarning: [m[K‘[01m[Kcaninfo_downsample[m[K’ defined but not used [[01;35m[K-Wunused-variable[m[K]
[12.332s]  static float [01;35m[Kcaninfo_downsample[m[K;
[12.332s]               [01;35m[K^~~~~~~~~~~~~~~~~~[m[K
[14.602s] [ 50%] [32m[1mLinking CXX executable devel/lib/mqtt_socket/mqtt_receiver[0m
[14.975s] [ 50%] Built target mqtt_receiver
[15.015s] [35m[1mScanning dependencies of target mqtt_sender[0m
[15.373s] [ 75%] [32mBuilding CXX object CMakeFiles/mqtt_sender.dir/nodes/mqtt_sender/mqtt_sender.cpp.o[0m
[18.857s] [01m[K/home/chinchia120/autoware.ai/src/autoware/utilities/mqtt_socket/nodes/mqtt_sender/mqtt_sender.cpp:143:37:[m[K [01;35m[Kwarning: [m[Kcannot declare member function ‘[01m[Kstatic void MqttSender::load_config()[m[K’ to have static linkage [[01;35m[K-fpermissive[m[K]
[18.857s]  static void MqttSender::load_config([01;35m[K)[m[K
[18.857s]                                      [01;35m[K^[m[K
[18.860s] [01m[K/home/chinchia120/autoware.ai/src/autoware/utilities/mqtt_socket/nodes/mqtt_sender/mqtt_sender.cpp:[m[K In member function ‘[01m[Kvoid MqttSender::targetVelocityArrayCallback(const Float64MultiArray&)[m[K’:
[18.861s] [01m[K/home/chinchia120/autoware.ai/src/autoware/utilities/mqtt_socket/nodes/mqtt_sender/mqtt_sender.cpp:176:20:[m[K [01;35m[Kwarning: [m[Kcomparison between signed and unsigned integer expressions [[01;35m[K-Wsign-compare[m[K]
[18.861s]    for(int i = 0; [01;35m[Ki < sizeof([m[Kmsg.data); i++) {
[18.861s]                   [01;35m[K~~^~~~~~~~~[m[K
[18.862s] [01m[K/home/chinchia120/autoware.ai/src/autoware/utilities/mqtt_socket/nodes/mqtt_sender/mqtt_sender.cpp:181:7:[m[K [01;35m[Kwarning: [m[Kunused variable ‘[01m[Kret[m[K’ [[01;35m[K-Wunused-variable[m[K]
[18.862s]    int [01;35m[Kret[m[K = mosquitto_publish(
[18.862s]        [01;35m[K^~~[m[K
[18.863s] [01m[K/home/chinchia120/autoware.ai/src/autoware/utilities/mqtt_socket/nodes/mqtt_sender/mqtt_sender.cpp:[m[K In member function ‘[01m[Kvoid MqttSender::twistCmdCallback(const TwistStamped&)[m[K’:
[18.863s] [01m[K/home/chinchia120/autoware.ai/src/autoware/utilities/mqtt_socket/nodes/mqtt_sender/mqtt_sender.cpp:201:7:[m[K [01;35m[Kwarning: [m[Kunused variable ‘[01m[Kret[m[K’ [[01;35m[K-Wunused-variable[m[K]
[18.863s]    int [01;35m[Kret[m[K = mosquitto_publish(
[18.863s]        [01;35m[K^~~[m[K
[18.864s] [01m[K/home/chinchia120/autoware.ai/src/autoware/utilities/mqtt_socket/nodes/mqtt_sender/mqtt_sender.cpp:[m[K In member function ‘[01m[Kvoid MqttSender::stateCallback(const String&)[m[K’:
[18.864s] [01m[K/home/chinchia120/autoware.ai/src/autoware/utilities/mqtt_socket/nodes/mqtt_sender/mqtt_sender.cpp:216:7:[m[K [01;35m[Kwarning: [m[Kunused variable ‘[01m[Kret[m[K’ [[01;35m[K-Wunused-variable[m[K]
[18.864s]    int [01;35m[Kret[m[K = mosquitto_publish(
[18.864s]        [01;35m[K^~~[m[K
[18.866s] [01m[K/home/chinchia120/autoware.ai/src/autoware/utilities/mqtt_socket/nodes/mqtt_sender/mqtt_sender.cpp:[m[K In member function ‘[01m[Kvoid MqttSender::currentPoseCallback(const PoseStamped&)[m[K’:
[18.866s] [01m[K/home/chinchia120/autoware.ai/src/autoware/utilities/mqtt_socket/nodes/mqtt_sender/mqtt_sender.cpp:240:7:[m[K [01;35m[Kwarning: [m[Kunused variable ‘[01m[Kret[m[K’ [[01;35m[K-Wunused-variable[m[K]
[18.867s]    int [01;35m[Kret[m[K = mosquitto_publish(
[18.867s]        [01;35m[K^~~[m[K
[18.867s] [01m[K/home/chinchia120/autoware.ai/src/autoware/utilities/mqtt_socket/nodes/mqtt_sender/mqtt_sender.cpp:[m[K In member function ‘[01m[Kvoid MqttSender::modeInfoCallback(const mode_info&)[m[K’:
[18.868s] [01m[K/home/chinchia120/autoware.ai/src/autoware/utilities/mqtt_socket/nodes/mqtt_sender/mqtt_sender.cpp:259:9:[m[K [01;35m[Kwarning: [m[Kunused variable ‘[01m[Kret[m[K’ [[01;35m[K-Wunused-variable[m[K]
[18.868s]      int [01;35m[Kret[m[K = mosquitto_publish(
[18.868s]          [01;35m[K^~~[m[K
[18.893s] [01m[K/home/chinchia120/autoware.ai/src/autoware/utilities/mqtt_socket/nodes/mqtt_sender/mqtt_sender.cpp:[m[K In member function ‘[01m[Kvoid MqttSender::canInfoCallback(const CANInfoConstPtr&)[m[K’:
[18.893s] [01m[K/home/chinchia120/autoware.ai/src/autoware/utilities/mqtt_socket/nodes/mqtt_sender/mqtt_sender.cpp:345:9:[m[K [01;35m[Kwarning: [m[Kunused variable ‘[01m[Kret[m[K’ [[01;35m[K-Wunused-variable[m[K]
[18.893s]      int [01;35m[Kret[m[K = mosquitto_publish(
[18.893s]          [01;35m[K^~~[m[K
[20.096s] In file included from [01m[K/home/chinchia120/autoware.ai/src/autoware/utilities/mqtt_socket/nodes/mqtt_sender/mqtt_sender.cpp:45:0[m[K:
[20.096s] [01m[K/home/chinchia120/autoware.ai/src/autoware/utilities/mqtt_socket/include/mqtt_socket/mqtt_setting.hpp:[m[K At global scope:
[20.097s] [01m[K/home/chinchia120/autoware.ai/src/autoware/utilities/mqtt_socket/include/mqtt_socket/mqtt_setting.hpp:15:14:[m[K [01;35m[Kwarning: [m[K‘[01m[Klinear_x_max_val[m[K’ defined but not used [[01;35m[K-Wunused-variable[m[K]
[20.097s]  static float [01;35m[Klinear_x_max_val[m[K;
[20.097s]               [01;35m[K^~~~~~~~~~~~~~~~[m[K
[20.097s] [01m[K/home/chinchia120/autoware.ai/src/autoware/utilities/mqtt_socket/include/mqtt_socket/mqtt_setting.hpp:14:14:[m[K [01;35m[Kwarning: [m[K‘[01m[Ksteer_max_val[m[K’ defined but not used [[01;35m[K-Wunused-variable[m[K]
[20.097s]  static float [01;35m[Ksteer_max_val[m[K;
[20.098s]               [01;35m[K^~~~~~~~~~~~~[m[K
[20.098s] [01m[K/home/chinchia120/autoware.ai/src/autoware/utilities/mqtt_socket/include/mqtt_socket/mqtt_setting.hpp:13:12:[m[K [01;35m[Kwarning: [m[K‘[01m[Kbrake_max_val[m[K’ defined but not used [[01;35m[K-Wunused-variable[m[K]
[20.098s]  static int [01;35m[Kbrake_max_val[m[K;
[20.098s]             [01;35m[K^~~~~~~~~~~~~[m[K
[20.098s] [01m[K/home/chinchia120/autoware.ai/src/autoware/utilities/mqtt_socket/include/mqtt_socket/mqtt_setting.hpp:12:12:[m[K [01;35m[Kwarning: [m[K‘[01m[Kaccel_max_val[m[K’ defined but not used [[01;35m[K-Wunused-variable[m[K]
[20.099s]  static int [01;35m[Kaccel_max_val[m[K;
[20.099s]             [01;35m[K^~~~~~~~~~~~~[m[K
[23.806s] [100%] [32m[1mLinking CXX executable devel/lib/mqtt_socket/mqtt_sender[0m
[24.135s] [100%] Built target mqtt_sender
[24.159s] Invoked command in '/home/chinchia120/autoware.ai/build/mqtt_socket' returned '0': CMAKE_PREFIX_PATH=/home/chinchia120/autoware.ai/install/tablet_socket_msgs:/home/chinchia120/autoware.ai/install/autoware_msgs:/home/chinchia120/autoware.ai/install/autoware_can_msgs:/home/chinchia120/autoware.ai/install/autoware_build_flags:${CMAKE_PREFIX_PATH} PKG_CONFIG_PATH=/home/chinchia120/autoware.ai/install/tablet_socket_msgs/lib/x86_64-linux-gnu/pkgconfig:/home/chinchia120/autoware.ai/install/tablet_socket_msgs/lib/pkgconfig:/home/chinchia120/autoware.ai/install/autoware_msgs/lib/x86_64-linux-gnu/pkgconfig:/home/chinchia120/autoware.ai/install/autoware_msgs/lib/pkgconfig:/home/chinchia120/autoware.ai/install/autoware_can_msgs/lib/x86_64-linux-gnu/pkgconfig:/home/chinchia120/autoware.ai/install/autoware_can_msgs/lib/pkgconfig:/home/chinchia120/autoware.ai/install/autoware_build_flags/lib/x86_64-linux-gnu/pkgconfig:/home/chinchia120/autoware.ai/install/autoware_build_flags/lib/pkgconfig:${PKG_CONFIG_PATH} PYTHONPATH=/home/chinchia120/autoware.ai/install/tablet_socket_msgs/lib/python2.7/dist-packages:/home/chinchia120/autoware.ai/install/autoware_msgs/lib/python2.7/dist-packages:/home/chinchia120/autoware.ai/install/autoware_can_msgs/lib/python2.7/dist-packages:${PYTHONPATH} ROS_PACKAGE_PATH=/home/chinchia120/autoware.ai/install/tablet_socket_msgs/share:/home/chinchia120/autoware.ai/install/autoware_msgs/share:/home/chinchia120/autoware.ai/install/autoware_can_msgs/share:/home/chinchia120/autoware.ai/install/autoware_build_flags/share:${ROS_PACKAGE_PATH} /usr/bin/cmake --build /home/chinchia120/autoware.ai/build/mqtt_socket -- -j4 -l4
[24.429s] Invoking command in '/home/chinchia120/autoware.ai/build/mqtt_socket': CMAKE_PREFIX_PATH=/home/chinchia120/autoware.ai/install/tablet_socket_msgs:/home/chinchia120/autoware.ai/install/autoware_msgs:/home/chinchia120/autoware.ai/install/autoware_can_msgs:/home/chinchia120/autoware.ai/install/autoware_build_flags:${CMAKE_PREFIX_PATH} PKG_CONFIG_PATH=/home/chinchia120/autoware.ai/install/tablet_socket_msgs/lib/x86_64-linux-gnu/pkgconfig:/home/chinchia120/autoware.ai/install/tablet_socket_msgs/lib/pkgconfig:/home/chinchia120/autoware.ai/install/autoware_msgs/lib/x86_64-linux-gnu/pkgconfig:/home/chinchia120/autoware.ai/install/autoware_msgs/lib/pkgconfig:/home/chinchia120/autoware.ai/install/autoware_can_msgs/lib/x86_64-linux-gnu/pkgconfig:/home/chinchia120/autoware.ai/install/autoware_can_msgs/lib/pkgconfig:/home/chinchia120/autoware.ai/install/autoware_build_flags/lib/x86_64-linux-gnu/pkgconfig:/home/chinchia120/autoware.ai/install/autoware_build_flags/lib/pkgconfig:${PKG_CONFIG_PATH} PYTHONPATH=/home/chinchia120/autoware.ai/install/tablet_socket_msgs/lib/python2.7/dist-packages:/home/chinchia120/autoware.ai/install/autoware_msgs/lib/python2.7/dist-packages:/home/chinchia120/autoware.ai/install/autoware_can_msgs/lib/python2.7/dist-packages:${PYTHONPATH} ROS_PACKAGE_PATH=/home/chinchia120/autoware.ai/install/tablet_socket_msgs/share:/home/chinchia120/autoware.ai/install/autoware_msgs/share:/home/chinchia120/autoware.ai/install/autoware_can_msgs/share:/home/chinchia120/autoware.ai/install/autoware_build_flags/share:${ROS_PACKAGE_PATH} /usr/bin/cmake --build /home/chinchia120/autoware.ai/build/mqtt_socket --target tests -- -j4 -l4
[24.576s] [35m[1mScanning dependencies of target tests[0m
[24.606s] Built target tests
[24.638s] Invoked command in '/home/chinchia120/autoware.ai/build/mqtt_socket' returned '0': CMAKE_PREFIX_PATH=/home/chinchia120/autoware.ai/install/tablet_socket_msgs:/home/chinchia120/autoware.ai/install/autoware_msgs:/home/chinchia120/autoware.ai/install/autoware_can_msgs:/home/chinchia120/autoware.ai/install/autoware_build_flags:${CMAKE_PREFIX_PATH} PKG_CONFIG_PATH=/home/chinchia120/autoware.ai/install/tablet_socket_msgs/lib/x86_64-linux-gnu/pkgconfig:/home/chinchia120/autoware.ai/install/tablet_socket_msgs/lib/pkgconfig:/home/chinchia120/autoware.ai/install/autoware_msgs/lib/x86_64-linux-gnu/pkgconfig:/home/chinchia120/autoware.ai/install/autoware_msgs/lib/pkgconfig:/home/chinchia120/autoware.ai/install/autoware_can_msgs/lib/x86_64-linux-gnu/pkgconfig:/home/chinchia120/autoware.ai/install/autoware_can_msgs/lib/pkgconfig:/home/chinchia120/autoware.ai/install/autoware_build_flags/lib/x86_64-linux-gnu/pkgconfig:/home/chinchia120/autoware.ai/install/autoware_build_flags/lib/pkgconfig:${PKG_CONFIG_PATH} PYTHONPATH=/home/chinchia120/autoware.ai/install/tablet_socket_msgs/lib/python2.7/dist-packages:/home/chinchia120/autoware.ai/install/autoware_msgs/lib/python2.7/dist-packages:/home/chinchia120/autoware.ai/install/autoware_can_msgs/lib/python2.7/dist-packages:${PYTHONPATH} ROS_PACKAGE_PATH=/home/chinchia120/autoware.ai/install/tablet_socket_msgs/share:/home/chinchia120/autoware.ai/install/autoware_msgs/share:/home/chinchia120/autoware.ai/install/autoware_can_msgs/share:/home/chinchia120/autoware.ai/install/autoware_build_flags/share:${ROS_PACKAGE_PATH} /usr/bin/cmake --build /home/chinchia120/autoware.ai/build/mqtt_socket --target tests -- -j4 -l4
[24.914s] Invoking command in '/home/chinchia120/autoware.ai/build/mqtt_socket': CMAKE_PREFIX_PATH=/home/chinchia120/autoware.ai/install/tablet_socket_msgs:/home/chinchia120/autoware.ai/install/autoware_msgs:/home/chinchia120/autoware.ai/install/autoware_can_msgs:/home/chinchia120/autoware.ai/install/autoware_build_flags:${CMAKE_PREFIX_PATH} PKG_CONFIG_PATH=/home/chinchia120/autoware.ai/install/tablet_socket_msgs/lib/x86_64-linux-gnu/pkgconfig:/home/chinchia120/autoware.ai/install/tablet_socket_msgs/lib/pkgconfig:/home/chinchia120/autoware.ai/install/autoware_msgs/lib/x86_64-linux-gnu/pkgconfig:/home/chinchia120/autoware.ai/install/autoware_msgs/lib/pkgconfig:/home/chinchia120/autoware.ai/install/autoware_can_msgs/lib/x86_64-linux-gnu/pkgconfig:/home/chinchia120/autoware.ai/install/autoware_can_msgs/lib/pkgconfig:/home/chinchia120/autoware.ai/install/autoware_build_flags/lib/x86_64-linux-gnu/pkgconfig:/home/chinchia120/autoware.ai/install/autoware_build_flags/lib/pkgconfig:${PKG_CONFIG_PATH} PYTHONPATH=/home/chinchia120/autoware.ai/install/tablet_socket_msgs/lib/python2.7/dist-packages:/home/chinchia120/autoware.ai/install/autoware_msgs/lib/python2.7/dist-packages:/home/chinchia120/autoware.ai/install/autoware_can_msgs/lib/python2.7/dist-packages:${PYTHONPATH} ROS_PACKAGE_PATH=/home/chinchia120/autoware.ai/install/tablet_socket_msgs/share:/home/chinchia120/autoware.ai/install/autoware_msgs/share:/home/chinchia120/autoware.ai/install/autoware_can_msgs/share:/home/chinchia120/autoware.ai/install/autoware_build_flags/share:${ROS_PACKAGE_PATH} /usr/bin/cmake --build /home/chinchia120/autoware.ai/build/mqtt_socket --target install -- -j4 -l4
[25.050s] [  0%] Built target sensor_msgs_generate_messages_nodejs
[25.100s] [  0%] Built target tablet_socket_msgs_generate_messages_lisp
[25.153s] [  0%] Built target tablet_socket_msgs_generate_messages_eus
[25.201s] [  0%] Built target rosgraph_msgs_generate_messages_py
[25.254s] [  0%] Built target rosgraph_msgs_generate_messages_nodejs
[25.307s] [  0%] Built target rosgraph_msgs_generate_messages_lisp
[25.349s] [  0%] Built target roscpp_generate_messages_py
[25.401s] [  0%] Built target roscpp_generate_messages_lisp
[25.457s] [  0%] Built target actionlib_msgs_generate_messages_lisp
[25.504s] [  0%] Built target actionlib_msgs_generate_messages_cpp
[25.551s] [  0%] Built target jsk_footstep_msgs_generate_messages_nodejs
[25.611s] [  0%] Built target jsk_footstep_msgs_generate_messages_lisp
[25.667s] [  0%] Built target actionlib_msgs_generate_messages_py
[25.728s] [  0%] Built target jsk_footstep_msgs_generate_messages_eus
[25.784s] [  0%] Built target pcl_msgs_generate_messages_py
[25.845s] [  0%] Built target pcl_msgs_generate_messages_nodejs
[25.892s] [  0%] Built target pcl_msgs_generate_messages_lisp
[25.951s] [  0%] Built target pcl_msgs_generate_messages_eus
[26.003s] [  0%] Built target rosgraph_msgs_generate_messages_cpp
[26.061s] [  0%] Built target autoware_msgs_generate_messages_cpp
[26.116s] [  0%] Built target std_msgs_generate_messages_nodejs
[26.179s] [  0%] Built target std_msgs_generate_messages_lisp
[26.238s] [  0%] Built target sensor_msgs_generate_messages_cpp
[26.286s] [  0%] Built target sensor_msgs_generate_messages_eus
[26.343s] [  0%] Built target tablet_socket_msgs_generate_messages_cpp
[26.388s] [  0%] Built target autoware_can_msgs_generate_messages_py
[26.449s] [  0%] Built target jsk_footstep_msgs_generate_messages_cpp
[26.492s] [  0%] Built target geometry_msgs_generate_messages_py
[26.545s] [  0%] Built target std_msgs_generate_messages_eus
[26.601s] [  0%] Built target autoware_msgs_generate_messages_nodejs
[26.650s] [  0%] Built target jsk_footstep_msgs_generate_messages_py
[26.707s] [  0%] Built target std_msgs_generate_messages_cpp
[26.756s] [  0%] Built target actionlib_msgs_generate_messages_nodejs
[26.804s] [  0%] Built target std_msgs_generate_messages_py
[26.865s] [  0%] Built target autoware_msgs_generate_messages_py
[26.930s] [  0%] Built target autoware_can_msgs_generate_messages_eus
[26.979s] [  0%] Built target geometry_msgs_generate_messages_nodejs
[27.031s] [  0%] Built target sensor_msgs_generate_messages_py
[27.074s] [  0%] Built target jsk_recognition_msgs_generate_messages_py
[27.125s] [  0%] Built target autoware_can_msgs_generate_messages_nodejs
[27.181s] [  0%] Built target autoware_can_msgs_generate_messages_lisp
[27.235s] [  0%] Built target autoware_can_msgs_generate_messages_cpp
[27.297s] [  0%] Built target autoware_msgs_generate_messages_eus
[27.356s] [  0%] Built target jsk_recognition_msgs_generate_messages_cpp
[27.414s] [  0%] Built target sensor_msgs_generate_messages_lisp
[27.475s] [  0%] Built target pcl_msgs_generate_messages_cpp
[27.538s] [  0%] Built target actionlib_msgs_generate_messages_eus
[27.587s] [  0%] Built target autoware_msgs_generate_messages_lisp
[27.635s] [  0%] Built target roscpp_generate_messages_nodejs
[27.687s] [  0%] Built target roscpp_generate_messages_eus
[27.738s] [  0%] Built target geometry_msgs_generate_messages_eus
[27.786s] [  0%] Built target geometry_msgs_generate_messages_cpp
[27.848s] [  0%] Built target geometry_msgs_generate_messages_lisp
[27.916s] [  0%] Built target jsk_recognition_msgs_generate_messages_eus
[27.967s] [  0%] Built target jsk_recognition_msgs_generate_messages_lisp
[28.026s] [  0%] Built target rosgraph_msgs_generate_messages_eus
[28.089s] [  0%] Built target jsk_recognition_msgs_generate_messages_nodejs
[28.149s] [  0%] Built target roscpp_generate_messages_cpp
[28.209s] [  0%] Built target tablet_socket_msgs_generate_messages_nodejs
[28.259s] [  0%] Built target tablet_socket_msgs_generate_messages_py
[28.395s] [ 50%] Built target mqtt_receiver
[28.527s] [100%] Built target mqtt_sender
[28.577s] [36mInstall the project...[0m
[28.595s] -- Install configuration: "Release"
[28.596s] -- Installing: /home/chinchia120/autoware.ai/install/mqtt_socket/lib/pkgconfig/mqtt_socket.pc
[28.596s] -- Installing: /home/chinchia120/autoware.ai/install/mqtt_socket/share/mqtt_socket/cmake/mqtt_socketConfig.cmake
[28.597s] -- Installing: /home/chinchia120/autoware.ai/install/mqtt_socket/share/mqtt_socket/cmake/mqtt_socketConfig-version.cmake
[28.597s] -- Installing: /home/chinchia120/autoware.ai/install/mqtt_socket/share/mqtt_socket/package.xml
[28.598s] -- Installing: /home/chinchia120/autoware.ai/install/mqtt_socket/lib/mqtt_socket/mqtt_receiver
[28.599s] -- Set runtime path of "/home/chinchia120/autoware.ai/install/mqtt_socket/lib/mqtt_socket/mqtt_receiver" to ""
[28.600s] -- Installing: /home/chinchia120/autoware.ai/install/mqtt_socket/lib/mqtt_socket/mqtt_sender
[28.603s] -- Set runtime path of "/home/chinchia120/autoware.ai/install/mqtt_socket/lib/mqtt_socket/mqtt_sender" to ""
[28.614s] Invoked command in '/home/chinchia120/autoware.ai/build/mqtt_socket' returned '0': CMAKE_PREFIX_PATH=/home/chinchia120/autoware.ai/install/tablet_socket_msgs:/home/chinchia120/autoware.ai/install/autoware_msgs:/home/chinchia120/autoware.ai/install/autoware_can_msgs:/home/chinchia120/autoware.ai/install/autoware_build_flags:${CMAKE_PREFIX_PATH} PKG_CONFIG_PATH=/home/chinchia120/autoware.ai/install/tablet_socket_msgs/lib/x86_64-linux-gnu/pkgconfig:/home/chinchia120/autoware.ai/install/tablet_socket_msgs/lib/pkgconfig:/home/chinchia120/autoware.ai/install/autoware_msgs/lib/x86_64-linux-gnu/pkgconfig:/home/chinchia120/autoware.ai/install/autoware_msgs/lib/pkgconfig:/home/chinchia120/autoware.ai/install/autoware_can_msgs/lib/x86_64-linux-gnu/pkgconfig:/home/chinchia120/autoware.ai/install/autoware_can_msgs/lib/pkgconfig:/home/chinchia120/autoware.ai/install/autoware_build_flags/lib/x86_64-linux-gnu/pkgconfig:/home/chinchia120/autoware.ai/install/autoware_build_flags/lib/pkgconfig:${PKG_CONFIG_PATH} PYTHONPATH=/home/chinchia120/autoware.ai/install/tablet_socket_msgs/lib/python2.7/dist-packages:/home/chinchia120/autoware.ai/install/autoware_msgs/lib/python2.7/dist-packages:/home/chinchia120/autoware.ai/install/autoware_can_msgs/lib/python2.7/dist-packages:${PYTHONPATH} ROS_PACKAGE_PATH=/home/chinchia120/autoware.ai/install/tablet_socket_msgs/share:/home/chinchia120/autoware.ai/install/autoware_msgs/share:/home/chinchia120/autoware.ai/install/autoware_can_msgs/share:/home/chinchia120/autoware.ai/install/autoware_build_flags/share:${ROS_PACKAGE_PATH} /usr/bin/cmake --build /home/chinchia120/autoware.ai/build/mqtt_socket --target install -- -j4 -l4
