Determining if the pthread_create exist failed with the following output:
Change Dir: /home/chinchia120/autoware.ai/build/vector_map_server/CMakeFiles/CMakeTmp

Run Build Command:"/usr/bin/make" "cmTC_45645/fast"
/usr/bin/make -f CMakeFiles/cmTC_45645.dir/build.make CMakeFiles/cmTC_45645.dir/build
make[1]: Entering directory '/home/chinchia120/autoware.ai/build/vector_map_server/CMakeFiles/CMakeTmp'
Building C object CMakeFiles/cmTC_45645.dir/CheckSymbolExists.c.o
/usr/bin/cc    -o CMakeFiles/cmTC_45645.dir/CheckSymbolExists.c.o   -c /home/chinchia120/autoware.ai/build/vector_map_server/CMakeFiles/CMakeTmp/CheckSymbolExists.c
Linking C executable cmTC_45645
/usr/bin/cmake -E cmake_link_script CMakeFiles/cmTC_45645.dir/link.txt --verbose=1
/usr/bin/cc      -rdynamic CMakeFiles/cmTC_45645.dir/CheckSymbolExists.c.o  -o cmTC_45645 
CMakeFiles/cmTC_45645.dir/CheckSymbolExists.c.o: In function `main':
CheckSymbolExists.c:(.text+0x1b): undefined reference to `pthread_create'
collect2: error: ld returned 1 exit status
CMakeFiles/cmTC_45645.dir/build.make:97: recipe for target 'cmTC_45645' failed
make[1]: *** [cmTC_45645] Error 1
make[1]: Leaving directory '/home/chinchia120/autoware.ai/build/vector_map_server/CMakeFiles/CMakeTmp'
Makefile:126: recipe for target 'cmTC_45645/fast' failed
make: *** [cmTC_45645/fast] Error 2

File /home/chinchia120/autoware.ai/build/vector_map_server/CMakeFiles/CMakeTmp/CheckSymbolExists.c:
/* */
#include <pthread.h>

int main(int argc, char** argv)
{
  (void)argv;
#ifndef pthread_create
  return ((int*)(&pthread_create))[argc];
#else
  (void)argc;
  return 0;
#endif
}

Determining if the function pthread_create exists in the pthreads failed with the following output:
Change Dir: /home/chinchia120/autoware.ai/build/vector_map_server/CMakeFiles/CMakeTmp

Run Build Command:"/usr/bin/make" "cmTC_103ca/fast"
/usr/bin/make -f CMakeFiles/cmTC_103ca.dir/build.make CMakeFiles/cmTC_103ca.dir/build
make[1]: Entering directory '/home/chinchia120/autoware.ai/build/vector_map_server/CMakeFiles/CMakeTmp'
Building C object CMakeFiles/cmTC_103ca.dir/CheckFunctionExists.c.o
/usr/bin/cc   -DCHECK_FUNCTION_EXISTS=pthread_create   -o CMakeFiles/cmTC_103ca.dir/CheckFunctionExists.c.o   -c /usr/share/cmake-3.10/Modules/CheckFunctionExists.c
Linking C executable cmTC_103ca
/usr/bin/cmake -E cmake_link_script CMakeFiles/cmTC_103ca.dir/link.txt --verbose=1
/usr/bin/cc  -DCHECK_FUNCTION_EXISTS=pthread_create    -rdynamic CMakeFiles/cmTC_103ca.dir/CheckFunctionExists.c.o  -o cmTC_103ca -lpthreads 
/usr/bin/ld: cannot find -lpthreads
collect2: error: ld returned 1 exit status
CMakeFiles/cmTC_103ca.dir/build.make:97: recipe for target 'cmTC_103ca' failed
make[1]: *** [cmTC_103ca] Error 1
make[1]: Leaving directory '/home/chinchia120/autoware.ai/build/vector_map_server/CMakeFiles/CMakeTmp'
Makefile:126: recipe for target 'cmTC_103ca/fast' failed
make: *** [cmTC_103ca/fast] Error 2


