[0.094s] Invoking command in '/home/chinchia120/autoware.ai/build/pos_db': CMAKE_PREFIX_PATH=/home/chinchia120/autoware.ai/install/gnss:/home/chinchia120/autoware.ai/install/autoware_msgs:/home/chinchia120/autoware.ai/install/autoware_build_flags:${CMAKE_PREFIX_PATH} LD_LIBRARY_PATH=/home/chinchia120/autoware.ai/install/gnss/lib:${LD_LIBRARY_PATH} PKG_CONFIG_PATH=/home/chinchia120/autoware.ai/install/gnss/lib/x86_64-linux-gnu/pkgconfig:/home/chinchia120/autoware.ai/install/gnss/lib/pkgconfig:/home/chinchia120/autoware.ai/install/autoware_msgs/lib/x86_64-linux-gnu/pkgconfig:/home/chinchia120/autoware.ai/install/autoware_msgs/lib/pkgconfig:/home/chinchia120/autoware.ai/install/autoware_build_flags/lib/x86_64-linux-gnu/pkgconfig:/home/chinchia120/autoware.ai/install/autoware_build_flags/lib/pkgconfig:${PKG_CONFIG_PATH} PYTHONPATH=/home/chinchia120/autoware.ai/install/autoware_msgs/lib/python2.7/dist-packages:${PYTHONPATH} ROS_PACKAGE_PATH=/home/chinchia120/autoware.ai/install/gnss/share:/home/chinchia120/autoware.ai/install/autoware_msgs/share:/home/chinchia120/autoware.ai/install/autoware_build_flags/share:${ROS_PACKAGE_PATH} /usr/bin/cmake /home/chinchia120/autoware.ai/src/autoware/core_perception/pos_db -DCMAKE_BUILD_TYPE=Release -DCATKIN_INSTALL_INTO_PREFIX_ROOT=0 -DCMAKE_INSTALL_PREFIX=/home/chinchia120/autoware.ai/install/pos_db
[0.597s] -- The C compiler identification is GNU 7.5.0
[0.725s] -- The CXX compiler identification is GNU 7.5.0
[0.747s] -- Check for working C compiler: /usr/bin/cc
[0.963s] -- Check for working C compiler: /usr/bin/cc -- works
[0.964s] -- Detecting C compiler ABI info
[1.205s] -- Detecting C compiler ABI info - done
[1.252s] -- Detecting C compile features
[2.208s] -- Detecting C compile features - done
[2.216s] -- Check for working CXX compiler: /usr/bin/c++
[2.449s] -- Check for working CXX compiler: /usr/bin/c++ -- works
[2.449s] -- Detecting CXX compiler ABI info
[2.692s] -- Detecting CXX compiler ABI info - done
[2.715s] -- Detecting CXX compile features
[3.869s] -- Detecting CXX compile features - done
[3.901s] -- CUDA compilation status: 1.
[3.927s] -- Using CATKIN_DEVEL_PREFIX: /home/chinchia120/autoware.ai/build/pos_db/devel
[3.927s] -- Using CMAKE_PREFIX_PATH: /home/chinchia120/autoware.ai/install/gnss;/home/chinchia120/autoware.ai/install/autoware_msgs;/home/chinchia120/autoware.ai/install/autoware_build_flags;/home/chinchia120/catkin_ws/devel;/opt/ros/melodic
[3.927s] -- This workspace overlays: /home/chinchia120/autoware.ai/install/gnss;/home/chinchia120/autoware.ai/install/autoware_msgs;/home/chinchia120/autoware.ai/install/autoware_build_flags;/home/chinchia120/catkin_ws/devel;/opt/ros/melodic
[3.965s] -- Found PythonInterp: /usr/bin/python2 (found suitable version "2.7.17", minimum required is "2") 
[3.966s] -- Using PYTHON_EXECUTABLE: /usr/bin/python2
[3.967s] -- Using Debian Python package layout
[3.969s] -- Using empy: /usr/bin/empy
[4.431s] -- Using CATKIN_ENABLE_TESTING: ON
[4.432s] -- Call enable_testing()
[4.439s] -- Using CATKIN_TEST_RESULTS_DIR: /home/chinchia120/autoware.ai/build/pos_db/test_results
[4.502s] -- Found gtest sources under '/usr/src/googletest': gtests will be built
[4.503s] -- Found gmock sources under '/usr/src/googletest': gmock will be built
[4.546s] -- Found PythonInterp: /usr/bin/python2 (found version "2.7.17") 
[4.549s] -- Looking for pthread.h
[4.776s] -- Looking for pthread.h - found
[4.778s] -- Looking for pthread_create
[4.978s] -- Looking for pthread_create - not found
[4.979s] -- Looking for pthread_create in pthreads
[5.162s] -- Looking for pthread_create in pthreads - not found
[5.163s] -- Looking for pthread_create in pthread
[5.373s] -- Looking for pthread_create in pthread - found
[5.377s] -- Found Threads: TRUE  
[5.389s] -- Using Python nosetests: /usr/bin/nosetests-2.7
[5.510s] -- catkin 0.7.29
[5.510s] -- BUILD_SHARED_LIBS is on
[6.065s] -- Using these message generators: gencpp;geneus;genlisp;gennodejs;genpy
[10.131s] -- Found PkgConfig: /usr/bin/pkg-config (found version "0.29.1") 
[10.311s] -- Looking for libssh2...
[10.316s] -- Found LibSsh2: /usr/lib/x86_64-linux-gnu/libssh2.so  
[10.601s] -- Configuring done
[10.916s] -- Generating done
[10.990s] -- Build files have been written to: /home/chinchia120/autoware.ai/build/pos_db
[11.014s] Invoked command in '/home/chinchia120/autoware.ai/build/pos_db' returned '0': CMAKE_PREFIX_PATH=/home/chinchia120/autoware.ai/install/gnss:/home/chinchia120/autoware.ai/install/autoware_msgs:/home/chinchia120/autoware.ai/install/autoware_build_flags:${CMAKE_PREFIX_PATH} LD_LIBRARY_PATH=/home/chinchia120/autoware.ai/install/gnss/lib:${LD_LIBRARY_PATH} PKG_CONFIG_PATH=/home/chinchia120/autoware.ai/install/gnss/lib/x86_64-linux-gnu/pkgconfig:/home/chinchia120/autoware.ai/install/gnss/lib/pkgconfig:/home/chinchia120/autoware.ai/install/autoware_msgs/lib/x86_64-linux-gnu/pkgconfig:/home/chinchia120/autoware.ai/install/autoware_msgs/lib/pkgconfig:/home/chinchia120/autoware.ai/install/autoware_build_flags/lib/x86_64-linux-gnu/pkgconfig:/home/chinchia120/autoware.ai/install/autoware_build_flags/lib/pkgconfig:${PKG_CONFIG_PATH} PYTHONPATH=/home/chinchia120/autoware.ai/install/autoware_msgs/lib/python2.7/dist-packages:${PYTHONPATH} ROS_PACKAGE_PATH=/home/chinchia120/autoware.ai/install/gnss/share:/home/chinchia120/autoware.ai/install/autoware_msgs/share:/home/chinchia120/autoware.ai/install/autoware_build_flags/share:${ROS_PACKAGE_PATH} /usr/bin/cmake /home/chinchia120/autoware.ai/src/autoware/core_perception/pos_db -DCMAKE_BUILD_TYPE=Release -DCATKIN_INSTALL_INTO_PREFIX_ROOT=0 -DCMAKE_INSTALL_PREFIX=/home/chinchia120/autoware.ai/install/pos_db
[11.029s] Invoking command in '/home/chinchia120/autoware.ai/build/pos_db': CMAKE_PREFIX_PATH=/home/chinchia120/autoware.ai/install/gnss:/home/chinchia120/autoware.ai/install/autoware_msgs:/home/chinchia120/autoware.ai/install/autoware_build_flags:${CMAKE_PREFIX_PATH} LD_LIBRARY_PATH=/home/chinchia120/autoware.ai/install/gnss/lib:${LD_LIBRARY_PATH} PKG_CONFIG_PATH=/home/chinchia120/autoware.ai/install/gnss/lib/x86_64-linux-gnu/pkgconfig:/home/chinchia120/autoware.ai/install/gnss/lib/pkgconfig:/home/chinchia120/autoware.ai/install/autoware_msgs/lib/x86_64-linux-gnu/pkgconfig:/home/chinchia120/autoware.ai/install/autoware_msgs/lib/pkgconfig:/home/chinchia120/autoware.ai/install/autoware_build_flags/lib/x86_64-linux-gnu/pkgconfig:/home/chinchia120/autoware.ai/install/autoware_build_flags/lib/pkgconfig:${PKG_CONFIG_PATH} PYTHONPATH=/home/chinchia120/autoware.ai/install/autoware_msgs/lib/python2.7/dist-packages:${PYTHONPATH} ROS_PACKAGE_PATH=/home/chinchia120/autoware.ai/install/gnss/share:/home/chinchia120/autoware.ai/install/autoware_msgs/share:/home/chinchia120/autoware.ai/install/autoware_build_flags/share:${ROS_PACKAGE_PATH} /usr/bin/cmake --build /home/chinchia120/autoware.ai/build/pos_db -- -j4 -l4
[11.325s] [35m[1mScanning dependencies of target pos_db[0m
[11.913s] [ 14%] [32mBuilding CXX object CMakeFiles/pos_db.dir/lib/pos_db/SendData.cpp.o[0m
[13.040s] [ 28%] [32mBuilding CXX object CMakeFiles/pos_db.dir/lib/pos_db/util.cpp.o[0m
[14.022s] [ 42%] [32m[1mLinking CXX shared library devel/lib/libpos_db.so[0m
[29.253s] [ 42%] Built target pos_db
[29.306s] [35m[1mScanning dependencies of target map_msgs_generate_messages_lisp[0m
[29.357s] [ 42%] Built target map_msgs_generate_messages_lisp
[29.389s] [35m[1mScanning dependencies of target rviz_generate_messages_py[0m
[29.420s] [ 42%] Built target rviz_generate_messages_py
[29.452s] [35m[1mScanning dependencies of target rviz_generate_messages_cpp[0m
[29.483s] [ 42%] Built target rviz_generate_messages_cpp
[29.503s] [35m[1mScanning dependencies of target people_msgs_generate_messages_py[0m
[29.527s] [ 42%] Built target people_msgs_generate_messages_py
[29.550s] [35m[1mScanning dependencies of target people_msgs_generate_messages_lisp[0m
[29.577s] [ 42%] Built target people_msgs_generate_messages_lisp
[29.608s] [35m[1mScanning dependencies of target rviz_generate_messages_eus[0m
[29.632s] [ 42%] Built target rviz_generate_messages_eus
[29.657s] [35m[1mScanning dependencies of target people_msgs_generate_messages_eus[0m
[29.678s] [ 42%] Built target people_msgs_generate_messages_eus
[29.698s] [35m[1mScanning dependencies of target people_msgs_generate_messages_cpp[0m
[29.718s] [ 42%] Built target people_msgs_generate_messages_cpp
[29.744s] [35m[1mScanning dependencies of target visualization_msgs_generate_messages_py[0m
[29.770s] [ 42%] Built target visualization_msgs_generate_messages_py
[29.796s] [35m[1mScanning dependencies of target visualization_msgs_generate_messages_nodejs[0m
[29.819s] [ 42%] Built target visualization_msgs_generate_messages_nodejs
[29.843s] [35m[1mScanning dependencies of target visualization_msgs_generate_messages_eus[0m
[29.874s] [ 42%] Built target visualization_msgs_generate_messages_eus
[29.901s] [35m[1mScanning dependencies of target tf2_msgs_generate_messages_nodejs[0m
[29.930s] [ 42%] Built target tf2_msgs_generate_messages_nodejs
[29.952s] [35m[1mScanning dependencies of target nav_msgs_generate_messages_eus[0m
[29.979s] [ 42%] Built target nav_msgs_generate_messages_eus
[30.005s] [35m[1mScanning dependencies of target visualization_msgs_generate_messages_cpp[0m
[30.032s] [ 42%] Built target visualization_msgs_generate_messages_cpp
[30.058s] [35m[1mScanning dependencies of target tf2_msgs_generate_messages_eus[0m
[30.083s] [ 42%] Built target tf2_msgs_generate_messages_eus
[30.109s] [35m[1mScanning dependencies of target tf2_msgs_generate_messages_cpp[0m
[30.160s] [ 42%] Built target tf2_msgs_generate_messages_cpp
[30.197s] [35m[1mScanning dependencies of target map_msgs_generate_messages_cpp[0m
[30.231s] [ 42%] Built target map_msgs_generate_messages_cpp
[30.261s] [35m[1mScanning dependencies of target tf2_msgs_generate_messages_py[0m
[30.284s] [ 42%] Built target tf2_msgs_generate_messages_py
[30.321s] [35m[1mScanning dependencies of target actionlib_generate_messages_py[0m
[30.356s] [ 42%] Built target actionlib_generate_messages_py
[30.397s] [35m[1mScanning dependencies of target actionlib_generate_messages_cpp[0m
[30.433s] [ 42%] Built target actionlib_generate_messages_cpp
[30.471s] [35m[1mScanning dependencies of target tf_generate_messages_nodejs[0m
[30.520s] [ 42%] Built target tf_generate_messages_nodejs
[30.553s] [35m[1mScanning dependencies of target tf_generate_messages_lisp[0m
[30.572s] [ 42%] Built target tf_generate_messages_lisp
[30.641s] [35m[1mScanning dependencies of target topic_tools_generate_messages_nodejs[0m
[30.684s] [ 42%] Built target topic_tools_generate_messages_nodejs
[30.720s] [35m[1mScanning dependencies of target topic_tools_generate_messages_eus[0m
[30.754s] [ 42%] Built target topic_tools_generate_messages_eus
[30.783s] [35m[1mScanning dependencies of target topic_tools_generate_messages_cpp[0m
[30.816s] [ 42%] Built target topic_tools_generate_messages_cpp
[30.848s] [35m[1mScanning dependencies of target std_srvs_generate_messages_py[0m
[30.880s] [ 42%] Built target std_srvs_generate_messages_py
[30.916s] [35m[1mScanning dependencies of target std_srvs_generate_messages_nodejs[0m
[30.944s] [ 42%] Built target std_srvs_generate_messages_nodejs
[30.977s] [35m[1mScanning dependencies of target bond_generate_messages_py[0m
[31.004s] [ 42%] Built target bond_generate_messages_py
[31.031s] [35m[1mScanning dependencies of target bond_generate_messages_nodejs[0m
[31.062s] [ 42%] Built target bond_generate_messages_nodejs
[31.096s] [35m[1mScanning dependencies of target bond_generate_messages_lisp[0m
[31.131s] [ 42%] Built target bond_generate_messages_lisp
[31.204s] [35m[1mScanning dependencies of target bond_generate_messages_eus[0m
[31.235s] [ 42%] Built target bond_generate_messages_eus
[31.275s] [35m[1mScanning dependencies of target bond_generate_messages_cpp[0m
[31.317s] [ 42%] Built target bond_generate_messages_cpp
[31.351s] [35m[1mScanning dependencies of target nodelet_generate_messages_nodejs[0m
[31.394s] [ 42%] Built target nodelet_generate_messages_nodejs
[31.454s] [35m[1mScanning dependencies of target geometry_msgs_generate_messages_py[0m
[31.484s] [ 42%] Built target geometry_msgs_generate_messages_py
[31.538s] [35m[1mScanning dependencies of target sensor_msgs_generate_messages_nodejs[0m
[31.582s] [ 42%] Built target sensor_msgs_generate_messages_nodejs
[31.623s] [35m[1mScanning dependencies of target roscpp_generate_messages_cpp[0m
[31.659s] [ 42%] Built target roscpp_generate_messages_cpp
[31.690s] [35m[1mScanning dependencies of target pcl_msgs_generate_messages_eus[0m
[31.726s] [ 42%] Built target pcl_msgs_generate_messages_eus
[31.763s] [35m[1mScanning dependencies of target rosgraph_msgs_generate_messages_eus[0m
[31.804s] [ 42%] Built target rosgraph_msgs_generate_messages_eus
[31.837s] [35m[1mScanning dependencies of target jsk_recognition_msgs_generate_messages_lisp[0m
[31.866s] [ 42%] Built target jsk_recognition_msgs_generate_messages_lisp
[31.898s] [35m[1mScanning dependencies of target jsk_recognition_msgs_generate_messages_eus[0m
[31.930s] [ 42%] Built target jsk_recognition_msgs_generate_messages_eus
[31.959s] [35m[1mScanning dependencies of target std_msgs_generate_messages_py[0m
[31.990s] [ 42%] Built target std_msgs_generate_messages_py
[32.023s] [35m[1mScanning dependencies of target sensor_msgs_generate_messages_eus[0m
[32.047s] [ 42%] Built target sensor_msgs_generate_messages_eus
[32.079s] [35m[1mScanning dependencies of target std_srvs_generate_messages_lisp[0m
[32.109s] [ 42%] Built target std_srvs_generate_messages_lisp
[32.138s] [35m[1mScanning dependencies of target _catkin_empty_exported_target[0m
[32.166s] [ 42%] Built target _catkin_empty_exported_target
[32.192s] [35m[1mScanning dependencies of target sensor_msgs_generate_messages_cpp[0m
[32.223s] [ 42%] Built target sensor_msgs_generate_messages_cpp
[32.251s] [35m[1mScanning dependencies of target autoware_msgs_generate_messages_cpp[0m
[32.281s] [ 42%] Built target autoware_msgs_generate_messages_cpp
[32.311s] [35m[1mScanning dependencies of target tf_generate_messages_py[0m
[32.344s] [ 42%] Built target tf_generate_messages_py
[32.374s] [35m[1mScanning dependencies of target dynamic_reconfigure_generate_messages_cpp[0m
[32.402s] [ 42%] Built target dynamic_reconfigure_generate_messages_cpp
[32.433s] [35m[1mScanning dependencies of target rosgraph_msgs_generate_messages_cpp[0m
[32.465s] [ 42%] Built target rosgraph_msgs_generate_messages_cpp
[32.497s] [35m[1mScanning dependencies of target nav_msgs_generate_messages_lisp[0m
[32.529s] [ 42%] Built target nav_msgs_generate_messages_lisp
[32.792s] [35m[1mScanning dependencies of target pcl_msgs_generate_messages_nodejs[0m
[32.815s] [ 42%] Built target pcl_msgs_generate_messages_nodejs
[32.852s] [35m[1mScanning dependencies of target jsk_hark_msgs_generate_messages_py[0m
[32.886s] [ 42%] Built target jsk_hark_msgs_generate_messages_py
[32.916s] [35m[1mScanning dependencies of target jsk_recognition_msgs_generate_messages_py[0m
[32.943s] [ 42%] Built target jsk_recognition_msgs_generate_messages_py
[32.973s] [35m[1mScanning dependencies of target std_srvs_generate_messages_cpp[0m
[32.999s] [ 42%] Built target std_srvs_generate_messages_cpp
[33.034s] [35m[1mScanning dependencies of target nav_msgs_generate_messages_cpp[0m
[33.066s] [ 42%] Built target nav_msgs_generate_messages_cpp
[33.120s] [35m[1mScanning dependencies of target sensor_msgs_generate_messages_lisp[0m
[33.147s] [ 42%] Built target sensor_msgs_generate_messages_lisp
[33.187s] [35m[1mScanning dependencies of target nodelet_generate_messages_py[0m
[33.214s] [ 42%] Built target nodelet_generate_messages_py
[33.245s] [35m[1mScanning dependencies of target sensor_msgs_generate_messages_py[0m
[33.274s] [ 42%] Built target sensor_msgs_generate_messages_py
[33.301s] [35m[1mScanning dependencies of target jsk_rviz_plugins_generate_messages_py[0m
[33.330s] [ 42%] Built target jsk_rviz_plugins_generate_messages_py
[33.358s] [35m[1mScanning dependencies of target jsk_hark_msgs_generate_messages_eus[0m
[33.404s] [ 42%] Built target jsk_hark_msgs_generate_messages_eus
[33.433s] [35m[1mScanning dependencies of target std_msgs_generate_messages_cpp[0m
[33.463s] [ 42%] Built target std_msgs_generate_messages_cpp
[33.493s] [35m[1mScanning dependencies of target jsk_footstep_msgs_generate_messages_py[0m
[33.523s] [ 42%] Built target jsk_footstep_msgs_generate_messages_py
[33.599s] [35m[1mScanning dependencies of target map_msgs_generate_messages_nodejs[0m
[33.628s] [ 42%] Built target map_msgs_generate_messages_nodejs
[33.665s] [35m[1mScanning dependencies of target topic_tools_generate_messages_py[0m
[33.690s] [ 42%] Built target topic_tools_generate_messages_py
[33.721s] [35m[1mScanning dependencies of target nodelet_topic_tools_gencfg[0m
[33.750s] [ 42%] Built target nodelet_topic_tools_gencfg
[33.794s] [35m[1mScanning dependencies of target actionlib_msgs_generate_messages_nodejs[0m
[33.835s] [ 42%] Built target actionlib_msgs_generate_messages_nodejs
[33.863s] [35m[1mScanning dependencies of target geometry_msgs_generate_messages_eus[0m
[33.899s] [ 42%] Built target geometry_msgs_generate_messages_eus
[33.959s] [35m[1mScanning dependencies of target geometry_msgs_generate_messages_nodejs[0m
[33.986s] [ 42%] Built target geometry_msgs_generate_messages_nodejs
[34.017s] [35m[1mScanning dependencies of target actionlib_generate_messages_eus[0m
[34.062s] [ 42%] Built target actionlib_generate_messages_eus
[34.089s] [35m[1mScanning dependencies of target jsk_rviz_plugins_generate_messages_eus[0m
[34.117s] [ 42%] Built target jsk_rviz_plugins_generate_messages_eus
[34.141s] [35m[1mScanning dependencies of target pcl_msgs_generate_messages_py[0m
[34.178s] [ 42%] Built target pcl_msgs_generate_messages_py
[34.204s] [35m[1mScanning dependencies of target geometry_msgs_generate_messages_lisp[0m
[34.231s] [ 42%] Built target geometry_msgs_generate_messages_lisp
[34.261s] [35m[1mScanning dependencies of target actionlib_generate_messages_lisp[0m
[34.282s] [ 42%] Built target actionlib_generate_messages_lisp
[34.330s] [35m[1mScanning dependencies of target geometry_msgs_generate_messages_cpp[0m
[34.360s] [ 42%] Built target geometry_msgs_generate_messages_cpp
[34.382s] [35m[1mScanning dependencies of target pcl_msgs_generate_messages_cpp[0m
[34.418s] [ 42%] Built target pcl_msgs_generate_messages_cpp
[34.449s] [35m[1mScanning dependencies of target people_msgs_generate_messages_nodejs[0m
[34.471s] [ 42%] Built target people_msgs_generate_messages_nodejs
[34.508s] [35m[1mScanning dependencies of target dynamic_reconfigure_generate_messages_lisp[0m
[34.536s] [ 42%] Built target dynamic_reconfigure_generate_messages_lisp
[34.565s] [35m[1mScanning dependencies of target topic_tools_generate_messages_lisp[0m
[34.594s] [ 42%] Built target topic_tools_generate_messages_lisp
[34.621s] [35m[1mScanning dependencies of target jsk_recognition_msgs_generate_messages_cpp[0m
[34.648s] [ 42%] Built target jsk_recognition_msgs_generate_messages_cpp
[34.678s] [35m[1mScanning dependencies of target autoware_msgs_generate_messages_eus[0m
[34.711s] [ 42%] Built target autoware_msgs_generate_messages_eus
[34.760s] [35m[1mScanning dependencies of target autoware_msgs_generate_messages_lisp[0m
[34.794s] [ 42%] Built target autoware_msgs_generate_messages_lisp
[34.817s] [35m[1mScanning dependencies of target autoware_msgs_generate_messages_py[0m
[34.848s] [ 42%] Built target autoware_msgs_generate_messages_py
[34.889s] [35m[1mScanning dependencies of target nodelet_generate_messages_lisp[0m
[34.917s] [ 42%] Built target nodelet_generate_messages_lisp
[34.958s] [35m[1mScanning dependencies of target actionlib_generate_messages_nodejs[0m
[35.003s] [ 42%] Built target actionlib_generate_messages_nodejs
[35.033s] [35m[1mScanning dependencies of target tf_generate_messages_cpp[0m
[35.063s] [ 42%] Built target tf_generate_messages_cpp
[35.092s] [35m[1mScanning dependencies of target pcl_msgs_generate_messages_lisp[0m
[35.130s] [ 42%] Built target pcl_msgs_generate_messages_lisp
[35.154s] [35m[1mScanning dependencies of target visualization_msgs_generate_messages_lisp[0m
[35.196s] [ 42%] Built target visualization_msgs_generate_messages_lisp
[35.237s] [35m[1mScanning dependencies of target std_msgs_generate_messages_eus[0m
[35.262s] [ 42%] Built target std_msgs_generate_messages_eus
[35.290s] [35m[1mScanning dependencies of target rviz_generate_messages_lisp[0m
[35.313s] [ 42%] Built target rviz_generate_messages_lisp
[35.338s] [35m[1mScanning dependencies of target jsk_rviz_plugins_gencfg[0m
[35.381s] [ 42%] Built target jsk_rviz_plugins_gencfg
[35.431s] [35m[1mScanning dependencies of target autoware_msgs_generate_messages_nodejs[0m
[35.456s] [ 42%] Built target autoware_msgs_generate_messages_nodejs
[35.483s] [35m[1mScanning dependencies of target jsk_footstep_msgs_generate_messages_eus[0m
[35.510s] [ 42%] Built target jsk_footstep_msgs_generate_messages_eus
[35.540s] [35m[1mScanning dependencies of target actionlib_msgs_generate_messages_py[0m
[35.579s] [ 42%] Built target actionlib_msgs_generate_messages_py
[35.609s] [35m[1mScanning dependencies of target std_msgs_generate_messages_nodejs[0m
[35.651s] [ 42%] Built target std_msgs_generate_messages_nodejs
[35.683s] [35m[1mScanning dependencies of target jsk_hark_msgs_generate_messages_lisp[0m
[35.704s] [ 42%] Built target jsk_hark_msgs_generate_messages_lisp
[35.733s] [35m[1mScanning dependencies of target jsk_footstep_msgs_generate_messages_lisp[0m
[35.757s] [ 42%] Built target jsk_footstep_msgs_generate_messages_lisp
[35.790s] [35m[1mScanning dependencies of target jsk_footstep_msgs_generate_messages_nodejs[0m
[35.816s] [ 42%] Built target jsk_footstep_msgs_generate_messages_nodejs
[35.842s] [35m[1mScanning dependencies of target tf_generate_messages_eus[0m
[35.873s] [ 42%] Built target tf_generate_messages_eus
[35.915s] [35m[1mScanning dependencies of target jsk_footstep_msgs_generate_messages_cpp[0m
[35.944s] [ 42%] Built target jsk_footstep_msgs_generate_messages_cpp
[35.978s] [35m[1mScanning dependencies of target actionlib_msgs_generate_messages_cpp[0m
[36.016s] [ 42%] Built target actionlib_msgs_generate_messages_cpp
[36.055s] [35m[1mScanning dependencies of target actionlib_msgs_generate_messages_lisp[0m
[36.109s] [ 42%] Built target actionlib_msgs_generate_messages_lisp
[36.146s] [35m[1mScanning dependencies of target std_msgs_generate_messages_lisp[0m
[36.180s] [ 42%] Built target std_msgs_generate_messages_lisp
[36.212s] [35m[1mScanning dependencies of target roscpp_generate_messages_nodejs[0m
[36.243s] [ 42%] Built target roscpp_generate_messages_nodejs
[36.287s] [35m[1mScanning dependencies of target jsk_rviz_plugins_generate_messages_cpp[0m
[36.325s] [ 42%] Built target jsk_rviz_plugins_generate_messages_cpp
[36.374s] [35m[1mScanning dependencies of target rviz_generate_messages_nodejs[0m
[36.437s] [ 42%] Built target rviz_generate_messages_nodejs
[36.469s] [35m[1mScanning dependencies of target jsk_hark_msgs_generate_messages_nodejs[0m
[36.503s] [ 42%] Built target jsk_hark_msgs_generate_messages_nodejs
[36.531s] [35m[1mScanning dependencies of target jsk_rviz_plugins_generate_messages_nodejs[0m
[36.559s] [ 42%] Built target jsk_rviz_plugins_generate_messages_nodejs
[36.594s] [35m[1mScanning dependencies of target jsk_hark_msgs_generate_messages_cpp[0m
[36.619s] [ 42%] Built target jsk_hark_msgs_generate_messages_cpp
[36.659s] [35m[1mScanning dependencies of target jsk_rviz_plugins_generate_messages_lisp[0m
[36.701s] [ 42%] Built target jsk_rviz_plugins_generate_messages_lisp
[36.731s] [35m[1mScanning dependencies of target jsk_recognition_utils_gencfg[0m
[36.756s] [ 42%] Built target jsk_recognition_utils_gencfg
[36.804s] [35m[1mScanning dependencies of target roscpp_generate_messages_eus[0m
[36.836s] [ 42%] Built target roscpp_generate_messages_eus
[36.875s] [35m[1mScanning dependencies of target actionlib_msgs_generate_messages_eus[0m
[36.904s] [ 42%] Built target actionlib_msgs_generate_messages_eus
[36.931s] [35m[1mScanning dependencies of target rosgraph_msgs_generate_messages_py[0m
[36.966s] [ 42%] Built target rosgraph_msgs_generate_messages_py
[36.994s] [35m[1mScanning dependencies of target map_msgs_generate_messages_py[0m
[37.024s] [ 42%] Built target map_msgs_generate_messages_py
[37.059s] [35m[1mScanning dependencies of target pcl_ros_gencfg[0m
[37.091s] [ 42%] Built target pcl_ros_gencfg
[37.123s] [35m[1mScanning dependencies of target dynamic_reconfigure_generate_messages_eus[0m
[37.152s] [ 42%] Built target dynamic_reconfigure_generate_messages_eus
[37.185s] [35m[1mScanning dependencies of target dynamic_reconfigure_generate_messages_nodejs[0m
[37.211s] [ 42%] Built target dynamic_reconfigure_generate_messages_nodejs
[37.247s] [35m[1mScanning dependencies of target dynamic_reconfigure_generate_messages_py[0m
[37.276s] [ 42%] Built target dynamic_reconfigure_generate_messages_py
[37.314s] [35m[1mScanning dependencies of target nav_msgs_generate_messages_py[0m
[37.345s] [ 42%] Built target nav_msgs_generate_messages_py
[37.377s] [35m[1mScanning dependencies of target tf2_msgs_generate_messages_lisp[0m
[37.409s] [ 42%] Built target tf2_msgs_generate_messages_lisp
[37.444s] [35m[1mScanning dependencies of target dynamic_reconfigure_gencfg[0m
[37.471s] [ 42%] Built target dynamic_reconfigure_gencfg
[37.498s] [35m[1mScanning dependencies of target std_srvs_generate_messages_eus[0m
[37.528s] [ 42%] Built target std_srvs_generate_messages_eus
[37.558s] [35m[1mScanning dependencies of target jsk_recognition_msgs_generate_messages_nodejs[0m
[37.588s] [ 42%] Built target jsk_recognition_msgs_generate_messages_nodejs
[37.615s] [35m[1mScanning dependencies of target roscpp_generate_messages_lisp[0m
[37.639s] [ 42%] Built target roscpp_generate_messages_lisp
[37.662s] [35m[1mScanning dependencies of target roscpp_generate_messages_py[0m
[37.686s] [ 42%] Built target roscpp_generate_messages_py
[37.717s] [35m[1mScanning dependencies of target rosgraph_msgs_generate_messages_lisp[0m
[37.742s] [ 42%] Built target rosgraph_msgs_generate_messages_lisp
[37.767s] [35m[1mScanning dependencies of target rosgraph_msgs_generate_messages_nodejs[0m
[37.798s] [ 42%] Built target rosgraph_msgs_generate_messages_nodejs
[37.830s] [35m[1mScanning dependencies of target nodelet_generate_messages_cpp[0m
[37.861s] [ 42%] Built target nodelet_generate_messages_cpp
[37.897s] [35m[1mScanning dependencies of target map_msgs_generate_messages_eus[0m
[37.931s] [ 42%] Built target map_msgs_generate_messages_eus
[37.959s] [35m[1mScanning dependencies of target pos_downloader[0m
[38.053s] [ 57%] [32mBuilding CXX object CMakeFiles/pos_downloader.dir/nodes/pos_downloader/pos_downloader.cpp.o[0m
[47.756s] [ 71%] [32m[1mLinking CXX executable devel/lib/pos_db/pos_downloader[0m
[49.267s] [ 71%] Built target pos_downloader
[49.303s] [35m[1mScanning dependencies of target nav_msgs_generate_messages_nodejs[0m
[49.336s] [ 71%] Built target nav_msgs_generate_messages_nodejs
[49.367s] [35m[1mScanning dependencies of target nodelet_generate_messages_eus[0m
[49.398s] [ 71%] Built target nodelet_generate_messages_eus
[49.434s] [35m[1mScanning dependencies of target pos_uploader[0m
[49.516s] [ 85%] [32mBuilding CXX object CMakeFiles/pos_uploader.dir/nodes/pos_uploader/pos_uploader.cpp.o[0m
[58.297s] [100%] [32m[1mLinking CXX executable devel/lib/pos_db/pos_uploader[0m
[59.423s] [100%] Built target pos_uploader
[59.503s] Invoked command in '/home/chinchia120/autoware.ai/build/pos_db' returned '0': CMAKE_PREFIX_PATH=/home/chinchia120/autoware.ai/install/gnss:/home/chinchia120/autoware.ai/install/autoware_msgs:/home/chinchia120/autoware.ai/install/autoware_build_flags:${CMAKE_PREFIX_PATH} LD_LIBRARY_PATH=/home/chinchia120/autoware.ai/install/gnss/lib:${LD_LIBRARY_PATH} PKG_CONFIG_PATH=/home/chinchia120/autoware.ai/install/gnss/lib/x86_64-linux-gnu/pkgconfig:/home/chinchia120/autoware.ai/install/gnss/lib/pkgconfig:/home/chinchia120/autoware.ai/install/autoware_msgs/lib/x86_64-linux-gnu/pkgconfig:/home/chinchia120/autoware.ai/install/autoware_msgs/lib/pkgconfig:/home/chinchia120/autoware.ai/install/autoware_build_flags/lib/x86_64-linux-gnu/pkgconfig:/home/chinchia120/autoware.ai/install/autoware_build_flags/lib/pkgconfig:${PKG_CONFIG_PATH} PYTHONPATH=/home/chinchia120/autoware.ai/install/autoware_msgs/lib/python2.7/dist-packages:${PYTHONPATH} ROS_PACKAGE_PATH=/home/chinchia120/autoware.ai/install/gnss/share:/home/chinchia120/autoware.ai/install/autoware_msgs/share:/home/chinchia120/autoware.ai/install/autoware_build_flags/share:${ROS_PACKAGE_PATH} /usr/bin/cmake --build /home/chinchia120/autoware.ai/build/pos_db -- -j4 -l4
[60.111s] Invoking command in '/home/chinchia120/autoware.ai/build/pos_db': CMAKE_PREFIX_PATH=/home/chinchia120/autoware.ai/install/gnss:/home/chinchia120/autoware.ai/install/autoware_msgs:/home/chinchia120/autoware.ai/install/autoware_build_flags:${CMAKE_PREFIX_PATH} LD_LIBRARY_PATH=/home/chinchia120/autoware.ai/install/gnss/lib:${LD_LIBRARY_PATH} PKG_CONFIG_PATH=/home/chinchia120/autoware.ai/install/gnss/lib/x86_64-linux-gnu/pkgconfig:/home/chinchia120/autoware.ai/install/gnss/lib/pkgconfig:/home/chinchia120/autoware.ai/install/autoware_msgs/lib/x86_64-linux-gnu/pkgconfig:/home/chinchia120/autoware.ai/install/autoware_msgs/lib/pkgconfig:/home/chinchia120/autoware.ai/install/autoware_build_flags/lib/x86_64-linux-gnu/pkgconfig:/home/chinchia120/autoware.ai/install/autoware_build_flags/lib/pkgconfig:${PKG_CONFIG_PATH} PYTHONPATH=/home/chinchia120/autoware.ai/install/autoware_msgs/lib/python2.7/dist-packages:${PYTHONPATH} ROS_PACKAGE_PATH=/home/chinchia120/autoware.ai/install/gnss/share:/home/chinchia120/autoware.ai/install/autoware_msgs/share:/home/chinchia120/autoware.ai/install/autoware_build_flags/share:${ROS_PACKAGE_PATH} /usr/bin/cmake --build /home/chinchia120/autoware.ai/build/pos_db --target tests -- -j4 -l4
[60.372s] [35m[1mScanning dependencies of target tests[0m
[60.413s] Built target tests
[60.449s] Invoked command in '/home/chinchia120/autoware.ai/build/pos_db' returned '0': CMAKE_PREFIX_PATH=/home/chinchia120/autoware.ai/install/gnss:/home/chinchia120/autoware.ai/install/autoware_msgs:/home/chinchia120/autoware.ai/install/autoware_build_flags:${CMAKE_PREFIX_PATH} LD_LIBRARY_PATH=/home/chinchia120/autoware.ai/install/gnss/lib:${LD_LIBRARY_PATH} PKG_CONFIG_PATH=/home/chinchia120/autoware.ai/install/gnss/lib/x86_64-linux-gnu/pkgconfig:/home/chinchia120/autoware.ai/install/gnss/lib/pkgconfig:/home/chinchia120/autoware.ai/install/autoware_msgs/lib/x86_64-linux-gnu/pkgconfig:/home/chinchia120/autoware.ai/install/autoware_msgs/lib/pkgconfig:/home/chinchia120/autoware.ai/install/autoware_build_flags/lib/x86_64-linux-gnu/pkgconfig:/home/chinchia120/autoware.ai/install/autoware_build_flags/lib/pkgconfig:${PKG_CONFIG_PATH} PYTHONPATH=/home/chinchia120/autoware.ai/install/autoware_msgs/lib/python2.7/dist-packages:${PYTHONPATH} ROS_PACKAGE_PATH=/home/chinchia120/autoware.ai/install/gnss/share:/home/chinchia120/autoware.ai/install/autoware_msgs/share:/home/chinchia120/autoware.ai/install/autoware_build_flags/share:${ROS_PACKAGE_PATH} /usr/bin/cmake --build /home/chinchia120/autoware.ai/build/pos_db --target tests -- -j4 -l4
[61.103s] Invoking command in '/home/chinchia120/autoware.ai/build/pos_db': CMAKE_PREFIX_PATH=/home/chinchia120/autoware.ai/install/gnss:/home/chinchia120/autoware.ai/install/autoware_msgs:/home/chinchia120/autoware.ai/install/autoware_build_flags:${CMAKE_PREFIX_PATH} LD_LIBRARY_PATH=/home/chinchia120/autoware.ai/install/gnss/lib:${LD_LIBRARY_PATH} PKG_CONFIG_PATH=/home/chinchia120/autoware.ai/install/gnss/lib/x86_64-linux-gnu/pkgconfig:/home/chinchia120/autoware.ai/install/gnss/lib/pkgconfig:/home/chinchia120/autoware.ai/install/autoware_msgs/lib/x86_64-linux-gnu/pkgconfig:/home/chinchia120/autoware.ai/install/autoware_msgs/lib/pkgconfig:/home/chinchia120/autoware.ai/install/autoware_build_flags/lib/x86_64-linux-gnu/pkgconfig:/home/chinchia120/autoware.ai/install/autoware_build_flags/lib/pkgconfig:${PKG_CONFIG_PATH} PYTHONPATH=/home/chinchia120/autoware.ai/install/autoware_msgs/lib/python2.7/dist-packages:${PYTHONPATH} ROS_PACKAGE_PATH=/home/chinchia120/autoware.ai/install/gnss/share:/home/chinchia120/autoware.ai/install/autoware_msgs/share:/home/chinchia120/autoware.ai/install/autoware_build_flags/share:${ROS_PACKAGE_PATH} /usr/bin/cmake --build /home/chinchia120/autoware.ai/build/pos_db --target install -- -j4 -l4
[61.298s] [ 42%] Built target pos_db
[61.369s] [ 42%] Built target map_msgs_generate_messages_lisp
[61.441s] [ 42%] Built target rviz_generate_messages_py
[61.515s] [ 42%] Built target rviz_generate_messages_cpp
[61.590s] [ 42%] Built target people_msgs_generate_messages_py
[61.666s] [ 42%] Built target people_msgs_generate_messages_lisp
[61.749s] [ 42%] Built target rviz_generate_messages_eus
[61.822s] [ 42%] Built target people_msgs_generate_messages_eus
[61.894s] [ 42%] Built target people_msgs_generate_messages_cpp
[61.960s] [ 42%] Built target visualization_msgs_generate_messages_py
[62.029s] [ 42%] Built target visualization_msgs_generate_messages_nodejs
[62.097s] [ 42%] Built target visualization_msgs_generate_messages_eus
[62.168s] [ 42%] Built target tf2_msgs_generate_messages_nodejs
[62.237s] [ 42%] Built target nav_msgs_generate_messages_eus
[62.304s] [ 42%] Built target visualization_msgs_generate_messages_cpp
[62.379s] [ 42%] Built target tf2_msgs_generate_messages_eus
[62.460s] [ 42%] Built target tf2_msgs_generate_messages_cpp
[62.533s] [ 42%] Built target map_msgs_generate_messages_cpp
[62.620s] [ 42%] Built target tf2_msgs_generate_messages_py
[62.703s] [ 42%] Built target actionlib_generate_messages_py
[62.780s] [ 42%] Built target actionlib_generate_messages_cpp
[62.857s] [ 42%] Built target tf_generate_messages_nodejs
[62.916s] [ 42%] Built target tf_generate_messages_lisp
[62.981s] [ 42%] Built target topic_tools_generate_messages_nodejs
[63.040s] [ 42%] Built target topic_tools_generate_messages_eus
[63.096s] [ 42%] Built target topic_tools_generate_messages_cpp
[63.158s] [ 42%] Built target std_srvs_generate_messages_py
[63.232s] [ 42%] Built target std_srvs_generate_messages_nodejs
[63.300s] [ 42%] Built target bond_generate_messages_py
[63.373s] [ 42%] Built target bond_generate_messages_nodejs
[63.446s] [ 42%] Built target bond_generate_messages_lisp
[63.521s] [ 42%] Built target bond_generate_messages_eus
[63.604s] [ 42%] Built target bond_generate_messages_cpp
[63.676s] [ 42%] Built target nodelet_generate_messages_nodejs
[63.747s] [ 42%] Built target geometry_msgs_generate_messages_py
[63.817s] [ 42%] Built target sensor_msgs_generate_messages_nodejs
[63.896s] [ 42%] Built target roscpp_generate_messages_cpp
[63.979s] [ 42%] Built target pcl_msgs_generate_messages_eus
[64.042s] [ 42%] Built target rosgraph_msgs_generate_messages_eus
[64.105s] [ 42%] Built target jsk_recognition_msgs_generate_messages_lisp
[64.173s] [ 42%] Built target jsk_recognition_msgs_generate_messages_eus
[64.243s] [ 42%] Built target std_msgs_generate_messages_py
[64.309s] [ 42%] Built target sensor_msgs_generate_messages_eus
[64.374s] [ 42%] Built target std_srvs_generate_messages_lisp
[64.441s] [ 42%] Built target _catkin_empty_exported_target
[64.503s] [ 42%] Built target sensor_msgs_generate_messages_cpp
[64.566s] [ 42%] Built target autoware_msgs_generate_messages_cpp
[64.629s] [ 42%] Built target tf_generate_messages_py
[64.693s] [ 42%] Built target dynamic_reconfigure_generate_messages_cpp
[64.751s] [ 42%] Built target rosgraph_msgs_generate_messages_cpp
[64.809s] [ 42%] Built target nav_msgs_generate_messages_lisp
[64.877s] [ 42%] Built target pcl_msgs_generate_messages_nodejs
[64.943s] [ 42%] Built target jsk_hark_msgs_generate_messages_py
[65.006s] [ 42%] Built target jsk_recognition_msgs_generate_messages_py
[65.068s] [ 42%] Built target std_srvs_generate_messages_cpp
[65.133s] [ 42%] Built target nav_msgs_generate_messages_cpp
[65.202s] [ 42%] Built target sensor_msgs_generate_messages_lisp
[65.271s] [ 42%] Built target nodelet_generate_messages_py
[65.332s] [ 42%] Built target sensor_msgs_generate_messages_py
[65.400s] [ 42%] Built target jsk_rviz_plugins_generate_messages_py
[65.472s] [ 42%] Built target jsk_hark_msgs_generate_messages_eus
[65.542s] [ 42%] Built target std_msgs_generate_messages_cpp
[65.614s] [ 42%] Built target jsk_footstep_msgs_generate_messages_py
[65.682s] [ 42%] Built target map_msgs_generate_messages_nodejs
[65.753s] [ 42%] Built target topic_tools_generate_messages_py
[65.828s] [ 42%] Built target nodelet_topic_tools_gencfg
[65.898s] [ 42%] Built target actionlib_msgs_generate_messages_nodejs
[65.967s] [ 42%] Built target geometry_msgs_generate_messages_eus
[66.038s] [ 42%] Built target geometry_msgs_generate_messages_nodejs
[66.113s] [ 42%] Built target actionlib_generate_messages_eus
[66.184s] [ 42%] Built target jsk_rviz_plugins_generate_messages_eus
[66.255s] [ 42%] Built target pcl_msgs_generate_messages_py
[66.321s] [ 42%] Built target geometry_msgs_generate_messages_lisp
[66.391s] [ 42%] Built target actionlib_generate_messages_lisp
[66.459s] [ 42%] Built target geometry_msgs_generate_messages_cpp
[66.524s] [ 42%] Built target pcl_msgs_generate_messages_cpp
[66.590s] [ 42%] Built target people_msgs_generate_messages_nodejs
[66.652s] [ 42%] Built target dynamic_reconfigure_generate_messages_lisp
[66.715s] [ 42%] Built target topic_tools_generate_messages_lisp
[66.781s] [ 42%] Built target jsk_recognition_msgs_generate_messages_cpp
[66.838s] [ 42%] Built target autoware_msgs_generate_messages_eus
[66.904s] [ 42%] Built target autoware_msgs_generate_messages_lisp
[66.979s] [ 42%] Built target autoware_msgs_generate_messages_py
[67.088s] [ 42%] Built target nodelet_generate_messages_lisp
[67.167s] [ 42%] Built target actionlib_generate_messages_nodejs
[67.274s] [ 42%] Built target tf_generate_messages_cpp
[67.347s] [ 42%] Built target pcl_msgs_generate_messages_lisp
[67.425s] [ 42%] Built target visualization_msgs_generate_messages_lisp
[67.495s] [ 42%] Built target std_msgs_generate_messages_eus
[67.568s] [ 42%] Built target rviz_generate_messages_lisp
[67.640s] [ 42%] Built target jsk_rviz_plugins_gencfg
[67.710s] [ 42%] Built target autoware_msgs_generate_messages_nodejs
[67.773s] [ 42%] Built target jsk_footstep_msgs_generate_messages_eus
[67.838s] [ 42%] Built target actionlib_msgs_generate_messages_py
[67.899s] [ 42%] Built target std_msgs_generate_messages_nodejs
[67.966s] [ 42%] Built target jsk_hark_msgs_generate_messages_lisp
[68.031s] [ 42%] Built target jsk_footstep_msgs_generate_messages_lisp
[68.103s] [ 42%] Built target jsk_footstep_msgs_generate_messages_nodejs
[68.168s] [ 42%] Built target tf_generate_messages_eus
[68.233s] [ 42%] Built target jsk_footstep_msgs_generate_messages_cpp
[68.303s] [ 42%] Built target actionlib_msgs_generate_messages_cpp
[68.375s] [ 42%] Built target actionlib_msgs_generate_messages_lisp
[68.447s] [ 42%] Built target std_msgs_generate_messages_lisp
[68.516s] [ 42%] Built target roscpp_generate_messages_nodejs
[68.580s] [ 42%] Built target jsk_rviz_plugins_generate_messages_cpp
[68.642s] [ 42%] Built target rviz_generate_messages_nodejs
[68.713s] [ 42%] Built target jsk_hark_msgs_generate_messages_nodejs
[68.779s] [ 42%] Built target jsk_rviz_plugins_generate_messages_nodejs
[68.845s] [ 42%] Built target jsk_hark_msgs_generate_messages_cpp
[68.911s] [ 42%] Built target jsk_rviz_plugins_generate_messages_lisp
[68.980s] [ 42%] Built target jsk_recognition_utils_gencfg
[69.043s] [ 42%] Built target roscpp_generate_messages_eus
[69.113s] [ 42%] Built target actionlib_msgs_generate_messages_eus
[69.177s] [ 42%] Built target rosgraph_msgs_generate_messages_py
[69.243s] [ 42%] Built target map_msgs_generate_messages_py
[69.316s] [ 42%] Built target pcl_ros_gencfg
[69.383s] [ 42%] Built target dynamic_reconfigure_generate_messages_eus
[69.445s] [ 42%] Built target dynamic_reconfigure_generate_messages_nodejs
[69.500s] [ 42%] Built target dynamic_reconfigure_generate_messages_py
[69.564s] [ 42%] Built target nav_msgs_generate_messages_py
[69.624s] [ 42%] Built target tf2_msgs_generate_messages_lisp
[69.690s] [ 42%] Built target dynamic_reconfigure_gencfg
[69.756s] [ 42%] Built target std_srvs_generate_messages_eus
[69.820s] [ 42%] Built target jsk_recognition_msgs_generate_messages_nodejs
[69.887s] [ 42%] Built target roscpp_generate_messages_lisp
[69.954s] [ 42%] Built target roscpp_generate_messages_py
[70.012s] [ 42%] Built target rosgraph_msgs_generate_messages_lisp
[70.077s] [ 42%] Built target rosgraph_msgs_generate_messages_nodejs
[70.141s] [ 42%] Built target nodelet_generate_messages_cpp
[70.202s] [ 42%] Built target map_msgs_generate_messages_eus
[70.285s] [ 71%] Built target pos_downloader
[70.347s] [ 71%] Built target nav_msgs_generate_messages_nodejs
[70.410s] [ 71%] Built target nodelet_generate_messages_eus
[70.500s] [100%] Built target pos_uploader
[70.567s] [36mInstall the project...[0m
[70.592s] -- Install configuration: "Release"
[70.592s] -- Installing: /home/chinchia120/autoware.ai/install/pos_db/lib/pkgconfig/pos_db.pc
[70.593s] -- Installing: /home/chinchia120/autoware.ai/install/pos_db/share/pos_db/cmake/pos_dbConfig.cmake
[70.594s] -- Installing: /home/chinchia120/autoware.ai/install/pos_db/share/pos_db/cmake/pos_dbConfig-version.cmake
[70.594s] -- Installing: /home/chinchia120/autoware.ai/install/pos_db/share/pos_db/package.xml
[70.594s] -- Installing: /home/chinchia120/autoware.ai/install/pos_db/lib/pos_db/pos_downloader
[70.596s] -- Set runtime path of "/home/chinchia120/autoware.ai/install/pos_db/lib/pos_db/pos_downloader" to ""
[70.596s] -- Installing: /home/chinchia120/autoware.ai/install/pos_db/lib/libpos_db.so
[70.597s] -- Installing: /home/chinchia120/autoware.ai/install/pos_db/lib/pos_db/pos_uploader
[70.598s] -- Set runtime path of "/home/chinchia120/autoware.ai/install/pos_db/lib/pos_db/pos_uploader" to ""
[70.599s] -- Installing: /home/chinchia120/autoware.ai/install/pos_db/include/pos_db/include
[70.600s] -- Installing: /home/chinchia120/autoware.ai/install/pos_db/include/pos_db/include/pos_db.h
[70.600s] -- Installing: /home/chinchia120/autoware.ai/install/pos_db/share/pos_db/model/prius_model.dae
[70.619s] Invoked command in '/home/chinchia120/autoware.ai/build/pos_db' returned '0': CMAKE_PREFIX_PATH=/home/chinchia120/autoware.ai/install/gnss:/home/chinchia120/autoware.ai/install/autoware_msgs:/home/chinchia120/autoware.ai/install/autoware_build_flags:${CMAKE_PREFIX_PATH} LD_LIBRARY_PATH=/home/chinchia120/autoware.ai/install/gnss/lib:${LD_LIBRARY_PATH} PKG_CONFIG_PATH=/home/chinchia120/autoware.ai/install/gnss/lib/x86_64-linux-gnu/pkgconfig:/home/chinchia120/autoware.ai/install/gnss/lib/pkgconfig:/home/chinchia120/autoware.ai/install/autoware_msgs/lib/x86_64-linux-gnu/pkgconfig:/home/chinchia120/autoware.ai/install/autoware_msgs/lib/pkgconfig:/home/chinchia120/autoware.ai/install/autoware_build_flags/lib/x86_64-linux-gnu/pkgconfig:/home/chinchia120/autoware.ai/install/autoware_build_flags/lib/pkgconfig:${PKG_CONFIG_PATH} PYTHONPATH=/home/chinchia120/autoware.ai/install/autoware_msgs/lib/python2.7/dist-packages:${PYTHONPATH} ROS_PACKAGE_PATH=/home/chinchia120/autoware.ai/install/gnss/share:/home/chinchia120/autoware.ai/install/autoware_msgs/share:/home/chinchia120/autoware.ai/install/autoware_build_flags/share:${ROS_PACKAGE_PATH} /usr/bin/cmake --build /home/chinchia120/autoware.ai/build/pos_db --target install -- -j4 -l4
