[0.046s] Invoking command in '/home/chinchia120/autoware.ai/build/ndt_gpu': CMAKE_PREFIX_PATH=/home/chinchia120/autoware.ai/install/autoware_build_flags:${CMAKE_PREFIX_PATH} PKG_CONFIG_PATH=/home/chinchia120/autoware.ai/install/autoware_build_flags/lib/x86_64-linux-gnu/pkgconfig:/home/chinchia120/autoware.ai/install/autoware_build_flags/lib/pkgconfig:${PKG_CONFIG_PATH} ROS_PACKAGE_PATH=/home/chinchia120/autoware.ai/install/autoware_build_flags/share:${ROS_PACKAGE_PATH} /usr/bin/cmake /home/chinchia120/autoware.ai/src/autoware/core_perception/ndt_gpu -DCMAKE_BUILD_TYPE=Release -DCATKIN_INSTALL_INTO_PREFIX_ROOT=0 -DCMAKE_INSTALL_PREFIX=/home/chinchia120/autoware.ai/install/ndt_gpu
[0.191s] -- The C compiler identification is GNU 7.5.0
[0.323s] -- The CXX compiler identification is GNU 7.5.0
[0.333s] -- Check for working C compiler: /usr/bin/cc
[0.501s] -- Check for working C compiler: /usr/bin/cc -- works
[0.501s] -- Detecting C compiler ABI info
[0.652s] -- Detecting C compiler ABI info - done
[0.689s] -- Detecting C compile features
[1.171s] -- Detecting C compile features - done
[1.180s] -- Check for working CXX compiler: /usr/bin/c++
[1.346s] -- Check for working CXX compiler: /usr/bin/c++ -- works
[1.347s] -- Detecting CXX compiler ABI info
[1.501s] -- Detecting CXX compiler ABI info - done
[1.518s] -- Detecting CXX compile features
[2.282s] -- Detecting CXX compile features - done
[2.284s] -- CUDA compilation status: 1.
[2.286s] -- Using CATKIN_DEVEL_PREFIX: /home/chinchia120/autoware.ai/build/ndt_gpu/devel
[2.286s] -- Using CMAKE_PREFIX_PATH: /home/chinchia120/autoware.ai/install/autoware_build_flags;/home/chinchia120/catkin_ws/devel;/opt/ros/melodic
[2.287s] -- This workspace overlays: /home/chinchia120/autoware.ai/install/autoware_build_flags;/home/chinchia120/catkin_ws/devel;/opt/ros/melodic
[2.318s] -- Found PythonInterp: /usr/bin/python2 (found suitable version "2.7.17", minimum required is "2") 
[2.319s] -- Using PYTHON_EXECUTABLE: /usr/bin/python2
[2.319s] -- Using Debian Python package layout
[2.320s] -- Using empy: /usr/bin/empy
[2.605s] -- Using CATKIN_ENABLE_TESTING: ON
[2.606s] -- Call enable_testing()
[2.610s] -- Using CATKIN_TEST_RESULTS_DIR: /home/chinchia120/autoware.ai/build/ndt_gpu/test_results
[2.639s] -- Found gtest sources under '/usr/src/googletest': gtests will be built
[2.639s] -- Found gmock sources under '/usr/src/googletest': gmock will be built
[2.665s] -- Found PythonInterp: /usr/bin/python2 (found version "2.7.17") 
[2.667s] -- Looking for pthread.h
[2.826s] -- Looking for pthread.h - found
[2.827s] -- Looking for pthread_create
[2.987s] -- Looking for pthread_create - not found
[2.987s] -- Looking for pthread_create in pthreads
[3.102s] -- Looking for pthread_create in pthreads - not found
[3.102s] -- Looking for pthread_create in pthread
[3.250s] -- Looking for pthread_create in pthread - found
[3.252s] -- Found Threads: TRUE  
[3.262s] -- Using Python nosetests: /usr/bin/nosetests-2.7
[3.337s] -- catkin 0.7.29
[3.337s] -- BUILD_SHARED_LIBS is on
[3.554s] -- Checking for module 'eigen3'
[3.586s] --   Found eigen3, version 3.3.7
[3.688s] -- Found eigen: /usr/local/include/eigen3  
[3.872s] -- Boost version: 1.65.1
[3.872s] -- Found the following Boost libraries:
[3.872s] --   system
[3.873s] --   filesystem
[3.873s] --   thread
[3.873s] --   date_time
[3.873s] --   iostreams
[3.873s] --   serialization
[3.873s] --   chrono
[3.873s] --   atomic
[3.874s] --   regex
[3.878s] -- Checking for module 'libopenni'
[3.923s] --   Found libopenni, version 1.5.4.0
[4.026s] -- Found openni: /usr/lib/libOpenNI.so  
[4.027s] -- Checking for module 'libopenni2'
[4.064s] --   Found libopenni2, version 2.2.0.3
[4.174s] -- Found OpenNI2: /usr/lib/libOpenNI2.so  
[4.185s] -- Could NOT find ensenso (missing: ENSENSO_LIBRARY ENSENSO_INCLUDE_DIR) 
[4.186s] ** WARNING ** io features related to ensenso will be disabled
[4.192s] -- Could NOT find DAVIDSDK (missing: DAVIDSDK_LIBRARY DAVIDSDK_INCLUDE_DIR) 
[4.193s] ** WARNING ** io features related to davidSDK will be disabled
[4.195s] -- Could NOT find DSSDK (missing: _DSSDK_LIBRARIES) 
[4.196s] ** WARNING ** io features related to dssdk will be disabled
[4.196s] ** WARNING ** io features related to pcap will be disabled
[4.196s] ** WARNING ** io features related to png will be disabled
[4.318s] -- The imported target "vtkRenderingPythonTkWidgets" references the file
[4.318s]    "/usr/lib/x86_64-linux-gnu/libvtkRenderingPythonTkWidgets.so"
[4.319s] but this file does not exist.  Possible reasons include:
[4.319s] * The file was deleted, renamed, or moved to another location.
[4.319s] * An install or uninstall procedure did not complete successfully.
[4.319s] * The installation package was faulty and contained
[4.320s]    "/usr/lib/cmake/vtk-6.3/VTKTargets.cmake"
[4.320s] but not all the files it references.
[4.320s] 
[4.320s] -- The imported target "vtk" references the file
[4.321s]    "/usr/bin/vtk"
[4.321s] but this file does not exist.  Possible reasons include:
[4.321s] * The file was deleted, renamed, or moved to another location.
[4.321s] * An install or uninstall procedure did not complete successfully.
[4.324s] * The installation package was faulty and contained
[4.324s]    "/usr/lib/cmake/vtk-6.3/VTKTargets.cmake"
[4.324s] but not all the files it references.
[4.325s] 
[4.437s] -- Found libusb-1.0: /usr/include  
[4.438s] ** WARNING ** io features related to libusb-1.0 will be disabled
[4.438s] -- Checking for module 'flann'
[4.475s] --   Found flann, version 1.9.1
[4.584s] -- Found Flann: /usr/lib/x86_64-linux-gnu/libflann_cpp_s.a  
[4.676s] -- Could NOT find ensenso (missing: ENSENSO_LIBRARY ENSENSO_INCLUDE_DIR) 
[4.676s] ** WARNING ** visualization features related to ensenso will be disabled
[4.680s] -- Could NOT find DAVIDSDK (missing: DAVIDSDK_LIBRARY DAVIDSDK_INCLUDE_DIR) 
[4.680s] ** WARNING ** visualization features related to davidSDK will be disabled
[4.682s] -- Could NOT find DSSDK (missing: _DSSDK_LIBRARIES) 
[4.682s] ** WARNING ** visualization features related to dssdk will be disabled
[4.683s] -- Could NOT find RSSDK (missing: _RSSDK_LIBRARIES) 
[4.684s] ** WARNING ** visualization features related to rssdk will be disabled
[4.762s] -- Found qhull: /usr/lib/x86_64-linux-gnu/libqhull.so  
[4.825s] -- looking for PCL_COMMON
[4.827s] -- Found PCL_COMMON: /usr/lib/x86_64-linux-gnu/libpcl_common.so  
[4.827s] -- looking for PCL_OCTREE
[4.829s] -- Found PCL_OCTREE: /usr/lib/x86_64-linux-gnu/libpcl_octree.so  
[4.830s] -- looking for PCL_IO
[4.832s] -- Found PCL_IO: /usr/lib/x86_64-linux-gnu/libpcl_io.so  
[4.833s] -- looking for PCL_KDTREE
[4.835s] -- Found PCL_KDTREE: /usr/lib/x86_64-linux-gnu/libpcl_kdtree.so  
[4.835s] -- looking for PCL_SEARCH
[4.837s] -- Found PCL_SEARCH: /usr/lib/x86_64-linux-gnu/libpcl_search.so  
[4.838s] -- looking for PCL_SAMPLE_CONSENSUS
[4.841s] -- Found PCL_SAMPLE_CONSENSUS: /usr/lib/x86_64-linux-gnu/libpcl_sample_consensus.so  
[4.841s] -- looking for PCL_FILTERS
[4.843s] -- Found PCL_FILTERS: /usr/lib/x86_64-linux-gnu/libpcl_filters.so  
[4.845s] -- looking for PCL_2D
[4.846s] -- Found PCL_2D: /usr/include/pcl-1.8  
[4.847s] -- looking for PCL_GEOMETRY
[4.848s] -- Found PCL_GEOMETRY: /usr/include/pcl-1.8  
[4.849s] -- looking for PCL_FEATURES
[4.851s] -- Found PCL_FEATURES: /usr/lib/x86_64-linux-gnu/libpcl_features.so  
[4.852s] -- looking for PCL_ML
[4.855s] -- Found PCL_ML: /usr/lib/x86_64-linux-gnu/libpcl_ml.so  
[4.855s] -- looking for PCL_SEGMENTATION
[4.858s] -- Found PCL_SEGMENTATION: /usr/lib/x86_64-linux-gnu/libpcl_segmentation.so  
[4.860s] -- looking for PCL_VISUALIZATION
[4.863s] -- Found PCL_VISUALIZATION: /usr/lib/x86_64-linux-gnu/libpcl_visualization.so  
[4.864s] -- looking for PCL_SURFACE
[4.866s] -- Found PCL_SURFACE: /usr/lib/x86_64-linux-gnu/libpcl_surface.so  
[4.867s] -- looking for PCL_REGISTRATION
[4.869s] -- Found PCL_REGISTRATION: /usr/lib/x86_64-linux-gnu/libpcl_registration.so  
[4.870s] -- looking for PCL_KEYPOINTS
[4.873s] -- Found PCL_KEYPOINTS: /usr/lib/x86_64-linux-gnu/libpcl_keypoints.so  
[4.874s] -- looking for PCL_TRACKING
[4.877s] -- Found PCL_TRACKING: /usr/lib/x86_64-linux-gnu/libpcl_tracking.so  
[4.878s] -- looking for PCL_RECOGNITION
[4.881s] -- Found PCL_RECOGNITION: /usr/lib/x86_64-linux-gnu/libpcl_recognition.so  
[4.883s] -- looking for PCL_STEREO
[4.886s] -- Found PCL_STEREO: /usr/lib/x86_64-linux-gnu/libpcl_stereo.so  
[4.887s] -- looking for PCL_APPS
[4.889s] -- Found PCL_APPS: /usr/lib/x86_64-linux-gnu/libpcl_apps.so  
[4.895s] -- looking for PCL_IN_HAND_SCANNER
[4.896s] -- Found PCL_IN_HAND_SCANNER: /usr/include/pcl-1.8  
[4.896s] -- looking for PCL_MODELER
[4.897s] -- Found PCL_MODELER: /usr/include/pcl-1.8  
[4.898s] -- looking for PCL_POINT_CLOUD_EDITOR
[4.899s] -- Found PCL_POINT_CLOUD_EDITOR: /usr/include/pcl-1.8  
[4.899s] -- looking for PCL_OUTOFCORE
[4.901s] -- Found PCL_OUTOFCORE: /usr/lib/x86_64-linux-gnu/libpcl_outofcore.so  
[4.902s] -- looking for PCL_PEOPLE
[4.905s] -- Found PCL_PEOPLE: /usr/lib/x86_64-linux-gnu/libpcl_people.so  
[4.954s] -- Found PCL: /usr/lib/x86_64-linux-gnu/libboost_system.so;/usr/lib/x86_64-linux-gnu/libboost_filesystem.so;/usr/lib/x86_64-linux-gnu/libboost_thread.so;/usr/lib/x86_64-linux-gnu/libboost_date_time.so;/usr/lib/x86_64-linux-gnu/libboost_iostreams.so;/usr/lib/x86_64-linux-gnu/libboost_serialization.so;/usr/lib/x86_64-linux-gnu/libboost_chrono.so;/usr/lib/x86_64-linux-gnu/libboost_atomic.so;/usr/lib/x86_64-linux-gnu/libboost_regex.so;/usr/lib/x86_64-linux-gnu/libpthread.so;optimized;/usr/lib/x86_64-linux-gnu/libpcl_common.so;debug;/usr/lib/x86_64-linux-gnu/libpcl_common.so;optimized;/usr/lib/x86_64-linux-gnu/libpcl_octree.so;debug;/usr/lib/x86_64-linux-gnu/libpcl_octree.so;/usr/lib/libOpenNI.so;/usr/lib/libOpenNI2.so;vtkChartsCore;vtkCommonColor;vtkCommonDataModel;vtkCommonMath;vtkCommonCore;vtksys;vtkCommonMisc;vtkCommonSystem;vtkCommonTransforms;vtkInfovisCore;vtkFiltersExtraction;vtkCommonExecutionModel;vtkFiltersCore;vtkFiltersGeneral;vtkCommonComputationalGeometry;vtkFiltersStatistics;vtkImagingFourier;vtkImagingCore;vtkalglib;vtkRenderingContext2D;vtkRenderingCore;vtkFiltersGeometry;vtkFiltersSources;vtkRenderingFreeType;/usr/lib/x86_64-linux-gnu/libfreetype.so;/usr/lib/x86_64-linux-gnu/libz.so;vtkftgl;vtkDICOMParser;vtkDomainsChemistry;vtkIOXML;vtkIOGeometry;vtkIOCore;vtkIOXMLParser;/usr/lib/x86_64-linux-gnu/libexpat.so;vtkFiltersAMR;vtkParallelCore;vtkIOLegacy;vtkFiltersFlowPaths;vtkFiltersGeneric;vtkFiltersHybrid;vtkImagingSources;vtkFiltersHyperTree;vtkFiltersImaging;vtkImagingGeneral;vtkFiltersModeling;vtkFiltersParallel;vtkFiltersParallelFlowPaths;vtkParallelMPI;vtkFiltersParallelGeometry;vtkFiltersParallelImaging;vtkFiltersParallelMPI;vtkFiltersParallelStatistics;vtkFiltersProgrammable;vtkFiltersPython;/usr/lib/x86_64-linux-gnu/libpython2.7.so;vtkWrappingPythonCore;vtkWrappingTools;vtkFiltersReebGraph;vtkFiltersSMP;vtkFiltersSelection;vtkFiltersTexture;vtkFiltersVerdict;verdict;vtkGUISupportQt;vtkInteractionStyle;vtkRenderingOpenGL;vtkImagingHybrid;vtkIOImage;vtkmetaio;/usr/lib/x86_64-linux-gnu/libjpeg.so;/usr/lib/x86_64-linux-gnu/libpng.so;/usr/lib/x86_64-linux-gnu/libtiff.so;vtkGUISupportQtOpenGL;vtkGUISupportQtSQL;vtkIOSQL;sqlite3;vtkGUISupportQtWebkit;vtkViewsQt;vtkViewsInfovis;vtkInfovisLayout;vtkInfovisBoostGraphAlgorithms;vtkRenderingLabel;vtkViewsCore;vtkInteractionWidgets;vtkRenderingAnnotation;vtkImagingColor;vtkRenderingVolume;vtkGeovisCore;/usr/lib/x86_64-linux-gnu/libproj.so;vtkIOAMR;/usr/lib/x86_64-linux-gnu/hdf5/openmpi/libhdf5.so;/usr/lib/x86_64-linux-gnu/libsz.so;/usr/lib/x86_64-linux-gnu/libdl.so;/usr/lib/x86_64-linux-gnu/libm.so;/usr/lib/x86_64-linux-gnu/openmpi/lib/libmpi.so;vtkIOEnSight;vtkIOExodus;vtkexoIIc;/usr/lib/x86_64-linux-gnu/libnetcdf_c++.so;/usr/lib/x86_64-linux-gnu/libnetcdf.so;vtkIOExport;vtkRenderingGL2PS;vtkRenderingContextOpenGL;/usr/lib/x86_64-linux-gnu/libgl2ps.so;vtkIOFFMPEG;vtkIOMovie;/usr/lib/x86_64-linux-gnu/libtheoraenc.so;/usr/lib/x86_64-linux-gnu/libtheoradec.so;/usr/lib/x86_64-linux-gnu/libogg.so;vtkIOGDAL;vtkIOGeoJSON;vtkIOImport;vtkIOInfovis;/usr/lib/x86_64-linux-gnu/libxml2.so;vtkIOLSDyna;vtkIOMINC;vtkIOMPIImage;vtkIOMPIParallel;vtkIOParallel;vtkIONetCDF;/usr/lib/x86_64-linux-gnu/libjsoncpp.so;vtkIOMySQL;vtkIOODBC;vtkIOPLY;vtkIOParallelExodus;vtkIOParallelLSDyna;vtkIOParallelNetCDF;vtkIOParallelXML;vtkIOPostgreSQL;vtkIOVPIC;VPIC;vtkIOVideo;vtkIOXdmf2;vtkxdmf2;vtkImagingMath;vtkImagingMorphological;vtkImagingStatistics;vtkImagingStencil;vtkInteractionImage;vtkLocalExample;vtkParallelMPI4Py;vtkPythonInterpreter;vtkRenderingExternal;vtkRenderingFreeTypeFontConfig;vtkRenderingImage;vtkRenderingLIC;vtkRenderingLOD;vtkRenderingMatplotlib;vtkRenderingParallel;vtkRenderingParallelLIC;vtkRenderingQt;vtkRenderingVolumeAMR;vtkRenderingVolumeOpenGL;vtkTestingGenericBridge;vtkTestingIOSQL;vtkTestingRendering;vtkViewsContext2D;vtkViewsGeovis;vtkWrappingJava;optimized;/usr/lib/x86_64-linux-gnu/libpcl_io.so;debug;/usr/lib/x86_64-linux-gnu/libpcl_io.so;optimized;/usr/lib/x86_64-linux-gnu/libflann_cpp_s.a;debug;/usr/lib/x86_64-linux-gnu/libflann_cpp_s.a;optimized;/usr/lib/x86_64-linux-gnu/libpcl_kdtree.so;debug;/usr/lib/x86_64-linux-gnu/libpcl_kdtree.so;optimized;/usr/lib/x86_64-linux-gnu/libpcl_search.so;debug;/usr/lib/x86_64-linux-gnu/libpcl_search.so;optimized;/usr/lib/x86_64-linux-gnu/libpcl_sample_consensus.so;debug;/usr/lib/x86_64-linux-gnu/libpcl_sample_consensus.so;optimized;/usr/lib/x86_64-linux-gnu/libpcl_filters.so;debug;/usr/lib/x86_64-linux-gnu/libpcl_filters.so;optimized;/usr/lib/x86_64-linux-gnu/libpcl_features.so;debug;/usr/lib/x86_64-linux-gnu/libpcl_features.so;optimized;/usr/lib/x86_64-linux-gnu/libpcl_ml.so;debug;/usr/lib/x86_64-linux-gnu/libpcl_ml.so;optimized;/usr/lib/x86_64-linux-gnu/libpcl_segmentation.so;debug;/usr/lib/x86_64-linux-gnu/libpcl_segmentation.so;optimized;/usr/lib/x86_64-linux-gnu/libpcl_visualization.so;debug;/usr/lib/x86_64-linux-gnu/libpcl_visualization.so;optimized;/usr/lib/x86_64-linux-gnu/libqhull.so;debug;/usr/lib/x86_64-linux-gnu/libqhull.so;optimized;/usr/lib/x86_64-linux-gnu/libpcl_surface.so;debug;/usr/lib/x86_64-linux-gnu/libpcl_surface.so;optimized;/usr/lib/x86_64-linux-gnu/libpcl_registration.so;debug;/usr/lib/x86_64-linux-gnu/libpcl_registration.so;optimized;/usr/lib/x86_64-linux-gnu/libpcl_keypoints.so;debug;/usr/lib/x86_64-linux-gnu/libpcl_keypoints.so;optimized;/usr/lib/x86_64-linux-gnu/libpcl_tracking.so;debug;/usr/lib/x86_64-linux-gnu/libpcl_tracking.so;optimized;/usr/lib/x86_64-linux-gnu/libpcl_recognition.so;debug;/usr/lib/x86_64-linux-gnu/libpcl_recognition.so;optimized;/usr/lib/x86_64-linux-gnu/libpcl_stereo.so;debug;/usr/lib/x86_64-linux-gnu/libpcl_stereo.so;optimized;/usr/lib/x86_64-linux-gnu/libpcl_apps.so;debug;/usr/lib/x86_64-linux-gnu/libpcl_apps.so;optimized;/usr/lib/x86_64-linux-gnu/libpcl_outofcore.so;debug;/usr/lib/x86_64-linux-gnu/libpcl_outofcore.so;optimized;/usr/lib/x86_64-linux-gnu/libpcl_people.so;debug;/usr/lib/x86_64-linux-gnu/libpcl_people.so;/usr/lib/x86_64-linux-gnu/libboost_system.so;/usr/lib/x86_64-linux-gnu/libboost_filesystem.so;/usr/lib/x86_64-linux-gnu/libboost_thread.so;/usr/lib/x86_64-linux-gnu/libboost_date_time.so;/usr/lib/x86_64-linux-gnu/libboost_iostreams.so;/usr/lib/x86_64-linux-gnu/libboost_serialization.so;/usr/lib/x86_64-linux-gnu/libboost_chrono.so;/usr/lib/x86_64-linux-gnu/libboost_atomic.so;/usr/lib/x86_64-linux-gnu/libboost_regex.so;/usr/lib/x86_64-linux-gnu/libpthread.so;optimized;/usr/lib/x86_64-linux-gnu/libqhull.so;debug;/usr/lib/x86_64-linux-gnu/libqhull.so;/usr/lib/libOpenNI.so;/usr/lib/libOpenNI2.so;optimized;/usr/lib/x86_64-linux-gnu/libflann_cpp_s.a;debug;/usr/lib/x86_64-linux-gnu/libflann_cpp_s.a;vtkChartsCore;vtkCommonColor;vtkCommonDataModel;vtkCommonMath;vtkCommonCore;vtksys;vtkCommonMisc;vtkCommonSystem;vtkCommonTransforms;vtkInfovisCore;vtkFiltersExtraction;vtkCommonExecutionModel;vtkFiltersCore;vtkFiltersGeneral;vtkCommonComputationalGeometry;vtkFiltersStatistics;vtkImagingFourier;vtkImagingCore;vtkalglib;vtkRenderingContext2D;vtkRenderingCore;vtkFiltersGeometry;vtkFiltersSources;vtkRenderingFreeType;/usr/lib/x86_64-linux-gnu/libfreetype.so;/usr/lib/x86_64-linux-gnu/libz.so;vtkftgl;vtkDICOMParser;vtkDomainsChemistry;vtkIOXML;vtkIOGeometry;vtkIOCore;vtkIOXMLParser;/usr/lib/x86_64-linux-gnu/libexpat.so;vtkFiltersAMR;vtkParallelCore;vtkIOLegacy;vtkFiltersFlowPaths;vtkFiltersGeneric;vtkFiltersHybrid;vtkImagingSources;vtkFiltersHyperTree;vtkFiltersImaging;vtkImagingGeneral;vtkFiltersModeling;vtkFiltersParallel;vtkFiltersParallelFlowPaths;vtkParallelMPI;vtkFiltersParallelGeometry;vtkFiltersParallelImaging;vtkFiltersParallelMPI;vtkFiltersParallelStatistics;vtkFiltersProgrammable;vtkFiltersPython;/usr/lib/x86_64-linux-gnu/libpython2.7.so;vtkWrappingPythonCore;vtkWrappingTools;vtkFiltersReebGraph;vtkFiltersSMP;vtkFiltersSelection;vtkFiltersTexture;vtkFiltersVerdict;verdict;vtkGUISupportQt;vtkInteractionStyle;vtkRenderingOpenGL;vtkImagingHybrid;vtkIOImage;vtkmetaio;/usr/lib/x86_64-linux-gnu/libjpeg.so;/usr/lib/x86_64-linux-gnu/libpng.so;/usr/lib/x86_64-linux-gnu/libtiff.so;vtkGUISupportQtOpenGL;vtkGUISupportQtSQL;vtkIOSQL;sqlite3;vtkGUISupportQtWebkit;vtkViewsQt;vtkViewsInfovis;vtkInfovisLayout;vtkInfovisBoostGraphAlgorithms;vtkRenderingLabel;vtkViewsCore;vtkInteractionWidgets;vtkRenderingAnnotation;vtkImagingColor;vtkRenderingVolume;vtkGeovisCore;/usr/lib/x86_64-linux-gnu/libproj.so;vtkIOAMR;/usr/lib/x86_64-linux-gnu/hdf5/openmpi/libhdf5.so;/usr/lib/x86_64-linux-gnu/libsz.so;/usr/lib/x86_64-linux-gnu/libdl.so;/usr/lib/x86_64-linux-gnu/libm.so;/usr/lib/x86_64-linux-gnu/openmpi/lib/libmpi.so;vtkIOEnSight;vtkIOExodus;vtkexoIIc;/usr/lib/x86_64-linux-gnu/libnetcdf_c++.so;/usr/lib/x86_64-linux-gnu/libnetcdf.so;vtkIOExport;vtkRenderingGL2PS;vtkRenderingContextOpenGL;/usr/lib/x86_64-linux-gnu/libgl2ps.so;vtkIOFFMPEG;vtkIOMovie;/usr/lib/x86_64-linux-gnu/libtheoraenc.so;/usr/lib/x86_64-linux-gnu/libtheoradec.so;/usr/lib/x86_64-linux-gnu/libogg.so;vtkIOGDAL;vtkIOGeoJSON;vtkIOImport;vtkIOInfovis;/usr/lib/x86_64-linux-gnu/libxml2.so;vtkIOLSDyna;vtkIOMINC;vtkIOMPIImage;vtkIOMPIParallel;vtkIOParallel;vtkIONetCDF;/usr/lib/x86_64-linux-gnu/libjsoncpp.so;vtkIOMySQL;vtkIOODBC;vtkIOPLY;vtkIOParallelExodus;vtkIOParallelLSDyna;vtkIOParallelNetCDF;vtkIOParallelXML;vtkIOPostgreSQL;vtkIOVPIC;VPIC;vtkIOVideo;vtkIOXdmf2;vtkxdmf2;vtkImagingMath;vtkImagingMorphological;vtkImagingStatistics;vtkImagingStencil;vtkInteractionImage;vtkLocalExample;vtkParallelMPI4Py;vtkPythonInterpreter;vtkRenderingExternal;vtkRenderingFreeTypeFontConfig;vtkRenderingImage;vtkRenderingLIC;vtkRenderingLOD;vtkRenderingMatplotlib;vtkRenderingParallel;vtkRenderingParallelLIC;vtkRenderingQt;vtkRenderingVolumeAMR;vtkRenderingVolumeOpenGL;vtkTestingGenericBridge;vtkTestingIOSQL;vtkTestingRendering;vtkViewsContext2D;vtkViewsGeovis;vtkWrappingJava  
[4.993s] -- Found CUDA: /usr/local/cuda-10.0 (found version "10.0") 
[5.729s] -- Configuring done
[5.940s] -- Generating done
[5.945s] -- Build files have been written to: /home/chinchia120/autoware.ai/build/ndt_gpu
[5.957s] Invoked command in '/home/chinchia120/autoware.ai/build/ndt_gpu' returned '0': CMAKE_PREFIX_PATH=/home/chinchia120/autoware.ai/install/autoware_build_flags:${CMAKE_PREFIX_PATH} PKG_CONFIG_PATH=/home/chinchia120/autoware.ai/install/autoware_build_flags/lib/x86_64-linux-gnu/pkgconfig:/home/chinchia120/autoware.ai/install/autoware_build_flags/lib/pkgconfig:${PKG_CONFIG_PATH} ROS_PACKAGE_PATH=/home/chinchia120/autoware.ai/install/autoware_build_flags/share:${ROS_PACKAGE_PATH} /usr/bin/cmake /home/chinchia120/autoware.ai/src/autoware/core_perception/ndt_gpu -DCMAKE_BUILD_TYPE=Release -DCATKIN_INSTALL_INTO_PREFIX_ROOT=0 -DCMAKE_INSTALL_PREFIX=/home/chinchia120/autoware.ai/install/ndt_gpu
[5.964s] Invoking command in '/home/chinchia120/autoware.ai/build/ndt_gpu': CMAKE_PREFIX_PATH=/home/chinchia120/autoware.ai/install/autoware_build_flags:${CMAKE_PREFIX_PATH} PKG_CONFIG_PATH=/home/chinchia120/autoware.ai/install/autoware_build_flags/lib/x86_64-linux-gnu/pkgconfig:/home/chinchia120/autoware.ai/install/autoware_build_flags/lib/pkgconfig:${PKG_CONFIG_PATH} ROS_PACKAGE_PATH=/home/chinchia120/autoware.ai/install/autoware_build_flags/share:${ROS_PACKAGE_PATH} /usr/bin/cmake --build /home/chinchia120/autoware.ai/build/ndt_gpu -- -j4 -l4
[6.045s] [ 14%] [34m[1mBuilding NVCC (Device) object CMakeFiles/ndt_gpu.dir/src/ndt_gpu_generated_SymmetricEigenSolver.cu.o[0m
[7.286s] ptxas info    : 0 bytes gmem
[7.958s] [ 28%] [34m[1mBuilding NVCC (Device) object CMakeFiles/ndt_gpu.dir/src/ndt_gpu_generated_NormalDistributionsTransform.cu.o[0m
[8.242s] In file included from /usr/local/include/eigen3/Eigen/Core:257:0,
[8.243s]                  from /usr/local/include/eigen3/Eigen/Dense:1,
[8.243s]                  from /home/chinchia120/autoware.ai/src/autoware/core_perception/ndt_gpu/include/ndt_gpu/Registration.h:10,
[8.243s]                  from /home/chinchia120/autoware.ai/src/autoware/core_perception/ndt_gpu/include/ndt_gpu/NormalDistributionsTransform.h:6,
[8.243s]                  from /home/chinchia120/autoware.ai/src/autoware/core_perception/ndt_gpu/src/NormalDistributionsTransform.cu:1:
[8.244s] /usr/local/cuda-10.0/include/host_defines.h:54:2: warning: #warning "host_defines.h is an internal header file and must not be used directly.  This file will be removed in a future CUDA release.  Please use cuda_runtime_api.h or cuda_runtime.h instead." [-Wcpp]
[8.244s]  #warning "host_defines.h is an internal header file and must not be used directly.  This file will be removed in a future CUDA release.  Please use cuda_runtime_api.h or cuda_runtime.h instead."
[8.244s]   ^~~~~~~
[10.646s] In file included from /usr/local/include/eigen3/Eigen/Core:257:0,
[10.646s]                  from /usr/local/include/eigen3/Eigen/Dense:1,
[10.646s]                  from /home/chinchia120/autoware.ai/src/autoware/core_perception/ndt_gpu/include/ndt_gpu/Registration.h:10,
[10.646s]                  from /home/chinchia120/autoware.ai/src/autoware/core_perception/ndt_gpu/include/ndt_gpu/NormalDistributionsTransform.h:6,
[10.646s]                  from /home/chinchia120/autoware.ai/src/autoware/core_perception/ndt_gpu/src/NormalDistributionsTransform.cu:1:
[10.646s] /usr/local/cuda-10.0/include/host_defines.h:54:2: warning: #warning "host_defines.h is an internal header file and must not be used directly.  This file will be removed in a future CUDA release.  Please use cuda_runtime_api.h or cuda_runtime.h instead." [-Wcpp]
[10.647s]  #warning "host_defines.h is an internal header file and must not be used directly.  This file will be removed in a future CUDA release.  Please use cuda_runtime_api.h or cuda_runtime.h instead."
[10.647s]   ^~~~~~~
[13.559s] In file included from /usr/local/include/eigen3/Eigen/Core:257:0,
[13.559s]                  from /usr/local/include/eigen3/Eigen/Dense:1,
[13.559s]                  from /home/chinchia120/autoware.ai/src/autoware/core_perception/ndt_gpu/include/ndt_gpu/Registration.h:10,
[13.559s]                  from /home/chinchia120/autoware.ai/src/autoware/core_perception/ndt_gpu/include/ndt_gpu/NormalDistributionsTransform.h:6,
[13.560s]                  from /home/chinchia120/autoware.ai/src/autoware/core_perception/ndt_gpu/src/NormalDistributionsTransform.cu:1:
[13.560s] /usr/local/cuda-10.0/include/host_defines.h:54:2: warning: #warning "host_defines.h is an internal header file and must not be used directly.  This file will be removed in a future CUDA release.  Please use cuda_runtime_api.h or cuda_runtime.h instead." [-Wcpp]
[13.560s]  #warning "host_defines.h is an internal header file and must not be used directly.  This file will be removed in a future CUDA release.  Please use cuda_runtime_api.h or cuda_runtime.h instead."
[13.560s]   ^~~~~~~
[52.851s] ptxas info    : 12 bytes gmem
[52.851s] ptxas info    : Compiling entry function '_ZN3gpu6gpuSumIiEEvPT_ii' for 'sm_52'
[52.851s] ptxas info    : Function properties for _ZN3gpu6gpuSumIiEEvPT_ii
[52.852s]     0 bytes stack frame, 0 bytes spill stores, 0 bytes spill loads
[52.852s] ptxas info    : Used 10 registers, 336 bytes cmem[0]
[52.852s] ptxas info    : Compiling entry function '_ZN3gpu6gpuSumIdEEvPT_ii' for 'sm_52'
[52.852s] ptxas info    : Function properties for _ZN3gpu6gpuSumIdEEvPT_ii
[52.853s]     0 bytes stack frame, 0 bytes spill stores, 0 bytes spill loads
[52.853s] ptxas info    : Used 11 registers, 336 bytes cmem[0]
[52.853s] ptxas info    : Compiling entry function '_ZN3gpu12gpuTransformEPfS0_S0_S0_S0_S0_iNS_12MatrixDeviceE' for 'sm_52'
[52.853s] ptxas info    : Function properties for _ZN3gpu12gpuTransformEPfS0_S0_S0_S0_S0_iNS_12MatrixDeviceE
[52.853s]     0 bytes stack frame, 0 bytes spill stores, 0 bytes spill loads
[52.854s] ptxas info    : Used 40 registers, 400 bytes cmem[0]
[52.854s] ptxas info    : Compiling entry function '_ZN3gpu8sumScoreEPdii' for 'sm_52'
[52.854s] ptxas info    : Function properties for _ZN3gpu8sumScoreEPdii
[52.854s]     0 bytes stack frame, 0 bytes spill stores, 0 bytes spill loads
[52.855s] ptxas info    : Used 12 registers, 336 bytes cmem[0]
[52.855s] ptxas info    : Compiling entry function '_ZN3gpu9matrixSumEPdiiiii' for 'sm_52'
[52.855s] ptxas info    : Function properties for _ZN3gpu9matrixSumEPdiiiii
[52.855s]     0 bytes stack frame, 0 bytes spill stores, 0 bytes spill loads
[52.855s] ptxas info    : Used 13 registers, 348 bytes cmem[0]
[52.856s] ptxas info    : Compiling entry function '_ZN3gpu20computeHessianListS2EPfS0_S0_PiS1_S1_iPdS2_S2_dS2_S2_S2_S2_S2_S2_S2_S2_S2_S2_S2_S2_i' for 'sm_52'
[52.856s] ptxas info    : Function properties for _ZN3gpu20computeHessianListS2EPfS0_S0_PiS1_S1_iPdS2_S2_dS2_S2_S2_S2_S2_S2_S2_S2_S2_S2_S2_S2_i
[52.856s]     0 bytes stack frame, 0 bytes spill stores, 0 bytes spill loads
[52.856s] ptxas info    : Used 40 registers, 508 bytes cmem[0]
[52.856s] ptxas info    : Compiling entry function '_ZN3gpu20computeHessianListS1EPfS0_S0_PiS1_S1_iPdS2_S2_ddS2_S2_S2_S2_S2_i' for 'sm_52'
[52.857s] ptxas info    : Function properties for _ZN3gpu20computeHessianListS1EPfS0_S0_PiS1_S1_iPdS2_S2_ddS2_S2_S2_S2_S2_i
[52.857s]     0 bytes stack frame, 0 bytes spill stores, 0 bytes spill loads
[52.857s] ptxas info    : Used 55 registers, 460 bytes cmem[0]
[52.857s] ptxas info    : Compiling entry function '_ZN3gpu20computeHessianListS0EPfS0_S0_PiS1_S1_iPdS2_S2_S2_S2_S2_S2_S2_S2_S2_S2_S2_S2_S2_i' for 'sm_52'
[52.857s] ptxas info    : Function properties for _ZN3gpu20computeHessianListS0EPfS0_S0_PiS1_S1_iPdS2_S2_S2_S2_S2_S2_S2_S2_S2_S2_S2_S2_S2_i
[52.858s]     0 bytes stack frame, 0 bytes spill stores, 0 bytes spill loads
[52.858s] ptxas info    : Used 32 registers, 492 bytes cmem[0]
[52.858s] ptxas info    : Compiling entry function '_ZN3gpu15computeCovDxdPiEPiS0_S0_iPdiddS1_S1_i' for 'sm_52'
[52.858s] ptxas info    : Function properties for _ZN3gpu15computeCovDxdPiEPiS0_S0_iPdiddS1_S1_i
[52.859s]     0 bytes stack frame, 0 bytes spill stores, 0 bytes spill loads
[52.860s] ptxas info    : Used 32 registers, 404 bytes cmem[0]
[52.860s] ptxas info    : Compiling entry function '_ZN3gpu12updateExCovXEPddi' for 'sm_52'
[52.860s] ptxas info    : Function properties for _ZN3gpu12updateExCovXEPddi
[52.860s]     0 bytes stack frame, 0 bytes spill stores, 0 bytes spill loads
[52.860s] ptxas info    : Used 8 registers, 340 bytes cmem[0]
[52.861s] ptxas info    : Compiling entry function '_ZN3gpu13computeExCovXEPfS0_S0_PiS1_S1_iPdS2_S2_ddS2_S2_S2_S2_S2_S2_S2_S2_S2_S2_' for 'sm_52'
[52.861s] ptxas info    : Function properties for _ZN3gpu13computeExCovXEPfS0_S0_PiS1_S1_iPdS2_S2_ddS2_S2_S2_S2_S2_S2_S2_S2_S2_S2_
[52.861s]     0 bytes stack frame, 0 bytes spill stores, 0 bytes spill loads
[52.861s] ptxas info    : Used 32 registers, 496 bytes cmem[0], 112 bytes cmem[2]
[52.861s] ptxas info    : Compiling entry function '_ZN3gpu24computeScoreGradientListEPfS0_S0_PiS1_S1_iPdS2_S2_iS2_S2_diS2_' for 'sm_52'
[52.862s] ptxas info    : Function properties for _ZN3gpu24computeScoreGradientListEPfS0_S0_PiS1_S1_iPdS2_S2_iS2_S2_diS2_
[52.862s]     0 bytes stack frame, 0 bytes spill stores, 0 bytes spill loads
[52.862s] ptxas info    : Used 40 registers, 448 bytes cmem[0]
[52.862s] ptxas info    : Compiling entry function '_ZN3gpu16computeScoreListEPiS0_iPddS1_' for 'sm_52'
[52.862s] ptxas info    : Function properties for _ZN3gpu16computeScoreListEPiS0_iPddS1_
[52.862s]     0 bytes stack frame, 0 bytes spill stores, 0 bytes spill loads
[52.863s] ptxas info    : Used 32 registers, 368 bytes cmem[0]
[52.863s] ptxas info    : Compiling entry function '_ZN3gpu20computePointHessian2EPfS0_S0_iPiiPdS2_S2_S2_' for 'sm_52'
[52.863s] ptxas info    : Function properties for _ZN3gpu20computePointHessian2EPfS0_S0_iPiiPdS2_S2_S2_
[52.863s]     0 bytes stack frame, 0 bytes spill stores, 0 bytes spill loads
[52.863s] ptxas info    : Used 32 registers, 72 bytes smem, 400 bytes cmem[0]
[52.863s] ptxas info    : Compiling entry function '_ZN3gpu20computePointHessian1EPfS0_S0_iPiiPdS2_S2_S2_S2_S2_S2_S2_S2_S2_' for 'sm_52'
[52.863s] ptxas info    : Function properties for _ZN3gpu20computePointHessian1EPfS0_S0_iPiiPdS2_S2_S2_S2_S2_S2_S2_S2_S2_
[52.864s]     0 bytes stack frame, 0 bytes spill stores, 0 bytes spill loads
[52.864s] ptxas info    : Used 56 registers, 144 bytes smem, 448 bytes cmem[0]
[52.864s] ptxas info    : Compiling entry function '_ZN3gpu20computePointHessian0EPfS0_S0_iPiiPdS2_S2_S2_S2_S2_S2_S2_S2_S2_S2_S2_S2_S2_S2_S2_' for 'sm_52'
[52.864s] ptxas info    : Function properties for _ZN3gpu20computePointHessian0EPfS0_S0_iPiiPdS2_S2_S2_S2_S2_S2_S2_S2_S2_S2_S2_S2_S2_S2_S2_
[52.864s]     0 bytes stack frame, 0 bytes spill stores, 0 bytes spill loads
[52.865s] ptxas info    : Used 56 registers, 144 bytes smem, 496 bytes cmem[0]
[52.865s] ptxas info    : Compiling entry function '_ZN3gpu22computePointGradients1EPfS0_S0_iPiiPdS2_S2_S2_S2_' for 'sm_52'
[52.865s] ptxas info    : Function properties for _ZN3gpu22computePointGradients1EPfS0_S0_iPiiPdS2_S2_S2_S2_
[52.865s]     0 bytes stack frame, 0 bytes spill stores, 0 bytes spill loads
[52.866s] ptxas info    : Used 40 registers, 96 bytes smem, 408 bytes cmem[0]
[52.866s] ptxas info    : Compiling entry function '_ZN3gpu22computePointGradients0EPfS0_S0_iPiiPdS2_S2_S2_S2_S2_S2_S2_' for 'sm_52'
[52.866s] ptxas info    : Function properties for _ZN3gpu22computePointGradients0EPfS0_S0_iPiiPdS2_S2_S2_S2_S2_S2_S2_
[52.866s]     0 bytes stack frame, 0 bytes spill stores, 0 bytes spill loads
[52.866s] ptxas info    : Used 40 registers, 96 bytes smem, 432 bytes cmem[0]
[53.256s] In file included from /usr/local/include/eigen3/Eigen/Core:257:0,
[53.256s]                  from /usr/local/include/eigen3/Eigen/Dense:1,
[53.257s]                  from /home/chinchia120/autoware.ai/src/autoware/core_perception/ndt_gpu/include/ndt_gpu/Registration.h:10,
[53.257s]                  from /home/chinchia120/autoware.ai/src/autoware/core_perception/ndt_gpu/include/ndt_gpu/NormalDistributionsTransform.h:6,
[53.257s]                  from /home/chinchia120/autoware.ai/src/autoware/core_perception/ndt_gpu/src/NormalDistributionsTransform.cu:1:
[53.257s] /usr/local/cuda-10.0/include/host_defines.h:54:2: warning: #warning "host_defines.h is an internal header file and must not be used directly.  This file will be removed in a future CUDA release.  Please use cuda_runtime_api.h or cuda_runtime.h instead." [-Wcpp]
[53.258s]  #warning "host_defines.h is an internal header file and must not be used directly.  This file will be removed in a future CUDA release.  Please use cuda_runtime_api.h or cuda_runtime.h instead."
[53.258s]   ^~~~~~~
[86.731s] [ 42%] [34m[1mBuilding NVCC (Device) object CMakeFiles/ndt_gpu.dir/src/ndt_gpu_generated_Registration.cu.o[0m
[87.095s] In file included from /usr/local/include/eigen3/Eigen/Core:257:0,
[87.096s]                  from /usr/local/include/eigen3/Eigen/Dense:1,
[87.096s]                  from /home/chinchia120/autoware.ai/src/autoware/core_perception/ndt_gpu/include/ndt_gpu/Registration.h:10,
[87.096s]                  from /home/chinchia120/autoware.ai/src/autoware/core_perception/ndt_gpu/src/Registration.cu:1:
[87.096s] /usr/local/cuda-10.0/include/host_defines.h:54:2: warning: #warning "host_defines.h is an internal header file and must not be used directly.  This file will be removed in a future CUDA release.  Please use cuda_runtime_api.h or cuda_runtime.h instead." [-Wcpp]
[87.097s]  #warning "host_defines.h is an internal header file and must not be used directly.  This file will be removed in a future CUDA release.  Please use cuda_runtime_api.h or cuda_runtime.h instead."
[87.097s]   ^~~~~~~
[88.964s] In file included from /usr/local/include/eigen3/Eigen/Core:257:0,
[88.964s]                  from /usr/local/include/eigen3/Eigen/Dense:1,
[88.964s]                  from /home/chinchia120/autoware.ai/src/autoware/core_perception/ndt_gpu/include/ndt_gpu/Registration.h:10,
[88.964s]                  from /home/chinchia120/autoware.ai/src/autoware/core_perception/ndt_gpu/src/Registration.cu:1:
[88.965s] /usr/local/cuda-10.0/include/host_defines.h:54:2: warning: #warning "host_defines.h is an internal header file and must not be used directly.  This file will be removed in a future CUDA release.  Please use cuda_runtime_api.h or cuda_runtime.h instead." [-Wcpp]
[88.965s]  #warning "host_defines.h is an internal header file and must not be used directly.  This file will be removed in a future CUDA release.  Please use cuda_runtime_api.h or cuda_runtime.h instead."
[88.965s]   ^~~~~~~
[91.316s] In file included from /usr/local/include/eigen3/Eigen/Core:257:0,
[91.316s]                  from /usr/local/include/eigen3/Eigen/Dense:1,
[91.317s]                  from /home/chinchia120/autoware.ai/src/autoware/core_perception/ndt_gpu/include/ndt_gpu/Registration.h:10,
[91.317s]                  from /home/chinchia120/autoware.ai/src/autoware/core_perception/ndt_gpu/src/Registration.cu:1:
[91.317s] /usr/local/cuda-10.0/include/host_defines.h:54:2: warning: #warning "host_defines.h is an internal header file and must not be used directly.  This file will be removed in a future CUDA release.  Please use cuda_runtime_api.h or cuda_runtime.h instead." [-Wcpp]
[91.317s]  #warning "host_defines.h is an internal header file and must not be used directly.  This file will be removed in a future CUDA release.  Please use cuda_runtime_api.h or cuda_runtime.h instead."
[91.317s]   ^~~~~~~
[97.197s] ptxas info    : 0 bytes gmem
[97.198s] ptxas info    : Compiling entry function '_ZN3gpu12convertInputIN3pcl8PointXYZEEEvPT_PfS5_S5_i' for 'sm_52'
[97.198s] ptxas info    : Function properties for _ZN3gpu12convertInputIN3pcl8PointXYZEEEvPT_PfS5_S5_i
[97.198s]     0 bytes stack frame, 0 bytes spill stores, 0 bytes spill loads
[97.198s] ptxas info    : Used 14 registers, 356 bytes cmem[0]
[97.198s] ptxas info    : Compiling entry function '_ZN3gpu12convertInputIN3pcl9PointXYZIEEEvPT_PfS5_S5_i' for 'sm_52'
[97.198s] ptxas info    : Function properties for _ZN3gpu12convertInputIN3pcl9PointXYZIEEEvPT_PfS5_S5_i
[97.198s]     0 bytes stack frame, 0 bytes spill stores, 0 bytes spill loads
[97.199s] ptxas info    : Used 14 registers, 356 bytes cmem[0]
[97.400s] In file included from /usr/local/include/eigen3/Eigen/Core:257:0,
[97.401s]                  from /usr/local/include/eigen3/Eigen/Dense:1,
[97.401s]                  from /home/chinchia120/autoware.ai/src/autoware/core_perception/ndt_gpu/include/ndt_gpu/Registration.h:10,
[97.401s]                  from /home/chinchia120/autoware.ai/src/autoware/core_perception/ndt_gpu/src/Registration.cu:1:
[97.401s] /usr/local/cuda-10.0/include/host_defines.h:54:2: warning: #warning "host_defines.h is an internal header file and must not be used directly.  This file will be removed in a future CUDA release.  Please use cuda_runtime_api.h or cuda_runtime.h instead." [-Wcpp]
[97.401s]  #warning "host_defines.h is an internal header file and must not be used directly.  This file will be removed in a future CUDA release.  Please use cuda_runtime_api.h or cuda_runtime.h instead."
[97.401s]   ^~~~~~~
[106.535s] [ 57%] [34m[1mBuilding NVCC (Device) object CMakeFiles/ndt_gpu.dir/src/ndt_gpu_generated_VoxelGrid.cu.o[0m
[113.425s] ptxas info    : 14 bytes gmem, 272 bytes cmem[3]
[113.425s] ptxas info    : Compiling entry function '_ZN6thrust8cuda_cub4core13_kernel_agentINS0_14__parallel_for16ParallelForAgentINS0_11__transform17unary_transform_fINS_10device_ptrIiEEPiNS5_14no_stencil_tagENS_8identityIiEENS5_21always_true_predicateEEElEESE_lEEvT0_T1_' for 'sm_52'
[113.426s] ptxas info    : Function properties for _ZN6thrust8cuda_cub4core13_kernel_agentINS0_14__parallel_for16ParallelForAgentINS0_11__transform17unary_transform_fINS_10device_ptrIiEEPiNS5_14no_stencil_tagENS_8identityIiEENS5_21always_true_predicateEEElEESE_lEEvT0_T1_
[113.427s]     0 bytes stack frame, 0 bytes spill stores, 0 bytes spill loads
[113.427s] ptxas info    : Used 8 registers, 352 bytes cmem[0]
[113.427s] ptxas info    : Compiling entry function '_ZN6thrust8cuda_cub4core13_kernel_agentINS0_14__parallel_for16ParallelForAgentINS0_11__transform17unary_transform_fIPKiNS_10device_ptrIiEENS5_14no_stencil_tagENS_8identityIiEENS5_21always_true_predicateEEElEESF_lEEvT0_T1_' for 'sm_52'
[113.427s] ptxas info    : Function properties for _ZN6thrust8cuda_cub4core13_kernel_agentINS0_14__parallel_for16ParallelForAgentINS0_11__transform17unary_transform_fIPKiNS_10device_ptrIiEENS5_14no_stencil_tagENS_8identityIiEENS5_21always_true_predicateEEElEESF_lEEvT0_T1_
[113.428s]     0 bytes stack frame, 0 bytes spill stores, 0 bytes spill loads
[113.428s] ptxas info    : Used 12 registers, 352 bytes cmem[0]
[113.428s] ptxas info    : Compiling entry function '_ZN6thrust8cuda_cub4core13_kernel_agentINS0_6__scan9ScanAgentINS_10device_ptrIiEES6_NS_4plusIiEEiiNS_6detail17integral_constantIbLb0EEEEES6_S6_S8_iNS0_3cub13ScanTileStateIiLb1EEENS3_22AddInitToExclusiveScanIiS8_EEEEvT0_T1_T2_T3_T4_T5_' for 'sm_52'
[113.428s] ptxas info    : Function properties for _ZN6thrust8cuda_cub4core13_kernel_agentINS0_6__scan9ScanAgentINS_10device_ptrIiEES6_NS_4plusIiEEiiNS_6detail17integral_constantIbLb0EEEEES6_S6_S8_iNS0_3cub13ScanTileStateIiLb1EEENS3_22AddInitToExclusiveScanIiS8_EEEEvT0_T1_T2_T3_T4_T5_
[113.429s]     0 bytes stack frame, 0 bytes spill stores, 0 bytes spill loads
[113.429s] ptxas info    : Used 47 registers, 360 bytes cmem[0], 4 bytes cmem[2]
[113.429s] ptxas info    : Compiling entry function '_ZN6thrust8cuda_cub4core13_kernel_agentINS0_6__scan9InitAgentINS0_3cub13ScanTileStateIiLb1EEEiEES7_iEEvT0_T1_' for 'sm_52'
[113.429s] ptxas info    : Function properties for _ZN6thrust8cuda_cub4core13_kernel_agentINS0_6__scan9InitAgentINS0_3cub13ScanTileStateIiLb1EEEiEES7_iEEvT0_T1_
[113.430s]     0 bytes stack frame, 0 bytes spill stores, 0 bytes spill loads
[113.430s] ptxas info    : Used 10 registers, 332 bytes cmem[0]
[113.430s] ptxas info    : Compiling entry function '_ZN6thrust8cuda_cub3cub11EmptyKernelIvEEvv' for 'sm_52'
[113.430s] ptxas info    : Function properties for _ZN6thrust8cuda_cub3cub11EmptyKernelIvEEvv
[113.430s]     0 bytes stack frame, 0 bytes spill stores, 0 bytes spill loads
[113.431s] ptxas info    : Used 2 registers, 320 bytes cmem[0]
[113.431s] ptxas info    : Compiling entry function 'verifyDistances' for 'sm_52'
[113.431s] ptxas info    : Function properties for verifyDistances
[113.431s]     0 bytes stack frame, 0 bytes spill stores, 0 bytes spill loads
[113.431s] ptxas info    : Used 11 registers, 348 bytes cmem[0]
[113.431s] ptxas info    : Compiling entry function 'nearestPointSearch' for 'sm_52'
[113.431s] ptxas info    : Function properties for nearestPointSearch
[113.431s]     0 bytes stack frame, 0 bytes spill stores, 0 bytes spill loads
[113.431s] ptxas info    : Used 28 registers, 448 bytes cmem[0], 16 bytes cmem[2]
[113.432s] ptxas info    : Compiling entry function 'nearestOctreeNodeSearch' for 'sm_52'
[113.432s] ptxas info    : Function properties for nearestOctreeNodeSearch
[113.432s]     0 bytes stack frame, 0 bytes spill stores, 0 bytes spill loads
[113.432s] ptxas info    : Used 56 registers, 408 bytes cmem[0], 20 bytes cmem[2]
[113.432s] ptxas info    : Compiling entry function 'scatterPointsToVoxels' for 'sm_52'
[113.432s] ptxas info    : Function properties for scatterPointsToVoxels
[113.432s]     0 bytes stack frame, 0 bytes spill stores, 0 bytes spill loads
[113.432s] ptxas info    : Used 19 registers, 408 bytes cmem[0], 12 bytes cmem[2]
[113.432s] ptxas info    : Compiling entry function 'insertPointsToGrid' for 'sm_52'
[113.433s] ptxas info    : Function properties for insertPointsToGrid
[113.433s]     0 bytes stack frame, 0 bytes spill stores, 0 bytes spill loads
[113.433s] ptxas info    : Used 19 registers, 400 bytes cmem[0], 12 bytes cmem[2]
[113.433s] ptxas info    : Compiling entry function 'buildParent' for 'sm_52'
[113.433s] ptxas info    : Function properties for buildParent
[113.433s]     0 bytes stack frame, 0 bytes spill stores, 0 bytes spill loads
[113.433s] ptxas info    : Used 32 registers, 380 bytes cmem[0], 32 bytes cmem[2]
[113.434s] ptxas info    : Compiling entry function 'collectValidVoxelCount' for 'sm_52'
[113.434s] ptxas info    : Function properties for collectValidVoxelCount
[113.434s]     0 bytes stack frame, 0 bytes spill stores, 0 bytes spill loads
[113.434s] ptxas info    : Used 10 registers, 348 bytes cmem[0]
[113.434s] ptxas info    : Compiling entry function 'collectValidVoxels' for 'sm_52'
[113.434s] ptxas info    : Function properties for collectValidVoxels
[113.434s]     0 bytes stack frame, 0 bytes spill stores, 0 bytes spill loads
[113.434s] ptxas info    : Used 11 registers, 356 bytes cmem[0]
[113.435s] ptxas info    : Compiling entry function 'inspectCandidateVoxels' for 'sm_52'
[113.435s] ptxas info    : Function properties for inspectCandidateVoxels
[113.435s]     0 bytes stack frame, 0 bytes spill stores, 0 bytes spill loads
[113.435s] ptxas info    : Used 39 registers, 424 bytes cmem[0], 20 bytes cmem[2]
[113.435s] ptxas info    : Compiling entry function 'updateCandidateVoxelIds' for 'sm_52'
[113.435s] ptxas info    : Function properties for updateCandidateVoxelIds
[113.435s]     0 bytes stack frame, 0 bytes spill stores, 0 bytes spill loads
[113.435s] ptxas info    : Used 32 registers, 400 bytes cmem[0]
[113.436s] ptxas info    : Compiling entry function 'collectValidPoints' for 'sm_52'
[113.436s] ptxas info    : Function properties for collectValidPoints
[113.436s]     0 bytes stack frame, 0 bytes spill stores, 0 bytes spill loads
[113.436s] ptxas info    : Used 11 registers, 348 bytes cmem[0]
[113.436s] ptxas info    : Compiling entry function 'findBoundariesOfCandidateVoxels' for 'sm_52'
[113.436s] ptxas info    : Function properties for findBoundariesOfCandidateVoxels
[113.436s]     0 bytes stack frame, 0 bytes spill stores, 0 bytes spill loads
[113.437s] ptxas info    : Used 27 registers, 448 bytes cmem[0], 12 bytes cmem[2]
[113.437s] ptxas info    : Compiling entry function 'findMin' for 'sm_52'
[113.437s] ptxas info    : Function properties for findMin
[113.437s]     0 bytes stack frame, 0 bytes spill stores, 0 bytes spill loads
[113.437s] ptxas info    : Used 17 registers, 352 bytes cmem[0]
[113.437s] ptxas info    : Compiling entry function 'findMax' for 'sm_52'
[113.437s] ptxas info    : Function properties for findMax
[113.437s]     0 bytes stack frame, 0 bytes spill stores, 0 bytes spill loads
[113.437s] ptxas info    : Used 17 registers, 352 bytes cmem[0]
[113.438s] ptxas info    : Compiling entry function 'updateEval2' for 'sm_52'
[113.438s] ptxas info    : Function properties for updateEval2
[113.438s]     0 bytes stack frame, 0 bytes spill stores, 0 bytes spill loads
[113.438s] ptxas info    : Used 20 registers, 344 bytes cmem[0], 8 bytes cmem[2]
[113.438s] ptxas info    : Compiling entry function 'updateEval' for 'sm_52'
[113.438s] ptxas info    : Function properties for updateEval
[113.438s]     0 bytes stack frame, 0 bytes spill stores, 0 bytes spill loads
[113.438s] ptxas info    : Used 20 registers, 408 bytes cmem[0]
[113.439s] ptxas info    : Compiling entry function 'computeEvec2' for 'sm_52'
[113.439s] ptxas info    : Function properties for computeEvec2
[113.439s]     0 bytes stack frame, 0 bytes spill stores, 0 bytes spill loads
[113.439s] ptxas info    : Used 32 registers, 408 bytes cmem[0]
[113.439s] ptxas info    : Compiling entry function 'computeEvec11' for 'sm_52'
[113.439s] ptxas info    : Function properties for computeEvec11
[113.439s]     16 bytes stack frame, 0 bytes spill stores, 0 bytes spill loads
[113.439s] ptxas info    : Used 40 registers, 408 bytes cmem[0], 52 bytes cmem[2]
[113.439s] ptxas info    : Compiling entry function 'computeEvec10' for 'sm_52'
[113.439s] ptxas info    : Function properties for computeEvec10
[113.440s]     0 bytes stack frame, 0 bytes spill stores, 0 bytes spill loads
[113.440s] ptxas info    : Used 48 registers, 408 bytes cmem[0], 28 bytes cmem[2]
[113.440s] ptxas info    : Compiling entry function 'computeEvec01' for 'sm_52'
[113.440s] ptxas info    : Function properties for computeEvec01
[113.440s]     0 bytes stack frame, 0 bytes spill stores, 0 bytes spill loads
[113.440s] ptxas info    : Used 40 registers, 408 bytes cmem[0], 44 bytes cmem[2]
[113.440s] ptxas info    : Compiling entry function 'computeEvec00' for 'sm_52'
[113.440s] ptxas info    : Function properties for computeEvec00
[113.441s]     0 bytes stack frame, 0 bytes spill stores, 0 bytes spill loads
[113.441s] ptxas info    : Used 56 registers, 408 bytes cmem[0]
[113.441s] ptxas info    : Compiling entry function 'computeEigenvalues' for 'sm_52'
[113.441s] ptxas info    : Function properties for computeEigenvalues
[113.441s]     48 bytes stack frame, 0 bytes spill stores, 0 bytes spill loads
[113.441s] ptxas info    : Used 55 registers, 408 bytes cmem[0], 332 bytes cmem[2]
[113.441s] ptxas info    : Function properties for __internal_trig_reduction_slowpathd
[113.441s]     0 bytes stack frame, 0 bytes spill stores, 0 bytes spill loads
[113.441s] ptxas info    : Compiling entry function 'normalize' for 'sm_52'
[113.442s] ptxas info    : Function properties for normalize
[113.442s]     0 bytes stack frame, 0 bytes spill stores, 0 bytes spill loads
[113.442s] ptxas info    : Used 56 registers, 408 bytes cmem[0], 20 bytes cmem[2]
[113.442s] ptxas info    : Compiling entry function 'initBoolean' for 'sm_52'
[113.442s] ptxas info    : Function properties for initBoolean
[113.442s]     0 bytes stack frame, 0 bytes spill stores, 0 bytes spill loads
[113.442s] ptxas info    : Used 8 registers, 332 bytes cmem[0]
[113.442s] ptxas info    : Compiling entry function 'computeInverseCovariance' for 'sm_52'
[113.442s] ptxas info    : Function properties for computeInverseCovariance
[113.442s]     0 bytes stack frame, 0 bytes spill stores, 0 bytes spill loads
[113.443s] ptxas info    : Used 40 registers, 352 bytes cmem[0], 20 bytes cmem[2]
[113.443s] ptxas info    : Compiling entry function 'updateCovarianceS1' for 'sm_52'
[113.443s] ptxas info    : Function properties for updateCovarianceS1
[113.443s]     0 bytes stack frame, 0 bytes spill stores, 0 bytes spill loads
[113.443s] ptxas info    : Used 32 registers, 368 bytes cmem[0]
[113.443s] ptxas info    : Compiling entry function 'updateCovarianceS0' for 'sm_52'
[113.443s] ptxas info    : Function properties for updateCovarianceS0
[113.443s]     0 bytes stack frame, 0 bytes spill stores, 0 bytes spill loads
[113.443s] ptxas info    : Used 26 registers, 356 bytes cmem[0]
[113.444s] ptxas info    : Compiling entry function 'computeInverseEigenvectors' for 'sm_52'
[113.444s] ptxas info    : Function properties for computeInverseEigenvectors
[113.444s]     0 bytes stack frame, 0 bytes spill stores, 0 bytes spill loads
[113.456s] ptxas info    : Used 40 registers, 356 bytes cmem[0], 20 bytes cmem[2]
[113.456s] ptxas info    : Compiling entry function 'updateVoxelCovariance' for 'sm_52'
[113.456s] ptxas info    : Function properties for updateVoxelCovariance
[113.457s]     0 bytes stack frame, 0 bytes spill stores, 0 bytes spill loads
[113.457s] ptxas info    : Used 48 registers, 360 bytes cmem[0], 32 bytes cmem[2]
[113.457s] ptxas info    : Compiling entry function 'updateVoxelCentroid' for 'sm_52'
[113.457s] ptxas info    : Function properties for updateVoxelCentroid
[113.457s]     0 bytes stack frame, 0 bytes spill stores, 0 bytes spill loads
[113.457s] ptxas info    : Used 30 registers, 340 bytes cmem[0], 32 bytes cmem[2]
[113.457s] ptxas info    : Compiling entry function 'initCentroidAndCovariance' for 'sm_52'
[113.457s] ptxas info    : Function properties for initCentroidAndCovariance
[113.457s]     0 bytes stack frame, 0 bytes spill stores, 0 bytes spill loads
[113.457s] ptxas info    : Used 46 registers, 380 bytes cmem[0], 8 bytes cmem[2]
[119.284s] [ 71%] [34m[1mBuilding NVCC (Device) object CMakeFiles/ndt_gpu.dir/src/ndt_gpu_generated_MatrixHost.cu.o[0m
[120.726s] ptxas info    : 0 bytes gmem
[120.726s] ptxas info    : Compiling entry function 'copyMatrixDevToDev' for 'sm_52'
[120.726s] ptxas info    : Function properties for copyMatrixDevToDev
[120.726s]     0 bytes stack frame, 0 bytes spill stores, 0 bytes spill loads
[120.726s] ptxas info    : Used 7 registers, 368 bytes cmem[0]
[122.128s] [ 85%] [34m[1mBuilding NVCC (Device) object CMakeFiles/ndt_gpu.dir/src/ndt_gpu_generated_MatrixDevice.cu.o[0m
[123.099s] ptxas info    : 0 bytes gmem
[123.995s] [35m[1mScanning dependencies of target ndt_gpu[0m
[124.095s] [100%] [32m[1mLinking CXX shared library devel/lib/libndt_gpu.so[0m
[125.663s] [100%] Built target ndt_gpu
[125.838s] Invoked command in '/home/chinchia120/autoware.ai/build/ndt_gpu' returned '0': CMAKE_PREFIX_PATH=/home/chinchia120/autoware.ai/install/autoware_build_flags:${CMAKE_PREFIX_PATH} PKG_CONFIG_PATH=/home/chinchia120/autoware.ai/install/autoware_build_flags/lib/x86_64-linux-gnu/pkgconfig:/home/chinchia120/autoware.ai/install/autoware_build_flags/lib/pkgconfig:${PKG_CONFIG_PATH} ROS_PACKAGE_PATH=/home/chinchia120/autoware.ai/install/autoware_build_flags/share:${ROS_PACKAGE_PATH} /usr/bin/cmake --build /home/chinchia120/autoware.ai/build/ndt_gpu -- -j4 -l4
[125.967s] Invoking command in '/home/chinchia120/autoware.ai/build/ndt_gpu': CMAKE_PREFIX_PATH=/home/chinchia120/autoware.ai/install/autoware_build_flags:${CMAKE_PREFIX_PATH} PKG_CONFIG_PATH=/home/chinchia120/autoware.ai/install/autoware_build_flags/lib/x86_64-linux-gnu/pkgconfig:/home/chinchia120/autoware.ai/install/autoware_build_flags/lib/pkgconfig:${PKG_CONFIG_PATH} ROS_PACKAGE_PATH=/home/chinchia120/autoware.ai/install/autoware_build_flags/share:${ROS_PACKAGE_PATH} /usr/bin/cmake --build /home/chinchia120/autoware.ai/build/ndt_gpu --target tests -- -j4 -l4
[126.107s] -- CUDA compilation status: 1.
[126.108s] -- Using CATKIN_DEVEL_PREFIX: /home/chinchia120/autoware.ai/build/ndt_gpu/devel
[126.108s] -- Using CMAKE_PREFIX_PATH: /home/chinchia120/autoware.ai/install/autoware_build_flags;/home/chinchia120/catkin_ws/devel;/opt/ros/melodic
[126.109s] -- This workspace overlays: /home/chinchia120/autoware.ai/install/autoware_build_flags;/home/chinchia120/catkin_ws/devel;/opt/ros/melodic
[126.132s] -- Found PythonInterp: /usr/bin/python2 (found suitable version "2.7.17", minimum required is "2") 
[126.133s] -- Using PYTHON_EXECUTABLE: /usr/bin/python2
[126.136s] -- Using Debian Python package layout
[126.137s] -- Using empy: /usr/bin/empy
[126.613s] -- Using CATKIN_ENABLE_TESTING: ON
[126.613s] -- Call enable_testing()
[126.613s] -- Using CATKIN_TEST_RESULTS_DIR: /home/chinchia120/autoware.ai/build/ndt_gpu/test_results
[126.613s] -- Found gtest sources under '/usr/src/googletest': gtests will be built
[126.614s] -- Found gmock sources under '/usr/src/googletest': gmock will be built
[126.614s] -- Found PythonInterp: /usr/bin/python2 (found version "2.7.17") 
[126.614s] -- Using Python nosetests: /usr/bin/nosetests-2.7
[126.691s] -- catkin 0.7.29
[126.691s] -- BUILD_SHARED_LIBS is on
[126.922s] -- Boost version: 1.65.1
[126.922s] -- Found the following Boost libraries:
[126.922s] --   system
[126.922s] --   filesystem
[126.922s] --   thread
[126.923s] --   date_time
[126.923s] --   iostreams
[126.923s] --   serialization
[126.924s] --   chrono
[126.924s] --   atomic
[126.924s] --   regex
[126.938s] -- Could NOT find ensenso (missing: ENSENSO_LIBRARY ENSENSO_INCLUDE_DIR) 
[126.938s] ** WARNING ** io features related to ensenso will be disabled
[126.959s] -- Could NOT find DAVIDSDK (missing: DAVIDSDK_LIBRARY DAVIDSDK_INCLUDE_DIR) 
[126.959s] -- Could NOT find DSSDK (missing: _DSSDK_LIBRARIES) 
[126.959s] ** WARNING ** io features related to davidSDK will be disabled
[126.959s] ** WARNING ** io features related to dssdk will be disabled
[126.960s] ** WARNING ** io features related to pcap will be disabled
[126.960s] ** WARNING ** io features related to png will be disabled
[127.101s] -- The imported target "vtkRenderingPythonTkWidgets" references the file
[127.101s]    "/usr/lib/x86_64-linux-gnu/libvtkRenderingPythonTkWidgets.so"
[127.102s] but this file does not exist.  Possible reasons include:
[127.102s] * The file was deleted, renamed, or moved to another location.
[127.102s] * An install or uninstall procedure did not complete successfully.
[127.102s] * The installation package was faulty and contained
[127.102s]    "/usr/lib/cmake/vtk-6.3/VTKTargets.cmake"
[127.102s] but not all the files it references.
[127.103s] 
[127.105s] -- The imported target "vtk" references the file
[127.105s]    "/usr/bin/vtk"
[127.105s] but this file does not exist.  Possible reasons include:
[127.106s] * The file was deleted, renamed, or moved to another location.
[127.106s] * An install or uninstall procedure did not complete successfully.
[127.106s] * The installation package was faulty and contained
[127.106s]    "/usr/lib/cmake/vtk-6.3/VTKTargets.cmake"
[127.106s] but not all the files it references.
[127.107s] 
[127.241s] ** WARNING ** io features related to libusb-1.0 will be disabled
[127.350s] -- Could NOT find ensenso (missing: ENSENSO_LIBRARY ENSENSO_INCLUDE_DIR) 
[127.351s] ** WARNING ** visualization features related to ensenso will be disabled
[127.355s] -- Could NOT find DAVIDSDK (missing: DAVIDSDK_LIBRARY DAVIDSDK_INCLUDE_DIR) 
[127.356s] ** WARNING ** visualization features related to davidSDK will be disabled
[127.358s] -- Could NOT find DSSDK (missing: _DSSDK_LIBRARIES) 
[127.358s] ** WARNING ** visualization features related to dssdk will be disabled
[127.360s] -- Could NOT find RSSDK (missing: _RSSDK_LIBRARIES) 
[127.361s] ** WARNING ** visualization features related to rssdk will be disabled
[127.530s] -- looking for PCL_COMMON
[127.533s] -- looking for PCL_OCTREE
[127.537s] -- looking for PCL_IO
[127.543s] -- looking for PCL_KDTREE
[127.548s] -- looking for PCL_SEARCH
[127.551s] -- looking for PCL_SAMPLE_CONSENSUS
[127.555s] -- looking for PCL_FILTERS
[127.558s] -- looking for PCL_2D
[127.560s] -- looking for PCL_GEOMETRY
[127.562s] -- looking for PCL_FEATURES
[127.566s] -- looking for PCL_ML
[127.570s] -- looking for PCL_SEGMENTATION
[127.575s] -- looking for PCL_VISUALIZATION
[127.579s] -- looking for PCL_SURFACE
[127.582s] -- looking for PCL_REGISTRATION
[127.585s] -- looking for PCL_KEYPOINTS
[127.590s] -- looking for PCL_TRACKING
[127.594s] -- looking for PCL_RECOGNITION
[127.599s] -- looking for PCL_STEREO
[127.603s] -- looking for PCL_APPS
[127.616s] -- looking for PCL_IN_HAND_SCANNER
[127.619s] -- looking for PCL_MODELER
[127.621s] -- looking for PCL_POINT_CLOUD_EDITOR
[127.624s] -- looking for PCL_OUTOFCORE
[127.628s] -- looking for PCL_PEOPLE
[128.822s] -- Configuring done
[129.172s] -- Generating done
[129.184s] -- Build files have been written to: /home/chinchia120/autoware.ai/build/ndt_gpu
[129.272s] [35m[1mScanning dependencies of target tests[0m
[129.298s] Built target tests
[129.319s] Invoked command in '/home/chinchia120/autoware.ai/build/ndt_gpu' returned '0': CMAKE_PREFIX_PATH=/home/chinchia120/autoware.ai/install/autoware_build_flags:${CMAKE_PREFIX_PATH} PKG_CONFIG_PATH=/home/chinchia120/autoware.ai/install/autoware_build_flags/lib/x86_64-linux-gnu/pkgconfig:/home/chinchia120/autoware.ai/install/autoware_build_flags/lib/pkgconfig:${PKG_CONFIG_PATH} ROS_PACKAGE_PATH=/home/chinchia120/autoware.ai/install/autoware_build_flags/share:${ROS_PACKAGE_PATH} /usr/bin/cmake --build /home/chinchia120/autoware.ai/build/ndt_gpu --target tests -- -j4 -l4
[129.450s] Invoking command in '/home/chinchia120/autoware.ai/build/ndt_gpu': CMAKE_PREFIX_PATH=/home/chinchia120/autoware.ai/install/autoware_build_flags:${CMAKE_PREFIX_PATH} PKG_CONFIG_PATH=/home/chinchia120/autoware.ai/install/autoware_build_flags/lib/x86_64-linux-gnu/pkgconfig:/home/chinchia120/autoware.ai/install/autoware_build_flags/lib/pkgconfig:${PKG_CONFIG_PATH} ROS_PACKAGE_PATH=/home/chinchia120/autoware.ai/install/autoware_build_flags/share:${ROS_PACKAGE_PATH} /usr/bin/cmake --build /home/chinchia120/autoware.ai/build/ndt_gpu --target install -- -j4 -l4
[129.867s] [ 14%] [32m[1mLinking CXX shared library devel/lib/libndt_gpu.so[0m
[130.933s] [100%] Built target ndt_gpu
[130.990s] [36mInstall the project...[0m
[131.009s] -- Install configuration: "Release"
[131.009s] -- Installing: /home/chinchia120/autoware.ai/install/ndt_gpu/lib/pkgconfig/ndt_gpu.pc
[131.010s] -- Installing: /home/chinchia120/autoware.ai/install/ndt_gpu/share/ndt_gpu/cmake/ndt_gpuConfig.cmake
[131.011s] -- Installing: /home/chinchia120/autoware.ai/install/ndt_gpu/share/ndt_gpu/cmake/ndt_gpuConfig-version.cmake
[131.029s] -- Installing: /home/chinchia120/autoware.ai/install/ndt_gpu/share/ndt_gpu/package.xml
[131.030s] -- Installing: /home/chinchia120/autoware.ai/install/ndt_gpu/include/ndt_gpu
[131.031s] -- Installing: /home/chinchia120/autoware.ai/install/ndt_gpu/include/ndt_gpu/MatrixHost.h
[131.032s] -- Installing: /home/chinchia120/autoware.ai/install/ndt_gpu/include/ndt_gpu/MatrixDevice.h
[131.033s] -- Installing: /home/chinchia120/autoware.ai/install/ndt_gpu/include/ndt_gpu/Registration.h
[131.033s] -- Installing: /home/chinchia120/autoware.ai/install/ndt_gpu/include/ndt_gpu/NormalDistributionsTransform.h
[131.034s] -- Installing: /home/chinchia120/autoware.ai/install/ndt_gpu/include/ndt_gpu/VoxelGrid.h
[131.035s] -- Installing: /home/chinchia120/autoware.ai/install/ndt_gpu/include/ndt_gpu/SymmetricEigenSolver.h
[131.035s] -- Installing: /home/chinchia120/autoware.ai/install/ndt_gpu/include/ndt_gpu/debug.h
[131.036s] -- Installing: /home/chinchia120/autoware.ai/install/ndt_gpu/include/ndt_gpu/Matrix.h
[131.036s] -- Installing: /home/chinchia120/autoware.ai/install/ndt_gpu/include/ndt_gpu/common.h
[131.037s] -- Installing: /home/chinchia120/autoware.ai/install/ndt_gpu/lib/libndt_gpu.so
[131.041s] -- Set runtime path of "/home/chinchia120/autoware.ai/install/ndt_gpu/lib/libndt_gpu.so" to ""
[131.053s] Invoked command in '/home/chinchia120/autoware.ai/build/ndt_gpu' returned '0': CMAKE_PREFIX_PATH=/home/chinchia120/autoware.ai/install/autoware_build_flags:${CMAKE_PREFIX_PATH} PKG_CONFIG_PATH=/home/chinchia120/autoware.ai/install/autoware_build_flags/lib/x86_64-linux-gnu/pkgconfig:/home/chinchia120/autoware.ai/install/autoware_build_flags/lib/pkgconfig:${PKG_CONFIG_PATH} ROS_PACKAGE_PATH=/home/chinchia120/autoware.ai/install/autoware_build_flags/share:${ROS_PACKAGE_PATH} /usr/bin/cmake --build /home/chinchia120/autoware.ai/build/ndt_gpu --target install -- -j4 -l4
