[0.045s] Invoking command in '/home/chinchia120/autoware.ai/build/ndt_tku': /usr/bin/cmake /home/chinchia120/autoware.ai/src/autoware/core_perception/ndt_tku -DCMAKE_BUILD_TYPE=Release -DCATKIN_INSTALL_INTO_PREFIX_ROOT=0 -DCMAKE_INSTALL_PREFIX=/home/chinchia120/autoware.ai/install/ndt_tku
[0.232s] -- The C compiler identification is GNU 7.5.0
[0.372s] -- The CXX compiler identification is GNU 7.5.0
[0.383s] -- Check for working C compiler: /usr/bin/cc
[0.556s] -- Check for working C compiler: /usr/bin/cc -- works
[0.557s] -- Detecting C compiler ABI info
[0.736s] -- Detecting C compiler ABI info - done
[0.759s] -- Detecting C compile features
[1.322s] -- Detecting C compile features - done
[1.327s] -- Check for working CXX compiler: /usr/bin/c++
[1.510s] -- Check for working CXX compiler: /usr/bin/c++ -- works
[1.512s] -- Detecting CXX compiler ABI info
[1.682s] -- Detecting CXX compiler ABI info - done
[1.703s] -- Detecting CXX compile features
[2.602s] -- Detecting CXX compile features - done
[2.607s] -- Using CATKIN_DEVEL_PREFIX: /home/chinchia120/autoware.ai/build/ndt_tku/devel
[2.608s] -- Using CMAKE_PREFIX_PATH: /home/chinchia120/catkin_ws/devel;/opt/ros/melodic
[2.610s] -- This workspace overlays: /home/chinchia120/catkin_ws/devel;/opt/ros/melodic
[2.642s] -- Found PythonInterp: /usr/bin/python2 (found suitable version "2.7.17", minimum required is "2") 
[2.643s] -- Using PYTHON_EXECUTABLE: /usr/bin/python2
[2.643s] -- Using Debian Python package layout
[2.644s] -- Using empy: /usr/bin/empy
[2.962s] -- Using CATKIN_ENABLE_TESTING: ON
[2.962s] -- Call enable_testing()
[2.968s] -- Using CATKIN_TEST_RESULTS_DIR: /home/chinchia120/autoware.ai/build/ndt_tku/test_results
[3.006s] -- Found gtest sources under '/usr/src/googletest': gtests will be built
[3.007s] -- Found gmock sources under '/usr/src/googletest': gmock will be built
[3.039s] -- Found PythonInterp: /usr/bin/python2 (found version "2.7.17") 
[3.042s] -- Looking for pthread.h
[3.218s] -- Looking for pthread.h - found
[3.219s] -- Looking for pthread_create
[3.382s] -- Looking for pthread_create - not found
[3.383s] -- Looking for pthread_create in pthreads
[3.526s] -- Looking for pthread_create in pthreads - not found
[3.527s] -- Looking for pthread_create in pthread
[3.706s] -- Looking for pthread_create in pthread - found
[3.708s] -- Found Threads: TRUE  
[3.718s] -- Using Python nosetests: /usr/bin/nosetests-2.7
[3.790s] -- catkin 0.7.29
[3.790s] -- BUILD_SHARED_LIBS is on
[4.258s] -- Found GLUT: /usr/lib/x86_64-linux-gnu/libglut.so  
[4.263s] -- Configuring done
[4.292s] -- Generating done
[4.297s] -- Build files have been written to: /home/chinchia120/autoware.ai/build/ndt_tku
[4.305s] Invoked command in '/home/chinchia120/autoware.ai/build/ndt_tku' returned '0': /usr/bin/cmake /home/chinchia120/autoware.ai/src/autoware/core_perception/ndt_tku -DCMAKE_BUILD_TYPE=Release -DCATKIN_INSTALL_INTO_PREFIX_ROOT=0 -DCMAKE_INSTALL_PREFIX=/home/chinchia120/autoware.ai/install/ndt_tku
[4.311s] Invoking command in '/home/chinchia120/autoware.ai/build/ndt_tku': /usr/bin/cmake --build /home/chinchia120/autoware.ai/build/ndt_tku -- -j4 -l4
[4.401s] [35m[1mScanning dependencies of target ndt_tku[0m
[4.436s] [ 25%] [32mBuilding CXX object CMakeFiles/ndt_tku.dir/src/algebra.cpp.o[0m
[5.001s] [ 50%] [32mBuilding CXX object CMakeFiles/ndt_tku.dir/src/manage_ND.cpp.o[0m
[5.441s] [ 75%] [32mBuilding CXX object CMakeFiles/ndt_tku.dir/src/newton.cpp.o[0m
[6.052s] [100%] [32m[1mLinking CXX shared library devel/lib/libndt_tku.so[0m
[6.141s] [100%] Built target ndt_tku
[6.173s] Invoked command in '/home/chinchia120/autoware.ai/build/ndt_tku' returned '0': /usr/bin/cmake --build /home/chinchia120/autoware.ai/build/ndt_tku -- -j4 -l4
[6.295s] Invoking command in '/home/chinchia120/autoware.ai/build/ndt_tku': /usr/bin/cmake --build /home/chinchia120/autoware.ai/build/ndt_tku --target tests -- -j4 -l4
[6.419s] [35m[1mScanning dependencies of target tests[0m
[6.449s] Built target tests
[6.481s] Invoked command in '/home/chinchia120/autoware.ai/build/ndt_tku' returned '0': /usr/bin/cmake --build /home/chinchia120/autoware.ai/build/ndt_tku --target tests -- -j4 -l4
[6.620s] Invoking command in '/home/chinchia120/autoware.ai/build/ndt_tku': /usr/bin/cmake --build /home/chinchia120/autoware.ai/build/ndt_tku --target install -- -j4 -l4
[6.766s] [100%] Built target ndt_tku
[6.815s] [36mInstall the project...[0m
[6.836s] -- Install configuration: "Release"
[6.837s] -- Installing: /home/chinchia120/autoware.ai/install/ndt_tku/lib/pkgconfig/ndt_tku.pc
[6.837s] -- Installing: /home/chinchia120/autoware.ai/install/ndt_tku/share/ndt_tku/cmake/ndt_tkuConfig.cmake
[6.843s] -- Installing: /home/chinchia120/autoware.ai/install/ndt_tku/share/ndt_tku/cmake/ndt_tkuConfig-version.cmake
[6.843s] -- Installing: /home/chinchia120/autoware.ai/install/ndt_tku/share/ndt_tku/package.xml
[6.844s] -- Installing: /home/chinchia120/autoware.ai/install/ndt_tku/lib/libndt_tku.so
[6.845s] -- Installing: /home/chinchia120/autoware.ai/install/ndt_tku/include
[6.845s] -- Installing: /home/chinchia120/autoware.ai/install/ndt_tku/include/ndt.h
[6.846s] -- Installing: /home/chinchia120/autoware.ai/install/ndt_tku/include/algebra.h
[6.855s] Invoked command in '/home/chinchia120/autoware.ai/build/ndt_tku' returned '0': /usr/bin/cmake --build /home/chinchia120/autoware.ai/build/ndt_tku --target install -- -j4 -l4
