[0.107s] Invoking command in '/home/chinchia120/autoware.ai/build/lanelet2_examples': CMAKE_PREFIX_PATH=/home/chinchia120/autoware.ai/install/lanelet2_python:/home/chinchia120/autoware.ai/install/lanelet2_routing:/home/chinchia120/autoware.ai/install/lanelet2_projection:/home/chinchia120/autoware.ai/install/lanelet2_traffic_rules:/home/chinchia120/autoware.ai/install/lanelet2_io:/home/chinchia120/autoware.ai/install/lanelet2_core:/home/chinchia120/autoware.ai/install/mrt_cmake_modules:${CMAKE_PREFIX_PATH} LD_LIBRARY_PATH=/home/chinchia120/autoware.ai/install/lanelet2_routing/lib:/home/chinchia120/autoware.ai/install/lanelet2_projection/lib:/home/chinchia120/autoware.ai/install/lanelet2_traffic_rules/lib:/home/chinchia120/autoware.ai/install/lanelet2_io/lib:/home/chinchia120/autoware.ai/install/lanelet2_core/lib:${LD_LIBRARY_PATH} PKG_CONFIG_PATH=/home/chinchia120/autoware.ai/install/lanelet2_python/lib/x86_64-linux-gnu/pkgconfig:/home/chinchia120/autoware.ai/install/lanelet2_python/lib/pkgconfig:/home/chinchia120/autoware.ai/install/lanelet2_routing/lib/x86_64-linux-gnu/pkgconfig:/home/chinchia120/autoware.ai/install/lanelet2_routing/lib/pkgconfig:/home/chinchia120/autoware.ai/install/lanelet2_projection/lib/x86_64-linux-gnu/pkgconfig:/home/chinchia120/autoware.ai/install/lanelet2_projection/lib/pkgconfig:/home/chinchia120/autoware.ai/install/lanelet2_traffic_rules/lib/x86_64-linux-gnu/pkgconfig:/home/chinchia120/autoware.ai/install/lanelet2_traffic_rules/lib/pkgconfig:/home/chinchia120/autoware.ai/install/lanelet2_io/lib/x86_64-linux-gnu/pkgconfig:/home/chinchia120/autoware.ai/install/lanelet2_io/lib/pkgconfig:/home/chinchia120/autoware.ai/install/lanelet2_core/lib/x86_64-linux-gnu/pkgconfig:/home/chinchia120/autoware.ai/install/lanelet2_core/lib/pkgconfig:/home/chinchia120/autoware.ai/install/mrt_cmake_modules/lib/x86_64-linux-gnu/pkgconfig:/home/chinchia120/autoware.ai/install/mrt_cmake_modules/lib/pkgconfig:${PKG_CONFIG_PATH} PYTHONPATH=/home/chinchia120/autoware.ai/install/lanelet2_python/lib/python2.7/dist-packages:/home/chinchia120/autoware.ai/install/mrt_cmake_modules/lib/python2.7/dist-packages:${PYTHONPATH} ROS_PACKAGE_PATH=/home/chinchia120/autoware.ai/install/lanelet2_python/share:/home/chinchia120/autoware.ai/install/lanelet2_routing/share:/home/chinchia120/autoware.ai/install/lanelet2_projection/share:/home/chinchia120/autoware.ai/install/lanelet2_traffic_rules/share:/home/chinchia120/autoware.ai/install/lanelet2_io/share:/home/chinchia120/autoware.ai/install/lanelet2_core/share:/home/chinchia120/autoware.ai/install/mrt_cmake_modules/share:${ROS_PACKAGE_PATH} /usr/bin/cmake /home/chinchia120/autoware.ai/src/vendor/lanelet2/lanelet2_examples -DCMAKE_BUILD_TYPE=Release -DCATKIN_INSTALL_INTO_PREFIX_ROOT=0 -DCMAKE_INSTALL_PREFIX=/home/chinchia120/autoware.ai/install/lanelet2_examples
[0.258s] -- The C compiler identification is GNU 7.5.0
[0.387s] -- The CXX compiler identification is GNU 7.5.0
[0.395s] -- Check for working C compiler: /usr/bin/cc
[0.565s] -- Check for working C compiler: /usr/bin/cc -- works
[0.565s] -- Detecting C compiler ABI info
[0.761s] -- Detecting C compiler ABI info - done
[0.792s] -- Detecting C compile features
[1.346s] -- Detecting C compile features - done
[1.351s] -- Check for working CXX compiler: /usr/bin/c++
[1.538s] -- Check for working CXX compiler: /usr/bin/c++ -- works
[1.539s] -- Detecting CXX compiler ABI info
[1.745s] -- Detecting CXX compiler ABI info - done
[1.766s] -- Detecting CXX compile features
[2.656s] -- Detecting CXX compile features - done
[2.674s] -- MRT_ARCH not set and X86 target detected (x86_64)
[2.674s] -- Setting -march to sandybridge
[3.381s] -- Found OpenMP_C: -fopenmp (found version "4.5") 
[3.586s] -- Found OpenMP_CXX: -fopenmp (found version "4.5") 
[3.588s] -- Found OpenMP: TRUE (found version "4.5")  
[3.595s] -- Performing Test FLAG_AVAILABLE
[3.777s] -- Performing Test FLAG_AVAILABLE - Success
[3.787s] -- Using CATKIN_DEVEL_PREFIX: /home/chinchia120/autoware.ai/build/lanelet2_examples/devel
[3.788s] -- Using CMAKE_PREFIX_PATH: /home/chinchia120/autoware.ai/install/lanelet2_python;/home/chinchia120/autoware.ai/install/lanelet2_routing;/home/chinchia120/autoware.ai/install/lanelet2_projection;/home/chinchia120/autoware.ai/install/lanelet2_traffic_rules;/home/chinchia120/autoware.ai/install/lanelet2_io;/home/chinchia120/autoware.ai/install/lanelet2_core;/home/chinchia120/autoware.ai/install/mrt_cmake_modules;/home/chinchia120/catkin_ws/devel;/opt/ros/melodic
[3.788s] -- This workspace overlays: /home/chinchia120/autoware.ai/install/lanelet2_python;/home/chinchia120/autoware.ai/install/lanelet2_routing;/home/chinchia120/autoware.ai/install/lanelet2_projection;/home/chinchia120/autoware.ai/install/lanelet2_traffic_rules;/home/chinchia120/autoware.ai/install/lanelet2_io;/home/chinchia120/autoware.ai/install/lanelet2_core;/home/chinchia120/autoware.ai/install/mrt_cmake_modules;/home/chinchia120/catkin_ws/devel;/opt/ros/melodic
[3.816s] -- Found PythonInterp: /usr/bin/python2 (found suitable version "2.7.17", minimum required is "2") 
[3.817s] -- Using PYTHON_EXECUTABLE: /usr/bin/python2
[3.817s] -- Using Debian Python package layout
[3.817s] -- Using empy: /usr/bin/empy
[4.114s] -- Using CATKIN_ENABLE_TESTING: ON
[4.114s] -- Call enable_testing()
[4.118s] -- Using CATKIN_TEST_RESULTS_DIR: /home/chinchia120/autoware.ai/build/lanelet2_examples/test_results
[4.149s] -- Found gtest sources under '/usr/src/googletest': gtests will be built
[4.149s] -- Found gmock sources under '/usr/src/googletest': gmock will be built
[4.176s] -- Found PythonInterp: /usr/bin/python2 (found version "2.7.17") 
[4.178s] -- Looking for pthread.h
[4.349s] -- Looking for pthread.h - found
[4.349s] -- Looking for pthread_create
[4.530s] -- Looking for pthread_create - found
[4.532s] -- Found Threads: TRUE  
[4.540s] -- Using Python nosetests: /usr/bin/nosetests-2.7
[4.629s] -- catkin 0.7.29
[4.629s] -- BUILD_SHARED_LIBS is on
[6.373s] -- Adding executable "01_dealing_with_lanelet_primitives"
[6.376s] -- Adding executable "02_regulatory_elements"
[6.378s] -- Adding executable "03_lanelet_map"
[6.380s] -- Adding executable "04_reading_and_writing"
[6.383s] -- Adding executable "05_traffic_rules"
[6.385s] -- Adding executable "06_routing"
[6.386s] -- Marking targets "lanelet2_examples-01_dealing_with_lanelet_primitives-exec;lanelet2_examples-02_regulatory_elements-exec;lanelet2_examples-03_lanelet_map-exec;lanelet2_examples-04_reading_and_writing-exec;lanelet2_examples-05_traffic_rules-exec;lanelet2_examples-06_routing-exec" of package "lanelet2_examples" for installation
[6.387s] -- Marking PYTHON PROGRAM "tutorial.py" of package "lanelet2_examples" for installation
[6.392s] -- Adding nosetests in folder test
[6.398s] -- Configuring done
[6.569s] -- Generating done
[6.580s] -- Build files have been written to: /home/chinchia120/autoware.ai/build/lanelet2_examples
[6.588s] Invoked command in '/home/chinchia120/autoware.ai/build/lanelet2_examples' returned '0': CMAKE_PREFIX_PATH=/home/chinchia120/autoware.ai/install/lanelet2_python:/home/chinchia120/autoware.ai/install/lanelet2_routing:/home/chinchia120/autoware.ai/install/lanelet2_projection:/home/chinchia120/autoware.ai/install/lanelet2_traffic_rules:/home/chinchia120/autoware.ai/install/lanelet2_io:/home/chinchia120/autoware.ai/install/lanelet2_core:/home/chinchia120/autoware.ai/install/mrt_cmake_modules:${CMAKE_PREFIX_PATH} LD_LIBRARY_PATH=/home/chinchia120/autoware.ai/install/lanelet2_routing/lib:/home/chinchia120/autoware.ai/install/lanelet2_projection/lib:/home/chinchia120/autoware.ai/install/lanelet2_traffic_rules/lib:/home/chinchia120/autoware.ai/install/lanelet2_io/lib:/home/chinchia120/autoware.ai/install/lanelet2_core/lib:${LD_LIBRARY_PATH} PKG_CONFIG_PATH=/home/chinchia120/autoware.ai/install/lanelet2_python/lib/x86_64-linux-gnu/pkgconfig:/home/chinchia120/autoware.ai/install/lanelet2_python/lib/pkgconfig:/home/chinchia120/autoware.ai/install/lanelet2_routing/lib/x86_64-linux-gnu/pkgconfig:/home/chinchia120/autoware.ai/install/lanelet2_routing/lib/pkgconfig:/home/chinchia120/autoware.ai/install/lanelet2_projection/lib/x86_64-linux-gnu/pkgconfig:/home/chinchia120/autoware.ai/install/lanelet2_projection/lib/pkgconfig:/home/chinchia120/autoware.ai/install/lanelet2_traffic_rules/lib/x86_64-linux-gnu/pkgconfig:/home/chinchia120/autoware.ai/install/lanelet2_traffic_rules/lib/pkgconfig:/home/chinchia120/autoware.ai/install/lanelet2_io/lib/x86_64-linux-gnu/pkgconfig:/home/chinchia120/autoware.ai/install/lanelet2_io/lib/pkgconfig:/home/chinchia120/autoware.ai/install/lanelet2_core/lib/x86_64-linux-gnu/pkgconfig:/home/chinchia120/autoware.ai/install/lanelet2_core/lib/pkgconfig:/home/chinchia120/autoware.ai/install/mrt_cmake_modules/lib/x86_64-linux-gnu/pkgconfig:/home/chinchia120/autoware.ai/install/mrt_cmake_modules/lib/pkgconfig:${PKG_CONFIG_PATH} PYTHONPATH=/home/chinchia120/autoware.ai/install/lanelet2_python/lib/python2.7/dist-packages:/home/chinchia120/autoware.ai/install/mrt_cmake_modules/lib/python2.7/dist-packages:${PYTHONPATH} ROS_PACKAGE_PATH=/home/chinchia120/autoware.ai/install/lanelet2_python/share:/home/chinchia120/autoware.ai/install/lanelet2_routing/share:/home/chinchia120/autoware.ai/install/lanelet2_projection/share:/home/chinchia120/autoware.ai/install/lanelet2_traffic_rules/share:/home/chinchia120/autoware.ai/install/lanelet2_io/share:/home/chinchia120/autoware.ai/install/lanelet2_core/share:/home/chinchia120/autoware.ai/install/mrt_cmake_modules/share:${ROS_PACKAGE_PATH} /usr/bin/cmake /home/chinchia120/autoware.ai/src/vendor/lanelet2/lanelet2_examples -DCMAKE_BUILD_TYPE=Release -DCATKIN_INSTALL_INTO_PREFIX_ROOT=0 -DCMAKE_INSTALL_PREFIX=/home/chinchia120/autoware.ai/install/lanelet2_examples
[6.596s] Invoking command in '/home/chinchia120/autoware.ai/build/lanelet2_examples': CMAKE_PREFIX_PATH=/home/chinchia120/autoware.ai/install/lanelet2_python:/home/chinchia120/autoware.ai/install/lanelet2_routing:/home/chinchia120/autoware.ai/install/lanelet2_projection:/home/chinchia120/autoware.ai/install/lanelet2_traffic_rules:/home/chinchia120/autoware.ai/install/lanelet2_io:/home/chinchia120/autoware.ai/install/lanelet2_core:/home/chinchia120/autoware.ai/install/mrt_cmake_modules:${CMAKE_PREFIX_PATH} LD_LIBRARY_PATH=/home/chinchia120/autoware.ai/install/lanelet2_routing/lib:/home/chinchia120/autoware.ai/install/lanelet2_projection/lib:/home/chinchia120/autoware.ai/install/lanelet2_traffic_rules/lib:/home/chinchia120/autoware.ai/install/lanelet2_io/lib:/home/chinchia120/autoware.ai/install/lanelet2_core/lib:${LD_LIBRARY_PATH} PKG_CONFIG_PATH=/home/chinchia120/autoware.ai/install/lanelet2_python/lib/x86_64-linux-gnu/pkgconfig:/home/chinchia120/autoware.ai/install/lanelet2_python/lib/pkgconfig:/home/chinchia120/autoware.ai/install/lanelet2_routing/lib/x86_64-linux-gnu/pkgconfig:/home/chinchia120/autoware.ai/install/lanelet2_routing/lib/pkgconfig:/home/chinchia120/autoware.ai/install/lanelet2_projection/lib/x86_64-linux-gnu/pkgconfig:/home/chinchia120/autoware.ai/install/lanelet2_projection/lib/pkgconfig:/home/chinchia120/autoware.ai/install/lanelet2_traffic_rules/lib/x86_64-linux-gnu/pkgconfig:/home/chinchia120/autoware.ai/install/lanelet2_traffic_rules/lib/pkgconfig:/home/chinchia120/autoware.ai/install/lanelet2_io/lib/x86_64-linux-gnu/pkgconfig:/home/chinchia120/autoware.ai/install/lanelet2_io/lib/pkgconfig:/home/chinchia120/autoware.ai/install/lanelet2_core/lib/x86_64-linux-gnu/pkgconfig:/home/chinchia120/autoware.ai/install/lanelet2_core/lib/pkgconfig:/home/chinchia120/autoware.ai/install/mrt_cmake_modules/lib/x86_64-linux-gnu/pkgconfig:/home/chinchia120/autoware.ai/install/mrt_cmake_modules/lib/pkgconfig:${PKG_CONFIG_PATH} PYTHONPATH=/home/chinchia120/autoware.ai/install/lanelet2_python/lib/python2.7/dist-packages:/home/chinchia120/autoware.ai/install/mrt_cmake_modules/lib/python2.7/dist-packages:${PYTHONPATH} ROS_PACKAGE_PATH=/home/chinchia120/autoware.ai/install/lanelet2_python/share:/home/chinchia120/autoware.ai/install/lanelet2_routing/share:/home/chinchia120/autoware.ai/install/lanelet2_projection/share:/home/chinchia120/autoware.ai/install/lanelet2_traffic_rules/share:/home/chinchia120/autoware.ai/install/lanelet2_io/share:/home/chinchia120/autoware.ai/install/lanelet2_core/share:/home/chinchia120/autoware.ai/install/mrt_cmake_modules/share:${ROS_PACKAGE_PATH} /usr/bin/cmake --build /home/chinchia120/autoware.ai/build/lanelet2_examples -- -j4 -l4
[6.711s] [35m[1mScanning dependencies of target _catkin_empty_exported_target[0m
[6.741s] [  0%] Built target _catkin_empty_exported_target
[6.775s] [35m[1mScanning dependencies of target lanelet2_examples-01_dealing_with_lanelet_primitives-exec[0m
[6.936s] [  8%] [32mBuilding CXX object CMakeFiles/lanelet2_examples-01_dealing_with_lanelet_primitives-exec.dir/src/01_dealing_with_lanelet_primitives/main.cpp.o[0m
[22.929s] [ 16%] [32m[1mLinking CXX executable devel/lib/lanelet2_examples/01_dealing_with_lanelet_primitives[0m
[23.052s] [ 16%] Built target lanelet2_examples-01_dealing_with_lanelet_primitives-exec
[23.075s] [35m[1mScanning dependencies of target lanelet2_examples-03_lanelet_map-exec[0m
[23.177s] [ 25%] [32mBuilding CXX object CMakeFiles/lanelet2_examples-03_lanelet_map-exec.dir/src/03_lanelet_map/main.cpp.o[0m
[36.033s] [ 33%] [32m[1mLinking CXX executable devel/lib/lanelet2_examples/03_lanelet_map[0m
[36.173s] [ 33%] Built target lanelet2_examples-03_lanelet_map-exec
[36.206s] [35m[1mScanning dependencies of target lanelet2_examples-04_reading_and_writing-exec[0m
[36.303s] [ 41%] [32mBuilding CXX object CMakeFiles/lanelet2_examples-04_reading_and_writing-exec.dir/src/04_reading_and_writing/main.cpp.o[0m
[42.237s] [ 50%] [32m[1mLinking CXX executable devel/lib/lanelet2_examples/04_reading_and_writing[0m
[42.367s] [ 50%] Built target lanelet2_examples-04_reading_and_writing-exec
[42.389s] [35m[1mScanning dependencies of target lanelet2_examples-05_traffic_rules-exec[0m
[42.497s] [ 58%] [32mBuilding CXX object CMakeFiles/lanelet2_examples-05_traffic_rules-exec.dir/src/05_traffic_rules/main.cpp.o[0m
[51.240s] [ 66%] [32m[1mLinking CXX executable devel/lib/lanelet2_examples/05_traffic_rules[0m
[51.365s] [ 66%] Built target lanelet2_examples-05_traffic_rules-exec
[51.398s] [35m[1mScanning dependencies of target lanelet2_examples-06_routing-exec[0m
[51.508s] [ 75%] [32mBuilding CXX object CMakeFiles/lanelet2_examples-06_routing-exec.dir/src/06_routing/main.cpp.o[0m
[63.979s] [ 83%] [32m[1mLinking CXX executable devel/lib/lanelet2_examples/06_routing[0m
[64.115s] [ 83%] Built target lanelet2_examples-06_routing-exec
[64.138s] [35m[1mScanning dependencies of target lanelet2_examples-02_regulatory_elements-exec[0m
[64.232s] [ 91%] [32mBuilding CXX object CMakeFiles/lanelet2_examples-02_regulatory_elements-exec.dir/src/02_regulatory_elements/main.cpp.o[0m
[73.959s] [100%] [32m[1mLinking CXX executable devel/lib/lanelet2_examples/02_regulatory_elements[0m
[74.084s] [100%] Built target lanelet2_examples-02_regulatory_elements-exec
[74.107s] Invoked command in '/home/chinchia120/autoware.ai/build/lanelet2_examples' returned '0': CMAKE_PREFIX_PATH=/home/chinchia120/autoware.ai/install/lanelet2_python:/home/chinchia120/autoware.ai/install/lanelet2_routing:/home/chinchia120/autoware.ai/install/lanelet2_projection:/home/chinchia120/autoware.ai/install/lanelet2_traffic_rules:/home/chinchia120/autoware.ai/install/lanelet2_io:/home/chinchia120/autoware.ai/install/lanelet2_core:/home/chinchia120/autoware.ai/install/mrt_cmake_modules:${CMAKE_PREFIX_PATH} LD_LIBRARY_PATH=/home/chinchia120/autoware.ai/install/lanelet2_routing/lib:/home/chinchia120/autoware.ai/install/lanelet2_projection/lib:/home/chinchia120/autoware.ai/install/lanelet2_traffic_rules/lib:/home/chinchia120/autoware.ai/install/lanelet2_io/lib:/home/chinchia120/autoware.ai/install/lanelet2_core/lib:${LD_LIBRARY_PATH} PKG_CONFIG_PATH=/home/chinchia120/autoware.ai/install/lanelet2_python/lib/x86_64-linux-gnu/pkgconfig:/home/chinchia120/autoware.ai/install/lanelet2_python/lib/pkgconfig:/home/chinchia120/autoware.ai/install/lanelet2_routing/lib/x86_64-linux-gnu/pkgconfig:/home/chinchia120/autoware.ai/install/lanelet2_routing/lib/pkgconfig:/home/chinchia120/autoware.ai/install/lanelet2_projection/lib/x86_64-linux-gnu/pkgconfig:/home/chinchia120/autoware.ai/install/lanelet2_projection/lib/pkgconfig:/home/chinchia120/autoware.ai/install/lanelet2_traffic_rules/lib/x86_64-linux-gnu/pkgconfig:/home/chinchia120/autoware.ai/install/lanelet2_traffic_rules/lib/pkgconfig:/home/chinchia120/autoware.ai/install/lanelet2_io/lib/x86_64-linux-gnu/pkgconfig:/home/chinchia120/autoware.ai/install/lanelet2_io/lib/pkgconfig:/home/chinchia120/autoware.ai/install/lanelet2_core/lib/x86_64-linux-gnu/pkgconfig:/home/chinchia120/autoware.ai/install/lanelet2_core/lib/pkgconfig:/home/chinchia120/autoware.ai/install/mrt_cmake_modules/lib/x86_64-linux-gnu/pkgconfig:/home/chinchia120/autoware.ai/install/mrt_cmake_modules/lib/pkgconfig:${PKG_CONFIG_PATH} PYTHONPATH=/home/chinchia120/autoware.ai/install/lanelet2_python/lib/python2.7/dist-packages:/home/chinchia120/autoware.ai/install/mrt_cmake_modules/lib/python2.7/dist-packages:${PYTHONPATH} ROS_PACKAGE_PATH=/home/chinchia120/autoware.ai/install/lanelet2_python/share:/home/chinchia120/autoware.ai/install/lanelet2_routing/share:/home/chinchia120/autoware.ai/install/lanelet2_projection/share:/home/chinchia120/autoware.ai/install/lanelet2_traffic_rules/share:/home/chinchia120/autoware.ai/install/lanelet2_io/share:/home/chinchia120/autoware.ai/install/lanelet2_core/share:/home/chinchia120/autoware.ai/install/mrt_cmake_modules/share:${ROS_PACKAGE_PATH} /usr/bin/cmake --build /home/chinchia120/autoware.ai/build/lanelet2_examples -- -j4 -l4
[74.265s] Invoking command in '/home/chinchia120/autoware.ai/build/lanelet2_examples': CMAKE_PREFIX_PATH=/home/chinchia120/autoware.ai/install/lanelet2_python:/home/chinchia120/autoware.ai/install/lanelet2_routing:/home/chinchia120/autoware.ai/install/lanelet2_projection:/home/chinchia120/autoware.ai/install/lanelet2_traffic_rules:/home/chinchia120/autoware.ai/install/lanelet2_io:/home/chinchia120/autoware.ai/install/lanelet2_core:/home/chinchia120/autoware.ai/install/mrt_cmake_modules:${CMAKE_PREFIX_PATH} LD_LIBRARY_PATH=/home/chinchia120/autoware.ai/install/lanelet2_routing/lib:/home/chinchia120/autoware.ai/install/lanelet2_projection/lib:/home/chinchia120/autoware.ai/install/lanelet2_traffic_rules/lib:/home/chinchia120/autoware.ai/install/lanelet2_io/lib:/home/chinchia120/autoware.ai/install/lanelet2_core/lib:${LD_LIBRARY_PATH} PKG_CONFIG_PATH=/home/chinchia120/autoware.ai/install/lanelet2_python/lib/x86_64-linux-gnu/pkgconfig:/home/chinchia120/autoware.ai/install/lanelet2_python/lib/pkgconfig:/home/chinchia120/autoware.ai/install/lanelet2_routing/lib/x86_64-linux-gnu/pkgconfig:/home/chinchia120/autoware.ai/install/lanelet2_routing/lib/pkgconfig:/home/chinchia120/autoware.ai/install/lanelet2_projection/lib/x86_64-linux-gnu/pkgconfig:/home/chinchia120/autoware.ai/install/lanelet2_projection/lib/pkgconfig:/home/chinchia120/autoware.ai/install/lanelet2_traffic_rules/lib/x86_64-linux-gnu/pkgconfig:/home/chinchia120/autoware.ai/install/lanelet2_traffic_rules/lib/pkgconfig:/home/chinchia120/autoware.ai/install/lanelet2_io/lib/x86_64-linux-gnu/pkgconfig:/home/chinchia120/autoware.ai/install/lanelet2_io/lib/pkgconfig:/home/chinchia120/autoware.ai/install/lanelet2_core/lib/x86_64-linux-gnu/pkgconfig:/home/chinchia120/autoware.ai/install/lanelet2_core/lib/pkgconfig:/home/chinchia120/autoware.ai/install/mrt_cmake_modules/lib/x86_64-linux-gnu/pkgconfig:/home/chinchia120/autoware.ai/install/mrt_cmake_modules/lib/pkgconfig:${PKG_CONFIG_PATH} PYTHONPATH=/home/chinchia120/autoware.ai/install/lanelet2_python/lib/python2.7/dist-packages:/home/chinchia120/autoware.ai/install/mrt_cmake_modules/lib/python2.7/dist-packages:${PYTHONPATH} ROS_PACKAGE_PATH=/home/chinchia120/autoware.ai/install/lanelet2_python/share:/home/chinchia120/autoware.ai/install/lanelet2_routing/share:/home/chinchia120/autoware.ai/install/lanelet2_projection/share:/home/chinchia120/autoware.ai/install/lanelet2_traffic_rules/share:/home/chinchia120/autoware.ai/install/lanelet2_io/share:/home/chinchia120/autoware.ai/install/lanelet2_core/share:/home/chinchia120/autoware.ai/install/mrt_cmake_modules/share:${ROS_PACKAGE_PATH} /usr/bin/cmake --build /home/chinchia120/autoware.ai/build/lanelet2_examples --target tests -- -j4 -l4
[74.412s] [35m[1mScanning dependencies of target tests[0m
[74.444s] Built target tests
[74.476s] Invoked command in '/home/chinchia120/autoware.ai/build/lanelet2_examples' returned '0': CMAKE_PREFIX_PATH=/home/chinchia120/autoware.ai/install/lanelet2_python:/home/chinchia120/autoware.ai/install/lanelet2_routing:/home/chinchia120/autoware.ai/install/lanelet2_projection:/home/chinchia120/autoware.ai/install/lanelet2_traffic_rules:/home/chinchia120/autoware.ai/install/lanelet2_io:/home/chinchia120/autoware.ai/install/lanelet2_core:/home/chinchia120/autoware.ai/install/mrt_cmake_modules:${CMAKE_PREFIX_PATH} LD_LIBRARY_PATH=/home/chinchia120/autoware.ai/install/lanelet2_routing/lib:/home/chinchia120/autoware.ai/install/lanelet2_projection/lib:/home/chinchia120/autoware.ai/install/lanelet2_traffic_rules/lib:/home/chinchia120/autoware.ai/install/lanelet2_io/lib:/home/chinchia120/autoware.ai/install/lanelet2_core/lib:${LD_LIBRARY_PATH} PKG_CONFIG_PATH=/home/chinchia120/autoware.ai/install/lanelet2_python/lib/x86_64-linux-gnu/pkgconfig:/home/chinchia120/autoware.ai/install/lanelet2_python/lib/pkgconfig:/home/chinchia120/autoware.ai/install/lanelet2_routing/lib/x86_64-linux-gnu/pkgconfig:/home/chinchia120/autoware.ai/install/lanelet2_routing/lib/pkgconfig:/home/chinchia120/autoware.ai/install/lanelet2_projection/lib/x86_64-linux-gnu/pkgconfig:/home/chinchia120/autoware.ai/install/lanelet2_projection/lib/pkgconfig:/home/chinchia120/autoware.ai/install/lanelet2_traffic_rules/lib/x86_64-linux-gnu/pkgconfig:/home/chinchia120/autoware.ai/install/lanelet2_traffic_rules/lib/pkgconfig:/home/chinchia120/autoware.ai/install/lanelet2_io/lib/x86_64-linux-gnu/pkgconfig:/home/chinchia120/autoware.ai/install/lanelet2_io/lib/pkgconfig:/home/chinchia120/autoware.ai/install/lanelet2_core/lib/x86_64-linux-gnu/pkgconfig:/home/chinchia120/autoware.ai/install/lanelet2_core/lib/pkgconfig:/home/chinchia120/autoware.ai/install/mrt_cmake_modules/lib/x86_64-linux-gnu/pkgconfig:/home/chinchia120/autoware.ai/install/mrt_cmake_modules/lib/pkgconfig:${PKG_CONFIG_PATH} PYTHONPATH=/home/chinchia120/autoware.ai/install/lanelet2_python/lib/python2.7/dist-packages:/home/chinchia120/autoware.ai/install/mrt_cmake_modules/lib/python2.7/dist-packages:${PYTHONPATH} ROS_PACKAGE_PATH=/home/chinchia120/autoware.ai/install/lanelet2_python/share:/home/chinchia120/autoware.ai/install/lanelet2_routing/share:/home/chinchia120/autoware.ai/install/lanelet2_projection/share:/home/chinchia120/autoware.ai/install/lanelet2_traffic_rules/share:/home/chinchia120/autoware.ai/install/lanelet2_io/share:/home/chinchia120/autoware.ai/install/lanelet2_core/share:/home/chinchia120/autoware.ai/install/mrt_cmake_modules/share:${ROS_PACKAGE_PATH} /usr/bin/cmake --build /home/chinchia120/autoware.ai/build/lanelet2_examples --target tests -- -j4 -l4
[74.669s] Invoking command in '/home/chinchia120/autoware.ai/build/lanelet2_examples': CMAKE_PREFIX_PATH=/home/chinchia120/autoware.ai/install/lanelet2_python:/home/chinchia120/autoware.ai/install/lanelet2_routing:/home/chinchia120/autoware.ai/install/lanelet2_projection:/home/chinchia120/autoware.ai/install/lanelet2_traffic_rules:/home/chinchia120/autoware.ai/install/lanelet2_io:/home/chinchia120/autoware.ai/install/lanelet2_core:/home/chinchia120/autoware.ai/install/mrt_cmake_modules:${CMAKE_PREFIX_PATH} LD_LIBRARY_PATH=/home/chinchia120/autoware.ai/install/lanelet2_routing/lib:/home/chinchia120/autoware.ai/install/lanelet2_projection/lib:/home/chinchia120/autoware.ai/install/lanelet2_traffic_rules/lib:/home/chinchia120/autoware.ai/install/lanelet2_io/lib:/home/chinchia120/autoware.ai/install/lanelet2_core/lib:${LD_LIBRARY_PATH} PKG_CONFIG_PATH=/home/chinchia120/autoware.ai/install/lanelet2_python/lib/x86_64-linux-gnu/pkgconfig:/home/chinchia120/autoware.ai/install/lanelet2_python/lib/pkgconfig:/home/chinchia120/autoware.ai/install/lanelet2_routing/lib/x86_64-linux-gnu/pkgconfig:/home/chinchia120/autoware.ai/install/lanelet2_routing/lib/pkgconfig:/home/chinchia120/autoware.ai/install/lanelet2_projection/lib/x86_64-linux-gnu/pkgconfig:/home/chinchia120/autoware.ai/install/lanelet2_projection/lib/pkgconfig:/home/chinchia120/autoware.ai/install/lanelet2_traffic_rules/lib/x86_64-linux-gnu/pkgconfig:/home/chinchia120/autoware.ai/install/lanelet2_traffic_rules/lib/pkgconfig:/home/chinchia120/autoware.ai/install/lanelet2_io/lib/x86_64-linux-gnu/pkgconfig:/home/chinchia120/autoware.ai/install/lanelet2_io/lib/pkgconfig:/home/chinchia120/autoware.ai/install/lanelet2_core/lib/x86_64-linux-gnu/pkgconfig:/home/chinchia120/autoware.ai/install/lanelet2_core/lib/pkgconfig:/home/chinchia120/autoware.ai/install/mrt_cmake_modules/lib/x86_64-linux-gnu/pkgconfig:/home/chinchia120/autoware.ai/install/mrt_cmake_modules/lib/pkgconfig:${PKG_CONFIG_PATH} PYTHONPATH=/home/chinchia120/autoware.ai/install/lanelet2_python/lib/python2.7/dist-packages:/home/chinchia120/autoware.ai/install/mrt_cmake_modules/lib/python2.7/dist-packages:${PYTHONPATH} ROS_PACKAGE_PATH=/home/chinchia120/autoware.ai/install/lanelet2_python/share:/home/chinchia120/autoware.ai/install/lanelet2_routing/share:/home/chinchia120/autoware.ai/install/lanelet2_projection/share:/home/chinchia120/autoware.ai/install/lanelet2_traffic_rules/share:/home/chinchia120/autoware.ai/install/lanelet2_io/share:/home/chinchia120/autoware.ai/install/lanelet2_core/share:/home/chinchia120/autoware.ai/install/mrt_cmake_modules/share:${ROS_PACKAGE_PATH} /usr/bin/cmake --build /home/chinchia120/autoware.ai/build/lanelet2_examples --target install -- -j4 -l4
[74.799s] [  0%] Built target _catkin_empty_exported_target
[74.877s] [ 16%] Built target lanelet2_examples-01_dealing_with_lanelet_primitives-exec
[74.943s] [ 33%] Built target lanelet2_examples-03_lanelet_map-exec
[75.018s] [ 50%] Built target lanelet2_examples-04_reading_and_writing-exec
[75.089s] [ 66%] Built target lanelet2_examples-05_traffic_rules-exec
[75.172s] [ 83%] Built target lanelet2_examples-06_routing-exec
[75.249s] [100%] Built target lanelet2_examples-02_regulatory_elements-exec
[75.300s] [36mInstall the project...[0m
[75.321s] -- Install configuration: "Release"
[75.321s] -- Installing: /home/chinchia120/autoware.ai/install/lanelet2_examples/lib/pkgconfig/lanelet2_examples.pc
[75.322s] -- Installing: /home/chinchia120/autoware.ai/install/lanelet2_examples/share/lanelet2_examples/cmake/lanelet2_examplesConfig.cmake
[75.322s] -- Installing: /home/chinchia120/autoware.ai/install/lanelet2_examples/share/lanelet2_examples/cmake/lanelet2_examplesConfig-version.cmake
[75.322s] -- Installing: /home/chinchia120/autoware.ai/install/lanelet2_examples/share/lanelet2_examples/package.xml
[75.322s] -- Installing: /home/chinchia120/autoware.ai/install/lanelet2_examples/lib/lanelet2_examples/01_dealing_with_lanelet_primitives
[75.323s] -- Set runtime path of "/home/chinchia120/autoware.ai/install/lanelet2_examples/lib/lanelet2_examples/01_dealing_with_lanelet_primitives" to ""
[75.323s] -- Installing: /home/chinchia120/autoware.ai/install/lanelet2_examples/lib/lanelet2_examples/02_regulatory_elements
[75.324s] -- Set runtime path of "/home/chinchia120/autoware.ai/install/lanelet2_examples/lib/lanelet2_examples/02_regulatory_elements" to ""
[75.324s] -- Installing: /home/chinchia120/autoware.ai/install/lanelet2_examples/lib/lanelet2_examples/03_lanelet_map
[75.325s] -- Set runtime path of "/home/chinchia120/autoware.ai/install/lanelet2_examples/lib/lanelet2_examples/03_lanelet_map" to ""
[75.325s] -- Installing: /home/chinchia120/autoware.ai/install/lanelet2_examples/lib/lanelet2_examples/04_reading_and_writing
[75.326s] -- Set runtime path of "/home/chinchia120/autoware.ai/install/lanelet2_examples/lib/lanelet2_examples/04_reading_and_writing" to ""
[75.326s] -- Installing: /home/chinchia120/autoware.ai/install/lanelet2_examples/lib/lanelet2_examples/05_traffic_rules
[75.327s] -- Set runtime path of "/home/chinchia120/autoware.ai/install/lanelet2_examples/lib/lanelet2_examples/05_traffic_rules" to ""
[75.327s] -- Installing: /home/chinchia120/autoware.ai/install/lanelet2_examples/lib/lanelet2_examples/06_routing
[75.328s] -- Set runtime path of "/home/chinchia120/autoware.ai/install/lanelet2_examples/lib/lanelet2_examples/06_routing" to ""
[75.328s] -- Installing: /home/chinchia120/autoware.ai/install/lanelet2_examples/lib/lanelet2_examples/tutorial.py
[75.333s] Invoked command in '/home/chinchia120/autoware.ai/build/lanelet2_examples' returned '0': CMAKE_PREFIX_PATH=/home/chinchia120/autoware.ai/install/lanelet2_python:/home/chinchia120/autoware.ai/install/lanelet2_routing:/home/chinchia120/autoware.ai/install/lanelet2_projection:/home/chinchia120/autoware.ai/install/lanelet2_traffic_rules:/home/chinchia120/autoware.ai/install/lanelet2_io:/home/chinchia120/autoware.ai/install/lanelet2_core:/home/chinchia120/autoware.ai/install/mrt_cmake_modules:${CMAKE_PREFIX_PATH} LD_LIBRARY_PATH=/home/chinchia120/autoware.ai/install/lanelet2_routing/lib:/home/chinchia120/autoware.ai/install/lanelet2_projection/lib:/home/chinchia120/autoware.ai/install/lanelet2_traffic_rules/lib:/home/chinchia120/autoware.ai/install/lanelet2_io/lib:/home/chinchia120/autoware.ai/install/lanelet2_core/lib:${LD_LIBRARY_PATH} PKG_CONFIG_PATH=/home/chinchia120/autoware.ai/install/lanelet2_python/lib/x86_64-linux-gnu/pkgconfig:/home/chinchia120/autoware.ai/install/lanelet2_python/lib/pkgconfig:/home/chinchia120/autoware.ai/install/lanelet2_routing/lib/x86_64-linux-gnu/pkgconfig:/home/chinchia120/autoware.ai/install/lanelet2_routing/lib/pkgconfig:/home/chinchia120/autoware.ai/install/lanelet2_projection/lib/x86_64-linux-gnu/pkgconfig:/home/chinchia120/autoware.ai/install/lanelet2_projection/lib/pkgconfig:/home/chinchia120/autoware.ai/install/lanelet2_traffic_rules/lib/x86_64-linux-gnu/pkgconfig:/home/chinchia120/autoware.ai/install/lanelet2_traffic_rules/lib/pkgconfig:/home/chinchia120/autoware.ai/install/lanelet2_io/lib/x86_64-linux-gnu/pkgconfig:/home/chinchia120/autoware.ai/install/lanelet2_io/lib/pkgconfig:/home/chinchia120/autoware.ai/install/lanelet2_core/lib/x86_64-linux-gnu/pkgconfig:/home/chinchia120/autoware.ai/install/lanelet2_core/lib/pkgconfig:/home/chinchia120/autoware.ai/install/mrt_cmake_modules/lib/x86_64-linux-gnu/pkgconfig:/home/chinchia120/autoware.ai/install/mrt_cmake_modules/lib/pkgconfig:${PKG_CONFIG_PATH} PYTHONPATH=/home/chinchia120/autoware.ai/install/lanelet2_python/lib/python2.7/dist-packages:/home/chinchia120/autoware.ai/install/mrt_cmake_modules/lib/python2.7/dist-packages:${PYTHONPATH} ROS_PACKAGE_PATH=/home/chinchia120/autoware.ai/install/lanelet2_python/share:/home/chinchia120/autoware.ai/install/lanelet2_routing/share:/home/chinchia120/autoware.ai/install/lanelet2_projection/share:/home/chinchia120/autoware.ai/install/lanelet2_traffic_rules/share:/home/chinchia120/autoware.ai/install/lanelet2_io/share:/home/chinchia120/autoware.ai/install/lanelet2_core/share:/home/chinchia120/autoware.ai/install/mrt_cmake_modules/share:${ROS_PACKAGE_PATH} /usr/bin/cmake --build /home/chinchia120/autoware.ai/build/lanelet2_examples --target install -- -j4 -l4
