[0.040s] Invoking command in '/home/chinchia120/autoware.ai/build/autoware_driveworks_gmsl_interface': CMAKE_PREFIX_PATH=/home/chinchia120/autoware.ai/install/autoware_build_flags:${CMAKE_PREFIX_PATH} PKG_CONFIG_PATH=/home/chinchia120/autoware.ai/install/autoware_build_flags/lib/x86_64-linux-gnu/pkgconfig:/home/chinchia120/autoware.ai/install/autoware_build_flags/lib/pkgconfig:${PKG_CONFIG_PATH} ROS_PACKAGE_PATH=/home/chinchia120/autoware.ai/install/autoware_build_flags/share:${ROS_PACKAGE_PATH} /usr/bin/cmake /home/chinchia120/autoware.ai/src/drivers/awf_drivers/autoware_driveworks_gmsl_interface -DCMAKE_BUILD_TYPE=Release -DCATKIN_INSTALL_INTO_PREFIX_ROOT=0 -DCMAKE_INSTALL_PREFIX=/home/chinchia120/autoware.ai/install/autoware_driveworks_gmsl_interface
[0.269s] -- The C compiler identification is GNU 7.5.0
[0.426s] -- The CXX compiler identification is GNU 7.5.0
[0.452s] -- Check for working C compiler: /usr/bin/cc
[0.611s] -- Check for working C compiler: /usr/bin/cc -- works
[0.612s] -- Detecting C compiler ABI info
[0.777s] -- Detecting C compiler ABI info - done
[0.797s] -- Detecting C compile features
[1.319s] -- Detecting C compile features - done
[1.327s] -- Check for working CXX compiler: /usr/bin/c++
[1.522s] -- Check for working CXX compiler: /usr/bin/c++ -- works
[1.524s] -- Detecting CXX compiler ABI info
[1.723s] -- Detecting CXX compiler ABI info - done
[1.746s] -- Detecting CXX compile features
[2.553s] -- Detecting CXX compile features - done
[2.565s] -- Looking for pthread.h
[2.750s] -- Looking for pthread.h - found
[2.752s] -- Looking for pthread_create
[2.939s] -- Looking for pthread_create - not found
[2.940s] -- Looking for pthread_create in pthreads
[3.099s] -- Looking for pthread_create in pthreads - not found
[3.100s] -- Looking for pthread_create in pthread
[3.267s] -- Looking for pthread_create in pthread - found
[3.271s] -- Found Threads: TRUE  
[3.293s] -- Found CUDA: /usr/local/cuda-10.0 (found version "10.0") 
[3.302s] -- Using CATKIN_DEVEL_PREFIX: /home/chinchia120/autoware.ai/build/autoware_driveworks_gmsl_interface/devel
[3.303s] -- Using CMAKE_PREFIX_PATH: /home/chinchia120/autoware.ai/install/autoware_build_flags;/home/chinchia120/catkin_ws/devel;/opt/ros/melodic
[3.303s] -- This workspace overlays: /home/chinchia120/autoware.ai/install/autoware_build_flags;/home/chinchia120/catkin_ws/devel;/opt/ros/melodic
[3.333s] -- Found PythonInterp: /usr/bin/python2 (found suitable version "2.7.17", minimum required is "2") 
[3.334s] -- Using PYTHON_EXECUTABLE: /usr/bin/python2
[3.334s] -- Using Debian Python package layout
[3.335s] -- Using empy: /usr/bin/empy
[3.613s] -- Using CATKIN_ENABLE_TESTING: ON
[3.614s] -- Call enable_testing()
[3.619s] -- Using CATKIN_TEST_RESULTS_DIR: /home/chinchia120/autoware.ai/build/autoware_driveworks_gmsl_interface/test_results
[3.653s] -- Found gtest sources under '/usr/src/googletest': gtests will be built
[3.654s] -- Found gmock sources under '/usr/src/googletest': gmock will be built
[3.698s] -- Found PythonInterp: /usr/bin/python2 (found version "2.7.17") 
[3.723s] -- Using Python nosetests: /usr/bin/nosetests-2.7
[3.832s] -- catkin 0.7.29
[3.832s] -- BUILD_SHARED_LIBS is on
[4.472s] gmsl_camera driver will not be built. CUDA was not found.
[4.477s] -- Configuring done
[4.525s] -- Generating done
[4.539s] -- Build files have been written to: /home/chinchia120/autoware.ai/build/autoware_driveworks_gmsl_interface
[4.550s] Invoked command in '/home/chinchia120/autoware.ai/build/autoware_driveworks_gmsl_interface' returned '0': CMAKE_PREFIX_PATH=/home/chinchia120/autoware.ai/install/autoware_build_flags:${CMAKE_PREFIX_PATH} PKG_CONFIG_PATH=/home/chinchia120/autoware.ai/install/autoware_build_flags/lib/x86_64-linux-gnu/pkgconfig:/home/chinchia120/autoware.ai/install/autoware_build_flags/lib/pkgconfig:${PKG_CONFIG_PATH} ROS_PACKAGE_PATH=/home/chinchia120/autoware.ai/install/autoware_build_flags/share:${ROS_PACKAGE_PATH} /usr/bin/cmake /home/chinchia120/autoware.ai/src/drivers/awf_drivers/autoware_driveworks_gmsl_interface -DCMAKE_BUILD_TYPE=Release -DCATKIN_INSTALL_INTO_PREFIX_ROOT=0 -DCMAKE_INSTALL_PREFIX=/home/chinchia120/autoware.ai/install/autoware_driveworks_gmsl_interface
[4.560s] Invoking command in '/home/chinchia120/autoware.ai/build/autoware_driveworks_gmsl_interface': CMAKE_PREFIX_PATH=/home/chinchia120/autoware.ai/install/autoware_build_flags:${CMAKE_PREFIX_PATH} PKG_CONFIG_PATH=/home/chinchia120/autoware.ai/install/autoware_build_flags/lib/x86_64-linux-gnu/pkgconfig:/home/chinchia120/autoware.ai/install/autoware_build_flags/lib/pkgconfig:${PKG_CONFIG_PATH} ROS_PACKAGE_PATH=/home/chinchia120/autoware.ai/install/autoware_build_flags/share:${ROS_PACKAGE_PATH} /usr/bin/cmake --build /home/chinchia120/autoware.ai/build/autoware_driveworks_gmsl_interface -- -j4 -l4
[4.707s] Invoked command in '/home/chinchia120/autoware.ai/build/autoware_driveworks_gmsl_interface' returned '0': CMAKE_PREFIX_PATH=/home/chinchia120/autoware.ai/install/autoware_build_flags:${CMAKE_PREFIX_PATH} PKG_CONFIG_PATH=/home/chinchia120/autoware.ai/install/autoware_build_flags/lib/x86_64-linux-gnu/pkgconfig:/home/chinchia120/autoware.ai/install/autoware_build_flags/lib/pkgconfig:${PKG_CONFIG_PATH} ROS_PACKAGE_PATH=/home/chinchia120/autoware.ai/install/autoware_build_flags/share:${ROS_PACKAGE_PATH} /usr/bin/cmake --build /home/chinchia120/autoware.ai/build/autoware_driveworks_gmsl_interface -- -j4 -l4
[4.831s] Invoking command in '/home/chinchia120/autoware.ai/build/autoware_driveworks_gmsl_interface': CMAKE_PREFIX_PATH=/home/chinchia120/autoware.ai/install/autoware_build_flags:${CMAKE_PREFIX_PATH} PKG_CONFIG_PATH=/home/chinchia120/autoware.ai/install/autoware_build_flags/lib/x86_64-linux-gnu/pkgconfig:/home/chinchia120/autoware.ai/install/autoware_build_flags/lib/pkgconfig:${PKG_CONFIG_PATH} ROS_PACKAGE_PATH=/home/chinchia120/autoware.ai/install/autoware_build_flags/share:${ROS_PACKAGE_PATH} /usr/bin/cmake --build /home/chinchia120/autoware.ai/build/autoware_driveworks_gmsl_interface --target tests -- -j4 -l4
[5.028s] [35m[1mScanning dependencies of target tests[0m
[5.064s] Built target tests
[5.103s] Invoked command in '/home/chinchia120/autoware.ai/build/autoware_driveworks_gmsl_interface' returned '0': CMAKE_PREFIX_PATH=/home/chinchia120/autoware.ai/install/autoware_build_flags:${CMAKE_PREFIX_PATH} PKG_CONFIG_PATH=/home/chinchia120/autoware.ai/install/autoware_build_flags/lib/x86_64-linux-gnu/pkgconfig:/home/chinchia120/autoware.ai/install/autoware_build_flags/lib/pkgconfig:${PKG_CONFIG_PATH} ROS_PACKAGE_PATH=/home/chinchia120/autoware.ai/install/autoware_build_flags/share:${ROS_PACKAGE_PATH} /usr/bin/cmake --build /home/chinchia120/autoware.ai/build/autoware_driveworks_gmsl_interface --target tests -- -j4 -l4
[5.219s] Invoking command in '/home/chinchia120/autoware.ai/build/autoware_driveworks_gmsl_interface': CMAKE_PREFIX_PATH=/home/chinchia120/autoware.ai/install/autoware_build_flags:${CMAKE_PREFIX_PATH} PKG_CONFIG_PATH=/home/chinchia120/autoware.ai/install/autoware_build_flags/lib/x86_64-linux-gnu/pkgconfig:/home/chinchia120/autoware.ai/install/autoware_build_flags/lib/pkgconfig:${PKG_CONFIG_PATH} ROS_PACKAGE_PATH=/home/chinchia120/autoware.ai/install/autoware_build_flags/share:${ROS_PACKAGE_PATH} /usr/bin/cmake --build /home/chinchia120/autoware.ai/build/autoware_driveworks_gmsl_interface --target install -- -j4 -l4
[5.374s] [36mInstall the project...[0m
[5.396s] -- Install configuration: "Release"
[5.397s] -- Installing: /home/chinchia120/autoware.ai/install/autoware_driveworks_gmsl_interface/lib/pkgconfig/autoware_driveworks_gmsl_interface.pc
[5.400s] -- Installing: /home/chinchia120/autoware.ai/install/autoware_driveworks_gmsl_interface/share/autoware_driveworks_gmsl_interface/cmake/autoware_driveworks_gmsl_interfaceConfig.cmake
[5.401s] -- Installing: /home/chinchia120/autoware.ai/install/autoware_driveworks_gmsl_interface/share/autoware_driveworks_gmsl_interface/cmake/autoware_driveworks_gmsl_interfaceConfig-version.cmake
[5.402s] -- Installing: /home/chinchia120/autoware.ai/install/autoware_driveworks_gmsl_interface/share/autoware_driveworks_gmsl_interface/package.xml
[5.402s] -- Installing: /home/chinchia120/autoware.ai/install/autoware_driveworks_gmsl_interface/share/autoware_driveworks_gmsl_interface/nodelet_gmsl_camera.xml
[5.411s] Invoked command in '/home/chinchia120/autoware.ai/build/autoware_driveworks_gmsl_interface' returned '0': CMAKE_PREFIX_PATH=/home/chinchia120/autoware.ai/install/autoware_build_flags:${CMAKE_PREFIX_PATH} PKG_CONFIG_PATH=/home/chinchia120/autoware.ai/install/autoware_build_flags/lib/x86_64-linux-gnu/pkgconfig:/home/chinchia120/autoware.ai/install/autoware_build_flags/lib/pkgconfig:${PKG_CONFIG_PATH} ROS_PACKAGE_PATH=/home/chinchia120/autoware.ai/install/autoware_build_flags/share:${ROS_PACKAGE_PATH} /usr/bin/cmake --build /home/chinchia120/autoware.ai/build/autoware_driveworks_gmsl_interface --target install -- -j4 -l4
