Determining if the pthread_create exist failed with the following output:
Change Dir: /home/chinchia120/autoware.ai/build/glviewer/CMakeFiles/CMakeTmp

Run Build Command:"/usr/bin/make" "cmTC_45758/fast"
/usr/bin/make -f CMakeFiles/cmTC_45758.dir/build.make CMakeFiles/cmTC_45758.dir/build
make[1]: Entering directory '/home/chinchia120/autoware.ai/build/glviewer/CMakeFiles/CMakeTmp'
Building C object CMakeFiles/cmTC_45758.dir/CheckSymbolExists.c.o
/usr/bin/cc    -o CMakeFiles/cmTC_45758.dir/CheckSymbolExists.c.o   -c /home/chinchia120/autoware.ai/build/glviewer/CMakeFiles/CMakeTmp/CheckSymbolExists.c
Linking C executable cmTC_45758
/usr/bin/cmake -E cmake_link_script CMakeFiles/cmTC_45758.dir/link.txt --verbose=1
/usr/bin/cc      -rdynamic CMakeFiles/cmTC_45758.dir/CheckSymbolExists.c.o  -o cmTC_45758 
CMakeFiles/cmTC_45758.dir/CheckSymbolExists.c.o: In function `main':
CheckSymbolExists.c:(.text+0x1b): undefined reference to `pthread_create'
collect2: error: ld returned 1 exit status
CMakeFiles/cmTC_45758.dir/build.make:97: recipe for target 'cmTC_45758' failed
make[1]: *** [cmTC_45758] Error 1
make[1]: Leaving directory '/home/chinchia120/autoware.ai/build/glviewer/CMakeFiles/CMakeTmp'
Makefile:126: recipe for target 'cmTC_45758/fast' failed
make: *** [cmTC_45758/fast] Error 2

File /home/chinchia120/autoware.ai/build/glviewer/CMakeFiles/CMakeTmp/CheckSymbolExists.c:
/* */
#include <pthread.h>

int main(int argc, char** argv)
{
  (void)argv;
#ifndef pthread_create
  return ((int*)(&pthread_create))[argc];
#else
  (void)argc;
  return 0;
#endif
}

Determining if the function pthread_create exists in the pthreads failed with the following output:
Change Dir: /home/chinchia120/autoware.ai/build/glviewer/CMakeFiles/CMakeTmp

Run Build Command:"/usr/bin/make" "cmTC_094c9/fast"
/usr/bin/make -f CMakeFiles/cmTC_094c9.dir/build.make CMakeFiles/cmTC_094c9.dir/build
make[1]: Entering directory '/home/chinchia120/autoware.ai/build/glviewer/CMakeFiles/CMakeTmp'
Building C object CMakeFiles/cmTC_094c9.dir/CheckFunctionExists.c.o
/usr/bin/cc   -DCHECK_FUNCTION_EXISTS=pthread_create   -o CMakeFiles/cmTC_094c9.dir/CheckFunctionExists.c.o   -c /usr/share/cmake-3.10/Modules/CheckFunctionExists.c
Linking C executable cmTC_094c9
/usr/bin/cmake -E cmake_link_script CMakeFiles/cmTC_094c9.dir/link.txt --verbose=1
/usr/bin/cc  -DCHECK_FUNCTION_EXISTS=pthread_create    -rdynamic CMakeFiles/cmTC_094c9.dir/CheckFunctionExists.c.o  -o cmTC_094c9 -lpthreads 
/usr/bin/ld: cannot find -lpthreads
collect2: error: ld returned 1 exit status
CMakeFiles/cmTC_094c9.dir/build.make:97: recipe for target 'cmTC_094c9' failed
make[1]: *** [cmTC_094c9] Error 1
make[1]: Leaving directory '/home/chinchia120/autoware.ai/build/glviewer/CMakeFiles/CMakeTmp'
Makefile:126: recipe for target 'cmTC_094c9/fast' failed
make: *** [cmTC_094c9/fast] Error 2


