[0.059s] Invoking command in '/home/chinchia120/autoware.ai/build/autoware_rviz_plugins': CMAKE_PREFIX_PATH=/home/chinchia120/autoware.ai/install/autoware_build_flags:${CMAKE_PREFIX_PATH} PKG_CONFIG_PATH=/home/chinchia120/autoware.ai/install/autoware_build_flags/lib/x86_64-linux-gnu/pkgconfig:/home/chinchia120/autoware.ai/install/autoware_build_flags/lib/pkgconfig:${PKG_CONFIG_PATH} ROS_PACKAGE_PATH=/home/chinchia120/autoware.ai/install/autoware_build_flags/share:${ROS_PACKAGE_PATH} /usr/bin/cmake /home/chinchia120/autoware.ai/src/autoware/visualization/state_panel -DCMAKE_BUILD_TYPE=Release -DCATKIN_INSTALL_INTO_PREFIX_ROOT=0 -DCMAKE_INSTALL_PREFIX=/home/chinchia120/autoware.ai/install/autoware_rviz_plugins
[0.222s] -- The C compiler identification is GNU 7.5.0
[0.357s] -- The CXX compiler identification is GNU 7.5.0
[0.367s] -- Check for working C compiler: /usr/bin/cc
[0.557s] -- Check for working C compiler: /usr/bin/cc -- works
[0.558s] -- Detecting C compiler ABI info
[0.725s] -- Detecting C compiler ABI info - done
[0.748s] -- Detecting C compile features
[1.196s] -- Detecting C compile features - done
[1.205s] -- Check for working CXX compiler: /usr/bin/c++
[1.392s] -- Check for working CXX compiler: /usr/bin/c++ -- works
[1.392s] -- Detecting CXX compiler ABI info
[1.561s] -- Detecting CXX compiler ABI info - done
[1.586s] -- Detecting CXX compile features
[2.623s] -- Detecting CXX compile features - done
[2.627s] -- CUDA compilation status: 1.
[2.631s] -- Using CATKIN_DEVEL_PREFIX: /home/chinchia120/autoware.ai/build/autoware_rviz_plugins/devel
[2.631s] -- Using CMAKE_PREFIX_PATH: /home/chinchia120/autoware.ai/install/autoware_build_flags;/home/chinchia120/catkin_ws/devel;/opt/ros/melodic
[2.632s] -- This workspace overlays: /home/chinchia120/autoware.ai/install/autoware_build_flags;/home/chinchia120/catkin_ws/devel;/opt/ros/melodic
[2.674s] -- Found PythonInterp: /usr/bin/python2 (found suitable version "2.7.17", minimum required is "2") 
[2.674s] -- Using PYTHON_EXECUTABLE: /usr/bin/python2
[2.675s] -- Using Debian Python package layout
[2.675s] -- Using empy: /usr/bin/empy
[3.124s] -- Using CATKIN_ENABLE_TESTING: ON
[3.124s] -- Call enable_testing()
[3.131s] -- Using CATKIN_TEST_RESULTS_DIR: /home/chinchia120/autoware.ai/build/autoware_rviz_plugins/test_results
[3.180s] -- Found gtest sources under '/usr/src/googletest': gtests will be built
[3.180s] -- Found gmock sources under '/usr/src/googletest': gmock will be built
[3.219s] -- Found PythonInterp: /usr/bin/python2 (found version "2.7.17") 
[3.222s] -- Looking for pthread.h
[3.436s] -- Looking for pthread.h - found
[3.437s] -- Looking for pthread_create
[3.608s] -- Looking for pthread_create - not found
[3.609s] -- Looking for pthread_create in pthreads
[3.762s] -- Looking for pthread_create in pthreads - not found
[3.763s] -- Looking for pthread_create in pthread
[3.986s] -- Looking for pthread_create in pthread - found
[3.990s] -- Found Threads: TRUE  
[4.002s] -- Using Python nosetests: /usr/bin/nosetests-2.7
[4.102s] -- catkin 0.7.29
[4.102s] -- BUILD_SHARED_LIBS is on
[4.777s] -- Using these message generators: gencpp;geneus;genlisp;gennodejs;genpy
[5.453s] -- Using Qt5 based on the rviz_QT_VERSION: 5.9.5
[5.842s] -- Configuring done
[6.004s] -- Generating done
[6.035s] -- Build files have been written to: /home/chinchia120/autoware.ai/build/autoware_rviz_plugins
[6.046s] Invoked command in '/home/chinchia120/autoware.ai/build/autoware_rviz_plugins' returned '0': CMAKE_PREFIX_PATH=/home/chinchia120/autoware.ai/install/autoware_build_flags:${CMAKE_PREFIX_PATH} PKG_CONFIG_PATH=/home/chinchia120/autoware.ai/install/autoware_build_flags/lib/x86_64-linux-gnu/pkgconfig:/home/chinchia120/autoware.ai/install/autoware_build_flags/lib/pkgconfig:${PKG_CONFIG_PATH} ROS_PACKAGE_PATH=/home/chinchia120/autoware.ai/install/autoware_build_flags/share:${ROS_PACKAGE_PATH} /usr/bin/cmake /home/chinchia120/autoware.ai/src/autoware/visualization/state_panel -DCMAKE_BUILD_TYPE=Release -DCATKIN_INSTALL_INTO_PREFIX_ROOT=0 -DCMAKE_INSTALL_PREFIX=/home/chinchia120/autoware.ai/install/autoware_rviz_plugins
[6.049s] Invoking command in '/home/chinchia120/autoware.ai/build/autoware_rviz_plugins': CMAKE_PREFIX_PATH=/home/chinchia120/autoware.ai/install/autoware_build_flags:${CMAKE_PREFIX_PATH} PKG_CONFIG_PATH=/home/chinchia120/autoware.ai/install/autoware_build_flags/lib/x86_64-linux-gnu/pkgconfig:/home/chinchia120/autoware.ai/install/autoware_build_flags/lib/pkgconfig:${PKG_CONFIG_PATH} ROS_PACKAGE_PATH=/home/chinchia120/autoware.ai/install/autoware_build_flags/share:${ROS_PACKAGE_PATH} /usr/bin/cmake --build /home/chinchia120/autoware.ai/build/autoware_rviz_plugins -- -j4 -l4
[6.165s] [35m[1mScanning dependencies of target autoware_rviz_plugins_autogen[0m
[6.216s] [ 20%] [34m[1mAutomatic MOC for target autoware_rviz_plugins[0m
[8.769s] [ 20%] Built target autoware_rviz_plugins_autogen
[8.793s] [35m[1mScanning dependencies of target autoware_rviz_plugins[0m
[8.954s] [ 40%] [32mBuilding CXX object CMakeFiles/autoware_rviz_plugins.dir/src/state_panel/state_panel.cpp.o[0m
[16.284s] [ 60%] [32mBuilding CXX object CMakeFiles/autoware_rviz_plugins.dir/autoware_rviz_plugins_autogen/mocs_compilation.cpp.o[0m
[20.581s] [ 80%] [32mBuilding CXX object CMakeFiles/autoware_rviz_plugins.dir/src/sim_object/autoware_flag_tool.cpp.o[0m
[39.689s] [100%] [32m[1mLinking CXX shared library devel/lib/libautoware_rviz_plugins.so[0m
[40.720s] [100%] Built target autoware_rviz_plugins
[40.740s] Invoked command in '/home/chinchia120/autoware.ai/build/autoware_rviz_plugins' returned '0': CMAKE_PREFIX_PATH=/home/chinchia120/autoware.ai/install/autoware_build_flags:${CMAKE_PREFIX_PATH} PKG_CONFIG_PATH=/home/chinchia120/autoware.ai/install/autoware_build_flags/lib/x86_64-linux-gnu/pkgconfig:/home/chinchia120/autoware.ai/install/autoware_build_flags/lib/pkgconfig:${PKG_CONFIG_PATH} ROS_PACKAGE_PATH=/home/chinchia120/autoware.ai/install/autoware_build_flags/share:${ROS_PACKAGE_PATH} /usr/bin/cmake --build /home/chinchia120/autoware.ai/build/autoware_rviz_plugins -- -j4 -l4
[41.052s] Invoking command in '/home/chinchia120/autoware.ai/build/autoware_rviz_plugins': CMAKE_PREFIX_PATH=/home/chinchia120/autoware.ai/install/autoware_build_flags:${CMAKE_PREFIX_PATH} PKG_CONFIG_PATH=/home/chinchia120/autoware.ai/install/autoware_build_flags/lib/x86_64-linux-gnu/pkgconfig:/home/chinchia120/autoware.ai/install/autoware_build_flags/lib/pkgconfig:${PKG_CONFIG_PATH} ROS_PACKAGE_PATH=/home/chinchia120/autoware.ai/install/autoware_build_flags/share:${ROS_PACKAGE_PATH} /usr/bin/cmake --build /home/chinchia120/autoware.ai/build/autoware_rviz_plugins --target tests -- -j4 -l4
[41.205s] [35m[1mScanning dependencies of target tests[0m
[41.226s] Built target tests
[41.251s] Invoked command in '/home/chinchia120/autoware.ai/build/autoware_rviz_plugins' returned '0': CMAKE_PREFIX_PATH=/home/chinchia120/autoware.ai/install/autoware_build_flags:${CMAKE_PREFIX_PATH} PKG_CONFIG_PATH=/home/chinchia120/autoware.ai/install/autoware_build_flags/lib/x86_64-linux-gnu/pkgconfig:/home/chinchia120/autoware.ai/install/autoware_build_flags/lib/pkgconfig:${PKG_CONFIG_PATH} ROS_PACKAGE_PATH=/home/chinchia120/autoware.ai/install/autoware_build_flags/share:${ROS_PACKAGE_PATH} /usr/bin/cmake --build /home/chinchia120/autoware.ai/build/autoware_rviz_plugins --target tests -- -j4 -l4
[41.570s] Invoking command in '/home/chinchia120/autoware.ai/build/autoware_rviz_plugins': CMAKE_PREFIX_PATH=/home/chinchia120/autoware.ai/install/autoware_build_flags:${CMAKE_PREFIX_PATH} PKG_CONFIG_PATH=/home/chinchia120/autoware.ai/install/autoware_build_flags/lib/x86_64-linux-gnu/pkgconfig:/home/chinchia120/autoware.ai/install/autoware_build_flags/lib/pkgconfig:${PKG_CONFIG_PATH} ROS_PACKAGE_PATH=/home/chinchia120/autoware.ai/install/autoware_build_flags/share:${ROS_PACKAGE_PATH} /usr/bin/cmake --build /home/chinchia120/autoware.ai/build/autoware_rviz_plugins --target install -- -j4 -l4
[41.716s] [ 20%] [34m[1mAutomatic MOC for target autoware_rviz_plugins[0m
[41.778s] [ 20%] Built target autoware_rviz_plugins_autogen
[41.855s] [100%] Built target autoware_rviz_plugins
[41.903s] [36mInstall the project...[0m
[41.928s] -- Install configuration: "Release"
[41.937s] -- Installing: /home/chinchia120/autoware.ai/install/autoware_rviz_plugins/lib/pkgconfig/autoware_rviz_plugins.pc
[41.938s] -- Installing: /home/chinchia120/autoware.ai/install/autoware_rviz_plugins/share/autoware_rviz_plugins/cmake/autoware_rviz_pluginsConfig.cmake
[41.938s] -- Installing: /home/chinchia120/autoware.ai/install/autoware_rviz_plugins/share/autoware_rviz_plugins/cmake/autoware_rviz_pluginsConfig-version.cmake
[41.938s] -- Installing: /home/chinchia120/autoware.ai/install/autoware_rviz_plugins/share/autoware_rviz_plugins/package.xml
[41.938s] -- Installing: /home/chinchia120/autoware.ai/install/autoware_rviz_plugins/lib/libautoware_rviz_plugins.so
[41.939s] -- Set runtime path of "/home/chinchia120/autoware.ai/install/autoware_rviz_plugins/lib/libautoware_rviz_plugins.so" to ""
[41.939s] -- Installing: /home/chinchia120/autoware.ai/install/autoware_rviz_plugins/share/autoware_rviz_plugins/media
[41.939s] -- Installing: /home/chinchia120/autoware.ai/install/autoware_rviz_plugins/share/autoware_rviz_plugins/media/flag.dae
[41.943s] -- Installing: /home/chinchia120/autoware.ai/install/autoware_rviz_plugins/share/autoware_rviz_plugins/icons
[41.944s] -- Installing: /home/chinchia120/autoware.ai/install/autoware_rviz_plugins/share/autoware_rviz_plugins/icons/classes
[41.944s] -- Installing: /home/chinchia120/autoware.ai/install/autoware_rviz_plugins/share/autoware_rviz_plugins/icons/classes/OpFlag.png
[41.945s] -- Installing: /home/chinchia120/autoware.ai/install/autoware_rviz_plugins/share/autoware_rviz_plugins/plugin_description.xml
[41.952s] Invoked command in '/home/chinchia120/autoware.ai/build/autoware_rviz_plugins' returned '0': CMAKE_PREFIX_PATH=/home/chinchia120/autoware.ai/install/autoware_build_flags:${CMAKE_PREFIX_PATH} PKG_CONFIG_PATH=/home/chinchia120/autoware.ai/install/autoware_build_flags/lib/x86_64-linux-gnu/pkgconfig:/home/chinchia120/autoware.ai/install/autoware_build_flags/lib/pkgconfig:${PKG_CONFIG_PATH} ROS_PACKAGE_PATH=/home/chinchia120/autoware.ai/install/autoware_build_flags/share:${ROS_PACKAGE_PATH} /usr/bin/cmake --build /home/chinchia120/autoware.ai/build/autoware_rviz_plugins --target install -- -j4 -l4
