[0.033s] Invoking command in '/home/chinchia120/autoware.ai/build/memsic_imu': /usr/bin/cmake /home/chinchia120/autoware.ai/src/drivers/awf_drivers/memsic -DCMAKE_BUILD_TYPE=Release -DCATKIN_INSTALL_INTO_PREFIX_ROOT=0 -DCMAKE_INSTALL_PREFIX=/home/chinchia120/autoware.ai/install/memsic_imu
[0.189s] -- The C compiler identification is GNU 7.5.0
[0.318s] -- The CXX compiler identification is GNU 7.5.0
[0.334s] -- Check for working C compiler: /usr/bin/cc
[0.496s] -- Check for working C compiler: /usr/bin/cc -- works
[0.496s] -- Detecting C compiler ABI info
[0.632s] -- Detecting C compiler ABI info - done
[0.649s] -- Detecting C compile features
[1.133s] -- Detecting C compile features - done
[1.141s] -- Check for working CXX compiler: /usr/bin/c++
[1.315s] -- Check for working CXX compiler: /usr/bin/c++ -- works
[1.316s] -- Detecting CXX compiler ABI info
[1.510s] -- Detecting CXX compiler ABI info - done
[1.526s] -- Detecting CXX compile features
[2.401s] -- Detecting CXX compile features - done
[2.405s] -- Using CATKIN_DEVEL_PREFIX: /home/chinchia120/autoware.ai/build/memsic_imu/devel
[2.405s] -- Using CMAKE_PREFIX_PATH: /home/chinchia120/catkin_ws/devel;/opt/ros/melodic
[2.405s] -- This workspace overlays: /home/chinchia120/catkin_ws/devel;/opt/ros/melodic
[2.435s] -- Found PythonInterp: /usr/bin/python2 (found suitable version "2.7.17", minimum required is "2") 
[2.435s] -- Using PYTHON_EXECUTABLE: /usr/bin/python2
[2.435s] -- Using Debian Python package layout
[2.436s] -- Using empy: /usr/bin/empy
[2.761s] -- Using CATKIN_ENABLE_TESTING: ON
[2.761s] -- Call enable_testing()
[2.767s] -- Using CATKIN_TEST_RESULTS_DIR: /home/chinchia120/autoware.ai/build/memsic_imu/test_results
[2.806s] -- Found gtest sources under '/usr/src/googletest': gtests will be built
[2.806s] -- Found gmock sources under '/usr/src/googletest': gmock will be built
[2.836s] -- Found PythonInterp: /usr/bin/python2 (found version "2.7.17") 
[2.836s] -- Looking for pthread.h
[3.016s] -- Looking for pthread.h - found
[3.017s] -- Looking for pthread_create
[3.209s] -- Looking for pthread_create - not found
[3.210s] -- Looking for pthread_create in pthreads
[3.364s] -- Looking for pthread_create in pthreads - not found
[3.365s] -- Looking for pthread_create in pthread
[3.532s] -- Looking for pthread_create in pthread - found
[3.534s] -- Found Threads: TRUE  
[3.543s] -- Using Python nosetests: /usr/bin/nosetests-2.7
[3.628s] -- catkin 0.7.29
[3.628s] -- BUILD_SHARED_LIBS is on
[4.095s] -- Using these message generators: gencpp;geneus;genlisp;gennodejs;genpy
[4.604s] -- Configuring done
[4.683s] -- Generating done
[4.700s] -- Build files have been written to: /home/chinchia120/autoware.ai/build/memsic_imu
[4.708s] Invoked command in '/home/chinchia120/autoware.ai/build/memsic_imu' returned '0': /usr/bin/cmake /home/chinchia120/autoware.ai/src/drivers/awf_drivers/memsic -DCMAKE_BUILD_TYPE=Release -DCATKIN_INSTALL_INTO_PREFIX_ROOT=0 -DCMAKE_INSTALL_PREFIX=/home/chinchia120/autoware.ai/install/memsic_imu
[4.717s] Invoking command in '/home/chinchia120/autoware.ai/build/memsic_imu': /usr/bin/cmake --build /home/chinchia120/autoware.ai/build/memsic_imu -- -j4 -l4
[4.825s] [35m[1mScanning dependencies of target vg440_node[0m
[4.889s] [ 50%] [32mBuilding CXX object CMakeFiles/vg440_node.dir/nodes/vg440/vg440_node.cpp.o[0m
[14.377s] [100%] [32m[1mLinking CXX executable devel/lib/memsic_imu/vg440_node[0m
[14.702s] [100%] Built target vg440_node
[14.729s] Invoked command in '/home/chinchia120/autoware.ai/build/memsic_imu' returned '0': /usr/bin/cmake --build /home/chinchia120/autoware.ai/build/memsic_imu -- -j4 -l4
[14.932s] Invoking command in '/home/chinchia120/autoware.ai/build/memsic_imu': /usr/bin/cmake --build /home/chinchia120/autoware.ai/build/memsic_imu --target tests -- -j4 -l4
[15.065s] [35m[1mScanning dependencies of target tests[0m
[15.089s] Built target tests
[15.119s] Invoked command in '/home/chinchia120/autoware.ai/build/memsic_imu' returned '0': /usr/bin/cmake --build /home/chinchia120/autoware.ai/build/memsic_imu --target tests -- -j4 -l4
[15.323s] Invoking command in '/home/chinchia120/autoware.ai/build/memsic_imu': /usr/bin/cmake --build /home/chinchia120/autoware.ai/build/memsic_imu --target install -- -j4 -l4
[15.460s] [100%] Built target vg440_node
[15.498s] [36mInstall the project...[0m
[15.514s] -- Install configuration: "Release"
[15.516s] -- Installing: /home/chinchia120/autoware.ai/install/memsic_imu/lib/pkgconfig/memsic_imu.pc
[15.516s] -- Installing: /home/chinchia120/autoware.ai/install/memsic_imu/share/memsic_imu/cmake/memsic_imuConfig.cmake
[15.517s] -- Installing: /home/chinchia120/autoware.ai/install/memsic_imu/share/memsic_imu/cmake/memsic_imuConfig-version.cmake
[15.517s] -- Installing: /home/chinchia120/autoware.ai/install/memsic_imu/share/memsic_imu/package.xml
[15.517s] -- Installing: /home/chinchia120/autoware.ai/install/memsic_imu/lib/memsic_imu/vg440_node
[15.518s] -- Set runtime path of "/home/chinchia120/autoware.ai/install/memsic_imu/lib/memsic_imu/vg440_node" to ""
[15.518s] -- Installing: /home/chinchia120/autoware.ai/install/memsic_imu/share/memsic_imu/launch
[15.519s] -- Installing: /home/chinchia120/autoware.ai/install/memsic_imu/share/memsic_imu/launch/vg440.launch
[15.530s] Invoked command in '/home/chinchia120/autoware.ai/build/memsic_imu' returned '0': /usr/bin/cmake --build /home/chinchia120/autoware.ai/build/memsic_imu --target install -- -j4 -l4
