[0.139s] Invoking command in '/home/chinchia120/autoware.ai/build/runtime_manager': CMAKE_PREFIX_PATH=/home/chinchia120/autoware.ai/install/tablet_socket_msgs:/home/chinchia120/autoware.ai/install/autoware_msgs:/home/chinchia120/autoware.ai/install/autoware_config_msgs:${CMAKE_PREFIX_PATH} PKG_CONFIG_PATH=/home/chinchia120/autoware.ai/install/tablet_socket_msgs/lib/x86_64-linux-gnu/pkgconfig:/home/chinchia120/autoware.ai/install/tablet_socket_msgs/lib/pkgconfig:/home/chinchia120/autoware.ai/install/autoware_msgs/lib/x86_64-linux-gnu/pkgconfig:/home/chinchia120/autoware.ai/install/autoware_msgs/lib/pkgconfig:/home/chinchia120/autoware.ai/install/autoware_config_msgs/lib/x86_64-linux-gnu/pkgconfig:/home/chinchia120/autoware.ai/install/autoware_config_msgs/lib/pkgconfig:${PKG_CONFIG_PATH} PYTHONPATH=/home/chinchia120/autoware.ai/install/tablet_socket_msgs/lib/python2.7/dist-packages:/home/chinchia120/autoware.ai/install/autoware_msgs/lib/python2.7/dist-packages:/home/chinchia120/autoware.ai/install/autoware_config_msgs/lib/python2.7/dist-packages:${PYTHONPATH} ROS_PACKAGE_PATH=/home/chinchia120/autoware.ai/install/tablet_socket_msgs/share:/home/chinchia120/autoware.ai/install/autoware_msgs/share:/home/chinchia120/autoware.ai/install/autoware_config_msgs/share:${ROS_PACKAGE_PATH} /usr/bin/cmake /home/chinchia120/autoware.ai/src/autoware/utilities/runtime_manager -DCMAKE_BUILD_TYPE=Release -DCATKIN_INSTALL_INTO_PREFIX_ROOT=0 -DCMAKE_INSTALL_PREFIX=/home/chinchia120/autoware.ai/install/runtime_manager
[0.384s] -- The C compiler identification is GNU 7.5.0
[0.568s] -- The CXX compiler identification is GNU 7.5.0
[0.582s] -- Check for working C compiler: /usr/bin/cc
[0.750s] -- Check for working C compiler: /usr/bin/cc -- works
[0.750s] -- Detecting C compiler ABI info
[0.908s] -- Detecting C compiler ABI info - done
[0.940s] -- Detecting C compile features
[1.494s] -- Detecting C compile features - done
[1.503s] -- Check for working CXX compiler: /usr/bin/c++
[1.761s] -- Check for working CXX compiler: /usr/bin/c++ -- works
[1.762s] -- Detecting CXX compiler ABI info
[1.971s] -- Detecting CXX compiler ABI info - done
[1.997s] -- Detecting CXX compile features
[2.993s] -- Detecting CXX compile features - done
[3.423s] -- Using CATKIN_DEVEL_PREFIX: /home/chinchia120/autoware.ai/build/runtime_manager/devel
[3.423s] -- Using CMAKE_PREFIX_PATH: /home/chinchia120/autoware.ai/install/tablet_socket_msgs;/home/chinchia120/autoware.ai/install/autoware_msgs;/home/chinchia120/autoware.ai/install/autoware_config_msgs;/home/chinchia120/catkin_ws/devel;/opt/ros/melodic
[3.424s] -- This workspace overlays: /home/chinchia120/autoware.ai/install/tablet_socket_msgs;/home/chinchia120/autoware.ai/install/autoware_msgs;/home/chinchia120/autoware.ai/install/autoware_config_msgs;/home/chinchia120/catkin_ws/devel;/opt/ros/melodic
[3.464s] -- Found PythonInterp: /usr/bin/python2 (found suitable version "2.7.17", minimum required is "2") 
[3.465s] -- Using PYTHON_EXECUTABLE: /usr/bin/python2
[3.466s] -- Using Debian Python package layout
[3.467s] -- Using empy: /usr/bin/empy
[3.732s] -- Using CATKIN_ENABLE_TESTING: ON
[3.732s] -- Call enable_testing()
[3.736s] -- Using CATKIN_TEST_RESULTS_DIR: /home/chinchia120/autoware.ai/build/runtime_manager/test_results
[3.779s] -- Found gtest sources under '/usr/src/googletest': gtests will be built
[3.779s] -- Found gmock sources under '/usr/src/googletest': gmock will be built
[3.802s] -- Found PythonInterp: /usr/bin/python2 (found version "2.7.17") 
[3.805s] -- Looking for pthread.h
[3.959s] -- Looking for pthread.h - found
[3.960s] -- Looking for pthread_create
[4.181s] -- Looking for pthread_create - not found
[4.183s] -- Looking for pthread_create in pthreads
[4.319s] -- Looking for pthread_create in pthreads - not found
[4.319s] -- Looking for pthread_create in pthread
[4.475s] -- Looking for pthread_create in pthread - found
[4.477s] -- Found Threads: TRUE  
[4.484s] -- Using Python nosetests: /usr/bin/nosetests-2.7
[4.578s] -- catkin 0.7.29
[4.579s] -- BUILD_SHARED_LIBS is on
[4.991s] -- Using these message generators: gencpp;geneus;genlisp;gennodejs;genpy
[5.812s] -- Configuring done
[5.926s] -- Generating done
[5.950s] -- Build files have been written to: /home/chinchia120/autoware.ai/build/runtime_manager
[5.962s] Invoked command in '/home/chinchia120/autoware.ai/build/runtime_manager' returned '0': CMAKE_PREFIX_PATH=/home/chinchia120/autoware.ai/install/tablet_socket_msgs:/home/chinchia120/autoware.ai/install/autoware_msgs:/home/chinchia120/autoware.ai/install/autoware_config_msgs:${CMAKE_PREFIX_PATH} PKG_CONFIG_PATH=/home/chinchia120/autoware.ai/install/tablet_socket_msgs/lib/x86_64-linux-gnu/pkgconfig:/home/chinchia120/autoware.ai/install/tablet_socket_msgs/lib/pkgconfig:/home/chinchia120/autoware.ai/install/autoware_msgs/lib/x86_64-linux-gnu/pkgconfig:/home/chinchia120/autoware.ai/install/autoware_msgs/lib/pkgconfig:/home/chinchia120/autoware.ai/install/autoware_config_msgs/lib/x86_64-linux-gnu/pkgconfig:/home/chinchia120/autoware.ai/install/autoware_config_msgs/lib/pkgconfig:${PKG_CONFIG_PATH} PYTHONPATH=/home/chinchia120/autoware.ai/install/tablet_socket_msgs/lib/python2.7/dist-packages:/home/chinchia120/autoware.ai/install/autoware_msgs/lib/python2.7/dist-packages:/home/chinchia120/autoware.ai/install/autoware_config_msgs/lib/python2.7/dist-packages:${PYTHONPATH} ROS_PACKAGE_PATH=/home/chinchia120/autoware.ai/install/tablet_socket_msgs/share:/home/chinchia120/autoware.ai/install/autoware_msgs/share:/home/chinchia120/autoware.ai/install/autoware_config_msgs/share:${ROS_PACKAGE_PATH} /usr/bin/cmake /home/chinchia120/autoware.ai/src/autoware/utilities/runtime_manager -DCMAKE_BUILD_TYPE=Release -DCATKIN_INSTALL_INTO_PREFIX_ROOT=0 -DCMAKE_INSTALL_PREFIX=/home/chinchia120/autoware.ai/install/runtime_manager
[5.965s] Invoking command in '/home/chinchia120/autoware.ai/build/runtime_manager': CMAKE_PREFIX_PATH=/home/chinchia120/autoware.ai/install/tablet_socket_msgs:/home/chinchia120/autoware.ai/install/autoware_msgs:/home/chinchia120/autoware.ai/install/autoware_config_msgs:${CMAKE_PREFIX_PATH} PKG_CONFIG_PATH=/home/chinchia120/autoware.ai/install/tablet_socket_msgs/lib/x86_64-linux-gnu/pkgconfig:/home/chinchia120/autoware.ai/install/tablet_socket_msgs/lib/pkgconfig:/home/chinchia120/autoware.ai/install/autoware_msgs/lib/x86_64-linux-gnu/pkgconfig:/home/chinchia120/autoware.ai/install/autoware_msgs/lib/pkgconfig:/home/chinchia120/autoware.ai/install/autoware_config_msgs/lib/x86_64-linux-gnu/pkgconfig:/home/chinchia120/autoware.ai/install/autoware_config_msgs/lib/pkgconfig:${PKG_CONFIG_PATH} PYTHONPATH=/home/chinchia120/autoware.ai/install/tablet_socket_msgs/lib/python2.7/dist-packages:/home/chinchia120/autoware.ai/install/autoware_msgs/lib/python2.7/dist-packages:/home/chinchia120/autoware.ai/install/autoware_config_msgs/lib/python2.7/dist-packages:${PYTHONPATH} ROS_PACKAGE_PATH=/home/chinchia120/autoware.ai/install/tablet_socket_msgs/share:/home/chinchia120/autoware.ai/install/autoware_msgs/share:/home/chinchia120/autoware.ai/install/autoware_config_msgs/share:${ROS_PACKAGE_PATH} /usr/bin/cmake --build /home/chinchia120/autoware.ai/build/runtime_manager -- -j4 -l4
[6.067s] Invoked command in '/home/chinchia120/autoware.ai/build/runtime_manager' returned '0': CMAKE_PREFIX_PATH=/home/chinchia120/autoware.ai/install/tablet_socket_msgs:/home/chinchia120/autoware.ai/install/autoware_msgs:/home/chinchia120/autoware.ai/install/autoware_config_msgs:${CMAKE_PREFIX_PATH} PKG_CONFIG_PATH=/home/chinchia120/autoware.ai/install/tablet_socket_msgs/lib/x86_64-linux-gnu/pkgconfig:/home/chinchia120/autoware.ai/install/tablet_socket_msgs/lib/pkgconfig:/home/chinchia120/autoware.ai/install/autoware_msgs/lib/x86_64-linux-gnu/pkgconfig:/home/chinchia120/autoware.ai/install/autoware_msgs/lib/pkgconfig:/home/chinchia120/autoware.ai/install/autoware_config_msgs/lib/x86_64-linux-gnu/pkgconfig:/home/chinchia120/autoware.ai/install/autoware_config_msgs/lib/pkgconfig:${PKG_CONFIG_PATH} PYTHONPATH=/home/chinchia120/autoware.ai/install/tablet_socket_msgs/lib/python2.7/dist-packages:/home/chinchia120/autoware.ai/install/autoware_msgs/lib/python2.7/dist-packages:/home/chinchia120/autoware.ai/install/autoware_config_msgs/lib/python2.7/dist-packages:${PYTHONPATH} ROS_PACKAGE_PATH=/home/chinchia120/autoware.ai/install/tablet_socket_msgs/share:/home/chinchia120/autoware.ai/install/autoware_msgs/share:/home/chinchia120/autoware.ai/install/autoware_config_msgs/share:${ROS_PACKAGE_PATH} /usr/bin/cmake --build /home/chinchia120/autoware.ai/build/runtime_manager -- -j4 -l4
[6.341s] Invoking command in '/home/chinchia120/autoware.ai/build/runtime_manager': CMAKE_PREFIX_PATH=/home/chinchia120/autoware.ai/install/tablet_socket_msgs:/home/chinchia120/autoware.ai/install/autoware_msgs:/home/chinchia120/autoware.ai/install/autoware_config_msgs:${CMAKE_PREFIX_PATH} PKG_CONFIG_PATH=/home/chinchia120/autoware.ai/install/tablet_socket_msgs/lib/x86_64-linux-gnu/pkgconfig:/home/chinchia120/autoware.ai/install/tablet_socket_msgs/lib/pkgconfig:/home/chinchia120/autoware.ai/install/autoware_msgs/lib/x86_64-linux-gnu/pkgconfig:/home/chinchia120/autoware.ai/install/autoware_msgs/lib/pkgconfig:/home/chinchia120/autoware.ai/install/autoware_config_msgs/lib/x86_64-linux-gnu/pkgconfig:/home/chinchia120/autoware.ai/install/autoware_config_msgs/lib/pkgconfig:${PKG_CONFIG_PATH} PYTHONPATH=/home/chinchia120/autoware.ai/install/tablet_socket_msgs/lib/python2.7/dist-packages:/home/chinchia120/autoware.ai/install/autoware_msgs/lib/python2.7/dist-packages:/home/chinchia120/autoware.ai/install/autoware_config_msgs/lib/python2.7/dist-packages:${PYTHONPATH} ROS_PACKAGE_PATH=/home/chinchia120/autoware.ai/install/tablet_socket_msgs/share:/home/chinchia120/autoware.ai/install/autoware_msgs/share:/home/chinchia120/autoware.ai/install/autoware_config_msgs/share:${ROS_PACKAGE_PATH} /usr/bin/cmake --build /home/chinchia120/autoware.ai/build/runtime_manager --target tests -- -j4 -l4
[6.513s] [35m[1mScanning dependencies of target tests[0m
[6.552s] Built target tests
[6.577s] Invoked command in '/home/chinchia120/autoware.ai/build/runtime_manager' returned '0': CMAKE_PREFIX_PATH=/home/chinchia120/autoware.ai/install/tablet_socket_msgs:/home/chinchia120/autoware.ai/install/autoware_msgs:/home/chinchia120/autoware.ai/install/autoware_config_msgs:${CMAKE_PREFIX_PATH} PKG_CONFIG_PATH=/home/chinchia120/autoware.ai/install/tablet_socket_msgs/lib/x86_64-linux-gnu/pkgconfig:/home/chinchia120/autoware.ai/install/tablet_socket_msgs/lib/pkgconfig:/home/chinchia120/autoware.ai/install/autoware_msgs/lib/x86_64-linux-gnu/pkgconfig:/home/chinchia120/autoware.ai/install/autoware_msgs/lib/pkgconfig:/home/chinchia120/autoware.ai/install/autoware_config_msgs/lib/x86_64-linux-gnu/pkgconfig:/home/chinchia120/autoware.ai/install/autoware_config_msgs/lib/pkgconfig:${PKG_CONFIG_PATH} PYTHONPATH=/home/chinchia120/autoware.ai/install/tablet_socket_msgs/lib/python2.7/dist-packages:/home/chinchia120/autoware.ai/install/autoware_msgs/lib/python2.7/dist-packages:/home/chinchia120/autoware.ai/install/autoware_config_msgs/lib/python2.7/dist-packages:${PYTHONPATH} ROS_PACKAGE_PATH=/home/chinchia120/autoware.ai/install/tablet_socket_msgs/share:/home/chinchia120/autoware.ai/install/autoware_msgs/share:/home/chinchia120/autoware.ai/install/autoware_config_msgs/share:${ROS_PACKAGE_PATH} /usr/bin/cmake --build /home/chinchia120/autoware.ai/build/runtime_manager --target tests -- -j4 -l4
[6.818s] Invoking command in '/home/chinchia120/autoware.ai/build/runtime_manager': CMAKE_PREFIX_PATH=/home/chinchia120/autoware.ai/install/tablet_socket_msgs:/home/chinchia120/autoware.ai/install/autoware_msgs:/home/chinchia120/autoware.ai/install/autoware_config_msgs:${CMAKE_PREFIX_PATH} PKG_CONFIG_PATH=/home/chinchia120/autoware.ai/install/tablet_socket_msgs/lib/x86_64-linux-gnu/pkgconfig:/home/chinchia120/autoware.ai/install/tablet_socket_msgs/lib/pkgconfig:/home/chinchia120/autoware.ai/install/autoware_msgs/lib/x86_64-linux-gnu/pkgconfig:/home/chinchia120/autoware.ai/install/autoware_msgs/lib/pkgconfig:/home/chinchia120/autoware.ai/install/autoware_config_msgs/lib/x86_64-linux-gnu/pkgconfig:/home/chinchia120/autoware.ai/install/autoware_config_msgs/lib/pkgconfig:${PKG_CONFIG_PATH} PYTHONPATH=/home/chinchia120/autoware.ai/install/tablet_socket_msgs/lib/python2.7/dist-packages:/home/chinchia120/autoware.ai/install/autoware_msgs/lib/python2.7/dist-packages:/home/chinchia120/autoware.ai/install/autoware_config_msgs/lib/python2.7/dist-packages:${PYTHONPATH} ROS_PACKAGE_PATH=/home/chinchia120/autoware.ai/install/tablet_socket_msgs/share:/home/chinchia120/autoware.ai/install/autoware_msgs/share:/home/chinchia120/autoware.ai/install/autoware_config_msgs/share:${ROS_PACKAGE_PATH} /usr/bin/cmake --build /home/chinchia120/autoware.ai/build/runtime_manager --target install -- -j4 -l4
[6.959s] [36mInstall the project...[0m
[6.987s] -- Install configuration: "Release"
[7.001s] -- Installing: /home/chinchia120/autoware.ai/install/runtime_manager/lib/pkgconfig/runtime_manager.pc
[7.002s] -- Installing: /home/chinchia120/autoware.ai/install/runtime_manager/share/runtime_manager/cmake/runtime_managerConfig.cmake
[7.002s] -- Installing: /home/chinchia120/autoware.ai/install/runtime_manager/share/runtime_manager/cmake/runtime_managerConfig-version.cmake
[7.003s] -- Installing: /home/chinchia120/autoware.ai/install/runtime_manager/share/runtime_manager/package.xml
[7.003s] -- Installing: /home/chinchia120/autoware.ai/install/runtime_manager/lib/runtime_manager/ftrace.py
[7.003s] -- Installing: /home/chinchia120/autoware.ai/install/runtime_manager/lib/runtime_manager/proc_manager.py
[7.004s] -- Installing: /home/chinchia120/autoware.ai/install/runtime_manager/lib/runtime_manager/rtmgr.py
[7.004s] -- Installing: /home/chinchia120/autoware.ai/install/runtime_manager/lib/runtime_manager/runtime_manager_dialog.py
[7.004s] -- Installing: /home/chinchia120/autoware.ai/install/runtime_manager/lib/runtime_manager/test_pub.py
[7.004s] -- Installing: /home/chinchia120/autoware.ai/install/runtime_manager/lib/runtime_manager/test_srv.py
[7.005s] -- Installing: /home/chinchia120/autoware.ai/install/runtime_manager/share/runtime_manager/scripts/3dm_gx5_15.sh
[7.006s] -- Installing: /home/chinchia120/autoware.ai/install/runtime_manager/share/runtime_manager/scripts/add_perm.sh
[7.007s] -- Installing: /home/chinchia120/autoware.ai/install/runtime_manager/share/runtime_manager/scripts/adis16470.sh
[7.007s] -- Installing: /home/chinchia120/autoware.ai/install/runtime_manager/share/runtime_manager/scripts/avt_vimba.sh
[7.008s] -- Installing: /home/chinchia120/autoware.ai/install/runtime_manager/share/runtime_manager/scripts/gazebo.sh
[7.009s] -- Installing: /home/chinchia120/autoware.ai/install/runtime_manager/share/runtime_manager/scripts/mti300.sh
[7.010s] -- Installing: /home/chinchia120/autoware.ai/install/runtime_manager/share/runtime_manager/scripts/vg440.sh
[7.011s] -- Installing: /home/chinchia120/autoware.ai/install/runtime_manager/share/runtime_manager/scripts/cleanup
[7.012s] -- Installing: /home/chinchia120/autoware.ai/install/runtime_manager/share/runtime_manager/scripts/run
[7.013s] -- Installing: /home/chinchia120/autoware.ai/install/runtime_manager/share/runtime_manager/scripts/run_proc_manager
[7.014s] -- Installing: /home/chinchia120/autoware.ai/install/runtime_manager/share/runtime_manager/scripts/subnet_chk.py
[7.015s] -- Installing: /home/chinchia120/autoware.ai/install/runtime_manager/lib/runtime_manager/computing.yaml
[7.018s] -- Installing: /home/chinchia120/autoware.ai/install/runtime_manager/lib/runtime_manager/data.yaml
[7.019s] -- Installing: /home/chinchia120/autoware.ai/install/runtime_manager/lib/runtime_manager/empty.yaml
[7.019s] -- Installing: /home/chinchia120/autoware.ai/install/runtime_manager/lib/runtime_manager/interface.yaml
[7.023s] -- Installing: /home/chinchia120/autoware.ai/install/runtime_manager/lib/runtime_manager/main.yaml
[7.024s] -- Installing: /home/chinchia120/autoware.ai/install/runtime_manager/lib/runtime_manager/map.yaml
[7.026s] -- Installing: /home/chinchia120/autoware.ai/install/runtime_manager/lib/runtime_manager/qs.yaml
[7.027s] -- Installing: /home/chinchia120/autoware.ai/install/runtime_manager/lib/runtime_manager/rtmgr.wxg
[7.030s] -- Installing: /home/chinchia120/autoware.ai/install/runtime_manager/lib/runtime_manager/rtmgr_icon.xpm
[7.033s] -- Installing: /home/chinchia120/autoware.ai/install/runtime_manager/lib/runtime_manager/sensing.yaml
[7.036s] -- Installing: /home/chinchia120/autoware.ai/install/runtime_manager/lib/runtime_manager/setup.yaml
[7.042s] -- Installing: /home/chinchia120/autoware.ai/install/runtime_manager/lib/runtime_manager/simulation.yaml
[7.044s] -- Installing: /home/chinchia120/autoware.ai/install/runtime_manager/lib/runtime_manager/state.yaml
[7.045s] -- Installing: /home/chinchia120/autoware.ai/install/runtime_manager/lib/runtime_manager/status.yaml
[7.046s] -- Installing: /home/chinchia120/autoware.ai/install/runtime_manager/lib/runtime_manager/topics.yaml
[7.047s] -- Installing: /home/chinchia120/autoware.ai/install/runtime_manager/lib/runtime_manager/vector_map_files.yaml
[7.048s] -- Installing: /home/chinchia120/autoware.ai/install/runtime_manager/lib/runtime_manager/viewer.yaml
[7.050s] -- Installing: /home/chinchia120/autoware.ai/install/runtime_manager/lib/runtime_manager/images/autoware_logo_1.png
[7.053s] -- Installing: /home/chinchia120/autoware.ai/install/runtime_manager/lib/runtime_manager/images/autoware_logo_2.png
[7.055s] -- Installing: /home/chinchia120/autoware.ai/install/runtime_manager/lib/runtime_manager/images/autoware_logo_2_white.png
[7.056s] -- Installing: /home/chinchia120/autoware.ai/install/runtime_manager/lib/runtime_manager/images/axe.png
[7.057s] -- Installing: /home/chinchia120/autoware.ai/install/runtime_manager/lib/runtime_manager/images/database.png
[7.060s] -- Installing: /home/chinchia120/autoware.ai/install/runtime_manager/lib/runtime_manager/images/dec.png
[7.061s] -- Installing: /home/chinchia120/autoware.ai/install/runtime_manager/lib/runtime_manager/images/inc.png
[7.062s] -- Installing: /home/chinchia120/autoware.ai/install/runtime_manager/lib/runtime_manager/images/mobile.png
[7.063s] -- Installing: /home/chinchia120/autoware.ai/install/runtime_manager/lib/runtime_manager/images/nagoya_university.png
[7.067s] -- Installing: /home/chinchia120/autoware.ai/install/runtime_manager/lib/runtime_manager/images/tablet.png
[7.068s] -- Installing: /home/chinchia120/autoware.ai/install/runtime_manager/lib/runtime_manager/images/vehicle.png
[7.069s] -- Installing: /home/chinchia120/autoware.ai/install/runtime_manager/share/runtime_manager/launch_files/avt_camera.launch
[7.070s] -- Installing: /home/chinchia120/autoware.ai/install/runtime_manager/share/runtime_manager/launch_files/calibration_publisher.launch
[7.072s] -- Installing: /home/chinchia120/autoware.ai/install/runtime_manager/share/runtime_manager/launch_files/ex_mat_pub.launch
[7.074s] -- Installing: /home/chinchia120/autoware.ai/install/runtime_manager/share/runtime_manager/launch_files/check.launch
[7.076s] -- Installing: /home/chinchia120/autoware.ai/install/runtime_manager/share/runtime_manager/launch_files/control.launch
[7.077s] -- Installing: /home/chinchia120/autoware.ai/install/runtime_manager/share/runtime_manager/launch_files/init.launch
[7.079s] -- Installing: /home/chinchia120/autoware.ai/install/runtime_manager/share/runtime_manager/launch_files/map.launch
[7.080s] -- Installing: /home/chinchia120/autoware.ai/install/runtime_manager/share/runtime_manager/launch_files/perception.launch
[7.082s] -- Installing: /home/chinchia120/autoware.ai/install/runtime_manager/share/runtime_manager/launch_files/planning.launch
[7.083s] -- Installing: /home/chinchia120/autoware.ai/install/runtime_manager/share/runtime_manager/launch_files/sensor.launch
[7.084s] -- Installing: /home/chinchia120/autoware.ai/install/runtime_manager/share/runtime_manager/launch_files/set.launch
[7.087s] -- Installing: /home/chinchia120/autoware.ai/install/runtime_manager/share/runtime_manager/launch_files/velodyne_hdl32e.launch
[7.090s] -- Installing: /home/chinchia120/autoware.ai/install/runtime_manager/share/runtime_manager/launch_files/velodyne_hdl64e_s2.launch
[7.091s] -- Installing: /home/chinchia120/autoware.ai/install/runtime_manager/share/runtime_manager/launch_files/velodyne_hdl64e_s3.launch
[7.092s] -- Installing: /home/chinchia120/autoware.ai/install/runtime_manager/share/runtime_manager/launch_files/velodyne_vlp16.launch
[7.094s] -- Installing: /home/chinchia120/autoware.ai/install/runtime_manager/share/runtime_manager/launch_files/velodyne_vlp16_hires.launch
[7.095s] -- Installing: /home/chinchia120/autoware.ai/install/runtime_manager/share/runtime_manager/launch_files/velodyne_vlp32c.launch
[7.097s] -- Installing: /home/chinchia120/autoware.ai/install/runtime_manager/share/runtime_manager/launch_files/mqtt_socket.launch
[7.098s] -- Installing: /home/chinchia120/autoware.ai/install/runtime_manager/share/runtime_manager/launch_files/points2image.launch
[7.099s] -- Installing: /home/chinchia120/autoware.ai/install/runtime_manager/share/runtime_manager/launch_files/setup_tf.launch
[7.100s] -- Installing: /home/chinchia120/autoware.ai/install/runtime_manager/share/runtime_manager/launch_files/setup_vehicle_info.launch
[7.102s] -- Installing: /home/chinchia120/autoware.ai/install/runtime_manager/share/runtime_manager/launch_files/synchronization.launch
[7.103s] -- Installing: /home/chinchia120/autoware.ai/install/runtime_manager/share/runtime_manager/launch_files/tablet_socket.launch
[7.104s] -- Installing: /home/chinchia120/autoware.ai/install/runtime_manager/share/runtime_manager/launch_files/traffic_light.launch
[7.106s] -- Installing: /home/chinchia120/autoware.ai/install/runtime_manager/share/runtime_manager/launch_files/uvc_camera.launch
[7.107s] -- Installing: /home/chinchia120/autoware.ai/install/runtime_manager/share/runtime_manager/launch_files/vehicle_socket.launch
[7.109s] -- Installing: /home/chinchia120/autoware.ai/install/runtime_manager/share/runtime_manager/launch_files/vscan.launch
[7.111s] -- Installing: /home/chinchia120/autoware.ai/install/runtime_manager/share/runtime_manager/launch
[7.112s] -- Installing: /home/chinchia120/autoware.ai/install/runtime_manager/share/runtime_manager/launch/runtime_manager.launch
[7.121s] Invoked command in '/home/chinchia120/autoware.ai/build/runtime_manager' returned '0': CMAKE_PREFIX_PATH=/home/chinchia120/autoware.ai/install/tablet_socket_msgs:/home/chinchia120/autoware.ai/install/autoware_msgs:/home/chinchia120/autoware.ai/install/autoware_config_msgs:${CMAKE_PREFIX_PATH} PKG_CONFIG_PATH=/home/chinchia120/autoware.ai/install/tablet_socket_msgs/lib/x86_64-linux-gnu/pkgconfig:/home/chinchia120/autoware.ai/install/tablet_socket_msgs/lib/pkgconfig:/home/chinchia120/autoware.ai/install/autoware_msgs/lib/x86_64-linux-gnu/pkgconfig:/home/chinchia120/autoware.ai/install/autoware_msgs/lib/pkgconfig:/home/chinchia120/autoware.ai/install/autoware_config_msgs/lib/x86_64-linux-gnu/pkgconfig:/home/chinchia120/autoware.ai/install/autoware_config_msgs/lib/pkgconfig:${PKG_CONFIG_PATH} PYTHONPATH=/home/chinchia120/autoware.ai/install/tablet_socket_msgs/lib/python2.7/dist-packages:/home/chinchia120/autoware.ai/install/autoware_msgs/lib/python2.7/dist-packages:/home/chinchia120/autoware.ai/install/autoware_config_msgs/lib/python2.7/dist-packages:${PYTHONPATH} ROS_PACKAGE_PATH=/home/chinchia120/autoware.ai/install/tablet_socket_msgs/share:/home/chinchia120/autoware.ai/install/autoware_msgs/share:/home/chinchia120/autoware.ai/install/autoware_config_msgs/share:${ROS_PACKAGE_PATH} /usr/bin/cmake --build /home/chinchia120/autoware.ai/build/runtime_manager --target install -- -j4 -l4
