[0.053s] Invoking command in '/home/chinchia120/autoware.ai/build/autoware_build_flags': /usr/bin/cmake /home/chinchia120/autoware.ai/src/autoware/common/autoware_build_flags -DCMAKE_BUILD_TYPE=Release -DCATKIN_INSTALL_INTO_PREFIX_ROOT=0 -DCMAKE_INSTALL_PREFIX=/home/chinchia120/autoware.ai/install/autoware_build_flags
[1.086s] -- The C compiler identification is GNU 7.5.0
[1.887s] -- The CXX compiler identification is GNU 7.5.0
[1.898s] -- Check for working C compiler: /usr/bin/cc
[2.097s] -- Check for working C compiler: /usr/bin/cc -- works
[2.109s] -- Detecting C compiler ABI info
[2.269s] -- Detecting C compiler ABI info - done
[2.276s] -- Detecting C compile features
[2.830s] -- Detecting C compile features - done
[2.834s] -- Check for working CXX compiler: /usr/bin/c++
[3.125s] -- Check for working CXX compiler: /usr/bin/c++ -- works
[3.126s] -- Detecting CXX compiler ABI info
[3.293s] -- Detecting CXX compiler ABI info - done
[3.313s] -- Detecting CXX compile features
[4.052s] -- Detecting CXX compile features - done
[4.055s] -- Using CATKIN_DEVEL_PREFIX: /home/chinchia120/autoware.ai/build/autoware_build_flags/devel
[4.055s] -- Using CMAKE_PREFIX_PATH: /home/chinchia120/catkin_ws/devel;/opt/ros/melodic
[4.055s] -- This workspace overlays: /home/chinchia120/catkin_ws/devel;/opt/ros/melodic
[4.080s] -- Found PythonInterp: /usr/bin/python2 (found suitable version "2.7.17", minimum required is "2") 
[4.080s] -- Using PYTHON_EXECUTABLE: /usr/bin/python2
[4.081s] -- Using Debian Python package layout
[4.081s] -- Using empy: /usr/bin/empy
[4.378s] -- Using CATKIN_ENABLE_TESTING: ON
[4.379s] -- Call enable_testing()
[4.382s] -- Using CATKIN_TEST_RESULTS_DIR: /home/chinchia120/autoware.ai/build/autoware_build_flags/test_results
[4.414s] -- Found gtest sources under '/usr/src/googletest': gtests will be built
[4.414s] -- Found gmock sources under '/usr/src/googletest': gmock will be built
[4.439s] -- Found PythonInterp: /usr/bin/python2 (found version "2.7.17") 
[4.442s] -- Looking for pthread.h
[4.628s] -- Looking for pthread.h - found
[4.629s] -- Looking for pthread_create
[4.793s] -- Looking for pthread_create - not found
[4.793s] -- Looking for pthread_create in pthreads
[4.934s] -- Looking for pthread_create in pthreads - not found
[4.934s] -- Looking for pthread_create in pthread
[5.156s] -- Looking for pthread_create in pthread - found
[5.157s] -- Found Threads: TRUE  
[5.167s] -- Using Python nosetests: /usr/bin/nosetests-2.7
[5.239s] -- catkin 0.7.29
[5.240s] -- BUILD_SHARED_LIBS is on
[5.820s] -- Configuring done
[5.874s] -- Generating done
[5.878s] -- Build files have been written to: /home/chinchia120/autoware.ai/build/autoware_build_flags
[5.887s] Invoked command in '/home/chinchia120/autoware.ai/build/autoware_build_flags' returned '0': /usr/bin/cmake /home/chinchia120/autoware.ai/src/autoware/common/autoware_build_flags -DCMAKE_BUILD_TYPE=Release -DCATKIN_INSTALL_INTO_PREFIX_ROOT=0 -DCMAKE_INSTALL_PREFIX=/home/chinchia120/autoware.ai/install/autoware_build_flags
[5.893s] Invoking command in '/home/chinchia120/autoware.ai/build/autoware_build_flags': /usr/bin/cmake --build /home/chinchia120/autoware.ai/build/autoware_build_flags -- -j4 -l4
[5.980s] Invoked command in '/home/chinchia120/autoware.ai/build/autoware_build_flags' returned '0': /usr/bin/cmake --build /home/chinchia120/autoware.ai/build/autoware_build_flags -- -j4 -l4
[6.064s] Invoking command in '/home/chinchia120/autoware.ai/build/autoware_build_flags': /usr/bin/cmake --build /home/chinchia120/autoware.ai/build/autoware_build_flags --target tests -- -j4 -l4
[6.198s] [35m[1mScanning dependencies of target tests[0m
[6.225s] Built target tests
[6.246s] Invoked command in '/home/chinchia120/autoware.ai/build/autoware_build_flags' returned '0': /usr/bin/cmake --build /home/chinchia120/autoware.ai/build/autoware_build_flags --target tests -- -j4 -l4
[6.470s] Invoking command in '/home/chinchia120/autoware.ai/build/autoware_build_flags': /usr/bin/cmake --build /home/chinchia120/autoware.ai/build/autoware_build_flags --target install -- -j4 -l4
[6.587s] [36mInstall the project...[0m
[6.623s] -- Install configuration: "Release"
[6.624s] -- Installing: /home/chinchia120/autoware.ai/install/autoware_build_flags/lib/pkgconfig/autoware_build_flags.pc
[6.624s] -- Installing: /home/chinchia120/autoware.ai/install/autoware_build_flags/share/autoware_build_flags/cmake/autoware_build_flags-extras.cmake
[6.635s] -- Installing: /home/chinchia120/autoware.ai/install/autoware_build_flags/share/autoware_build_flags/cmake/autoware_build_flagsConfig.cmake
[6.635s] -- Installing: /home/chinchia120/autoware.ai/install/autoware_build_flags/share/autoware_build_flags/cmake/autoware_build_flagsConfig-version.cmake
[6.635s] -- Installing: /home/chinchia120/autoware.ai/install/autoware_build_flags/share/autoware_build_flags/package.xml
[6.639s] Invoked command in '/home/chinchia120/autoware.ai/build/autoware_build_flags' returned '0': /usr/bin/cmake --build /home/chinchia120/autoware.ai/build/autoware_build_flags --target install -- -j4 -l4
