[0.028s] Invoking command in '/home/chinchia120/autoware.ai/build/autoware_map_msgs': /usr/bin/cmake /home/chinchia120/autoware.ai/src/autoware/messages/autoware_map_msgs -DCMAKE_BUILD_TYPE=Release -DCATKIN_INSTALL_INTO_PREFIX_ROOT=0 -DCMAKE_INSTALL_PREFIX=/home/chinchia120/autoware.ai/install/autoware_map_msgs
[0.202s] -- The C compiler identification is GNU 7.5.0
[0.315s] -- The CXX compiler identification is GNU 7.5.0
[0.326s] -- Check for working C compiler: /usr/bin/cc
[0.489s] -- Check for working C compiler: /usr/bin/cc -- works
[0.490s] -- Detecting C compiler ABI info
[0.645s] -- Detecting C compiler ABI info - done
[0.665s] -- Detecting C compile features
[1.093s] -- Detecting C compile features - done
[1.101s] -- Check for working CXX compiler: /usr/bin/c++
[1.291s] -- Check for working CXX compiler: /usr/bin/c++ -- works
[1.291s] -- Detecting CXX compiler ABI info
[1.465s] -- Detecting CXX compiler ABI info - done
[1.481s] -- Detecting CXX compile features
[2.223s] -- Detecting CXX compile features - done
[2.226s] -- Using CATKIN_DEVEL_PREFIX: /home/chinchia120/autoware.ai/build/autoware_map_msgs/devel
[2.227s] -- Using CMAKE_PREFIX_PATH: /home/chinchia120/catkin_ws/devel;/opt/ros/melodic
[2.227s] -- This workspace overlays: /home/chinchia120/catkin_ws/devel;/opt/ros/melodic
[2.262s] -- Found PythonInterp: /usr/bin/python2 (found suitable version "2.7.17", minimum required is "2") 
[2.263s] -- Using PYTHON_EXECUTABLE: /usr/bin/python2
[2.263s] -- Using Debian Python package layout
[2.263s] -- Using empy: /usr/bin/empy
[2.534s] -- Using CATKIN_ENABLE_TESTING: ON
[2.535s] -- Call enable_testing()
[2.541s] -- Using CATKIN_TEST_RESULTS_DIR: /home/chinchia120/autoware.ai/build/autoware_map_msgs/test_results
[2.579s] -- Found gtest sources under '/usr/src/googletest': gtests will be built
[2.579s] -- Found gmock sources under '/usr/src/googletest': gmock will be built
[2.605s] -- Found PythonInterp: /usr/bin/python2 (found version "2.7.17") 
[2.608s] -- Looking for pthread.h
[2.744s] -- Looking for pthread.h - found
[2.745s] -- Looking for pthread_create
[2.912s] -- Looking for pthread_create - not found
[2.913s] -- Looking for pthread_create in pthreads
[3.060s] -- Looking for pthread_create in pthreads - not found
[3.061s] -- Looking for pthread_create in pthread
[3.226s] -- Looking for pthread_create in pthread - found
[3.228s] -- Found Threads: TRUE  
[3.252s] -- Using Python nosetests: /usr/bin/nosetests-2.7
[3.330s] -- catkin 0.7.29
[3.330s] -- BUILD_SHARED_LIBS is on
[3.585s] -- Using these message generators: gencpp;geneus;genlisp;gennodejs;genpy
[4.080s] -- autoware_map_msgs: 30 messages, 0 services
[4.436s] -- Configuring done
[4.545s] -- Generating done
[4.563s] -- Build files have been written to: /home/chinchia120/autoware.ai/build/autoware_map_msgs
[4.578s] Invoked command in '/home/chinchia120/autoware.ai/build/autoware_map_msgs' returned '0': /usr/bin/cmake /home/chinchia120/autoware.ai/src/autoware/messages/autoware_map_msgs -DCMAKE_BUILD_TYPE=Release -DCATKIN_INSTALL_INTO_PREFIX_ROOT=0 -DCMAKE_INSTALL_PREFIX=/home/chinchia120/autoware.ai/install/autoware_map_msgs
[4.579s] Invoking command in '/home/chinchia120/autoware.ai/build/autoware_map_msgs': /usr/bin/cmake --build /home/chinchia120/autoware.ai/build/autoware_map_msgs -- -j4 -l4
[4.670s] [35m[1mScanning dependencies of target _autoware_map_msgs_generate_messages_check_deps_WaypointSignalRelation[0m
[4.764s] [  0%] Built target _autoware_map_msgs_generate_messages_check_deps_WaypointSignalRelation
[4.797s] [35m[1mScanning dependencies of target _autoware_map_msgs_generate_messages_check_deps_OppositeLaneRelation[0m
[4.882s] [  0%] Built target _autoware_map_msgs_generate_messages_check_deps_OppositeLaneRelation
[4.911s] [35m[1mScanning dependencies of target _autoware_map_msgs_generate_messages_check_deps_LaneChangeRelationArray[0m
[4.984s] [  0%] Built target _autoware_map_msgs_generate_messages_check_deps_LaneChangeRelationArray
[5.018s] [35m[1mScanning dependencies of target _autoware_map_msgs_generate_messages_check_deps_OppositeLaneRelationArray[0m
[5.110s] [  0%] Built target _autoware_map_msgs_generate_messages_check_deps_OppositeLaneRelationArray
[5.131s] [35m[1mScanning dependencies of target _autoware_map_msgs_generate_messages_check_deps_Area[0m
[5.222s] [  0%] Built target _autoware_map_msgs_generate_messages_check_deps_Area
[5.253s] [35m[1mScanning dependencies of target _autoware_map_msgs_generate_messages_check_deps_AreaArray[0m
[5.329s] [  0%] Built target _autoware_map_msgs_generate_messages_check_deps_AreaArray
[5.361s] [35m[1mScanning dependencies of target _autoware_map_msgs_generate_messages_check_deps_LaneAttributeRelation[0m
[5.453s] [  0%] Built target _autoware_map_msgs_generate_messages_check_deps_LaneAttributeRelation
[5.485s] [35m[1mScanning dependencies of target _autoware_map_msgs_generate_messages_check_deps_SignalArray[0m
[5.582s] [  0%] Built target _autoware_map_msgs_generate_messages_check_deps_SignalArray
[5.615s] [35m[1mScanning dependencies of target _autoware_map_msgs_generate_messages_check_deps_Waypoint[0m
[5.710s] [  0%] Built target _autoware_map_msgs_generate_messages_check_deps_Waypoint
[5.736s] [35m[1mScanning dependencies of target _autoware_map_msgs_generate_messages_check_deps_WayareaArray[0m
[5.815s] [  0%] Built target _autoware_map_msgs_generate_messages_check_deps_WayareaArray
[5.842s] [35m[1mScanning dependencies of target std_msgs_generate_messages_cpp[0m
[5.870s] [  0%] Built target std_msgs_generate_messages_cpp
[5.894s] [35m[1mScanning dependencies of target _autoware_map_msgs_generate_messages_check_deps_Signal[0m
[5.988s] [  0%] Built target _autoware_map_msgs_generate_messages_check_deps_Signal
[6.015s] [35m[1mScanning dependencies of target _autoware_map_msgs_generate_messages_check_deps_SignalLightArray[0m
[6.105s] [  0%] Built target _autoware_map_msgs_generate_messages_check_deps_SignalLightArray
[6.131s] [35m[1mScanning dependencies of target _autoware_map_msgs_generate_messages_check_deps_Lane[0m
[6.213s] [  0%] Built target _autoware_map_msgs_generate_messages_check_deps_Lane
[6.253s] [35m[1mScanning dependencies of target _autoware_map_msgs_generate_messages_check_deps_WaypointLaneRelationArray[0m
[6.330s] [  0%] Built target _autoware_map_msgs_generate_messages_check_deps_WaypointLaneRelationArray
[6.358s] [35m[1mScanning dependencies of target _autoware_map_msgs_generate_messages_check_deps_LaneAttributeRelationArray[0m
[6.446s] [  0%] Built target _autoware_map_msgs_generate_messages_check_deps_LaneAttributeRelationArray
[6.469s] [35m[1mScanning dependencies of target _autoware_map_msgs_generate_messages_check_deps_WaypointSignalRelationArray[0m
[6.553s] [  0%] Built target _autoware_map_msgs_generate_messages_check_deps_WaypointSignalRelationArray
[6.585s] [35m[1mScanning dependencies of target _autoware_map_msgs_generate_messages_check_deps_WaypointRelation[0m
[6.669s] [  0%] Built target _autoware_map_msgs_generate_messages_check_deps_WaypointRelation
[6.695s] [35m[1mScanning dependencies of target _autoware_map_msgs_generate_messages_check_deps_LaneChangeRelation[0m
[6.787s] [  0%] Built target _autoware_map_msgs_generate_messages_check_deps_LaneChangeRelation
[6.810s] [35m[1mScanning dependencies of target _autoware_map_msgs_generate_messages_check_deps_SignalLight[0m
[6.885s] [  0%] Built target _autoware_map_msgs_generate_messages_check_deps_SignalLight
[6.913s] [35m[1mScanning dependencies of target _autoware_map_msgs_generate_messages_check_deps_WaypointRelationArray[0m
[6.991s] [  0%] Built target _autoware_map_msgs_generate_messages_check_deps_WaypointRelationArray
[7.024s] [35m[1mScanning dependencies of target _autoware_map_msgs_generate_messages_check_deps_LaneSignalLightRelation[0m
[7.102s] [  0%] Built target _autoware_map_msgs_generate_messages_check_deps_LaneSignalLightRelation
[7.133s] [35m[1mScanning dependencies of target _autoware_map_msgs_generate_messages_check_deps_Wayarea[0m
[7.219s] [  0%] Built target _autoware_map_msgs_generate_messages_check_deps_Wayarea
[7.244s] [35m[1mScanning dependencies of target _autoware_map_msgs_generate_messages_check_deps_LaneRelation[0m
[7.317s] [  0%] Built target _autoware_map_msgs_generate_messages_check_deps_LaneRelation
[7.340s] [35m[1mScanning dependencies of target _autoware_map_msgs_generate_messages_check_deps_PointArray[0m
[7.444s] [  0%] Built target _autoware_map_msgs_generate_messages_check_deps_PointArray
[7.475s] [35m[1mScanning dependencies of target _autoware_map_msgs_generate_messages_check_deps_LaneSignalLightRelationArray[0m
[7.545s] [  0%] Built target _autoware_map_msgs_generate_messages_check_deps_LaneSignalLightRelationArray
[7.568s] [35m[1mScanning dependencies of target _autoware_map_msgs_generate_messages_check_deps_WaypointLaneRelation[0m
[7.659s] [  0%] Built target _autoware_map_msgs_generate_messages_check_deps_WaypointLaneRelation
[7.684s] [35m[1mScanning dependencies of target _autoware_map_msgs_generate_messages_check_deps_LaneArray[0m
[7.761s] [  0%] Built target _autoware_map_msgs_generate_messages_check_deps_LaneArray
[7.792s] [35m[1mScanning dependencies of target _autoware_map_msgs_generate_messages_check_deps_Point[0m
[7.879s] [  0%] Built target _autoware_map_msgs_generate_messages_check_deps_Point
[7.913s] [35m[1mScanning dependencies of target std_msgs_generate_messages_eus[0m
[7.947s] [  0%] Built target std_msgs_generate_messages_eus
[7.972s] [35m[1mScanning dependencies of target std_msgs_generate_messages_lisp[0m
[8.008s] [  0%] Built target std_msgs_generate_messages_lisp
[8.038s] [35m[1mScanning dependencies of target std_msgs_generate_messages_nodejs[0m
[8.064s] [  0%] Built target std_msgs_generate_messages_nodejs
[8.093s] [35m[1mScanning dependencies of target std_msgs_generate_messages_py[0m
[8.123s] [  0%] Built target std_msgs_generate_messages_py
[8.152s] [35m[1mScanning dependencies of target _autoware_map_msgs_generate_messages_check_deps_LaneRelationArray[0m
[8.235s] [  0%] Built target _autoware_map_msgs_generate_messages_check_deps_LaneRelationArray
[8.260s] [35m[1mScanning dependencies of target _autoware_map_msgs_generate_messages_check_deps_WaypointArray[0m
[8.344s] [  0%] Built target _autoware_map_msgs_generate_messages_check_deps_WaypointArray
[8.382s] [35m[1mScanning dependencies of target autoware_map_msgs_generate_messages_cpp[0m
[8.413s] [  0%] [34m[1mGenerating C++ code from autoware_map_msgs/OppositeLaneRelation.msg[0m
[8.688s] [  1%] [34m[1mGenerating C++ code from autoware_map_msgs/SignalArray.msg[0m
[8.958s] [  1%] [34m[1mGenerating C++ code from autoware_map_msgs/WayareaArray.msg[0m
[9.249s] [  2%] [34m[1mGenerating C++ code from autoware_map_msgs/LaneRelationArray.msg[0m
[9.515s] [  3%] [34m[1mGenerating C++ code from autoware_map_msgs/OppositeLaneRelationArray.msg[0m
[9.720s] [  3%] [34m[1mGenerating C++ code from autoware_map_msgs/WaypointLaneRelationArray.msg[0m
[9.932s] [  4%] [34m[1mGenerating C++ code from autoware_map_msgs/SignalLightArray.msg[0m
[10.188s] [  4%] [34m[1mGenerating C++ code from autoware_map_msgs/LaneAttributeRelationArray.msg[0m
[10.417s] [  5%] [34m[1mGenerating C++ code from autoware_map_msgs/WaypointRelation.msg[0m
[10.689s] [  6%] [34m[1mGenerating C++ code from autoware_map_msgs/WaypointRelationArray.msg[0m
[10.901s] [  6%] [34m[1mGenerating C++ code from autoware_map_msgs/PointArray.msg[0m
[11.138s] [  7%] [34m[1mGenerating C++ code from autoware_map_msgs/LaneChangeRelation.msg[0m
[11.380s] [  7%] [34m[1mGenerating C++ code from autoware_map_msgs/LaneAttributeRelation.msg[0m
[11.600s] [  8%] [34m[1mGenerating C++ code from autoware_map_msgs/Signal.msg[0m
[11.831s] [  9%] [34m[1mGenerating C++ code from autoware_map_msgs/Wayarea.msg[0m
[12.058s] [  9%] [34m[1mGenerating C++ code from autoware_map_msgs/AreaArray.msg[0m
[12.305s] [ 10%] [34m[1mGenerating C++ code from autoware_map_msgs/SignalLight.msg[0m
[12.540s] [ 11%] [34m[1mGenerating C++ code from autoware_map_msgs/LaneRelation.msg[0m
[12.802s] [ 11%] [34m[1mGenerating C++ code from autoware_map_msgs/LaneSignalLightRelation.msg[0m
[13.017s] [ 12%] [34m[1mGenerating C++ code from autoware_map_msgs/LaneSignalLightRelationArray.msg[0m
[13.231s] [ 12%] [34m[1mGenerating C++ code from autoware_map_msgs/WaypointLaneRelation.msg[0m
[13.466s] [ 13%] [34m[1mGenerating C++ code from autoware_map_msgs/LaneArray.msg[0m
[13.706s] [ 15%] [34m[1mGenerating C++ code from autoware_map_msgs/WaypointSignalRelationArray.msg[0m
[13.948s] [ 15%] [34m[1mGenerating C++ code from autoware_map_msgs/WaypointSignalRelation.msg[0m
[14.146s] [ 16%] [34m[1mGenerating C++ code from autoware_map_msgs/Point.msg[0m
[14.404s] [ 16%] [34m[1mGenerating C++ code from autoware_map_msgs/LaneChangeRelationArray.msg[0m
[14.628s] [ 17%] [34m[1mGenerating C++ code from autoware_map_msgs/Lane.msg[0m
[14.884s] [ 18%] [34m[1mGenerating C++ code from autoware_map_msgs/Area.msg[0m
[15.113s] [ 18%] [34m[1mGenerating C++ code from autoware_map_msgs/Waypoint.msg[0m
[15.318s] [ 19%] [34m[1mGenerating C++ code from autoware_map_msgs/WaypointArray.msg[0m
[15.559s] [ 19%] Built target autoware_map_msgs_generate_messages_cpp
[15.597s] [35m[1mScanning dependencies of target autoware_map_msgs_generate_messages_nodejs[0m
[15.626s] [ 20%] [34m[1mGenerating Javascript code from autoware_map_msgs/OppositeLaneRelation.msg[0m
[15.725s] [ 21%] [34m[1mGenerating Javascript code from autoware_map_msgs/SignalArray.msg[0m
[15.816s] [ 21%] [34m[1mGenerating Javascript code from autoware_map_msgs/WayareaArray.msg[0m
[15.906s] [ 22%] [34m[1mGenerating Javascript code from autoware_map_msgs/LaneRelationArray.msg[0m
[16.002s] [ 22%] [34m[1mGenerating Javascript code from autoware_map_msgs/OppositeLaneRelationArray.msg[0m
[16.094s] [ 23%] [34m[1mGenerating Javascript code from autoware_map_msgs/WaypointLaneRelationArray.msg[0m
[16.199s] [ 24%] [34m[1mGenerating Javascript code from autoware_map_msgs/SignalLightArray.msg[0m
[16.274s] [ 24%] [34m[1mGenerating Javascript code from autoware_map_msgs/LaneAttributeRelationArray.msg[0m
[16.360s] [ 25%] [34m[1mGenerating Javascript code from autoware_map_msgs/WaypointRelation.msg[0m
[16.440s] [ 25%] [34m[1mGenerating Javascript code from autoware_map_msgs/WaypointRelationArray.msg[0m
[16.531s] [ 26%] [34m[1mGenerating Javascript code from autoware_map_msgs/PointArray.msg[0m
[16.627s] [ 27%] [34m[1mGenerating Javascript code from autoware_map_msgs/LaneChangeRelation.msg[0m
[16.713s] [ 27%] [34m[1mGenerating Javascript code from autoware_map_msgs/LaneAttributeRelation.msg[0m
[16.795s] [ 29%] [34m[1mGenerating Javascript code from autoware_map_msgs/Signal.msg[0m
[16.888s] [ 30%] [34m[1mGenerating Javascript code from autoware_map_msgs/Wayarea.msg[0m
[16.968s] [ 30%] [34m[1mGenerating Javascript code from autoware_map_msgs/AreaArray.msg[0m
[17.065s] [ 31%] [34m[1mGenerating Javascript code from autoware_map_msgs/SignalLight.msg[0m
[17.146s] [ 31%] [34m[1mGenerating Javascript code from autoware_map_msgs/LaneRelation.msg[0m
[17.228s] [ 32%] [34m[1mGenerating Javascript code from autoware_map_msgs/LaneSignalLightRelation.msg[0m
[17.303s] [ 33%] [34m[1mGenerating Javascript code from autoware_map_msgs/LaneSignalLightRelationArray.msg[0m
[17.387s] [ 33%] [34m[1mGenerating Javascript code from autoware_map_msgs/WaypointLaneRelation.msg[0m
[17.485s] [ 34%] [34m[1mGenerating Javascript code from autoware_map_msgs/LaneArray.msg[0m
[17.572s] [ 34%] [34m[1mGenerating Javascript code from autoware_map_msgs/WaypointSignalRelationArray.msg[0m
[17.649s] [ 35%] [34m[1mGenerating Javascript code from autoware_map_msgs/WaypointSignalRelation.msg[0m
[17.728s] [ 36%] [34m[1mGenerating Javascript code from autoware_map_msgs/Point.msg[0m
[17.825s] [ 36%] [34m[1mGenerating Javascript code from autoware_map_msgs/LaneChangeRelationArray.msg[0m
[17.925s] [ 37%] [34m[1mGenerating Javascript code from autoware_map_msgs/Lane.msg[0m
[18.021s] [ 38%] [34m[1mGenerating Javascript code from autoware_map_msgs/Area.msg[0m
[18.103s] [ 38%] [34m[1mGenerating Javascript code from autoware_map_msgs/Waypoint.msg[0m
[18.173s] [ 39%] [34m[1mGenerating Javascript code from autoware_map_msgs/WaypointArray.msg[0m
[18.262s] [ 39%] Built target autoware_map_msgs_generate_messages_nodejs
[18.305s] [35m[1mScanning dependencies of target autoware_map_msgs_generate_messages_py[0m
[18.330s] [ 39%] [34m[1mGenerating Python from MSG autoware_map_msgs/OppositeLaneRelation[0m
[18.819s] [ 40%] [34m[1mGenerating Python from MSG autoware_map_msgs/SignalArray[0m
[19.061s] [ 41%] [34m[1mGenerating Python from MSG autoware_map_msgs/WayareaArray[0m
[19.304s] [ 41%] [34m[1mGenerating Python from MSG autoware_map_msgs/LaneRelationArray[0m
[19.535s] [ 43%] [34m[1mGenerating Python from MSG autoware_map_msgs/OppositeLaneRelationArray[0m
[19.778s] [ 43%] [34m[1mGenerating Python from MSG autoware_map_msgs/WaypointLaneRelationArray[0m
[20.013s] [ 44%] [34m[1mGenerating Python from MSG autoware_map_msgs/SignalLightArray[0m
[20.256s] [ 45%] [34m[1mGenerating Python from MSG autoware_map_msgs/LaneAttributeRelationArray[0m
[20.510s] [ 45%] [34m[1mGenerating Python from MSG autoware_map_msgs/WaypointRelation[0m
[20.746s] [ 46%] [34m[1mGenerating Python from MSG autoware_map_msgs/WaypointRelationArray[0m
[21.001s] [ 46%] [34m[1mGenerating Python from MSG autoware_map_msgs/PointArray[0m
[21.225s] [ 47%] [34m[1mGenerating Python from MSG autoware_map_msgs/LaneChangeRelation[0m
[21.453s] [ 48%] [34m[1mGenerating Python from MSG autoware_map_msgs/LaneAttributeRelation[0m
[21.708s] [ 48%] [34m[1mGenerating Python from MSG autoware_map_msgs/Signal[0m
[21.932s] [ 49%] [34m[1mGenerating Python from MSG autoware_map_msgs/Wayarea[0m
[22.184s] [ 50%] [34m[1mGenerating Python from MSG autoware_map_msgs/AreaArray[0m
[22.445s] [ 50%] [34m[1mGenerating Python from MSG autoware_map_msgs/SignalLight[0m
[22.726s] [ 51%] [34m[1mGenerating Python from MSG autoware_map_msgs/LaneRelation[0m
[22.989s] [ 51%] [34m[1mGenerating Python from MSG autoware_map_msgs/LaneSignalLightRelation[0m
[23.291s] [ 52%] [34m[1mGenerating Python from MSG autoware_map_msgs/LaneSignalLightRelationArray[0m
[23.560s] [ 53%] [34m[1mGenerating Python from MSG autoware_map_msgs/WaypointLaneRelation[0m
[23.847s] [ 53%] [34m[1mGenerating Python from MSG autoware_map_msgs/LaneArray[0m
[24.095s] [ 54%] [34m[1mGenerating Python from MSG autoware_map_msgs/WaypointSignalRelationArray[0m
[24.348s] [ 54%] [34m[1mGenerating Python from MSG autoware_map_msgs/WaypointSignalRelation[0m
[24.594s] [ 55%] [34m[1mGenerating Python from MSG autoware_map_msgs/Point[0m
[24.820s] [ 56%] [34m[1mGenerating Python from MSG autoware_map_msgs/LaneChangeRelationArray[0m
[25.056s] [ 56%] [34m[1mGenerating Python from MSG autoware_map_msgs/Lane[0m
[25.325s] [ 58%] [34m[1mGenerating Python from MSG autoware_map_msgs/Area[0m
[25.573s] [ 59%] [34m[1mGenerating Python from MSG autoware_map_msgs/Waypoint[0m
[25.819s] [ 59%] [34m[1mGenerating Python from MSG autoware_map_msgs/WaypointArray[0m
[26.081s] [ 60%] [34m[1mGenerating Python msg __init__.py for autoware_map_msgs[0m
[26.351s] [ 60%] Built target autoware_map_msgs_generate_messages_py
[26.382s] [35m[1mScanning dependencies of target autoware_map_msgs_generate_messages_lisp[0m
[26.414s] [ 61%] [34m[1mGenerating Lisp code from autoware_map_msgs/OppositeLaneRelation.msg[0m
[26.511s] [ 62%] [34m[1mGenerating Lisp code from autoware_map_msgs/WayareaArray.msg[0m
[26.595s] [ 62%] [34m[1mGenerating Lisp code from autoware_map_msgs/LaneRelationArray.msg[0m
[26.701s] [ 63%] [34m[1mGenerating Lisp code from autoware_map_msgs/OppositeLaneRelationArray.msg[0m
[26.784s] [ 64%] [34m[1mGenerating Lisp code from autoware_map_msgs/WaypointLaneRelationArray.msg[0m
[26.863s] [ 64%] [34m[1mGenerating Lisp code from autoware_map_msgs/SignalLightArray.msg[0m
[26.969s] [ 65%] [34m[1mGenerating Lisp code from autoware_map_msgs/LaneAttributeRelationArray.msg[0m
[27.042s] [ 65%] [34m[1mGenerating Lisp code from autoware_map_msgs/WaypointRelation.msg[0m
[27.138s] [ 66%] [34m[1mGenerating Lisp code from autoware_map_msgs/WaypointRelationArray.msg[0m
[27.241s] [ 67%] [34m[1mGenerating Lisp code from autoware_map_msgs/PointArray.msg[0m
[27.335s] [ 67%] [34m[1mGenerating Lisp code from autoware_map_msgs/LaneChangeRelation.msg[0m
[27.430s] [ 68%] [34m[1mGenerating Lisp code from autoware_map_msgs/LaneAttributeRelation.msg[0m
[27.524s] [ 69%] [34m[1mGenerating Lisp code from autoware_map_msgs/Signal.msg[0m
[27.608s] [ 69%] [34m[1mGenerating Lisp code from autoware_map_msgs/Wayarea.msg[0m
[27.712s] [ 70%] [34m[1mGenerating Lisp code from autoware_map_msgs/AreaArray.msg[0m
[27.805s] [ 70%] [34m[1mGenerating Lisp code from autoware_map_msgs/SignalLight.msg[0m
[27.895s] [ 72%] [34m[1mGenerating Lisp code from autoware_map_msgs/LaneRelation.msg[0m
[28.000s] [ 73%] [34m[1mGenerating Lisp code from autoware_map_msgs/LaneSignalLightRelation.msg[0m
[28.089s] [ 73%] [34m[1mGenerating Lisp code from autoware_map_msgs/LaneSignalLightRelationArray.msg[0m
[28.187s] [ 74%] [34m[1mGenerating Lisp code from autoware_map_msgs/WaypointLaneRelation.msg[0m
[28.272s] [ 74%] [34m[1mGenerating Lisp code from autoware_map_msgs/LaneArray.msg[0m
[28.353s] [ 75%] [34m[1mGenerating Lisp code from autoware_map_msgs/WaypointSignalRelationArray.msg[0m
[28.448s] [ 76%] [34m[1mGenerating Lisp code from autoware_map_msgs/WaypointSignalRelation.msg[0m
[28.534s] [ 76%] [34m[1mGenerating Lisp code from autoware_map_msgs/Point.msg[0m
[28.632s] [ 77%] [34m[1mGenerating Lisp code from autoware_map_msgs/LaneChangeRelationArray.msg[0m
[28.722s] [ 77%] [34m[1mGenerating Lisp code from autoware_map_msgs/Lane.msg[0m
[28.806s] [ 78%] [34m[1mGenerating Lisp code from autoware_map_msgs/Area.msg[0m
[28.889s] [ 79%] [34m[1mGenerating Lisp code from autoware_map_msgs/Waypoint.msg[0m
[28.985s] [ 79%] [34m[1mGenerating Lisp code from autoware_map_msgs/WaypointArray.msg[0m
[29.067s] [ 79%] [34m[1mGenerating Lisp code from autoware_map_msgs/SignalArray.msg[0m
[29.171s] [ 79%] Built target autoware_map_msgs_generate_messages_lisp
[29.206s] [35m[1mScanning dependencies of target autoware_map_msgs_generate_messages_eus[0m
[29.234s] [ 80%] [34m[1mGenerating EusLisp code from autoware_map_msgs/OppositeLaneRelation.msg[0m
[29.379s] [ 80%] [34m[1mGenerating EusLisp code from autoware_map_msgs/LaneRelationArray.msg[0m
[29.504s] [ 81%] [34m[1mGenerating EusLisp code from autoware_map_msgs/OppositeLaneRelationArray.msg[0m
[29.643s] [ 82%] [34m[1mGenerating EusLisp code from autoware_map_msgs/WaypointLaneRelationArray.msg[0m
[29.778s] [ 82%] [34m[1mGenerating EusLisp code from autoware_map_msgs/SignalLightArray.msg[0m
[29.916s] [ 83%] [34m[1mGenerating EusLisp code from autoware_map_msgs/LaneAttributeRelationArray.msg[0m
[30.067s] [ 83%] [34m[1mGenerating EusLisp code from autoware_map_msgs/WaypointRelation.msg[0m
[30.207s] [ 84%] [34m[1mGenerating EusLisp code from autoware_map_msgs/WaypointRelationArray.msg[0m
[30.323s] [ 86%] [34m[1mGenerating EusLisp code from autoware_map_msgs/PointArray.msg[0m
[30.459s] [ 86%] [34m[1mGenerating EusLisp code from autoware_map_msgs/LaneChangeRelation.msg[0m
[30.588s] [ 87%] [34m[1mGenerating EusLisp code from autoware_map_msgs/LaneAttributeRelation.msg[0m
[30.726s] [ 87%] [34m[1mGenerating EusLisp code from autoware_map_msgs/Signal.msg[0m
[30.867s] [ 88%] [34m[1mGenerating EusLisp code from autoware_map_msgs/Wayarea.msg[0m
[30.986s] [ 89%] [34m[1mGenerating EusLisp code from autoware_map_msgs/AreaArray.msg[0m
[31.120s] [ 89%] [34m[1mGenerating EusLisp code from autoware_map_msgs/SignalLight.msg[0m
[31.257s] [ 90%] [34m[1mGenerating EusLisp code from autoware_map_msgs/LaneRelation.msg[0m
[31.400s] [ 91%] [34m[1mGenerating EusLisp code from autoware_map_msgs/LaneSignalLightRelation.msg[0m
[31.529s] [ 91%] [34m[1mGenerating EusLisp code from autoware_map_msgs/LaneSignalLightRelationArray.msg[0m
[31.661s] [ 92%] [34m[1mGenerating EusLisp code from autoware_map_msgs/WaypointLaneRelation.msg[0m
[31.803s] [ 92%] [34m[1mGenerating EusLisp code from autoware_map_msgs/LaneArray.msg[0m
[31.932s] [ 93%] [34m[1mGenerating EusLisp code from autoware_map_msgs/WaypointSignalRelationArray.msg[0m
[32.075s] [ 94%] [34m[1mGenerating EusLisp code from autoware_map_msgs/WaypointSignalRelation.msg[0m
[32.202s] [ 94%] [34m[1mGenerating EusLisp code from autoware_map_msgs/Point.msg[0m
[32.352s] [ 95%] [34m[1mGenerating EusLisp code from autoware_map_msgs/LaneChangeRelationArray.msg[0m
[32.473s] [ 95%] [34m[1mGenerating EusLisp code from autoware_map_msgs/Lane.msg[0m
[32.592s] [ 96%] [34m[1mGenerating EusLisp code from autoware_map_msgs/Area.msg[0m
[32.705s] [ 97%] [34m[1mGenerating EusLisp code from autoware_map_msgs/Waypoint.msg[0m
[32.833s] [ 97%] [34m[1mGenerating EusLisp code from autoware_map_msgs/WaypointArray.msg[0m
[32.956s] [ 98%] [34m[1mGenerating EusLisp manifest code for autoware_map_msgs[0m
[34.891s] [100%] [34m[1mGenerating EusLisp code from autoware_map_msgs/WayareaArray.msg[0m
[35.000s] [100%] [34m[1mGenerating EusLisp code from autoware_map_msgs/SignalArray.msg[0m
[35.149s] [100%] Built target autoware_map_msgs_generate_messages_eus
[35.171s] [35m[1mScanning dependencies of target autoware_map_msgs_generate_messages[0m
[35.193s] [100%] Built target autoware_map_msgs_generate_messages
[35.224s] Invoked command in '/home/chinchia120/autoware.ai/build/autoware_map_msgs' returned '0': /usr/bin/cmake --build /home/chinchia120/autoware.ai/build/autoware_map_msgs -- -j4 -l4
[35.440s] Invoking command in '/home/chinchia120/autoware.ai/build/autoware_map_msgs': /usr/bin/cmake --build /home/chinchia120/autoware.ai/build/autoware_map_msgs --target tests -- -j4 -l4
[35.594s] [35m[1mScanning dependencies of target tests[0m
[35.624s] Built target tests
[35.653s] Invoked command in '/home/chinchia120/autoware.ai/build/autoware_map_msgs' returned '0': /usr/bin/cmake --build /home/chinchia120/autoware.ai/build/autoware_map_msgs --target tests -- -j4 -l4
[35.869s] Invoking command in '/home/chinchia120/autoware.ai/build/autoware_map_msgs': /usr/bin/cmake --build /home/chinchia120/autoware.ai/build/autoware_map_msgs --target install -- -j4 -l4
[36.025s] [  0%] Built target _autoware_map_msgs_generate_messages_check_deps_WaypointSignalRelation
[36.128s] [  0%] Built target _autoware_map_msgs_generate_messages_check_deps_OppositeLaneRelation
[36.221s] [  0%] Built target _autoware_map_msgs_generate_messages_check_deps_LaneChangeRelationArray
[36.305s] [  0%] Built target _autoware_map_msgs_generate_messages_check_deps_OppositeLaneRelationArray
[36.408s] [  0%] Built target _autoware_map_msgs_generate_messages_check_deps_Area
[36.500s] [  0%] Built target _autoware_map_msgs_generate_messages_check_deps_AreaArray
[36.588s] [  0%] Built target _autoware_map_msgs_generate_messages_check_deps_LaneAttributeRelation
[36.700s] [  0%] Built target _autoware_map_msgs_generate_messages_check_deps_SignalArray
[36.809s] [  0%] Built target _autoware_map_msgs_generate_messages_check_deps_Waypoint
[36.903s] [  0%] Built target _autoware_map_msgs_generate_messages_check_deps_WayareaArray
[36.953s] [  0%] Built target std_msgs_generate_messages_cpp
[37.058s] [  0%] Built target _autoware_map_msgs_generate_messages_check_deps_Signal
[37.171s] [  0%] Built target _autoware_map_msgs_generate_messages_check_deps_SignalLightArray
[37.255s] [  0%] Built target _autoware_map_msgs_generate_messages_check_deps_Lane
[37.354s] [  0%] Built target _autoware_map_msgs_generate_messages_check_deps_WaypointLaneRelationArray
[37.458s] [  0%] Built target _autoware_map_msgs_generate_messages_check_deps_LaneAttributeRelationArray
[37.552s] [  0%] Built target _autoware_map_msgs_generate_messages_check_deps_WaypointSignalRelationArray
[37.672s] [  0%] Built target _autoware_map_msgs_generate_messages_check_deps_WaypointRelation
[37.761s] [  0%] Built target _autoware_map_msgs_generate_messages_check_deps_LaneChangeRelation
[37.854s] [  0%] Built target _autoware_map_msgs_generate_messages_check_deps_SignalLight
[37.957s] [  0%] Built target _autoware_map_msgs_generate_messages_check_deps_WaypointRelationArray
[38.067s] [  0%] Built target _autoware_map_msgs_generate_messages_check_deps_LaneSignalLightRelation
[38.163s] [  0%] Built target _autoware_map_msgs_generate_messages_check_deps_Wayarea
[38.251s] [  0%] Built target _autoware_map_msgs_generate_messages_check_deps_LaneRelation
[38.366s] [  0%] Built target _autoware_map_msgs_generate_messages_check_deps_PointArray
[38.476s] [  0%] Built target _autoware_map_msgs_generate_messages_check_deps_LaneSignalLightRelationArray
[38.578s] [  0%] Built target _autoware_map_msgs_generate_messages_check_deps_WaypointLaneRelation
[38.692s] [  0%] Built target _autoware_map_msgs_generate_messages_check_deps_LaneArray
[38.799s] [  0%] Built target _autoware_map_msgs_generate_messages_check_deps_Point
[38.863s] [  0%] Built target std_msgs_generate_messages_eus
[38.903s] [  0%] Built target std_msgs_generate_messages_lisp
[38.953s] [  0%] Built target std_msgs_generate_messages_nodejs
[39.002s] [  0%] Built target std_msgs_generate_messages_py
[39.112s] [  0%] Built target _autoware_map_msgs_generate_messages_check_deps_LaneRelationArray
[39.199s] [  0%] Built target _autoware_map_msgs_generate_messages_check_deps_WaypointArray
[39.259s] [ 19%] Built target autoware_map_msgs_generate_messages_cpp
[39.317s] [ 39%] Built target autoware_map_msgs_generate_messages_nodejs
[39.384s] [ 60%] Built target autoware_map_msgs_generate_messages_py
[39.434s] [ 79%] Built target autoware_map_msgs_generate_messages_lisp
[39.488s] [100%] Built target autoware_map_msgs_generate_messages_eus
[39.543s] [100%] Built target autoware_map_msgs_generate_messages
[39.588s] [36mInstall the project...[0m
[39.606s] -- Install configuration: "Release"
[39.606s] -- Installing: /home/chinchia120/autoware.ai/install/autoware_map_msgs/share/autoware_map_msgs/msg/Area.msg
[39.607s] -- Installing: /home/chinchia120/autoware.ai/install/autoware_map_msgs/share/autoware_map_msgs/msg/AreaArray.msg
[39.607s] -- Installing: /home/chinchia120/autoware.ai/install/autoware_map_msgs/share/autoware_map_msgs/msg/Lane.msg
[39.607s] -- Installing: /home/chinchia120/autoware.ai/install/autoware_map_msgs/share/autoware_map_msgs/msg/LaneArray.msg
[39.608s] -- Installing: /home/chinchia120/autoware.ai/install/autoware_map_msgs/share/autoware_map_msgs/msg/LaneAttributeRelation.msg
[39.608s] -- Installing: /home/chinchia120/autoware.ai/install/autoware_map_msgs/share/autoware_map_msgs/msg/LaneAttributeRelationArray.msg
[39.608s] -- Installing: /home/chinchia120/autoware.ai/install/autoware_map_msgs/share/autoware_map_msgs/msg/LaneChangeRelation.msg
[39.609s] -- Installing: /home/chinchia120/autoware.ai/install/autoware_map_msgs/share/autoware_map_msgs/msg/LaneChangeRelationArray.msg
[39.609s] -- Installing: /home/chinchia120/autoware.ai/install/autoware_map_msgs/share/autoware_map_msgs/msg/LaneRelation.msg
[39.609s] -- Installing: /home/chinchia120/autoware.ai/install/autoware_map_msgs/share/autoware_map_msgs/msg/LaneRelationArray.msg
[39.610s] -- Installing: /home/chinchia120/autoware.ai/install/autoware_map_msgs/share/autoware_map_msgs/msg/LaneSignalLightRelation.msg
[39.610s] -- Installing: /home/chinchia120/autoware.ai/install/autoware_map_msgs/share/autoware_map_msgs/msg/LaneSignalLightRelationArray.msg
[39.610s] -- Installing: /home/chinchia120/autoware.ai/install/autoware_map_msgs/share/autoware_map_msgs/msg/OppositeLaneRelation.msg
[39.611s] -- Installing: /home/chinchia120/autoware.ai/install/autoware_map_msgs/share/autoware_map_msgs/msg/OppositeLaneRelationArray.msg
[39.611s] -- Installing: /home/chinchia120/autoware.ai/install/autoware_map_msgs/share/autoware_map_msgs/msg/Point.msg
[39.611s] -- Installing: /home/chinchia120/autoware.ai/install/autoware_map_msgs/share/autoware_map_msgs/msg/PointArray.msg
[39.612s] -- Installing: /home/chinchia120/autoware.ai/install/autoware_map_msgs/share/autoware_map_msgs/msg/Signal.msg
[39.612s] -- Installing: /home/chinchia120/autoware.ai/install/autoware_map_msgs/share/autoware_map_msgs/msg/SignalArray.msg
[39.612s] -- Installing: /home/chinchia120/autoware.ai/install/autoware_map_msgs/share/autoware_map_msgs/msg/SignalLight.msg
[39.613s] -- Installing: /home/chinchia120/autoware.ai/install/autoware_map_msgs/share/autoware_map_msgs/msg/SignalLightArray.msg
[39.613s] -- Installing: /home/chinchia120/autoware.ai/install/autoware_map_msgs/share/autoware_map_msgs/msg/Wayarea.msg
[39.621s] -- Installing: /home/chinchia120/autoware.ai/install/autoware_map_msgs/share/autoware_map_msgs/msg/WayareaArray.msg
[39.622s] -- Installing: /home/chinchia120/autoware.ai/install/autoware_map_msgs/share/autoware_map_msgs/msg/Waypoint.msg
[39.623s] -- Installing: /home/chinchia120/autoware.ai/install/autoware_map_msgs/share/autoware_map_msgs/msg/WaypointArray.msg
[39.624s] -- Installing: /home/chinchia120/autoware.ai/install/autoware_map_msgs/share/autoware_map_msgs/msg/WaypointLaneRelation.msg
[39.624s] -- Installing: /home/chinchia120/autoware.ai/install/autoware_map_msgs/share/autoware_map_msgs/msg/WaypointLaneRelationArray.msg
[39.625s] -- Installing: /home/chinchia120/autoware.ai/install/autoware_map_msgs/share/autoware_map_msgs/msg/WaypointRelation.msg
[39.625s] -- Installing: /home/chinchia120/autoware.ai/install/autoware_map_msgs/share/autoware_map_msgs/msg/WaypointRelationArray.msg
[39.626s] -- Installing: /home/chinchia120/autoware.ai/install/autoware_map_msgs/share/autoware_map_msgs/msg/WaypointSignalRelation.msg
[39.626s] -- Installing: /home/chinchia120/autoware.ai/install/autoware_map_msgs/share/autoware_map_msgs/msg/WaypointSignalRelationArray.msg
[39.627s] -- Installing: /home/chinchia120/autoware.ai/install/autoware_map_msgs/share/autoware_map_msgs/cmake/autoware_map_msgs-msg-paths.cmake
[39.627s] -- Installing: /home/chinchia120/autoware.ai/install/autoware_map_msgs/include/autoware_map_msgs
[39.627s] -- Installing: /home/chinchia120/autoware.ai/install/autoware_map_msgs/include/autoware_map_msgs/LaneChangeRelationArray.h
[39.627s] -- Installing: /home/chinchia120/autoware.ai/install/autoware_map_msgs/include/autoware_map_msgs/WaypointRelation.h
[39.628s] -- Installing: /home/chinchia120/autoware.ai/install/autoware_map_msgs/include/autoware_map_msgs/OppositeLaneRelationArray.h
[39.628s] -- Installing: /home/chinchia120/autoware.ai/install/autoware_map_msgs/include/autoware_map_msgs/WaypointLaneRelation.h
[39.628s] -- Installing: /home/chinchia120/autoware.ai/install/autoware_map_msgs/include/autoware_map_msgs/Waypoint.h
[39.628s] -- Installing: /home/chinchia120/autoware.ai/install/autoware_map_msgs/include/autoware_map_msgs/LaneRelation.h
[39.629s] -- Installing: /home/chinchia120/autoware.ai/install/autoware_map_msgs/include/autoware_map_msgs/Lane.h
[39.629s] -- Installing: /home/chinchia120/autoware.ai/install/autoware_map_msgs/include/autoware_map_msgs/OppositeLaneRelation.h
[39.629s] -- Installing: /home/chinchia120/autoware.ai/install/autoware_map_msgs/include/autoware_map_msgs/SignalLight.h
[39.630s] -- Installing: /home/chinchia120/autoware.ai/install/autoware_map_msgs/include/autoware_map_msgs/LaneChangeRelation.h
[39.630s] -- Installing: /home/chinchia120/autoware.ai/install/autoware_map_msgs/include/autoware_map_msgs/Point.h
[39.630s] -- Installing: /home/chinchia120/autoware.ai/install/autoware_map_msgs/include/autoware_map_msgs/WayareaArray.h
[39.630s] -- Installing: /home/chinchia120/autoware.ai/install/autoware_map_msgs/include/autoware_map_msgs/LaneSignalLightRelationArray.h
[39.631s] -- Installing: /home/chinchia120/autoware.ai/install/autoware_map_msgs/include/autoware_map_msgs/SignalArray.h
[39.637s] -- Installing: /home/chinchia120/autoware.ai/install/autoware_map_msgs/include/autoware_map_msgs/LaneArray.h
[39.638s] -- Installing: /home/chinchia120/autoware.ai/install/autoware_map_msgs/include/autoware_map_msgs/WaypointSignalRelationArray.h
[39.638s] -- Installing: /home/chinchia120/autoware.ai/install/autoware_map_msgs/include/autoware_map_msgs/LaneAttributeRelation.h
[39.638s] -- Installing: /home/chinchia120/autoware.ai/install/autoware_map_msgs/include/autoware_map_msgs/WaypointSignalRelation.h
[39.638s] -- Installing: /home/chinchia120/autoware.ai/install/autoware_map_msgs/include/autoware_map_msgs/Signal.h
[39.639s] -- Installing: /home/chinchia120/autoware.ai/install/autoware_map_msgs/include/autoware_map_msgs/Wayarea.h
[39.639s] -- Installing: /home/chinchia120/autoware.ai/install/autoware_map_msgs/include/autoware_map_msgs/WaypointRelationArray.h
[39.639s] -- Installing: /home/chinchia120/autoware.ai/install/autoware_map_msgs/include/autoware_map_msgs/AreaArray.h
[39.640s] -- Installing: /home/chinchia120/autoware.ai/install/autoware_map_msgs/include/autoware_map_msgs/LaneAttributeRelationArray.h
[39.640s] -- Installing: /home/chinchia120/autoware.ai/install/autoware_map_msgs/include/autoware_map_msgs/LaneSignalLightRelation.h
[39.640s] -- Installing: /home/chinchia120/autoware.ai/install/autoware_map_msgs/include/autoware_map_msgs/LaneRelationArray.h
[39.640s] -- Installing: /home/chinchia120/autoware.ai/install/autoware_map_msgs/include/autoware_map_msgs/Area.h
[39.640s] -- Installing: /home/chinchia120/autoware.ai/install/autoware_map_msgs/include/autoware_map_msgs/WaypointLaneRelationArray.h
[39.641s] -- Installing: /home/chinchia120/autoware.ai/install/autoware_map_msgs/include/autoware_map_msgs/SignalLightArray.h
[39.641s] -- Installing: /home/chinchia120/autoware.ai/install/autoware_map_msgs/include/autoware_map_msgs/WaypointArray.h
[39.641s] -- Installing: /home/chinchia120/autoware.ai/install/autoware_map_msgs/include/autoware_map_msgs/PointArray.h
[39.642s] -- Installing: /home/chinchia120/autoware.ai/install/autoware_map_msgs/share/roseus/ros/autoware_map_msgs
[39.642s] -- Installing: /home/chinchia120/autoware.ai/install/autoware_map_msgs/share/roseus/ros/autoware_map_msgs/manifest.l
[39.642s] -- Installing: /home/chinchia120/autoware.ai/install/autoware_map_msgs/share/roseus/ros/autoware_map_msgs/msg
[39.642s] -- Installing: /home/chinchia120/autoware.ai/install/autoware_map_msgs/share/roseus/ros/autoware_map_msgs/msg/LaneChangeRelation.l
[39.643s] -- Installing: /home/chinchia120/autoware.ai/install/autoware_map_msgs/share/roseus/ros/autoware_map_msgs/msg/WaypointLaneRelation.l
[39.643s] -- Installing: /home/chinchia120/autoware.ai/install/autoware_map_msgs/share/roseus/ros/autoware_map_msgs/msg/PointArray.l
[39.643s] -- Installing: /home/chinchia120/autoware.ai/install/autoware_map_msgs/share/roseus/ros/autoware_map_msgs/msg/OppositeLaneRelationArray.l
[39.643s] -- Installing: /home/chinchia120/autoware.ai/install/autoware_map_msgs/share/roseus/ros/autoware_map_msgs/msg/WaypointSignalRelationArray.l
[39.644s] -- Installing: /home/chinchia120/autoware.ai/install/autoware_map_msgs/share/roseus/ros/autoware_map_msgs/msg/WaypointRelationArray.l
[39.644s] -- Installing: /home/chinchia120/autoware.ai/install/autoware_map_msgs/share/roseus/ros/autoware_map_msgs/msg/Waypoint.l
[39.644s] -- Installing: /home/chinchia120/autoware.ai/install/autoware_map_msgs/share/roseus/ros/autoware_map_msgs/msg/WaypointRelation.l
[39.645s] -- Installing: /home/chinchia120/autoware.ai/install/autoware_map_msgs/share/roseus/ros/autoware_map_msgs/msg/WayareaArray.l
[39.645s] -- Installing: /home/chinchia120/autoware.ai/install/autoware_map_msgs/share/roseus/ros/autoware_map_msgs/msg/SignalLight.l
[39.645s] -- Installing: /home/chinchia120/autoware.ai/install/autoware_map_msgs/share/roseus/ros/autoware_map_msgs/msg/LaneAttributeRelationArray.l
[39.645s] -- Installing: /home/chinchia120/autoware.ai/install/autoware_map_msgs/share/roseus/ros/autoware_map_msgs/msg/LaneAttributeRelation.l
[39.646s] -- Installing: /home/chinchia120/autoware.ai/install/autoware_map_msgs/share/roseus/ros/autoware_map_msgs/msg/LaneSignalLightRelationArray.l
[39.646s] -- Installing: /home/chinchia120/autoware.ai/install/autoware_map_msgs/share/roseus/ros/autoware_map_msgs/msg/OppositeLaneRelation.l
[39.646s] -- Installing: /home/chinchia120/autoware.ai/install/autoware_map_msgs/share/roseus/ros/autoware_map_msgs/msg/SignalLightArray.l
[39.646s] -- Installing: /home/chinchia120/autoware.ai/install/autoware_map_msgs/share/roseus/ros/autoware_map_msgs/msg/LaneArray.l
[39.647s] -- Installing: /home/chinchia120/autoware.ai/install/autoware_map_msgs/share/roseus/ros/autoware_map_msgs/msg/SignalArray.l
[39.647s] -- Installing: /home/chinchia120/autoware.ai/install/autoware_map_msgs/share/roseus/ros/autoware_map_msgs/msg/WaypointSignalRelation.l
[39.647s] -- Installing: /home/chinchia120/autoware.ai/install/autoware_map_msgs/share/roseus/ros/autoware_map_msgs/msg/Wayarea.l
[39.647s] -- Installing: /home/chinchia120/autoware.ai/install/autoware_map_msgs/share/roseus/ros/autoware_map_msgs/msg/AreaArray.l
[39.648s] -- Installing: /home/chinchia120/autoware.ai/install/autoware_map_msgs/share/roseus/ros/autoware_map_msgs/msg/WaypointLaneRelationArray.l
[39.648s] -- Installing: /home/chinchia120/autoware.ai/install/autoware_map_msgs/share/roseus/ros/autoware_map_msgs/msg/LaneRelationArray.l
[39.648s] -- Installing: /home/chinchia120/autoware.ai/install/autoware_map_msgs/share/roseus/ros/autoware_map_msgs/msg/LaneChangeRelationArray.l
[39.648s] -- Installing: /home/chinchia120/autoware.ai/install/autoware_map_msgs/share/roseus/ros/autoware_map_msgs/msg/LaneRelation.l
[39.648s] -- Installing: /home/chinchia120/autoware.ai/install/autoware_map_msgs/share/roseus/ros/autoware_map_msgs/msg/WaypointArray.l
[39.649s] -- Installing: /home/chinchia120/autoware.ai/install/autoware_map_msgs/share/roseus/ros/autoware_map_msgs/msg/Area.l
[39.654s] -- Installing: /home/chinchia120/autoware.ai/install/autoware_map_msgs/share/roseus/ros/autoware_map_msgs/msg/LaneSignalLightRelation.l
[39.654s] -- Installing: /home/chinchia120/autoware.ai/install/autoware_map_msgs/share/roseus/ros/autoware_map_msgs/msg/Point.l
[39.654s] -- Installing: /home/chinchia120/autoware.ai/install/autoware_map_msgs/share/roseus/ros/autoware_map_msgs/msg/Signal.l
[39.654s] -- Installing: /home/chinchia120/autoware.ai/install/autoware_map_msgs/share/roseus/ros/autoware_map_msgs/msg/Lane.l
[39.655s] -- Installing: /home/chinchia120/autoware.ai/install/autoware_map_msgs/share/common-lisp/ros/autoware_map_msgs
[39.669s] -- Installing: /home/chinchia120/autoware.ai/install/autoware_map_msgs/share/common-lisp/ros/autoware_map_msgs/msg
[39.669s] -- Installing: /home/chinchia120/autoware.ai/install/autoware_map_msgs/share/common-lisp/ros/autoware_map_msgs/msg/_package_WaypointSignalRelationArray.lisp
[39.670s] -- Installing: /home/chinchia120/autoware.ai/install/autoware_map_msgs/share/common-lisp/ros/autoware_map_msgs/msg/_package_Point.lisp
[39.670s] -- Installing: /home/chinchia120/autoware.ai/install/autoware_map_msgs/share/common-lisp/ros/autoware_map_msgs/msg/LaneArray.lisp
[39.670s] -- Installing: /home/chinchia120/autoware.ai/install/autoware_map_msgs/share/common-lisp/ros/autoware_map_msgs/msg/_package_WayareaArray.lisp
[39.670s] -- Installing: /home/chinchia120/autoware.ai/install/autoware_map_msgs/share/common-lisp/ros/autoware_map_msgs/msg/_package_LaneAttributeRelation.lisp
[39.670s] -- Installing: /home/chinchia120/autoware.ai/install/autoware_map_msgs/share/common-lisp/ros/autoware_map_msgs/msg/SignalArray.lisp
[39.670s] -- Installing: /home/chinchia120/autoware.ai/install/autoware_map_msgs/share/common-lisp/ros/autoware_map_msgs/msg/Signal.lisp
[39.670s] -- Installing: /home/chinchia120/autoware.ai/install/autoware_map_msgs/share/common-lisp/ros/autoware_map_msgs/msg/LaneAttributeRelation.lisp
[39.671s] -- Installing: /home/chinchia120/autoware.ai/install/autoware_map_msgs/share/common-lisp/ros/autoware_map_msgs/msg/WayareaArray.lisp
[39.671s] -- Installing: /home/chinchia120/autoware.ai/install/autoware_map_msgs/share/common-lisp/ros/autoware_map_msgs/msg/_package_WaypointArray.lisp
[39.671s] -- Installing: /home/chinchia120/autoware.ai/install/autoware_map_msgs/share/common-lisp/ros/autoware_map_msgs/msg/_package_Signal.lisp
[39.671s] -- Installing: /home/chinchia120/autoware.ai/install/autoware_map_msgs/share/common-lisp/ros/autoware_map_msgs/msg/_package_Wayarea.lisp
[39.671s] -- Installing: /home/chinchia120/autoware.ai/install/autoware_map_msgs/share/common-lisp/ros/autoware_map_msgs/msg/_package_OppositeLaneRelation.lisp
[39.671s] -- Installing: /home/chinchia120/autoware.ai/install/autoware_map_msgs/share/common-lisp/ros/autoware_map_msgs/msg/_package_LaneRelation.lisp
[39.672s] -- Installing: /home/chinchia120/autoware.ai/install/autoware_map_msgs/share/common-lisp/ros/autoware_map_msgs/msg/LaneRelation.lisp
[39.672s] -- Installing: /home/chinchia120/autoware.ai/install/autoware_map_msgs/share/common-lisp/ros/autoware_map_msgs/msg/_package_LaneChangeRelationArray.lisp
[39.672s] -- Installing: /home/chinchia120/autoware.ai/install/autoware_map_msgs/share/common-lisp/ros/autoware_map_msgs/msg/_package_OppositeLaneRelationArray.lisp
[39.672s] -- Installing: /home/chinchia120/autoware.ai/install/autoware_map_msgs/share/common-lisp/ros/autoware_map_msgs/msg/LaneChangeRelationArray.lisp
[39.672s] -- Installing: /home/chinchia120/autoware.ai/install/autoware_map_msgs/share/common-lisp/ros/autoware_map_msgs/msg/LaneChangeRelation.lisp
[39.672s] -- Installing: /home/chinchia120/autoware.ai/install/autoware_map_msgs/share/common-lisp/ros/autoware_map_msgs/msg/_package_LaneChangeRelation.lisp
[39.672s] -- Installing: /home/chinchia120/autoware.ai/install/autoware_map_msgs/share/common-lisp/ros/autoware_map_msgs/msg/WaypointArray.lisp
[39.672s] -- Installing: /home/chinchia120/autoware.ai/install/autoware_map_msgs/share/common-lisp/ros/autoware_map_msgs/msg/_package_LaneArray.lisp
[39.672s] -- Installing: /home/chinchia120/autoware.ai/install/autoware_map_msgs/share/common-lisp/ros/autoware_map_msgs/msg/SignalLight.lisp
[39.673s] -- Installing: /home/chinchia120/autoware.ai/install/autoware_map_msgs/share/common-lisp/ros/autoware_map_msgs/msg/LaneSignalLightRelationArray.lisp
[39.673s] -- Installing: /home/chinchia120/autoware.ai/install/autoware_map_msgs/share/common-lisp/ros/autoware_map_msgs/msg/SignalLightArray.lisp
[39.673s] -- Installing: /home/chinchia120/autoware.ai/install/autoware_map_msgs/share/common-lisp/ros/autoware_map_msgs/msg/_package_LaneRelationArray.lisp
[39.673s] -- Installing: /home/chinchia120/autoware.ai/install/autoware_map_msgs/share/common-lisp/ros/autoware_map_msgs/msg/_package_SignalArray.lisp
[39.673s] -- Installing: /home/chinchia120/autoware.ai/install/autoware_map_msgs/share/common-lisp/ros/autoware_map_msgs/msg/LaneRelationArray.lisp
[39.673s] -- Installing: /home/chinchia120/autoware.ai/install/autoware_map_msgs/share/common-lisp/ros/autoware_map_msgs/msg/Lane.lisp
[39.674s] -- Installing: /home/chinchia120/autoware.ai/install/autoware_map_msgs/share/common-lisp/ros/autoware_map_msgs/msg/_package_WaypointLaneRelationArray.lisp
[39.674s] -- Installing: /home/chinchia120/autoware.ai/install/autoware_map_msgs/share/common-lisp/ros/autoware_map_msgs/msg/_package_Lane.lisp
[39.674s] -- Installing: /home/chinchia120/autoware.ai/install/autoware_map_msgs/share/common-lisp/ros/autoware_map_msgs/msg/PointArray.lisp
[39.674s] -- Installing: /home/chinchia120/autoware.ai/install/autoware_map_msgs/share/common-lisp/ros/autoware_map_msgs/msg/OppositeLaneRelationArray.lisp
[39.674s] -- Installing: /home/chinchia120/autoware.ai/install/autoware_map_msgs/share/common-lisp/ros/autoware_map_msgs/msg/_package_LaneSignalLightRelation.lisp
[39.675s] -- Installing: /home/chinchia120/autoware.ai/install/autoware_map_msgs/share/common-lisp/ros/autoware_map_msgs/msg/Area.lisp
[39.675s] -- Installing: /home/chinchia120/autoware.ai/install/autoware_map_msgs/share/common-lisp/ros/autoware_map_msgs/msg/_package_AreaArray.lisp
[39.675s] -- Installing: /home/chinchia120/autoware.ai/install/autoware_map_msgs/share/common-lisp/ros/autoware_map_msgs/msg/_package_LaneAttributeRelationArray.lisp
[39.675s] -- Installing: /home/chinchia120/autoware.ai/install/autoware_map_msgs/share/common-lisp/ros/autoware_map_msgs/msg/WaypointRelationArray.lisp
[39.676s] -- Installing: /home/chinchia120/autoware.ai/install/autoware_map_msgs/share/common-lisp/ros/autoware_map_msgs/msg/_package_PointArray.lisp
[39.676s] -- Installing: /home/chinchia120/autoware.ai/install/autoware_map_msgs/share/common-lisp/ros/autoware_map_msgs/msg/_package_WaypointRelationArray.lisp
[39.676s] -- Installing: /home/chinchia120/autoware.ai/install/autoware_map_msgs/share/common-lisp/ros/autoware_map_msgs/msg/WaypointLaneRelationArray.lisp
[39.676s] -- Installing: /home/chinchia120/autoware.ai/install/autoware_map_msgs/share/common-lisp/ros/autoware_map_msgs/msg/OppositeLaneRelation.lisp
[39.676s] -- Installing: /home/chinchia120/autoware.ai/install/autoware_map_msgs/share/common-lisp/ros/autoware_map_msgs/msg/WaypointSignalRelation.lisp
[39.677s] -- Installing: /home/chinchia120/autoware.ai/install/autoware_map_msgs/share/common-lisp/ros/autoware_map_msgs/msg/WaypointLaneRelation.lisp
[39.677s] -- Installing: /home/chinchia120/autoware.ai/install/autoware_map_msgs/share/common-lisp/ros/autoware_map_msgs/msg/_package.lisp
[39.677s] -- Installing: /home/chinchia120/autoware.ai/install/autoware_map_msgs/share/common-lisp/ros/autoware_map_msgs/msg/autoware_map_msgs-msg.asd
[39.677s] -- Installing: /home/chinchia120/autoware.ai/install/autoware_map_msgs/share/common-lisp/ros/autoware_map_msgs/msg/WaypointSignalRelationArray.lisp
[39.677s] -- Installing: /home/chinchia120/autoware.ai/install/autoware_map_msgs/share/common-lisp/ros/autoware_map_msgs/msg/_package_SignalLightArray.lisp
[39.678s] -- Installing: /home/chinchia120/autoware.ai/install/autoware_map_msgs/share/common-lisp/ros/autoware_map_msgs/msg/Waypoint.lisp
[39.678s] -- Installing: /home/chinchia120/autoware.ai/install/autoware_map_msgs/share/common-lisp/ros/autoware_map_msgs/msg/_package_Waypoint.lisp
[39.678s] -- Installing: /home/chinchia120/autoware.ai/install/autoware_map_msgs/share/common-lisp/ros/autoware_map_msgs/msg/_package_WaypointSignalRelation.lisp
[39.678s] -- Installing: /home/chinchia120/autoware.ai/install/autoware_map_msgs/share/common-lisp/ros/autoware_map_msgs/msg/_package_LaneSignalLightRelationArray.lisp
[39.679s] -- Installing: /home/chinchia120/autoware.ai/install/autoware_map_msgs/share/common-lisp/ros/autoware_map_msgs/msg/_package_WaypointRelation.lisp
[39.679s] -- Installing: /home/chinchia120/autoware.ai/install/autoware_map_msgs/share/common-lisp/ros/autoware_map_msgs/msg/_package_SignalLight.lisp
[39.679s] -- Installing: /home/chinchia120/autoware.ai/install/autoware_map_msgs/share/common-lisp/ros/autoware_map_msgs/msg/LaneSignalLightRelation.lisp
[39.679s] -- Installing: /home/chinchia120/autoware.ai/install/autoware_map_msgs/share/common-lisp/ros/autoware_map_msgs/msg/Wayarea.lisp
[39.679s] -- Installing: /home/chinchia120/autoware.ai/install/autoware_map_msgs/share/common-lisp/ros/autoware_map_msgs/msg/LaneAttributeRelationArray.lisp
[39.680s] -- Installing: /home/chinchia120/autoware.ai/install/autoware_map_msgs/share/common-lisp/ros/autoware_map_msgs/msg/AreaArray.lisp
[39.680s] -- Installing: /home/chinchia120/autoware.ai/install/autoware_map_msgs/share/common-lisp/ros/autoware_map_msgs/msg/Point.lisp
[39.680s] -- Installing: /home/chinchia120/autoware.ai/install/autoware_map_msgs/share/common-lisp/ros/autoware_map_msgs/msg/WaypointRelation.lisp
[39.680s] -- Installing: /home/chinchia120/autoware.ai/install/autoware_map_msgs/share/common-lisp/ros/autoware_map_msgs/msg/_package_Area.lisp
[39.680s] -- Installing: /home/chinchia120/autoware.ai/install/autoware_map_msgs/share/common-lisp/ros/autoware_map_msgs/msg/_package_WaypointLaneRelation.lisp
[39.681s] -- Installing: /home/chinchia120/autoware.ai/install/autoware_map_msgs/share/gennodejs/ros/autoware_map_msgs
[39.681s] -- Installing: /home/chinchia120/autoware.ai/install/autoware_map_msgs/share/gennodejs/ros/autoware_map_msgs/_index.js
[39.693s] -- Installing: /home/chinchia120/autoware.ai/install/autoware_map_msgs/share/gennodejs/ros/autoware_map_msgs/msg
[39.693s] -- Installing: /home/chinchia120/autoware.ai/install/autoware_map_msgs/share/gennodejs/ros/autoware_map_msgs/msg/LaneChangeRelationArray.js
[39.694s] -- Installing: /home/chinchia120/autoware.ai/install/autoware_map_msgs/share/gennodejs/ros/autoware_map_msgs/msg/Wayarea.js
[39.694s] -- Installing: /home/chinchia120/autoware.ai/install/autoware_map_msgs/share/gennodejs/ros/autoware_map_msgs/msg/WaypointRelation.js
[39.694s] -- Installing: /home/chinchia120/autoware.ai/install/autoware_map_msgs/share/gennodejs/ros/autoware_map_msgs/msg/LaneArray.js
[39.694s] -- Installing: /home/chinchia120/autoware.ai/install/autoware_map_msgs/share/gennodejs/ros/autoware_map_msgs/msg/OppositeLaneRelation.js
[39.694s] -- Installing: /home/chinchia120/autoware.ai/install/autoware_map_msgs/share/gennodejs/ros/autoware_map_msgs/msg/_index.js
[39.694s] -- Installing: /home/chinchia120/autoware.ai/install/autoware_map_msgs/share/gennodejs/ros/autoware_map_msgs/msg/Waypoint.js
[39.694s] -- Installing: /home/chinchia120/autoware.ai/install/autoware_map_msgs/share/gennodejs/ros/autoware_map_msgs/msg/LaneSignalLightRelationArray.js
[39.694s] -- Installing: /home/chinchia120/autoware.ai/install/autoware_map_msgs/share/gennodejs/ros/autoware_map_msgs/msg/PointArray.js
[39.694s] -- Installing: /home/chinchia120/autoware.ai/install/autoware_map_msgs/share/gennodejs/ros/autoware_map_msgs/msg/LaneAttributeRelationArray.js
[39.695s] -- Installing: /home/chinchia120/autoware.ai/install/autoware_map_msgs/share/gennodejs/ros/autoware_map_msgs/msg/AreaArray.js
[39.695s] -- Installing: /home/chinchia120/autoware.ai/install/autoware_map_msgs/share/gennodejs/ros/autoware_map_msgs/msg/Lane.js
[39.695s] -- Installing: /home/chinchia120/autoware.ai/install/autoware_map_msgs/share/gennodejs/ros/autoware_map_msgs/msg/SignalLight.js
[39.695s] -- Installing: /home/chinchia120/autoware.ai/install/autoware_map_msgs/share/gennodejs/ros/autoware_map_msgs/msg/WaypointLaneRelation.js
[39.695s] -- Installing: /home/chinchia120/autoware.ai/install/autoware_map_msgs/share/gennodejs/ros/autoware_map_msgs/msg/LaneChangeRelation.js
[39.695s] -- Installing: /home/chinchia120/autoware.ai/install/autoware_map_msgs/share/gennodejs/ros/autoware_map_msgs/msg/SignalArray.js
[39.696s] -- Installing: /home/chinchia120/autoware.ai/install/autoware_map_msgs/share/gennodejs/ros/autoware_map_msgs/msg/Signal.js
[39.696s] -- Installing: /home/chinchia120/autoware.ai/install/autoware_map_msgs/share/gennodejs/ros/autoware_map_msgs/msg/WaypointLaneRelationArray.js
[39.696s] -- Installing: /home/chinchia120/autoware.ai/install/autoware_map_msgs/share/gennodejs/ros/autoware_map_msgs/msg/SignalLightArray.js
[39.696s] -- Installing: /home/chinchia120/autoware.ai/install/autoware_map_msgs/share/gennodejs/ros/autoware_map_msgs/msg/OppositeLaneRelationArray.js
[39.696s] -- Installing: /home/chinchia120/autoware.ai/install/autoware_map_msgs/share/gennodejs/ros/autoware_map_msgs/msg/Area.js
[39.696s] -- Installing: /home/chinchia120/autoware.ai/install/autoware_map_msgs/share/gennodejs/ros/autoware_map_msgs/msg/Point.js
[39.696s] -- Installing: /home/chinchia120/autoware.ai/install/autoware_map_msgs/share/gennodejs/ros/autoware_map_msgs/msg/WaypointSignalRelation.js
[39.696s] -- Installing: /home/chinchia120/autoware.ai/install/autoware_map_msgs/share/gennodejs/ros/autoware_map_msgs/msg/LaneAttributeRelation.js
[39.696s] -- Installing: /home/chinchia120/autoware.ai/install/autoware_map_msgs/share/gennodejs/ros/autoware_map_msgs/msg/WaypointArray.js
[39.697s] -- Installing: /home/chinchia120/autoware.ai/install/autoware_map_msgs/share/gennodejs/ros/autoware_map_msgs/msg/LaneSignalLightRelation.js
[39.697s] -- Installing: /home/chinchia120/autoware.ai/install/autoware_map_msgs/share/gennodejs/ros/autoware_map_msgs/msg/WaypointSignalRelationArray.js
[39.697s] -- Installing: /home/chinchia120/autoware.ai/install/autoware_map_msgs/share/gennodejs/ros/autoware_map_msgs/msg/WaypointRelationArray.js
[39.697s] -- Installing: /home/chinchia120/autoware.ai/install/autoware_map_msgs/share/gennodejs/ros/autoware_map_msgs/msg/WayareaArray.js
[39.697s] -- Installing: /home/chinchia120/autoware.ai/install/autoware_map_msgs/share/gennodejs/ros/autoware_map_msgs/msg/LaneRelationArray.js
[39.697s] -- Installing: /home/chinchia120/autoware.ai/install/autoware_map_msgs/share/gennodejs/ros/autoware_map_msgs/msg/LaneRelation.js
[39.742s] Listing /home/chinchia120/autoware.ai/build/autoware_map_msgs/devel/lib/python2.7/dist-packages/autoware_map_msgs ...
[39.742s] Compiling /home/chinchia120/autoware.ai/build/autoware_map_msgs/devel/lib/python2.7/dist-packages/autoware_map_msgs/__init__.py ...
[39.742s] Listing /home/chinchia120/autoware.ai/build/autoware_map_msgs/devel/lib/python2.7/dist-packages/autoware_map_msgs/msg ...
[39.743s] Compiling /home/chinchia120/autoware.ai/build/autoware_map_msgs/devel/lib/python2.7/dist-packages/autoware_map_msgs/msg/_Area.py ...
[39.743s] Compiling /home/chinchia120/autoware.ai/build/autoware_map_msgs/devel/lib/python2.7/dist-packages/autoware_map_msgs/msg/_AreaArray.py ...
[39.743s] Compiling /home/chinchia120/autoware.ai/build/autoware_map_msgs/devel/lib/python2.7/dist-packages/autoware_map_msgs/msg/_Lane.py ...
[39.743s] Compiling /home/chinchia120/autoware.ai/build/autoware_map_msgs/devel/lib/python2.7/dist-packages/autoware_map_msgs/msg/_LaneArray.py ...
[39.743s] Compiling /home/chinchia120/autoware.ai/build/autoware_map_msgs/devel/lib/python2.7/dist-packages/autoware_map_msgs/msg/_LaneAttributeRelation.py ...
[39.743s] Compiling /home/chinchia120/autoware.ai/build/autoware_map_msgs/devel/lib/python2.7/dist-packages/autoware_map_msgs/msg/_LaneAttributeRelationArray.py ...
[39.744s] Compiling /home/chinchia120/autoware.ai/build/autoware_map_msgs/devel/lib/python2.7/dist-packages/autoware_map_msgs/msg/_LaneChangeRelation.py ...
[39.744s]   File "/home/chinchia120/autoware.ai/build/autoware_map_msgs/devel/lib/python2.7/dist-packages/autoware_map_msgs/msg/_LaneChangeRelation.py", line 34
[39.744s]     None = 0
[39.744s] SyntaxError: cannot assign to None
[39.745s] 
[39.745s] Compiling /home/chinchia120/autoware.ai/build/autoware_map_msgs/devel/lib/python2.7/dist-packages/autoware_map_msgs/msg/_LaneChangeRelationArray.py ...
[39.745s] Compiling /home/chinchia120/autoware.ai/build/autoware_map_msgs/devel/lib/python2.7/dist-packages/autoware_map_msgs/msg/_LaneRelation.py ...
[39.745s]   File "/home/chinchia120/autoware.ai/build/autoware_map_msgs/devel/lib/python2.7/dist-packages/autoware_map_msgs/msg/_LaneRelation.py", line 33
[39.746s]     None = 0
[39.746s] SyntaxError: cannot assign to None
[39.746s] 
[39.746s] Compiling /home/chinchia120/autoware.ai/build/autoware_map_msgs/devel/lib/python2.7/dist-packages/autoware_map_msgs/msg/_LaneRelationArray.py ...
[39.747s] Compiling /home/chinchia120/autoware.ai/build/autoware_map_msgs/devel/lib/python2.7/dist-packages/autoware_map_msgs/msg/_LaneSignalLightRelation.py ...
[39.747s] Compiling /home/chinchia120/autoware.ai/build/autoware_map_msgs/devel/lib/python2.7/dist-packages/autoware_map_msgs/msg/_LaneSignalLightRelationArray.py ...
[39.747s] Compiling /home/chinchia120/autoware.ai/build/autoware_map_msgs/devel/lib/python2.7/dist-packages/autoware_map_msgs/msg/_OppositeLaneRelation.py ...
[39.747s] Compiling /home/chinchia120/autoware.ai/build/autoware_map_msgs/devel/lib/python2.7/dist-packages/autoware_map_msgs/msg/_OppositeLaneRelationArray.py ...
[39.748s] Compiling /home/chinchia120/autoware.ai/build/autoware_map_msgs/devel/lib/python2.7/dist-packages/autoware_map_msgs/msg/_Point.py ...
[39.748s] Compiling /home/chinchia120/autoware.ai/build/autoware_map_msgs/devel/lib/python2.7/dist-packages/autoware_map_msgs/msg/_PointArray.py ...
[39.748s] Compiling /home/chinchia120/autoware.ai/build/autoware_map_msgs/devel/lib/python2.7/dist-packages/autoware_map_msgs/msg/_Signal.py ...
[39.748s] Compiling /home/chinchia120/autoware.ai/build/autoware_map_msgs/devel/lib/python2.7/dist-packages/autoware_map_msgs/msg/_SignalArray.py ...
[39.749s] Compiling /home/chinchia120/autoware.ai/build/autoware_map_msgs/devel/lib/python2.7/dist-packages/autoware_map_msgs/msg/_SignalLight.py ...
[39.749s] Compiling /home/chinchia120/autoware.ai/build/autoware_map_msgs/devel/lib/python2.7/dist-packages/autoware_map_msgs/msg/_SignalLightArray.py ...
[39.749s] Compiling /home/chinchia120/autoware.ai/build/autoware_map_msgs/devel/lib/python2.7/dist-packages/autoware_map_msgs/msg/_Wayarea.py ...
[39.749s] Compiling /home/chinchia120/autoware.ai/build/autoware_map_msgs/devel/lib/python2.7/dist-packages/autoware_map_msgs/msg/_WayareaArray.py ...
[39.750s] Compiling /home/chinchia120/autoware.ai/build/autoware_map_msgs/devel/lib/python2.7/dist-packages/autoware_map_msgs/msg/_Waypoint.py ...
[39.755s] Compiling /home/chinchia120/autoware.ai/build/autoware_map_msgs/devel/lib/python2.7/dist-packages/autoware_map_msgs/msg/_WaypointArray.py ...
[39.756s] Compiling /home/chinchia120/autoware.ai/build/autoware_map_msgs/devel/lib/python2.7/dist-packages/autoware_map_msgs/msg/_WaypointLaneRelation.py ...
[39.756s] Compiling /home/chinchia120/autoware.ai/build/autoware_map_msgs/devel/lib/python2.7/dist-packages/autoware_map_msgs/msg/_WaypointLaneRelationArray.py ...
[39.756s] Compiling /home/chinchia120/autoware.ai/build/autoware_map_msgs/devel/lib/python2.7/dist-packages/autoware_map_msgs/msg/_WaypointRelation.py ...
[39.756s] Compiling /home/chinchia120/autoware.ai/build/autoware_map_msgs/devel/lib/python2.7/dist-packages/autoware_map_msgs/msg/_WaypointRelationArray.py ...
[39.757s] Compiling /home/chinchia120/autoware.ai/build/autoware_map_msgs/devel/lib/python2.7/dist-packages/autoware_map_msgs/msg/_WaypointSignalRelation.py ...
[39.757s] Compiling /home/chinchia120/autoware.ai/build/autoware_map_msgs/devel/lib/python2.7/dist-packages/autoware_map_msgs/msg/_WaypointSignalRelationArray.py ...
[39.757s] Compiling /home/chinchia120/autoware.ai/build/autoware_map_msgs/devel/lib/python2.7/dist-packages/autoware_map_msgs/msg/__init__.py ...
[39.758s] -- Installing: /home/chinchia120/autoware.ai/install/autoware_map_msgs/lib/python2.7/dist-packages/autoware_map_msgs
[39.759s] -- Installing: /home/chinchia120/autoware.ai/install/autoware_map_msgs/lib/python2.7/dist-packages/autoware_map_msgs/__init__.py
[39.759s] -- Installing: /home/chinchia120/autoware.ai/install/autoware_map_msgs/lib/python2.7/dist-packages/autoware_map_msgs/msg
[39.760s] -- Installing: /home/chinchia120/autoware.ai/install/autoware_map_msgs/lib/python2.7/dist-packages/autoware_map_msgs/msg/_Area.py
[39.760s] -- Installing: /home/chinchia120/autoware.ai/install/autoware_map_msgs/lib/python2.7/dist-packages/autoware_map_msgs/msg/_WaypointRelation.py
[39.760s] -- Installing: /home/chinchia120/autoware.ai/install/autoware_map_msgs/lib/python2.7/dist-packages/autoware_map_msgs/msg/_LaneChangeRelationArray.pyc
[39.761s] -- Installing: /home/chinchia120/autoware.ai/install/autoware_map_msgs/lib/python2.7/dist-packages/autoware_map_msgs/msg/_WaypointLaneRelation.py
[39.761s] -- Installing: /home/chinchia120/autoware.ai/install/autoware_map_msgs/lib/python2.7/dist-packages/autoware_map_msgs/msg/_Point.pyc
[39.769s] -- Installing: /home/chinchia120/autoware.ai/install/autoware_map_msgs/lib/python2.7/dist-packages/autoware_map_msgs/msg/_LaneAttributeRelationArray.py
[39.770s] -- Installing: /home/chinchia120/autoware.ai/install/autoware_map_msgs/lib/python2.7/dist-packages/autoware_map_msgs/msg/_WaypointSignalRelation.pyc
[39.770s] -- Installing: /home/chinchia120/autoware.ai/install/autoware_map_msgs/lib/python2.7/dist-packages/autoware_map_msgs/msg/_WayareaArray.pyc
[39.770s] -- Installing: /home/chinchia120/autoware.ai/install/autoware_map_msgs/lib/python2.7/dist-packages/autoware_map_msgs/msg/_Signal.py
[39.771s] -- Installing: /home/chinchia120/autoware.ai/install/autoware_map_msgs/lib/python2.7/dist-packages/autoware_map_msgs/msg/_PointArray.py
[39.771s] -- Installing: /home/chinchia120/autoware.ai/install/autoware_map_msgs/lib/python2.7/dist-packages/autoware_map_msgs/msg/_SignalLightArray.pyc
[39.771s] -- Installing: /home/chinchia120/autoware.ai/install/autoware_map_msgs/lib/python2.7/dist-packages/autoware_map_msgs/msg/_WaypointArray.pyc
[39.771s] -- Installing: /home/chinchia120/autoware.ai/install/autoware_map_msgs/lib/python2.7/dist-packages/autoware_map_msgs/msg/_WaypointLaneRelationArray.pyc
[39.772s] -- Installing: /home/chinchia120/autoware.ai/install/autoware_map_msgs/lib/python2.7/dist-packages/autoware_map_msgs/msg/_AreaArray.py
[39.772s] -- Installing: /home/chinchia120/autoware.ai/install/autoware_map_msgs/lib/python2.7/dist-packages/autoware_map_msgs/msg/_Wayarea.pyc
[39.772s] -- Installing: /home/chinchia120/autoware.ai/install/autoware_map_msgs/lib/python2.7/dist-packages/autoware_map_msgs/msg/_WaypointLaneRelationArray.py
[39.773s] -- Installing: /home/chinchia120/autoware.ai/install/autoware_map_msgs/lib/python2.7/dist-packages/autoware_map_msgs/msg/_WaypointArray.py
[39.773s] -- Installing: /home/chinchia120/autoware.ai/install/autoware_map_msgs/lib/python2.7/dist-packages/autoware_map_msgs/msg/_Waypoint.py
[39.773s] -- Installing: /home/chinchia120/autoware.ai/install/autoware_map_msgs/lib/python2.7/dist-packages/autoware_map_msgs/msg/_Lane.py
[39.774s] -- Installing: /home/chinchia120/autoware.ai/install/autoware_map_msgs/lib/python2.7/dist-packages/autoware_map_msgs/msg/_SignalArray.pyc
[39.774s] -- Installing: /home/chinchia120/autoware.ai/install/autoware_map_msgs/lib/python2.7/dist-packages/autoware_map_msgs/msg/_WaypointSignalRelationArray.py
[39.774s] -- Installing: /home/chinchia120/autoware.ai/install/autoware_map_msgs/lib/python2.7/dist-packages/autoware_map_msgs/msg/_PointArray.pyc
[39.775s] -- Installing: /home/chinchia120/autoware.ai/install/autoware_map_msgs/lib/python2.7/dist-packages/autoware_map_msgs/msg/_WaypointRelationArray.py
[39.775s] -- Installing: /home/chinchia120/autoware.ai/install/autoware_map_msgs/lib/python2.7/dist-packages/autoware_map_msgs/msg/_LaneSignalLightRelation.py
[39.775s] -- Installing: /home/chinchia120/autoware.ai/install/autoware_map_msgs/lib/python2.7/dist-packages/autoware_map_msgs/msg/_Signal.pyc
[39.775s] -- Installing: /home/chinchia120/autoware.ai/install/autoware_map_msgs/lib/python2.7/dist-packages/autoware_map_msgs/msg/_WaypointSignalRelation.py
[39.776s] -- Installing: /home/chinchia120/autoware.ai/install/autoware_map_msgs/lib/python2.7/dist-packages/autoware_map_msgs/msg/_Waypoint.pyc
[39.776s] -- Installing: /home/chinchia120/autoware.ai/install/autoware_map_msgs/lib/python2.7/dist-packages/autoware_map_msgs/msg/_LaneRelationArray.py
[39.776s] -- Installing: /home/chinchia120/autoware.ai/install/autoware_map_msgs/lib/python2.7/dist-packages/autoware_map_msgs/msg/_SignalLightArray.py
[39.785s] -- Installing: /home/chinchia120/autoware.ai/install/autoware_map_msgs/lib/python2.7/dist-packages/autoware_map_msgs/msg/_Area.pyc
[39.786s] -- Installing: /home/chinchia120/autoware.ai/install/autoware_map_msgs/lib/python2.7/dist-packages/autoware_map_msgs/msg/_WaypointRelationArray.pyc
[39.788s] -- Installing: /home/chinchia120/autoware.ai/install/autoware_map_msgs/lib/python2.7/dist-packages/autoware_map_msgs/msg/_LaneSignalLightRelation.pyc
[39.788s] -- Installing: /home/chinchia120/autoware.ai/install/autoware_map_msgs/lib/python2.7/dist-packages/autoware_map_msgs/msg/__init__.py
[39.788s] -- Installing: /home/chinchia120/autoware.ai/install/autoware_map_msgs/lib/python2.7/dist-packages/autoware_map_msgs/msg/_LaneAttributeRelationArray.pyc
[39.789s] -- Installing: /home/chinchia120/autoware.ai/install/autoware_map_msgs/lib/python2.7/dist-packages/autoware_map_msgs/msg/_OppositeLaneRelation.pyc
[39.789s] -- Installing: /home/chinchia120/autoware.ai/install/autoware_map_msgs/lib/python2.7/dist-packages/autoware_map_msgs/msg/_OppositeLaneRelation.py
[39.789s] -- Installing: /home/chinchia120/autoware.ai/install/autoware_map_msgs/lib/python2.7/dist-packages/autoware_map_msgs/msg/_LaneAttributeRelation.pyc
[39.789s] -- Installing: /home/chinchia120/autoware.ai/install/autoware_map_msgs/lib/python2.7/dist-packages/autoware_map_msgs/msg/_WaypointSignalRelationArray.pyc
[39.790s] -- Installing: /home/chinchia120/autoware.ai/install/autoware_map_msgs/lib/python2.7/dist-packages/autoware_map_msgs/msg/_LaneArray.py
[39.790s] -- Installing: /home/chinchia120/autoware.ai/install/autoware_map_msgs/lib/python2.7/dist-packages/autoware_map_msgs/msg/_LaneRelation.py
[39.790s] -- Installing: /home/chinchia120/autoware.ai/install/autoware_map_msgs/lib/python2.7/dist-packages/autoware_map_msgs/msg/_LaneSignalLightRelationArray.py
[39.790s] -- Installing: /home/chinchia120/autoware.ai/install/autoware_map_msgs/lib/python2.7/dist-packages/autoware_map_msgs/msg/_LaneArray.pyc
[39.790s] -- Installing: /home/chinchia120/autoware.ai/install/autoware_map_msgs/lib/python2.7/dist-packages/autoware_map_msgs/msg/_LaneSignalLightRelationArray.pyc
[39.791s] -- Installing: /home/chinchia120/autoware.ai/install/autoware_map_msgs/lib/python2.7/dist-packages/autoware_map_msgs/msg/_LaneAttributeRelation.py
[39.791s] -- Installing: /home/chinchia120/autoware.ai/install/autoware_map_msgs/lib/python2.7/dist-packages/autoware_map_msgs/msg/_WaypointRelation.pyc
[39.791s] -- Installing: /home/chinchia120/autoware.ai/install/autoware_map_msgs/lib/python2.7/dist-packages/autoware_map_msgs/msg/_Point.py
[39.791s] -- Installing: /home/chinchia120/autoware.ai/install/autoware_map_msgs/lib/python2.7/dist-packages/autoware_map_msgs/msg/_OppositeLaneRelationArray.pyc
[39.792s] -- Installing: /home/chinchia120/autoware.ai/install/autoware_map_msgs/lib/python2.7/dist-packages/autoware_map_msgs/msg/_OppositeLaneRelationArray.py
[39.792s] -- Installing: /home/chinchia120/autoware.ai/install/autoware_map_msgs/lib/python2.7/dist-packages/autoware_map_msgs/msg/_Wayarea.py
[39.792s] -- Installing: /home/chinchia120/autoware.ai/install/autoware_map_msgs/lib/python2.7/dist-packages/autoware_map_msgs/msg/_LaneRelationArray.pyc
[39.792s] -- Installing: /home/chinchia120/autoware.ai/install/autoware_map_msgs/lib/python2.7/dist-packages/autoware_map_msgs/msg/_LaneChangeRelationArray.py
[39.792s] -- Installing: /home/chinchia120/autoware.ai/install/autoware_map_msgs/lib/python2.7/dist-packages/autoware_map_msgs/msg/_WayareaArray.py
[39.793s] -- Installing: /home/chinchia120/autoware.ai/install/autoware_map_msgs/lib/python2.7/dist-packages/autoware_map_msgs/msg/__init__.pyc
[39.793s] -- Installing: /home/chinchia120/autoware.ai/install/autoware_map_msgs/lib/python2.7/dist-packages/autoware_map_msgs/msg/_SignalLight.py
[39.793s] -- Installing: /home/chinchia120/autoware.ai/install/autoware_map_msgs/lib/python2.7/dist-packages/autoware_map_msgs/msg/_LaneChangeRelation.py
[39.793s] -- Installing: /home/chinchia120/autoware.ai/install/autoware_map_msgs/lib/python2.7/dist-packages/autoware_map_msgs/msg/_AreaArray.pyc
[39.794s] -- Installing: /home/chinchia120/autoware.ai/install/autoware_map_msgs/lib/python2.7/dist-packages/autoware_map_msgs/msg/_SignalArray.py
[39.794s] -- Installing: /home/chinchia120/autoware.ai/install/autoware_map_msgs/lib/python2.7/dist-packages/autoware_map_msgs/msg/_SignalLight.pyc
[39.794s] -- Installing: /home/chinchia120/autoware.ai/install/autoware_map_msgs/lib/python2.7/dist-packages/autoware_map_msgs/msg/_Lane.pyc
[39.794s] -- Installing: /home/chinchia120/autoware.ai/install/autoware_map_msgs/lib/python2.7/dist-packages/autoware_map_msgs/msg/_WaypointLaneRelation.pyc
[39.794s] -- Installing: /home/chinchia120/autoware.ai/install/autoware_map_msgs/lib/python2.7/dist-packages/autoware_map_msgs/__init__.pyc
[39.795s] -- Installing: /home/chinchia120/autoware.ai/install/autoware_map_msgs/lib/pkgconfig/autoware_map_msgs.pc
[39.795s] -- Installing: /home/chinchia120/autoware.ai/install/autoware_map_msgs/share/autoware_map_msgs/cmake/autoware_map_msgs-msg-extras.cmake
[39.795s] -- Installing: /home/chinchia120/autoware.ai/install/autoware_map_msgs/share/autoware_map_msgs/cmake/autoware_map_msgsConfig.cmake
[39.796s] -- Installing: /home/chinchia120/autoware.ai/install/autoware_map_msgs/share/autoware_map_msgs/cmake/autoware_map_msgsConfig-version.cmake
[39.796s] -- Installing: /home/chinchia120/autoware.ai/install/autoware_map_msgs/share/autoware_map_msgs/package.xml
[39.797s] Invoked command in '/home/chinchia120/autoware.ai/build/autoware_map_msgs' returned '0': /usr/bin/cmake --build /home/chinchia120/autoware.ai/build/autoware_map_msgs --target install -- -j4 -l4
