Determining if the pthread_create exist failed with the following output:
Change Dir: /home/chinchia120/autoware.ai/build/autoware_bag_tools/CMakeFiles/CMakeTmp

Run Build Command:"/usr/bin/make" "cmTC_ee79a/fast"
/usr/bin/make -f CMakeFiles/cmTC_ee79a.dir/build.make CMakeFiles/cmTC_ee79a.dir/build
make[1]: Entering directory '/home/chinchia120/autoware.ai/build/autoware_bag_tools/CMakeFiles/CMakeTmp'
Building C object CMakeFiles/cmTC_ee79a.dir/CheckSymbolExists.c.o
/usr/bin/cc    -o CMakeFiles/cmTC_ee79a.dir/CheckSymbolExists.c.o   -c /home/chinchia120/autoware.ai/build/autoware_bag_tools/CMakeFiles/CMakeTmp/CheckSymbolExists.c
Linking C executable cmTC_ee79a
/usr/bin/cmake -E cmake_link_script CMakeFiles/cmTC_ee79a.dir/link.txt --verbose=1
/usr/bin/cc      -rdynamic CMakeFiles/cmTC_ee79a.dir/CheckSymbolExists.c.o  -o cmTC_ee79a 
CMakeFiles/cmTC_ee79a.dir/CheckSymbolExists.c.o: In function `main':
CheckSymbolExists.c:(.text+0x1b): undefined reference to `pthread_create'
collect2: error: ld returned 1 exit status
CMakeFiles/cmTC_ee79a.dir/build.make:97: recipe for target 'cmTC_ee79a' failed
make[1]: *** [cmTC_ee79a] Error 1
make[1]: Leaving directory '/home/chinchia120/autoware.ai/build/autoware_bag_tools/CMakeFiles/CMakeTmp'
Makefile:126: recipe for target 'cmTC_ee79a/fast' failed
make: *** [cmTC_ee79a/fast] Error 2

File /home/chinchia120/autoware.ai/build/autoware_bag_tools/CMakeFiles/CMakeTmp/CheckSymbolExists.c:
/* */
#include <pthread.h>

int main(int argc, char** argv)
{
  (void)argv;
#ifndef pthread_create
  return ((int*)(&pthread_create))[argc];
#else
  (void)argc;
  return 0;
#endif
}

Determining if the function pthread_create exists in the pthreads failed with the following output:
Change Dir: /home/chinchia120/autoware.ai/build/autoware_bag_tools/CMakeFiles/CMakeTmp

Run Build Command:"/usr/bin/make" "cmTC_970b8/fast"
/usr/bin/make -f CMakeFiles/cmTC_970b8.dir/build.make CMakeFiles/cmTC_970b8.dir/build
make[1]: Entering directory '/home/chinchia120/autoware.ai/build/autoware_bag_tools/CMakeFiles/CMakeTmp'
Building C object CMakeFiles/cmTC_970b8.dir/CheckFunctionExists.c.o
/usr/bin/cc   -DCHECK_FUNCTION_EXISTS=pthread_create   -o CMakeFiles/cmTC_970b8.dir/CheckFunctionExists.c.o   -c /usr/share/cmake-3.10/Modules/CheckFunctionExists.c
Linking C executable cmTC_970b8
/usr/bin/cmake -E cmake_link_script CMakeFiles/cmTC_970b8.dir/link.txt --verbose=1
/usr/bin/cc  -DCHECK_FUNCTION_EXISTS=pthread_create    -rdynamic CMakeFiles/cmTC_970b8.dir/CheckFunctionExists.c.o  -o cmTC_970b8 -lpthreads 
/usr/bin/ld: cannot find -lpthreads
collect2: error: ld returned 1 exit status
CMakeFiles/cmTC_970b8.dir/build.make:97: recipe for target 'cmTC_970b8' failed
make[1]: *** [cmTC_970b8] Error 1
make[1]: Leaving directory '/home/chinchia120/autoware.ai/build/autoware_bag_tools/CMakeFiles/CMakeTmp'
Makefile:126: recipe for target 'cmTC_970b8/fast' failed
make: *** [cmTC_970b8/fast] Error 2


