[0.187s] Invoking command in '/home/chinchia120/autoware.ai/build/op_local_planner': CMAKE_PREFIX_PATH=/home/chinchia120/autoware.ai/install/op_ros_helpers:/home/chinchia120/autoware.ai/install/map_file:/home/chinchia120/autoware.ai/install/op_simu:/home/chinchia120/autoware.ai/install/lanelet2_extension:/home/chinchia120/autoware.ai/install/op_planner:/home/chinchia120/autoware.ai/install/lanelet2_validation:/home/chinchia120/autoware.ai/install/op_utility:/home/chinchia120/autoware.ai/install/lanelet2_routing:/home/chinchia120/autoware.ai/install/lanelet2_projection:/home/chinchia120/autoware.ai/install/vector_map_server:/home/chinchia120/autoware.ai/install/libwaypoint_follower:/home/chinchia120/autoware.ai/install/lanelet2_traffic_rules:/home/chinchia120/autoware.ai/install/lanelet2_maps:/home/chinchia120/autoware.ai/install/lanelet2_io:/home/chinchia120/autoware.ai/install/vector_map:/home/chinchia120/autoware.ai/install/lanelet2_core:/home/chinchia120/autoware.ai/install/amathutils_lib:/home/chinchia120/autoware.ai/install/vector_map_msgs:/home/chinchia120/autoware.ai/install/autoware_msgs:/home/chinchia120/autoware.ai/install/autoware_lanelet2_msgs:/home/chinchia120/autoware.ai/install/autoware_can_msgs:/home/chinchia120/autoware.ai/install/autoware_build_flags:${CMAKE_PREFIX_PATH} LD_LIBRARY_PATH=/home/chinchia120/autoware.ai/install/op_ros_helpers/lib:/home/chinchia120/autoware.ai/install/map_file/lib:/home/chinchia120/autoware.ai/install/op_simu/lib:/home/chinchia120/autoware.ai/install/lanelet2_extension/lib:/home/chinchia120/autoware.ai/install/op_planner/lib:/home/chinchia120/autoware.ai/install/lanelet2_validation/lib:/home/chinchia120/autoware.ai/install/op_utility/lib:/home/chinchia120/autoware.ai/install/lanelet2_routing/lib:/home/chinchia120/autoware.ai/install/lanelet2_projection/lib:/home/chinchia120/autoware.ai/install/libwaypoint_follower/lib:/home/chinchia120/autoware.ai/install/lanelet2_traffic_rules/lib:/home/chinchia120/autoware.ai/install/lanelet2_io/lib:/home/chinchia120/autoware.ai/install/vector_map/lib:/home/chinchia120/autoware.ai/install/lanelet2_core/lib:/home/chinchia120/autoware.ai/install/amathutils_lib/lib:${LD_LIBRARY_PATH} PKG_CONFIG_PATH=/home/chinchia120/autoware.ai/install/op_ros_helpers/lib/x86_64-linux-gnu/pkgconfig:/home/chinchia120/autoware.ai/install/op_ros_helpers/lib/pkgconfig:/home/chinchia120/autoware.ai/install/map_file/lib/x86_64-linux-gnu/pkgconfig:/home/chinchia120/autoware.ai/install/map_file/lib/pkgconfig:/home/chinchia120/autoware.ai/install/op_simu/lib/x86_64-linux-gnu/pkgconfig:/home/chinchia120/autoware.ai/install/op_simu/lib/pkgconfig:/home/chinchia120/autoware.ai/install/lanelet2_extension/lib/x86_64-linux-gnu/pkgconfig:/home/chinchia120/autoware.ai/install/lanelet2_extension/lib/pkgconfig:/home/chinchia120/autoware.ai/install/op_planner/lib/x86_64-linux-gnu/pkgconfig:/home/chinchia120/autoware.ai/install/op_planner/lib/pkgconfig:/home/chinchia120/autoware.ai/install/lanelet2_validation/lib/x86_64-linux-gnu/pkgconfig:/home/chinchia120/autoware.ai/install/lanelet2_validation/lib/pkgconfig:/home/chinchia120/autoware.ai/install/op_utility/lib/x86_64-linux-gnu/pkgconfig:/home/chinchia120/autoware.ai/install/op_utility/lib/pkgconfig:/home/chinchia120/autoware.ai/install/lanelet2_routing/lib/x86_64-linux-gnu/pkgconfig:/home/chinchia120/autoware.ai/install/lanelet2_routing/lib/pkgconfig:/home/chinchia120/autoware.ai/install/lanelet2_projection/lib/x86_64-linux-gnu/pkgconfig:/home/chinchia120/autoware.ai/install/lanelet2_projection/lib/pkgconfig:/home/chinchia120/autoware.ai/install/vector_map_server/lib/x86_64-linux-gnu/pkgconfig:/home/chinchia120/autoware.ai/install/vector_map_server/lib/pkgconfig:/home/chinchia120/autoware.ai/install/libwaypoint_follower/lib/x86_64-linux-gnu/pkgconfig:/home/chinchia120/autoware.ai/install/libwaypoint_follower/lib/pkgconfig:/home/chinchia120/autoware.ai/install/lanelet2_traffic_rules/lib/x86_64-linux-gnu/pkgconfig:/home/chinchia120/autoware.ai/install/lanelet2_traffic_rules/lib/pkgconfig:/home/chinchia120/autoware.ai/install/lanelet2_maps/lib/x86_64-linux-gnu/pkgconfig:/home/chinchia120/autoware.ai/install/lanelet2_maps/lib/pkgconfig:/home/chinchia120/autoware.ai/install/lanelet2_io/lib/x86_64-linux-gnu/pkgconfig:/home/chinchia120/autoware.ai/install/lanelet2_io/lib/pkgconfig:/home/chinchia120/autoware.ai/install/vector_map/lib/x86_64-linux-gnu/pkgconfig:/home/chinchia120/autoware.ai/install/vector_map/lib/pkgconfig:/home/chinchia120/autoware.ai/install/lanelet2_core/lib/x86_64-linux-gnu/pkgconfig:/home/chinchia120/autoware.ai/install/lanelet2_core/lib/pkgconfig:/home/chinchia120/autoware.ai/install/amathutils_lib/lib/x86_64-linux-gnu/pkgconfig:/home/chinchia120/autoware.ai/install/amathutils_lib/lib/pkgconfig:/home/chinchia120/autoware.ai/install/vector_map_msgs/lib/x86_64-linux-gnu/pkgconfig:/home/chinchia120/autoware.ai/install/vector_map_msgs/lib/pkgconfig:/home/chinchia120/autoware.ai/install/autoware_msgs/lib/x86_64-linux-gnu/pkgconfig:/home/chinchia120/autoware.ai/install/autoware_msgs/lib/pkgconfig:/home/chinchia120/autoware.ai/install/autoware_lanelet2_msgs/lib/x86_64-linux-gnu/pkgconfig:/home/chinchia120/autoware.ai/install/autoware_lanelet2_msgs/lib/pkgconfig:/home/chinchia120/autoware.ai/install/autoware_can_msgs/lib/x86_64-linux-gnu/pkgconfig:/home/chinchia120/autoware.ai/install/autoware_can_msgs/lib/pkgconfig:/home/chinchia120/autoware.ai/install/autoware_build_flags/lib/x86_64-linux-gnu/pkgconfig:/home/chinchia120/autoware.ai/install/autoware_build_flags/lib/pkgconfig:${PKG_CONFIG_PATH} PYTHONPATH=/home/chinchia120/autoware.ai/install/vector_map_server/lib/python2.7/dist-packages:/home/chinchia120/autoware.ai/install/vector_map_msgs/lib/python2.7/dist-packages:/home/chinchia120/autoware.ai/install/autoware_msgs/lib/python2.7/dist-packages:/home/chinchia120/autoware.ai/install/autoware_lanelet2_msgs/lib/python2.7/dist-packages:/home/chinchia120/autoware.ai/install/autoware_can_msgs/lib/python2.7/dist-packages:${PYTHONPATH} ROS_PACKAGE_PATH=/home/chinchia120/autoware.ai/install/op_ros_helpers/share:/home/chinchia120/autoware.ai/install/map_file/share:/home/chinchia120/autoware.ai/install/op_simu/share:/home/chinchia120/autoware.ai/install/lanelet2_extension/share:/home/chinchia120/autoware.ai/install/op_planner/share:/home/chinchia120/autoware.ai/install/lanelet2_validation/share:/home/chinchia120/autoware.ai/install/op_utility/share:/home/chinchia120/autoware.ai/install/lanelet2_routing/share:/home/chinchia120/autoware.ai/install/lanelet2_projection/share:/home/chinchia120/autoware.ai/install/vector_map_server/share:/home/chinchia120/autoware.ai/install/libwaypoint_follower/share:/home/chinchia120/autoware.ai/install/lanelet2_traffic_rules/share:/home/chinchia120/autoware.ai/install/lanelet2_maps/share:/home/chinchia120/autoware.ai/install/lanelet2_io/share:/home/chinchia120/autoware.ai/install/vector_map/share:/home/chinchia120/autoware.ai/install/lanelet2_core/share:/home/chinchia120/autoware.ai/install/amathutils_lib/share:/home/chinchia120/autoware.ai/install/vector_map_msgs/share:/home/chinchia120/autoware.ai/install/autoware_msgs/share:/home/chinchia120/autoware.ai/install/autoware_lanelet2_msgs/share:/home/chinchia120/autoware.ai/install/autoware_can_msgs/share:/home/chinchia120/autoware.ai/install/autoware_build_flags/share:${ROS_PACKAGE_PATH} /usr/bin/cmake /home/chinchia120/autoware.ai/src/autoware/core_planning/op_local_planner -DCMAKE_BUILD_TYPE=Release -DCATKIN_INSTALL_INTO_PREFIX_ROOT=0 -DCMAKE_INSTALL_PREFIX=/home/chinchia120/autoware.ai/install/op_local_planner
[0.361s] -- The C compiler identification is GNU 7.5.0
[0.520s] -- The CXX compiler identification is GNU 7.5.0
[0.531s] -- Check for working C compiler: /usr/bin/cc
[0.754s] -- Check for working C compiler: /usr/bin/cc -- works
[0.754s] -- Detecting C compiler ABI info
[0.940s] -- Detecting C compiler ABI info - done
[0.960s] -- Detecting C compile features
[1.528s] -- Detecting C compile features - done
[1.533s] -- Check for working CXX compiler: /usr/bin/c++
[1.738s] -- Check for working CXX compiler: /usr/bin/c++ -- works
[1.740s] -- Detecting CXX compiler ABI info
[1.948s] -- Detecting CXX compiler ABI info - done
[1.981s] -- Detecting CXX compile features
[2.937s] -- Detecting CXX compile features - done
[2.944s] -- CUDA compilation status: 1.
[2.951s] -- Using CATKIN_DEVEL_PREFIX: /home/chinchia120/autoware.ai/build/op_local_planner/devel
[2.951s] -- Using CMAKE_PREFIX_PATH: /home/chinchia120/autoware.ai/install/op_ros_helpers;/home/chinchia120/autoware.ai/install/map_file;/home/chinchia120/autoware.ai/install/op_simu;/home/chinchia120/autoware.ai/install/lanelet2_extension;/home/chinchia120/autoware.ai/install/op_planner;/home/chinchia120/autoware.ai/install/lanelet2_validation;/home/chinchia120/autoware.ai/install/op_utility;/home/chinchia120/autoware.ai/install/lanelet2_routing;/home/chinchia120/autoware.ai/install/lanelet2_projection;/home/chinchia120/autoware.ai/install/vector_map_server;/home/chinchia120/autoware.ai/install/libwaypoint_follower;/home/chinchia120/autoware.ai/install/lanelet2_traffic_rules;/home/chinchia120/autoware.ai/install/lanelet2_maps;/home/chinchia120/autoware.ai/install/lanelet2_io;/home/chinchia120/autoware.ai/install/vector_map;/home/chinchia120/autoware.ai/install/lanelet2_core;/home/chinchia120/autoware.ai/install/amathutils_lib;/home/chinchia120/autoware.ai/install/vector_map_msgs;/home/chinchia120/autoware.ai/install/autoware_msgs;/home/chinchia120/autoware.ai/install/autoware_lanelet2_msgs;/home/chinchia120/autoware.ai/install/autoware_can_msgs;/home/chinchia120/autoware.ai/install/autoware_build_flags;/home/chinchia120/catkin_ws/devel;/opt/ros/melodic
[2.955s] -- This workspace overlays: /home/chinchia120/autoware.ai/install/op_ros_helpers;/home/chinchia120/autoware.ai/install/map_file;/home/chinchia120/autoware.ai/install/op_simu;/home/chinchia120/autoware.ai/install/lanelet2_extension;/home/chinchia120/autoware.ai/install/op_planner;/home/chinchia120/autoware.ai/install/lanelet2_validation;/home/chinchia120/autoware.ai/install/op_utility;/home/chinchia120/autoware.ai/install/lanelet2_routing;/home/chinchia120/autoware.ai/install/lanelet2_projection;/home/chinchia120/autoware.ai/install/vector_map_server;/home/chinchia120/autoware.ai/install/libwaypoint_follower;/home/chinchia120/autoware.ai/install/lanelet2_traffic_rules;/home/chinchia120/autoware.ai/install/lanelet2_maps;/home/chinchia120/autoware.ai/install/lanelet2_io;/home/chinchia120/autoware.ai/install/vector_map;/home/chinchia120/autoware.ai/install/lanelet2_core;/home/chinchia120/autoware.ai/install/amathutils_lib;/home/chinchia120/autoware.ai/install/vector_map_msgs;/home/chinchia120/autoware.ai/install/autoware_msgs;/home/chinchia120/autoware.ai/install/autoware_lanelet2_msgs;/home/chinchia120/autoware.ai/install/autoware_can_msgs;/home/chinchia120/autoware.ai/install/autoware_build_flags;/home/chinchia120/catkin_ws/devel;/opt/ros/melodic
[2.989s] -- Found PythonInterp: /usr/bin/python2 (found suitable version "2.7.17", minimum required is "2") 
[2.990s] -- Using PYTHON_EXECUTABLE: /usr/bin/python2
[2.990s] -- Using Debian Python package layout
[2.992s] -- Using empy: /usr/bin/empy
[3.316s] -- Using CATKIN_ENABLE_TESTING: ON
[3.317s] -- Call enable_testing()
[3.325s] -- Using CATKIN_TEST_RESULTS_DIR: /home/chinchia120/autoware.ai/build/op_local_planner/test_results
[3.376s] -- Found gtest sources under '/usr/src/googletest': gtests will be built
[3.376s] -- Found gmock sources under '/usr/src/googletest': gmock will be built
[3.419s] -- Found PythonInterp: /usr/bin/python2 (found version "2.7.17") 
[3.422s] -- Looking for pthread.h
[3.598s] -- Looking for pthread.h - found
[3.599s] -- Looking for pthread_create
[3.813s] -- Looking for pthread_create - not found
[3.814s] -- Looking for pthread_create in pthreads
[4.009s] -- Looking for pthread_create in pthreads - not found
[4.011s] -- Looking for pthread_create in pthread
[4.205s] -- Looking for pthread_create in pthread - found
[4.207s] -- Found Threads: TRUE  
[4.223s] -- Using Python nosetests: /usr/bin/nosetests-2.7
[4.316s] -- catkin 0.7.29
[4.316s] -- BUILD_SHARED_LIBS is on
[4.829s] -- Using these message generators: gencpp;geneus;genlisp;gennodejs;genpy
[8.135s] -- Configuring done
[8.679s] -- Generating done
[8.727s] -- Build files have been written to: /home/chinchia120/autoware.ai/build/op_local_planner
[8.745s] Invoked command in '/home/chinchia120/autoware.ai/build/op_local_planner' returned '0': CMAKE_PREFIX_PATH=/home/chinchia120/autoware.ai/install/op_ros_helpers:/home/chinchia120/autoware.ai/install/map_file:/home/chinchia120/autoware.ai/install/op_simu:/home/chinchia120/autoware.ai/install/lanelet2_extension:/home/chinchia120/autoware.ai/install/op_planner:/home/chinchia120/autoware.ai/install/lanelet2_validation:/home/chinchia120/autoware.ai/install/op_utility:/home/chinchia120/autoware.ai/install/lanelet2_routing:/home/chinchia120/autoware.ai/install/lanelet2_projection:/home/chinchia120/autoware.ai/install/vector_map_server:/home/chinchia120/autoware.ai/install/libwaypoint_follower:/home/chinchia120/autoware.ai/install/lanelet2_traffic_rules:/home/chinchia120/autoware.ai/install/lanelet2_maps:/home/chinchia120/autoware.ai/install/lanelet2_io:/home/chinchia120/autoware.ai/install/vector_map:/home/chinchia120/autoware.ai/install/lanelet2_core:/home/chinchia120/autoware.ai/install/amathutils_lib:/home/chinchia120/autoware.ai/install/vector_map_msgs:/home/chinchia120/autoware.ai/install/autoware_msgs:/home/chinchia120/autoware.ai/install/autoware_lanelet2_msgs:/home/chinchia120/autoware.ai/install/autoware_can_msgs:/home/chinchia120/autoware.ai/install/autoware_build_flags:${CMAKE_PREFIX_PATH} LD_LIBRARY_PATH=/home/chinchia120/autoware.ai/install/op_ros_helpers/lib:/home/chinchia120/autoware.ai/install/map_file/lib:/home/chinchia120/autoware.ai/install/op_simu/lib:/home/chinchia120/autoware.ai/install/lanelet2_extension/lib:/home/chinchia120/autoware.ai/install/op_planner/lib:/home/chinchia120/autoware.ai/install/lanelet2_validation/lib:/home/chinchia120/autoware.ai/install/op_utility/lib:/home/chinchia120/autoware.ai/install/lanelet2_routing/lib:/home/chinchia120/autoware.ai/install/lanelet2_projection/lib:/home/chinchia120/autoware.ai/install/libwaypoint_follower/lib:/home/chinchia120/autoware.ai/install/lanelet2_traffic_rules/lib:/home/chinchia120/autoware.ai/install/lanelet2_io/lib:/home/chinchia120/autoware.ai/install/vector_map/lib:/home/chinchia120/autoware.ai/install/lanelet2_core/lib:/home/chinchia120/autoware.ai/install/amathutils_lib/lib:${LD_LIBRARY_PATH} PKG_CONFIG_PATH=/home/chinchia120/autoware.ai/install/op_ros_helpers/lib/x86_64-linux-gnu/pkgconfig:/home/chinchia120/autoware.ai/install/op_ros_helpers/lib/pkgconfig:/home/chinchia120/autoware.ai/install/map_file/lib/x86_64-linux-gnu/pkgconfig:/home/chinchia120/autoware.ai/install/map_file/lib/pkgconfig:/home/chinchia120/autoware.ai/install/op_simu/lib/x86_64-linux-gnu/pkgconfig:/home/chinchia120/autoware.ai/install/op_simu/lib/pkgconfig:/home/chinchia120/autoware.ai/install/lanelet2_extension/lib/x86_64-linux-gnu/pkgconfig:/home/chinchia120/autoware.ai/install/lanelet2_extension/lib/pkgconfig:/home/chinchia120/autoware.ai/install/op_planner/lib/x86_64-linux-gnu/pkgconfig:/home/chinchia120/autoware.ai/install/op_planner/lib/pkgconfig:/home/chinchia120/autoware.ai/install/lanelet2_validation/lib/x86_64-linux-gnu/pkgconfig:/home/chinchia120/autoware.ai/install/lanelet2_validation/lib/pkgconfig:/home/chinchia120/autoware.ai/install/op_utility/lib/x86_64-linux-gnu/pkgconfig:/home/chinchia120/autoware.ai/install/op_utility/lib/pkgconfig:/home/chinchia120/autoware.ai/install/lanelet2_routing/lib/x86_64-linux-gnu/pkgconfig:/home/chinchia120/autoware.ai/install/lanelet2_routing/lib/pkgconfig:/home/chinchia120/autoware.ai/install/lanelet2_projection/lib/x86_64-linux-gnu/pkgconfig:/home/chinchia120/autoware.ai/install/lanelet2_projection/lib/pkgconfig:/home/chinchia120/autoware.ai/install/vector_map_server/lib/x86_64-linux-gnu/pkgconfig:/home/chinchia120/autoware.ai/install/vector_map_server/lib/pkgconfig:/home/chinchia120/autoware.ai/install/libwaypoint_follower/lib/x86_64-linux-gnu/pkgconfig:/home/chinchia120/autoware.ai/install/libwaypoint_follower/lib/pkgconfig:/home/chinchia120/autoware.ai/install/lanelet2_traffic_rules/lib/x86_64-linux-gnu/pkgconfig:/home/chinchia120/autoware.ai/install/lanelet2_traffic_rules/lib/pkgconfig:/home/chinchia120/autoware.ai/install/lanelet2_maps/lib/x86_64-linux-gnu/pkgconfig:/home/chinchia120/autoware.ai/install/lanelet2_maps/lib/pkgconfig:/home/chinchia120/autoware.ai/install/lanelet2_io/lib/x86_64-linux-gnu/pkgconfig:/home/chinchia120/autoware.ai/install/lanelet2_io/lib/pkgconfig:/home/chinchia120/autoware.ai/install/vector_map/lib/x86_64-linux-gnu/pkgconfig:/home/chinchia120/autoware.ai/install/vector_map/lib/pkgconfig:/home/chinchia120/autoware.ai/install/lanelet2_core/lib/x86_64-linux-gnu/pkgconfig:/home/chinchia120/autoware.ai/install/lanelet2_core/lib/pkgconfig:/home/chinchia120/autoware.ai/install/amathutils_lib/lib/x86_64-linux-gnu/pkgconfig:/home/chinchia120/autoware.ai/install/amathutils_lib/lib/pkgconfig:/home/chinchia120/autoware.ai/install/vector_map_msgs/lib/x86_64-linux-gnu/pkgconfig:/home/chinchia120/autoware.ai/install/vector_map_msgs/lib/pkgconfig:/home/chinchia120/autoware.ai/install/autoware_msgs/lib/x86_64-linux-gnu/pkgconfig:/home/chinchia120/autoware.ai/install/autoware_msgs/lib/pkgconfig:/home/chinchia120/autoware.ai/install/autoware_lanelet2_msgs/lib/x86_64-linux-gnu/pkgconfig:/home/chinchia120/autoware.ai/install/autoware_lanelet2_msgs/lib/pkgconfig:/home/chinchia120/autoware.ai/install/autoware_can_msgs/lib/x86_64-linux-gnu/pkgconfig:/home/chinchia120/autoware.ai/install/autoware_can_msgs/lib/pkgconfig:/home/chinchia120/autoware.ai/install/autoware_build_flags/lib/x86_64-linux-gnu/pkgconfig:/home/chinchia120/autoware.ai/install/autoware_build_flags/lib/pkgconfig:${PKG_CONFIG_PATH} PYTHONPATH=/home/chinchia120/autoware.ai/install/vector_map_server/lib/python2.7/dist-packages:/home/chinchia120/autoware.ai/install/vector_map_msgs/lib/python2.7/dist-packages:/home/chinchia120/autoware.ai/install/autoware_msgs/lib/python2.7/dist-packages:/home/chinchia120/autoware.ai/install/autoware_lanelet2_msgs/lib/python2.7/dist-packages:/home/chinchia120/autoware.ai/install/autoware_can_msgs/lib/python2.7/dist-packages:${PYTHONPATH} ROS_PACKAGE_PATH=/home/chinchia120/autoware.ai/install/op_ros_helpers/share:/home/chinchia120/autoware.ai/install/map_file/share:/home/chinchia120/autoware.ai/install/op_simu/share:/home/chinchia120/autoware.ai/install/lanelet2_extension/share:/home/chinchia120/autoware.ai/install/op_planner/share:/home/chinchia120/autoware.ai/install/lanelet2_validation/share:/home/chinchia120/autoware.ai/install/op_utility/share:/home/chinchia120/autoware.ai/install/lanelet2_routing/share:/home/chinchia120/autoware.ai/install/lanelet2_projection/share:/home/chinchia120/autoware.ai/install/vector_map_server/share:/home/chinchia120/autoware.ai/install/libwaypoint_follower/share:/home/chinchia120/autoware.ai/install/lanelet2_traffic_rules/share:/home/chinchia120/autoware.ai/install/lanelet2_maps/share:/home/chinchia120/autoware.ai/install/lanelet2_io/share:/home/chinchia120/autoware.ai/install/vector_map/share:/home/chinchia120/autoware.ai/install/lanelet2_core/share:/home/chinchia120/autoware.ai/install/amathutils_lib/share:/home/chinchia120/autoware.ai/install/vector_map_msgs/share:/home/chinchia120/autoware.ai/install/autoware_msgs/share:/home/chinchia120/autoware.ai/install/autoware_lanelet2_msgs/share:/home/chinchia120/autoware.ai/install/autoware_can_msgs/share:/home/chinchia120/autoware.ai/install/autoware_build_flags/share:${ROS_PACKAGE_PATH} /usr/bin/cmake /home/chinchia120/autoware.ai/src/autoware/core_planning/op_local_planner -DCMAKE_BUILD_TYPE=Release -DCATKIN_INSTALL_INTO_PREFIX_ROOT=0 -DCMAKE_INSTALL_PREFIX=/home/chinchia120/autoware.ai/install/op_local_planner
[8.747s] Invoking command in '/home/chinchia120/autoware.ai/build/op_local_planner': CMAKE_PREFIX_PATH=/home/chinchia120/autoware.ai/install/op_ros_helpers:/home/chinchia120/autoware.ai/install/map_file:/home/chinchia120/autoware.ai/install/op_simu:/home/chinchia120/autoware.ai/install/lanelet2_extension:/home/chinchia120/autoware.ai/install/op_planner:/home/chinchia120/autoware.ai/install/lanelet2_validation:/home/chinchia120/autoware.ai/install/op_utility:/home/chinchia120/autoware.ai/install/lanelet2_routing:/home/chinchia120/autoware.ai/install/lanelet2_projection:/home/chinchia120/autoware.ai/install/vector_map_server:/home/chinchia120/autoware.ai/install/libwaypoint_follower:/home/chinchia120/autoware.ai/install/lanelet2_traffic_rules:/home/chinchia120/autoware.ai/install/lanelet2_maps:/home/chinchia120/autoware.ai/install/lanelet2_io:/home/chinchia120/autoware.ai/install/vector_map:/home/chinchia120/autoware.ai/install/lanelet2_core:/home/chinchia120/autoware.ai/install/amathutils_lib:/home/chinchia120/autoware.ai/install/vector_map_msgs:/home/chinchia120/autoware.ai/install/autoware_msgs:/home/chinchia120/autoware.ai/install/autoware_lanelet2_msgs:/home/chinchia120/autoware.ai/install/autoware_can_msgs:/home/chinchia120/autoware.ai/install/autoware_build_flags:${CMAKE_PREFIX_PATH} LD_LIBRARY_PATH=/home/chinchia120/autoware.ai/install/op_ros_helpers/lib:/home/chinchia120/autoware.ai/install/map_file/lib:/home/chinchia120/autoware.ai/install/op_simu/lib:/home/chinchia120/autoware.ai/install/lanelet2_extension/lib:/home/chinchia120/autoware.ai/install/op_planner/lib:/home/chinchia120/autoware.ai/install/lanelet2_validation/lib:/home/chinchia120/autoware.ai/install/op_utility/lib:/home/chinchia120/autoware.ai/install/lanelet2_routing/lib:/home/chinchia120/autoware.ai/install/lanelet2_projection/lib:/home/chinchia120/autoware.ai/install/libwaypoint_follower/lib:/home/chinchia120/autoware.ai/install/lanelet2_traffic_rules/lib:/home/chinchia120/autoware.ai/install/lanelet2_io/lib:/home/chinchia120/autoware.ai/install/vector_map/lib:/home/chinchia120/autoware.ai/install/lanelet2_core/lib:/home/chinchia120/autoware.ai/install/amathutils_lib/lib:${LD_LIBRARY_PATH} PKG_CONFIG_PATH=/home/chinchia120/autoware.ai/install/op_ros_helpers/lib/x86_64-linux-gnu/pkgconfig:/home/chinchia120/autoware.ai/install/op_ros_helpers/lib/pkgconfig:/home/chinchia120/autoware.ai/install/map_file/lib/x86_64-linux-gnu/pkgconfig:/home/chinchia120/autoware.ai/install/map_file/lib/pkgconfig:/home/chinchia120/autoware.ai/install/op_simu/lib/x86_64-linux-gnu/pkgconfig:/home/chinchia120/autoware.ai/install/op_simu/lib/pkgconfig:/home/chinchia120/autoware.ai/install/lanelet2_extension/lib/x86_64-linux-gnu/pkgconfig:/home/chinchia120/autoware.ai/install/lanelet2_extension/lib/pkgconfig:/home/chinchia120/autoware.ai/install/op_planner/lib/x86_64-linux-gnu/pkgconfig:/home/chinchia120/autoware.ai/install/op_planner/lib/pkgconfig:/home/chinchia120/autoware.ai/install/lanelet2_validation/lib/x86_64-linux-gnu/pkgconfig:/home/chinchia120/autoware.ai/install/lanelet2_validation/lib/pkgconfig:/home/chinchia120/autoware.ai/install/op_utility/lib/x86_64-linux-gnu/pkgconfig:/home/chinchia120/autoware.ai/install/op_utility/lib/pkgconfig:/home/chinchia120/autoware.ai/install/lanelet2_routing/lib/x86_64-linux-gnu/pkgconfig:/home/chinchia120/autoware.ai/install/lanelet2_routing/lib/pkgconfig:/home/chinchia120/autoware.ai/install/lanelet2_projection/lib/x86_64-linux-gnu/pkgconfig:/home/chinchia120/autoware.ai/install/lanelet2_projection/lib/pkgconfig:/home/chinchia120/autoware.ai/install/vector_map_server/lib/x86_64-linux-gnu/pkgconfig:/home/chinchia120/autoware.ai/install/vector_map_server/lib/pkgconfig:/home/chinchia120/autoware.ai/install/libwaypoint_follower/lib/x86_64-linux-gnu/pkgconfig:/home/chinchia120/autoware.ai/install/libwaypoint_follower/lib/pkgconfig:/home/chinchia120/autoware.ai/install/lanelet2_traffic_rules/lib/x86_64-linux-gnu/pkgconfig:/home/chinchia120/autoware.ai/install/lanelet2_traffic_rules/lib/pkgconfig:/home/chinchia120/autoware.ai/install/lanelet2_maps/lib/x86_64-linux-gnu/pkgconfig:/home/chinchia120/autoware.ai/install/lanelet2_maps/lib/pkgconfig:/home/chinchia120/autoware.ai/install/lanelet2_io/lib/x86_64-linux-gnu/pkgconfig:/home/chinchia120/autoware.ai/install/lanelet2_io/lib/pkgconfig:/home/chinchia120/autoware.ai/install/vector_map/lib/x86_64-linux-gnu/pkgconfig:/home/chinchia120/autoware.ai/install/vector_map/lib/pkgconfig:/home/chinchia120/autoware.ai/install/lanelet2_core/lib/x86_64-linux-gnu/pkgconfig:/home/chinchia120/autoware.ai/install/lanelet2_core/lib/pkgconfig:/home/chinchia120/autoware.ai/install/amathutils_lib/lib/x86_64-linux-gnu/pkgconfig:/home/chinchia120/autoware.ai/install/amathutils_lib/lib/pkgconfig:/home/chinchia120/autoware.ai/install/vector_map_msgs/lib/x86_64-linux-gnu/pkgconfig:/home/chinchia120/autoware.ai/install/vector_map_msgs/lib/pkgconfig:/home/chinchia120/autoware.ai/install/autoware_msgs/lib/x86_64-linux-gnu/pkgconfig:/home/chinchia120/autoware.ai/install/autoware_msgs/lib/pkgconfig:/home/chinchia120/autoware.ai/install/autoware_lanelet2_msgs/lib/x86_64-linux-gnu/pkgconfig:/home/chinchia120/autoware.ai/install/autoware_lanelet2_msgs/lib/pkgconfig:/home/chinchia120/autoware.ai/install/autoware_can_msgs/lib/x86_64-linux-gnu/pkgconfig:/home/chinchia120/autoware.ai/install/autoware_can_msgs/lib/pkgconfig:/home/chinchia120/autoware.ai/install/autoware_build_flags/lib/x86_64-linux-gnu/pkgconfig:/home/chinchia120/autoware.ai/install/autoware_build_flags/lib/pkgconfig:${PKG_CONFIG_PATH} PYTHONPATH=/home/chinchia120/autoware.ai/install/vector_map_server/lib/python2.7/dist-packages:/home/chinchia120/autoware.ai/install/vector_map_msgs/lib/python2.7/dist-packages:/home/chinchia120/autoware.ai/install/autoware_msgs/lib/python2.7/dist-packages:/home/chinchia120/autoware.ai/install/autoware_lanelet2_msgs/lib/python2.7/dist-packages:/home/chinchia120/autoware.ai/install/autoware_can_msgs/lib/python2.7/dist-packages:${PYTHONPATH} ROS_PACKAGE_PATH=/home/chinchia120/autoware.ai/install/op_ros_helpers/share:/home/chinchia120/autoware.ai/install/map_file/share:/home/chinchia120/autoware.ai/install/op_simu/share:/home/chinchia120/autoware.ai/install/lanelet2_extension/share:/home/chinchia120/autoware.ai/install/op_planner/share:/home/chinchia120/autoware.ai/install/lanelet2_validation/share:/home/chinchia120/autoware.ai/install/op_utility/share:/home/chinchia120/autoware.ai/install/lanelet2_routing/share:/home/chinchia120/autoware.ai/install/lanelet2_projection/share:/home/chinchia120/autoware.ai/install/vector_map_server/share:/home/chinchia120/autoware.ai/install/libwaypoint_follower/share:/home/chinchia120/autoware.ai/install/lanelet2_traffic_rules/share:/home/chinchia120/autoware.ai/install/lanelet2_maps/share:/home/chinchia120/autoware.ai/install/lanelet2_io/share:/home/chinchia120/autoware.ai/install/vector_map/share:/home/chinchia120/autoware.ai/install/lanelet2_core/share:/home/chinchia120/autoware.ai/install/amathutils_lib/share:/home/chinchia120/autoware.ai/install/vector_map_msgs/share:/home/chinchia120/autoware.ai/install/autoware_msgs/share:/home/chinchia120/autoware.ai/install/autoware_lanelet2_msgs/share:/home/chinchia120/autoware.ai/install/autoware_can_msgs/share:/home/chinchia120/autoware.ai/install/autoware_build_flags/share:${ROS_PACKAGE_PATH} /usr/bin/cmake --build /home/chinchia120/autoware.ai/build/op_local_planner -- -j4 -l4
[8.887s] [35m[1mScanning dependencies of target op_trajectory_evaluator[0m
[9.110s] [  7%] [32mBuilding CXX object CMakeFiles/op_trajectory_evaluator.dir/nodes/op_trajectory_evaluator/op_trajectory_evaluator.cpp.o[0m
[12.799s] [ 14%] [32mBuilding CXX object CMakeFiles/op_trajectory_evaluator.dir/nodes/op_trajectory_evaluator/op_trajectory_evaluator_core.cpp.o[0m
[31.405s] [ 21%] [32m[1mLinking CXX executable devel/lib/op_local_planner/op_trajectory_evaluator[0m
[32.095s] [ 21%] Built target op_trajectory_evaluator
[32.119s] [35m[1mScanning dependencies of target topic_tools_generate_messages_nodejs[0m
[32.148s] [ 21%] Built target topic_tools_generate_messages_nodejs
[32.170s] [35m[1mScanning dependencies of target topic_tools_generate_messages_eus[0m
[32.197s] [ 21%] Built target topic_tools_generate_messages_eus
[32.221s] [35m[1mScanning dependencies of target topic_tools_generate_messages_cpp[0m
[32.250s] [ 21%] Built target topic_tools_generate_messages_cpp
[32.280s] [35m[1mScanning dependencies of target std_srvs_generate_messages_py[0m
[32.305s] [ 21%] Built target std_srvs_generate_messages_py
[32.330s] [35m[1mScanning dependencies of target std_srvs_generate_messages_nodejs[0m
[32.357s] [ 21%] Built target std_srvs_generate_messages_nodejs
[32.383s] [35m[1mScanning dependencies of target std_srvs_generate_messages_lisp[0m
[32.409s] [ 21%] Built target std_srvs_generate_messages_lisp
[32.443s] [35m[1mScanning dependencies of target bond_generate_messages_nodejs[0m
[32.467s] [ 21%] Built target bond_generate_messages_nodejs
[32.491s] [35m[1mScanning dependencies of target bond_generate_messages_lisp[0m
[32.514s] [ 21%] Built target bond_generate_messages_lisp
[32.543s] [35m[1mScanning dependencies of target bond_generate_messages_eus[0m
[32.575s] [ 21%] Built target bond_generate_messages_eus
[32.605s] [35m[1mScanning dependencies of target bond_generate_messages_cpp[0m
[32.633s] [ 21%] Built target bond_generate_messages_cpp
[32.660s] [35m[1mScanning dependencies of target nodelet_generate_messages_nodejs[0m
[32.685s] [ 21%] Built target nodelet_generate_messages_nodejs
[32.712s] [35m[1mScanning dependencies of target nodelet_generate_messages_eus[0m
[32.744s] [ 21%] Built target nodelet_generate_messages_eus
[32.769s] [35m[1mScanning dependencies of target nodelet_generate_messages_cpp[0m
[32.802s] [ 21%] Built target nodelet_generate_messages_cpp
[32.829s] [35m[1mScanning dependencies of target op_trajectory_generator[0m
[33.008s] [ 28%] [32mBuilding CXX object CMakeFiles/op_trajectory_generator.dir/nodes/op_trajectory_generator/op_trajectory_generator.cpp.o[0m
[35.595s] [ 35%] [32mBuilding CXX object CMakeFiles/op_trajectory_generator.dir/nodes/op_trajectory_generator/op_trajectory_generator_core.cpp.o[0m
[51.712s] [ 42%] [32m[1mLinking CXX executable devel/lib/op_local_planner/op_trajectory_generator[0m
[52.395s] [ 42%] Built target op_trajectory_generator
[52.418s] [35m[1mScanning dependencies of target dynamic_reconfigure_generate_messages_lisp[0m
[52.444s] [ 42%] Built target dynamic_reconfigure_generate_messages_lisp
[52.477s] [35m[1mScanning dependencies of target dynamic_reconfigure_generate_messages_eus[0m
[52.509s] [ 42%] Built target dynamic_reconfigure_generate_messages_eus
[52.533s] [35m[1mScanning dependencies of target pcl_ros_gencfg[0m
[52.563s] [ 42%] Built target pcl_ros_gencfg
[52.597s] [35m[1mScanning dependencies of target vector_map_server_generate_messages_nodejs[0m
[52.635s] [ 42%] Built target vector_map_server_generate_messages_nodejs
[52.663s] [35m[1mScanning dependencies of target vector_map_msgs_generate_messages_py[0m
[52.688s] [ 42%] Built target vector_map_msgs_generate_messages_py
[52.714s] [35m[1mScanning dependencies of target bond_generate_messages_py[0m
[52.741s] [ 42%] Built target bond_generate_messages_py
[52.770s] [35m[1mScanning dependencies of target vector_map_msgs_generate_messages_nodejs[0m
[52.796s] [ 42%] Built target vector_map_msgs_generate_messages_nodejs
[52.823s] [35m[1mScanning dependencies of target vector_map_msgs_generate_messages_lisp[0m
[52.852s] [ 42%] Built target vector_map_msgs_generate_messages_lisp
[52.878s] [35m[1mScanning dependencies of target vector_map_msgs_generate_messages_eus[0m
[52.914s] [ 42%] Built target vector_map_msgs_generate_messages_eus
[52.943s] [35m[1mScanning dependencies of target op_behavior_selector[0m
[53.124s] [ 50%] [32mBuilding CXX object CMakeFiles/op_behavior_selector.dir/nodes/op_behavior_selector/op_behavior_selector.cpp.o[0m
[56.230s] [ 57%] [32mBuilding CXX object CMakeFiles/op_behavior_selector.dir/nodes/op_behavior_selector/op_behavior_selector_core.cpp.o[0m
[83.373s] [ 64%] [32m[1mLinking CXX executable devel/lib/op_local_planner/op_behavior_selector[0m
[84.056s] [ 64%] Built target op_behavior_selector
[84.080s] [35m[1mScanning dependencies of target vector_map_msgs_generate_messages_cpp[0m
[84.106s] [ 64%] Built target vector_map_msgs_generate_messages_cpp
[84.135s] [35m[1mScanning dependencies of target visualization_msgs_generate_messages_py[0m
[84.158s] [ 64%] Built target visualization_msgs_generate_messages_py
[84.182s] [35m[1mScanning dependencies of target visualization_msgs_generate_messages_nodejs[0m
[84.211s] [ 64%] Built target visualization_msgs_generate_messages_nodejs
[84.238s] [35m[1mScanning dependencies of target geometry_msgs_generate_messages_py[0m
[84.287s] [ 64%] Built target geometry_msgs_generate_messages_py
[84.315s] [35m[1mScanning dependencies of target sensor_msgs_generate_messages_nodejs[0m
[84.343s] [ 64%] Built target sensor_msgs_generate_messages_nodejs
[84.366s] [35m[1mScanning dependencies of target vector_map_server_generate_messages_eus[0m
[84.392s] [ 64%] Built target vector_map_server_generate_messages_eus
[84.416s] [35m[1mScanning dependencies of target roscpp_generate_messages_cpp[0m
[84.442s] [ 64%] Built target roscpp_generate_messages_cpp
[84.466s] [35m[1mScanning dependencies of target actionlib_generate_messages_cpp[0m
[84.494s] [ 64%] Built target actionlib_generate_messages_cpp
[84.517s] [35m[1mScanning dependencies of target pcl_msgs_generate_messages_eus[0m
[84.541s] [ 64%] Built target pcl_msgs_generate_messages_eus
[84.567s] [35m[1mScanning dependencies of target rosgraph_msgs_generate_messages_eus[0m
[84.596s] [ 64%] Built target rosgraph_msgs_generate_messages_eus
[84.621s] [35m[1mScanning dependencies of target jsk_recognition_msgs_generate_messages_lisp[0m
[84.649s] [ 64%] Built target jsk_recognition_msgs_generate_messages_lisp
[84.675s] [35m[1mScanning dependencies of target jsk_recognition_msgs_generate_messages_eus[0m
[84.699s] [ 64%] Built target jsk_recognition_msgs_generate_messages_eus
[84.725s] [35m[1mScanning dependencies of target tf2_msgs_generate_messages_cpp[0m
[84.749s] [ 64%] Built target tf2_msgs_generate_messages_cpp
[84.772s] [35m[1mScanning dependencies of target pcl_msgs_generate_messages_cpp[0m
[84.809s] [ 64%] Built target pcl_msgs_generate_messages_cpp
[84.837s] [35m[1mScanning dependencies of target sensor_msgs_generate_messages_lisp[0m
[84.867s] [ 64%] Built target sensor_msgs_generate_messages_lisp
[84.891s] [35m[1mScanning dependencies of target std_srvs_generate_messages_cpp[0m
[84.920s] [ 64%] Built target std_srvs_generate_messages_cpp
[84.944s] [35m[1mScanning dependencies of target topic_tools_generate_messages_lisp[0m
[84.975s] [ 64%] Built target topic_tools_generate_messages_lisp
[85.003s] [35m[1mScanning dependencies of target jsk_recognition_msgs_generate_messages_cpp[0m
[85.026s] [ 64%] Built target jsk_recognition_msgs_generate_messages_cpp
[85.053s] [35m[1mScanning dependencies of target geometry_msgs_generate_messages_lisp[0m
[85.085s] [ 64%] Built target geometry_msgs_generate_messages_lisp
[85.110s] [35m[1mScanning dependencies of target geometry_msgs_generate_messages_eus[0m
[85.135s] [ 64%] Built target geometry_msgs_generate_messages_eus
[85.159s] [35m[1mScanning dependencies of target autoware_can_msgs_generate_messages_cpp[0m
[85.184s] [ 64%] Built target autoware_can_msgs_generate_messages_cpp
[85.213s] [35m[1mScanning dependencies of target dynamic_reconfigure_generate_messages_py[0m
[85.247s] [ 64%] Built target dynamic_reconfigure_generate_messages_py
[85.274s] [35m[1mScanning dependencies of target autoware_can_msgs_generate_messages_lisp[0m
[85.305s] [ 64%] Built target autoware_can_msgs_generate_messages_lisp
[85.329s] [35m[1mScanning dependencies of target autoware_can_msgs_generate_messages_nodejs[0m
[85.358s] [ 64%] Built target autoware_can_msgs_generate_messages_nodejs
[85.388s] [35m[1mScanning dependencies of target pcl_msgs_generate_messages_nodejs[0m
[85.413s] [ 64%] Built target pcl_msgs_generate_messages_nodejs
[85.439s] [35m[1mScanning dependencies of target jsk_recognition_msgs_generate_messages_py[0m
[85.463s] [ 64%] Built target jsk_recognition_msgs_generate_messages_py
[85.493s] [35m[1mScanning dependencies of target nodelet_generate_messages_py[0m
[85.520s] [ 64%] Built target nodelet_generate_messages_py
[85.547s] [35m[1mScanning dependencies of target sensor_msgs_generate_messages_py[0m
[85.572s] [ 64%] Built target sensor_msgs_generate_messages_py
[85.597s] [35m[1mScanning dependencies of target dynamic_reconfigure_generate_messages_cpp[0m
[85.625s] [ 64%] Built target dynamic_reconfigure_generate_messages_cpp
[85.662s] [35m[1mScanning dependencies of target tf_generate_messages_py[0m
[85.689s] [ 64%] Built target tf_generate_messages_py
[85.724s] [35m[1mScanning dependencies of target topic_tools_generate_messages_py[0m
[85.760s] [ 64%] Built target topic_tools_generate_messages_py
[85.795s] [35m[1mScanning dependencies of target nodelet_topic_tools_gencfg[0m
[85.825s] [ 64%] Built target nodelet_topic_tools_gencfg
[85.854s] [35m[1mScanning dependencies of target actionlib_msgs_generate_messages_nodejs[0m
[85.889s] [ 64%] Built target actionlib_msgs_generate_messages_nodejs
[85.923s] [35m[1mScanning dependencies of target std_msgs_generate_messages_cpp[0m
[85.955s] [ 64%] Built target std_msgs_generate_messages_cpp
[85.979s] [35m[1mScanning dependencies of target jsk_footstep_msgs_generate_messages_py[0m
[86.006s] [ 64%] Built target jsk_footstep_msgs_generate_messages_py
[86.042s] [35m[1mScanning dependencies of target visualization_msgs_generate_messages_lisp[0m
[86.076s] [ 64%] Built target visualization_msgs_generate_messages_lisp
[86.104s] [35m[1mScanning dependencies of target std_msgs_generate_messages_eus[0m
[86.135s] [ 64%] Built target std_msgs_generate_messages_eus
[86.169s] [35m[1mScanning dependencies of target geometry_msgs_generate_messages_nodejs[0m
[86.208s] [ 64%] Built target geometry_msgs_generate_messages_nodejs
[86.246s] [35m[1mScanning dependencies of target dynamic_reconfigure_generate_messages_nodejs[0m
[86.283s] [ 64%] Built target dynamic_reconfigure_generate_messages_nodejs
[86.317s] [35m[1mScanning dependencies of target autoware_can_msgs_generate_messages_py[0m
[86.351s] [ 64%] Built target autoware_can_msgs_generate_messages_py
[86.386s] [35m[1mScanning dependencies of target sensor_msgs_generate_messages_eus[0m
[86.415s] [ 64%] Built target sensor_msgs_generate_messages_eus
[86.444s] [35m[1mScanning dependencies of target sensor_msgs_generate_messages_cpp[0m
[86.476s] [ 64%] Built target sensor_msgs_generate_messages_cpp
[86.503s] [35m[1mScanning dependencies of target roscpp_generate_messages_nodejs[0m
[86.537s] [ 64%] Built target roscpp_generate_messages_nodejs
[86.569s] [35m[1mScanning dependencies of target std_msgs_generate_messages_lisp[0m
[86.612s] [ 64%] Built target std_msgs_generate_messages_lisp
[86.643s] [35m[1mScanning dependencies of target std_msgs_generate_messages_nodejs[0m
[86.673s] [ 64%] Built target std_msgs_generate_messages_nodejs
[86.700s] [35m[1mScanning dependencies of target std_msgs_generate_messages_py[0m
[86.737s] [ 64%] Built target std_msgs_generate_messages_py
[86.771s] [35m[1mScanning dependencies of target nodelet_generate_messages_lisp[0m
[86.805s] [ 64%] Built target nodelet_generate_messages_lisp
[86.838s] [35m[1mScanning dependencies of target autoware_msgs_generate_messages_py[0m
[86.865s] [ 64%] Built target autoware_msgs_generate_messages_py
[86.902s] [35m[1mScanning dependencies of target jsk_footstep_msgs_generate_messages_eus[0m
[86.939s] [ 64%] Built target jsk_footstep_msgs_generate_messages_eus
[86.974s] [35m[1mScanning dependencies of target actionlib_msgs_generate_messages_py[0m
[87.016s] [ 64%] Built target actionlib_msgs_generate_messages_py
[87.046s] [35m[1mScanning dependencies of target vector_map_server_generate_messages_lisp[0m
[87.072s] [ 64%] Built target vector_map_server_generate_messages_lisp
[87.097s] [35m[1mScanning dependencies of target jsk_footstep_msgs_generate_messages_lisp[0m
[87.132s] [ 64%] Built target jsk_footstep_msgs_generate_messages_lisp
[87.168s] [35m[1mScanning dependencies of target jsk_footstep_msgs_generate_messages_nodejs[0m
[87.196s] [ 64%] Built target jsk_footstep_msgs_generate_messages_nodejs
[87.235s] [35m[1mScanning dependencies of target autoware_msgs_generate_messages_lisp[0m
[87.266s] [ 64%] Built target autoware_msgs_generate_messages_lisp
[87.304s] [35m[1mScanning dependencies of target actionlib_msgs_generate_messages_lisp[0m
[87.333s] [ 64%] Built target actionlib_msgs_generate_messages_lisp
[87.366s] [35m[1mScanning dependencies of target autoware_msgs_generate_messages_cpp[0m
[87.406s] [ 64%] Built target autoware_msgs_generate_messages_cpp
[87.441s] [35m[1mScanning dependencies of target rosgraph_msgs_generate_messages_cpp[0m
[87.477s] [ 64%] Built target rosgraph_msgs_generate_messages_cpp
[87.513s] [35m[1mScanning dependencies of target autoware_msgs_generate_messages_eus[0m
[87.550s] [ 64%] Built target autoware_msgs_generate_messages_eus
[87.576s] [35m[1mScanning dependencies of target autoware_msgs_generate_messages_nodejs[0m
[87.609s] [ 64%] Built target autoware_msgs_generate_messages_nodejs
[87.637s] [35m[1mScanning dependencies of target actionlib_generate_messages_nodejs[0m
[87.672s] [ 64%] Built target actionlib_generate_messages_nodejs
[87.709s] [35m[1mScanning dependencies of target pcl_msgs_generate_messages_lisp[0m
[87.737s] [ 64%] Built target pcl_msgs_generate_messages_lisp
[87.771s] [35m[1mScanning dependencies of target tf_generate_messages_cpp[0m
[87.812s] [ 64%] Built target tf_generate_messages_cpp
[87.849s] [35m[1mScanning dependencies of target jsk_footstep_msgs_generate_messages_cpp[0m
[87.881s] [ 64%] Built target jsk_footstep_msgs_generate_messages_cpp
[87.919s] [35m[1mScanning dependencies of target actionlib_msgs_generate_messages_cpp[0m
[87.950s] [ 64%] Built target actionlib_msgs_generate_messages_cpp
[87.980s] [35m[1mScanning dependencies of target tf_generate_messages_eus[0m
[88.013s] [ 64%] Built target tf_generate_messages_eus
[88.046s] [35m[1mScanning dependencies of target tf_generate_messages_lisp[0m
[88.078s] [ 64%] Built target tf_generate_messages_lisp
[88.108s] [35m[1mScanning dependencies of target tf_generate_messages_nodejs[0m
[88.138s] [ 64%] Built target tf_generate_messages_nodejs
[88.174s] [35m[1mScanning dependencies of target std_srvs_generate_messages_eus[0m
[88.213s] [ 64%] Built target std_srvs_generate_messages_eus
[88.245s] [35m[1mScanning dependencies of target jsk_recognition_msgs_generate_messages_nodejs[0m
[88.272s] [ 64%] Built target jsk_recognition_msgs_generate_messages_nodejs
[88.298s] [35m[1mScanning dependencies of target roscpp_generate_messages_lisp[0m
[88.329s] [ 64%] Built target roscpp_generate_messages_lisp
[88.361s] [35m[1mScanning dependencies of target roscpp_generate_messages_py[0m
[88.402s] [ 64%] Built target roscpp_generate_messages_py
[88.441s] [35m[1mScanning dependencies of target rosgraph_msgs_generate_messages_lisp[0m
[88.468s] [ 64%] Built target rosgraph_msgs_generate_messages_lisp
[88.497s] [35m[1mScanning dependencies of target rosgraph_msgs_generate_messages_nodejs[0m
[88.533s] [ 64%] Built target rosgraph_msgs_generate_messages_nodejs
[88.559s] [35m[1mScanning dependencies of target vector_map_server_generate_messages_py[0m
[88.596s] [ 64%] Built target vector_map_server_generate_messages_py
[88.631s] [35m[1mScanning dependencies of target roscpp_generate_messages_eus[0m
[88.668s] [ 64%] Built target roscpp_generate_messages_eus
[88.706s] [35m[1mScanning dependencies of target autoware_can_msgs_generate_messages_eus[0m
[88.739s] [ 64%] Built target autoware_can_msgs_generate_messages_eus
[88.773s] [35m[1mScanning dependencies of target actionlib_msgs_generate_messages_eus[0m
[88.812s] [ 64%] Built target actionlib_msgs_generate_messages_eus
[88.841s] [35m[1mScanning dependencies of target rosgraph_msgs_generate_messages_py[0m
[88.872s] [ 64%] Built target rosgraph_msgs_generate_messages_py
[88.908s] [35m[1mScanning dependencies of target pcl_msgs_generate_messages_py[0m
[88.941s] [ 64%] Built target pcl_msgs_generate_messages_py
[88.972s] [35m[1mScanning dependencies of target actionlib_generate_messages_eus[0m
[89.017s] [ 64%] Built target actionlib_generate_messages_eus
[89.053s] [35m[1mScanning dependencies of target geometry_msgs_generate_messages_cpp[0m
[89.085s] [ 64%] Built target geometry_msgs_generate_messages_cpp
[89.125s] [35m[1mScanning dependencies of target actionlib_generate_messages_lisp[0m
[89.155s] [ 64%] Built target actionlib_generate_messages_lisp
[89.184s] [35m[1mScanning dependencies of target dynamic_reconfigure_gencfg[0m
[89.213s] [ 64%] Built target dynamic_reconfigure_gencfg
[89.246s] [35m[1mScanning dependencies of target tf2_msgs_generate_messages_lisp[0m
[89.275s] [ 64%] Built target tf2_msgs_generate_messages_lisp
[89.304s] [35m[1mScanning dependencies of target actionlib_generate_messages_py[0m
[89.347s] [ 64%] Built target actionlib_generate_messages_py
[89.378s] [35m[1mScanning dependencies of target tf2_msgs_generate_messages_py[0m
[89.412s] [ 64%] Built target tf2_msgs_generate_messages_py
[89.448s] [35m[1mScanning dependencies of target tf2_msgs_generate_messages_nodejs[0m
[89.480s] [ 64%] Built target tf2_msgs_generate_messages_nodejs
[89.515s] [35m[1mScanning dependencies of target tf2_msgs_generate_messages_eus[0m
[89.543s] [ 64%] Built target tf2_msgs_generate_messages_eus
[89.581s] [35m[1mScanning dependencies of target visualization_msgs_generate_messages_cpp[0m
[89.621s] [ 64%] Built target visualization_msgs_generate_messages_cpp
[89.649s] [35m[1mScanning dependencies of target vector_map_server_generate_messages_cpp[0m
[89.681s] [ 64%] Built target vector_map_server_generate_messages_cpp
[89.714s] [35m[1mScanning dependencies of target visualization_msgs_generate_messages_eus[0m
[89.755s] [ 64%] Built target visualization_msgs_generate_messages_eus
[89.783s] [35m[1mScanning dependencies of target op_motion_predictor[0m
[90.019s] [ 71%] [32mBuilding CXX object CMakeFiles/op_motion_predictor.dir/nodes/op_motion_predictor/op_motion_predictor.cpp.o[0m
[90.033s] [ 78%] [32mBuilding CXX object CMakeFiles/op_motion_predictor.dir/nodes/op_motion_predictor/op_motion_predictor_core.cpp.o[0m
[111.357s] [ 85%] [32m[1mLinking CXX executable devel/lib/op_local_planner/op_motion_predictor[0m
[111.957s] [ 85%] Built target op_motion_predictor
[111.978s] [35m[1mScanning dependencies of target op_common_params[0m
[112.028s] [ 92%] [32mBuilding CXX object CMakeFiles/op_common_params.dir/nodes/op_common_params/op_common_params.cpp.o[0m
[114.397s] [100%] [32m[1mLinking CXX executable devel/lib/op_local_planner/op_common_params[0m
[115.147s] [100%] Built target op_common_params
[115.175s] Invoked command in '/home/chinchia120/autoware.ai/build/op_local_planner' returned '0': CMAKE_PREFIX_PATH=/home/chinchia120/autoware.ai/install/op_ros_helpers:/home/chinchia120/autoware.ai/install/map_file:/home/chinchia120/autoware.ai/install/op_simu:/home/chinchia120/autoware.ai/install/lanelet2_extension:/home/chinchia120/autoware.ai/install/op_planner:/home/chinchia120/autoware.ai/install/lanelet2_validation:/home/chinchia120/autoware.ai/install/op_utility:/home/chinchia120/autoware.ai/install/lanelet2_routing:/home/chinchia120/autoware.ai/install/lanelet2_projection:/home/chinchia120/autoware.ai/install/vector_map_server:/home/chinchia120/autoware.ai/install/libwaypoint_follower:/home/chinchia120/autoware.ai/install/lanelet2_traffic_rules:/home/chinchia120/autoware.ai/install/lanelet2_maps:/home/chinchia120/autoware.ai/install/lanelet2_io:/home/chinchia120/autoware.ai/install/vector_map:/home/chinchia120/autoware.ai/install/lanelet2_core:/home/chinchia120/autoware.ai/install/amathutils_lib:/home/chinchia120/autoware.ai/install/vector_map_msgs:/home/chinchia120/autoware.ai/install/autoware_msgs:/home/chinchia120/autoware.ai/install/autoware_lanelet2_msgs:/home/chinchia120/autoware.ai/install/autoware_can_msgs:/home/chinchia120/autoware.ai/install/autoware_build_flags:${CMAKE_PREFIX_PATH} LD_LIBRARY_PATH=/home/chinchia120/autoware.ai/install/op_ros_helpers/lib:/home/chinchia120/autoware.ai/install/map_file/lib:/home/chinchia120/autoware.ai/install/op_simu/lib:/home/chinchia120/autoware.ai/install/lanelet2_extension/lib:/home/chinchia120/autoware.ai/install/op_planner/lib:/home/chinchia120/autoware.ai/install/lanelet2_validation/lib:/home/chinchia120/autoware.ai/install/op_utility/lib:/home/chinchia120/autoware.ai/install/lanelet2_routing/lib:/home/chinchia120/autoware.ai/install/lanelet2_projection/lib:/home/chinchia120/autoware.ai/install/libwaypoint_follower/lib:/home/chinchia120/autoware.ai/install/lanelet2_traffic_rules/lib:/home/chinchia120/autoware.ai/install/lanelet2_io/lib:/home/chinchia120/autoware.ai/install/vector_map/lib:/home/chinchia120/autoware.ai/install/lanelet2_core/lib:/home/chinchia120/autoware.ai/install/amathutils_lib/lib:${LD_LIBRARY_PATH} PKG_CONFIG_PATH=/home/chinchia120/autoware.ai/install/op_ros_helpers/lib/x86_64-linux-gnu/pkgconfig:/home/chinchia120/autoware.ai/install/op_ros_helpers/lib/pkgconfig:/home/chinchia120/autoware.ai/install/map_file/lib/x86_64-linux-gnu/pkgconfig:/home/chinchia120/autoware.ai/install/map_file/lib/pkgconfig:/home/chinchia120/autoware.ai/install/op_simu/lib/x86_64-linux-gnu/pkgconfig:/home/chinchia120/autoware.ai/install/op_simu/lib/pkgconfig:/home/chinchia120/autoware.ai/install/lanelet2_extension/lib/x86_64-linux-gnu/pkgconfig:/home/chinchia120/autoware.ai/install/lanelet2_extension/lib/pkgconfig:/home/chinchia120/autoware.ai/install/op_planner/lib/x86_64-linux-gnu/pkgconfig:/home/chinchia120/autoware.ai/install/op_planner/lib/pkgconfig:/home/chinchia120/autoware.ai/install/lanelet2_validation/lib/x86_64-linux-gnu/pkgconfig:/home/chinchia120/autoware.ai/install/lanelet2_validation/lib/pkgconfig:/home/chinchia120/autoware.ai/install/op_utility/lib/x86_64-linux-gnu/pkgconfig:/home/chinchia120/autoware.ai/install/op_utility/lib/pkgconfig:/home/chinchia120/autoware.ai/install/lanelet2_routing/lib/x86_64-linux-gnu/pkgconfig:/home/chinchia120/autoware.ai/install/lanelet2_routing/lib/pkgconfig:/home/chinchia120/autoware.ai/install/lanelet2_projection/lib/x86_64-linux-gnu/pkgconfig:/home/chinchia120/autoware.ai/install/lanelet2_projection/lib/pkgconfig:/home/chinchia120/autoware.ai/install/vector_map_server/lib/x86_64-linux-gnu/pkgconfig:/home/chinchia120/autoware.ai/install/vector_map_server/lib/pkgconfig:/home/chinchia120/autoware.ai/install/libwaypoint_follower/lib/x86_64-linux-gnu/pkgconfig:/home/chinchia120/autoware.ai/install/libwaypoint_follower/lib/pkgconfig:/home/chinchia120/autoware.ai/install/lanelet2_traffic_rules/lib/x86_64-linux-gnu/pkgconfig:/home/chinchia120/autoware.ai/install/lanelet2_traffic_rules/lib/pkgconfig:/home/chinchia120/autoware.ai/install/lanelet2_maps/lib/x86_64-linux-gnu/pkgconfig:/home/chinchia120/autoware.ai/install/lanelet2_maps/lib/pkgconfig:/home/chinchia120/autoware.ai/install/lanelet2_io/lib/x86_64-linux-gnu/pkgconfig:/home/chinchia120/autoware.ai/install/lanelet2_io/lib/pkgconfig:/home/chinchia120/autoware.ai/install/vector_map/lib/x86_64-linux-gnu/pkgconfig:/home/chinchia120/autoware.ai/install/vector_map/lib/pkgconfig:/home/chinchia120/autoware.ai/install/lanelet2_core/lib/x86_64-linux-gnu/pkgconfig:/home/chinchia120/autoware.ai/install/lanelet2_core/lib/pkgconfig:/home/chinchia120/autoware.ai/install/amathutils_lib/lib/x86_64-linux-gnu/pkgconfig:/home/chinchia120/autoware.ai/install/amathutils_lib/lib/pkgconfig:/home/chinchia120/autoware.ai/install/vector_map_msgs/lib/x86_64-linux-gnu/pkgconfig:/home/chinchia120/autoware.ai/install/vector_map_msgs/lib/pkgconfig:/home/chinchia120/autoware.ai/install/autoware_msgs/lib/x86_64-linux-gnu/pkgconfig:/home/chinchia120/autoware.ai/install/autoware_msgs/lib/pkgconfig:/home/chinchia120/autoware.ai/install/autoware_lanelet2_msgs/lib/x86_64-linux-gnu/pkgconfig:/home/chinchia120/autoware.ai/install/autoware_lanelet2_msgs/lib/pkgconfig:/home/chinchia120/autoware.ai/install/autoware_can_msgs/lib/x86_64-linux-gnu/pkgconfig:/home/chinchia120/autoware.ai/install/autoware_can_msgs/lib/pkgconfig:/home/chinchia120/autoware.ai/install/autoware_build_flags/lib/x86_64-linux-gnu/pkgconfig:/home/chinchia120/autoware.ai/install/autoware_build_flags/lib/pkgconfig:${PKG_CONFIG_PATH} PYTHONPATH=/home/chinchia120/autoware.ai/install/vector_map_server/lib/python2.7/dist-packages:/home/chinchia120/autoware.ai/install/vector_map_msgs/lib/python2.7/dist-packages:/home/chinchia120/autoware.ai/install/autoware_msgs/lib/python2.7/dist-packages:/home/chinchia120/autoware.ai/install/autoware_lanelet2_msgs/lib/python2.7/dist-packages:/home/chinchia120/autoware.ai/install/autoware_can_msgs/lib/python2.7/dist-packages:${PYTHONPATH} ROS_PACKAGE_PATH=/home/chinchia120/autoware.ai/install/op_ros_helpers/share:/home/chinchia120/autoware.ai/install/map_file/share:/home/chinchia120/autoware.ai/install/op_simu/share:/home/chinchia120/autoware.ai/install/lanelet2_extension/share:/home/chinchia120/autoware.ai/install/op_planner/share:/home/chinchia120/autoware.ai/install/lanelet2_validation/share:/home/chinchia120/autoware.ai/install/op_utility/share:/home/chinchia120/autoware.ai/install/lanelet2_routing/share:/home/chinchia120/autoware.ai/install/lanelet2_projection/share:/home/chinchia120/autoware.ai/install/vector_map_server/share:/home/chinchia120/autoware.ai/install/libwaypoint_follower/share:/home/chinchia120/autoware.ai/install/lanelet2_traffic_rules/share:/home/chinchia120/autoware.ai/install/lanelet2_maps/share:/home/chinchia120/autoware.ai/install/lanelet2_io/share:/home/chinchia120/autoware.ai/install/vector_map/share:/home/chinchia120/autoware.ai/install/lanelet2_core/share:/home/chinchia120/autoware.ai/install/amathutils_lib/share:/home/chinchia120/autoware.ai/install/vector_map_msgs/share:/home/chinchia120/autoware.ai/install/autoware_msgs/share:/home/chinchia120/autoware.ai/install/autoware_lanelet2_msgs/share:/home/chinchia120/autoware.ai/install/autoware_can_msgs/share:/home/chinchia120/autoware.ai/install/autoware_build_flags/share:${ROS_PACKAGE_PATH} /usr/bin/cmake --build /home/chinchia120/autoware.ai/build/op_local_planner -- -j4 -l4
[116.011s] Invoking command in '/home/chinchia120/autoware.ai/build/op_local_planner': CMAKE_PREFIX_PATH=/home/chinchia120/autoware.ai/install/op_ros_helpers:/home/chinchia120/autoware.ai/install/map_file:/home/chinchia120/autoware.ai/install/op_simu:/home/chinchia120/autoware.ai/install/lanelet2_extension:/home/chinchia120/autoware.ai/install/op_planner:/home/chinchia120/autoware.ai/install/lanelet2_validation:/home/chinchia120/autoware.ai/install/op_utility:/home/chinchia120/autoware.ai/install/lanelet2_routing:/home/chinchia120/autoware.ai/install/lanelet2_projection:/home/chinchia120/autoware.ai/install/vector_map_server:/home/chinchia120/autoware.ai/install/libwaypoint_follower:/home/chinchia120/autoware.ai/install/lanelet2_traffic_rules:/home/chinchia120/autoware.ai/install/lanelet2_maps:/home/chinchia120/autoware.ai/install/lanelet2_io:/home/chinchia120/autoware.ai/install/vector_map:/home/chinchia120/autoware.ai/install/lanelet2_core:/home/chinchia120/autoware.ai/install/amathutils_lib:/home/chinchia120/autoware.ai/install/vector_map_msgs:/home/chinchia120/autoware.ai/install/autoware_msgs:/home/chinchia120/autoware.ai/install/autoware_lanelet2_msgs:/home/chinchia120/autoware.ai/install/autoware_can_msgs:/home/chinchia120/autoware.ai/install/autoware_build_flags:${CMAKE_PREFIX_PATH} LD_LIBRARY_PATH=/home/chinchia120/autoware.ai/install/op_ros_helpers/lib:/home/chinchia120/autoware.ai/install/map_file/lib:/home/chinchia120/autoware.ai/install/op_simu/lib:/home/chinchia120/autoware.ai/install/lanelet2_extension/lib:/home/chinchia120/autoware.ai/install/op_planner/lib:/home/chinchia120/autoware.ai/install/lanelet2_validation/lib:/home/chinchia120/autoware.ai/install/op_utility/lib:/home/chinchia120/autoware.ai/install/lanelet2_routing/lib:/home/chinchia120/autoware.ai/install/lanelet2_projection/lib:/home/chinchia120/autoware.ai/install/libwaypoint_follower/lib:/home/chinchia120/autoware.ai/install/lanelet2_traffic_rules/lib:/home/chinchia120/autoware.ai/install/lanelet2_io/lib:/home/chinchia120/autoware.ai/install/vector_map/lib:/home/chinchia120/autoware.ai/install/lanelet2_core/lib:/home/chinchia120/autoware.ai/install/amathutils_lib/lib:${LD_LIBRARY_PATH} PKG_CONFIG_PATH=/home/chinchia120/autoware.ai/install/op_ros_helpers/lib/x86_64-linux-gnu/pkgconfig:/home/chinchia120/autoware.ai/install/op_ros_helpers/lib/pkgconfig:/home/chinchia120/autoware.ai/install/map_file/lib/x86_64-linux-gnu/pkgconfig:/home/chinchia120/autoware.ai/install/map_file/lib/pkgconfig:/home/chinchia120/autoware.ai/install/op_simu/lib/x86_64-linux-gnu/pkgconfig:/home/chinchia120/autoware.ai/install/op_simu/lib/pkgconfig:/home/chinchia120/autoware.ai/install/lanelet2_extension/lib/x86_64-linux-gnu/pkgconfig:/home/chinchia120/autoware.ai/install/lanelet2_extension/lib/pkgconfig:/home/chinchia120/autoware.ai/install/op_planner/lib/x86_64-linux-gnu/pkgconfig:/home/chinchia120/autoware.ai/install/op_planner/lib/pkgconfig:/home/chinchia120/autoware.ai/install/lanelet2_validation/lib/x86_64-linux-gnu/pkgconfig:/home/chinchia120/autoware.ai/install/lanelet2_validation/lib/pkgconfig:/home/chinchia120/autoware.ai/install/op_utility/lib/x86_64-linux-gnu/pkgconfig:/home/chinchia120/autoware.ai/install/op_utility/lib/pkgconfig:/home/chinchia120/autoware.ai/install/lanelet2_routing/lib/x86_64-linux-gnu/pkgconfig:/home/chinchia120/autoware.ai/install/lanelet2_routing/lib/pkgconfig:/home/chinchia120/autoware.ai/install/lanelet2_projection/lib/x86_64-linux-gnu/pkgconfig:/home/chinchia120/autoware.ai/install/lanelet2_projection/lib/pkgconfig:/home/chinchia120/autoware.ai/install/vector_map_server/lib/x86_64-linux-gnu/pkgconfig:/home/chinchia120/autoware.ai/install/vector_map_server/lib/pkgconfig:/home/chinchia120/autoware.ai/install/libwaypoint_follower/lib/x86_64-linux-gnu/pkgconfig:/home/chinchia120/autoware.ai/install/libwaypoint_follower/lib/pkgconfig:/home/chinchia120/autoware.ai/install/lanelet2_traffic_rules/lib/x86_64-linux-gnu/pkgconfig:/home/chinchia120/autoware.ai/install/lanelet2_traffic_rules/lib/pkgconfig:/home/chinchia120/autoware.ai/install/lanelet2_maps/lib/x86_64-linux-gnu/pkgconfig:/home/chinchia120/autoware.ai/install/lanelet2_maps/lib/pkgconfig:/home/chinchia120/autoware.ai/install/lanelet2_io/lib/x86_64-linux-gnu/pkgconfig:/home/chinchia120/autoware.ai/install/lanelet2_io/lib/pkgconfig:/home/chinchia120/autoware.ai/install/vector_map/lib/x86_64-linux-gnu/pkgconfig:/home/chinchia120/autoware.ai/install/vector_map/lib/pkgconfig:/home/chinchia120/autoware.ai/install/lanelet2_core/lib/x86_64-linux-gnu/pkgconfig:/home/chinchia120/autoware.ai/install/lanelet2_core/lib/pkgconfig:/home/chinchia120/autoware.ai/install/amathutils_lib/lib/x86_64-linux-gnu/pkgconfig:/home/chinchia120/autoware.ai/install/amathutils_lib/lib/pkgconfig:/home/chinchia120/autoware.ai/install/vector_map_msgs/lib/x86_64-linux-gnu/pkgconfig:/home/chinchia120/autoware.ai/install/vector_map_msgs/lib/pkgconfig:/home/chinchia120/autoware.ai/install/autoware_msgs/lib/x86_64-linux-gnu/pkgconfig:/home/chinchia120/autoware.ai/install/autoware_msgs/lib/pkgconfig:/home/chinchia120/autoware.ai/install/autoware_lanelet2_msgs/lib/x86_64-linux-gnu/pkgconfig:/home/chinchia120/autoware.ai/install/autoware_lanelet2_msgs/lib/pkgconfig:/home/chinchia120/autoware.ai/install/autoware_can_msgs/lib/x86_64-linux-gnu/pkgconfig:/home/chinchia120/autoware.ai/install/autoware_can_msgs/lib/pkgconfig:/home/chinchia120/autoware.ai/install/autoware_build_flags/lib/x86_64-linux-gnu/pkgconfig:/home/chinchia120/autoware.ai/install/autoware_build_flags/lib/pkgconfig:${PKG_CONFIG_PATH} PYTHONPATH=/home/chinchia120/autoware.ai/install/vector_map_server/lib/python2.7/dist-packages:/home/chinchia120/autoware.ai/install/vector_map_msgs/lib/python2.7/dist-packages:/home/chinchia120/autoware.ai/install/autoware_msgs/lib/python2.7/dist-packages:/home/chinchia120/autoware.ai/install/autoware_lanelet2_msgs/lib/python2.7/dist-packages:/home/chinchia120/autoware.ai/install/autoware_can_msgs/lib/python2.7/dist-packages:${PYTHONPATH} ROS_PACKAGE_PATH=/home/chinchia120/autoware.ai/install/op_ros_helpers/share:/home/chinchia120/autoware.ai/install/map_file/share:/home/chinchia120/autoware.ai/install/op_simu/share:/home/chinchia120/autoware.ai/install/lanelet2_extension/share:/home/chinchia120/autoware.ai/install/op_planner/share:/home/chinchia120/autoware.ai/install/lanelet2_validation/share:/home/chinchia120/autoware.ai/install/op_utility/share:/home/chinchia120/autoware.ai/install/lanelet2_routing/share:/home/chinchia120/autoware.ai/install/lanelet2_projection/share:/home/chinchia120/autoware.ai/install/vector_map_server/share:/home/chinchia120/autoware.ai/install/libwaypoint_follower/share:/home/chinchia120/autoware.ai/install/lanelet2_traffic_rules/share:/home/chinchia120/autoware.ai/install/lanelet2_maps/share:/home/chinchia120/autoware.ai/install/lanelet2_io/share:/home/chinchia120/autoware.ai/install/vector_map/share:/home/chinchia120/autoware.ai/install/lanelet2_core/share:/home/chinchia120/autoware.ai/install/amathutils_lib/share:/home/chinchia120/autoware.ai/install/vector_map_msgs/share:/home/chinchia120/autoware.ai/install/autoware_msgs/share:/home/chinchia120/autoware.ai/install/autoware_lanelet2_msgs/share:/home/chinchia120/autoware.ai/install/autoware_can_msgs/share:/home/chinchia120/autoware.ai/install/autoware_build_flags/share:${ROS_PACKAGE_PATH} /usr/bin/cmake --build /home/chinchia120/autoware.ai/build/op_local_planner --target tests -- -j4 -l4
[116.237s] [35m[1mScanning dependencies of target tests[0m
[116.263s] Built target tests
[116.297s] Invoked command in '/home/chinchia120/autoware.ai/build/op_local_planner' returned '0': CMAKE_PREFIX_PATH=/home/chinchia120/autoware.ai/install/op_ros_helpers:/home/chinchia120/autoware.ai/install/map_file:/home/chinchia120/autoware.ai/install/op_simu:/home/chinchia120/autoware.ai/install/lanelet2_extension:/home/chinchia120/autoware.ai/install/op_planner:/home/chinchia120/autoware.ai/install/lanelet2_validation:/home/chinchia120/autoware.ai/install/op_utility:/home/chinchia120/autoware.ai/install/lanelet2_routing:/home/chinchia120/autoware.ai/install/lanelet2_projection:/home/chinchia120/autoware.ai/install/vector_map_server:/home/chinchia120/autoware.ai/install/libwaypoint_follower:/home/chinchia120/autoware.ai/install/lanelet2_traffic_rules:/home/chinchia120/autoware.ai/install/lanelet2_maps:/home/chinchia120/autoware.ai/install/lanelet2_io:/home/chinchia120/autoware.ai/install/vector_map:/home/chinchia120/autoware.ai/install/lanelet2_core:/home/chinchia120/autoware.ai/install/amathutils_lib:/home/chinchia120/autoware.ai/install/vector_map_msgs:/home/chinchia120/autoware.ai/install/autoware_msgs:/home/chinchia120/autoware.ai/install/autoware_lanelet2_msgs:/home/chinchia120/autoware.ai/install/autoware_can_msgs:/home/chinchia120/autoware.ai/install/autoware_build_flags:${CMAKE_PREFIX_PATH} LD_LIBRARY_PATH=/home/chinchia120/autoware.ai/install/op_ros_helpers/lib:/home/chinchia120/autoware.ai/install/map_file/lib:/home/chinchia120/autoware.ai/install/op_simu/lib:/home/chinchia120/autoware.ai/install/lanelet2_extension/lib:/home/chinchia120/autoware.ai/install/op_planner/lib:/home/chinchia120/autoware.ai/install/lanelet2_validation/lib:/home/chinchia120/autoware.ai/install/op_utility/lib:/home/chinchia120/autoware.ai/install/lanelet2_routing/lib:/home/chinchia120/autoware.ai/install/lanelet2_projection/lib:/home/chinchia120/autoware.ai/install/libwaypoint_follower/lib:/home/chinchia120/autoware.ai/install/lanelet2_traffic_rules/lib:/home/chinchia120/autoware.ai/install/lanelet2_io/lib:/home/chinchia120/autoware.ai/install/vector_map/lib:/home/chinchia120/autoware.ai/install/lanelet2_core/lib:/home/chinchia120/autoware.ai/install/amathutils_lib/lib:${LD_LIBRARY_PATH} PKG_CONFIG_PATH=/home/chinchia120/autoware.ai/install/op_ros_helpers/lib/x86_64-linux-gnu/pkgconfig:/home/chinchia120/autoware.ai/install/op_ros_helpers/lib/pkgconfig:/home/chinchia120/autoware.ai/install/map_file/lib/x86_64-linux-gnu/pkgconfig:/home/chinchia120/autoware.ai/install/map_file/lib/pkgconfig:/home/chinchia120/autoware.ai/install/op_simu/lib/x86_64-linux-gnu/pkgconfig:/home/chinchia120/autoware.ai/install/op_simu/lib/pkgconfig:/home/chinchia120/autoware.ai/install/lanelet2_extension/lib/x86_64-linux-gnu/pkgconfig:/home/chinchia120/autoware.ai/install/lanelet2_extension/lib/pkgconfig:/home/chinchia120/autoware.ai/install/op_planner/lib/x86_64-linux-gnu/pkgconfig:/home/chinchia120/autoware.ai/install/op_planner/lib/pkgconfig:/home/chinchia120/autoware.ai/install/lanelet2_validation/lib/x86_64-linux-gnu/pkgconfig:/home/chinchia120/autoware.ai/install/lanelet2_validation/lib/pkgconfig:/home/chinchia120/autoware.ai/install/op_utility/lib/x86_64-linux-gnu/pkgconfig:/home/chinchia120/autoware.ai/install/op_utility/lib/pkgconfig:/home/chinchia120/autoware.ai/install/lanelet2_routing/lib/x86_64-linux-gnu/pkgconfig:/home/chinchia120/autoware.ai/install/lanelet2_routing/lib/pkgconfig:/home/chinchia120/autoware.ai/install/lanelet2_projection/lib/x86_64-linux-gnu/pkgconfig:/home/chinchia120/autoware.ai/install/lanelet2_projection/lib/pkgconfig:/home/chinchia120/autoware.ai/install/vector_map_server/lib/x86_64-linux-gnu/pkgconfig:/home/chinchia120/autoware.ai/install/vector_map_server/lib/pkgconfig:/home/chinchia120/autoware.ai/install/libwaypoint_follower/lib/x86_64-linux-gnu/pkgconfig:/home/chinchia120/autoware.ai/install/libwaypoint_follower/lib/pkgconfig:/home/chinchia120/autoware.ai/install/lanelet2_traffic_rules/lib/x86_64-linux-gnu/pkgconfig:/home/chinchia120/autoware.ai/install/lanelet2_traffic_rules/lib/pkgconfig:/home/chinchia120/autoware.ai/install/lanelet2_maps/lib/x86_64-linux-gnu/pkgconfig:/home/chinchia120/autoware.ai/install/lanelet2_maps/lib/pkgconfig:/home/chinchia120/autoware.ai/install/lanelet2_io/lib/x86_64-linux-gnu/pkgconfig:/home/chinchia120/autoware.ai/install/lanelet2_io/lib/pkgconfig:/home/chinchia120/autoware.ai/install/vector_map/lib/x86_64-linux-gnu/pkgconfig:/home/chinchia120/autoware.ai/install/vector_map/lib/pkgconfig:/home/chinchia120/autoware.ai/install/lanelet2_core/lib/x86_64-linux-gnu/pkgconfig:/home/chinchia120/autoware.ai/install/lanelet2_core/lib/pkgconfig:/home/chinchia120/autoware.ai/install/amathutils_lib/lib/x86_64-linux-gnu/pkgconfig:/home/chinchia120/autoware.ai/install/amathutils_lib/lib/pkgconfig:/home/chinchia120/autoware.ai/install/vector_map_msgs/lib/x86_64-linux-gnu/pkgconfig:/home/chinchia120/autoware.ai/install/vector_map_msgs/lib/pkgconfig:/home/chinchia120/autoware.ai/install/autoware_msgs/lib/x86_64-linux-gnu/pkgconfig:/home/chinchia120/autoware.ai/install/autoware_msgs/lib/pkgconfig:/home/chinchia120/autoware.ai/install/autoware_lanelet2_msgs/lib/x86_64-linux-gnu/pkgconfig:/home/chinchia120/autoware.ai/install/autoware_lanelet2_msgs/lib/pkgconfig:/home/chinchia120/autoware.ai/install/autoware_can_msgs/lib/x86_64-linux-gnu/pkgconfig:/home/chinchia120/autoware.ai/install/autoware_can_msgs/lib/pkgconfig:/home/chinchia120/autoware.ai/install/autoware_build_flags/lib/x86_64-linux-gnu/pkgconfig:/home/chinchia120/autoware.ai/install/autoware_build_flags/lib/pkgconfig:${PKG_CONFIG_PATH} PYTHONPATH=/home/chinchia120/autoware.ai/install/vector_map_server/lib/python2.7/dist-packages:/home/chinchia120/autoware.ai/install/vector_map_msgs/lib/python2.7/dist-packages:/home/chinchia120/autoware.ai/install/autoware_msgs/lib/python2.7/dist-packages:/home/chinchia120/autoware.ai/install/autoware_lanelet2_msgs/lib/python2.7/dist-packages:/home/chinchia120/autoware.ai/install/autoware_can_msgs/lib/python2.7/dist-packages:${PYTHONPATH} ROS_PACKAGE_PATH=/home/chinchia120/autoware.ai/install/op_ros_helpers/share:/home/chinchia120/autoware.ai/install/map_file/share:/home/chinchia120/autoware.ai/install/op_simu/share:/home/chinchia120/autoware.ai/install/lanelet2_extension/share:/home/chinchia120/autoware.ai/install/op_planner/share:/home/chinchia120/autoware.ai/install/lanelet2_validation/share:/home/chinchia120/autoware.ai/install/op_utility/share:/home/chinchia120/autoware.ai/install/lanelet2_routing/share:/home/chinchia120/autoware.ai/install/lanelet2_projection/share:/home/chinchia120/autoware.ai/install/vector_map_server/share:/home/chinchia120/autoware.ai/install/libwaypoint_follower/share:/home/chinchia120/autoware.ai/install/lanelet2_traffic_rules/share:/home/chinchia120/autoware.ai/install/lanelet2_maps/share:/home/chinchia120/autoware.ai/install/lanelet2_io/share:/home/chinchia120/autoware.ai/install/vector_map/share:/home/chinchia120/autoware.ai/install/lanelet2_core/share:/home/chinchia120/autoware.ai/install/amathutils_lib/share:/home/chinchia120/autoware.ai/install/vector_map_msgs/share:/home/chinchia120/autoware.ai/install/autoware_msgs/share:/home/chinchia120/autoware.ai/install/autoware_lanelet2_msgs/share:/home/chinchia120/autoware.ai/install/autoware_can_msgs/share:/home/chinchia120/autoware.ai/install/autoware_build_flags/share:${ROS_PACKAGE_PATH} /usr/bin/cmake --build /home/chinchia120/autoware.ai/build/op_local_planner --target tests -- -j4 -l4
[116.914s] Invoking command in '/home/chinchia120/autoware.ai/build/op_local_planner': CMAKE_PREFIX_PATH=/home/chinchia120/autoware.ai/install/op_ros_helpers:/home/chinchia120/autoware.ai/install/map_file:/home/chinchia120/autoware.ai/install/op_simu:/home/chinchia120/autoware.ai/install/lanelet2_extension:/home/chinchia120/autoware.ai/install/op_planner:/home/chinchia120/autoware.ai/install/lanelet2_validation:/home/chinchia120/autoware.ai/install/op_utility:/home/chinchia120/autoware.ai/install/lanelet2_routing:/home/chinchia120/autoware.ai/install/lanelet2_projection:/home/chinchia120/autoware.ai/install/vector_map_server:/home/chinchia120/autoware.ai/install/libwaypoint_follower:/home/chinchia120/autoware.ai/install/lanelet2_traffic_rules:/home/chinchia120/autoware.ai/install/lanelet2_maps:/home/chinchia120/autoware.ai/install/lanelet2_io:/home/chinchia120/autoware.ai/install/vector_map:/home/chinchia120/autoware.ai/install/lanelet2_core:/home/chinchia120/autoware.ai/install/amathutils_lib:/home/chinchia120/autoware.ai/install/vector_map_msgs:/home/chinchia120/autoware.ai/install/autoware_msgs:/home/chinchia120/autoware.ai/install/autoware_lanelet2_msgs:/home/chinchia120/autoware.ai/install/autoware_can_msgs:/home/chinchia120/autoware.ai/install/autoware_build_flags:${CMAKE_PREFIX_PATH} LD_LIBRARY_PATH=/home/chinchia120/autoware.ai/install/op_ros_helpers/lib:/home/chinchia120/autoware.ai/install/map_file/lib:/home/chinchia120/autoware.ai/install/op_simu/lib:/home/chinchia120/autoware.ai/install/lanelet2_extension/lib:/home/chinchia120/autoware.ai/install/op_planner/lib:/home/chinchia120/autoware.ai/install/lanelet2_validation/lib:/home/chinchia120/autoware.ai/install/op_utility/lib:/home/chinchia120/autoware.ai/install/lanelet2_routing/lib:/home/chinchia120/autoware.ai/install/lanelet2_projection/lib:/home/chinchia120/autoware.ai/install/libwaypoint_follower/lib:/home/chinchia120/autoware.ai/install/lanelet2_traffic_rules/lib:/home/chinchia120/autoware.ai/install/lanelet2_io/lib:/home/chinchia120/autoware.ai/install/vector_map/lib:/home/chinchia120/autoware.ai/install/lanelet2_core/lib:/home/chinchia120/autoware.ai/install/amathutils_lib/lib:${LD_LIBRARY_PATH} PKG_CONFIG_PATH=/home/chinchia120/autoware.ai/install/op_ros_helpers/lib/x86_64-linux-gnu/pkgconfig:/home/chinchia120/autoware.ai/install/op_ros_helpers/lib/pkgconfig:/home/chinchia120/autoware.ai/install/map_file/lib/x86_64-linux-gnu/pkgconfig:/home/chinchia120/autoware.ai/install/map_file/lib/pkgconfig:/home/chinchia120/autoware.ai/install/op_simu/lib/x86_64-linux-gnu/pkgconfig:/home/chinchia120/autoware.ai/install/op_simu/lib/pkgconfig:/home/chinchia120/autoware.ai/install/lanelet2_extension/lib/x86_64-linux-gnu/pkgconfig:/home/chinchia120/autoware.ai/install/lanelet2_extension/lib/pkgconfig:/home/chinchia120/autoware.ai/install/op_planner/lib/x86_64-linux-gnu/pkgconfig:/home/chinchia120/autoware.ai/install/op_planner/lib/pkgconfig:/home/chinchia120/autoware.ai/install/lanelet2_validation/lib/x86_64-linux-gnu/pkgconfig:/home/chinchia120/autoware.ai/install/lanelet2_validation/lib/pkgconfig:/home/chinchia120/autoware.ai/install/op_utility/lib/x86_64-linux-gnu/pkgconfig:/home/chinchia120/autoware.ai/install/op_utility/lib/pkgconfig:/home/chinchia120/autoware.ai/install/lanelet2_routing/lib/x86_64-linux-gnu/pkgconfig:/home/chinchia120/autoware.ai/install/lanelet2_routing/lib/pkgconfig:/home/chinchia120/autoware.ai/install/lanelet2_projection/lib/x86_64-linux-gnu/pkgconfig:/home/chinchia120/autoware.ai/install/lanelet2_projection/lib/pkgconfig:/home/chinchia120/autoware.ai/install/vector_map_server/lib/x86_64-linux-gnu/pkgconfig:/home/chinchia120/autoware.ai/install/vector_map_server/lib/pkgconfig:/home/chinchia120/autoware.ai/install/libwaypoint_follower/lib/x86_64-linux-gnu/pkgconfig:/home/chinchia120/autoware.ai/install/libwaypoint_follower/lib/pkgconfig:/home/chinchia120/autoware.ai/install/lanelet2_traffic_rules/lib/x86_64-linux-gnu/pkgconfig:/home/chinchia120/autoware.ai/install/lanelet2_traffic_rules/lib/pkgconfig:/home/chinchia120/autoware.ai/install/lanelet2_maps/lib/x86_64-linux-gnu/pkgconfig:/home/chinchia120/autoware.ai/install/lanelet2_maps/lib/pkgconfig:/home/chinchia120/autoware.ai/install/lanelet2_io/lib/x86_64-linux-gnu/pkgconfig:/home/chinchia120/autoware.ai/install/lanelet2_io/lib/pkgconfig:/home/chinchia120/autoware.ai/install/vector_map/lib/x86_64-linux-gnu/pkgconfig:/home/chinchia120/autoware.ai/install/vector_map/lib/pkgconfig:/home/chinchia120/autoware.ai/install/lanelet2_core/lib/x86_64-linux-gnu/pkgconfig:/home/chinchia120/autoware.ai/install/lanelet2_core/lib/pkgconfig:/home/chinchia120/autoware.ai/install/amathutils_lib/lib/x86_64-linux-gnu/pkgconfig:/home/chinchia120/autoware.ai/install/amathutils_lib/lib/pkgconfig:/home/chinchia120/autoware.ai/install/vector_map_msgs/lib/x86_64-linux-gnu/pkgconfig:/home/chinchia120/autoware.ai/install/vector_map_msgs/lib/pkgconfig:/home/chinchia120/autoware.ai/install/autoware_msgs/lib/x86_64-linux-gnu/pkgconfig:/home/chinchia120/autoware.ai/install/autoware_msgs/lib/pkgconfig:/home/chinchia120/autoware.ai/install/autoware_lanelet2_msgs/lib/x86_64-linux-gnu/pkgconfig:/home/chinchia120/autoware.ai/install/autoware_lanelet2_msgs/lib/pkgconfig:/home/chinchia120/autoware.ai/install/autoware_can_msgs/lib/x86_64-linux-gnu/pkgconfig:/home/chinchia120/autoware.ai/install/autoware_can_msgs/lib/pkgconfig:/home/chinchia120/autoware.ai/install/autoware_build_flags/lib/x86_64-linux-gnu/pkgconfig:/home/chinchia120/autoware.ai/install/autoware_build_flags/lib/pkgconfig:${PKG_CONFIG_PATH} PYTHONPATH=/home/chinchia120/autoware.ai/install/vector_map_server/lib/python2.7/dist-packages:/home/chinchia120/autoware.ai/install/vector_map_msgs/lib/python2.7/dist-packages:/home/chinchia120/autoware.ai/install/autoware_msgs/lib/python2.7/dist-packages:/home/chinchia120/autoware.ai/install/autoware_lanelet2_msgs/lib/python2.7/dist-packages:/home/chinchia120/autoware.ai/install/autoware_can_msgs/lib/python2.7/dist-packages:${PYTHONPATH} ROS_PACKAGE_PATH=/home/chinchia120/autoware.ai/install/op_ros_helpers/share:/home/chinchia120/autoware.ai/install/map_file/share:/home/chinchia120/autoware.ai/install/op_simu/share:/home/chinchia120/autoware.ai/install/lanelet2_extension/share:/home/chinchia120/autoware.ai/install/op_planner/share:/home/chinchia120/autoware.ai/install/lanelet2_validation/share:/home/chinchia120/autoware.ai/install/op_utility/share:/home/chinchia120/autoware.ai/install/lanelet2_routing/share:/home/chinchia120/autoware.ai/install/lanelet2_projection/share:/home/chinchia120/autoware.ai/install/vector_map_server/share:/home/chinchia120/autoware.ai/install/libwaypoint_follower/share:/home/chinchia120/autoware.ai/install/lanelet2_traffic_rules/share:/home/chinchia120/autoware.ai/install/lanelet2_maps/share:/home/chinchia120/autoware.ai/install/lanelet2_io/share:/home/chinchia120/autoware.ai/install/vector_map/share:/home/chinchia120/autoware.ai/install/lanelet2_core/share:/home/chinchia120/autoware.ai/install/amathutils_lib/share:/home/chinchia120/autoware.ai/install/vector_map_msgs/share:/home/chinchia120/autoware.ai/install/autoware_msgs/share:/home/chinchia120/autoware.ai/install/autoware_lanelet2_msgs/share:/home/chinchia120/autoware.ai/install/autoware_can_msgs/share:/home/chinchia120/autoware.ai/install/autoware_build_flags/share:${ROS_PACKAGE_PATH} /usr/bin/cmake --build /home/chinchia120/autoware.ai/build/op_local_planner --target install -- -j4 -l4
[117.052s] [  0%] Built target topic_tools_generate_messages_nodejs
[117.056s] [  0%] Built target visualization_msgs_generate_messages_eus
[117.101s] [ 21%] Built target op_motion_predictor
[117.106s] [ 42%] Built target op_trajectory_evaluator
[117.121s] [ 42%] Built target topic_tools_generate_messages_eus
[117.123s] [ 42%] Built target topic_tools_generate_messages_cpp
[117.172s] [ 42%] Built target std_srvs_generate_messages_nodejs
[117.181s] [ 42%] Built target std_srvs_generate_messages_py
[117.198s] [ 42%] Built target std_srvs_generate_messages_lisp
[117.212s] [ 42%] Built target bond_generate_messages_nodejs
[117.237s] [ 42%] Built target bond_generate_messages_lisp
[117.258s] [ 42%] Built target bond_generate_messages_eus
[117.270s] [ 42%] Built target bond_generate_messages_cpp
[117.294s] [ 42%] Built target nodelet_generate_messages_nodejs
[117.318s] [ 42%] Built target nodelet_generate_messages_eus
[117.343s] [ 42%] Built target nodelet_generate_messages_cpp
[117.354s] [ 42%] Built target dynamic_reconfigure_generate_messages_lisp
[117.378s] [ 42%] Built target dynamic_reconfigure_generate_messages_eus
[117.403s] [ 64%] Built target op_trajectory_generator
[117.407s] [ 64%] Built target pcl_ros_gencfg
[117.437s] [ 64%] Built target vector_map_server_generate_messages_nodejs
[117.466s] [ 64%] Built target vector_map_msgs_generate_messages_py
[117.477s] [ 64%] Built target bond_generate_messages_py
[117.488s] [ 64%] Built target vector_map_msgs_generate_messages_nodejs
[117.515s] [ 64%] Built target vector_map_msgs_generate_messages_lisp
[117.537s] [ 64%] Built target vector_map_msgs_generate_messages_eus
[117.581s] [ 64%] Built target visualization_msgs_generate_messages_py
[117.615s] [ 64%] Built target vector_map_msgs_generate_messages_cpp
[117.616s] [ 85%] Built target op_behavior_selector
[117.632s] [ 85%] Built target visualization_msgs_generate_messages_nodejs
[117.663s] [ 85%] Built target geometry_msgs_generate_messages_py
[117.693s] [ 85%] Built target vector_map_server_generate_messages_eus
[117.701s] [ 85%] Built target sensor_msgs_generate_messages_nodejs
[117.725s] [ 85%] Built target roscpp_generate_messages_cpp
[117.755s] [ 85%] Built target actionlib_generate_messages_cpp
[117.776s] [ 85%] Built target pcl_msgs_generate_messages_eus
[117.781s] [ 85%] Built target rosgraph_msgs_generate_messages_eus
[117.788s] [ 85%] Built target jsk_recognition_msgs_generate_messages_lisp
[117.820s] [ 85%] Built target jsk_recognition_msgs_generate_messages_eus
[117.835s] [ 85%] Built target tf2_msgs_generate_messages_cpp
[117.836s] [ 85%] Built target pcl_msgs_generate_messages_cpp
[117.845s] [ 85%] Built target sensor_msgs_generate_messages_lisp
[117.875s] [ 85%] Built target std_srvs_generate_messages_cpp
[117.894s] [ 85%] Built target topic_tools_generate_messages_lisp
[117.906s] [ 85%] Built target geometry_msgs_generate_messages_lisp
[117.907s] [ 85%] Built target jsk_recognition_msgs_generate_messages_cpp
[117.939s] [ 85%] Built target geometry_msgs_generate_messages_eus
[117.948s] [ 85%] Built target autoware_can_msgs_generate_messages_cpp
[117.968s] [ 85%] Built target autoware_can_msgs_generate_messages_lisp
[117.971s] [ 85%] Built target dynamic_reconfigure_generate_messages_py
[118.017s] [ 85%] Built target autoware_can_msgs_generate_messages_nodejs
[118.018s] [ 85%] Built target pcl_msgs_generate_messages_nodejs
[118.040s] [ 85%] Built target nodelet_generate_messages_py
[118.048s] [ 85%] Built target jsk_recognition_msgs_generate_messages_py
[118.086s] [ 85%] Built target dynamic_reconfigure_generate_messages_cpp
[118.088s] [ 85%] Built target sensor_msgs_generate_messages_py
[118.099s] [ 85%] Built target tf_generate_messages_py
[118.112s] [ 85%] Built target topic_tools_generate_messages_py
[118.143s] [ 85%] Built target nodelet_topic_tools_gencfg
[118.153s] [ 85%] Built target actionlib_msgs_generate_messages_nodejs
[118.165s] [ 85%] Built target std_msgs_generate_messages_cpp
[118.198s] [ 85%] Built target jsk_footstep_msgs_generate_messages_py
[118.214s] [ 85%] Built target visualization_msgs_generate_messages_lisp
[118.218s] [ 85%] Built target std_msgs_generate_messages_eus
[118.238s] [ 85%] Built target geometry_msgs_generate_messages_nodejs
[118.281s] [ 85%] Built target autoware_can_msgs_generate_messages_py
[118.281s] [ 85%] Built target dynamic_reconfigure_generate_messages_nodejs
[118.285s] [ 85%] Built target sensor_msgs_generate_messages_eus
[118.305s] [ 85%] Built target sensor_msgs_generate_messages_cpp
[118.339s] [ 85%] Built target std_msgs_generate_messages_lisp
[118.350s] [ 85%] Built target roscpp_generate_messages_nodejs
[118.364s] [ 85%] Built target std_msgs_generate_messages_nodejs
[118.370s] [ 85%] Built target std_msgs_generate_messages_py
[118.418s] [ 85%] Built target nodelet_generate_messages_lisp
[118.428s] [ 85%] Built target autoware_msgs_generate_messages_py
[118.431s] [ 85%] Built target jsk_footstep_msgs_generate_messages_eus
[118.443s] [ 85%] Built target actionlib_msgs_generate_messages_py
[118.484s] [ 85%] Built target vector_map_server_generate_messages_lisp
[118.494s] [ 85%] Built target jsk_footstep_msgs_generate_messages_nodejs
[118.500s] [ 85%] Built target jsk_footstep_msgs_generate_messages_lisp
[118.511s] [ 85%] Built target autoware_msgs_generate_messages_lisp
[118.553s] [ 85%] Built target actionlib_msgs_generate_messages_lisp
[118.556s] [ 85%] Built target autoware_msgs_generate_messages_cpp
[118.570s] [ 85%] Built target rosgraph_msgs_generate_messages_cpp
[118.571s] [ 85%] Built target autoware_msgs_generate_messages_eus
[118.618s] [ 85%] Built target autoware_msgs_generate_messages_nodejs
[118.625s] [ 85%] Built target actionlib_generate_messages_nodejs
[118.637s] [ 85%] Built target pcl_msgs_generate_messages_lisp
[118.651s] [ 85%] Built target tf_generate_messages_cpp
[118.689s] [ 85%] Built target actionlib_msgs_generate_messages_cpp
[118.693s] [ 85%] Built target jsk_footstep_msgs_generate_messages_cpp
[118.703s] [ 85%] Built target tf_generate_messages_eus
[118.709s] [ 85%] Built target tf_generate_messages_lisp
[118.745s] [ 85%] Built target tf_generate_messages_nodejs
[118.763s] [ 85%] Built target jsk_recognition_msgs_generate_messages_nodejs
[118.763s] [ 85%] Built target std_srvs_generate_messages_eus
[118.770s] [ 85%] Built target roscpp_generate_messages_lisp
[118.817s] [ 85%] Built target roscpp_generate_messages_py
[118.821s] [ 85%] Built target rosgraph_msgs_generate_messages_nodejs
[118.823s] [ 85%] Built target rosgraph_msgs_generate_messages_lisp
[118.827s] [ 85%] Built target vector_map_server_generate_messages_py
[118.879s] [ 85%] Built target roscpp_generate_messages_eus
[118.880s] [ 85%] Built target actionlib_msgs_generate_messages_eus
[118.901s] [ 85%] Built target rosgraph_msgs_generate_messages_py
[118.904s] [ 85%] Built target autoware_can_msgs_generate_messages_eus
[118.934s] [ 85%] Built target pcl_msgs_generate_messages_py
[118.947s] [ 85%] Built target actionlib_generate_messages_eus
[118.964s] [ 85%] Built target geometry_msgs_generate_messages_cpp
[118.980s] [ 85%] Built target actionlib_generate_messages_lisp
[118.997s] [ 85%] Built target dynamic_reconfigure_gencfg
[119.013s] [ 85%] Built target tf2_msgs_generate_messages_lisp
[119.028s] [ 85%] Built target actionlib_generate_messages_py
[119.032s] [ 85%] Built target tf2_msgs_generate_messages_py
[119.059s] [ 85%] Built target tf2_msgs_generate_messages_nodejs
[119.078s] [ 85%] Built target tf2_msgs_generate_messages_eus
[119.086s] [ 85%] Built target visualization_msgs_generate_messages_cpp
[119.094s] [ 85%] Built target vector_map_server_generate_messages_cpp
[119.158s] [100%] Built target op_common_params
[119.207s] [36mInstall the project...[0m
[119.226s] -- Install configuration: "Release"
[119.227s] -- Installing: /home/chinchia120/autoware.ai/install/op_local_planner/lib/pkgconfig/op_local_planner.pc
[119.227s] -- Installing: /home/chinchia120/autoware.ai/install/op_local_planner/share/op_local_planner/cmake/op_local_plannerConfig.cmake
[119.227s] -- Installing: /home/chinchia120/autoware.ai/install/op_local_planner/share/op_local_planner/cmake/op_local_plannerConfig-version.cmake
[119.227s] -- Installing: /home/chinchia120/autoware.ai/install/op_local_planner/share/op_local_planner/package.xml
[119.227s] -- Installing: /home/chinchia120/autoware.ai/install/op_local_planner/lib/op_local_planner/op_common_params
[119.228s] -- Set runtime path of "/home/chinchia120/autoware.ai/install/op_local_planner/lib/op_local_planner/op_common_params" to ""
[119.228s] -- Installing: /home/chinchia120/autoware.ai/install/op_local_planner/lib/op_local_planner/op_trajectory_generator
[119.230s] -- Set runtime path of "/home/chinchia120/autoware.ai/install/op_local_planner/lib/op_local_planner/op_trajectory_generator" to ""
[119.230s] -- Installing: /home/chinchia120/autoware.ai/install/op_local_planner/lib/op_local_planner/op_trajectory_evaluator
[119.231s] -- Set runtime path of "/home/chinchia120/autoware.ai/install/op_local_planner/lib/op_local_planner/op_trajectory_evaluator" to ""
[119.232s] -- Installing: /home/chinchia120/autoware.ai/install/op_local_planner/lib/op_local_planner/op_behavior_selector
[119.239s] -- Set runtime path of "/home/chinchia120/autoware.ai/install/op_local_planner/lib/op_local_planner/op_behavior_selector" to ""
[119.239s] -- Installing: /home/chinchia120/autoware.ai/install/op_local_planner/lib/op_local_planner/op_motion_predictor
[119.243s] -- Set runtime path of "/home/chinchia120/autoware.ai/install/op_local_planner/lib/op_local_planner/op_motion_predictor" to ""
[119.243s] -- Installing: /home/chinchia120/autoware.ai/install/op_local_planner/share/op_local_planner/launch
[119.244s] -- Installing: /home/chinchia120/autoware.ai/install/op_local_planner/share/op_local_planner/launch/op_trajectory_evaluator.launch
[119.245s] -- Installing: /home/chinchia120/autoware.ai/install/op_local_planner/share/op_local_planner/launch/op_behavior_selector.launch
[119.246s] -- Installing: /home/chinchia120/autoware.ai/install/op_local_planner/share/op_local_planner/launch/op_trajectory_generator.launch
[119.247s] -- Installing: /home/chinchia120/autoware.ai/install/op_local_planner/share/op_local_planner/launch/op_common_params.launch
[119.248s] -- Installing: /home/chinchia120/autoware.ai/install/op_local_planner/share/op_local_planner/launch/op_motion_predictor.launch
[119.254s] Invoked command in '/home/chinchia120/autoware.ai/build/op_local_planner' returned '0': CMAKE_PREFIX_PATH=/home/chinchia120/autoware.ai/install/op_ros_helpers:/home/chinchia120/autoware.ai/install/map_file:/home/chinchia120/autoware.ai/install/op_simu:/home/chinchia120/autoware.ai/install/lanelet2_extension:/home/chinchia120/autoware.ai/install/op_planner:/home/chinchia120/autoware.ai/install/lanelet2_validation:/home/chinchia120/autoware.ai/install/op_utility:/home/chinchia120/autoware.ai/install/lanelet2_routing:/home/chinchia120/autoware.ai/install/lanelet2_projection:/home/chinchia120/autoware.ai/install/vector_map_server:/home/chinchia120/autoware.ai/install/libwaypoint_follower:/home/chinchia120/autoware.ai/install/lanelet2_traffic_rules:/home/chinchia120/autoware.ai/install/lanelet2_maps:/home/chinchia120/autoware.ai/install/lanelet2_io:/home/chinchia120/autoware.ai/install/vector_map:/home/chinchia120/autoware.ai/install/lanelet2_core:/home/chinchia120/autoware.ai/install/amathutils_lib:/home/chinchia120/autoware.ai/install/vector_map_msgs:/home/chinchia120/autoware.ai/install/autoware_msgs:/home/chinchia120/autoware.ai/install/autoware_lanelet2_msgs:/home/chinchia120/autoware.ai/install/autoware_can_msgs:/home/chinchia120/autoware.ai/install/autoware_build_flags:${CMAKE_PREFIX_PATH} LD_LIBRARY_PATH=/home/chinchia120/autoware.ai/install/op_ros_helpers/lib:/home/chinchia120/autoware.ai/install/map_file/lib:/home/chinchia120/autoware.ai/install/op_simu/lib:/home/chinchia120/autoware.ai/install/lanelet2_extension/lib:/home/chinchia120/autoware.ai/install/op_planner/lib:/home/chinchia120/autoware.ai/install/lanelet2_validation/lib:/home/chinchia120/autoware.ai/install/op_utility/lib:/home/chinchia120/autoware.ai/install/lanelet2_routing/lib:/home/chinchia120/autoware.ai/install/lanelet2_projection/lib:/home/chinchia120/autoware.ai/install/libwaypoint_follower/lib:/home/chinchia120/autoware.ai/install/lanelet2_traffic_rules/lib:/home/chinchia120/autoware.ai/install/lanelet2_io/lib:/home/chinchia120/autoware.ai/install/vector_map/lib:/home/chinchia120/autoware.ai/install/lanelet2_core/lib:/home/chinchia120/autoware.ai/install/amathutils_lib/lib:${LD_LIBRARY_PATH} PKG_CONFIG_PATH=/home/chinchia120/autoware.ai/install/op_ros_helpers/lib/x86_64-linux-gnu/pkgconfig:/home/chinchia120/autoware.ai/install/op_ros_helpers/lib/pkgconfig:/home/chinchia120/autoware.ai/install/map_file/lib/x86_64-linux-gnu/pkgconfig:/home/chinchia120/autoware.ai/install/map_file/lib/pkgconfig:/home/chinchia120/autoware.ai/install/op_simu/lib/x86_64-linux-gnu/pkgconfig:/home/chinchia120/autoware.ai/install/op_simu/lib/pkgconfig:/home/chinchia120/autoware.ai/install/lanelet2_extension/lib/x86_64-linux-gnu/pkgconfig:/home/chinchia120/autoware.ai/install/lanelet2_extension/lib/pkgconfig:/home/chinchia120/autoware.ai/install/op_planner/lib/x86_64-linux-gnu/pkgconfig:/home/chinchia120/autoware.ai/install/op_planner/lib/pkgconfig:/home/chinchia120/autoware.ai/install/lanelet2_validation/lib/x86_64-linux-gnu/pkgconfig:/home/chinchia120/autoware.ai/install/lanelet2_validation/lib/pkgconfig:/home/chinchia120/autoware.ai/install/op_utility/lib/x86_64-linux-gnu/pkgconfig:/home/chinchia120/autoware.ai/install/op_utility/lib/pkgconfig:/home/chinchia120/autoware.ai/install/lanelet2_routing/lib/x86_64-linux-gnu/pkgconfig:/home/chinchia120/autoware.ai/install/lanelet2_routing/lib/pkgconfig:/home/chinchia120/autoware.ai/install/lanelet2_projection/lib/x86_64-linux-gnu/pkgconfig:/home/chinchia120/autoware.ai/install/lanelet2_projection/lib/pkgconfig:/home/chinchia120/autoware.ai/install/vector_map_server/lib/x86_64-linux-gnu/pkgconfig:/home/chinchia120/autoware.ai/install/vector_map_server/lib/pkgconfig:/home/chinchia120/autoware.ai/install/libwaypoint_follower/lib/x86_64-linux-gnu/pkgconfig:/home/chinchia120/autoware.ai/install/libwaypoint_follower/lib/pkgconfig:/home/chinchia120/autoware.ai/install/lanelet2_traffic_rules/lib/x86_64-linux-gnu/pkgconfig:/home/chinchia120/autoware.ai/install/lanelet2_traffic_rules/lib/pkgconfig:/home/chinchia120/autoware.ai/install/lanelet2_maps/lib/x86_64-linux-gnu/pkgconfig:/home/chinchia120/autoware.ai/install/lanelet2_maps/lib/pkgconfig:/home/chinchia120/autoware.ai/install/lanelet2_io/lib/x86_64-linux-gnu/pkgconfig:/home/chinchia120/autoware.ai/install/lanelet2_io/lib/pkgconfig:/home/chinchia120/autoware.ai/install/vector_map/lib/x86_64-linux-gnu/pkgconfig:/home/chinchia120/autoware.ai/install/vector_map/lib/pkgconfig:/home/chinchia120/autoware.ai/install/lanelet2_core/lib/x86_64-linux-gnu/pkgconfig:/home/chinchia120/autoware.ai/install/lanelet2_core/lib/pkgconfig:/home/chinchia120/autoware.ai/install/amathutils_lib/lib/x86_64-linux-gnu/pkgconfig:/home/chinchia120/autoware.ai/install/amathutils_lib/lib/pkgconfig:/home/chinchia120/autoware.ai/install/vector_map_msgs/lib/x86_64-linux-gnu/pkgconfig:/home/chinchia120/autoware.ai/install/vector_map_msgs/lib/pkgconfig:/home/chinchia120/autoware.ai/install/autoware_msgs/lib/x86_64-linux-gnu/pkgconfig:/home/chinchia120/autoware.ai/install/autoware_msgs/lib/pkgconfig:/home/chinchia120/autoware.ai/install/autoware_lanelet2_msgs/lib/x86_64-linux-gnu/pkgconfig:/home/chinchia120/autoware.ai/install/autoware_lanelet2_msgs/lib/pkgconfig:/home/chinchia120/autoware.ai/install/autoware_can_msgs/lib/x86_64-linux-gnu/pkgconfig:/home/chinchia120/autoware.ai/install/autoware_can_msgs/lib/pkgconfig:/home/chinchia120/autoware.ai/install/autoware_build_flags/lib/x86_64-linux-gnu/pkgconfig:/home/chinchia120/autoware.ai/install/autoware_build_flags/lib/pkgconfig:${PKG_CONFIG_PATH} PYTHONPATH=/home/chinchia120/autoware.ai/install/vector_map_server/lib/python2.7/dist-packages:/home/chinchia120/autoware.ai/install/vector_map_msgs/lib/python2.7/dist-packages:/home/chinchia120/autoware.ai/install/autoware_msgs/lib/python2.7/dist-packages:/home/chinchia120/autoware.ai/install/autoware_lanelet2_msgs/lib/python2.7/dist-packages:/home/chinchia120/autoware.ai/install/autoware_can_msgs/lib/python2.7/dist-packages:${PYTHONPATH} ROS_PACKAGE_PATH=/home/chinchia120/autoware.ai/install/op_ros_helpers/share:/home/chinchia120/autoware.ai/install/map_file/share:/home/chinchia120/autoware.ai/install/op_simu/share:/home/chinchia120/autoware.ai/install/lanelet2_extension/share:/home/chinchia120/autoware.ai/install/op_planner/share:/home/chinchia120/autoware.ai/install/lanelet2_validation/share:/home/chinchia120/autoware.ai/install/op_utility/share:/home/chinchia120/autoware.ai/install/lanelet2_routing/share:/home/chinchia120/autoware.ai/install/lanelet2_projection/share:/home/chinchia120/autoware.ai/install/vector_map_server/share:/home/chinchia120/autoware.ai/install/libwaypoint_follower/share:/home/chinchia120/autoware.ai/install/lanelet2_traffic_rules/share:/home/chinchia120/autoware.ai/install/lanelet2_maps/share:/home/chinchia120/autoware.ai/install/lanelet2_io/share:/home/chinchia120/autoware.ai/install/vector_map/share:/home/chinchia120/autoware.ai/install/lanelet2_core/share:/home/chinchia120/autoware.ai/install/amathutils_lib/share:/home/chinchia120/autoware.ai/install/vector_map_msgs/share:/home/chinchia120/autoware.ai/install/autoware_msgs/share:/home/chinchia120/autoware.ai/install/autoware_lanelet2_msgs/share:/home/chinchia120/autoware.ai/install/autoware_can_msgs/share:/home/chinchia120/autoware.ai/install/autoware_build_flags/share:${ROS_PACKAGE_PATH} /usr/bin/cmake --build /home/chinchia120/autoware.ai/build/op_local_planner --target install -- -j4 -l4
