[0.048s] Invoking command in '/home/chinchia120/autoware.ai/build/garmin': CMAKE_PREFIX_PATH=/home/chinchia120/autoware.ai/install/autoware_build_flags:${CMAKE_PREFIX_PATH} PKG_CONFIG_PATH=/home/chinchia120/autoware.ai/install/autoware_build_flags/lib/x86_64-linux-gnu/pkgconfig:/home/chinchia120/autoware.ai/install/autoware_build_flags/lib/pkgconfig:${PKG_CONFIG_PATH} ROS_PACKAGE_PATH=/home/chinchia120/autoware.ai/install/autoware_build_flags/share:${ROS_PACKAGE_PATH} /usr/bin/cmake /home/chinchia120/autoware.ai/src/drivers/awf_drivers/garmin -DCMAKE_BUILD_TYPE=Release -DCATKIN_INSTALL_INTO_PREFIX_ROOT=0 -DCMAKE_INSTALL_PREFIX=/home/chinchia120/autoware.ai/install/garmin
[0.187s] -- The C compiler identification is GNU 7.5.0
[0.298s] -- The CXX compiler identification is GNU 7.5.0
[0.306s] -- Check for working C compiler: /usr/bin/cc
[0.455s] -- Check for working C compiler: /usr/bin/cc -- works
[0.456s] -- Detecting C compiler ABI info
[0.615s] -- Detecting C compiler ABI info - done
[0.634s] -- Detecting C compile features
[1.101s] -- Detecting C compile features - done
[1.107s] -- Check for working CXX compiler: /usr/bin/c++
[1.298s] -- Check for working CXX compiler: /usr/bin/c++ -- works
[1.299s] -- Detecting CXX compiler ABI info
[1.475s] -- Detecting CXX compiler ABI info - done
[1.491s] -- Detecting CXX compile features
[2.281s] -- Detecting CXX compile features - done
[2.284s] -- CUDA compilation status: 1.
[2.287s] -- Using CATKIN_DEVEL_PREFIX: /home/chinchia120/autoware.ai/build/garmin/devel
[2.287s] -- Using CMAKE_PREFIX_PATH: /home/chinchia120/autoware.ai/install/autoware_build_flags;/home/chinchia120/catkin_ws/devel;/opt/ros/melodic
[2.287s] -- This workspace overlays: /home/chinchia120/autoware.ai/install/autoware_build_flags;/home/chinchia120/catkin_ws/devel;/opt/ros/melodic
[2.311s] -- Found PythonInterp: /usr/bin/python2 (found suitable version "2.7.17", minimum required is "2") 
[2.311s] -- Using PYTHON_EXECUTABLE: /usr/bin/python2
[2.311s] -- Using Debian Python package layout
[2.312s] -- Using empy: /usr/bin/empy
[2.596s] -- Using CATKIN_ENABLE_TESTING: ON
[2.597s] -- Call enable_testing()
[2.602s] -- Using CATKIN_TEST_RESULTS_DIR: /home/chinchia120/autoware.ai/build/garmin/test_results
[2.640s] -- Found gtest sources under '/usr/src/googletest': gtests will be built
[2.641s] -- Found gmock sources under '/usr/src/googletest': gmock will be built
[2.662s] -- Found PythonInterp: /usr/bin/python2 (found version "2.7.17") 
[2.664s] -- Looking for pthread.h
[2.810s] -- Looking for pthread.h - found
[2.811s] -- Looking for pthread_create
[2.965s] -- Looking for pthread_create - not found
[2.966s] -- Looking for pthread_create in pthreads
[3.096s] -- Looking for pthread_create in pthreads - not found
[3.096s] -- Looking for pthread_create in pthread
[3.257s] -- Looking for pthread_create in pthread - found
[3.260s] -- Found Threads: TRUE  
[3.271s] -- Using Python nosetests: /usr/bin/nosetests-2.7
[3.344s] -- catkin 0.7.29
[3.344s] -- BUILD_SHARED_LIBS is on
[4.004s] -- Configuring done
[4.044s] -- Generating done
[4.052s] -- Build files have been written to: /home/chinchia120/autoware.ai/build/garmin
[4.057s] Invoked command in '/home/chinchia120/autoware.ai/build/garmin' returned '0': CMAKE_PREFIX_PATH=/home/chinchia120/autoware.ai/install/autoware_build_flags:${CMAKE_PREFIX_PATH} PKG_CONFIG_PATH=/home/chinchia120/autoware.ai/install/autoware_build_flags/lib/x86_64-linux-gnu/pkgconfig:/home/chinchia120/autoware.ai/install/autoware_build_flags/lib/pkgconfig:${PKG_CONFIG_PATH} ROS_PACKAGE_PATH=/home/chinchia120/autoware.ai/install/autoware_build_flags/share:${ROS_PACKAGE_PATH} /usr/bin/cmake /home/chinchia120/autoware.ai/src/drivers/awf_drivers/garmin -DCMAKE_BUILD_TYPE=Release -DCATKIN_INSTALL_INTO_PREFIX_ROOT=0 -DCMAKE_INSTALL_PREFIX=/home/chinchia120/autoware.ai/install/garmin
[4.065s] Invoking command in '/home/chinchia120/autoware.ai/build/garmin': CMAKE_PREFIX_PATH=/home/chinchia120/autoware.ai/install/autoware_build_flags:${CMAKE_PREFIX_PATH} PKG_CONFIG_PATH=/home/chinchia120/autoware.ai/install/autoware_build_flags/lib/x86_64-linux-gnu/pkgconfig:/home/chinchia120/autoware.ai/install/autoware_build_flags/lib/pkgconfig:${PKG_CONFIG_PATH} ROS_PACKAGE_PATH=/home/chinchia120/autoware.ai/install/autoware_build_flags/share:${ROS_PACKAGE_PATH} /usr/bin/cmake --build /home/chinchia120/autoware.ai/build/garmin -- -j4 -l4
[4.160s] [35m[1mScanning dependencies of target garmin_gps_18x_lvc[0m
[4.212s] [ 50%] [32mBuilding CXX object CMakeFiles/garmin_gps_18x_lvc.dir/src/garmin_gps_18x_lvc.cc.o[0m
[11.872s] [100%] [32m[1mLinking CXX executable devel/lib/garmin/garmin_gps_18x_lvc[0m
[12.178s] [100%] Built target garmin_gps_18x_lvc
[12.207s] Invoked command in '/home/chinchia120/autoware.ai/build/garmin' returned '0': CMAKE_PREFIX_PATH=/home/chinchia120/autoware.ai/install/autoware_build_flags:${CMAKE_PREFIX_PATH} PKG_CONFIG_PATH=/home/chinchia120/autoware.ai/install/autoware_build_flags/lib/x86_64-linux-gnu/pkgconfig:/home/chinchia120/autoware.ai/install/autoware_build_flags/lib/pkgconfig:${PKG_CONFIG_PATH} ROS_PACKAGE_PATH=/home/chinchia120/autoware.ai/install/autoware_build_flags/share:${ROS_PACKAGE_PATH} /usr/bin/cmake --build /home/chinchia120/autoware.ai/build/garmin -- -j4 -l4
[12.390s] Invoking command in '/home/chinchia120/autoware.ai/build/garmin': CMAKE_PREFIX_PATH=/home/chinchia120/autoware.ai/install/autoware_build_flags:${CMAKE_PREFIX_PATH} PKG_CONFIG_PATH=/home/chinchia120/autoware.ai/install/autoware_build_flags/lib/x86_64-linux-gnu/pkgconfig:/home/chinchia120/autoware.ai/install/autoware_build_flags/lib/pkgconfig:${PKG_CONFIG_PATH} ROS_PACKAGE_PATH=/home/chinchia120/autoware.ai/install/autoware_build_flags/share:${ROS_PACKAGE_PATH} /usr/bin/cmake --build /home/chinchia120/autoware.ai/build/garmin --target tests -- -j4 -l4
[12.528s] [35m[1mScanning dependencies of target tests[0m
[12.550s] Built target tests
[12.577s] Invoked command in '/home/chinchia120/autoware.ai/build/garmin' returned '0': CMAKE_PREFIX_PATH=/home/chinchia120/autoware.ai/install/autoware_build_flags:${CMAKE_PREFIX_PATH} PKG_CONFIG_PATH=/home/chinchia120/autoware.ai/install/autoware_build_flags/lib/x86_64-linux-gnu/pkgconfig:/home/chinchia120/autoware.ai/install/autoware_build_flags/lib/pkgconfig:${PKG_CONFIG_PATH} ROS_PACKAGE_PATH=/home/chinchia120/autoware.ai/install/autoware_build_flags/share:${ROS_PACKAGE_PATH} /usr/bin/cmake --build /home/chinchia120/autoware.ai/build/garmin --target tests -- -j4 -l4
[12.749s] Invoking command in '/home/chinchia120/autoware.ai/build/garmin': CMAKE_PREFIX_PATH=/home/chinchia120/autoware.ai/install/autoware_build_flags:${CMAKE_PREFIX_PATH} PKG_CONFIG_PATH=/home/chinchia120/autoware.ai/install/autoware_build_flags/lib/x86_64-linux-gnu/pkgconfig:/home/chinchia120/autoware.ai/install/autoware_build_flags/lib/pkgconfig:${PKG_CONFIG_PATH} ROS_PACKAGE_PATH=/home/chinchia120/autoware.ai/install/autoware_build_flags/share:${ROS_PACKAGE_PATH} /usr/bin/cmake --build /home/chinchia120/autoware.ai/build/garmin --target install -- -j4 -l4
[12.864s] [100%] Built target garmin_gps_18x_lvc
[12.912s] [36mInstall the project...[0m
[12.935s] -- Install configuration: "Release"
[12.935s] -- Installing: /home/chinchia120/autoware.ai/install/garmin/lib/pkgconfig/garmin.pc
[12.935s] -- Installing: /home/chinchia120/autoware.ai/install/garmin/share/garmin/cmake/garminConfig.cmake
[12.936s] -- Installing: /home/chinchia120/autoware.ai/install/garmin/share/garmin/cmake/garminConfig-version.cmake
[12.936s] -- Installing: /home/chinchia120/autoware.ai/install/garmin/share/garmin/package.xml
[12.936s] -- Installing: /home/chinchia120/autoware.ai/install/garmin/lib/garmin/garmin_gps_18x_lvc
[12.937s] -- Set runtime path of "/home/chinchia120/autoware.ai/install/garmin/lib/garmin/garmin_gps_18x_lvc" to ""
[12.947s] Invoked command in '/home/chinchia120/autoware.ai/build/garmin' returned '0': CMAKE_PREFIX_PATH=/home/chinchia120/autoware.ai/install/autoware_build_flags:${CMAKE_PREFIX_PATH} PKG_CONFIG_PATH=/home/chinchia120/autoware.ai/install/autoware_build_flags/lib/x86_64-linux-gnu/pkgconfig:/home/chinchia120/autoware.ai/install/autoware_build_flags/lib/pkgconfig:${PKG_CONFIG_PATH} ROS_PACKAGE_PATH=/home/chinchia120/autoware.ai/install/autoware_build_flags/share:${ROS_PACKAGE_PATH} /usr/bin/cmake --build /home/chinchia120/autoware.ai/build/garmin --target install -- -j4 -l4
