[0.049s] Invoking command in '/home/chinchia120/autoware.ai/build/range_vision_fusion': CMAKE_PREFIX_PATH=/home/chinchia120/autoware.ai/install/autoware_msgs:/home/chinchia120/autoware.ai/install/autoware_build_flags:${CMAKE_PREFIX_PATH} PKG_CONFIG_PATH=/home/chinchia120/autoware.ai/install/autoware_msgs/lib/x86_64-linux-gnu/pkgconfig:/home/chinchia120/autoware.ai/install/autoware_msgs/lib/pkgconfig:/home/chinchia120/autoware.ai/install/autoware_build_flags/lib/x86_64-linux-gnu/pkgconfig:/home/chinchia120/autoware.ai/install/autoware_build_flags/lib/pkgconfig:${PKG_CONFIG_PATH} PYTHONPATH=/home/chinchia120/autoware.ai/install/autoware_msgs/lib/python2.7/dist-packages:${PYTHONPATH} ROS_PACKAGE_PATH=/home/chinchia120/autoware.ai/install/autoware_msgs/share:/home/chinchia120/autoware.ai/install/autoware_build_flags/share:${ROS_PACKAGE_PATH} /usr/bin/cmake /home/chinchia120/autoware.ai/src/autoware/core_perception/range_vision_fusion -DCMAKE_BUILD_TYPE=Release -DCATKIN_INSTALL_INTO_PREFIX_ROOT=0 -DCMAKE_INSTALL_PREFIX=/home/chinchia120/autoware.ai/install/range_vision_fusion
[0.233s] -- The C compiler identification is GNU 7.5.0
[0.416s] -- The CXX compiler identification is GNU 7.5.0
[0.432s] -- Check for working C compiler: /usr/bin/cc
[0.684s] -- Check for working C compiler: /usr/bin/cc -- works
[0.684s] -- Detecting C compiler ABI info
[0.907s] -- Detecting C compiler ABI info - done
[0.950s] -- Detecting C compile features
[1.668s] -- Detecting C compile features - done
[1.678s] -- Check for working CXX compiler: /usr/bin/c++
[1.914s] -- Check for working CXX compiler: /usr/bin/c++ -- works
[1.916s] -- Detecting CXX compiler ABI info
[2.149s] -- Detecting CXX compiler ABI info - done
[2.182s] -- Detecting CXX compile features
[3.212s] -- Detecting CXX compile features - done
[3.215s] -- CUDA compilation status: 1.
[3.219s] -- Using CATKIN_DEVEL_PREFIX: /home/chinchia120/autoware.ai/build/range_vision_fusion/devel
[3.219s] -- Using CMAKE_PREFIX_PATH: /home/chinchia120/autoware.ai/install/autoware_msgs;/home/chinchia120/autoware.ai/install/autoware_build_flags;/home/chinchia120/catkin_ws/devel;/opt/ros/melodic
[3.219s] -- This workspace overlays: /home/chinchia120/autoware.ai/install/autoware_msgs;/home/chinchia120/autoware.ai/install/autoware_build_flags;/home/chinchia120/catkin_ws/devel;/opt/ros/melodic
[3.250s] -- Found PythonInterp: /usr/bin/python2 (found suitable version "2.7.17", minimum required is "2") 
[3.251s] -- Using PYTHON_EXECUTABLE: /usr/bin/python2
[3.251s] -- Using Debian Python package layout
[3.251s] -- Using empy: /usr/bin/empy
[3.590s] -- Using CATKIN_ENABLE_TESTING: ON
[3.591s] -- Call enable_testing()
[3.597s] -- Using CATKIN_TEST_RESULTS_DIR: /home/chinchia120/autoware.ai/build/range_vision_fusion/test_results
[3.644s] -- Found gtest sources under '/usr/src/googletest': gtests will be built
[3.644s] -- Found gmock sources under '/usr/src/googletest': gmock will be built
[3.679s] -- Found PythonInterp: /usr/bin/python2 (found version "2.7.17") 
[3.681s] -- Looking for pthread.h
[3.935s] -- Looking for pthread.h - found
[3.936s] -- Looking for pthread_create
[4.530s] -- Looking for pthread_create - not found
[4.530s] -- Looking for pthread_create in pthreads
[4.668s] -- Looking for pthread_create in pthreads - not found
[4.668s] -- Looking for pthread_create in pthread
[4.945s] -- Looking for pthread_create in pthread - found
[4.948s] -- Found Threads: TRUE  
[4.958s] -- Using Python nosetests: /usr/bin/nosetests-2.7
[5.052s] -- catkin 0.7.29
[5.053s] -- BUILD_SHARED_LIBS is on
[5.749s] -- Using these message generators: gencpp;geneus;genlisp;gennodejs;genpy
[10.300s] -- Found OpenCV: /usr (found version "3.2.0") 
[10.300s] -- Found OpenGL: /usr/lib/x86_64-linux-gnu/libOpenGL.so   
[10.300s] -- Found PkgConfig: /usr/bin/pkg-config (found version "0.29.1") 
[10.301s] -- Checking for module 'yaml-cpp'
[10.990s] --   Found yaml-cpp, version 0.5.2
[26.202s] -- Configuring done
[26.489s] -- Generating done
[26.521s] -- Build files have been written to: /home/chinchia120/autoware.ai/build/range_vision_fusion
[26.535s] Invoked command in '/home/chinchia120/autoware.ai/build/range_vision_fusion' returned '0': CMAKE_PREFIX_PATH=/home/chinchia120/autoware.ai/install/autoware_msgs:/home/chinchia120/autoware.ai/install/autoware_build_flags:${CMAKE_PREFIX_PATH} PKG_CONFIG_PATH=/home/chinchia120/autoware.ai/install/autoware_msgs/lib/x86_64-linux-gnu/pkgconfig:/home/chinchia120/autoware.ai/install/autoware_msgs/lib/pkgconfig:/home/chinchia120/autoware.ai/install/autoware_build_flags/lib/x86_64-linux-gnu/pkgconfig:/home/chinchia120/autoware.ai/install/autoware_build_flags/lib/pkgconfig:${PKG_CONFIG_PATH} PYTHONPATH=/home/chinchia120/autoware.ai/install/autoware_msgs/lib/python2.7/dist-packages:${PYTHONPATH} ROS_PACKAGE_PATH=/home/chinchia120/autoware.ai/install/autoware_msgs/share:/home/chinchia120/autoware.ai/install/autoware_build_flags/share:${ROS_PACKAGE_PATH} /usr/bin/cmake /home/chinchia120/autoware.ai/src/autoware/core_perception/range_vision_fusion -DCMAKE_BUILD_TYPE=Release -DCATKIN_INSTALL_INTO_PREFIX_ROOT=0 -DCMAKE_INSTALL_PREFIX=/home/chinchia120/autoware.ai/install/range_vision_fusion
[26.544s] Invoking command in '/home/chinchia120/autoware.ai/build/range_vision_fusion': CMAKE_PREFIX_PATH=/home/chinchia120/autoware.ai/install/autoware_msgs:/home/chinchia120/autoware.ai/install/autoware_build_flags:${CMAKE_PREFIX_PATH} PKG_CONFIG_PATH=/home/chinchia120/autoware.ai/install/autoware_msgs/lib/x86_64-linux-gnu/pkgconfig:/home/chinchia120/autoware.ai/install/autoware_msgs/lib/pkgconfig:/home/chinchia120/autoware.ai/install/autoware_build_flags/lib/x86_64-linux-gnu/pkgconfig:/home/chinchia120/autoware.ai/install/autoware_build_flags/lib/pkgconfig:${PKG_CONFIG_PATH} PYTHONPATH=/home/chinchia120/autoware.ai/install/autoware_msgs/lib/python2.7/dist-packages:${PYTHONPATH} ROS_PACKAGE_PATH=/home/chinchia120/autoware.ai/install/autoware_msgs/share:/home/chinchia120/autoware.ai/install/autoware_build_flags/share:${ROS_PACKAGE_PATH} /usr/bin/cmake --build /home/chinchia120/autoware.ai/build/range_vision_fusion -- -j4 -l4
[26.663s] [35m[1mScanning dependencies of target visualization_msgs_generate_messages_eus[0m
[26.689s] [  0%] Built target visualization_msgs_generate_messages_eus
[26.712s] [35m[1mScanning dependencies of target tf2_msgs_generate_messages_eus[0m
[26.737s] [  0%] Built target tf2_msgs_generate_messages_eus
[26.771s] [35m[1mScanning dependencies of target tf2_msgs_generate_messages_cpp[0m
[26.797s] [  0%] Built target tf2_msgs_generate_messages_cpp
[26.830s] [35m[1mScanning dependencies of target tf2_msgs_generate_messages_py[0m
[26.856s] [  0%] Built target tf2_msgs_generate_messages_py
[26.884s] [35m[1mScanning dependencies of target actionlib_generate_messages_py[0m
[26.916s] [  0%] Built target actionlib_generate_messages_py
[26.947s] [35m[1mScanning dependencies of target actionlib_generate_messages_cpp[0m
[26.978s] [  0%] Built target actionlib_generate_messages_cpp
[27.018s] [35m[1mScanning dependencies of target tf_generate_messages_nodejs[0m
[27.048s] [  0%] Built target tf_generate_messages_nodejs
[27.079s] [35m[1mScanning dependencies of target tf_generate_messages_lisp[0m
[27.119s] [  0%] Built target tf_generate_messages_lisp
[27.179s] [35m[1mScanning dependencies of target topic_tools_generate_messages_nodejs[0m
[27.223s] [  0%] Built target topic_tools_generate_messages_nodejs
[27.257s] [35m[1mScanning dependencies of target topic_tools_generate_messages_eus[0m
[27.294s] [  0%] Built target topic_tools_generate_messages_eus
[27.335s] [35m[1mScanning dependencies of target topic_tools_generate_messages_cpp[0m
[27.406s] [  0%] Built target topic_tools_generate_messages_cpp
[27.437s] [35m[1mScanning dependencies of target std_srvs_generate_messages_py[0m
[27.468s] [  0%] Built target std_srvs_generate_messages_py
[27.499s] [35m[1mScanning dependencies of target std_srvs_generate_messages_nodejs[0m
[27.529s] [  0%] Built target std_srvs_generate_messages_nodejs
[27.558s] [35m[1mScanning dependencies of target geometry_msgs_generate_messages_py[0m
[27.592s] [  0%] Built target geometry_msgs_generate_messages_py
[27.626s] [35m[1mScanning dependencies of target sensor_msgs_generate_messages_nodejs[0m
[27.655s] [  0%] Built target sensor_msgs_generate_messages_nodejs
[27.687s] [35m[1mScanning dependencies of target roscpp_generate_messages_cpp[0m
[27.717s] [  0%] Built target roscpp_generate_messages_cpp
[27.746s] [35m[1mScanning dependencies of target pcl_msgs_generate_messages_eus[0m
[27.771s] [  0%] Built target pcl_msgs_generate_messages_eus
[27.800s] [35m[1mScanning dependencies of target rosgraph_msgs_generate_messages_eus[0m
[27.830s] [  0%] Built target rosgraph_msgs_generate_messages_eus
[27.858s] [35m[1mScanning dependencies of target jsk_recognition_msgs_generate_messages_lisp[0m
[27.890s] [  0%] Built target jsk_recognition_msgs_generate_messages_lisp
[27.929s] [35m[1mScanning dependencies of target jsk_recognition_msgs_generate_messages_eus[0m
[28.031s] [  0%] Built target jsk_recognition_msgs_generate_messages_eus
[28.133s] [35m[1mScanning dependencies of target std_msgs_generate_messages_py[0m
[28.200s] [  0%] Built target std_msgs_generate_messages_py
[28.249s] [35m[1mScanning dependencies of target std_msgs_generate_messages_nodejs[0m
[28.278s] [  0%] Built target std_msgs_generate_messages_nodejs
[28.322s] [35m[1mScanning dependencies of target bond_generate_messages_lisp[0m
[28.353s] [  0%] Built target bond_generate_messages_lisp
[28.398s] [35m[1mScanning dependencies of target sensor_msgs_generate_messages_eus[0m
[28.445s] [  0%] Built target sensor_msgs_generate_messages_eus
[28.473s] [35m[1mScanning dependencies of target sensor_msgs_generate_messages_cpp[0m
[28.517s] [  0%] Built target sensor_msgs_generate_messages_cpp
[28.548s] [35m[1mScanning dependencies of target autoware_msgs_generate_messages_cpp[0m
[28.589s] [  0%] Built target autoware_msgs_generate_messages_cpp
[28.619s] [35m[1mScanning dependencies of target rosgraph_msgs_generate_messages_cpp[0m
[28.648s] [  0%] Built target rosgraph_msgs_generate_messages_cpp
[28.680s] [35m[1mScanning dependencies of target tf_generate_messages_py[0m
[28.710s] [  0%] Built target tf_generate_messages_py
[28.737s] [35m[1mScanning dependencies of target dynamic_reconfigure_generate_messages_cpp[0m
[28.769s] [  0%] Built target dynamic_reconfigure_generate_messages_cpp
[28.800s] [35m[1mScanning dependencies of target pcl_msgs_generate_messages_nodejs[0m
[28.831s] [  0%] Built target pcl_msgs_generate_messages_nodejs
[28.860s] [35m[1mScanning dependencies of target nodelet_generate_messages_nodejs[0m
[28.892s] [  0%] Built target nodelet_generate_messages_nodejs
[28.924s] [35m[1mScanning dependencies of target jsk_recognition_msgs_generate_messages_py[0m
[28.955s] [  0%] Built target jsk_recognition_msgs_generate_messages_py
[28.979s] [35m[1mScanning dependencies of target sensor_msgs_generate_messages_lisp[0m
[29.010s] [  0%] Built target sensor_msgs_generate_messages_lisp
[29.040s] [35m[1mScanning dependencies of target std_msgs_generate_messages_cpp[0m
[29.070s] [  0%] Built target std_msgs_generate_messages_cpp
[29.101s] [35m[1mScanning dependencies of target jsk_footstep_msgs_generate_messages_py[0m
[29.132s] [  0%] Built target jsk_footstep_msgs_generate_messages_py
[29.164s] [35m[1mScanning dependencies of target sensor_msgs_generate_messages_py[0m
[29.196s] [  0%] Built target sensor_msgs_generate_messages_py
[29.226s] [35m[1mScanning dependencies of target nodelet_generate_messages_py[0m
[29.258s] [  0%] Built target nodelet_generate_messages_py
[29.291s] [35m[1mScanning dependencies of target geometry_msgs_generate_messages_eus[0m
[29.323s] [  0%] Built target geometry_msgs_generate_messages_eus
[29.578s] [35m[1mScanning dependencies of target std_msgs_generate_messages_lisp[0m
[29.579s] [  0%] Built target std_msgs_generate_messages_lisp
[29.579s] [35m[1mScanning dependencies of target roscpp_generate_messages_nodejs[0m
[29.579s] [  0%] Built target roscpp_generate_messages_nodejs
[29.579s] [35m[1mScanning dependencies of target geometry_msgs_generate_messages_nodejs[0m
[29.580s] [  0%] Built target geometry_msgs_generate_messages_nodejs
[29.597s] [35m[1mScanning dependencies of target actionlib_generate_messages_eus[0m
[29.622s] [  0%] Built target actionlib_generate_messages_eus
[29.662s] [35m[1mScanning dependencies of target pcl_msgs_generate_messages_py[0m
[29.692s] [  0%] Built target pcl_msgs_generate_messages_py
[29.718s] [35m[1mScanning dependencies of target geometry_msgs_generate_messages_lisp[0m
[29.746s] [  0%] Built target geometry_msgs_generate_messages_lisp
[29.771s] [35m[1mScanning dependencies of target actionlib_generate_messages_lisp[0m
[29.803s] [  0%] Built target actionlib_generate_messages_lisp
[29.824s] [35m[1mScanning dependencies of target geometry_msgs_generate_messages_cpp[0m
[29.857s] [  0%] Built target geometry_msgs_generate_messages_cpp
[29.911s] [35m[1mScanning dependencies of target pcl_msgs_generate_messages_cpp[0m
[29.939s] [  0%] Built target pcl_msgs_generate_messages_cpp
[29.975s] [35m[1mScanning dependencies of target dynamic_reconfigure_generate_messages_lisp[0m
[30.015s] [  0%] Built target dynamic_reconfigure_generate_messages_lisp
[30.049s] [35m[1mScanning dependencies of target topic_tools_generate_messages_lisp[0m
[30.079s] [  0%] Built target topic_tools_generate_messages_lisp
[30.112s] [35m[1mScanning dependencies of target jsk_recognition_msgs_generate_messages_cpp[0m
[30.144s] [  0%] Built target jsk_recognition_msgs_generate_messages_cpp
[30.171s] [35m[1mScanning dependencies of target autoware_msgs_generate_messages_eus[0m
[30.194s] [  0%] Built target autoware_msgs_generate_messages_eus
[30.224s] [35m[1mScanning dependencies of target autoware_msgs_generate_messages_lisp[0m
[30.250s] [  0%] Built target autoware_msgs_generate_messages_lisp
[30.278s] [35m[1mScanning dependencies of target autoware_msgs_generate_messages_py[0m
[30.305s] [  0%] Built target autoware_msgs_generate_messages_py
[30.342s] [35m[1mScanning dependencies of target nodelet_generate_messages_lisp[0m
[30.391s] [  0%] Built target nodelet_generate_messages_lisp
[30.421s] [35m[1mScanning dependencies of target actionlib_generate_messages_nodejs[0m
[30.459s] [  0%] Built target actionlib_generate_messages_nodejs
[30.488s] [35m[1mScanning dependencies of target tf_generate_messages_cpp[0m
[30.518s] [  0%] Built target tf_generate_messages_cpp
[30.547s] [35m[1mScanning dependencies of target pcl_msgs_generate_messages_lisp[0m
[30.597s] [  0%] Built target pcl_msgs_generate_messages_lisp
[30.640s] [35m[1mScanning dependencies of target visualization_msgs_generate_messages_lisp[0m
[30.669s] [  0%] Built target visualization_msgs_generate_messages_lisp
[30.715s] [35m[1mScanning dependencies of target std_msgs_generate_messages_eus[0m
[30.760s] [  0%] Built target std_msgs_generate_messages_eus
[30.798s] [35m[1mScanning dependencies of target autoware_msgs_generate_messages_nodejs[0m
[30.829s] [  0%] Built target autoware_msgs_generate_messages_nodejs
[30.869s] [35m[1mScanning dependencies of target jsk_footstep_msgs_generate_messages_eus[0m
[30.894s] [  0%] Built target jsk_footstep_msgs_generate_messages_eus
[30.924s] [35m[1mScanning dependencies of target jsk_topic_tools_generate_messages_eus[0m
[30.951s] [  0%] Built target jsk_topic_tools_generate_messages_eus
[30.972s] [35m[1mScanning dependencies of target actionlib_msgs_generate_messages_py[0m
[31.003s] [  0%] Built target actionlib_msgs_generate_messages_py
[31.037s] [35m[1mScanning dependencies of target jsk_footstep_msgs_generate_messages_lisp[0m
[31.057s] [  0%] Built target jsk_footstep_msgs_generate_messages_lisp
[31.088s] [35m[1mScanning dependencies of target jsk_footstep_msgs_generate_messages_nodejs[0m
[31.123s] [  0%] Built target jsk_footstep_msgs_generate_messages_nodejs
[31.149s] [35m[1mScanning dependencies of target tf_generate_messages_eus[0m
[31.170s] [  0%] Built target tf_generate_messages_eus
[31.210s] [35m[1mScanning dependencies of target jsk_footstep_msgs_generate_messages_cpp[0m
[31.235s] [  0%] Built target jsk_footstep_msgs_generate_messages_cpp
[31.260s] [35m[1mScanning dependencies of target actionlib_msgs_generate_messages_cpp[0m
[31.301s] [  0%] Built target actionlib_msgs_generate_messages_cpp
[31.322s] [35m[1mScanning dependencies of target std_srvs_generate_messages_cpp[0m
[31.341s] [  0%] Built target std_srvs_generate_messages_cpp
[31.368s] [35m[1mScanning dependencies of target actionlib_msgs_generate_messages_lisp[0m
[31.395s] [  0%] Built target actionlib_msgs_generate_messages_lisp
[31.433s] [35m[1mScanning dependencies of target jsk_recognition_msgs_generate_messages_nodejs[0m
[31.462s] [  0%] Built target jsk_recognition_msgs_generate_messages_nodejs
[31.491s] [35m[1mScanning dependencies of target std_srvs_generate_messages_eus[0m
[31.530s] [  0%] Built target std_srvs_generate_messages_eus
[31.571s] [35m[1mScanning dependencies of target roscpp_generate_messages_lisp[0m
[31.607s] [  0%] Built target roscpp_generate_messages_lisp
[31.638s] [35m[1mScanning dependencies of target bond_generate_messages_eus[0m
[31.682s] [  0%] Built target bond_generate_messages_eus
[31.710s] [35m[1mScanning dependencies of target roscpp_generate_messages_py[0m
[31.757s] [  0%] Built target roscpp_generate_messages_py
[31.796s] [35m[1mScanning dependencies of target jsk_topic_tools_generate_messages_nodejs[0m
[31.822s] [  0%] Built target jsk_topic_tools_generate_messages_nodejs
[31.849s] [35m[1mScanning dependencies of target rosgraph_msgs_generate_messages_lisp[0m
[31.870s] [  0%] Built target rosgraph_msgs_generate_messages_lisp
[31.900s] [35m[1mScanning dependencies of target rosgraph_msgs_generate_messages_nodejs[0m
[31.941s] [  0%] Built target rosgraph_msgs_generate_messages_nodejs
[31.967s] [35m[1mScanning dependencies of target roscpp_generate_messages_eus[0m
[32.003s] [  0%] Built target roscpp_generate_messages_eus
[32.025s] [35m[1mScanning dependencies of target actionlib_msgs_generate_messages_eus[0m
[32.054s] [  0%] Built target actionlib_msgs_generate_messages_eus
[32.088s] [35m[1mScanning dependencies of target rosgraph_msgs_generate_messages_py[0m
[32.116s] [  0%] Built target rosgraph_msgs_generate_messages_py
[32.143s] [35m[1mScanning dependencies of target jsk_recognition_utils_gencfg[0m
[32.166s] [  0%] Built target jsk_recognition_utils_gencfg
[32.198s] [35m[1mScanning dependencies of target pcl_ros_gencfg[0m
[32.224s] [  0%] Built target pcl_ros_gencfg
[32.255s] [35m[1mScanning dependencies of target dynamic_reconfigure_generate_messages_eus[0m
[32.298s] [  0%] Built target dynamic_reconfigure_generate_messages_eus
[32.325s] [35m[1mScanning dependencies of target dynamic_reconfigure_generate_messages_nodejs[0m
[32.360s] [  0%] Built target dynamic_reconfigure_generate_messages_nodejs
[32.385s] [35m[1mScanning dependencies of target dynamic_reconfigure_generate_messages_py[0m
[32.414s] [  0%] Built target dynamic_reconfigure_generate_messages_py
[32.446s] [35m[1mScanning dependencies of target tf2_msgs_generate_messages_lisp[0m
[32.470s] [  0%] Built target tf2_msgs_generate_messages_lisp
[32.494s] [35m[1mScanning dependencies of target dynamic_reconfigure_gencfg[0m
[32.538s] [  0%] Built target dynamic_reconfigure_gencfg
[32.568s] [35m[1mScanning dependencies of target nodelet_generate_messages_cpp[0m
[32.589s] [  0%] Built target nodelet_generate_messages_cpp
[32.615s] [35m[1mScanning dependencies of target bond_generate_messages_py[0m
[32.639s] [  0%] Built target bond_generate_messages_py
[32.666s] [35m[1mScanning dependencies of target nodelet_generate_messages_eus[0m
[32.710s] [  0%] Built target nodelet_generate_messages_eus
[32.744s] [35m[1mScanning dependencies of target bond_generate_messages_cpp[0m
[32.775s] [  0%] Built target bond_generate_messages_cpp
[32.812s] [35m[1mScanning dependencies of target bond_generate_messages_nodejs[0m
[32.843s] [  0%] Built target bond_generate_messages_nodejs
[32.879s] [35m[1mScanning dependencies of target topic_tools_generate_messages_py[0m
[32.908s] [  0%] Built target topic_tools_generate_messages_py
[32.941s] [35m[1mScanning dependencies of target actionlib_msgs_generate_messages_nodejs[0m
[32.973s] [  0%] Built target actionlib_msgs_generate_messages_nodejs
[33.004s] [35m[1mScanning dependencies of target nodelet_topic_tools_gencfg[0m
[33.034s] [  0%] Built target nodelet_topic_tools_gencfg
[33.096s] [35m[1mScanning dependencies of target _catkin_empty_exported_target[0m
[33.175s] [  0%] Built target _catkin_empty_exported_target
[33.219s] [35m[1mScanning dependencies of target std_srvs_generate_messages_lisp[0m
[33.248s] [  0%] Built target std_srvs_generate_messages_lisp
[33.275s] [35m[1mScanning dependencies of target jsk_topic_tools_generate_messages_py[0m
[33.305s] [  0%] Built target jsk_topic_tools_generate_messages_py
[33.331s] [35m[1mScanning dependencies of target jsk_topic_tools_generate_messages_lisp[0m
[33.359s] [  0%] Built target jsk_topic_tools_generate_messages_lisp
[33.390s] [35m[1mScanning dependencies of target jsk_topic_tools_generate_messages_cpp[0m
[33.419s] [  0%] Built target jsk_topic_tools_generate_messages_cpp
[33.477s] [35m[1mScanning dependencies of target jsk_topic_tools_gencfg[0m
[33.515s] [  0%] Built target jsk_topic_tools_gencfg
[33.543s] [35m[1mScanning dependencies of target visualization_msgs_generate_messages_py[0m
[33.584s] [  0%] Built target visualization_msgs_generate_messages_py
[33.617s] [35m[1mScanning dependencies of target visualization_msgs_generate_messages_nodejs[0m
[33.644s] [  0%] Built target visualization_msgs_generate_messages_nodejs
[33.670s] [35m[1mScanning dependencies of target visualization_msgs_generate_messages_cpp[0m
[33.701s] [  0%] Built target visualization_msgs_generate_messages_cpp
[33.742s] [35m[1mScanning dependencies of target tf2_msgs_generate_messages_nodejs[0m
[33.771s] [  0%] Built target tf2_msgs_generate_messages_nodejs
[33.802s] [35m[1mScanning dependencies of target range_vision_fusion_lib[0m
[34.122s] [ 25%] [32mBuilding CXX object CMakeFiles/range_vision_fusion_lib.dir/src/range_vision_fusion.cpp.o[0m
[73.285s] In file included from [01m[K/usr/include/pcl-1.8/pcl/sample_consensus/sac_model.h:52:0[m[K,
[73.286s]                  from [01m[K/usr/include/pcl-1.8/pcl/sample_consensus/sac_model_plane.h:44[m[K,
[73.286s]                  from [01m[K/usr/include/pcl-1.8/pcl/segmentation/extract_polygonal_prism_data.h:42[m[K,
[73.286s]                  from [01m[K/opt/ros/melodic/include/jsk_recognition_utils/geo/convex_polygon.h:40[m[K,
[73.287s]                  from [01m[K/opt/ros/melodic/include/jsk_recognition_utils/geo/cube.h:40[m[K,
[73.287s]                  from [01m[K/home/chinchia120/autoware.ai/src/autoware/core_perception/range_vision_fusion/include/range_vision_fusion/range_vision_fusion.h:41[m[K,
[73.287s]                  from [01m[K/home/chinchia120/autoware.ai/src/autoware/core_perception/range_vision_fusion/src/range_vision_fusion.cpp:23[m[K:
[73.287s] [01m[K/usr/include/pcl-1.8/pcl/sample_consensus/model_types.h:[m[K In function ‘[01m[Kvoid __static_initialization_and_destruction_0(int, int)[m[K’:
[73.288s] [01m[K/usr/include/pcl-1.8/pcl/sample_consensus/model_types.h:99:3:[m[K [01;35m[Kwarning: [m[K‘[01m[Kpcl::SAC_SAMPLE_SIZE[m[K’ is deprecated: This map is deprecated and is kept only to prevent breaking existing user code. Starting from PCL 1.8.0 model sample size is a protected member of the SampleConsensusModel class [[01;35m[K-Wdeprecated-declarations[m[K]
[73.288s]    [01;35m[KSAC_SAMPLE_SIZE[m[K (sample_size_pairs, sample_size_pairs + sizeof (sample_size_pairs) / sizeof (SampleSizeModel));
[73.288s]    [01;35m[K^~~~~~~~~~~~~~~[m[K
[73.288s] [01m[K/usr/include/pcl-1.8/pcl/sample_consensus/model_types.h:99:3:[m[K [01;36m[Knote: [m[Kdeclared here
[89.632s] [ 50%] [32m[1mLinking CXX shared library devel/lib/librange_vision_fusion_lib.so[0m
[90.609s] [ 50%] Built target range_vision_fusion_lib
[90.632s] [35m[1mScanning dependencies of target range_vision_fusion[0m
[90.833s] [ 75%] [32mBuilding CXX object CMakeFiles/range_vision_fusion.dir/src/range_vision_fusion_node.cpp.o[0m
[118.054s] In file included from [01m[K/usr/include/pcl-1.8/pcl/sample_consensus/sac_model.h:52:0[m[K,
[118.054s]                  from [01m[K/usr/include/pcl-1.8/pcl/sample_consensus/sac_model_plane.h:44[m[K,
[118.055s]                  from [01m[K/usr/include/pcl-1.8/pcl/segmentation/extract_polygonal_prism_data.h:42[m[K,
[118.055s]                  from [01m[K/opt/ros/melodic/include/jsk_recognition_utils/geo/convex_polygon.h:40[m[K,
[118.055s]                  from [01m[K/opt/ros/melodic/include/jsk_recognition_utils/geo/cube.h:40[m[K,
[118.055s]                  from [01m[K/home/chinchia120/autoware.ai/src/autoware/core_perception/range_vision_fusion/include/range_vision_fusion/range_vision_fusion.h:41[m[K,
[118.055s]                  from [01m[K/home/chinchia120/autoware.ai/src/autoware/core_perception/range_vision_fusion/src/range_vision_fusion_node.cpp:23[m[K:
[118.056s] [01m[K/usr/include/pcl-1.8/pcl/sample_consensus/model_types.h:[m[K In function ‘[01m[Kvoid __static_initialization_and_destruction_0(int, int)[m[K’:
[118.056s] [01m[K/usr/include/pcl-1.8/pcl/sample_consensus/model_types.h:99:3:[m[K [01;35m[Kwarning: [m[K‘[01m[Kpcl::SAC_SAMPLE_SIZE[m[K’ is deprecated: This map is deprecated and is kept only to prevent breaking existing user code. Starting from PCL 1.8.0 model sample size is a protected member of the SampleConsensusModel class [[01;35m[K-Wdeprecated-declarations[m[K]
[118.056s]    [01;35m[KSAC_SAMPLE_SIZE[m[K (sample_size_pairs, sample_size_pairs + sizeof (sample_size_pairs) / sizeof (SampleSizeModel));
[118.056s]    [01;35m[K^~~~~~~~~~~~~~~[m[K
[118.057s] [01m[K/usr/include/pcl-1.8/pcl/sample_consensus/model_types.h:99:3:[m[K [01;36m[Knote: [m[Kdeclared here
[121.257s] [100%] [32m[1mLinking CXX executable devel/lib/range_vision_fusion/range_vision_fusion[0m
[123.612s] [100%] Built target range_vision_fusion
[123.640s] Invoked command in '/home/chinchia120/autoware.ai/build/range_vision_fusion' returned '0': CMAKE_PREFIX_PATH=/home/chinchia120/autoware.ai/install/autoware_msgs:/home/chinchia120/autoware.ai/install/autoware_build_flags:${CMAKE_PREFIX_PATH} PKG_CONFIG_PATH=/home/chinchia120/autoware.ai/install/autoware_msgs/lib/x86_64-linux-gnu/pkgconfig:/home/chinchia120/autoware.ai/install/autoware_msgs/lib/pkgconfig:/home/chinchia120/autoware.ai/install/autoware_build_flags/lib/x86_64-linux-gnu/pkgconfig:/home/chinchia120/autoware.ai/install/autoware_build_flags/lib/pkgconfig:${PKG_CONFIG_PATH} PYTHONPATH=/home/chinchia120/autoware.ai/install/autoware_msgs/lib/python2.7/dist-packages:${PYTHONPATH} ROS_PACKAGE_PATH=/home/chinchia120/autoware.ai/install/autoware_msgs/share:/home/chinchia120/autoware.ai/install/autoware_build_flags/share:${ROS_PACKAGE_PATH} /usr/bin/cmake --build /home/chinchia120/autoware.ai/build/range_vision_fusion -- -j4 -l4
[124.026s] Invoking command in '/home/chinchia120/autoware.ai/build/range_vision_fusion': CMAKE_PREFIX_PATH=/home/chinchia120/autoware.ai/install/autoware_msgs:/home/chinchia120/autoware.ai/install/autoware_build_flags:${CMAKE_PREFIX_PATH} PKG_CONFIG_PATH=/home/chinchia120/autoware.ai/install/autoware_msgs/lib/x86_64-linux-gnu/pkgconfig:/home/chinchia120/autoware.ai/install/autoware_msgs/lib/pkgconfig:/home/chinchia120/autoware.ai/install/autoware_build_flags/lib/x86_64-linux-gnu/pkgconfig:/home/chinchia120/autoware.ai/install/autoware_build_flags/lib/pkgconfig:${PKG_CONFIG_PATH} PYTHONPATH=/home/chinchia120/autoware.ai/install/autoware_msgs/lib/python2.7/dist-packages:${PYTHONPATH} ROS_PACKAGE_PATH=/home/chinchia120/autoware.ai/install/autoware_msgs/share:/home/chinchia120/autoware.ai/install/autoware_build_flags/share:${ROS_PACKAGE_PATH} /usr/bin/cmake --build /home/chinchia120/autoware.ai/build/range_vision_fusion --target tests -- -j4 -l4
[124.170s] [35m[1mScanning dependencies of target tests[0m
[124.211s] Built target tests
[124.233s] Invoked command in '/home/chinchia120/autoware.ai/build/range_vision_fusion' returned '0': CMAKE_PREFIX_PATH=/home/chinchia120/autoware.ai/install/autoware_msgs:/home/chinchia120/autoware.ai/install/autoware_build_flags:${CMAKE_PREFIX_PATH} PKG_CONFIG_PATH=/home/chinchia120/autoware.ai/install/autoware_msgs/lib/x86_64-linux-gnu/pkgconfig:/home/chinchia120/autoware.ai/install/autoware_msgs/lib/pkgconfig:/home/chinchia120/autoware.ai/install/autoware_build_flags/lib/x86_64-linux-gnu/pkgconfig:/home/chinchia120/autoware.ai/install/autoware_build_flags/lib/pkgconfig:${PKG_CONFIG_PATH} PYTHONPATH=/home/chinchia120/autoware.ai/install/autoware_msgs/lib/python2.7/dist-packages:${PYTHONPATH} ROS_PACKAGE_PATH=/home/chinchia120/autoware.ai/install/autoware_msgs/share:/home/chinchia120/autoware.ai/install/autoware_build_flags/share:${ROS_PACKAGE_PATH} /usr/bin/cmake --build /home/chinchia120/autoware.ai/build/range_vision_fusion --target tests -- -j4 -l4
[124.639s] Invoking command in '/home/chinchia120/autoware.ai/build/range_vision_fusion': CMAKE_PREFIX_PATH=/home/chinchia120/autoware.ai/install/autoware_msgs:/home/chinchia120/autoware.ai/install/autoware_build_flags:${CMAKE_PREFIX_PATH} PKG_CONFIG_PATH=/home/chinchia120/autoware.ai/install/autoware_msgs/lib/x86_64-linux-gnu/pkgconfig:/home/chinchia120/autoware.ai/install/autoware_msgs/lib/pkgconfig:/home/chinchia120/autoware.ai/install/autoware_build_flags/lib/x86_64-linux-gnu/pkgconfig:/home/chinchia120/autoware.ai/install/autoware_build_flags/lib/pkgconfig:${PKG_CONFIG_PATH} PYTHONPATH=/home/chinchia120/autoware.ai/install/autoware_msgs/lib/python2.7/dist-packages:${PYTHONPATH} ROS_PACKAGE_PATH=/home/chinchia120/autoware.ai/install/autoware_msgs/share:/home/chinchia120/autoware.ai/install/autoware_build_flags/share:${ROS_PACKAGE_PATH} /usr/bin/cmake --build /home/chinchia120/autoware.ai/build/range_vision_fusion --target install -- -j4 -l4
[124.813s] [  0%] Built target visualization_msgs_generate_messages_eus
[124.861s] [  0%] Built target tf2_msgs_generate_messages_eus
[124.916s] [  0%] Built target tf2_msgs_generate_messages_cpp
[124.962s] [  0%] Built target tf2_msgs_generate_messages_py
[125.029s] [  0%] Built target actionlib_generate_messages_py
[125.071s] [  0%] Built target actionlib_generate_messages_cpp
[125.128s] [  0%] Built target tf_generate_messages_nodejs
[125.186s] [  0%] Built target tf_generate_messages_lisp
[125.244s] [  0%] Built target topic_tools_generate_messages_nodejs
[125.293s] [  0%] Built target topic_tools_generate_messages_eus
[125.352s] [  0%] Built target topic_tools_generate_messages_cpp
[125.400s] [  0%] Built target std_srvs_generate_messages_py
[125.455s] [  0%] Built target std_srvs_generate_messages_nodejs
[125.504s] [  0%] Built target geometry_msgs_generate_messages_py
[125.557s] [  0%] Built target sensor_msgs_generate_messages_nodejs
[125.606s] [  0%] Built target roscpp_generate_messages_cpp
[125.658s] [  0%] Built target pcl_msgs_generate_messages_eus
[125.712s] [  0%] Built target rosgraph_msgs_generate_messages_eus
[125.764s] [  0%] Built target jsk_recognition_msgs_generate_messages_lisp
[125.812s] [  0%] Built target jsk_recognition_msgs_generate_messages_eus
[125.868s] [  0%] Built target std_msgs_generate_messages_py
[125.918s] [  0%] Built target std_msgs_generate_messages_nodejs
[125.977s] [  0%] Built target bond_generate_messages_lisp
[126.018s] [  0%] Built target sensor_msgs_generate_messages_eus
[126.474s] [  0%] Built target sensor_msgs_generate_messages_cpp
[126.517s] [  0%] Built target autoware_msgs_generate_messages_cpp
[126.558s] [  0%] Built target rosgraph_msgs_generate_messages_cpp
[126.601s] [  0%] Built target tf_generate_messages_py
[126.848s] [  0%] Built target dynamic_reconfigure_generate_messages_cpp
[126.905s] [  0%] Built target pcl_msgs_generate_messages_nodejs
[126.982s] [  0%] Built target nodelet_generate_messages_nodejs
[127.035s] [  0%] Built target jsk_recognition_msgs_generate_messages_py
[127.084s] [  0%] Built target sensor_msgs_generate_messages_lisp
[127.141s] [  0%] Built target std_msgs_generate_messages_cpp
[127.182s] [  0%] Built target jsk_footstep_msgs_generate_messages_py
[127.232s] [  0%] Built target sensor_msgs_generate_messages_py
[127.289s] [  0%] Built target nodelet_generate_messages_py
[127.616s] [  0%] Built target geometry_msgs_generate_messages_eus
[127.674s] [  0%] Built target std_msgs_generate_messages_lisp
[127.728s] [  0%] Built target roscpp_generate_messages_nodejs
[128.208s] [  0%] Built target geometry_msgs_generate_messages_nodejs
[128.208s] [  0%] Built target actionlib_generate_messages_eus
[128.209s] [  0%] Built target pcl_msgs_generate_messages_py
[128.209s] [  0%] Built target geometry_msgs_generate_messages_lisp
[128.375s] [  0%] Built target actionlib_generate_messages_lisp
[128.376s] [  0%] Built target geometry_msgs_generate_messages_cpp
[128.397s] [  0%] Built target pcl_msgs_generate_messages_cpp
[128.445s] [  0%] Built target dynamic_reconfigure_generate_messages_lisp
[128.512s] [  0%] Built target topic_tools_generate_messages_lisp
[128.603s] [  0%] Built target jsk_recognition_msgs_generate_messages_cpp
[128.668s] [  0%] Built target autoware_msgs_generate_messages_eus
[128.728s] [  0%] Built target autoware_msgs_generate_messages_lisp
[128.778s] [  0%] Built target autoware_msgs_generate_messages_py
[128.825s] [  0%] Built target nodelet_generate_messages_lisp
[128.895s] [  0%] Built target actionlib_generate_messages_nodejs
[128.975s] [  0%] Built target tf_generate_messages_cpp
[129.046s] [  0%] Built target pcl_msgs_generate_messages_lisp
[129.111s] [  0%] Built target visualization_msgs_generate_messages_lisp
[129.224s] [  0%] Built target std_msgs_generate_messages_eus
[129.290s] [  0%] Built target autoware_msgs_generate_messages_nodejs
[129.370s] [  0%] Built target jsk_footstep_msgs_generate_messages_eus
[129.449s] [  0%] Built target jsk_topic_tools_generate_messages_eus
[129.513s] [  0%] Built target actionlib_msgs_generate_messages_py
[129.586s] [  0%] Built target jsk_footstep_msgs_generate_messages_lisp
[129.653s] [  0%] Built target jsk_footstep_msgs_generate_messages_nodejs
[129.710s] [  0%] Built target tf_generate_messages_eus
[129.772s] [  0%] Built target jsk_footstep_msgs_generate_messages_cpp
[129.829s] [  0%] Built target actionlib_msgs_generate_messages_cpp
[129.888s] [  0%] Built target std_srvs_generate_messages_cpp
[129.950s] [  0%] Built target actionlib_msgs_generate_messages_lisp
[129.994s] [  0%] Built target jsk_recognition_msgs_generate_messages_nodejs
[130.065s] [  0%] Built target std_srvs_generate_messages_eus
[130.127s] [  0%] Built target roscpp_generate_messages_lisp
[130.222s] [  0%] Built target bond_generate_messages_eus
[130.279s] [  0%] Built target roscpp_generate_messages_py
[130.385s] [  0%] Built target jsk_topic_tools_generate_messages_nodejs
[130.438s] [  0%] Built target rosgraph_msgs_generate_messages_lisp
[130.500s] [  0%] Built target rosgraph_msgs_generate_messages_nodejs
[130.576s] [  0%] Built target roscpp_generate_messages_eus
[130.641s] [  0%] Built target actionlib_msgs_generate_messages_eus
[130.711s] [  0%] Built target rosgraph_msgs_generate_messages_py
[130.774s] [  0%] Built target jsk_recognition_utils_gencfg
[130.832s] [  0%] Built target pcl_ros_gencfg
[130.891s] [  0%] Built target dynamic_reconfigure_generate_messages_eus
[130.963s] [  0%] Built target dynamic_reconfigure_generate_messages_nodejs
[131.009s] [  0%] Built target dynamic_reconfigure_generate_messages_py
[131.083s] [  0%] Built target tf2_msgs_generate_messages_lisp
[131.140s] [  0%] Built target dynamic_reconfigure_gencfg
[131.204s] [  0%] Built target nodelet_generate_messages_cpp
[131.280s] [  0%] Built target bond_generate_messages_py
[131.347s] [  0%] Built target nodelet_generate_messages_eus
[131.439s] [  0%] Built target bond_generate_messages_cpp
[131.491s] [  0%] Built target bond_generate_messages_nodejs
[131.564s] [  0%] Built target topic_tools_generate_messages_py
[131.622s] [  0%] Built target actionlib_msgs_generate_messages_nodejs
[131.680s] [  0%] Built target nodelet_topic_tools_gencfg
[131.739s] [  0%] Built target _catkin_empty_exported_target
[131.800s] [  0%] Built target std_srvs_generate_messages_lisp
[131.866s] [  0%] Built target jsk_topic_tools_generate_messages_py
[131.932s] [  0%] Built target jsk_topic_tools_generate_messages_lisp
[131.980s] [  0%] Built target jsk_topic_tools_generate_messages_cpp
[132.030s] [  0%] Built target jsk_topic_tools_gencfg
[132.103s] [  0%] Built target visualization_msgs_generate_messages_py
[132.157s] [  0%] Built target visualization_msgs_generate_messages_nodejs
[132.208s] [  0%] Built target visualization_msgs_generate_messages_cpp
[132.272s] [  0%] Built target tf2_msgs_generate_messages_nodejs
[132.402s] [ 50%] Built target range_vision_fusion_lib
[132.492s] [100%] Built target range_vision_fusion
[132.564s] [36mInstall the project...[0m
[132.593s] -- Install configuration: "Release"
[132.594s] -- Installing: /home/chinchia120/autoware.ai/install/range_vision_fusion/lib/pkgconfig/range_vision_fusion.pc
[132.607s] -- Installing: /home/chinchia120/autoware.ai/install/range_vision_fusion/share/range_vision_fusion/cmake/range_vision_fusionConfig.cmake
[132.607s] -- Installing: /home/chinchia120/autoware.ai/install/range_vision_fusion/share/range_vision_fusion/cmake/range_vision_fusionConfig-version.cmake
[132.607s] -- Installing: /home/chinchia120/autoware.ai/install/range_vision_fusion/share/range_vision_fusion/package.xml
[132.607s] -- Installing: /home/chinchia120/autoware.ai/install/range_vision_fusion/lib/range_vision_fusion/range_vision_fusion
[132.609s] -- Set runtime path of "/home/chinchia120/autoware.ai/install/range_vision_fusion/lib/range_vision_fusion/range_vision_fusion" to ""
[132.609s] -- Installing: /home/chinchia120/autoware.ai/install/range_vision_fusion/lib/librange_vision_fusion_lib.so
[132.611s] -- Set runtime path of "/home/chinchia120/autoware.ai/install/range_vision_fusion/lib/librange_vision_fusion_lib.so" to ""
[132.611s] -- Installing: /home/chinchia120/autoware.ai/install/range_vision_fusion/include/range_vision_fusion
[132.611s] -- Installing: /home/chinchia120/autoware.ai/install/range_vision_fusion/include/range_vision_fusion/range_vision_fusion.h
[132.611s] -- Installing: /home/chinchia120/autoware.ai/install/range_vision_fusion/share/range_vision_fusion/launch
[132.612s] -- Installing: /home/chinchia120/autoware.ai/install/range_vision_fusion/share/range_vision_fusion/launch/range_vision_fusion.launch
[132.621s] Invoked command in '/home/chinchia120/autoware.ai/build/range_vision_fusion' returned '0': CMAKE_PREFIX_PATH=/home/chinchia120/autoware.ai/install/autoware_msgs:/home/chinchia120/autoware.ai/install/autoware_build_flags:${CMAKE_PREFIX_PATH} PKG_CONFIG_PATH=/home/chinchia120/autoware.ai/install/autoware_msgs/lib/x86_64-linux-gnu/pkgconfig:/home/chinchia120/autoware.ai/install/autoware_msgs/lib/pkgconfig:/home/chinchia120/autoware.ai/install/autoware_build_flags/lib/x86_64-linux-gnu/pkgconfig:/home/chinchia120/autoware.ai/install/autoware_build_flags/lib/pkgconfig:${PKG_CONFIG_PATH} PYTHONPATH=/home/chinchia120/autoware.ai/install/autoware_msgs/lib/python2.7/dist-packages:${PYTHONPATH} ROS_PACKAGE_PATH=/home/chinchia120/autoware.ai/install/autoware_msgs/share:/home/chinchia120/autoware.ai/install/autoware_build_flags/share:${ROS_PACKAGE_PATH} /usr/bin/cmake --build /home/chinchia120/autoware.ai/build/range_vision_fusion --target install -- -j4 -l4
