Determining if the pthread_create exist failed with the following output:
Change Dir: /home/chinchia120/autoware.ai/build/state_machine_lib/CMakeFiles/CMakeTmp

Run Build Command:"/usr/bin/make" "cmTC_44d76/fast"
/usr/bin/make -f CMakeFiles/cmTC_44d76.dir/build.make CMakeFiles/cmTC_44d76.dir/build
make[1]: Entering directory '/home/chinchia120/autoware.ai/build/state_machine_lib/CMakeFiles/CMakeTmp'
Building C object CMakeFiles/cmTC_44d76.dir/CheckSymbolExists.c.o
/usr/bin/cc    -o CMakeFiles/cmTC_44d76.dir/CheckSymbolExists.c.o   -c /home/chinchia120/autoware.ai/build/state_machine_lib/CMakeFiles/CMakeTmp/CheckSymbolExists.c
Linking C executable cmTC_44d76
/usr/bin/cmake -E cmake_link_script CMakeFiles/cmTC_44d76.dir/link.txt --verbose=1
/usr/bin/cc      -rdynamic CMakeFiles/cmTC_44d76.dir/CheckSymbolExists.c.o  -o cmTC_44d76 
CMakeFiles/cmTC_44d76.dir/CheckSymbolExists.c.o: In function `main':
CheckSymbolExists.c:(.text+0x1b): undefined reference to `pthread_create'
collect2: error: ld returned 1 exit status
CMakeFiles/cmTC_44d76.dir/build.make:97: recipe for target 'cmTC_44d76' failed
make[1]: *** [cmTC_44d76] Error 1
make[1]: Leaving directory '/home/chinchia120/autoware.ai/build/state_machine_lib/CMakeFiles/CMakeTmp'
Makefile:126: recipe for target 'cmTC_44d76/fast' failed
make: *** [cmTC_44d76/fast] Error 2

File /home/chinchia120/autoware.ai/build/state_machine_lib/CMakeFiles/CMakeTmp/CheckSymbolExists.c:
/* */
#include <pthread.h>

int main(int argc, char** argv)
{
  (void)argv;
#ifndef pthread_create
  return ((int*)(&pthread_create))[argc];
#else
  (void)argc;
  return 0;
#endif
}

Determining if the function pthread_create exists in the pthreads failed with the following output:
Change Dir: /home/chinchia120/autoware.ai/build/state_machine_lib/CMakeFiles/CMakeTmp

Run Build Command:"/usr/bin/make" "cmTC_b823f/fast"
/usr/bin/make -f CMakeFiles/cmTC_b823f.dir/build.make CMakeFiles/cmTC_b823f.dir/build
make[1]: Entering directory '/home/chinchia120/autoware.ai/build/state_machine_lib/CMakeFiles/CMakeTmp'
Building C object CMakeFiles/cmTC_b823f.dir/CheckFunctionExists.c.o
/usr/bin/cc   -DCHECK_FUNCTION_EXISTS=pthread_create   -o CMakeFiles/cmTC_b823f.dir/CheckFunctionExists.c.o   -c /usr/share/cmake-3.10/Modules/CheckFunctionExists.c
Linking C executable cmTC_b823f
/usr/bin/cmake -E cmake_link_script CMakeFiles/cmTC_b823f.dir/link.txt --verbose=1
/usr/bin/cc  -DCHECK_FUNCTION_EXISTS=pthread_create    -rdynamic CMakeFiles/cmTC_b823f.dir/CheckFunctionExists.c.o  -o cmTC_b823f -lpthreads 
/usr/bin/ld: cannot find -lpthreads
collect2: error: ld returned 1 exit status
CMakeFiles/cmTC_b823f.dir/build.make:97: recipe for target 'cmTC_b823f' failed
make[1]: *** [cmTC_b823f] Error 1
make[1]: Leaving directory '/home/chinchia120/autoware.ai/build/state_machine_lib/CMakeFiles/CMakeTmp'
Makefile:126: recipe for target 'cmTC_b823f/fast' failed
make: *** [cmTC_b823f/fast] Error 2


