[0.127s] Invoking command in '/home/chinchia120/autoware.ai/build/road_occupancy_processor': CMAKE_PREFIX_PATH=/home/chinchia120/autoware.ai/install/vector_map:/home/chinchia120/autoware.ai/install/vector_map_msgs:/home/chinchia120/autoware.ai/install/autoware_build_flags:${CMAKE_PREFIX_PATH} LD_LIBRARY_PATH=/home/chinchia120/autoware.ai/install/vector_map/lib:${LD_LIBRARY_PATH} PKG_CONFIG_PATH=/home/chinchia120/autoware.ai/install/vector_map/lib/x86_64-linux-gnu/pkgconfig:/home/chinchia120/autoware.ai/install/vector_map/lib/pkgconfig:/home/chinchia120/autoware.ai/install/vector_map_msgs/lib/x86_64-linux-gnu/pkgconfig:/home/chinchia120/autoware.ai/install/vector_map_msgs/lib/pkgconfig:/home/chinchia120/autoware.ai/install/autoware_build_flags/lib/x86_64-linux-gnu/pkgconfig:/home/chinchia120/autoware.ai/install/autoware_build_flags/lib/pkgconfig:${PKG_CONFIG_PATH} PYTHONPATH=/home/chinchia120/autoware.ai/install/vector_map_msgs/lib/python2.7/dist-packages:${PYTHONPATH} ROS_PACKAGE_PATH=/home/chinchia120/autoware.ai/install/vector_map/share:/home/chinchia120/autoware.ai/install/vector_map_msgs/share:/home/chinchia120/autoware.ai/install/autoware_build_flags/share:${ROS_PACKAGE_PATH} /usr/bin/cmake /home/chinchia120/autoware.ai/src/autoware/core_perception/road_occupancy_processor -DCMAKE_BUILD_TYPE=Release -DCATKIN_INSTALL_INTO_PREFIX_ROOT=0 -DCMAKE_INSTALL_PREFIX=/home/chinchia120/autoware.ai/install/road_occupancy_processor
[0.300s] -- The C compiler identification is GNU 7.5.0
[0.447s] -- The CXX compiler identification is GNU 7.5.0
[0.461s] -- Check for working C compiler: /usr/bin/cc
[0.682s] -- Check for working C compiler: /usr/bin/cc -- works
[0.683s] -- Detecting C compiler ABI info
[0.879s] -- Detecting C compiler ABI info - done
[0.897s] -- Detecting C compile features
[1.474s] -- Detecting C compile features - done
[1.474s] -- Check for working CXX compiler: /usr/bin/c++
[1.687s] -- Check for working CXX compiler: /usr/bin/c++ -- works
[1.695s] -- Detecting CXX compiler ABI info
[1.883s] -- Detecting CXX compiler ABI info - done
[1.903s] -- Detecting CXX compile features
[2.746s] -- Detecting CXX compile features - done
[2.756s] -- CUDA compilation status: 1.
[2.761s] -- Using CATKIN_DEVEL_PREFIX: /home/chinchia120/autoware.ai/build/road_occupancy_processor/devel
[2.761s] -- Using CMAKE_PREFIX_PATH: /home/chinchia120/autoware.ai/install/vector_map;/home/chinchia120/autoware.ai/install/vector_map_msgs;/home/chinchia120/autoware.ai/install/autoware_build_flags;/home/chinchia120/catkin_ws/devel;/opt/ros/melodic
[2.762s] -- This workspace overlays: /home/chinchia120/autoware.ai/install/vector_map;/home/chinchia120/autoware.ai/install/vector_map_msgs;/home/chinchia120/autoware.ai/install/autoware_build_flags;/home/chinchia120/catkin_ws/devel;/opt/ros/melodic
[2.802s] -- Found PythonInterp: /usr/bin/python2 (found suitable version "2.7.17", minimum required is "2") 
[2.803s] -- Using PYTHON_EXECUTABLE: /usr/bin/python2
[2.805s] -- Using Debian Python package layout
[2.805s] -- Using empy: /usr/bin/empy
[3.106s] -- Using CATKIN_ENABLE_TESTING: ON
[3.106s] -- Call enable_testing()
[3.111s] -- Using CATKIN_TEST_RESULTS_DIR: /home/chinchia120/autoware.ai/build/road_occupancy_processor/test_results
[3.153s] -- Found gtest sources under '/usr/src/googletest': gtests will be built
[3.154s] -- Found gmock sources under '/usr/src/googletest': gmock will be built
[3.183s] -- Found PythonInterp: /usr/bin/python2 (found version "2.7.17") 
[3.183s] -- Looking for pthread.h
[3.366s] -- Looking for pthread.h - found
[3.369s] -- Looking for pthread_create
[3.566s] -- Looking for pthread_create - not found
[3.566s] -- Looking for pthread_create in pthreads
[3.742s] -- Looking for pthread_create in pthreads - not found
[3.742s] -- Looking for pthread_create in pthread
[3.927s] -- Looking for pthread_create in pthread - found
[3.928s] -- Found Threads: TRUE  
[3.939s] -- Using Python nosetests: /usr/bin/nosetests-2.7
[4.027s] -- catkin 0.7.29
[4.028s] -- BUILD_SHARED_LIBS is on
[4.624s] -- Using these message generators: gencpp;geneus;genlisp;gennodejs;genpy
[6.821s] -- Found OpenCV: /usr (found version "3.2.0") 
[6.843s] -- Checking for module 'eigen3'
[6.881s] --   Found eigen3, version 3.3.7
[7.002s] -- Found eigen: /usr/local/include/eigen3  
[7.175s] -- Boost version: 1.65.1
[7.175s] -- Found the following Boost libraries:
[7.176s] --   system
[7.176s] --   filesystem
[7.177s] --   thread
[7.177s] --   date_time
[7.177s] --   iostreams
[7.178s] --   serialization
[7.178s] --   chrono
[7.178s] --   atomic
[7.179s] --   regex
[7.183s] -- Checking for module 'libopenni'
[7.229s] --   Found libopenni, version 1.5.4.0
[7.378s] -- Found openni: /usr/lib/libOpenNI.so  
[7.380s] -- Checking for module 'libopenni2'
[7.424s] --   Found libopenni2, version 2.2.0.3
[7.557s] -- Found OpenNI2: /usr/lib/libOpenNI2.so  
[7.567s] -- Could NOT find ensenso (missing: ENSENSO_LIBRARY ENSENSO_INCLUDE_DIR) 
[7.567s] ** WARNING ** io features related to ensenso will be disabled
[7.573s] -- Could NOT find DAVIDSDK (missing: DAVIDSDK_LIBRARY DAVIDSDK_INCLUDE_DIR) 
[7.573s] ** WARNING ** io features related to davidSDK will be disabled
[7.576s] -- Could NOT find DSSDK (missing: _DSSDK_LIBRARIES) 
[7.577s] ** WARNING ** io features related to dssdk will be disabled
[7.578s] ** WARNING ** io features related to pcap will be disabled
[7.578s] ** WARNING ** io features related to png will be disabled
[7.728s] -- The imported target "vtkRenderingPythonTkWidgets" references the file
[7.728s]    "/usr/lib/x86_64-linux-gnu/libvtkRenderingPythonTkWidgets.so"
[7.728s] but this file does not exist.  Possible reasons include:
[7.728s] * The file was deleted, renamed, or moved to another location.
[7.729s] * An install or uninstall procedure did not complete successfully.
[7.729s] * The installation package was faulty and contained
[7.729s]    "/usr/lib/cmake/vtk-6.3/VTKTargets.cmake"
[7.729s] but not all the files it references.
[7.729s] 
[7.731s] -- The imported target "vtk" references the file
[7.731s]    "/usr/bin/vtk"
[7.731s] but this file does not exist.  Possible reasons include:
[7.731s] * The file was deleted, renamed, or moved to another location.
[7.732s] * An install or uninstall procedure did not complete successfully.
[7.732s] * The installation package was faulty and contained
[7.732s]    "/usr/lib/cmake/vtk-6.3/VTKTargets.cmake"
[7.732s] but not all the files it references.
[7.732s] 
[7.852s] -- Found libusb-1.0: /usr/include  
[7.853s] ** WARNING ** io features related to libusb-1.0 will be disabled
[7.854s] -- Checking for module 'flann'
[7.909s] --   Found flann, version 1.9.1
[8.054s] -- Found Flann: /usr/lib/x86_64-linux-gnu/libflann_cpp_s.a  
[8.147s] -- Could NOT find ensenso (missing: ENSENSO_LIBRARY ENSENSO_INCLUDE_DIR) 
[8.148s] ** WARNING ** visualization features related to ensenso will be disabled
[8.155s] -- Could NOT find DAVIDSDK (missing: DAVIDSDK_LIBRARY DAVIDSDK_INCLUDE_DIR) 
[8.156s] ** WARNING ** visualization features related to davidSDK will be disabled
[8.159s] -- Could NOT find DSSDK (missing: _DSSDK_LIBRARIES) 
[8.160s] ** WARNING ** visualization features related to dssdk will be disabled
[8.163s] -- Could NOT find RSSDK (missing: _RSSDK_LIBRARIES) 
[8.164s] ** WARNING ** visualization features related to rssdk will be disabled
[8.244s] -- Found qhull: /usr/lib/x86_64-linux-gnu/libqhull.so  
[8.317s] -- looking for PCL_COMMON
[8.320s] -- Found PCL_COMMON: /usr/lib/x86_64-linux-gnu/libpcl_common.so  
[8.321s] -- looking for PCL_OCTREE
[8.323s] -- Found PCL_OCTREE: /usr/lib/x86_64-linux-gnu/libpcl_octree.so  
[8.324s] -- looking for PCL_IO
[8.327s] -- Found PCL_IO: /usr/lib/x86_64-linux-gnu/libpcl_io.so  
[8.328s] -- looking for PCL_KDTREE
[8.331s] -- Found PCL_KDTREE: /usr/lib/x86_64-linux-gnu/libpcl_kdtree.so  
[8.332s] -- looking for PCL_SEARCH
[8.334s] -- Found PCL_SEARCH: /usr/lib/x86_64-linux-gnu/libpcl_search.so  
[8.335s] -- looking for PCL_SAMPLE_CONSENSUS
[8.338s] -- Found PCL_SAMPLE_CONSENSUS: /usr/lib/x86_64-linux-gnu/libpcl_sample_consensus.so  
[8.339s] -- looking for PCL_FILTERS
[8.342s] -- Found PCL_FILTERS: /usr/lib/x86_64-linux-gnu/libpcl_filters.so  
[8.343s] -- looking for PCL_2D
[8.345s] -- Found PCL_2D: /usr/include/pcl-1.8  
[8.346s] -- looking for PCL_GEOMETRY
[8.347s] -- Found PCL_GEOMETRY: /usr/include/pcl-1.8  
[8.348s] -- looking for PCL_FEATURES
[8.350s] -- Found PCL_FEATURES: /usr/lib/x86_64-linux-gnu/libpcl_features.so  
[8.352s] -- looking for PCL_ML
[8.355s] -- Found PCL_ML: /usr/lib/x86_64-linux-gnu/libpcl_ml.so  
[8.356s] -- looking for PCL_SEGMENTATION
[8.358s] -- Found PCL_SEGMENTATION: /usr/lib/x86_64-linux-gnu/libpcl_segmentation.so  
[8.360s] -- looking for PCL_VISUALIZATION
[8.364s] -- Found PCL_VISUALIZATION: /usr/lib/x86_64-linux-gnu/libpcl_visualization.so  
[8.365s] -- looking for PCL_SURFACE
[8.368s] -- Found PCL_SURFACE: /usr/lib/x86_64-linux-gnu/libpcl_surface.so  
[8.370s] -- looking for PCL_REGISTRATION
[8.375s] -- Found PCL_REGISTRATION: /usr/lib/x86_64-linux-gnu/libpcl_registration.so  
[8.377s] -- looking for PCL_KEYPOINTS
[8.381s] -- Found PCL_KEYPOINTS: /usr/lib/x86_64-linux-gnu/libpcl_keypoints.so  
[8.383s] -- looking for PCL_TRACKING
[8.390s] -- Found PCL_TRACKING: /usr/lib/x86_64-linux-gnu/libpcl_tracking.so  
[8.393s] -- looking for PCL_RECOGNITION
[8.398s] -- Found PCL_RECOGNITION: /usr/lib/x86_64-linux-gnu/libpcl_recognition.so  
[8.401s] -- looking for PCL_STEREO
[8.406s] -- Found PCL_STEREO: /usr/lib/x86_64-linux-gnu/libpcl_stereo.so  
[8.407s] -- looking for PCL_APPS
[8.412s] -- Found PCL_APPS: /usr/lib/x86_64-linux-gnu/libpcl_apps.so  
[8.422s] -- looking for PCL_IN_HAND_SCANNER
[8.426s] -- Found PCL_IN_HAND_SCANNER: /usr/include/pcl-1.8  
[8.427s] -- looking for PCL_MODELER
[8.429s] -- Found PCL_MODELER: /usr/include/pcl-1.8  
[8.429s] -- looking for PCL_POINT_CLOUD_EDITOR
[8.431s] -- Found PCL_POINT_CLOUD_EDITOR: /usr/include/pcl-1.8  
[8.432s] -- looking for PCL_OUTOFCORE
[8.436s] -- Found PCL_OUTOFCORE: /usr/lib/x86_64-linux-gnu/libpcl_outofcore.so  
[8.438s] -- looking for PCL_PEOPLE
[8.443s] -- Found PCL_PEOPLE: /usr/lib/x86_64-linux-gnu/libpcl_people.so  
[8.513s] -- Found PCL: /usr/lib/x86_64-linux-gnu/libboost_system.so;/usr/lib/x86_64-linux-gnu/libboost_filesystem.so;/usr/lib/x86_64-linux-gnu/libboost_thread.so;/usr/lib/x86_64-linux-gnu/libboost_date_time.so;/usr/lib/x86_64-linux-gnu/libboost_iostreams.so;/usr/lib/x86_64-linux-gnu/libboost_serialization.so;/usr/lib/x86_64-linux-gnu/libboost_chrono.so;/usr/lib/x86_64-linux-gnu/libboost_atomic.so;/usr/lib/x86_64-linux-gnu/libboost_regex.so;/usr/lib/x86_64-linux-gnu/libpthread.so;optimized;/usr/lib/x86_64-linux-gnu/libpcl_common.so;debug;/usr/lib/x86_64-linux-gnu/libpcl_common.so;optimized;/usr/lib/x86_64-linux-gnu/libpcl_octree.so;debug;/usr/lib/x86_64-linux-gnu/libpcl_octree.so;/usr/lib/libOpenNI.so;/usr/lib/libOpenNI2.so;vtkChartsCore;vtkCommonColor;vtkCommonDataModel;vtkCommonMath;vtkCommonCore;vtksys;vtkCommonMisc;vtkCommonSystem;vtkCommonTransforms;vtkInfovisCore;vtkFiltersExtraction;vtkCommonExecutionModel;vtkFiltersCore;vtkFiltersGeneral;vtkCommonComputationalGeometry;vtkFiltersStatistics;vtkImagingFourier;vtkImagingCore;vtkalglib;vtkRenderingContext2D;vtkRenderingCore;vtkFiltersGeometry;vtkFiltersSources;vtkRenderingFreeType;/usr/lib/x86_64-linux-gnu/libfreetype.so;/usr/lib/x86_64-linux-gnu/libz.so;vtkftgl;vtkDICOMParser;vtkDomainsChemistry;vtkIOXML;vtkIOGeometry;vtkIOCore;vtkIOXMLParser;/usr/lib/x86_64-linux-gnu/libexpat.so;vtkFiltersAMR;vtkParallelCore;vtkIOLegacy;vtkFiltersFlowPaths;vtkFiltersGeneric;vtkFiltersHybrid;vtkImagingSources;vtkFiltersHyperTree;vtkFiltersImaging;vtkImagingGeneral;vtkFiltersModeling;vtkFiltersParallel;vtkFiltersParallelFlowPaths;vtkParallelMPI;vtkFiltersParallelGeometry;vtkFiltersParallelImaging;vtkFiltersParallelMPI;vtkFiltersParallelStatistics;vtkFiltersProgrammable;vtkFiltersPython;/usr/lib/x86_64-linux-gnu/libpython2.7.so;vtkWrappingPythonCore;vtkWrappingTools;vtkFiltersReebGraph;vtkFiltersSMP;vtkFiltersSelection;vtkFiltersTexture;vtkFiltersVerdict;verdict;vtkGUISupportQt;vtkInteractionStyle;vtkRenderingOpenGL;vtkImagingHybrid;vtkIOImage;vtkmetaio;/usr/lib/x86_64-linux-gnu/libjpeg.so;/usr/lib/x86_64-linux-gnu/libpng.so;/usr/lib/x86_64-linux-gnu/libtiff.so;vtkGUISupportQtOpenGL;vtkGUISupportQtSQL;vtkIOSQL;sqlite3;vtkGUISupportQtWebkit;vtkViewsQt;vtkViewsInfovis;vtkInfovisLayout;vtkInfovisBoostGraphAlgorithms;vtkRenderingLabel;vtkViewsCore;vtkInteractionWidgets;vtkRenderingAnnotation;vtkImagingColor;vtkRenderingVolume;vtkGeovisCore;/usr/lib/x86_64-linux-gnu/libproj.so;vtkIOAMR;/usr/lib/x86_64-linux-gnu/hdf5/openmpi/libhdf5.so;/usr/lib/x86_64-linux-gnu/libsz.so;/usr/lib/x86_64-linux-gnu/libdl.so;/usr/lib/x86_64-linux-gnu/libm.so;/usr/lib/x86_64-linux-gnu/openmpi/lib/libmpi.so;vtkIOEnSight;vtkIOExodus;vtkexoIIc;/usr/lib/x86_64-linux-gnu/libnetcdf_c++.so;/usr/lib/x86_64-linux-gnu/libnetcdf.so;vtkIOExport;vtkRenderingGL2PS;vtkRenderingContextOpenGL;/usr/lib/x86_64-linux-gnu/libgl2ps.so;vtkIOFFMPEG;vtkIOMovie;/usr/lib/x86_64-linux-gnu/libtheoraenc.so;/usr/lib/x86_64-linux-gnu/libtheoradec.so;/usr/lib/x86_64-linux-gnu/libogg.so;vtkIOGDAL;vtkIOGeoJSON;vtkIOImport;vtkIOInfovis;/usr/lib/x86_64-linux-gnu/libxml2.so;vtkIOLSDyna;vtkIOMINC;vtkIOMPIImage;vtkIOMPIParallel;vtkIOParallel;vtkIONetCDF;/usr/lib/x86_64-linux-gnu/libjsoncpp.so;vtkIOMySQL;vtkIOODBC;vtkIOPLY;vtkIOParallelExodus;vtkIOParallelLSDyna;vtkIOParallelNetCDF;vtkIOParallelXML;vtkIOPostgreSQL;vtkIOVPIC;VPIC;vtkIOVideo;vtkIOXdmf2;vtkxdmf2;vtkImagingMath;vtkImagingMorphological;vtkImagingStatistics;vtkImagingStencil;vtkInteractionImage;vtkLocalExample;vtkParallelMPI4Py;vtkPythonInterpreter;vtkRenderingExternal;vtkRenderingFreeTypeFontConfig;vtkRenderingImage;vtkRenderingLIC;vtkRenderingLOD;vtkRenderingMatplotlib;vtkRenderingParallel;vtkRenderingParallelLIC;vtkRenderingQt;vtkRenderingVolumeAMR;vtkRenderingVolumeOpenGL;vtkTestingGenericBridge;vtkTestingIOSQL;vtkTestingRendering;vtkViewsContext2D;vtkViewsGeovis;vtkWrappingJava;optimized;/usr/lib/x86_64-linux-gnu/libpcl_io.so;debug;/usr/lib/x86_64-linux-gnu/libpcl_io.so;optimized;/usr/lib/x86_64-linux-gnu/libflann_cpp_s.a;debug;/usr/lib/x86_64-linux-gnu/libflann_cpp_s.a;optimized;/usr/lib/x86_64-linux-gnu/libpcl_kdtree.so;debug;/usr/lib/x86_64-linux-gnu/libpcl_kdtree.so;optimized;/usr/lib/x86_64-linux-gnu/libpcl_search.so;debug;/usr/lib/x86_64-linux-gnu/libpcl_search.so;optimized;/usr/lib/x86_64-linux-gnu/libpcl_sample_consensus.so;debug;/usr/lib/x86_64-linux-gnu/libpcl_sample_consensus.so;optimized;/usr/lib/x86_64-linux-gnu/libpcl_filters.so;debug;/usr/lib/x86_64-linux-gnu/libpcl_filters.so;optimized;/usr/lib/x86_64-linux-gnu/libpcl_features.so;debug;/usr/lib/x86_64-linux-gnu/libpcl_features.so;optimized;/usr/lib/x86_64-linux-gnu/libpcl_ml.so;debug;/usr/lib/x86_64-linux-gnu/libpcl_ml.so;optimized;/usr/lib/x86_64-linux-gnu/libpcl_segmentation.so;debug;/usr/lib/x86_64-linux-gnu/libpcl_segmentation.so;optimized;/usr/lib/x86_64-linux-gnu/libpcl_visualization.so;debug;/usr/lib/x86_64-linux-gnu/libpcl_visualization.so;optimized;/usr/lib/x86_64-linux-gnu/libqhull.so;debug;/usr/lib/x86_64-linux-gnu/libqhull.so;optimized;/usr/lib/x86_64-linux-gnu/libpcl_surface.so;debug;/usr/lib/x86_64-linux-gnu/libpcl_surface.so;optimized;/usr/lib/x86_64-linux-gnu/libpcl_registration.so;debug;/usr/lib/x86_64-linux-gnu/libpcl_registration.so;optimized;/usr/lib/x86_64-linux-gnu/libpcl_keypoints.so;debug;/usr/lib/x86_64-linux-gnu/libpcl_keypoints.so;optimized;/usr/lib/x86_64-linux-gnu/libpcl_tracking.so;debug;/usr/lib/x86_64-linux-gnu/libpcl_tracking.so;optimized;/usr/lib/x86_64-linux-gnu/libpcl_recognition.so;debug;/usr/lib/x86_64-linux-gnu/libpcl_recognition.so;optimized;/usr/lib/x86_64-linux-gnu/libpcl_stereo.so;debug;/usr/lib/x86_64-linux-gnu/libpcl_stereo.so;optimized;/usr/lib/x86_64-linux-gnu/libpcl_apps.so;debug;/usr/lib/x86_64-linux-gnu/libpcl_apps.so;optimized;/usr/lib/x86_64-linux-gnu/libpcl_outofcore.so;debug;/usr/lib/x86_64-linux-gnu/libpcl_outofcore.so;optimized;/usr/lib/x86_64-linux-gnu/libpcl_people.so;debug;/usr/lib/x86_64-linux-gnu/libpcl_people.so;/usr/lib/x86_64-linux-gnu/libboost_system.so;/usr/lib/x86_64-linux-gnu/libboost_filesystem.so;/usr/lib/x86_64-linux-gnu/libboost_thread.so;/usr/lib/x86_64-linux-gnu/libboost_date_time.so;/usr/lib/x86_64-linux-gnu/libboost_iostreams.so;/usr/lib/x86_64-linux-gnu/libboost_serialization.so;/usr/lib/x86_64-linux-gnu/libboost_chrono.so;/usr/lib/x86_64-linux-gnu/libboost_atomic.so;/usr/lib/x86_64-linux-gnu/libboost_regex.so;/usr/lib/x86_64-linux-gnu/libpthread.so;optimized;/usr/lib/x86_64-linux-gnu/libqhull.so;debug;/usr/lib/x86_64-linux-gnu/libqhull.so;/usr/lib/libOpenNI.so;/usr/lib/libOpenNI2.so;optimized;/usr/lib/x86_64-linux-gnu/libflann_cpp_s.a;debug;/usr/lib/x86_64-linux-gnu/libflann_cpp_s.a;vtkChartsCore;vtkCommonColor;vtkCommonDataModel;vtkCommonMath;vtkCommonCore;vtksys;vtkCommonMisc;vtkCommonSystem;vtkCommonTransforms;vtkInfovisCore;vtkFiltersExtraction;vtkCommonExecutionModel;vtkFiltersCore;vtkFiltersGeneral;vtkCommonComputationalGeometry;vtkFiltersStatistics;vtkImagingFourier;vtkImagingCore;vtkalglib;vtkRenderingContext2D;vtkRenderingCore;vtkFiltersGeometry;vtkFiltersSources;vtkRenderingFreeType;/usr/lib/x86_64-linux-gnu/libfreetype.so;/usr/lib/x86_64-linux-gnu/libz.so;vtkftgl;vtkDICOMParser;vtkDomainsChemistry;vtkIOXML;vtkIOGeometry;vtkIOCore;vtkIOXMLParser;/usr/lib/x86_64-linux-gnu/libexpat.so;vtkFiltersAMR;vtkParallelCore;vtkIOLegacy;vtkFiltersFlowPaths;vtkFiltersGeneric;vtkFiltersHybrid;vtkImagingSources;vtkFiltersHyperTree;vtkFiltersImaging;vtkImagingGeneral;vtkFiltersModeling;vtkFiltersParallel;vtkFiltersParallelFlowPaths;vtkParallelMPI;vtkFiltersParallelGeometry;vtkFiltersParallelImaging;vtkFiltersParallelMPI;vtkFiltersParallelStatistics;vtkFiltersProgrammable;vtkFiltersPython;/usr/lib/x86_64-linux-gnu/libpython2.7.so;vtkWrappingPythonCore;vtkWrappingTools;vtkFiltersReebGraph;vtkFiltersSMP;vtkFiltersSelection;vtkFiltersTexture;vtkFiltersVerdict;verdict;vtkGUISupportQt;vtkInteractionStyle;vtkRenderingOpenGL;vtkImagingHybrid;vtkIOImage;vtkmetaio;/usr/lib/x86_64-linux-gnu/libjpeg.so;/usr/lib/x86_64-linux-gnu/libpng.so;/usr/lib/x86_64-linux-gnu/libtiff.so;vtkGUISupportQtOpenGL;vtkGUISupportQtSQL;vtkIOSQL;sqlite3;vtkGUISupportQtWebkit;vtkViewsQt;vtkViewsInfovis;vtkInfovisLayout;vtkInfovisBoostGraphAlgorithms;vtkRenderingLabel;vtkViewsCore;vtkInteractionWidgets;vtkRenderingAnnotation;vtkImagingColor;vtkRenderingVolume;vtkGeovisCore;/usr/lib/x86_64-linux-gnu/libproj.so;vtkIOAMR;/usr/lib/x86_64-linux-gnu/hdf5/openmpi/libhdf5.so;/usr/lib/x86_64-linux-gnu/libsz.so;/usr/lib/x86_64-linux-gnu/libdl.so;/usr/lib/x86_64-linux-gnu/libm.so;/usr/lib/x86_64-linux-gnu/openmpi/lib/libmpi.so;vtkIOEnSight;vtkIOExodus;vtkexoIIc;/usr/lib/x86_64-linux-gnu/libnetcdf_c++.so;/usr/lib/x86_64-linux-gnu/libnetcdf.so;vtkIOExport;vtkRenderingGL2PS;vtkRenderingContextOpenGL;/usr/lib/x86_64-linux-gnu/libgl2ps.so;vtkIOFFMPEG;vtkIOMovie;/usr/lib/x86_64-linux-gnu/libtheoraenc.so;/usr/lib/x86_64-linux-gnu/libtheoradec.so;/usr/lib/x86_64-linux-gnu/libogg.so;vtkIOGDAL;vtkIOGeoJSON;vtkIOImport;vtkIOInfovis;/usr/lib/x86_64-linux-gnu/libxml2.so;vtkIOLSDyna;vtkIOMINC;vtkIOMPIImage;vtkIOMPIParallel;vtkIOParallel;vtkIONetCDF;/usr/lib/x86_64-linux-gnu/libjsoncpp.so;vtkIOMySQL;vtkIOODBC;vtkIOPLY;vtkIOParallelExodus;vtkIOParallelLSDyna;vtkIOParallelNetCDF;vtkIOParallelXML;vtkIOPostgreSQL;vtkIOVPIC;VPIC;vtkIOVideo;vtkIOXdmf2;vtkxdmf2;vtkImagingMath;vtkImagingMorphological;vtkImagingStatistics;vtkImagingStencil;vtkInteractionImage;vtkLocalExample;vtkParallelMPI4Py;vtkPythonInterpreter;vtkRenderingExternal;vtkRenderingFreeTypeFontConfig;vtkRenderingImage;vtkRenderingLIC;vtkRenderingLOD;vtkRenderingMatplotlib;vtkRenderingParallel;vtkRenderingParallelLIC;vtkRenderingQt;vtkRenderingVolumeAMR;vtkRenderingVolumeOpenGL;vtkTestingGenericBridge;vtkTestingIOSQL;vtkTestingRendering;vtkViewsContext2D;vtkViewsGeovis;vtkWrappingJava  
[9.213s] -- Found OpenMP_C: -fopenmp (found version "4.5") 
[9.510s] -- Found OpenMP_CXX: -fopenmp (found version "4.5") 
[9.512s] -- Found OpenMP: TRUE (found version "4.5")  
[9.788s] -- Configuring done
[10.301s] -- Generating done
[10.335s] -- Build files have been written to: /home/chinchia120/autoware.ai/build/road_occupancy_processor
[10.361s] Invoked command in '/home/chinchia120/autoware.ai/build/road_occupancy_processor' returned '0': CMAKE_PREFIX_PATH=/home/chinchia120/autoware.ai/install/vector_map:/home/chinchia120/autoware.ai/install/vector_map_msgs:/home/chinchia120/autoware.ai/install/autoware_build_flags:${CMAKE_PREFIX_PATH} LD_LIBRARY_PATH=/home/chinchia120/autoware.ai/install/vector_map/lib:${LD_LIBRARY_PATH} PKG_CONFIG_PATH=/home/chinchia120/autoware.ai/install/vector_map/lib/x86_64-linux-gnu/pkgconfig:/home/chinchia120/autoware.ai/install/vector_map/lib/pkgconfig:/home/chinchia120/autoware.ai/install/vector_map_msgs/lib/x86_64-linux-gnu/pkgconfig:/home/chinchia120/autoware.ai/install/vector_map_msgs/lib/pkgconfig:/home/chinchia120/autoware.ai/install/autoware_build_flags/lib/x86_64-linux-gnu/pkgconfig:/home/chinchia120/autoware.ai/install/autoware_build_flags/lib/pkgconfig:${PKG_CONFIG_PATH} PYTHONPATH=/home/chinchia120/autoware.ai/install/vector_map_msgs/lib/python2.7/dist-packages:${PYTHONPATH} ROS_PACKAGE_PATH=/home/chinchia120/autoware.ai/install/vector_map/share:/home/chinchia120/autoware.ai/install/vector_map_msgs/share:/home/chinchia120/autoware.ai/install/autoware_build_flags/share:${ROS_PACKAGE_PATH} /usr/bin/cmake /home/chinchia120/autoware.ai/src/autoware/core_perception/road_occupancy_processor -DCMAKE_BUILD_TYPE=Release -DCATKIN_INSTALL_INTO_PREFIX_ROOT=0 -DCMAKE_INSTALL_PREFIX=/home/chinchia120/autoware.ai/install/road_occupancy_processor
[10.363s] Invoking command in '/home/chinchia120/autoware.ai/build/road_occupancy_processor': CMAKE_PREFIX_PATH=/home/chinchia120/autoware.ai/install/vector_map:/home/chinchia120/autoware.ai/install/vector_map_msgs:/home/chinchia120/autoware.ai/install/autoware_build_flags:${CMAKE_PREFIX_PATH} LD_LIBRARY_PATH=/home/chinchia120/autoware.ai/install/vector_map/lib:${LD_LIBRARY_PATH} PKG_CONFIG_PATH=/home/chinchia120/autoware.ai/install/vector_map/lib/x86_64-linux-gnu/pkgconfig:/home/chinchia120/autoware.ai/install/vector_map/lib/pkgconfig:/home/chinchia120/autoware.ai/install/vector_map_msgs/lib/x86_64-linux-gnu/pkgconfig:/home/chinchia120/autoware.ai/install/vector_map_msgs/lib/pkgconfig:/home/chinchia120/autoware.ai/install/autoware_build_flags/lib/x86_64-linux-gnu/pkgconfig:/home/chinchia120/autoware.ai/install/autoware_build_flags/lib/pkgconfig:${PKG_CONFIG_PATH} PYTHONPATH=/home/chinchia120/autoware.ai/install/vector_map_msgs/lib/python2.7/dist-packages:${PYTHONPATH} ROS_PACKAGE_PATH=/home/chinchia120/autoware.ai/install/vector_map/share:/home/chinchia120/autoware.ai/install/vector_map_msgs/share:/home/chinchia120/autoware.ai/install/autoware_build_flags/share:${ROS_PACKAGE_PATH} /usr/bin/cmake --build /home/chinchia120/autoware.ai/build/road_occupancy_processor -- -j4 -l4
[10.514s] [35m[1mScanning dependencies of target pcl_msgs_generate_messages_eus[0m
[10.547s] [  0%] Built target pcl_msgs_generate_messages_eus
[10.579s] [35m[1mScanning dependencies of target vector_map_msgs_generate_messages_eus[0m
[10.618s] [  0%] Built target vector_map_msgs_generate_messages_eus
[10.656s] [35m[1mScanning dependencies of target vector_map_msgs_generate_messages_cpp[0m
[10.685s] [  0%] Built target vector_map_msgs_generate_messages_cpp
[10.728s] [35m[1mScanning dependencies of target vector_map_msgs_generate_messages_nodejs[0m
[10.761s] [  0%] Built target vector_map_msgs_generate_messages_nodejs
[10.800s] [35m[1mScanning dependencies of target bond_generate_messages_py[0m
[10.832s] [  0%] Built target bond_generate_messages_py
[10.863s] [35m[1mScanning dependencies of target bond_generate_messages_nodejs[0m
[10.894s] [  0%] Built target bond_generate_messages_nodejs
[10.937s] [35m[1mScanning dependencies of target bond_generate_messages_lisp[0m
[10.970s] [  0%] Built target bond_generate_messages_lisp
[11.003s] [35m[1mScanning dependencies of target bond_generate_messages_eus[0m
[11.040s] [  0%] Built target bond_generate_messages_eus
[11.085s] [35m[1mScanning dependencies of target bond_generate_messages_cpp[0m
[11.119s] [  0%] Built target bond_generate_messages_cpp
[11.155s] [35m[1mScanning dependencies of target nodelet_generate_messages_nodejs[0m
[11.188s] [  0%] Built target nodelet_generate_messages_nodejs
[11.221s] [35m[1mScanning dependencies of target nodelet_generate_messages_lisp[0m
[11.248s] [  0%] Built target nodelet_generate_messages_lisp
[11.280s] [35m[1mScanning dependencies of target nodelet_generate_messages_eus[0m
[11.314s] [  0%] Built target nodelet_generate_messages_eus
[11.349s] [35m[1mScanning dependencies of target nodelet_generate_messages_cpp[0m
[11.377s] [  0%] Built target nodelet_generate_messages_cpp
[11.417s] [35m[1mScanning dependencies of target dynamic_reconfigure_generate_messages_py[0m
[11.447s] [  0%] Built target dynamic_reconfigure_generate_messages_py
[11.475s] [35m[1mScanning dependencies of target dynamic_reconfigure_generate_messages_nodejs[0m
[11.517s] [  0%] Built target dynamic_reconfigure_generate_messages_nodejs
[11.550s] [35m[1mScanning dependencies of target dynamic_reconfigure_generate_messages_lisp[0m
[11.577s] [  0%] Built target dynamic_reconfigure_generate_messages_lisp
[11.619s] [35m[1mScanning dependencies of target dynamic_reconfigure_generate_messages_eus[0m
[11.661s] [  0%] Built target dynamic_reconfigure_generate_messages_eus
[11.692s] [35m[1mScanning dependencies of target pcl_ros_gencfg[0m
[11.721s] [  0%] Built target pcl_ros_gencfg
[11.753s] [35m[1mScanning dependencies of target grid_map_msgs_generate_messages_nodejs[0m
[11.782s] [  0%] Built target grid_map_msgs_generate_messages_nodejs
[11.818s] [35m[1mScanning dependencies of target grid_map_msgs_generate_messages_eus[0m
[11.851s] [  0%] Built target grid_map_msgs_generate_messages_eus
[11.878s] [35m[1mScanning dependencies of target roscpp_generate_messages_py[0m
[11.911s] [  0%] Built target roscpp_generate_messages_py
[11.950s] [35m[1mScanning dependencies of target grid_map_msgs_generate_messages_cpp[0m
[11.972s] [  0%] Built target grid_map_msgs_generate_messages_cpp
[11.998s] [35m[1mScanning dependencies of target rosgraph_msgs_generate_messages_lisp[0m
[12.039s] [  0%] Built target rosgraph_msgs_generate_messages_lisp
[12.078s] [35m[1mScanning dependencies of target rosgraph_msgs_generate_messages_eus[0m
[12.117s] [  0%] Built target rosgraph_msgs_generate_messages_eus
[12.152s] [35m[1mScanning dependencies of target rosgraph_msgs_generate_messages_cpp[0m
[12.186s] [  0%] Built target rosgraph_msgs_generate_messages_cpp
[12.224s] [35m[1mScanning dependencies of target topic_tools_generate_messages_cpp[0m
[12.286s] [  0%] Built target topic_tools_generate_messages_cpp
[12.325s] [35m[1mScanning dependencies of target geometry_msgs_generate_messages_eus[0m
[12.357s] [  0%] Built target geometry_msgs_generate_messages_eus
[12.390s] [35m[1mScanning dependencies of target std_msgs_generate_messages_py[0m
[12.419s] [  0%] Built target std_msgs_generate_messages_py
[12.448s] [35m[1mScanning dependencies of target std_msgs_generate_messages_nodejs[0m
[12.476s] [  0%] Built target std_msgs_generate_messages_nodejs
[12.502s] [35m[1mScanning dependencies of target grid_map_msgs_generate_messages_lisp[0m
[12.532s] [  0%] Built target grid_map_msgs_generate_messages_lisp
[12.558s] [35m[1mScanning dependencies of target actionlib_msgs_generate_messages_lisp[0m
[12.585s] [  0%] Built target actionlib_msgs_generate_messages_lisp
[12.620s] [35m[1mScanning dependencies of target rosgraph_msgs_generate_messages_nodejs[0m
[12.656s] [  0%] Built target rosgraph_msgs_generate_messages_nodejs
[12.685s] [35m[1mScanning dependencies of target std_srvs_generate_messages_cpp[0m
[12.727s] [  0%] Built target std_srvs_generate_messages_cpp
[12.759s] [35m[1mScanning dependencies of target nav_msgs_generate_messages_cpp[0m
[12.785s] [  0%] Built target nav_msgs_generate_messages_cpp
[12.812s] [35m[1mScanning dependencies of target sensor_msgs_generate_messages_lisp[0m
[12.838s] [  0%] Built target sensor_msgs_generate_messages_lisp
[12.870s] [35m[1mScanning dependencies of target std_srvs_generate_messages_eus[0m
[12.896s] [  0%] Built target std_srvs_generate_messages_eus
[12.925s] [35m[1mScanning dependencies of target roscpp_generate_messages_lisp[0m
[12.956s] [  0%] Built target roscpp_generate_messages_lisp
[12.988s] [35m[1mScanning dependencies of target std_msgs_generate_messages_cpp[0m
[13.013s] [  0%] Built target std_msgs_generate_messages_cpp
[13.047s] [35m[1mScanning dependencies of target std_msgs_generate_messages_eus[0m
[13.078s] [  0%] Built target std_msgs_generate_messages_eus
[13.112s] [35m[1mScanning dependencies of target visualization_msgs_generate_messages_lisp[0m
[13.136s] [  0%] Built target visualization_msgs_generate_messages_lisp
[13.164s] [35m[1mScanning dependencies of target visualization_msgs_generate_messages_nodejs[0m
[13.197s] [  0%] Built target visualization_msgs_generate_messages_nodejs
[13.257s] [35m[1mScanning dependencies of target nav_msgs_generate_messages_nodejs[0m
[13.279s] [  0%] Built target nav_msgs_generate_messages_nodejs
[13.307s] [35m[1mScanning dependencies of target roscpp_generate_messages_cpp[0m
[13.338s] [  0%] Built target roscpp_generate_messages_cpp
[13.368s] [35m[1mScanning dependencies of target sensor_msgs_generate_messages_nodejs[0m
[13.398s] [  0%] Built target sensor_msgs_generate_messages_nodejs
[13.440s] [35m[1mScanning dependencies of target actionlib_generate_messages_cpp[0m
[13.481s] [  0%] Built target actionlib_generate_messages_cpp
[13.512s] [35m[1mScanning dependencies of target geometry_msgs_generate_messages_nodejs[0m
[13.544s] [  0%] Built target geometry_msgs_generate_messages_nodejs
[13.576s] [35m[1mScanning dependencies of target nodelet_generate_messages_py[0m
[13.601s] [  0%] Built target nodelet_generate_messages_py
[13.639s] [35m[1mScanning dependencies of target sensor_msgs_generate_messages_py[0m
[13.666s] [  0%] Built target sensor_msgs_generate_messages_py
[13.695s] [35m[1mScanning dependencies of target dynamic_reconfigure_generate_messages_cpp[0m
[13.732s] [  0%] Built target dynamic_reconfigure_generate_messages_cpp
[13.767s] [35m[1mScanning dependencies of target tf_generate_messages_py[0m
[13.794s] [  0%] Built target tf_generate_messages_py
[13.825s] [35m[1mScanning dependencies of target geometry_msgs_generate_messages_lisp[0m
[13.861s] [  0%] Built target geometry_msgs_generate_messages_lisp
[13.894s] [35m[1mScanning dependencies of target roscpp_generate_messages_nodejs[0m
[13.934s] [  0%] Built target roscpp_generate_messages_nodejs
[13.974s] [35m[1mScanning dependencies of target std_msgs_generate_messages_lisp[0m
[14.002s] [  0%] Built target std_msgs_generate_messages_lisp
[14.042s] [35m[1mScanning dependencies of target sensor_msgs_generate_messages_cpp[0m
[14.081s] [  0%] Built target sensor_msgs_generate_messages_cpp
[14.118s] [35m[1mScanning dependencies of target sensor_msgs_generate_messages_eus[0m
[14.146s] [  0%] Built target sensor_msgs_generate_messages_eus
[14.186s] [35m[1mScanning dependencies of target grid_map_msgs_generate_messages_py[0m
[14.223s] [  0%] Built target grid_map_msgs_generate_messages_py
[14.265s] [35m[1mScanning dependencies of target geometry_msgs_generate_messages_py[0m
[14.291s] [  0%] Built target geometry_msgs_generate_messages_py
[14.328s] [35m[1mScanning dependencies of target pcl_msgs_generate_messages_nodejs[0m
[14.361s] [  0%] Built target pcl_msgs_generate_messages_nodejs
[14.404s] [35m[1mScanning dependencies of target nav_msgs_generate_messages_lisp[0m
[14.434s] [  0%] Built target nav_msgs_generate_messages_lisp
[14.468s] [35m[1mScanning dependencies of target roscpp_generate_messages_eus[0m
[14.511s] [  0%] Built target roscpp_generate_messages_eus
[14.551s] [35m[1mScanning dependencies of target rosgraph_msgs_generate_messages_py[0m
[14.591s] [  0%] Built target rosgraph_msgs_generate_messages_py
[14.627s] [35m[1mScanning dependencies of target actionlib_msgs_generate_messages_eus[0m
[14.658s] [  0%] Built target actionlib_msgs_generate_messages_eus
[14.695s] [35m[1mScanning dependencies of target actionlib_msgs_generate_messages_py[0m
[14.724s] [  0%] Built target actionlib_msgs_generate_messages_py
[14.760s] [35m[1mScanning dependencies of target std_srvs_generate_messages_lisp[0m
[14.786s] [  0%] Built target std_srvs_generate_messages_lisp
[14.823s] [35m[1mScanning dependencies of target topic_tools_generate_messages_lisp[0m
[14.855s] [  0%] Built target topic_tools_generate_messages_lisp
[14.887s] [35m[1mScanning dependencies of target std_srvs_generate_messages_nodejs[0m
[14.928s] [  0%] Built target std_srvs_generate_messages_nodejs
[14.965s] [35m[1mScanning dependencies of target geometry_msgs_generate_messages_cpp[0m
[14.993s] [  0%] Built target geometry_msgs_generate_messages_cpp
[15.027s] [35m[1mScanning dependencies of target actionlib_generate_messages_lisp[0m
[15.059s] [  0%] Built target actionlib_generate_messages_lisp
[15.092s] [35m[1mScanning dependencies of target std_srvs_generate_messages_py[0m
[15.123s] [  0%] Built target std_srvs_generate_messages_py
[15.155s] [35m[1mScanning dependencies of target topic_tools_generate_messages_eus[0m
[15.182s] [  0%] Built target topic_tools_generate_messages_eus
[15.230s] [35m[1mScanning dependencies of target topic_tools_generate_messages_nodejs[0m
[15.264s] [  0%] Built target topic_tools_generate_messages_nodejs
[15.298s] [35m[1mScanning dependencies of target nodelet_topic_tools_gencfg[0m
[15.331s] [  0%] Built target nodelet_topic_tools_gencfg
[15.370s] [35m[1mScanning dependencies of target actionlib_msgs_generate_messages_nodejs[0m
[15.402s] [  0%] Built target actionlib_msgs_generate_messages_nodejs
[15.449s] [35m[1mScanning dependencies of target topic_tools_generate_messages_py[0m
[15.481s] [  0%] Built target topic_tools_generate_messages_py
[15.518s] [35m[1mScanning dependencies of target actionlib_msgs_generate_messages_cpp[0m
[15.552s] [  0%] Built target actionlib_msgs_generate_messages_cpp
[15.584s] [35m[1mScanning dependencies of target tf_generate_messages_eus[0m
[15.620s] [  0%] Built target tf_generate_messages_eus
[15.652s] [35m[1mScanning dependencies of target tf_generate_messages_lisp[0m
[15.680s] [  0%] Built target tf_generate_messages_lisp
[15.711s] [35m[1mScanning dependencies of target tf_generate_messages_nodejs[0m
[15.748s] [  0%] Built target tf_generate_messages_nodejs
[15.772s] [35m[1mScanning dependencies of target pcl_msgs_generate_messages_py[0m
[15.801s] [  0%] Built target pcl_msgs_generate_messages_py
[15.825s] [35m[1mScanning dependencies of target actionlib_generate_messages_eus[0m
[15.846s] [  0%] Built target actionlib_generate_messages_eus
[15.879s] [35m[1mScanning dependencies of target pcl_msgs_generate_messages_lisp[0m
[15.905s] [  0%] Built target pcl_msgs_generate_messages_lisp
[15.934s] [35m[1mScanning dependencies of target tf_generate_messages_cpp[0m
[15.964s] [  0%] Built target tf_generate_messages_cpp
[15.984s] [35m[1mScanning dependencies of target actionlib_generate_messages_nodejs[0m
[16.007s] [  0%] Built target actionlib_generate_messages_nodejs
[16.037s] [35m[1mScanning dependencies of target tf2_msgs_generate_messages_cpp[0m
[16.064s] [  0%] Built target tf2_msgs_generate_messages_cpp
[16.085s] [35m[1mScanning dependencies of target dynamic_reconfigure_gencfg[0m
[16.105s] [  0%] Built target dynamic_reconfigure_gencfg
[16.131s] [35m[1mScanning dependencies of target nav_msgs_generate_messages_py[0m
[16.156s] [  0%] Built target nav_msgs_generate_messages_py
[16.177s] [35m[1mScanning dependencies of target tf2_msgs_generate_messages_lisp[0m
[16.210s] [  0%] Built target tf2_msgs_generate_messages_lisp
[16.234s] [35m[1mScanning dependencies of target actionlib_generate_messages_py[0m
[16.265s] [  0%] Built target actionlib_generate_messages_py
[16.286s] [35m[1mScanning dependencies of target tf2_msgs_generate_messages_py[0m
[16.308s] [  0%] Built target tf2_msgs_generate_messages_py
[16.332s] [35m[1mScanning dependencies of target tf2_msgs_generate_messages_nodejs[0m
[16.360s] [  0%] Built target tf2_msgs_generate_messages_nodejs
[16.381s] [35m[1mScanning dependencies of target nav_msgs_generate_messages_eus[0m
[16.401s] [  0%] Built target nav_msgs_generate_messages_eus
[16.429s] [35m[1mScanning dependencies of target tf2_msgs_generate_messages_eus[0m
[16.459s] [  0%] Built target tf2_msgs_generate_messages_eus
[16.479s] [35m[1mScanning dependencies of target visualization_msgs_generate_messages_cpp[0m
[16.500s] [  0%] Built target visualization_msgs_generate_messages_cpp
[16.522s] [35m[1mScanning dependencies of target visualization_msgs_generate_messages_eus[0m
[16.548s] [  0%] Built target visualization_msgs_generate_messages_eus
[16.570s] [35m[1mScanning dependencies of target visualization_msgs_generate_messages_py[0m
[16.594s] [  0%] Built target visualization_msgs_generate_messages_py
[16.618s] [35m[1mScanning dependencies of target pcl_msgs_generate_messages_cpp[0m
[16.640s] [  0%] Built target pcl_msgs_generate_messages_cpp
[16.661s] [35m[1mScanning dependencies of target vector_map_msgs_generate_messages_lisp[0m
[16.682s] [  0%] Built target vector_map_msgs_generate_messages_lisp
[16.702s] [35m[1mScanning dependencies of target vector_map_msgs_generate_messages_py[0m
[16.734s] [  0%] Built target vector_map_msgs_generate_messages_py
[16.763s] [35m[1mScanning dependencies of target road_occupancy_processor_lib[0m
[17.014s] [ 25%] [32mBuilding CXX object CMakeFiles/road_occupancy_processor_lib.dir/src/road_occupancy_processor.cpp.o[0m
[74.132s] [ 50%] [32m[1mLinking CXX shared library devel/lib/libroad_occupancy_processor_lib.so[0m
[78.438s] [ 50%] Built target road_occupancy_processor_lib
[78.492s] [35m[1mScanning dependencies of target road_occupancy_processor[0m
[78.815s] [ 75%] [32mBuilding CXX object CMakeFiles/road_occupancy_processor.dir/src/road_occupancy_processor_node.cpp.o[0m
[128.235s] [100%] [32m[1mLinking CXX executable devel/lib/road_occupancy_processor/road_occupancy_processor[0m
[133.046s] [100%] Built target road_occupancy_processor
[133.385s] Invoked command in '/home/chinchia120/autoware.ai/build/road_occupancy_processor' returned '0': CMAKE_PREFIX_PATH=/home/chinchia120/autoware.ai/install/vector_map:/home/chinchia120/autoware.ai/install/vector_map_msgs:/home/chinchia120/autoware.ai/install/autoware_build_flags:${CMAKE_PREFIX_PATH} LD_LIBRARY_PATH=/home/chinchia120/autoware.ai/install/vector_map/lib:${LD_LIBRARY_PATH} PKG_CONFIG_PATH=/home/chinchia120/autoware.ai/install/vector_map/lib/x86_64-linux-gnu/pkgconfig:/home/chinchia120/autoware.ai/install/vector_map/lib/pkgconfig:/home/chinchia120/autoware.ai/install/vector_map_msgs/lib/x86_64-linux-gnu/pkgconfig:/home/chinchia120/autoware.ai/install/vector_map_msgs/lib/pkgconfig:/home/chinchia120/autoware.ai/install/autoware_build_flags/lib/x86_64-linux-gnu/pkgconfig:/home/chinchia120/autoware.ai/install/autoware_build_flags/lib/pkgconfig:${PKG_CONFIG_PATH} PYTHONPATH=/home/chinchia120/autoware.ai/install/vector_map_msgs/lib/python2.7/dist-packages:${PYTHONPATH} ROS_PACKAGE_PATH=/home/chinchia120/autoware.ai/install/vector_map/share:/home/chinchia120/autoware.ai/install/vector_map_msgs/share:/home/chinchia120/autoware.ai/install/autoware_build_flags/share:${ROS_PACKAGE_PATH} /usr/bin/cmake --build /home/chinchia120/autoware.ai/build/road_occupancy_processor -- -j4 -l4
[133.807s] Invoking command in '/home/chinchia120/autoware.ai/build/road_occupancy_processor': CMAKE_PREFIX_PATH=/home/chinchia120/autoware.ai/install/vector_map:/home/chinchia120/autoware.ai/install/vector_map_msgs:/home/chinchia120/autoware.ai/install/autoware_build_flags:${CMAKE_PREFIX_PATH} LD_LIBRARY_PATH=/home/chinchia120/autoware.ai/install/vector_map/lib:${LD_LIBRARY_PATH} PKG_CONFIG_PATH=/home/chinchia120/autoware.ai/install/vector_map/lib/x86_64-linux-gnu/pkgconfig:/home/chinchia120/autoware.ai/install/vector_map/lib/pkgconfig:/home/chinchia120/autoware.ai/install/vector_map_msgs/lib/x86_64-linux-gnu/pkgconfig:/home/chinchia120/autoware.ai/install/vector_map_msgs/lib/pkgconfig:/home/chinchia120/autoware.ai/install/autoware_build_flags/lib/x86_64-linux-gnu/pkgconfig:/home/chinchia120/autoware.ai/install/autoware_build_flags/lib/pkgconfig:${PKG_CONFIG_PATH} PYTHONPATH=/home/chinchia120/autoware.ai/install/vector_map_msgs/lib/python2.7/dist-packages:${PYTHONPATH} ROS_PACKAGE_PATH=/home/chinchia120/autoware.ai/install/vector_map/share:/home/chinchia120/autoware.ai/install/vector_map_msgs/share:/home/chinchia120/autoware.ai/install/autoware_build_flags/share:${ROS_PACKAGE_PATH} /usr/bin/cmake --build /home/chinchia120/autoware.ai/build/road_occupancy_processor --target tests -- -j4 -l4
[134.028s] [35m[1mScanning dependencies of target tests[0m
[134.056s] Built target tests
[134.079s] Invoked command in '/home/chinchia120/autoware.ai/build/road_occupancy_processor' returned '0': CMAKE_PREFIX_PATH=/home/chinchia120/autoware.ai/install/vector_map:/home/chinchia120/autoware.ai/install/vector_map_msgs:/home/chinchia120/autoware.ai/install/autoware_build_flags:${CMAKE_PREFIX_PATH} LD_LIBRARY_PATH=/home/chinchia120/autoware.ai/install/vector_map/lib:${LD_LIBRARY_PATH} PKG_CONFIG_PATH=/home/chinchia120/autoware.ai/install/vector_map/lib/x86_64-linux-gnu/pkgconfig:/home/chinchia120/autoware.ai/install/vector_map/lib/pkgconfig:/home/chinchia120/autoware.ai/install/vector_map_msgs/lib/x86_64-linux-gnu/pkgconfig:/home/chinchia120/autoware.ai/install/vector_map_msgs/lib/pkgconfig:/home/chinchia120/autoware.ai/install/autoware_build_flags/lib/x86_64-linux-gnu/pkgconfig:/home/chinchia120/autoware.ai/install/autoware_build_flags/lib/pkgconfig:${PKG_CONFIG_PATH} PYTHONPATH=/home/chinchia120/autoware.ai/install/vector_map_msgs/lib/python2.7/dist-packages:${PYTHONPATH} ROS_PACKAGE_PATH=/home/chinchia120/autoware.ai/install/vector_map/share:/home/chinchia120/autoware.ai/install/vector_map_msgs/share:/home/chinchia120/autoware.ai/install/autoware_build_flags/share:${ROS_PACKAGE_PATH} /usr/bin/cmake --build /home/chinchia120/autoware.ai/build/road_occupancy_processor --target tests -- -j4 -l4
[134.516s] Invoking command in '/home/chinchia120/autoware.ai/build/road_occupancy_processor': CMAKE_PREFIX_PATH=/home/chinchia120/autoware.ai/install/vector_map:/home/chinchia120/autoware.ai/install/vector_map_msgs:/home/chinchia120/autoware.ai/install/autoware_build_flags:${CMAKE_PREFIX_PATH} LD_LIBRARY_PATH=/home/chinchia120/autoware.ai/install/vector_map/lib:${LD_LIBRARY_PATH} PKG_CONFIG_PATH=/home/chinchia120/autoware.ai/install/vector_map/lib/x86_64-linux-gnu/pkgconfig:/home/chinchia120/autoware.ai/install/vector_map/lib/pkgconfig:/home/chinchia120/autoware.ai/install/vector_map_msgs/lib/x86_64-linux-gnu/pkgconfig:/home/chinchia120/autoware.ai/install/vector_map_msgs/lib/pkgconfig:/home/chinchia120/autoware.ai/install/autoware_build_flags/lib/x86_64-linux-gnu/pkgconfig:/home/chinchia120/autoware.ai/install/autoware_build_flags/lib/pkgconfig:${PKG_CONFIG_PATH} PYTHONPATH=/home/chinchia120/autoware.ai/install/vector_map_msgs/lib/python2.7/dist-packages:${PYTHONPATH} ROS_PACKAGE_PATH=/home/chinchia120/autoware.ai/install/vector_map/share:/home/chinchia120/autoware.ai/install/vector_map_msgs/share:/home/chinchia120/autoware.ai/install/autoware_build_flags/share:${ROS_PACKAGE_PATH} /usr/bin/cmake --build /home/chinchia120/autoware.ai/build/road_occupancy_processor --target install -- -j4 -l4
[134.673s] [  0%] Built target pcl_msgs_generate_messages_eus
[134.729s] [  0%] Built target vector_map_msgs_generate_messages_eus
[134.785s] [  0%] Built target vector_map_msgs_generate_messages_cpp
[134.852s] [  0%] Built target vector_map_msgs_generate_messages_nodejs
[134.911s] [  0%] Built target bond_generate_messages_py
[134.961s] [  0%] Built target bond_generate_messages_nodejs
[135.019s] [  0%] Built target bond_generate_messages_lisp
[135.080s] [  0%] Built target bond_generate_messages_eus
[135.144s] [  0%] Built target bond_generate_messages_cpp
[135.193s] [  0%] Built target nodelet_generate_messages_nodejs
[135.260s] [  0%] Built target nodelet_generate_messages_lisp
[135.317s] [  0%] Built target nodelet_generate_messages_eus
[135.390s] [  0%] Built target nodelet_generate_messages_cpp
[135.448s] [  0%] Built target dynamic_reconfigure_generate_messages_py
[135.502s] [  0%] Built target dynamic_reconfigure_generate_messages_nodejs
[135.568s] [  0%] Built target dynamic_reconfigure_generate_messages_lisp
[135.630s] [  0%] Built target dynamic_reconfigure_generate_messages_eus
[135.685s] [  0%] Built target pcl_ros_gencfg
[135.742s] [  0%] Built target grid_map_msgs_generate_messages_nodejs
[135.891s] [  0%] Built target grid_map_msgs_generate_messages_eus
[135.953s] [  0%] Built target roscpp_generate_messages_py
[136.004s] [  0%] Built target grid_map_msgs_generate_messages_cpp
[136.072s] [  0%] Built target rosgraph_msgs_generate_messages_lisp
[136.121s] [  0%] Built target rosgraph_msgs_generate_messages_eus
[136.177s] [  0%] Built target rosgraph_msgs_generate_messages_cpp
[136.239s] [  0%] Built target topic_tools_generate_messages_cpp
[136.292s] [  0%] Built target geometry_msgs_generate_messages_eus
[136.350s] [  0%] Built target std_msgs_generate_messages_py
[136.405s] [  0%] Built target std_msgs_generate_messages_nodejs
[136.465s] [  0%] Built target grid_map_msgs_generate_messages_lisp
[136.531s] [  0%] Built target actionlib_msgs_generate_messages_lisp
[136.597s] [  0%] Built target rosgraph_msgs_generate_messages_nodejs
[136.646s] [  0%] Built target std_srvs_generate_messages_cpp
[136.702s] [  0%] Built target nav_msgs_generate_messages_cpp
[136.762s] [  0%] Built target sensor_msgs_generate_messages_lisp
[136.812s] [  0%] Built target std_srvs_generate_messages_eus
[136.874s] [  0%] Built target roscpp_generate_messages_lisp
[137.128s] [  0%] Built target std_msgs_generate_messages_cpp
[137.265s] [  0%] Built target std_msgs_generate_messages_eus
[137.316s] [  0%] Built target visualization_msgs_generate_messages_lisp
[137.357s] [  0%] Built target visualization_msgs_generate_messages_nodejs
[137.412s] [  0%] Built target nav_msgs_generate_messages_nodejs
[137.464s] [  0%] Built target roscpp_generate_messages_cpp
[137.524s] [  0%] Built target sensor_msgs_generate_messages_nodejs
[137.582s] [  0%] Built target actionlib_generate_messages_cpp
[137.640s] [  0%] Built target geometry_msgs_generate_messages_nodejs
[137.699s] [  0%] Built target nodelet_generate_messages_py
[137.755s] [  0%] Built target sensor_msgs_generate_messages_py
[137.814s] [  0%] Built target dynamic_reconfigure_generate_messages_cpp
[137.869s] [  0%] Built target tf_generate_messages_py
[137.928s] [  0%] Built target geometry_msgs_generate_messages_lisp
[137.980s] [  0%] Built target roscpp_generate_messages_nodejs
[138.045s] [  0%] Built target std_msgs_generate_messages_lisp
[138.098s] [  0%] Built target sensor_msgs_generate_messages_cpp
[138.175s] [  0%] Built target sensor_msgs_generate_messages_eus
[138.228s] [  0%] Built target grid_map_msgs_generate_messages_py
[138.296s] [  0%] Built target geometry_msgs_generate_messages_py
[138.355s] [  0%] Built target pcl_msgs_generate_messages_nodejs
[138.407s] [  0%] Built target nav_msgs_generate_messages_lisp
[138.473s] [  0%] Built target roscpp_generate_messages_eus
[138.613s] [  0%] Built target rosgraph_msgs_generate_messages_py
[138.674s] [  0%] Built target actionlib_msgs_generate_messages_eus
[138.731s] [  0%] Built target actionlib_msgs_generate_messages_py
[138.780s] [  0%] Built target std_srvs_generate_messages_lisp
[138.834s] [  0%] Built target topic_tools_generate_messages_lisp
[138.894s] [  0%] Built target std_srvs_generate_messages_nodejs
[138.952s] [  0%] Built target geometry_msgs_generate_messages_cpp
[139.010s] [  0%] Built target actionlib_generate_messages_lisp
[139.066s] [  0%] Built target std_srvs_generate_messages_py
[139.130s] [  0%] Built target topic_tools_generate_messages_eus
[139.191s] [  0%] Built target topic_tools_generate_messages_nodejs
[139.260s] [  0%] Built target nodelet_topic_tools_gencfg
[139.324s] [  0%] Built target actionlib_msgs_generate_messages_nodejs
[139.372s] [  0%] Built target topic_tools_generate_messages_py
[139.436s] [  0%] Built target actionlib_msgs_generate_messages_cpp
[139.489s] [  0%] Built target tf_generate_messages_eus
[139.547s] [  0%] Built target tf_generate_messages_lisp
[139.609s] [  0%] Built target tf_generate_messages_nodejs
[139.662s] [  0%] Built target pcl_msgs_generate_messages_py
[139.710s] [  0%] Built target actionlib_generate_messages_eus
[139.766s] [  0%] Built target pcl_msgs_generate_messages_lisp
[139.813s] [  0%] Built target tf_generate_messages_cpp
[139.868s] [  0%] Built target actionlib_generate_messages_nodejs
[139.968s] [  0%] Built target tf2_msgs_generate_messages_cpp
[140.008s] [  0%] Built target dynamic_reconfigure_gencfg
[140.060s] [  0%] Built target nav_msgs_generate_messages_py
[140.116s] [  0%] Built target tf2_msgs_generate_messages_lisp
[140.180s] [  0%] Built target actionlib_generate_messages_py
[140.228s] [  0%] Built target tf2_msgs_generate_messages_py
[140.288s] [  0%] Built target tf2_msgs_generate_messages_nodejs
[140.342s] [  0%] Built target nav_msgs_generate_messages_eus
[140.388s] [  0%] Built target tf2_msgs_generate_messages_eus
[140.445s] [  0%] Built target visualization_msgs_generate_messages_cpp
[140.508s] [  0%] Built target visualization_msgs_generate_messages_eus
[140.558s] [  0%] Built target visualization_msgs_generate_messages_py
[140.614s] [  0%] Built target pcl_msgs_generate_messages_cpp
[140.682s] [  0%] Built target vector_map_msgs_generate_messages_lisp
[140.755s] [  0%] Built target vector_map_msgs_generate_messages_py
[140.880s] [ 50%] Built target road_occupancy_processor_lib
[140.977s] [100%] Built target road_occupancy_processor
[141.032s] [36mInstall the project...[0m
[141.068s] -- Install configuration: "Release"
[141.071s] -- Installing: /home/chinchia120/autoware.ai/install/road_occupancy_processor/lib/pkgconfig/road_occupancy_processor.pc
[141.072s] -- Installing: /home/chinchia120/autoware.ai/install/road_occupancy_processor/share/road_occupancy_processor/cmake/road_occupancy_processorConfig.cmake
[141.072s] -- Installing: /home/chinchia120/autoware.ai/install/road_occupancy_processor/share/road_occupancy_processor/cmake/road_occupancy_processorConfig-version.cmake
[141.073s] -- Installing: /home/chinchia120/autoware.ai/install/road_occupancy_processor/share/road_occupancy_processor/package.xml
[141.074s] -- Installing: /home/chinchia120/autoware.ai/install/road_occupancy_processor/lib/road_occupancy_processor/road_occupancy_processor
[141.104s] -- Set runtime path of "/home/chinchia120/autoware.ai/install/road_occupancy_processor/lib/road_occupancy_processor/road_occupancy_processor" to ""
[141.105s] -- Installing: /home/chinchia120/autoware.ai/install/road_occupancy_processor/lib/libroad_occupancy_processor_lib.so
[141.341s] -- Set runtime path of "/home/chinchia120/autoware.ai/install/road_occupancy_processor/lib/libroad_occupancy_processor_lib.so" to ""
[141.347s] -- Installing: /home/chinchia120/autoware.ai/install/road_occupancy_processor/include/road_occupancy_processor
[141.348s] -- Installing: /home/chinchia120/autoware.ai/install/road_occupancy_processor/include/road_occupancy_processor/road_occupancy_processor.h
[141.349s] -- Installing: /home/chinchia120/autoware.ai/install/road_occupancy_processor/share/road_occupancy_processor/launch
[141.351s] -- Installing: /home/chinchia120/autoware.ai/install/road_occupancy_processor/share/road_occupancy_processor/launch/road_occupancy_processor.launch
[141.361s] Invoked command in '/home/chinchia120/autoware.ai/build/road_occupancy_processor' returned '0': CMAKE_PREFIX_PATH=/home/chinchia120/autoware.ai/install/vector_map:/home/chinchia120/autoware.ai/install/vector_map_msgs:/home/chinchia120/autoware.ai/install/autoware_build_flags:${CMAKE_PREFIX_PATH} LD_LIBRARY_PATH=/home/chinchia120/autoware.ai/install/vector_map/lib:${LD_LIBRARY_PATH} PKG_CONFIG_PATH=/home/chinchia120/autoware.ai/install/vector_map/lib/x86_64-linux-gnu/pkgconfig:/home/chinchia120/autoware.ai/install/vector_map/lib/pkgconfig:/home/chinchia120/autoware.ai/install/vector_map_msgs/lib/x86_64-linux-gnu/pkgconfig:/home/chinchia120/autoware.ai/install/vector_map_msgs/lib/pkgconfig:/home/chinchia120/autoware.ai/install/autoware_build_flags/lib/x86_64-linux-gnu/pkgconfig:/home/chinchia120/autoware.ai/install/autoware_build_flags/lib/pkgconfig:${PKG_CONFIG_PATH} PYTHONPATH=/home/chinchia120/autoware.ai/install/vector_map_msgs/lib/python2.7/dist-packages:${PYTHONPATH} ROS_PACKAGE_PATH=/home/chinchia120/autoware.ai/install/vector_map/share:/home/chinchia120/autoware.ai/install/vector_map_msgs/share:/home/chinchia120/autoware.ai/install/autoware_build_flags/share:${ROS_PACKAGE_PATH} /usr/bin/cmake --build /home/chinchia120/autoware.ai/build/road_occupancy_processor --target install -- -j4 -l4
