[0.050s] Invoking command in '/home/chinchia120/autoware.ai/build/javad_navsat_driver': /usr/bin/cmake /home/chinchia120/autoware.ai/src/drivers/awf_drivers/javad_navsat_driver -DCMAKE_BUILD_TYPE=Release -DCATKIN_INSTALL_INTO_PREFIX_ROOT=0 -DCMAKE_INSTALL_PREFIX=/home/chinchia120/autoware.ai/install/javad_navsat_driver
[0.201s] -- The C compiler identification is GNU 7.5.0
[0.330s] -- The CXX compiler identification is GNU 7.5.0
[0.343s] -- Check for working C compiler: /usr/bin/cc
[0.495s] -- Check for working C compiler: /usr/bin/cc -- works
[0.496s] -- Detecting C compiler ABI info
[0.649s] -- Detecting C compiler ABI info - done
[0.674s] -- Detecting C compile features
[1.163s] -- Detecting C compile features - done
[1.173s] -- Check for working CXX compiler: /usr/bin/c++
[1.361s] -- Check for working CXX compiler: /usr/bin/c++ -- works
[1.362s] -- Detecting CXX compiler ABI info
[1.555s] -- Detecting CXX compiler ABI info - done
[1.580s] -- Detecting CXX compile features
[2.428s] -- Detecting CXX compile features - done
[2.431s] -- Using CATKIN_DEVEL_PREFIX: /home/chinchia120/autoware.ai/build/javad_navsat_driver/devel
[2.432s] -- Using CMAKE_PREFIX_PATH: /home/chinchia120/catkin_ws/devel;/opt/ros/melodic
[2.433s] -- This workspace overlays: /home/chinchia120/catkin_ws/devel;/opt/ros/melodic
[2.461s] -- Found PythonInterp: /usr/bin/python2 (found suitable version "2.7.17", minimum required is "2") 
[2.462s] -- Using PYTHON_EXECUTABLE: /usr/bin/python2
[2.462s] -- Using Debian Python package layout
[2.463s] -- Using empy: /usr/bin/empy
[2.762s] -- Using CATKIN_ENABLE_TESTING: ON
[2.763s] -- Call enable_testing()
[2.769s] -- Using CATKIN_TEST_RESULTS_DIR: /home/chinchia120/autoware.ai/build/javad_navsat_driver/test_results
[2.815s] -- Found gtest sources under '/usr/src/googletest': gtests will be built
[2.816s] -- Found gmock sources under '/usr/src/googletest': gmock will be built
[2.845s] -- Found PythonInterp: /usr/bin/python2 (found version "2.7.17") 
[2.849s] -- Looking for pthread.h
[3.005s] -- Looking for pthread.h - found
[3.006s] -- Looking for pthread_create
[3.177s] -- Looking for pthread_create - not found
[3.177s] -- Looking for pthread_create in pthreads
[3.300s] -- Looking for pthread_create in pthreads - not found
[3.301s] -- Looking for pthread_create in pthread
[3.466s] -- Looking for pthread_create in pthread - found
[3.468s] -- Found Threads: TRUE  
[3.476s] -- Using Python nosetests: /usr/bin/nosetests-2.7
[3.555s] -- catkin 0.7.29
[3.555s] -- BUILD_SHARED_LIBS is on
[5.026s] -- Configuring done
[5.068s] -- Generating done
[5.080s] -- Build files have been written to: /home/chinchia120/autoware.ai/build/javad_navsat_driver
[5.092s] Invoked command in '/home/chinchia120/autoware.ai/build/javad_navsat_driver' returned '0': /usr/bin/cmake /home/chinchia120/autoware.ai/src/drivers/awf_drivers/javad_navsat_driver -DCMAKE_BUILD_TYPE=Release -DCATKIN_INSTALL_INTO_PREFIX_ROOT=0 -DCMAKE_INSTALL_PREFIX=/home/chinchia120/autoware.ai/install/javad_navsat_driver
[5.094s] Invoking command in '/home/chinchia120/autoware.ai/build/javad_navsat_driver': /usr/bin/cmake --build /home/chinchia120/autoware.ai/build/javad_navsat_driver -- -j4 -l4
[5.194s] Invoked command in '/home/chinchia120/autoware.ai/build/javad_navsat_driver' returned '0': /usr/bin/cmake --build /home/chinchia120/autoware.ai/build/javad_navsat_driver -- -j4 -l4
[5.347s] Invoking command in '/home/chinchia120/autoware.ai/build/javad_navsat_driver': /usr/bin/cmake --build /home/chinchia120/autoware.ai/build/javad_navsat_driver --target tests -- -j4 -l4
[5.486s] [35m[1mScanning dependencies of target tests[0m
[5.509s] Built target tests
[5.532s] Invoked command in '/home/chinchia120/autoware.ai/build/javad_navsat_driver' returned '0': /usr/bin/cmake --build /home/chinchia120/autoware.ai/build/javad_navsat_driver --target tests -- -j4 -l4
[5.715s] Invoking command in '/home/chinchia120/autoware.ai/build/javad_navsat_driver': /usr/bin/cmake --build /home/chinchia120/autoware.ai/build/javad_navsat_driver --target install -- -j4 -l4
[5.862s] [36mInstall the project...[0m
[5.884s] -- Install configuration: "Release"
[5.889s] + cd /home/chinchia120/autoware.ai/src/drivers/awf_drivers/javad_navsat_driver
[5.889s] + mkdir -p /home/chinchia120/autoware.ai/install/javad_navsat_driver/lib/python2.7/dist-packages
[5.895s] + /usr/bin/env PYTHONPATH=/home/chinchia120/autoware.ai/install/javad_navsat_driver/lib/python2.7/dist-packages:/home/chinchia120/autoware.ai/build/javad_navsat_driver/lib/python2.7/dist-packages:/opt/ros/melodic/lib/python2.7/dist-packages CATKIN_BINARY_DIR=/home/chinchia120/autoware.ai/build/javad_navsat_driver /usr/bin/python2 /home/chinchia120/autoware.ai/src/drivers/awf_drivers/javad_navsat_driver/setup.py build --build-base /home/chinchia120/autoware.ai/build/javad_navsat_driver install --root=/ --install-layout=deb --prefix=/home/chinchia120/autoware.ai/install/javad_navsat_driver --install-scripts=/home/chinchia120/autoware.ai/install/javad_navsat_driver/bin
[5.990s] running build
[5.990s] running build_py
[5.992s] creating /home/chinchia120/autoware.ai/build/javad_navsat_driver/lib.linux-x86_64-2.7
[5.992s] creating /home/chinchia120/autoware.ai/build/javad_navsat_driver/lib.linux-x86_64-2.7/libjavad_navsat_driver
[5.992s] copying lib/libjavad_navsat_driver/parser.py -> /home/chinchia120/autoware.ai/build/javad_navsat_driver/lib.linux-x86_64-2.7/libjavad_navsat_driver
[5.993s] copying lib/libjavad_navsat_driver/__init__.py -> /home/chinchia120/autoware.ai/build/javad_navsat_driver/lib.linux-x86_64-2.7/libjavad_navsat_driver
[5.994s] copying lib/libjavad_navsat_driver/checksum_utils.py -> /home/chinchia120/autoware.ai/build/javad_navsat_driver/lib.linux-x86_64-2.7/libjavad_navsat_driver
[5.994s] copying lib/libjavad_navsat_driver/driver.py -> /home/chinchia120/autoware.ai/build/javad_navsat_driver/lib.linux-x86_64-2.7/libjavad_navsat_driver
[5.995s] running install
[5.996s] running install_lib
[5.997s] creating /home/chinchia120/autoware.ai/install/javad_navsat_driver/lib/python2.7/dist-packages/libjavad_navsat_driver
[5.997s] copying /home/chinchia120/autoware.ai/build/javad_navsat_driver/lib.linux-x86_64-2.7/libjavad_navsat_driver/parser.py -> /home/chinchia120/autoware.ai/install/javad_navsat_driver/lib/python2.7/dist-packages/libjavad_navsat_driver
[5.998s] copying /home/chinchia120/autoware.ai/build/javad_navsat_driver/lib.linux-x86_64-2.7/libjavad_navsat_driver/__init__.py -> /home/chinchia120/autoware.ai/install/javad_navsat_driver/lib/python2.7/dist-packages/libjavad_navsat_driver
[5.999s] copying /home/chinchia120/autoware.ai/build/javad_navsat_driver/lib.linux-x86_64-2.7/libjavad_navsat_driver/checksum_utils.py -> /home/chinchia120/autoware.ai/install/javad_navsat_driver/lib/python2.7/dist-packages/libjavad_navsat_driver
[5.999s] copying /home/chinchia120/autoware.ai/build/javad_navsat_driver/lib.linux-x86_64-2.7/libjavad_navsat_driver/driver.py -> /home/chinchia120/autoware.ai/install/javad_navsat_driver/lib/python2.7/dist-packages/libjavad_navsat_driver
[6.000s] byte-compiling /home/chinchia120/autoware.ai/install/javad_navsat_driver/lib/python2.7/dist-packages/libjavad_navsat_driver/parser.py to parser.pyc
[6.004s] byte-compiling /home/chinchia120/autoware.ai/install/javad_navsat_driver/lib/python2.7/dist-packages/libjavad_navsat_driver/__init__.py to __init__.pyc
[6.005s] byte-compiling /home/chinchia120/autoware.ai/install/javad_navsat_driver/lib/python2.7/dist-packages/libjavad_navsat_driver/checksum_utils.py to checksum_utils.pyc
[6.005s] byte-compiling /home/chinchia120/autoware.ai/install/javad_navsat_driver/lib/python2.7/dist-packages/libjavad_navsat_driver/driver.py to driver.pyc
[6.007s] running install_egg_info
[6.007s] Writing /home/chinchia120/autoware.ai/install/javad_navsat_driver/lib/python2.7/dist-packages/javad_navsat_driver-1.12.0.egg-info
[6.018s] -- Installing: /home/chinchia120/autoware.ai/install/javad_navsat_driver/lib/pkgconfig/javad_navsat_driver.pc
[6.018s] -- Installing: /home/chinchia120/autoware.ai/install/javad_navsat_driver/share/javad_navsat_driver/cmake/javad_navsat_driverConfig.cmake
[6.018s] -- Installing: /home/chinchia120/autoware.ai/install/javad_navsat_driver/share/javad_navsat_driver/cmake/javad_navsat_driverConfig-version.cmake
[6.019s] -- Installing: /home/chinchia120/autoware.ai/install/javad_navsat_driver/share/javad_navsat_driver/package.xml
[6.019s] -- Installing: /home/chinchia120/autoware.ai/install/javad_navsat_driver/lib/javad_navsat_driver/javad_serial_driver
[6.019s] -- Installing: /home/chinchia120/autoware.ai/install/javad_navsat_driver/lib/javad_navsat_driver/javad_topic_driver
[6.019s] -- Installing: /home/chinchia120/autoware.ai/install/javad_navsat_driver/lib/javad_navsat_driver/javad_topic_serial_reader
[6.019s] -- Installing: /home/chinchia120/autoware.ai/install/javad_navsat_driver/share/javad_navsat_driver/launch
[6.019s] -- Installing: /home/chinchia120/autoware.ai/install/javad_navsat_driver/share/javad_navsat_driver/launch/javad_navsat.launch
[6.020s] -- Installing: /home/chinchia120/autoware.ai/install/javad_navsat_driver/share/javad_navsat_driver/cfg
[6.020s] -- Installing: /home/chinchia120/autoware.ai/install/javad_navsat_driver/share/javad_navsat_driver/cfg/disable.cfg
[6.020s] -- Installing: /home/chinchia120/autoware.ai/install/javad_navsat_driver/share/javad_navsat_driver/cfg/enable.cfg
[6.028s] Invoked command in '/home/chinchia120/autoware.ai/build/javad_navsat_driver' returned '0': /usr/bin/cmake --build /home/chinchia120/autoware.ai/build/javad_navsat_driver --target install -- -j4 -l4
