[0.042s] Invoking command in '/home/chinchia120/autoware.ai/build/tablet_socket_msgs': /usr/bin/cmake /home/chinchia120/autoware.ai/src/autoware/messages/tablet_socket_msgs -DCMAKE_BUILD_TYPE=Release -DCATKIN_INSTALL_INTO_PREFIX_ROOT=0 -DCMAKE_INSTALL_PREFIX=/home/chinchia120/autoware.ai/install/tablet_socket_msgs
[0.219s] -- The C compiler identification is GNU 7.5.0
[0.373s] -- The CXX compiler identification is GNU 7.5.0
[0.381s] -- Check for working C compiler: /usr/bin/cc
[0.527s] -- Check for working C compiler: /usr/bin/cc -- works
[0.527s] -- Detecting C compiler ABI info
[0.687s] -- Detecting C compiler ABI info - done
[0.705s] -- Detecting C compile features
[1.298s] -- Detecting C compile features - done
[1.308s] -- Check for working CXX compiler: /usr/bin/c++
[1.536s] -- Check for working CXX compiler: /usr/bin/c++ -- works
[1.536s] -- Detecting CXX compiler ABI info
[1.755s] -- Detecting CXX compiler ABI info - done
[1.786s] -- Detecting CXX compile features
[2.699s] -- Detecting CXX compile features - done
[2.703s] -- Using CATKIN_DEVEL_PREFIX: /home/chinchia120/autoware.ai/build/tablet_socket_msgs/devel
[2.704s] -- Using CMAKE_PREFIX_PATH: /home/chinchia120/catkin_ws/devel;/opt/ros/melodic
[2.704s] -- This workspace overlays: /home/chinchia120/catkin_ws/devel;/opt/ros/melodic
[2.734s] -- Found PythonInterp: /usr/bin/python2 (found suitable version "2.7.17", minimum required is "2") 
[2.735s] -- Using PYTHON_EXECUTABLE: /usr/bin/python2
[2.736s] -- Using Debian Python package layout
[2.737s] -- Using empy: /usr/bin/empy
[3.033s] -- Using CATKIN_ENABLE_TESTING: ON
[3.034s] -- Call enable_testing()
[3.040s] -- Using CATKIN_TEST_RESULTS_DIR: /home/chinchia120/autoware.ai/build/tablet_socket_msgs/test_results
[3.086s] -- Found gtest sources under '/usr/src/googletest': gtests will be built
[3.086s] -- Found gmock sources under '/usr/src/googletest': gmock will be built
[3.117s] -- Found PythonInterp: /usr/bin/python2 (found version "2.7.17") 
[3.121s] -- Looking for pthread.h
[3.306s] -- Looking for pthread.h - found
[3.307s] -- Looking for pthread_create
[3.569s] -- Looking for pthread_create - not found
[3.571s] -- Looking for pthread_create in pthreads
[3.728s] -- Looking for pthread_create in pthreads - not found
[3.729s] -- Looking for pthread_create in pthread
[3.917s] -- Looking for pthread_create in pthread - found
[3.921s] -- Found Threads: TRUE  
[3.932s] -- Using Python nosetests: /usr/bin/nosetests-2.7
[4.025s] -- catkin 0.7.29
[4.025s] -- BUILD_SHARED_LIBS is on
[4.283s] -- Using these message generators: gencpp;geneus;genlisp;gennodejs;genpy
[4.892s] -- tablet_socket_msgs: 6 messages, 0 services
[5.209s] -- Configuring done
[5.285s] -- Generating done
[5.299s] -- Build files have been written to: /home/chinchia120/autoware.ai/build/tablet_socket_msgs
[5.308s] Invoked command in '/home/chinchia120/autoware.ai/build/tablet_socket_msgs' returned '0': /usr/bin/cmake /home/chinchia120/autoware.ai/src/autoware/messages/tablet_socket_msgs -DCMAKE_BUILD_TYPE=Release -DCATKIN_INSTALL_INTO_PREFIX_ROOT=0 -DCMAKE_INSTALL_PREFIX=/home/chinchia120/autoware.ai/install/tablet_socket_msgs
[5.313s] Invoking command in '/home/chinchia120/autoware.ai/build/tablet_socket_msgs': /usr/bin/cmake --build /home/chinchia120/autoware.ai/build/tablet_socket_msgs -- -j4 -l4
[5.399s] [35m[1mScanning dependencies of target _tablet_socket_msgs_generate_messages_check_deps_gear_cmd[0m
[5.489s] [  0%] Built target _tablet_socket_msgs_generate_messages_check_deps_gear_cmd
[5.512s] [35m[1mScanning dependencies of target _tablet_socket_msgs_generate_messages_check_deps_mode_info[0m
[5.597s] [  0%] Built target _tablet_socket_msgs_generate_messages_check_deps_mode_info
[5.626s] [35m[1mScanning dependencies of target std_msgs_generate_messages_cpp[0m
[5.655s] [  0%] Built target std_msgs_generate_messages_cpp
[5.682s] [35m[1mScanning dependencies of target _tablet_socket_msgs_generate_messages_check_deps_error_info[0m
[5.746s] [  0%] Built target _tablet_socket_msgs_generate_messages_check_deps_error_info
[5.766s] [35m[1mScanning dependencies of target _tablet_socket_msgs_generate_messages_check_deps_route_cmd[0m
[5.823s] [  0%] Built target _tablet_socket_msgs_generate_messages_check_deps_route_cmd
[5.843s] [35m[1mScanning dependencies of target std_msgs_generate_messages_py[0m
[5.862s] [  0%] Built target std_msgs_generate_messages_py
[5.882s] [35m[1mScanning dependencies of target std_msgs_generate_messages_nodejs[0m
[5.939s] [  0%] Built target std_msgs_generate_messages_nodejs
[5.982s] [35m[1mScanning dependencies of target std_msgs_generate_messages_eus[0m
[6.018s] [  0%] Built target std_msgs_generate_messages_eus
[6.067s] [35m[1mScanning dependencies of target std_msgs_generate_messages_lisp[0m
[6.113s] [  0%] Built target std_msgs_generate_messages_lisp
[6.246s] [35m[1mScanning dependencies of target _tablet_socket_msgs_generate_messages_check_deps_mode_cmd[0m
[6.464s] [  0%] Built target _tablet_socket_msgs_generate_messages_check_deps_mode_cmd
[6.523s] [35m[1mScanning dependencies of target _tablet_socket_msgs_generate_messages_check_deps_Waypoint[0m
[6.651s] [  0%] Built target _tablet_socket_msgs_generate_messages_check_deps_Waypoint
[6.686s] [35m[1mScanning dependencies of target tablet_socket_msgs_generate_messages_cpp[0m
[6.741s] [  3%] [34m[1mGenerating C++ code from tablet_socket_msgs/mode_cmd.msg[0m
[7.350s] [  6%] [34m[1mGenerating C++ code from tablet_socket_msgs/route_cmd.msg[0m
[7.728s] [  9%] [34m[1mGenerating C++ code from tablet_socket_msgs/error_info.msg[0m
[8.033s] [ 12%] [34m[1mGenerating C++ code from tablet_socket_msgs/gear_cmd.msg[0m
[8.304s] [ 15%] [34m[1mGenerating C++ code from tablet_socket_msgs/mode_info.msg[0m
[8.588s] [ 18%] [34m[1mGenerating C++ code from tablet_socket_msgs/Waypoint.msg[0m
[8.881s] [ 18%] Built target tablet_socket_msgs_generate_messages_cpp
[8.903s] [35m[1mScanning dependencies of target tablet_socket_msgs_generate_messages_eus[0m
[8.930s] [ 21%] [34m[1mGenerating EusLisp code from tablet_socket_msgs/mode_cmd.msg[0m
[9.052s] [ 25%] [34m[1mGenerating EusLisp code from tablet_socket_msgs/route_cmd.msg[0m
[9.164s] [ 28%] [34m[1mGenerating EusLisp code from tablet_socket_msgs/error_info.msg[0m
[9.265s] [ 31%] [34m[1mGenerating EusLisp code from tablet_socket_msgs/gear_cmd.msg[0m
[9.398s] [ 34%] [34m[1mGenerating EusLisp code from tablet_socket_msgs/mode_info.msg[0m
[9.528s] [ 37%] [34m[1mGenerating EusLisp code from tablet_socket_msgs/Waypoint.msg[0m
[9.658s] [ 40%] [34m[1mGenerating EusLisp manifest code for tablet_socket_msgs[0m
[11.010s] [ 40%] Built target tablet_socket_msgs_generate_messages_eus
[11.038s] [35m[1mScanning dependencies of target tablet_socket_msgs_generate_messages_lisp[0m
[11.070s] [ 43%] [34m[1mGenerating Lisp code from tablet_socket_msgs/mode_cmd.msg[0m
[11.194s] [ 46%] [34m[1mGenerating Lisp code from tablet_socket_msgs/route_cmd.msg[0m
[11.355s] [ 50%] [34m[1mGenerating Lisp code from tablet_socket_msgs/error_info.msg[0m
[11.619s] [ 53%] [34m[1mGenerating Lisp code from tablet_socket_msgs/gear_cmd.msg[0m
[11.807s] [ 56%] [34m[1mGenerating Lisp code from tablet_socket_msgs/mode_info.msg[0m
[12.070s] [ 59%] [34m[1mGenerating Lisp code from tablet_socket_msgs/Waypoint.msg[0m
[12.282s] [ 59%] Built target tablet_socket_msgs_generate_messages_lisp
[12.376s] [35m[1mScanning dependencies of target tablet_socket_msgs_generate_messages_nodejs[0m
[12.415s] [ 62%] [34m[1mGenerating Javascript code from tablet_socket_msgs/mode_cmd.msg[0m
[12.589s] [ 65%] [34m[1mGenerating Javascript code from tablet_socket_msgs/error_info.msg[0m
[12.733s] [ 68%] [34m[1mGenerating Javascript code from tablet_socket_msgs/gear_cmd.msg[0m
[12.904s] [ 71%] [34m[1mGenerating Javascript code from tablet_socket_msgs/mode_info.msg[0m
[13.050s] [ 75%] [34m[1mGenerating Javascript code from tablet_socket_msgs/Waypoint.msg[0m
[13.201s] [ 78%] [34m[1mGenerating Javascript code from tablet_socket_msgs/route_cmd.msg[0m
[13.302s] [ 78%] Built target tablet_socket_msgs_generate_messages_nodejs
[13.338s] [35m[1mScanning dependencies of target tablet_socket_msgs_generate_messages_py[0m
[13.371s] [ 81%] [34m[1mGenerating Python from MSG tablet_socket_msgs/mode_cmd[0m
[13.686s] [ 84%] [34m[1mGenerating Python from MSG tablet_socket_msgs/gear_cmd[0m
[13.946s] [ 87%] [34m[1mGenerating Python from MSG tablet_socket_msgs/mode_info[0m
[14.208s] [ 90%] [34m[1mGenerating Python from MSG tablet_socket_msgs/Waypoint[0m
[14.510s] [ 93%] [34m[1mGenerating Python from MSG tablet_socket_msgs/error_info[0m
[14.869s] [ 96%] [34m[1mGenerating Python from MSG tablet_socket_msgs/route_cmd[0m
[15.285s] [100%] [34m[1mGenerating Python msg __init__.py for tablet_socket_msgs[0m
[15.576s] [100%] Built target tablet_socket_msgs_generate_messages_py
[15.627s] [35m[1mScanning dependencies of target tablet_socket_msgs_generate_messages[0m
[15.679s] [100%] Built target tablet_socket_msgs_generate_messages
[15.732s] Invoked command in '/home/chinchia120/autoware.ai/build/tablet_socket_msgs' returned '0': /usr/bin/cmake --build /home/chinchia120/autoware.ai/build/tablet_socket_msgs -- -j4 -l4
[16.412s] Invoking command in '/home/chinchia120/autoware.ai/build/tablet_socket_msgs': /usr/bin/cmake --build /home/chinchia120/autoware.ai/build/tablet_socket_msgs --target tests -- -j4 -l4
[16.682s] [35m[1mScanning dependencies of target tests[0m
[16.737s] Built target tests
[16.766s] Invoked command in '/home/chinchia120/autoware.ai/build/tablet_socket_msgs' returned '0': /usr/bin/cmake --build /home/chinchia120/autoware.ai/build/tablet_socket_msgs --target tests -- -j4 -l4
[17.121s] Invoking command in '/home/chinchia120/autoware.ai/build/tablet_socket_msgs': /usr/bin/cmake --build /home/chinchia120/autoware.ai/build/tablet_socket_msgs --target install -- -j4 -l4
[17.330s] [  0%] Built target _tablet_socket_msgs_generate_messages_check_deps_gear_cmd
[17.454s] [  0%] Built target _tablet_socket_msgs_generate_messages_check_deps_mode_info
[17.525s] [  0%] Built target std_msgs_generate_messages_cpp
[17.686s] [  0%] Built target _tablet_socket_msgs_generate_messages_check_deps_error_info
[17.835s] [  0%] Built target _tablet_socket_msgs_generate_messages_check_deps_route_cmd
[17.906s] [  0%] Built target std_msgs_generate_messages_py
[17.978s] [  0%] Built target std_msgs_generate_messages_nodejs
[18.049s] [  0%] Built target std_msgs_generate_messages_eus
[18.123s] [  0%] Built target std_msgs_generate_messages_lisp
[18.266s] [  0%] Built target _tablet_socket_msgs_generate_messages_check_deps_mode_cmd
[18.409s] [  0%] Built target _tablet_socket_msgs_generate_messages_check_deps_Waypoint
[18.484s] [ 18%] Built target tablet_socket_msgs_generate_messages_cpp
[18.552s] [ 40%] Built target tablet_socket_msgs_generate_messages_eus
[18.639s] [ 59%] Built target tablet_socket_msgs_generate_messages_lisp
[18.715s] [ 78%] Built target tablet_socket_msgs_generate_messages_nodejs
[18.794s] [100%] Built target tablet_socket_msgs_generate_messages_py
[18.917s] [100%] Built target tablet_socket_msgs_generate_messages
[19.011s] [36mInstall the project...[0m
[19.057s] -- Install configuration: "Release"
[19.059s] -- Installing: /home/chinchia120/autoware.ai/install/tablet_socket_msgs/share/tablet_socket_msgs/msg/Waypoint.msg
[19.060s] -- Installing: /home/chinchia120/autoware.ai/install/tablet_socket_msgs/share/tablet_socket_msgs/msg/error_info.msg
[19.060s] -- Installing: /home/chinchia120/autoware.ai/install/tablet_socket_msgs/share/tablet_socket_msgs/msg/gear_cmd.msg
[19.062s] -- Installing: /home/chinchia120/autoware.ai/install/tablet_socket_msgs/share/tablet_socket_msgs/msg/mode_cmd.msg
[19.062s] -- Installing: /home/chinchia120/autoware.ai/install/tablet_socket_msgs/share/tablet_socket_msgs/msg/mode_info.msg
[19.063s] -- Installing: /home/chinchia120/autoware.ai/install/tablet_socket_msgs/share/tablet_socket_msgs/msg/route_cmd.msg
[19.066s] -- Installing: /home/chinchia120/autoware.ai/install/tablet_socket_msgs/share/tablet_socket_msgs/cmake/tablet_socket_msgs-msg-paths.cmake
[19.068s] -- Installing: /home/chinchia120/autoware.ai/install/tablet_socket_msgs/include/tablet_socket_msgs
[19.079s] -- Installing: /home/chinchia120/autoware.ai/install/tablet_socket_msgs/include/tablet_socket_msgs/mode_cmd.h
[19.081s] -- Installing: /home/chinchia120/autoware.ai/install/tablet_socket_msgs/include/tablet_socket_msgs/Waypoint.h
[19.081s] -- Installing: /home/chinchia120/autoware.ai/install/tablet_socket_msgs/include/tablet_socket_msgs/error_info.h
[19.082s] -- Installing: /home/chinchia120/autoware.ai/install/tablet_socket_msgs/include/tablet_socket_msgs/mode_info.h
[19.082s] -- Installing: /home/chinchia120/autoware.ai/install/tablet_socket_msgs/include/tablet_socket_msgs/gear_cmd.h
[19.083s] -- Installing: /home/chinchia120/autoware.ai/install/tablet_socket_msgs/include/tablet_socket_msgs/route_cmd.h
[19.083s] -- Installing: /home/chinchia120/autoware.ai/install/tablet_socket_msgs/share/roseus/ros/tablet_socket_msgs
[19.083s] -- Installing: /home/chinchia120/autoware.ai/install/tablet_socket_msgs/share/roseus/ros/tablet_socket_msgs/manifest.l
[19.083s] -- Installing: /home/chinchia120/autoware.ai/install/tablet_socket_msgs/share/roseus/ros/tablet_socket_msgs/msg
[19.084s] -- Installing: /home/chinchia120/autoware.ai/install/tablet_socket_msgs/share/roseus/ros/tablet_socket_msgs/msg/Waypoint.l
[19.084s] -- Installing: /home/chinchia120/autoware.ai/install/tablet_socket_msgs/share/roseus/ros/tablet_socket_msgs/msg/error_info.l
[19.085s] -- Installing: /home/chinchia120/autoware.ai/install/tablet_socket_msgs/share/roseus/ros/tablet_socket_msgs/msg/route_cmd.l
[19.085s] -- Installing: /home/chinchia120/autoware.ai/install/tablet_socket_msgs/share/roseus/ros/tablet_socket_msgs/msg/gear_cmd.l
[19.086s] -- Installing: /home/chinchia120/autoware.ai/install/tablet_socket_msgs/share/roseus/ros/tablet_socket_msgs/msg/mode_info.l
[19.086s] -- Installing: /home/chinchia120/autoware.ai/install/tablet_socket_msgs/share/roseus/ros/tablet_socket_msgs/msg/mode_cmd.l
[19.086s] -- Installing: /home/chinchia120/autoware.ai/install/tablet_socket_msgs/share/common-lisp/ros/tablet_socket_msgs
[19.087s] -- Installing: /home/chinchia120/autoware.ai/install/tablet_socket_msgs/share/common-lisp/ros/tablet_socket_msgs/msg
[19.088s] -- Installing: /home/chinchia120/autoware.ai/install/tablet_socket_msgs/share/common-lisp/ros/tablet_socket_msgs/msg/_package_route_cmd.lisp
[19.088s] -- Installing: /home/chinchia120/autoware.ai/install/tablet_socket_msgs/share/common-lisp/ros/tablet_socket_msgs/msg/_package_gear_cmd.lisp
[19.088s] -- Installing: /home/chinchia120/autoware.ai/install/tablet_socket_msgs/share/common-lisp/ros/tablet_socket_msgs/msg/_package_mode_info.lisp
[19.089s] -- Installing: /home/chinchia120/autoware.ai/install/tablet_socket_msgs/share/common-lisp/ros/tablet_socket_msgs/msg/tablet_socket_msgs-msg.asd
[19.089s] -- Installing: /home/chinchia120/autoware.ai/install/tablet_socket_msgs/share/common-lisp/ros/tablet_socket_msgs/msg/mode_info.lisp
[19.089s] -- Installing: /home/chinchia120/autoware.ai/install/tablet_socket_msgs/share/common-lisp/ros/tablet_socket_msgs/msg/route_cmd.lisp
[19.089s] -- Installing: /home/chinchia120/autoware.ai/install/tablet_socket_msgs/share/common-lisp/ros/tablet_socket_msgs/msg/mode_cmd.lisp
[19.090s] -- Installing: /home/chinchia120/autoware.ai/install/tablet_socket_msgs/share/common-lisp/ros/tablet_socket_msgs/msg/error_info.lisp
[19.090s] -- Installing: /home/chinchia120/autoware.ai/install/tablet_socket_msgs/share/common-lisp/ros/tablet_socket_msgs/msg/_package.lisp
[19.091s] -- Installing: /home/chinchia120/autoware.ai/install/tablet_socket_msgs/share/common-lisp/ros/tablet_socket_msgs/msg/_package_error_info.lisp
[19.093s] -- Installing: /home/chinchia120/autoware.ai/install/tablet_socket_msgs/share/common-lisp/ros/tablet_socket_msgs/msg/Waypoint.lisp
[19.094s] -- Installing: /home/chinchia120/autoware.ai/install/tablet_socket_msgs/share/common-lisp/ros/tablet_socket_msgs/msg/_package_Waypoint.lisp
[19.094s] -- Installing: /home/chinchia120/autoware.ai/install/tablet_socket_msgs/share/common-lisp/ros/tablet_socket_msgs/msg/gear_cmd.lisp
[19.095s] -- Installing: /home/chinchia120/autoware.ai/install/tablet_socket_msgs/share/common-lisp/ros/tablet_socket_msgs/msg/_package_mode_cmd.lisp
[19.095s] -- Installing: /home/chinchia120/autoware.ai/install/tablet_socket_msgs/share/gennodejs/ros/tablet_socket_msgs
[19.096s] -- Installing: /home/chinchia120/autoware.ai/install/tablet_socket_msgs/share/gennodejs/ros/tablet_socket_msgs/_index.js
[19.097s] -- Installing: /home/chinchia120/autoware.ai/install/tablet_socket_msgs/share/gennodejs/ros/tablet_socket_msgs/msg
[19.097s] -- Installing: /home/chinchia120/autoware.ai/install/tablet_socket_msgs/share/gennodejs/ros/tablet_socket_msgs/msg/mode_cmd.js
[19.098s] -- Installing: /home/chinchia120/autoware.ai/install/tablet_socket_msgs/share/gennodejs/ros/tablet_socket_msgs/msg/_index.js
[19.098s] -- Installing: /home/chinchia120/autoware.ai/install/tablet_socket_msgs/share/gennodejs/ros/tablet_socket_msgs/msg/error_info.js
[19.099s] -- Installing: /home/chinchia120/autoware.ai/install/tablet_socket_msgs/share/gennodejs/ros/tablet_socket_msgs/msg/Waypoint.js
[19.100s] -- Installing: /home/chinchia120/autoware.ai/install/tablet_socket_msgs/share/gennodejs/ros/tablet_socket_msgs/msg/route_cmd.js
[19.101s] -- Installing: /home/chinchia120/autoware.ai/install/tablet_socket_msgs/share/gennodejs/ros/tablet_socket_msgs/msg/gear_cmd.js
[19.101s] -- Installing: /home/chinchia120/autoware.ai/install/tablet_socket_msgs/share/gennodejs/ros/tablet_socket_msgs/msg/mode_info.js
[19.138s] Listing /home/chinchia120/autoware.ai/build/tablet_socket_msgs/devel/lib/python2.7/dist-packages/tablet_socket_msgs ...
[19.141s] Compiling /home/chinchia120/autoware.ai/build/tablet_socket_msgs/devel/lib/python2.7/dist-packages/tablet_socket_msgs/__init__.py ...
[19.142s] Listing /home/chinchia120/autoware.ai/build/tablet_socket_msgs/devel/lib/python2.7/dist-packages/tablet_socket_msgs/msg ...
[19.143s] Compiling /home/chinchia120/autoware.ai/build/tablet_socket_msgs/devel/lib/python2.7/dist-packages/tablet_socket_msgs/msg/_Waypoint.py ...
[19.144s] Compiling /home/chinchia120/autoware.ai/build/tablet_socket_msgs/devel/lib/python2.7/dist-packages/tablet_socket_msgs/msg/__init__.py ...
[19.144s] Compiling /home/chinchia120/autoware.ai/build/tablet_socket_msgs/devel/lib/python2.7/dist-packages/tablet_socket_msgs/msg/_error_info.py ...
[19.144s] Compiling /home/chinchia120/autoware.ai/build/tablet_socket_msgs/devel/lib/python2.7/dist-packages/tablet_socket_msgs/msg/_gear_cmd.py ...
[19.146s] Compiling /home/chinchia120/autoware.ai/build/tablet_socket_msgs/devel/lib/python2.7/dist-packages/tablet_socket_msgs/msg/_mode_cmd.py ...
[19.146s] Compiling /home/chinchia120/autoware.ai/build/tablet_socket_msgs/devel/lib/python2.7/dist-packages/tablet_socket_msgs/msg/_mode_info.py ...
[19.147s] Compiling /home/chinchia120/autoware.ai/build/tablet_socket_msgs/devel/lib/python2.7/dist-packages/tablet_socket_msgs/msg/_route_cmd.py ...
[19.150s] -- Installing: /home/chinchia120/autoware.ai/install/tablet_socket_msgs/lib/python2.7/dist-packages/tablet_socket_msgs
[19.150s] -- Installing: /home/chinchia120/autoware.ai/install/tablet_socket_msgs/lib/python2.7/dist-packages/tablet_socket_msgs/__init__.py
[19.150s] -- Installing: /home/chinchia120/autoware.ai/install/tablet_socket_msgs/lib/python2.7/dist-packages/tablet_socket_msgs/msg
[19.151s] -- Installing: /home/chinchia120/autoware.ai/install/tablet_socket_msgs/lib/python2.7/dist-packages/tablet_socket_msgs/msg/_mode_info.py
[19.151s] -- Installing: /home/chinchia120/autoware.ai/install/tablet_socket_msgs/lib/python2.7/dist-packages/tablet_socket_msgs/msg/_route_cmd.py
[19.151s] -- Installing: /home/chinchia120/autoware.ai/install/tablet_socket_msgs/lib/python2.7/dist-packages/tablet_socket_msgs/msg/_gear_cmd.py
[19.152s] -- Installing: /home/chinchia120/autoware.ai/install/tablet_socket_msgs/lib/python2.7/dist-packages/tablet_socket_msgs/msg/_mode_cmd.pyc
[19.153s] -- Installing: /home/chinchia120/autoware.ai/install/tablet_socket_msgs/lib/python2.7/dist-packages/tablet_socket_msgs/msg/_Waypoint.py
[19.154s] -- Installing: /home/chinchia120/autoware.ai/install/tablet_socket_msgs/lib/python2.7/dist-packages/tablet_socket_msgs/msg/_gear_cmd.pyc
[19.154s] -- Installing: /home/chinchia120/autoware.ai/install/tablet_socket_msgs/lib/python2.7/dist-packages/tablet_socket_msgs/msg/_Waypoint.pyc
[19.155s] -- Installing: /home/chinchia120/autoware.ai/install/tablet_socket_msgs/lib/python2.7/dist-packages/tablet_socket_msgs/msg/__init__.py
[19.155s] -- Installing: /home/chinchia120/autoware.ai/install/tablet_socket_msgs/lib/python2.7/dist-packages/tablet_socket_msgs/msg/_mode_cmd.py
[19.155s] -- Installing: /home/chinchia120/autoware.ai/install/tablet_socket_msgs/lib/python2.7/dist-packages/tablet_socket_msgs/msg/_mode_info.pyc
[19.156s] -- Installing: /home/chinchia120/autoware.ai/install/tablet_socket_msgs/lib/python2.7/dist-packages/tablet_socket_msgs/msg/_error_info.py
[19.156s] -- Installing: /home/chinchia120/autoware.ai/install/tablet_socket_msgs/lib/python2.7/dist-packages/tablet_socket_msgs/msg/_error_info.pyc
[19.156s] -- Installing: /home/chinchia120/autoware.ai/install/tablet_socket_msgs/lib/python2.7/dist-packages/tablet_socket_msgs/msg/_route_cmd.pyc
[19.156s] -- Installing: /home/chinchia120/autoware.ai/install/tablet_socket_msgs/lib/python2.7/dist-packages/tablet_socket_msgs/msg/__init__.pyc
[19.156s] -- Installing: /home/chinchia120/autoware.ai/install/tablet_socket_msgs/lib/python2.7/dist-packages/tablet_socket_msgs/__init__.pyc
[19.157s] -- Installing: /home/chinchia120/autoware.ai/install/tablet_socket_msgs/lib/pkgconfig/tablet_socket_msgs.pc
[19.157s] -- Installing: /home/chinchia120/autoware.ai/install/tablet_socket_msgs/share/tablet_socket_msgs/cmake/tablet_socket_msgs-msg-extras.cmake
[19.157s] -- Installing: /home/chinchia120/autoware.ai/install/tablet_socket_msgs/share/tablet_socket_msgs/cmake/tablet_socket_msgsConfig.cmake
[19.157s] -- Installing: /home/chinchia120/autoware.ai/install/tablet_socket_msgs/share/tablet_socket_msgs/cmake/tablet_socket_msgsConfig-version.cmake
[19.158s] -- Installing: /home/chinchia120/autoware.ai/install/tablet_socket_msgs/share/tablet_socket_msgs/package.xml
[19.161s] Invoked command in '/home/chinchia120/autoware.ai/build/tablet_socket_msgs' returned '0': /usr/bin/cmake --build /home/chinchia120/autoware.ai/build/tablet_socket_msgs --target install -- -j4 -l4
