[0.124s] Invoking command in '/home/chinchia120/autoware.ai/build/vehicle_model': CMAKE_PREFIX_PATH=/home/chinchia120/autoware.ai/install/gazebo_imu_description:/home/chinchia120/autoware.ai/install/gazebo_camera_description:/home/chinchia120/autoware.ai/install/autoware_build_flags:${CMAKE_PREFIX_PATH} PKG_CONFIG_PATH=/home/chinchia120/autoware.ai/install/gazebo_imu_description/lib/x86_64-linux-gnu/pkgconfig:/home/chinchia120/autoware.ai/install/gazebo_imu_description/lib/pkgconfig:/home/chinchia120/autoware.ai/install/gazebo_camera_description/lib/x86_64-linux-gnu/pkgconfig:/home/chinchia120/autoware.ai/install/gazebo_camera_description/lib/pkgconfig:/home/chinchia120/autoware.ai/install/autoware_build_flags/lib/x86_64-linux-gnu/pkgconfig:/home/chinchia120/autoware.ai/install/autoware_build_flags/lib/pkgconfig:${PKG_CONFIG_PATH} ROS_PACKAGE_PATH=/home/chinchia120/autoware.ai/install/gazebo_imu_description/share:/home/chinchia120/autoware.ai/install/gazebo_camera_description/share:/home/chinchia120/autoware.ai/install/autoware_build_flags/share:${ROS_PACKAGE_PATH} /usr/bin/cmake /home/chinchia120/autoware.ai/src/autoware/visualization/vehicle_model -DCMAKE_BUILD_TYPE=Release -DCATKIN_INSTALL_INTO_PREFIX_ROOT=0 -DCMAKE_INSTALL_PREFIX=/home/chinchia120/autoware.ai/install/vehicle_model
[0.318s] -- The C compiler identification is GNU 7.5.0
[0.502s] -- The CXX compiler identification is GNU 7.5.0
[0.516s] -- Check for working C compiler: /usr/bin/cc
[0.779s] -- Check for working C compiler: /usr/bin/cc -- works
[0.780s] -- Detecting C compiler ABI info
[0.999s] -- Detecting C compiler ABI info - done
[1.029s] -- Detecting C compile features
[1.710s] -- Detecting C compile features - done
[1.718s] -- Check for working CXX compiler: /usr/bin/c++
[1.913s] -- Check for working CXX compiler: /usr/bin/c++ -- works
[1.914s] -- Detecting CXX compiler ABI info
[2.161s] -- Detecting CXX compiler ABI info - done
[2.199s] -- Detecting CXX compile features
[3.335s] -- Detecting CXX compile features - done
[3.343s] -- Using CATKIN_DEVEL_PREFIX: /home/chinchia120/autoware.ai/build/vehicle_model/devel
[3.344s] -- Using CMAKE_PREFIX_PATH: /home/chinchia120/autoware.ai/install/gazebo_imu_description;/home/chinchia120/autoware.ai/install/gazebo_camera_description;/home/chinchia120/autoware.ai/install/autoware_build_flags;/home/chinchia120/catkin_ws/devel;/opt/ros/melodic
[3.346s] -- This workspace overlays: /home/chinchia120/autoware.ai/install/gazebo_imu_description;/home/chinchia120/autoware.ai/install/gazebo_camera_description;/home/chinchia120/autoware.ai/install/autoware_build_flags;/home/chinchia120/catkin_ws/devel;/opt/ros/melodic
[3.385s] -- Found PythonInterp: /usr/bin/python2 (found suitable version "2.7.17", minimum required is "2") 
[3.386s] -- Using PYTHON_EXECUTABLE: /usr/bin/python2
[3.386s] -- Using Debian Python package layout
[3.387s] -- Using empy: /usr/bin/empy
[3.703s] -- Using CATKIN_ENABLE_TESTING: ON
[3.704s] -- Call enable_testing()
[3.715s] -- Using CATKIN_TEST_RESULTS_DIR: /home/chinchia120/autoware.ai/build/vehicle_model/test_results
[3.779s] -- Found gtest sources under '/usr/src/googletest': gtests will be built
[3.779s] -- Found gmock sources under '/usr/src/googletest': gmock will be built
[3.814s] -- Found PythonInterp: /usr/bin/python2 (found version "2.7.17") 
[3.817s] -- Looking for pthread.h
[3.996s] -- Looking for pthread.h - found
[3.997s] -- Looking for pthread_create
[4.240s] -- Looking for pthread_create - not found
[4.241s] -- Looking for pthread_create in pthreads
[4.454s] -- Looking for pthread_create in pthreads - not found
[4.455s] -- Looking for pthread_create in pthread
[4.653s] -- Looking for pthread_create in pthread - found
[4.657s] -- Found Threads: TRUE  
[4.668s] -- Using Python nosetests: /usr/bin/nosetests-2.7
[4.766s] -- catkin 0.7.29
[4.766s] -- BUILD_SHARED_LIBS is on
[5.075s] -- CUDA compilation status: 1.
[5.363s] -- Configuring done
[5.411s] -- Generating done
[5.420s] -- Build files have been written to: /home/chinchia120/autoware.ai/build/vehicle_model
[5.426s] Invoked command in '/home/chinchia120/autoware.ai/build/vehicle_model' returned '0': CMAKE_PREFIX_PATH=/home/chinchia120/autoware.ai/install/gazebo_imu_description:/home/chinchia120/autoware.ai/install/gazebo_camera_description:/home/chinchia120/autoware.ai/install/autoware_build_flags:${CMAKE_PREFIX_PATH} PKG_CONFIG_PATH=/home/chinchia120/autoware.ai/install/gazebo_imu_description/lib/x86_64-linux-gnu/pkgconfig:/home/chinchia120/autoware.ai/install/gazebo_imu_description/lib/pkgconfig:/home/chinchia120/autoware.ai/install/gazebo_camera_description/lib/x86_64-linux-gnu/pkgconfig:/home/chinchia120/autoware.ai/install/gazebo_camera_description/lib/pkgconfig:/home/chinchia120/autoware.ai/install/autoware_build_flags/lib/x86_64-linux-gnu/pkgconfig:/home/chinchia120/autoware.ai/install/autoware_build_flags/lib/pkgconfig:${PKG_CONFIG_PATH} ROS_PACKAGE_PATH=/home/chinchia120/autoware.ai/install/gazebo_imu_description/share:/home/chinchia120/autoware.ai/install/gazebo_camera_description/share:/home/chinchia120/autoware.ai/install/autoware_build_flags/share:${ROS_PACKAGE_PATH} /usr/bin/cmake /home/chinchia120/autoware.ai/src/autoware/visualization/vehicle_model -DCMAKE_BUILD_TYPE=Release -DCATKIN_INSTALL_INTO_PREFIX_ROOT=0 -DCMAKE_INSTALL_PREFIX=/home/chinchia120/autoware.ai/install/vehicle_model
[5.433s] Invoking command in '/home/chinchia120/autoware.ai/build/vehicle_model': CMAKE_PREFIX_PATH=/home/chinchia120/autoware.ai/install/gazebo_imu_description:/home/chinchia120/autoware.ai/install/gazebo_camera_description:/home/chinchia120/autoware.ai/install/autoware_build_flags:${CMAKE_PREFIX_PATH} PKG_CONFIG_PATH=/home/chinchia120/autoware.ai/install/gazebo_imu_description/lib/x86_64-linux-gnu/pkgconfig:/home/chinchia120/autoware.ai/install/gazebo_imu_description/lib/pkgconfig:/home/chinchia120/autoware.ai/install/gazebo_camera_description/lib/x86_64-linux-gnu/pkgconfig:/home/chinchia120/autoware.ai/install/gazebo_camera_description/lib/pkgconfig:/home/chinchia120/autoware.ai/install/autoware_build_flags/lib/x86_64-linux-gnu/pkgconfig:/home/chinchia120/autoware.ai/install/autoware_build_flags/lib/pkgconfig:${PKG_CONFIG_PATH} ROS_PACKAGE_PATH=/home/chinchia120/autoware.ai/install/gazebo_imu_description/share:/home/chinchia120/autoware.ai/install/gazebo_camera_description/share:/home/chinchia120/autoware.ai/install/autoware_build_flags/share:${ROS_PACKAGE_PATH} /usr/bin/cmake --build /home/chinchia120/autoware.ai/build/vehicle_model -- -j4 -l4
[5.569s] Invoked command in '/home/chinchia120/autoware.ai/build/vehicle_model' returned '0': CMAKE_PREFIX_PATH=/home/chinchia120/autoware.ai/install/gazebo_imu_description:/home/chinchia120/autoware.ai/install/gazebo_camera_description:/home/chinchia120/autoware.ai/install/autoware_build_flags:${CMAKE_PREFIX_PATH} PKG_CONFIG_PATH=/home/chinchia120/autoware.ai/install/gazebo_imu_description/lib/x86_64-linux-gnu/pkgconfig:/home/chinchia120/autoware.ai/install/gazebo_imu_description/lib/pkgconfig:/home/chinchia120/autoware.ai/install/gazebo_camera_description/lib/x86_64-linux-gnu/pkgconfig:/home/chinchia120/autoware.ai/install/gazebo_camera_description/lib/pkgconfig:/home/chinchia120/autoware.ai/install/autoware_build_flags/lib/x86_64-linux-gnu/pkgconfig:/home/chinchia120/autoware.ai/install/autoware_build_flags/lib/pkgconfig:${PKG_CONFIG_PATH} ROS_PACKAGE_PATH=/home/chinchia120/autoware.ai/install/gazebo_imu_description/share:/home/chinchia120/autoware.ai/install/gazebo_camera_description/share:/home/chinchia120/autoware.ai/install/autoware_build_flags/share:${ROS_PACKAGE_PATH} /usr/bin/cmake --build /home/chinchia120/autoware.ai/build/vehicle_model -- -j4 -l4
[5.693s] Invoking command in '/home/chinchia120/autoware.ai/build/vehicle_model': CMAKE_PREFIX_PATH=/home/chinchia120/autoware.ai/install/gazebo_imu_description:/home/chinchia120/autoware.ai/install/gazebo_camera_description:/home/chinchia120/autoware.ai/install/autoware_build_flags:${CMAKE_PREFIX_PATH} PKG_CONFIG_PATH=/home/chinchia120/autoware.ai/install/gazebo_imu_description/lib/x86_64-linux-gnu/pkgconfig:/home/chinchia120/autoware.ai/install/gazebo_imu_description/lib/pkgconfig:/home/chinchia120/autoware.ai/install/gazebo_camera_description/lib/x86_64-linux-gnu/pkgconfig:/home/chinchia120/autoware.ai/install/gazebo_camera_description/lib/pkgconfig:/home/chinchia120/autoware.ai/install/autoware_build_flags/lib/x86_64-linux-gnu/pkgconfig:/home/chinchia120/autoware.ai/install/autoware_build_flags/lib/pkgconfig:${PKG_CONFIG_PATH} ROS_PACKAGE_PATH=/home/chinchia120/autoware.ai/install/gazebo_imu_description/share:/home/chinchia120/autoware.ai/install/gazebo_camera_description/share:/home/chinchia120/autoware.ai/install/autoware_build_flags/share:${ROS_PACKAGE_PATH} /usr/bin/cmake --build /home/chinchia120/autoware.ai/build/vehicle_model --target tests -- -j4 -l4
[5.841s] [35m[1mScanning dependencies of target tests[0m
[5.881s] Built target tests
[5.912s] Invoked command in '/home/chinchia120/autoware.ai/build/vehicle_model' returned '0': CMAKE_PREFIX_PATH=/home/chinchia120/autoware.ai/install/gazebo_imu_description:/home/chinchia120/autoware.ai/install/gazebo_camera_description:/home/chinchia120/autoware.ai/install/autoware_build_flags:${CMAKE_PREFIX_PATH} PKG_CONFIG_PATH=/home/chinchia120/autoware.ai/install/gazebo_imu_description/lib/x86_64-linux-gnu/pkgconfig:/home/chinchia120/autoware.ai/install/gazebo_imu_description/lib/pkgconfig:/home/chinchia120/autoware.ai/install/gazebo_camera_description/lib/x86_64-linux-gnu/pkgconfig:/home/chinchia120/autoware.ai/install/gazebo_camera_description/lib/pkgconfig:/home/chinchia120/autoware.ai/install/autoware_build_flags/lib/x86_64-linux-gnu/pkgconfig:/home/chinchia120/autoware.ai/install/autoware_build_flags/lib/pkgconfig:${PKG_CONFIG_PATH} ROS_PACKAGE_PATH=/home/chinchia120/autoware.ai/install/gazebo_imu_description/share:/home/chinchia120/autoware.ai/install/gazebo_camera_description/share:/home/chinchia120/autoware.ai/install/autoware_build_flags/share:${ROS_PACKAGE_PATH} /usr/bin/cmake --build /home/chinchia120/autoware.ai/build/vehicle_model --target tests -- -j4 -l4
[6.026s] Invoking command in '/home/chinchia120/autoware.ai/build/vehicle_model': CMAKE_PREFIX_PATH=/home/chinchia120/autoware.ai/install/gazebo_imu_description:/home/chinchia120/autoware.ai/install/gazebo_camera_description:/home/chinchia120/autoware.ai/install/autoware_build_flags:${CMAKE_PREFIX_PATH} PKG_CONFIG_PATH=/home/chinchia120/autoware.ai/install/gazebo_imu_description/lib/x86_64-linux-gnu/pkgconfig:/home/chinchia120/autoware.ai/install/gazebo_imu_description/lib/pkgconfig:/home/chinchia120/autoware.ai/install/gazebo_camera_description/lib/x86_64-linux-gnu/pkgconfig:/home/chinchia120/autoware.ai/install/gazebo_camera_description/lib/pkgconfig:/home/chinchia120/autoware.ai/install/autoware_build_flags/lib/x86_64-linux-gnu/pkgconfig:/home/chinchia120/autoware.ai/install/autoware_build_flags/lib/pkgconfig:${PKG_CONFIG_PATH} ROS_PACKAGE_PATH=/home/chinchia120/autoware.ai/install/gazebo_imu_description/share:/home/chinchia120/autoware.ai/install/gazebo_camera_description/share:/home/chinchia120/autoware.ai/install/autoware_build_flags/share:${ROS_PACKAGE_PATH} /usr/bin/cmake --build /home/chinchia120/autoware.ai/build/vehicle_model --target install -- -j4 -l4
[6.157s] [36mInstall the project...[0m
[6.175s] -- Install configuration: "Release"
[6.178s] -- Installing: /home/chinchia120/autoware.ai/install/vehicle_model/lib/pkgconfig/vehicle_model.pc
[6.179s] -- Installing: /home/chinchia120/autoware.ai/install/vehicle_model/share/vehicle_model/cmake/vehicle_modelConfig.cmake
[6.179s] -- Installing: /home/chinchia120/autoware.ai/install/vehicle_model/share/vehicle_model/cmake/vehicle_modelConfig-version.cmake
[6.179s] -- Installing: /home/chinchia120/autoware.ai/install/vehicle_model/share/vehicle_model/package.xml
[6.179s] -- Installing: /home/chinchia120/autoware.ai/install/vehicle_model/share/vehicle_model/mesh
[6.180s] -- Installing: /home/chinchia120/autoware.ai/install/vehicle_model/share/vehicle_model/mesh/wheel.dae
[6.185s] -- Installing: /home/chinchia120/autoware.ai/install/vehicle_model/share/vehicle_model/mesh/body.dae
[6.205s] -- Installing: /home/chinchia120/autoware.ai/install/vehicle_model/share/vehicle_model/mesh/_51225ex2diffuse.jpeg
[6.210s] -- Installing: /home/chinchia120/autoware.ai/install/vehicle_model/share/vehicle_model/mesh/_51225ex1diffuse.jpeg
[6.221s] -- Installing: /home/chinchia120/autoware.ai/install/vehicle_model/share/vehicle_model/mesh/README.md
[6.222s] -- Installing: /home/chinchia120/autoware.ai/install/vehicle_model/share/vehicle_model/urdf
[6.223s] -- Installing: /home/chinchia120/autoware.ai/install/vehicle_model/share/vehicle_model/urdf/steering.gazebo
[6.225s] -- Installing: /home/chinchia120/autoware.ai/install/vehicle_model/share/vehicle_model/urdf/wheel.xacro
[6.226s] -- Installing: /home/chinchia120/autoware.ai/install/vehicle_model/share/vehicle_model/urdf/body.xacro
[6.226s] -- Installing: /home/chinchia120/autoware.ai/install/vehicle_model/share/vehicle_model/urdf/wheel.gazebo
[6.228s] -- Installing: /home/chinchia120/autoware.ai/install/vehicle_model/share/vehicle_model/urdf/steering.xacro
[6.229s] -- Installing: /home/chinchia120/autoware.ai/install/vehicle_model/share/vehicle_model/urdf/vehicle.gazebo
[6.230s] -- Installing: /home/chinchia120/autoware.ai/install/vehicle_model/share/vehicle_model/urdf/vehicle.xacro
[6.230s] -- Installing: /home/chinchia120/autoware.ai/install/vehicle_model/share/vehicle_model/urdf/actuator.xacro
[6.231s] -- Installing: /home/chinchia120/autoware.ai/install/vehicle_model/share/vehicle_model/config
[6.232s] -- Installing: /home/chinchia120/autoware.ai/install/vehicle_model/share/vehicle_model/config/calibration.yaml
[6.234s] -- Installing: /home/chinchia120/autoware.ai/install/vehicle_model/share/vehicle_model/config/vehicle_info.yaml
[6.237s] -- Installing: /home/chinchia120/autoware.ai/install/vehicle_model/share/vehicle_model/config/controller.yaml
[6.243s] Invoked command in '/home/chinchia120/autoware.ai/build/vehicle_model' returned '0': CMAKE_PREFIX_PATH=/home/chinchia120/autoware.ai/install/gazebo_imu_description:/home/chinchia120/autoware.ai/install/gazebo_camera_description:/home/chinchia120/autoware.ai/install/autoware_build_flags:${CMAKE_PREFIX_PATH} PKG_CONFIG_PATH=/home/chinchia120/autoware.ai/install/gazebo_imu_description/lib/x86_64-linux-gnu/pkgconfig:/home/chinchia120/autoware.ai/install/gazebo_imu_description/lib/pkgconfig:/home/chinchia120/autoware.ai/install/gazebo_camera_description/lib/x86_64-linux-gnu/pkgconfig:/home/chinchia120/autoware.ai/install/gazebo_camera_description/lib/pkgconfig:/home/chinchia120/autoware.ai/install/autoware_build_flags/lib/x86_64-linux-gnu/pkgconfig:/home/chinchia120/autoware.ai/install/autoware_build_flags/lib/pkgconfig:${PKG_CONFIG_PATH} ROS_PACKAGE_PATH=/home/chinchia120/autoware.ai/install/gazebo_imu_description/share:/home/chinchia120/autoware.ai/install/gazebo_camera_description/share:/home/chinchia120/autoware.ai/install/autoware_build_flags/share:${ROS_PACKAGE_PATH} /usr/bin/cmake --build /home/chinchia120/autoware.ai/build/vehicle_model --target install -- -j4 -l4
