[0.041s] Invoking command in '/home/chinchia120/autoware.ai/build/lanelet2_traffic_rules': CMAKE_PREFIX_PATH=/home/chinchia120/autoware.ai/install/lanelet2_core:/home/chinchia120/autoware.ai/install/mrt_cmake_modules:${CMAKE_PREFIX_PATH} LD_LIBRARY_PATH=/home/chinchia120/autoware.ai/install/lanelet2_core/lib:${LD_LIBRARY_PATH} PKG_CONFIG_PATH=/home/chinchia120/autoware.ai/install/lanelet2_core/lib/x86_64-linux-gnu/pkgconfig:/home/chinchia120/autoware.ai/install/lanelet2_core/lib/pkgconfig:/home/chinchia120/autoware.ai/install/mrt_cmake_modules/lib/x86_64-linux-gnu/pkgconfig:/home/chinchia120/autoware.ai/install/mrt_cmake_modules/lib/pkgconfig:${PKG_CONFIG_PATH} PYTHONPATH=/home/chinchia120/autoware.ai/install/mrt_cmake_modules/lib/python2.7/dist-packages:${PYTHONPATH} ROS_PACKAGE_PATH=/home/chinchia120/autoware.ai/install/lanelet2_core/share:/home/chinchia120/autoware.ai/install/mrt_cmake_modules/share:${ROS_PACKAGE_PATH} /usr/bin/cmake /home/chinchia120/autoware.ai/src/vendor/lanelet2/lanelet2_traffic_rules -DCMAKE_BUILD_TYPE=Release -DCATKIN_INSTALL_INTO_PREFIX_ROOT=0 -DCMAKE_INSTALL_PREFIX=/home/chinchia120/autoware.ai/install/lanelet2_traffic_rules
[0.208s] -- The C compiler identification is GNU 7.5.0
[0.358s] -- The CXX compiler identification is GNU 7.5.0
[0.371s] -- Check for working C compiler: /usr/bin/cc
[0.547s] -- Check for working C compiler: /usr/bin/cc -- works
[0.548s] -- Detecting C compiler ABI info
[0.759s] -- Detecting C compiler ABI info - done
[0.784s] -- Detecting C compile features
[1.289s] -- Detecting C compile features - done
[1.297s] -- Check for working CXX compiler: /usr/bin/c++
[1.531s] -- Check for working CXX compiler: /usr/bin/c++ -- works
[1.531s] -- Detecting CXX compiler ABI info
[1.723s] -- Detecting CXX compiler ABI info - done
[1.749s] -- Detecting CXX compile features
[2.675s] -- Detecting CXX compile features - done
[2.684s] -- MRT_ARCH not set and X86 target detected (x86_64)
[2.685s] -- Setting -march to sandybridge
[3.287s] -- Found OpenMP_C: -fopenmp (found version "4.5") 
[3.470s] -- Found OpenMP_CXX: -fopenmp (found version "4.5") 
[3.473s] -- Found OpenMP: TRUE (found version "4.5")  
[3.483s] -- Performing Test FLAG_AVAILABLE
[3.672s] -- Performing Test FLAG_AVAILABLE - Success
[3.678s] -- Using CATKIN_DEVEL_PREFIX: /home/chinchia120/autoware.ai/build/lanelet2_traffic_rules/devel
[3.679s] -- Using CMAKE_PREFIX_PATH: /home/chinchia120/autoware.ai/install/lanelet2_core;/home/chinchia120/autoware.ai/install/mrt_cmake_modules;/home/chinchia120/catkin_ws/devel;/opt/ros/melodic
[3.680s] -- This workspace overlays: /home/chinchia120/autoware.ai/install/lanelet2_core;/home/chinchia120/autoware.ai/install/mrt_cmake_modules;/home/chinchia120/catkin_ws/devel;/opt/ros/melodic
[3.709s] -- Found PythonInterp: /usr/bin/python2 (found suitable version "2.7.17", minimum required is "2") 
[3.711s] -- Using PYTHON_EXECUTABLE: /usr/bin/python2
[3.712s] -- Using Debian Python package layout
[3.713s] -- Using empy: /usr/bin/empy
[4.023s] -- Using CATKIN_ENABLE_TESTING: ON
[4.024s] -- Call enable_testing()
[4.030s] -- Using CATKIN_TEST_RESULTS_DIR: /home/chinchia120/autoware.ai/build/lanelet2_traffic_rules/test_results
[4.060s] -- Found gtest sources under '/usr/src/googletest': gtests will be built
[4.060s] -- Found gmock sources under '/usr/src/googletest': gmock will be built
[4.084s] -- Found PythonInterp: /usr/bin/python2 (found version "2.7.17") 
[4.086s] -- Looking for pthread.h
[4.264s] -- Looking for pthread.h - found
[4.265s] -- Looking for pthread_create
[4.435s] -- Looking for pthread_create - found
[4.439s] -- Found Threads: TRUE  
[4.449s] -- Using Python nosetests: /usr/bin/nosetests-2.7
[4.543s] -- catkin 0.7.29
[4.543s] -- BUILD_SHARED_LIBS is on
[5.582s] -- Adding library "lanelet2_traffic_rules" with source src/GenericTrafficRules.cpp;src/GermanTrafficRules.cpp;src/TrafficRulesFactory.cpp
[5.584s] -- Marking targets "lanelet2_traffic_rules" of package "lanelet2_traffic_rules" for installation
[5.585s] -- Marking HEADER FILES in "include" folder of package "lanelet2_traffic_rules" for installation
[5.588s] -- Adding gtest unittest "lanelet2_traffic_rules-lanelet2_traffic_rules-test" with working dir /home/chinchia120/autoware.ai/src/vendor/lanelet2/lanelet2_traffic_rules/test
[5.594s] -- Adding nosetests in folder test
[5.599s] -- Configuring done
[5.666s] -- Generating done
[5.677s] -- Build files have been written to: /home/chinchia120/autoware.ai/build/lanelet2_traffic_rules
[5.689s] Invoked command in '/home/chinchia120/autoware.ai/build/lanelet2_traffic_rules' returned '0': CMAKE_PREFIX_PATH=/home/chinchia120/autoware.ai/install/lanelet2_core:/home/chinchia120/autoware.ai/install/mrt_cmake_modules:${CMAKE_PREFIX_PATH} LD_LIBRARY_PATH=/home/chinchia120/autoware.ai/install/lanelet2_core/lib:${LD_LIBRARY_PATH} PKG_CONFIG_PATH=/home/chinchia120/autoware.ai/install/lanelet2_core/lib/x86_64-linux-gnu/pkgconfig:/home/chinchia120/autoware.ai/install/lanelet2_core/lib/pkgconfig:/home/chinchia120/autoware.ai/install/mrt_cmake_modules/lib/x86_64-linux-gnu/pkgconfig:/home/chinchia120/autoware.ai/install/mrt_cmake_modules/lib/pkgconfig:${PKG_CONFIG_PATH} PYTHONPATH=/home/chinchia120/autoware.ai/install/mrt_cmake_modules/lib/python2.7/dist-packages:${PYTHONPATH} ROS_PACKAGE_PATH=/home/chinchia120/autoware.ai/install/lanelet2_core/share:/home/chinchia120/autoware.ai/install/mrt_cmake_modules/share:${ROS_PACKAGE_PATH} /usr/bin/cmake /home/chinchia120/autoware.ai/src/vendor/lanelet2/lanelet2_traffic_rules -DCMAKE_BUILD_TYPE=Release -DCATKIN_INSTALL_INTO_PREFIX_ROOT=0 -DCMAKE_INSTALL_PREFIX=/home/chinchia120/autoware.ai/install/lanelet2_traffic_rules
[5.691s] Invoking command in '/home/chinchia120/autoware.ai/build/lanelet2_traffic_rules': CMAKE_PREFIX_PATH=/home/chinchia120/autoware.ai/install/lanelet2_core:/home/chinchia120/autoware.ai/install/mrt_cmake_modules:${CMAKE_PREFIX_PATH} LD_LIBRARY_PATH=/home/chinchia120/autoware.ai/install/lanelet2_core/lib:${LD_LIBRARY_PATH} PKG_CONFIG_PATH=/home/chinchia120/autoware.ai/install/lanelet2_core/lib/x86_64-linux-gnu/pkgconfig:/home/chinchia120/autoware.ai/install/lanelet2_core/lib/pkgconfig:/home/chinchia120/autoware.ai/install/mrt_cmake_modules/lib/x86_64-linux-gnu/pkgconfig:/home/chinchia120/autoware.ai/install/mrt_cmake_modules/lib/pkgconfig:${PKG_CONFIG_PATH} PYTHONPATH=/home/chinchia120/autoware.ai/install/mrt_cmake_modules/lib/python2.7/dist-packages:${PYTHONPATH} ROS_PACKAGE_PATH=/home/chinchia120/autoware.ai/install/lanelet2_core/share:/home/chinchia120/autoware.ai/install/mrt_cmake_modules/share:${ROS_PACKAGE_PATH} /usr/bin/cmake --build /home/chinchia120/autoware.ai/build/lanelet2_traffic_rules -- -j4 -l4
[5.793s] [35m[1mScanning dependencies of target _catkin_empty_exported_target[0m
[5.819s] [  0%] Built target _catkin_empty_exported_target
[5.846s] [35m[1mScanning dependencies of target lanelet2_traffic_rules[0m
[5.969s] [ 25%] [32mBuilding CXX object CMakeFiles/lanelet2_traffic_rules.dir/src/GenericTrafficRules.cpp.o[0m
[20.214s] [ 50%] [32mBuilding CXX object CMakeFiles/lanelet2_traffic_rules.dir/src/TrafficRulesFactory.cpp.o[0m
[26.361s] [ 75%] [32mBuilding CXX object CMakeFiles/lanelet2_traffic_rules.dir/src/GermanTrafficRules.cpp.o[0m
[33.728s] [100%] [32m[1mLinking CXX shared library devel/lib/liblanelet2_traffic_rules.so[0m
[33.852s] [100%] Built target lanelet2_traffic_rules
[33.894s] Invoked command in '/home/chinchia120/autoware.ai/build/lanelet2_traffic_rules' returned '0': CMAKE_PREFIX_PATH=/home/chinchia120/autoware.ai/install/lanelet2_core:/home/chinchia120/autoware.ai/install/mrt_cmake_modules:${CMAKE_PREFIX_PATH} LD_LIBRARY_PATH=/home/chinchia120/autoware.ai/install/lanelet2_core/lib:${LD_LIBRARY_PATH} PKG_CONFIG_PATH=/home/chinchia120/autoware.ai/install/lanelet2_core/lib/x86_64-linux-gnu/pkgconfig:/home/chinchia120/autoware.ai/install/lanelet2_core/lib/pkgconfig:/home/chinchia120/autoware.ai/install/mrt_cmake_modules/lib/x86_64-linux-gnu/pkgconfig:/home/chinchia120/autoware.ai/install/mrt_cmake_modules/lib/pkgconfig:${PKG_CONFIG_PATH} PYTHONPATH=/home/chinchia120/autoware.ai/install/mrt_cmake_modules/lib/python2.7/dist-packages:${PYTHONPATH} ROS_PACKAGE_PATH=/home/chinchia120/autoware.ai/install/lanelet2_core/share:/home/chinchia120/autoware.ai/install/mrt_cmake_modules/share:${ROS_PACKAGE_PATH} /usr/bin/cmake --build /home/chinchia120/autoware.ai/build/lanelet2_traffic_rules -- -j4 -l4
[34.068s] Invoking command in '/home/chinchia120/autoware.ai/build/lanelet2_traffic_rules': CMAKE_PREFIX_PATH=/home/chinchia120/autoware.ai/install/lanelet2_core:/home/chinchia120/autoware.ai/install/mrt_cmake_modules:${CMAKE_PREFIX_PATH} LD_LIBRARY_PATH=/home/chinchia120/autoware.ai/install/lanelet2_core/lib:${LD_LIBRARY_PATH} PKG_CONFIG_PATH=/home/chinchia120/autoware.ai/install/lanelet2_core/lib/x86_64-linux-gnu/pkgconfig:/home/chinchia120/autoware.ai/install/lanelet2_core/lib/pkgconfig:/home/chinchia120/autoware.ai/install/mrt_cmake_modules/lib/x86_64-linux-gnu/pkgconfig:/home/chinchia120/autoware.ai/install/mrt_cmake_modules/lib/pkgconfig:${PKG_CONFIG_PATH} PYTHONPATH=/home/chinchia120/autoware.ai/install/mrt_cmake_modules/lib/python2.7/dist-packages:${PYTHONPATH} ROS_PACKAGE_PATH=/home/chinchia120/autoware.ai/install/lanelet2_core/share:/home/chinchia120/autoware.ai/install/mrt_cmake_modules/share:${ROS_PACKAGE_PATH} /usr/bin/cmake --build /home/chinchia120/autoware.ai/build/lanelet2_traffic_rules --target tests -- -j4 -l4
[34.227s] [35m[1mScanning dependencies of target gtest[0m
[34.279s] [ 10%] [32mBuilding CXX object gtest/googlemock/gtest/CMakeFiles/gtest.dir/src/gtest-all.cc.o[0m
[45.026s] [ 20%] [32m[1mLinking CXX shared library libgtest.so[0m
[45.135s] [ 20%] Built target gtest
[45.191s] [ 20%] Built target _catkin_empty_exported_target
[45.219s] [35m[1mScanning dependencies of target gtest_main[0m
[45.279s] [ 30%] [32mBuilding CXX object gtest/googlemock/gtest/CMakeFiles/gtest_main.dir/src/gtest_main.cc.o[0m
[46.421s] [ 40%] [32m[1mLinking CXX shared library libgtest_main.so[0m
[46.504s] [ 40%] Built target gtest_main
[46.596s] [ 80%] Built target lanelet2_traffic_rules
[46.619s] [35m[1mScanning dependencies of target lanelet2_traffic_rules-lanelet2_traffic_rules-test[0m
[46.716s] [ 90%] [32mBuilding CXX object CMakeFiles/lanelet2_traffic_rules-lanelet2_traffic_rules-test.dir/test/lanelet2_traffic_rules.cpp.o[0m
[61.628s] [100%] [32m[1mLinking CXX executable devel/lib/lanelet2_traffic_rules/lanelet2_traffic_rules-lanelet2_traffic_rules-test[0m
[61.781s] [100%] Built target lanelet2_traffic_rules-lanelet2_traffic_rules-test
[61.808s] [35m[1mScanning dependencies of target tests[0m
[61.843s] [100%] Built target tests
[61.872s] Invoked command in '/home/chinchia120/autoware.ai/build/lanelet2_traffic_rules' returned '0': CMAKE_PREFIX_PATH=/home/chinchia120/autoware.ai/install/lanelet2_core:/home/chinchia120/autoware.ai/install/mrt_cmake_modules:${CMAKE_PREFIX_PATH} LD_LIBRARY_PATH=/home/chinchia120/autoware.ai/install/lanelet2_core/lib:${LD_LIBRARY_PATH} PKG_CONFIG_PATH=/home/chinchia120/autoware.ai/install/lanelet2_core/lib/x86_64-linux-gnu/pkgconfig:/home/chinchia120/autoware.ai/install/lanelet2_core/lib/pkgconfig:/home/chinchia120/autoware.ai/install/mrt_cmake_modules/lib/x86_64-linux-gnu/pkgconfig:/home/chinchia120/autoware.ai/install/mrt_cmake_modules/lib/pkgconfig:${PKG_CONFIG_PATH} PYTHONPATH=/home/chinchia120/autoware.ai/install/mrt_cmake_modules/lib/python2.7/dist-packages:${PYTHONPATH} ROS_PACKAGE_PATH=/home/chinchia120/autoware.ai/install/lanelet2_core/share:/home/chinchia120/autoware.ai/install/mrt_cmake_modules/share:${ROS_PACKAGE_PATH} /usr/bin/cmake --build /home/chinchia120/autoware.ai/build/lanelet2_traffic_rules --target tests -- -j4 -l4
[62.026s] Invoking command in '/home/chinchia120/autoware.ai/build/lanelet2_traffic_rules': CMAKE_PREFIX_PATH=/home/chinchia120/autoware.ai/install/lanelet2_core:/home/chinchia120/autoware.ai/install/mrt_cmake_modules:${CMAKE_PREFIX_PATH} LD_LIBRARY_PATH=/home/chinchia120/autoware.ai/install/lanelet2_core/lib:${LD_LIBRARY_PATH} PKG_CONFIG_PATH=/home/chinchia120/autoware.ai/install/lanelet2_core/lib/x86_64-linux-gnu/pkgconfig:/home/chinchia120/autoware.ai/install/lanelet2_core/lib/pkgconfig:/home/chinchia120/autoware.ai/install/mrt_cmake_modules/lib/x86_64-linux-gnu/pkgconfig:/home/chinchia120/autoware.ai/install/mrt_cmake_modules/lib/pkgconfig:${PKG_CONFIG_PATH} PYTHONPATH=/home/chinchia120/autoware.ai/install/mrt_cmake_modules/lib/python2.7/dist-packages:${PYTHONPATH} ROS_PACKAGE_PATH=/home/chinchia120/autoware.ai/install/lanelet2_core/share:/home/chinchia120/autoware.ai/install/mrt_cmake_modules/share:${ROS_PACKAGE_PATH} /usr/bin/cmake --build /home/chinchia120/autoware.ai/build/lanelet2_traffic_rules --target install -- -j4 -l4
[62.170s] [  0%] Built target _catkin_empty_exported_target
[62.287s] [100%] Built target lanelet2_traffic_rules
[62.339s] [36mInstall the project...[0m
[62.359s] -- Install configuration: "Release"
[62.391s] -- Installing: /home/chinchia120/autoware.ai/install/lanelet2_traffic_rules/lib/pkgconfig/lanelet2_traffic_rules.pc
[62.392s] -- Installing: /home/chinchia120/autoware.ai/install/lanelet2_traffic_rules/share/lanelet2_traffic_rules/cmake/lanelet2_traffic_rulesConfig.cmake
[62.392s] -- Installing: /home/chinchia120/autoware.ai/install/lanelet2_traffic_rules/share/lanelet2_traffic_rules/cmake/lanelet2_traffic_rulesConfig-version.cmake
[62.393s] -- Installing: /home/chinchia120/autoware.ai/install/lanelet2_traffic_rules/share/lanelet2_traffic_rules/package.xml
[62.393s] -- Installing: /home/chinchia120/autoware.ai/install/lanelet2_traffic_rules/lib/liblanelet2_traffic_rules.so
[62.394s] -- Set runtime path of "/home/chinchia120/autoware.ai/install/lanelet2_traffic_rules/lib/liblanelet2_traffic_rules.so" to ""
[62.395s] -- Installing: /home/chinchia120/autoware.ai/install/lanelet2_traffic_rules/include/lanelet2_traffic_rules
[62.395s] -- Installing: /home/chinchia120/autoware.ai/install/lanelet2_traffic_rules/include/lanelet2_traffic_rules/TrafficRulesFactory.h
[62.395s] -- Installing: /home/chinchia120/autoware.ai/install/lanelet2_traffic_rules/include/lanelet2_traffic_rules/TrafficRules.h
[62.396s] -- Installing: /home/chinchia120/autoware.ai/install/lanelet2_traffic_rules/include/lanelet2_traffic_rules/Exceptions.h
[62.396s] -- Installing: /home/chinchia120/autoware.ai/install/lanelet2_traffic_rules/include/lanelet2_traffic_rules/GermanTrafficRules.h
[62.396s] -- Installing: /home/chinchia120/autoware.ai/install/lanelet2_traffic_rules/include/lanelet2_traffic_rules/internal
[62.397s] -- Installing: /home/chinchia120/autoware.ai/install/lanelet2_traffic_rules/include/lanelet2_traffic_rules/GenericTrafficRules.h
[62.403s] Invoked command in '/home/chinchia120/autoware.ai/build/lanelet2_traffic_rules' returned '0': CMAKE_PREFIX_PATH=/home/chinchia120/autoware.ai/install/lanelet2_core:/home/chinchia120/autoware.ai/install/mrt_cmake_modules:${CMAKE_PREFIX_PATH} LD_LIBRARY_PATH=/home/chinchia120/autoware.ai/install/lanelet2_core/lib:${LD_LIBRARY_PATH} PKG_CONFIG_PATH=/home/chinchia120/autoware.ai/install/lanelet2_core/lib/x86_64-linux-gnu/pkgconfig:/home/chinchia120/autoware.ai/install/lanelet2_core/lib/pkgconfig:/home/chinchia120/autoware.ai/install/mrt_cmake_modules/lib/x86_64-linux-gnu/pkgconfig:/home/chinchia120/autoware.ai/install/mrt_cmake_modules/lib/pkgconfig:${PKG_CONFIG_PATH} PYTHONPATH=/home/chinchia120/autoware.ai/install/mrt_cmake_modules/lib/python2.7/dist-packages:${PYTHONPATH} ROS_PACKAGE_PATH=/home/chinchia120/autoware.ai/install/lanelet2_core/share:/home/chinchia120/autoware.ai/install/mrt_cmake_modules/share:${ROS_PACKAGE_PATH} /usr/bin/cmake --build /home/chinchia120/autoware.ai/build/lanelet2_traffic_rules --target install -- -j4 -l4
