Determining if the pthread_create exist failed with the following output:
Change Dir: /home/chinchia120/autoware.ai/build/vehicle_sim_model/CMakeFiles/CMakeTmp

Run Build Command:"/usr/bin/make" "cmTC_932ad/fast"
/usr/bin/make -f CMakeFiles/cmTC_932ad.dir/build.make CMakeFiles/cmTC_932ad.dir/build
make[1]: Entering directory '/home/chinchia120/autoware.ai/build/vehicle_sim_model/CMakeFiles/CMakeTmp'
Building C object CMakeFiles/cmTC_932ad.dir/CheckSymbolExists.c.o
/usr/bin/cc    -o CMakeFiles/cmTC_932ad.dir/CheckSymbolExists.c.o   -c /home/chinchia120/autoware.ai/build/vehicle_sim_model/CMakeFiles/CMakeTmp/CheckSymbolExists.c
Linking C executable cmTC_932ad
/usr/bin/cmake -E cmake_link_script CMakeFiles/cmTC_932ad.dir/link.txt --verbose=1
/usr/bin/cc      -rdynamic CMakeFiles/cmTC_932ad.dir/CheckSymbolExists.c.o  -o cmTC_932ad 
CMakeFiles/cmTC_932ad.dir/CheckSymbolExists.c.o: In function `main':
CheckSymbolExists.c:(.text+0x1b): undefined reference to `pthread_create'
collect2: error: ld returned 1 exit status
CMakeFiles/cmTC_932ad.dir/build.make:97: recipe for target 'cmTC_932ad' failed
make[1]: *** [cmTC_932ad] Error 1
make[1]: Leaving directory '/home/chinchia120/autoware.ai/build/vehicle_sim_model/CMakeFiles/CMakeTmp'
Makefile:126: recipe for target 'cmTC_932ad/fast' failed
make: *** [cmTC_932ad/fast] Error 2

File /home/chinchia120/autoware.ai/build/vehicle_sim_model/CMakeFiles/CMakeTmp/CheckSymbolExists.c:
/* */
#include <pthread.h>

int main(int argc, char** argv)
{
  (void)argv;
#ifndef pthread_create
  return ((int*)(&pthread_create))[argc];
#else
  (void)argc;
  return 0;
#endif
}

Determining if the function pthread_create exists in the pthreads failed with the following output:
Change Dir: /home/chinchia120/autoware.ai/build/vehicle_sim_model/CMakeFiles/CMakeTmp

Run Build Command:"/usr/bin/make" "cmTC_030dc/fast"
/usr/bin/make -f CMakeFiles/cmTC_030dc.dir/build.make CMakeFiles/cmTC_030dc.dir/build
make[1]: Entering directory '/home/chinchia120/autoware.ai/build/vehicle_sim_model/CMakeFiles/CMakeTmp'
Building C object CMakeFiles/cmTC_030dc.dir/CheckFunctionExists.c.o
/usr/bin/cc   -DCHECK_FUNCTION_EXISTS=pthread_create   -o CMakeFiles/cmTC_030dc.dir/CheckFunctionExists.c.o   -c /usr/share/cmake-3.10/Modules/CheckFunctionExists.c
Linking C executable cmTC_030dc
/usr/bin/cmake -E cmake_link_script CMakeFiles/cmTC_030dc.dir/link.txt --verbose=1
/usr/bin/cc  -DCHECK_FUNCTION_EXISTS=pthread_create    -rdynamic CMakeFiles/cmTC_030dc.dir/CheckFunctionExists.c.o  -o cmTC_030dc -lpthreads 
/usr/bin/ld: cannot find -lpthreads
collect2: error: ld returned 1 exit status
CMakeFiles/cmTC_030dc.dir/build.make:97: recipe for target 'cmTC_030dc' failed
make[1]: *** [cmTC_030dc] Error 1
make[1]: Leaving directory '/home/chinchia120/autoware.ai/build/vehicle_sim_model/CMakeFiles/CMakeTmp'
Makefile:126: recipe for target 'cmTC_030dc/fast' failed
make: *** [cmTC_030dc/fast] Error 2


