Determining if the pthread_create exist failed with the following output:
Change Dir: /home/chinchia120/autoware.ai/build/vision_darknet_detect/CMakeFiles/CMakeTmp

Run Build Command:"/usr/bin/make" "cmTC_f46f8/fast"
/usr/bin/make -f CMakeFiles/cmTC_f46f8.dir/build.make CMakeFiles/cmTC_f46f8.dir/build
make[1]: Entering directory '/home/chinchia120/autoware.ai/build/vision_darknet_detect/CMakeFiles/CMakeTmp'
Building C object CMakeFiles/cmTC_f46f8.dir/CheckSymbolExists.c.o
/usr/bin/cc    -o CMakeFiles/cmTC_f46f8.dir/CheckSymbolExists.c.o   -c /home/chinchia120/autoware.ai/build/vision_darknet_detect/CMakeFiles/CMakeTmp/CheckSymbolExists.c
Linking C executable cmTC_f46f8
/usr/bin/cmake -E cmake_link_script CMakeFiles/cmTC_f46f8.dir/link.txt --verbose=1
/usr/bin/cc      -rdynamic CMakeFiles/cmTC_f46f8.dir/CheckSymbolExists.c.o  -o cmTC_f46f8 
CMakeFiles/cmTC_f46f8.dir/CheckSymbolExists.c.o: In function `main':
CheckSymbolExists.c:(.text+0x1b): undefined reference to `pthread_create'
collect2: error: ld returned 1 exit status
CMakeFiles/cmTC_f46f8.dir/build.make:97: recipe for target 'cmTC_f46f8' failed
make[1]: *** [cmTC_f46f8] Error 1
make[1]: Leaving directory '/home/chinchia120/autoware.ai/build/vision_darknet_detect/CMakeFiles/CMakeTmp'
Makefile:126: recipe for target 'cmTC_f46f8/fast' failed
make: *** [cmTC_f46f8/fast] Error 2

File /home/chinchia120/autoware.ai/build/vision_darknet_detect/CMakeFiles/CMakeTmp/CheckSymbolExists.c:
/* */
#include <pthread.h>

int main(int argc, char** argv)
{
  (void)argv;
#ifndef pthread_create
  return ((int*)(&pthread_create))[argc];
#else
  (void)argc;
  return 0;
#endif
}

Determining if the function pthread_create exists in the pthreads failed with the following output:
Change Dir: /home/chinchia120/autoware.ai/build/vision_darknet_detect/CMakeFiles/CMakeTmp

Run Build Command:"/usr/bin/make" "cmTC_b77bf/fast"
/usr/bin/make -f CMakeFiles/cmTC_b77bf.dir/build.make CMakeFiles/cmTC_b77bf.dir/build
make[1]: Entering directory '/home/chinchia120/autoware.ai/build/vision_darknet_detect/CMakeFiles/CMakeTmp'
Building C object CMakeFiles/cmTC_b77bf.dir/CheckFunctionExists.c.o
/usr/bin/cc   -DCHECK_FUNCTION_EXISTS=pthread_create   -o CMakeFiles/cmTC_b77bf.dir/CheckFunctionExists.c.o   -c /usr/share/cmake-3.10/Modules/CheckFunctionExists.c
Linking C executable cmTC_b77bf
/usr/bin/cmake -E cmake_link_script CMakeFiles/cmTC_b77bf.dir/link.txt --verbose=1
/usr/bin/cc  -DCHECK_FUNCTION_EXISTS=pthread_create    -rdynamic CMakeFiles/cmTC_b77bf.dir/CheckFunctionExists.c.o  -o cmTC_b77bf -lpthreads 
/usr/bin/ld: cannot find -lpthreads
collect2: error: ld returned 1 exit status
CMakeFiles/cmTC_b77bf.dir/build.make:97: recipe for target 'cmTC_b77bf' failed
make[1]: *** [cmTC_b77bf] Error 1
make[1]: Leaving directory '/home/chinchia120/autoware.ai/build/vision_darknet_detect/CMakeFiles/CMakeTmp'
Makefile:126: recipe for target 'cmTC_b77bf/fast' failed
make: *** [cmTC_b77bf/fast] Error 2


