[0.039s] Invoking command in '/home/chinchia120/autoware.ai/build/pcl_omp_registration': /usr/bin/cmake /home/chinchia120/autoware.ai/src/autoware/core_perception/pcl_omp_registration -DCMAKE_BUILD_TYPE=Release -DCATKIN_INSTALL_INTO_PREFIX_ROOT=0 -DCMAKE_INSTALL_PREFIX=/home/chinchia120/autoware.ai/install/pcl_omp_registration
[0.205s] -- The C compiler identification is GNU 7.5.0
[0.328s] -- The CXX compiler identification is GNU 7.5.0
[0.336s] -- Check for working C compiler: /usr/bin/cc
[0.490s] -- Check for working C compiler: /usr/bin/cc -- works
[0.493s] -- Detecting C compiler ABI info
[0.664s] -- Detecting C compiler ABI info - done
[0.682s] -- Detecting C compile features
[1.149s] -- Detecting C compile features - done
[1.155s] -- Check for working CXX compiler: /usr/bin/c++
[1.324s] -- Check for working CXX compiler: /usr/bin/c++ -- works
[1.324s] -- Detecting CXX compiler ABI info
[1.512s] -- Detecting CXX compiler ABI info - done
[1.529s] -- Detecting CXX compile features
[2.287s] -- Detecting CXX compile features - done
[2.292s] -- Using CATKIN_DEVEL_PREFIX: /home/chinchia120/autoware.ai/build/pcl_omp_registration/devel
[2.293s] -- Using CMAKE_PREFIX_PATH: /home/chinchia120/catkin_ws/devel;/opt/ros/melodic
[2.294s] -- This workspace overlays: /home/chinchia120/catkin_ws/devel;/opt/ros/melodic
[2.323s] -- Found PythonInterp: /usr/bin/python2 (found suitable version "2.7.17", minimum required is "2") 
[2.323s] -- Using PYTHON_EXECUTABLE: /usr/bin/python2
[2.324s] -- Using Debian Python package layout
[2.324s] -- Using empy: /usr/bin/empy
[2.574s] -- Using CATKIN_ENABLE_TESTING: ON
[2.575s] -- Call enable_testing()
[2.584s] -- Using CATKIN_TEST_RESULTS_DIR: /home/chinchia120/autoware.ai/build/pcl_omp_registration/test_results
[2.621s] -- Found gtest sources under '/usr/src/googletest': gtests will be built
[2.622s] -- Found gmock sources under '/usr/src/googletest': gmock will be built
[2.649s] -- Found PythonInterp: /usr/bin/python2 (found version "2.7.17") 
[2.653s] -- Looking for pthread.h
[2.807s] -- Looking for pthread.h - found
[2.808s] -- Looking for pthread_create
[2.952s] -- Looking for pthread_create - not found
[2.952s] -- Looking for pthread_create in pthreads
[3.069s] -- Looking for pthread_create in pthreads - not found
[3.078s] -- Looking for pthread_create in pthread
[3.224s] -- Looking for pthread_create in pthread - found
[3.227s] -- Found Threads: TRUE  
[3.235s] -- Using Python nosetests: /usr/bin/nosetests-2.7
[3.318s] -- catkin 0.7.29
[3.318s] -- BUILD_SHARED_LIBS is on
[3.513s] -- Checking for module 'eigen3'
[3.544s] --   Found eigen3, version 3.3.7
[3.652s] -- Found eigen: /usr/local/include/eigen3  
[3.778s] -- Boost version: 1.65.1
[3.778s] -- Found the following Boost libraries:
[3.779s] --   system
[3.779s] --   filesystem
[3.779s] --   thread
[3.779s] --   date_time
[3.780s] --   iostreams
[3.780s] --   serialization
[3.781s] --   chrono
[3.781s] --   atomic
[3.781s] --   regex
[3.785s] -- Checking for module 'libopenni'
[3.820s] --   Found libopenni, version 1.5.4.0
[3.916s] -- Found openni: /usr/lib/libOpenNI.so  
[3.919s] -- Checking for module 'libopenni2'
[3.956s] --   Found libopenni2, version 2.2.0.3
[4.059s] -- Found OpenNI2: /usr/lib/libOpenNI2.so  
[4.067s] -- Could NOT find ensenso (missing: ENSENSO_LIBRARY ENSENSO_INCLUDE_DIR) 
[4.068s] ** WARNING ** io features related to ensenso will be disabled
[4.072s] -- Could NOT find DAVIDSDK (missing: DAVIDSDK_LIBRARY DAVIDSDK_INCLUDE_DIR) 
[4.073s] ** WARNING ** io features related to davidSDK will be disabled
[4.080s] -- Could NOT find DSSDK (missing: _DSSDK_LIBRARIES) 
[4.081s] ** WARNING ** io features related to dssdk will be disabled
[4.082s] ** WARNING ** io features related to pcap will be disabled
[4.082s] ** WARNING ** io features related to png will be disabled
[4.204s] -- The imported target "vtkRenderingPythonTkWidgets" references the file
[4.204s]    "/usr/lib/x86_64-linux-gnu/libvtkRenderingPythonTkWidgets.so"
[4.204s] but this file does not exist.  Possible reasons include:
[4.204s] * The file was deleted, renamed, or moved to another location.
[4.204s] * An install or uninstall procedure did not complete successfully.
[4.205s] * The installation package was faulty and contained
[4.205s]    "/usr/lib/cmake/vtk-6.3/VTKTargets.cmake"
[4.205s] but not all the files it references.
[4.205s] 
[4.206s] -- The imported target "vtk" references the file
[4.206s]    "/usr/bin/vtk"
[4.207s] but this file does not exist.  Possible reasons include:
[4.209s] * The file was deleted, renamed, or moved to another location.
[4.209s] * An install or uninstall procedure did not complete successfully.
[4.209s] * The installation package was faulty and contained
[4.209s]    "/usr/lib/cmake/vtk-6.3/VTKTargets.cmake"
[4.209s] but not all the files it references.
[4.210s] 
[4.339s] -- Found libusb-1.0: /usr/include  
[4.339s] ** WARNING ** io features related to libusb-1.0 will be disabled
[4.341s] -- Checking for module 'flann'
[4.374s] --   Found flann, version 1.9.1
[4.483s] -- Found Flann: /usr/lib/x86_64-linux-gnu/libflann_cpp_s.a  
[4.570s] -- Could NOT find ensenso (missing: ENSENSO_LIBRARY ENSENSO_INCLUDE_DIR) 
[4.571s] ** WARNING ** visualization features related to ensenso will be disabled
[4.578s] -- Could NOT find DAVIDSDK (missing: DAVIDSDK_LIBRARY DAVIDSDK_INCLUDE_DIR) 
[4.579s] ** WARNING ** visualization features related to davidSDK will be disabled
[4.582s] -- Could NOT find DSSDK (missing: _DSSDK_LIBRARIES) 
[4.583s] ** WARNING ** visualization features related to dssdk will be disabled
[4.586s] -- Could NOT find RSSDK (missing: _RSSDK_LIBRARIES) 
[4.586s] ** WARNING ** visualization features related to rssdk will be disabled
[4.671s] -- Found qhull: /usr/lib/x86_64-linux-gnu/libqhull.so  
[4.745s] -- looking for PCL_COMMON
[4.749s] -- Found PCL_COMMON: /usr/lib/x86_64-linux-gnu/libpcl_common.so  
[4.750s] -- looking for PCL_OCTREE
[4.755s] -- Found PCL_OCTREE: /usr/lib/x86_64-linux-gnu/libpcl_octree.so  
[4.756s] -- looking for PCL_IO
[4.760s] -- Found PCL_IO: /usr/lib/x86_64-linux-gnu/libpcl_io.so  
[4.761s] -- looking for PCL_KDTREE
[4.765s] -- Found PCL_KDTREE: /usr/lib/x86_64-linux-gnu/libpcl_kdtree.so  
[4.767s] -- looking for PCL_SEARCH
[4.770s] -- Found PCL_SEARCH: /usr/lib/x86_64-linux-gnu/libpcl_search.so  
[4.772s] -- looking for PCL_SAMPLE_CONSENSUS
[4.776s] -- Found PCL_SAMPLE_CONSENSUS: /usr/lib/x86_64-linux-gnu/libpcl_sample_consensus.so  
[4.777s] -- looking for PCL_FILTERS
[4.779s] -- Found PCL_FILTERS: /usr/lib/x86_64-linux-gnu/libpcl_filters.so  
[4.781s] -- looking for PCL_2D
[4.783s] -- Found PCL_2D: /usr/include/pcl-1.8  
[4.784s] -- looking for PCL_GEOMETRY
[4.785s] -- Found PCL_GEOMETRY: /usr/include/pcl-1.8  
[4.786s] -- looking for PCL_FEATURES
[4.789s] -- Found PCL_FEATURES: /usr/lib/x86_64-linux-gnu/libpcl_features.so  
[4.790s] -- looking for PCL_ML
[4.793s] -- Found PCL_ML: /usr/lib/x86_64-linux-gnu/libpcl_ml.so  
[4.794s] -- looking for PCL_SEGMENTATION
[4.797s] -- Found PCL_SEGMENTATION: /usr/lib/x86_64-linux-gnu/libpcl_segmentation.so  
[4.799s] -- looking for PCL_VISUALIZATION
[4.802s] -- Found PCL_VISUALIZATION: /usr/lib/x86_64-linux-gnu/libpcl_visualization.so  
[4.803s] -- looking for PCL_SURFACE
[4.806s] -- Found PCL_SURFACE: /usr/lib/x86_64-linux-gnu/libpcl_surface.so  
[4.807s] -- looking for PCL_REGISTRATION
[4.813s] -- Found PCL_REGISTRATION: /usr/lib/x86_64-linux-gnu/libpcl_registration.so  
[4.814s] -- looking for PCL_KEYPOINTS
[4.817s] -- Found PCL_KEYPOINTS: /usr/lib/x86_64-linux-gnu/libpcl_keypoints.so  
[4.819s] -- looking for PCL_TRACKING
[4.822s] -- Found PCL_TRACKING: /usr/lib/x86_64-linux-gnu/libpcl_tracking.so  
[4.823s] -- looking for PCL_RECOGNITION
[4.826s] -- Found PCL_RECOGNITION: /usr/lib/x86_64-linux-gnu/libpcl_recognition.so  
[4.828s] -- looking for PCL_STEREO
[4.831s] -- Found PCL_STEREO: /usr/lib/x86_64-linux-gnu/libpcl_stereo.so  
[4.832s] -- looking for PCL_APPS
[4.835s] -- Found PCL_APPS: /usr/lib/x86_64-linux-gnu/libpcl_apps.so  
[4.841s] -- looking for PCL_IN_HAND_SCANNER
[4.843s] -- Found PCL_IN_HAND_SCANNER: /usr/include/pcl-1.8  
[4.844s] -- looking for PCL_MODELER
[4.846s] -- Found PCL_MODELER: /usr/include/pcl-1.8  
[4.847s] -- looking for PCL_POINT_CLOUD_EDITOR
[4.848s] -- Found PCL_POINT_CLOUD_EDITOR: /usr/include/pcl-1.8  
[4.849s] -- looking for PCL_OUTOFCORE
[4.852s] -- Found PCL_OUTOFCORE: /usr/lib/x86_64-linux-gnu/libpcl_outofcore.so  
[4.854s] -- looking for PCL_PEOPLE
[4.859s] -- Found PCL_PEOPLE: /usr/lib/x86_64-linux-gnu/libpcl_people.so  
[4.927s] -- Found PCL: /usr/lib/x86_64-linux-gnu/libboost_system.so;/usr/lib/x86_64-linux-gnu/libboost_filesystem.so;/usr/lib/x86_64-linux-gnu/libboost_thread.so;/usr/lib/x86_64-linux-gnu/libboost_date_time.so;/usr/lib/x86_64-linux-gnu/libboost_iostreams.so;/usr/lib/x86_64-linux-gnu/libboost_serialization.so;/usr/lib/x86_64-linux-gnu/libboost_chrono.so;/usr/lib/x86_64-linux-gnu/libboost_atomic.so;/usr/lib/x86_64-linux-gnu/libboost_regex.so;/usr/lib/x86_64-linux-gnu/libpthread.so;optimized;/usr/lib/x86_64-linux-gnu/libpcl_common.so;debug;/usr/lib/x86_64-linux-gnu/libpcl_common.so;optimized;/usr/lib/x86_64-linux-gnu/libpcl_octree.so;debug;/usr/lib/x86_64-linux-gnu/libpcl_octree.so;/usr/lib/libOpenNI.so;/usr/lib/libOpenNI2.so;vtkChartsCore;vtkCommonColor;vtkCommonDataModel;vtkCommonMath;vtkCommonCore;vtksys;vtkCommonMisc;vtkCommonSystem;vtkCommonTransforms;vtkInfovisCore;vtkFiltersExtraction;vtkCommonExecutionModel;vtkFiltersCore;vtkFiltersGeneral;vtkCommonComputationalGeometry;vtkFiltersStatistics;vtkImagingFourier;vtkImagingCore;vtkalglib;vtkRenderingContext2D;vtkRenderingCore;vtkFiltersGeometry;vtkFiltersSources;vtkRenderingFreeType;/usr/lib/x86_64-linux-gnu/libfreetype.so;/usr/lib/x86_64-linux-gnu/libz.so;vtkftgl;vtkDICOMParser;vtkDomainsChemistry;vtkIOXML;vtkIOGeometry;vtkIOCore;vtkIOXMLParser;/usr/lib/x86_64-linux-gnu/libexpat.so;vtkFiltersAMR;vtkParallelCore;vtkIOLegacy;vtkFiltersFlowPaths;vtkFiltersGeneric;vtkFiltersHybrid;vtkImagingSources;vtkFiltersHyperTree;vtkFiltersImaging;vtkImagingGeneral;vtkFiltersModeling;vtkFiltersParallel;vtkFiltersParallelFlowPaths;vtkParallelMPI;vtkFiltersParallelGeometry;vtkFiltersParallelImaging;vtkFiltersParallelMPI;vtkFiltersParallelStatistics;vtkFiltersProgrammable;vtkFiltersPython;/usr/lib/x86_64-linux-gnu/libpython2.7.so;vtkWrappingPythonCore;vtkWrappingTools;vtkFiltersReebGraph;vtkFiltersSMP;vtkFiltersSelection;vtkFiltersTexture;vtkFiltersVerdict;verdict;vtkGUISupportQt;vtkInteractionStyle;vtkRenderingOpenGL;vtkImagingHybrid;vtkIOImage;vtkmetaio;/usr/lib/x86_64-linux-gnu/libjpeg.so;/usr/lib/x86_64-linux-gnu/libpng.so;/usr/lib/x86_64-linux-gnu/libtiff.so;vtkGUISupportQtOpenGL;vtkGUISupportQtSQL;vtkIOSQL;sqlite3;vtkGUISupportQtWebkit;vtkViewsQt;vtkViewsInfovis;vtkInfovisLayout;vtkInfovisBoostGraphAlgorithms;vtkRenderingLabel;vtkViewsCore;vtkInteractionWidgets;vtkRenderingAnnotation;vtkImagingColor;vtkRenderingVolume;vtkGeovisCore;/usr/lib/x86_64-linux-gnu/libproj.so;vtkIOAMR;/usr/lib/x86_64-linux-gnu/hdf5/openmpi/libhdf5.so;/usr/lib/x86_64-linux-gnu/libsz.so;/usr/lib/x86_64-linux-gnu/libdl.so;/usr/lib/x86_64-linux-gnu/libm.so;/usr/lib/x86_64-linux-gnu/openmpi/lib/libmpi.so;vtkIOEnSight;vtkIOExodus;vtkexoIIc;/usr/lib/x86_64-linux-gnu/libnetcdf_c++.so;/usr/lib/x86_64-linux-gnu/libnetcdf.so;vtkIOExport;vtkRenderingGL2PS;vtkRenderingContextOpenGL;/usr/lib/x86_64-linux-gnu/libgl2ps.so;vtkIOFFMPEG;vtkIOMovie;/usr/lib/x86_64-linux-gnu/libtheoraenc.so;/usr/lib/x86_64-linux-gnu/libtheoradec.so;/usr/lib/x86_64-linux-gnu/libogg.so;vtkIOGDAL;vtkIOGeoJSON;vtkIOImport;vtkIOInfovis;/usr/lib/x86_64-linux-gnu/libxml2.so;vtkIOLSDyna;vtkIOMINC;vtkIOMPIImage;vtkIOMPIParallel;vtkIOParallel;vtkIONetCDF;/usr/lib/x86_64-linux-gnu/libjsoncpp.so;vtkIOMySQL;vtkIOODBC;vtkIOPLY;vtkIOParallelExodus;vtkIOParallelLSDyna;vtkIOParallelNetCDF;vtkIOParallelXML;vtkIOPostgreSQL;vtkIOVPIC;VPIC;vtkIOVideo;vtkIOXdmf2;vtkxdmf2;vtkImagingMath;vtkImagingMorphological;vtkImagingStatistics;vtkImagingStencil;vtkInteractionImage;vtkLocalExample;vtkParallelMPI4Py;vtkPythonInterpreter;vtkRenderingExternal;vtkRenderingFreeTypeFontConfig;vtkRenderingImage;vtkRenderingLIC;vtkRenderingLOD;vtkRenderingMatplotlib;vtkRenderingParallel;vtkRenderingParallelLIC;vtkRenderingQt;vtkRenderingVolumeAMR;vtkRenderingVolumeOpenGL;vtkTestingGenericBridge;vtkTestingIOSQL;vtkTestingRendering;vtkViewsContext2D;vtkViewsGeovis;vtkWrappingJava;optimized;/usr/lib/x86_64-linux-gnu/libpcl_io.so;debug;/usr/lib/x86_64-linux-gnu/libpcl_io.so;optimized;/usr/lib/x86_64-linux-gnu/libflann_cpp_s.a;debug;/usr/lib/x86_64-linux-gnu/libflann_cpp_s.a;optimized;/usr/lib/x86_64-linux-gnu/libpcl_kdtree.so;debug;/usr/lib/x86_64-linux-gnu/libpcl_kdtree.so;optimized;/usr/lib/x86_64-linux-gnu/libpcl_search.so;debug;/usr/lib/x86_64-linux-gnu/libpcl_search.so;optimized;/usr/lib/x86_64-linux-gnu/libpcl_sample_consensus.so;debug;/usr/lib/x86_64-linux-gnu/libpcl_sample_consensus.so;optimized;/usr/lib/x86_64-linux-gnu/libpcl_filters.so;debug;/usr/lib/x86_64-linux-gnu/libpcl_filters.so;optimized;/usr/lib/x86_64-linux-gnu/libpcl_features.so;debug;/usr/lib/x86_64-linux-gnu/libpcl_features.so;optimized;/usr/lib/x86_64-linux-gnu/libpcl_ml.so;debug;/usr/lib/x86_64-linux-gnu/libpcl_ml.so;optimized;/usr/lib/x86_64-linux-gnu/libpcl_segmentation.so;debug;/usr/lib/x86_64-linux-gnu/libpcl_segmentation.so;optimized;/usr/lib/x86_64-linux-gnu/libpcl_visualization.so;debug;/usr/lib/x86_64-linux-gnu/libpcl_visualization.so;optimized;/usr/lib/x86_64-linux-gnu/libqhull.so;debug;/usr/lib/x86_64-linux-gnu/libqhull.so;optimized;/usr/lib/x86_64-linux-gnu/libpcl_surface.so;debug;/usr/lib/x86_64-linux-gnu/libpcl_surface.so;optimized;/usr/lib/x86_64-linux-gnu/libpcl_registration.so;debug;/usr/lib/x86_64-linux-gnu/libpcl_registration.so;optimized;/usr/lib/x86_64-linux-gnu/libpcl_keypoints.so;debug;/usr/lib/x86_64-linux-gnu/libpcl_keypoints.so;optimized;/usr/lib/x86_64-linux-gnu/libpcl_tracking.so;debug;/usr/lib/x86_64-linux-gnu/libpcl_tracking.so;optimized;/usr/lib/x86_64-linux-gnu/libpcl_recognition.so;debug;/usr/lib/x86_64-linux-gnu/libpcl_recognition.so;optimized;/usr/lib/x86_64-linux-gnu/libpcl_stereo.so;debug;/usr/lib/x86_64-linux-gnu/libpcl_stereo.so;optimized;/usr/lib/x86_64-linux-gnu/libpcl_apps.so;debug;/usr/lib/x86_64-linux-gnu/libpcl_apps.so;optimized;/usr/lib/x86_64-linux-gnu/libpcl_outofcore.so;debug;/usr/lib/x86_64-linux-gnu/libpcl_outofcore.so;optimized;/usr/lib/x86_64-linux-gnu/libpcl_people.so;debug;/usr/lib/x86_64-linux-gnu/libpcl_people.so;/usr/lib/x86_64-linux-gnu/libboost_system.so;/usr/lib/x86_64-linux-gnu/libboost_filesystem.so;/usr/lib/x86_64-linux-gnu/libboost_thread.so;/usr/lib/x86_64-linux-gnu/libboost_date_time.so;/usr/lib/x86_64-linux-gnu/libboost_iostreams.so;/usr/lib/x86_64-linux-gnu/libboost_serialization.so;/usr/lib/x86_64-linux-gnu/libboost_chrono.so;/usr/lib/x86_64-linux-gnu/libboost_atomic.so;/usr/lib/x86_64-linux-gnu/libboost_regex.so;/usr/lib/x86_64-linux-gnu/libpthread.so;optimized;/usr/lib/x86_64-linux-gnu/libqhull.so;debug;/usr/lib/x86_64-linux-gnu/libqhull.so;/usr/lib/libOpenNI.so;/usr/lib/libOpenNI2.so;optimized;/usr/lib/x86_64-linux-gnu/libflann_cpp_s.a;debug;/usr/lib/x86_64-linux-gnu/libflann_cpp_s.a;vtkChartsCore;vtkCommonColor;vtkCommonDataModel;vtkCommonMath;vtkCommonCore;vtksys;vtkCommonMisc;vtkCommonSystem;vtkCommonTransforms;vtkInfovisCore;vtkFiltersExtraction;vtkCommonExecutionModel;vtkFiltersCore;vtkFiltersGeneral;vtkCommonComputationalGeometry;vtkFiltersStatistics;vtkImagingFourier;vtkImagingCore;vtkalglib;vtkRenderingContext2D;vtkRenderingCore;vtkFiltersGeometry;vtkFiltersSources;vtkRenderingFreeType;/usr/lib/x86_64-linux-gnu/libfreetype.so;/usr/lib/x86_64-linux-gnu/libz.so;vtkftgl;vtkDICOMParser;vtkDomainsChemistry;vtkIOXML;vtkIOGeometry;vtkIOCore;vtkIOXMLParser;/usr/lib/x86_64-linux-gnu/libexpat.so;vtkFiltersAMR;vtkParallelCore;vtkIOLegacy;vtkFiltersFlowPaths;vtkFiltersGeneric;vtkFiltersHybrid;vtkImagingSources;vtkFiltersHyperTree;vtkFiltersImaging;vtkImagingGeneral;vtkFiltersModeling;vtkFiltersParallel;vtkFiltersParallelFlowPaths;vtkParallelMPI;vtkFiltersParallelGeometry;vtkFiltersParallelImaging;vtkFiltersParallelMPI;vtkFiltersParallelStatistics;vtkFiltersProgrammable;vtkFiltersPython;/usr/lib/x86_64-linux-gnu/libpython2.7.so;vtkWrappingPythonCore;vtkWrappingTools;vtkFiltersReebGraph;vtkFiltersSMP;vtkFiltersSelection;vtkFiltersTexture;vtkFiltersVerdict;verdict;vtkGUISupportQt;vtkInteractionStyle;vtkRenderingOpenGL;vtkImagingHybrid;vtkIOImage;vtkmetaio;/usr/lib/x86_64-linux-gnu/libjpeg.so;/usr/lib/x86_64-linux-gnu/libpng.so;/usr/lib/x86_64-linux-gnu/libtiff.so;vtkGUISupportQtOpenGL;vtkGUISupportQtSQL;vtkIOSQL;sqlite3;vtkGUISupportQtWebkit;vtkViewsQt;vtkViewsInfovis;vtkInfovisLayout;vtkInfovisBoostGraphAlgorithms;vtkRenderingLabel;vtkViewsCore;vtkInteractionWidgets;vtkRenderingAnnotation;vtkImagingColor;vtkRenderingVolume;vtkGeovisCore;/usr/lib/x86_64-linux-gnu/libproj.so;vtkIOAMR;/usr/lib/x86_64-linux-gnu/hdf5/openmpi/libhdf5.so;/usr/lib/x86_64-linux-gnu/libsz.so;/usr/lib/x86_64-linux-gnu/libdl.so;/usr/lib/x86_64-linux-gnu/libm.so;/usr/lib/x86_64-linux-gnu/openmpi/lib/libmpi.so;vtkIOEnSight;vtkIOExodus;vtkexoIIc;/usr/lib/x86_64-linux-gnu/libnetcdf_c++.so;/usr/lib/x86_64-linux-gnu/libnetcdf.so;vtkIOExport;vtkRenderingGL2PS;vtkRenderingContextOpenGL;/usr/lib/x86_64-linux-gnu/libgl2ps.so;vtkIOFFMPEG;vtkIOMovie;/usr/lib/x86_64-linux-gnu/libtheoraenc.so;/usr/lib/x86_64-linux-gnu/libtheoradec.so;/usr/lib/x86_64-linux-gnu/libogg.so;vtkIOGDAL;vtkIOGeoJSON;vtkIOImport;vtkIOInfovis;/usr/lib/x86_64-linux-gnu/libxml2.so;vtkIOLSDyna;vtkIOMINC;vtkIOMPIImage;vtkIOMPIParallel;vtkIOParallel;vtkIONetCDF;/usr/lib/x86_64-linux-gnu/libjsoncpp.so;vtkIOMySQL;vtkIOODBC;vtkIOPLY;vtkIOParallelExodus;vtkIOParallelLSDyna;vtkIOParallelNetCDF;vtkIOParallelXML;vtkIOPostgreSQL;vtkIOVPIC;VPIC;vtkIOVideo;vtkIOXdmf2;vtkxdmf2;vtkImagingMath;vtkImagingMorphological;vtkImagingStatistics;vtkImagingStencil;vtkInteractionImage;vtkLocalExample;vtkParallelMPI4Py;vtkPythonInterpreter;vtkRenderingExternal;vtkRenderingFreeTypeFontConfig;vtkRenderingImage;vtkRenderingLIC;vtkRenderingLOD;vtkRenderingMatplotlib;vtkRenderingParallel;vtkRenderingParallelLIC;vtkRenderingQt;vtkRenderingVolumeAMR;vtkRenderingVolumeOpenGL;vtkTestingGenericBridge;vtkTestingIOSQL;vtkTestingRendering;vtkViewsContext2D;vtkViewsGeovis;vtkWrappingJava  
[5.178s] -- Configuring done
[5.286s] -- Generating done
[5.291s] -- Build files have been written to: /home/chinchia120/autoware.ai/build/pcl_omp_registration
[5.306s] Invoked command in '/home/chinchia120/autoware.ai/build/pcl_omp_registration' returned '0': /usr/bin/cmake /home/chinchia120/autoware.ai/src/autoware/core_perception/pcl_omp_registration -DCMAKE_BUILD_TYPE=Release -DCATKIN_INSTALL_INTO_PREFIX_ROOT=0 -DCMAKE_INSTALL_PREFIX=/home/chinchia120/autoware.ai/install/pcl_omp_registration
[5.308s] Invoking command in '/home/chinchia120/autoware.ai/build/pcl_omp_registration': /usr/bin/cmake --build /home/chinchia120/autoware.ai/build/pcl_omp_registration -- -j4 -l4
[5.406s] [35m[1mScanning dependencies of target pcl_omp_registration[0m
[5.589s] [ 50%] [32mBuilding CXX object CMakeFiles/pcl_omp_registration.dir/src/ndt.cpp.o[0m
[28.922s] [100%] [32m[1mLinking CXX shared library devel/lib/libpcl_omp_registration.so[0m
[33.228s] [100%] Built target pcl_omp_registration
[33.261s] Invoked command in '/home/chinchia120/autoware.ai/build/pcl_omp_registration' returned '0': /usr/bin/cmake --build /home/chinchia120/autoware.ai/build/pcl_omp_registration -- -j4 -l4
[33.344s] Invoking command in '/home/chinchia120/autoware.ai/build/pcl_omp_registration': /usr/bin/cmake --build /home/chinchia120/autoware.ai/build/pcl_omp_registration --target tests -- -j4 -l4
[33.475s] [35m[1mScanning dependencies of target tests[0m
[33.501s] Built target tests
[33.535s] Invoked command in '/home/chinchia120/autoware.ai/build/pcl_omp_registration' returned '0': /usr/bin/cmake --build /home/chinchia120/autoware.ai/build/pcl_omp_registration --target tests -- -j4 -l4
[33.622s] Invoking command in '/home/chinchia120/autoware.ai/build/pcl_omp_registration': /usr/bin/cmake --build /home/chinchia120/autoware.ai/build/pcl_omp_registration --target install -- -j4 -l4
[33.744s] [100%] Built target pcl_omp_registration
[33.785s] [36mInstall the project...[0m
[33.801s] -- Install configuration: "Release"
[33.802s] -- Installing: /home/chinchia120/autoware.ai/install/pcl_omp_registration/lib/pkgconfig/pcl_omp_registration.pc
[33.828s] -- Installing: /home/chinchia120/autoware.ai/install/pcl_omp_registration/share/pcl_omp_registration/cmake/pcl_omp_registrationConfig.cmake
[33.828s] -- Installing: /home/chinchia120/autoware.ai/install/pcl_omp_registration/share/pcl_omp_registration/cmake/pcl_omp_registrationConfig-version.cmake
[33.829s] -- Installing: /home/chinchia120/autoware.ai/install/pcl_omp_registration/share/pcl_omp_registration/package.xml
[33.829s] -- Installing: /home/chinchia120/autoware.ai/install/pcl_omp_registration/include/pcl_omp_registration
[33.829s] -- Installing: /home/chinchia120/autoware.ai/install/pcl_omp_registration/include/pcl_omp_registration/registration.h
[33.829s] -- Installing: /home/chinchia120/autoware.ai/install/pcl_omp_registration/include/pcl_omp_registration/ndt.h
[33.830s] -- Installing: /home/chinchia120/autoware.ai/install/pcl_omp_registration/include/pcl_omp_registration/impl
[33.830s] -- Installing: /home/chinchia120/autoware.ai/install/pcl_omp_registration/include/pcl_omp_registration/impl/registration.hpp
[33.830s] -- Installing: /home/chinchia120/autoware.ai/install/pcl_omp_registration/include/pcl_omp_registration/impl/ndt.hpp
[33.830s] -- Installing: /home/chinchia120/autoware.ai/install/pcl_omp_registration/lib/libpcl_omp_registration.so
[33.832s] -- Set runtime path of "/home/chinchia120/autoware.ai/install/pcl_omp_registration/lib/libpcl_omp_registration.so" to ""
[33.839s] Invoked command in '/home/chinchia120/autoware.ai/build/pcl_omp_registration' returned '0': /usr/bin/cmake --build /home/chinchia120/autoware.ai/build/pcl_omp_registration --target install -- -j4 -l4
