Determining if the pthread_create exist failed with the following output:
Change Dir: /home/chinchia120/autoware.ai/build/op_local_planner/CMakeFiles/CMakeTmp

Run Build Command:"/usr/bin/make" "cmTC_571de/fast"
/usr/bin/make -f CMakeFiles/cmTC_571de.dir/build.make CMakeFiles/cmTC_571de.dir/build
make[1]: Entering directory '/home/chinchia120/autoware.ai/build/op_local_planner/CMakeFiles/CMakeTmp'
Building C object CMakeFiles/cmTC_571de.dir/CheckSymbolExists.c.o
/usr/bin/cc    -o CMakeFiles/cmTC_571de.dir/CheckSymbolExists.c.o   -c /home/chinchia120/autoware.ai/build/op_local_planner/CMakeFiles/CMakeTmp/CheckSymbolExists.c
Linking C executable cmTC_571de
/usr/bin/cmake -E cmake_link_script CMakeFiles/cmTC_571de.dir/link.txt --verbose=1
/usr/bin/cc      -rdynamic CMakeFiles/cmTC_571de.dir/CheckSymbolExists.c.o  -o cmTC_571de 
CMakeFiles/cmTC_571de.dir/CheckSymbolExists.c.o: In function `main':
CheckSymbolExists.c:(.text+0x1b): undefined reference to `pthread_create'
collect2: error: ld returned 1 exit status
CMakeFiles/cmTC_571de.dir/build.make:97: recipe for target 'cmTC_571de' failed
make[1]: *** [cmTC_571de] Error 1
make[1]: Leaving directory '/home/chinchia120/autoware.ai/build/op_local_planner/CMakeFiles/CMakeTmp'
Makefile:126: recipe for target 'cmTC_571de/fast' failed
make: *** [cmTC_571de/fast] Error 2

File /home/chinchia120/autoware.ai/build/op_local_planner/CMakeFiles/CMakeTmp/CheckSymbolExists.c:
/* */
#include <pthread.h>

int main(int argc, char** argv)
{
  (void)argv;
#ifndef pthread_create
  return ((int*)(&pthread_create))[argc];
#else
  (void)argc;
  return 0;
#endif
}

Determining if the function pthread_create exists in the pthreads failed with the following output:
Change Dir: /home/chinchia120/autoware.ai/build/op_local_planner/CMakeFiles/CMakeTmp

Run Build Command:"/usr/bin/make" "cmTC_14c2b/fast"
/usr/bin/make -f CMakeFiles/cmTC_14c2b.dir/build.make CMakeFiles/cmTC_14c2b.dir/build
make[1]: Entering directory '/home/chinchia120/autoware.ai/build/op_local_planner/CMakeFiles/CMakeTmp'
Building C object CMakeFiles/cmTC_14c2b.dir/CheckFunctionExists.c.o
/usr/bin/cc   -DCHECK_FUNCTION_EXISTS=pthread_create   -o CMakeFiles/cmTC_14c2b.dir/CheckFunctionExists.c.o   -c /usr/share/cmake-3.10/Modules/CheckFunctionExists.c
Linking C executable cmTC_14c2b
/usr/bin/cmake -E cmake_link_script CMakeFiles/cmTC_14c2b.dir/link.txt --verbose=1
/usr/bin/cc  -DCHECK_FUNCTION_EXISTS=pthread_create    -rdynamic CMakeFiles/cmTC_14c2b.dir/CheckFunctionExists.c.o  -o cmTC_14c2b -lpthreads 
/usr/bin/ld: cannot find -lpthreads
collect2: error: ld returned 1 exit status
CMakeFiles/cmTC_14c2b.dir/build.make:97: recipe for target 'cmTC_14c2b' failed
make[1]: *** [cmTC_14c2b] Error 1
make[1]: Leaving directory '/home/chinchia120/autoware.ai/build/op_local_planner/CMakeFiles/CMakeTmp'
Makefile:126: recipe for target 'cmTC_14c2b/fast' failed
make: *** [cmTC_14c2b/fast] Error 2


