[0.025s] Invoking command in '/home/chinchia120/autoware.ai/build/custom_msgs': /usr/bin/cmake /home/chinchia120/autoware.ai/src/drivers/awf_drivers/custom_msgs -DCMAKE_BUILD_TYPE=Release -DCATKIN_INSTALL_INTO_PREFIX_ROOT=0 -DCMAKE_INSTALL_PREFIX=/home/chinchia120/autoware.ai/install/custom_msgs
[0.242s] -- The C compiler identification is GNU 7.5.0
[0.380s] -- The CXX compiler identification is GNU 7.5.0
[0.393s] -- Check for working C compiler: /usr/bin/cc
[0.555s] -- Check for working C compiler: /usr/bin/cc -- works
[0.556s] -- Detecting C compiler ABI info
[0.715s] -- Detecting C compiler ABI info - done
[0.738s] -- Detecting C compile features
[1.244s] -- Detecting C compile features - done
[1.245s] -- Check for working CXX compiler: /usr/bin/c++
[1.432s] -- Check for working CXX compiler: /usr/bin/c++ -- works
[1.433s] -- Detecting CXX compiler ABI info
[1.628s] -- Detecting CXX compiler ABI info - done
[1.646s] -- Detecting CXX compile features
[2.482s] -- Detecting CXX compile features - done
[2.486s] -- Using CATKIN_DEVEL_PREFIX: /home/chinchia120/autoware.ai/build/custom_msgs/devel
[2.486s] -- Using CMAKE_PREFIX_PATH: /home/chinchia120/catkin_ws/devel;/opt/ros/melodic
[2.487s] -- This workspace overlays: /home/chinchia120/catkin_ws/devel;/opt/ros/melodic
[2.516s] -- Found PythonInterp: /usr/bin/python2 (found suitable version "2.7.17", minimum required is "2") 
[2.520s] -- Using PYTHON_EXECUTABLE: /usr/bin/python2
[2.520s] -- Using Debian Python package layout
[2.521s] -- Using empy: /usr/bin/empy
[2.838s] -- Using CATKIN_ENABLE_TESTING: ON
[2.838s] -- Call enable_testing()
[2.846s] -- Using CATKIN_TEST_RESULTS_DIR: /home/chinchia120/autoware.ai/build/custom_msgs/test_results
[2.876s] -- Found gtest sources under '/usr/src/googletest': gtests will be built
[2.876s] -- Found gmock sources under '/usr/src/googletest': gmock will be built
[2.907s] -- Found PythonInterp: /usr/bin/python2 (found version "2.7.17") 
[2.910s] -- Looking for pthread.h
[3.076s] -- Looking for pthread.h - found
[3.077s] -- Looking for pthread_create
[3.247s] -- Looking for pthread_create - not found
[3.247s] -- Looking for pthread_create in pthreads
[3.391s] -- Looking for pthread_create in pthreads - not found
[3.391s] -- Looking for pthread_create in pthread
[3.563s] -- Looking for pthread_create in pthread - found
[3.566s] -- Found Threads: TRUE  
[3.576s] -- Using Python nosetests: /usr/bin/nosetests-2.7
[3.670s] -- catkin 0.7.29
[3.670s] -- BUILD_SHARED_LIBS is on
[3.979s] -- Using these message generators: gencpp;geneus;genlisp;gennodejs;genpy
[4.455s] -- custom_msgs: 11 messages, 0 services
[4.739s] -- Configuring done
[4.824s] -- Generating done
[4.844s] -- Build files have been written to: /home/chinchia120/autoware.ai/build/custom_msgs
[4.852s] Invoked command in '/home/chinchia120/autoware.ai/build/custom_msgs' returned '0': /usr/bin/cmake /home/chinchia120/autoware.ai/src/drivers/awf_drivers/custom_msgs -DCMAKE_BUILD_TYPE=Release -DCATKIN_INSTALL_INTO_PREFIX_ROOT=0 -DCMAKE_INSTALL_PREFIX=/home/chinchia120/autoware.ai/install/custom_msgs
[4.859s] Invoking command in '/home/chinchia120/autoware.ai/build/custom_msgs': /usr/bin/cmake --build /home/chinchia120/autoware.ai/build/custom_msgs -- -j4 -l4
[4.962s] [35m[1mScanning dependencies of target std_msgs_generate_messages_cpp[0m
[4.993s] [  0%] Built target std_msgs_generate_messages_cpp
[5.020s] [35m[1mScanning dependencies of target _custom_msgs_generate_messages_check_deps_ImuSensorSample[0m
[5.090s] [  0%] Built target _custom_msgs_generate_messages_check_deps_ImuSensorSample
[5.119s] [35m[1mScanning dependencies of target _custom_msgs_generate_messages_check_deps_GnssSensorSample[0m
[5.214s] [  0%] Built target _custom_msgs_generate_messages_check_deps_GnssSensorSample
[5.238s] [35m[1mScanning dependencies of target geometry_msgs_generate_messages_cpp[0m
[5.272s] [  0%] Built target geometry_msgs_generate_messages_cpp
[5.318s] [35m[1mScanning dependencies of target _custom_msgs_generate_messages_check_deps_gnssSample[0m
[5.398s] [  0%] Built target _custom_msgs_generate_messages_check_deps_gnssSample
[5.421s] [35m[1mScanning dependencies of target _custom_msgs_generate_messages_check_deps_Internal[0m
[5.498s] [  0%] Built target _custom_msgs_generate_messages_check_deps_Internal
[5.532s] [35m[1mScanning dependencies of target _custom_msgs_generate_messages_check_deps_positionEstimate[0m
[5.616s] [  0%] Built target _custom_msgs_generate_messages_check_deps_positionEstimate
[5.651s] [35m[1mScanning dependencies of target _custom_msgs_generate_messages_check_deps_sensorSample[0m
[5.729s] [  0%] Built target _custom_msgs_generate_messages_check_deps_sensorSample
[5.754s] [35m[1mScanning dependencies of target _custom_msgs_generate_messages_check_deps_BaroSensorSample[0m
[5.845s] [  0%] Built target _custom_msgs_generate_messages_check_deps_BaroSensorSample
[5.876s] [35m[1mScanning dependencies of target _custom_msgs_generate_messages_check_deps_XsensQuaternion[0m
[5.958s] [  0%] Built target _custom_msgs_generate_messages_check_deps_XsensQuaternion
[5.990s] [35m[1mScanning dependencies of target _custom_msgs_generate_messages_check_deps_baroSample[0m
[6.072s] [  0%] Built target _custom_msgs_generate_messages_check_deps_baroSample
[6.100s] [35m[1mScanning dependencies of target _custom_msgs_generate_messages_check_deps_velocityEstimate[0m
[6.176s] [  0%] Built target _custom_msgs_generate_messages_check_deps_velocityEstimate
[6.203s] [35m[1mScanning dependencies of target geometry_msgs_generate_messages_nodejs[0m
[6.230s] [  0%] Built target geometry_msgs_generate_messages_nodejs
[6.254s] [35m[1mScanning dependencies of target std_msgs_generate_messages_nodejs[0m
[6.278s] [  0%] Built target std_msgs_generate_messages_nodejs
[6.314s] [35m[1mScanning dependencies of target sensor_msgs_generate_messages_nodejs[0m
[6.340s] [  0%] Built target sensor_msgs_generate_messages_nodejs
[6.365s] [35m[1mScanning dependencies of target std_msgs_generate_messages_py[0m
[6.395s] [  0%] Built target std_msgs_generate_messages_py
[6.419s] [35m[1mScanning dependencies of target geometry_msgs_generate_messages_py[0m
[6.442s] [  0%] Built target geometry_msgs_generate_messages_py
[6.464s] [35m[1mScanning dependencies of target sensor_msgs_generate_messages_py[0m
[6.487s] [  0%] Built target sensor_msgs_generate_messages_py
[6.520s] [35m[1mScanning dependencies of target std_msgs_generate_messages_lisp[0m
[6.548s] [  0%] Built target std_msgs_generate_messages_lisp
[6.578s] [35m[1mScanning dependencies of target geometry_msgs_generate_messages_lisp[0m
[6.607s] [  0%] Built target geometry_msgs_generate_messages_lisp
[6.631s] [35m[1mScanning dependencies of target sensor_msgs_generate_messages_lisp[0m
[6.663s] [  0%] Built target sensor_msgs_generate_messages_lisp
[6.687s] [35m[1mScanning dependencies of target sensor_msgs_generate_messages_eus[0m
[6.712s] [  0%] Built target sensor_msgs_generate_messages_eus
[6.745s] [35m[1mScanning dependencies of target std_msgs_generate_messages_eus[0m
[6.772s] [  0%] Built target std_msgs_generate_messages_eus
[6.797s] [35m[1mScanning dependencies of target geometry_msgs_generate_messages_eus[0m
[6.820s] [  0%] Built target geometry_msgs_generate_messages_eus
[6.848s] [35m[1mScanning dependencies of target _custom_msgs_generate_messages_check_deps_orientationEstimate[0m
[6.933s] [  0%] Built target _custom_msgs_generate_messages_check_deps_orientationEstimate
[6.966s] [35m[1mScanning dependencies of target sensor_msgs_generate_messages_cpp[0m
[6.993s] [  0%] Built target sensor_msgs_generate_messages_cpp
[7.015s] [35m[1mScanning dependencies of target custom_msgs_generate_messages_lisp[0m
[7.051s] [  1%] [34m[1mGenerating Lisp code from custom_msgs/gnssSample.msg[0m
[7.133s] [  3%] [34m[1mGenerating Lisp code from custom_msgs/Internal.msg[0m
[7.232s] [  5%] [34m[1mGenerating Lisp code from custom_msgs/BaroSensorSample.msg[0m
[7.319s] [  7%] [34m[1mGenerating Lisp code from custom_msgs/velocityEstimate.msg[0m
[7.413s] [  8%] [34m[1mGenerating Lisp code from custom_msgs/positionEstimate.msg[0m
[7.496s] [ 10%] [34m[1mGenerating Lisp code from custom_msgs/sensorSample.msg[0m
[7.606s] [ 12%] [34m[1mGenerating Lisp code from custom_msgs/baroSample.msg[0m
[7.694s] [ 14%] [34m[1mGenerating Lisp code from custom_msgs/GnssSensorSample.msg[0m
[7.792s] [ 15%] [34m[1mGenerating Lisp code from custom_msgs/XsensQuaternion.msg[0m
[7.880s] [ 17%] [34m[1mGenerating Lisp code from custom_msgs/ImuSensorSample.msg[0m
[7.969s] [ 19%] [34m[1mGenerating Lisp code from custom_msgs/orientationEstimate.msg[0m
[8.064s] [ 19%] Built target custom_msgs_generate_messages_lisp
[8.091s] [35m[1mScanning dependencies of target custom_msgs_generate_messages_eus[0m
[8.124s] [ 21%] [34m[1mGenerating EusLisp code from custom_msgs/gnssSample.msg[0m
[8.266s] [ 22%] [34m[1mGenerating EusLisp code from custom_msgs/Internal.msg[0m
[8.415s] [ 24%] [34m[1mGenerating EusLisp code from custom_msgs/BaroSensorSample.msg[0m
[8.552s] [ 26%] [34m[1mGenerating EusLisp code from custom_msgs/velocityEstimate.msg[0m
[8.699s] [ 28%] [34m[1mGenerating EusLisp code from custom_msgs/positionEstimate.msg[0m
[8.834s] [ 29%] [34m[1mGenerating EusLisp code from custom_msgs/sensorSample.msg[0m
[8.974s] [ 31%] [34m[1mGenerating EusLisp code from custom_msgs/baroSample.msg[0m
[9.115s] [ 33%] [34m[1mGenerating EusLisp code from custom_msgs/GnssSensorSample.msg[0m
[9.239s] [ 35%] [34m[1mGenerating EusLisp code from custom_msgs/XsensQuaternion.msg[0m
[9.384s] [ 36%] [34m[1mGenerating EusLisp code from custom_msgs/ImuSensorSample.msg[0m
[9.515s] [ 38%] [34m[1mGenerating EusLisp code from custom_msgs/orientationEstimate.msg[0m
[9.721s] [ 40%] [34m[1mGenerating EusLisp manifest code for custom_msgs[0m
[11.014s] [ 40%] Built target custom_msgs_generate_messages_eus
[11.043s] [35m[1mScanning dependencies of target custom_msgs_generate_messages_cpp[0m
[11.070s] [ 42%] [34m[1mGenerating C++ code from custom_msgs/gnssSample.msg[0m
[11.359s] [ 43%] [34m[1mGenerating C++ code from custom_msgs/Internal.msg[0m
[11.644s] [ 45%] [34m[1mGenerating C++ code from custom_msgs/BaroSensorSample.msg[0m
[11.936s] [ 47%] [34m[1mGenerating C++ code from custom_msgs/velocityEstimate.msg[0m
[12.246s] [ 49%] [34m[1mGenerating C++ code from custom_msgs/positionEstimate.msg[0m
[12.478s] [ 50%] [34m[1mGenerating C++ code from custom_msgs/sensorSample.msg[0m
[12.786s] [ 52%] [34m[1mGenerating C++ code from custom_msgs/baroSample.msg[0m
[13.061s] [ 54%] [34m[1mGenerating C++ code from custom_msgs/GnssSensorSample.msg[0m
[13.346s] [ 56%] [34m[1mGenerating C++ code from custom_msgs/XsensQuaternion.msg[0m
[13.653s] [ 57%] [34m[1mGenerating C++ code from custom_msgs/ImuSensorSample.msg[0m
[13.896s] [ 59%] [34m[1mGenerating C++ code from custom_msgs/orientationEstimate.msg[0m
[14.188s] [ 59%] Built target custom_msgs_generate_messages_cpp
[14.217s] [35m[1mScanning dependencies of target custom_msgs_generate_messages_py[0m
[14.251s] [ 61%] [34m[1mGenerating Python from MSG custom_msgs/gnssSample[0m
[14.535s] [ 63%] [34m[1mGenerating Python from MSG custom_msgs/BaroSensorSample[0m
[14.806s] [ 64%] [34m[1mGenerating Python from MSG custom_msgs/velocityEstimate[0m
[15.143s] [ 66%] [34m[1mGenerating Python from MSG custom_msgs/positionEstimate[0m
[15.408s] [ 68%] [34m[1mGenerating Python from MSG custom_msgs/sensorSample[0m
[15.709s] [ 70%] [34m[1mGenerating Python from MSG custom_msgs/baroSample[0m
[15.990s] [ 71%] [34m[1mGenerating Python from MSG custom_msgs/GnssSensorSample[0m
[16.260s] [ 73%] [34m[1mGenerating Python from MSG custom_msgs/XsensQuaternion[0m
[16.531s] [ 75%] [34m[1mGenerating Python from MSG custom_msgs/ImuSensorSample[0m
[16.786s] [ 77%] [34m[1mGenerating Python from MSG custom_msgs/orientationEstimate[0m
[17.079s] [ 78%] [34m[1mGenerating Python from MSG custom_msgs/Internal[0m
[17.334s] [ 80%] [34m[1mGenerating Python msg __init__.py for custom_msgs[0m
[17.585s] [ 80%] Built target custom_msgs_generate_messages_py
[17.609s] [35m[1mScanning dependencies of target custom_msgs_generate_messages_nodejs[0m
[17.632s] [ 82%] [34m[1mGenerating Javascript code from custom_msgs/gnssSample.msg[0m
[17.716s] [ 84%] [34m[1mGenerating Javascript code from custom_msgs/velocityEstimate.msg[0m
[17.821s] [ 85%] [34m[1mGenerating Javascript code from custom_msgs/positionEstimate.msg[0m
[17.905s] [ 87%] [34m[1mGenerating Javascript code from custom_msgs/sensorSample.msg[0m
[18.008s] [ 89%] [34m[1mGenerating Javascript code from custom_msgs/baroSample.msg[0m
[18.116s] [ 91%] [34m[1mGenerating Javascript code from custom_msgs/GnssSensorSample.msg[0m
[18.211s] [ 92%] [34m[1mGenerating Javascript code from custom_msgs/XsensQuaternion.msg[0m
[18.290s] [ 94%] [34m[1mGenerating Javascript code from custom_msgs/ImuSensorSample.msg[0m
[18.385s] [ 96%] [34m[1mGenerating Javascript code from custom_msgs/orientationEstimate.msg[0m
[18.476s] [ 98%] [34m[1mGenerating Javascript code from custom_msgs/BaroSensorSample.msg[0m
[18.568s] [100%] [34m[1mGenerating Javascript code from custom_msgs/Internal.msg[0m
[18.665s] [100%] Built target custom_msgs_generate_messages_nodejs
[18.697s] [35m[1mScanning dependencies of target custom_msgs_generate_messages[0m
[18.733s] [100%] Built target custom_msgs_generate_messages
[18.766s] Invoked command in '/home/chinchia120/autoware.ai/build/custom_msgs' returned '0': /usr/bin/cmake --build /home/chinchia120/autoware.ai/build/custom_msgs -- -j4 -l4
[19.002s] Invoking command in '/home/chinchia120/autoware.ai/build/custom_msgs': /usr/bin/cmake --build /home/chinchia120/autoware.ai/build/custom_msgs --target tests -- -j4 -l4
[19.178s] [35m[1mScanning dependencies of target tests[0m
[19.209s] Built target tests
[19.243s] Invoked command in '/home/chinchia120/autoware.ai/build/custom_msgs' returned '0': /usr/bin/cmake --build /home/chinchia120/autoware.ai/build/custom_msgs --target tests -- -j4 -l4
[19.478s] Invoking command in '/home/chinchia120/autoware.ai/build/custom_msgs': /usr/bin/cmake --build /home/chinchia120/autoware.ai/build/custom_msgs --target install -- -j4 -l4
[19.625s] [  0%] Built target std_msgs_generate_messages_cpp
[19.774s] [  0%] Built target _custom_msgs_generate_messages_check_deps_ImuSensorSample
[19.934s] [  0%] Built target _custom_msgs_generate_messages_check_deps_GnssSensorSample
[20.004s] [  0%] Built target geometry_msgs_generate_messages_cpp
[20.145s] [  0%] Built target _custom_msgs_generate_messages_check_deps_gnssSample
[20.271s] [  0%] Built target _custom_msgs_generate_messages_check_deps_Internal
[20.393s] [  0%] Built target _custom_msgs_generate_messages_check_deps_positionEstimate
[20.509s] [  0%] Built target _custom_msgs_generate_messages_check_deps_sensorSample
[20.640s] [  0%] Built target _custom_msgs_generate_messages_check_deps_BaroSensorSample
[20.754s] [  0%] Built target _custom_msgs_generate_messages_check_deps_XsensQuaternion
[20.848s] [  0%] Built target _custom_msgs_generate_messages_check_deps_baroSample
[20.957s] [  0%] Built target _custom_msgs_generate_messages_check_deps_velocityEstimate
[21.006s] [  0%] Built target geometry_msgs_generate_messages_nodejs
[21.056s] [  0%] Built target std_msgs_generate_messages_nodejs
[21.102s] [  0%] Built target sensor_msgs_generate_messages_nodejs
[21.149s] [  0%] Built target std_msgs_generate_messages_py
[21.201s] [  0%] Built target geometry_msgs_generate_messages_py
[21.251s] [  0%] Built target sensor_msgs_generate_messages_py
[21.304s] [  0%] Built target std_msgs_generate_messages_lisp
[21.361s] [  0%] Built target geometry_msgs_generate_messages_lisp
[21.417s] [  0%] Built target sensor_msgs_generate_messages_lisp
[21.482s] [  0%] Built target sensor_msgs_generate_messages_eus
[21.543s] [  0%] Built target std_msgs_generate_messages_eus
[21.596s] [  0%] Built target geometry_msgs_generate_messages_eus
[21.702s] [  0%] Built target _custom_msgs_generate_messages_check_deps_orientationEstimate
[21.769s] [  0%] Built target sensor_msgs_generate_messages_cpp
[21.820s] [ 19%] Built target custom_msgs_generate_messages_lisp
[21.879s] [ 40%] Built target custom_msgs_generate_messages_eus
[21.927s] [ 59%] Built target custom_msgs_generate_messages_cpp
[21.990s] [ 80%] Built target custom_msgs_generate_messages_py
[22.039s] [100%] Built target custom_msgs_generate_messages_nodejs
[22.088s] [100%] Built target custom_msgs_generate_messages
[22.144s] [36mInstall the project...[0m
[22.166s] -- Install configuration: "Release"
[22.167s] -- Installing: /home/chinchia120/autoware.ai/install/custom_msgs/share/custom_msgs/msg/BaroSensorSample.msg
[22.167s] -- Installing: /home/chinchia120/autoware.ai/install/custom_msgs/share/custom_msgs/msg/GnssSensorSample.msg
[22.167s] -- Installing: /home/chinchia120/autoware.ai/install/custom_msgs/share/custom_msgs/msg/ImuSensorSample.msg
[22.168s] -- Installing: /home/chinchia120/autoware.ai/install/custom_msgs/share/custom_msgs/msg/Internal.msg
[22.168s] -- Installing: /home/chinchia120/autoware.ai/install/custom_msgs/share/custom_msgs/msg/XsensQuaternion.msg
[22.169s] -- Installing: /home/chinchia120/autoware.ai/install/custom_msgs/share/custom_msgs/msg/baroSample.msg
[22.169s] -- Installing: /home/chinchia120/autoware.ai/install/custom_msgs/share/custom_msgs/msg/gnssSample.msg
[22.170s] -- Installing: /home/chinchia120/autoware.ai/install/custom_msgs/share/custom_msgs/msg/orientationEstimate.msg
[22.170s] -- Installing: /home/chinchia120/autoware.ai/install/custom_msgs/share/custom_msgs/msg/positionEstimate.msg
[22.170s] -- Installing: /home/chinchia120/autoware.ai/install/custom_msgs/share/custom_msgs/msg/sensorSample.msg
[22.170s] -- Installing: /home/chinchia120/autoware.ai/install/custom_msgs/share/custom_msgs/msg/velocityEstimate.msg
[22.171s] -- Installing: /home/chinchia120/autoware.ai/install/custom_msgs/share/custom_msgs/cmake/custom_msgs-msg-paths.cmake
[22.171s] -- Installing: /home/chinchia120/autoware.ai/install/custom_msgs/include/custom_msgs
[22.171s] -- Installing: /home/chinchia120/autoware.ai/install/custom_msgs/include/custom_msgs/positionEstimate.h
[22.171s] -- Installing: /home/chinchia120/autoware.ai/install/custom_msgs/include/custom_msgs/orientationEstimate.h
[22.172s] -- Installing: /home/chinchia120/autoware.ai/install/custom_msgs/include/custom_msgs/velocityEstimate.h
[22.172s] -- Installing: /home/chinchia120/autoware.ai/install/custom_msgs/include/custom_msgs/sensorSample.h
[22.179s] -- Installing: /home/chinchia120/autoware.ai/install/custom_msgs/include/custom_msgs/GnssSensorSample.h
[22.179s] -- Installing: /home/chinchia120/autoware.ai/install/custom_msgs/include/custom_msgs/Internal.h
[22.179s] -- Installing: /home/chinchia120/autoware.ai/install/custom_msgs/include/custom_msgs/gnssSample.h
[22.179s] -- Installing: /home/chinchia120/autoware.ai/install/custom_msgs/include/custom_msgs/XsensQuaternion.h
[22.179s] -- Installing: /home/chinchia120/autoware.ai/install/custom_msgs/include/custom_msgs/ImuSensorSample.h
[22.179s] -- Installing: /home/chinchia120/autoware.ai/install/custom_msgs/include/custom_msgs/BaroSensorSample.h
[22.180s] -- Installing: /home/chinchia120/autoware.ai/install/custom_msgs/include/custom_msgs/baroSample.h
[22.180s] -- Installing: /home/chinchia120/autoware.ai/install/custom_msgs/share/roseus/ros/custom_msgs
[22.180s] -- Installing: /home/chinchia120/autoware.ai/install/custom_msgs/share/roseus/ros/custom_msgs/manifest.l
[22.180s] -- Installing: /home/chinchia120/autoware.ai/install/custom_msgs/share/roseus/ros/custom_msgs/msg
[22.180s] -- Installing: /home/chinchia120/autoware.ai/install/custom_msgs/share/roseus/ros/custom_msgs/msg/Internal.l
[22.180s] -- Installing: /home/chinchia120/autoware.ai/install/custom_msgs/share/roseus/ros/custom_msgs/msg/orientationEstimate.l
[22.180s] -- Installing: /home/chinchia120/autoware.ai/install/custom_msgs/share/roseus/ros/custom_msgs/msg/BaroSensorSample.l
[22.180s] -- Installing: /home/chinchia120/autoware.ai/install/custom_msgs/share/roseus/ros/custom_msgs/msg/sensorSample.l
[22.181s] -- Installing: /home/chinchia120/autoware.ai/install/custom_msgs/share/roseus/ros/custom_msgs/msg/gnssSample.l
[22.181s] -- Installing: /home/chinchia120/autoware.ai/install/custom_msgs/share/roseus/ros/custom_msgs/msg/baroSample.l
[22.181s] -- Installing: /home/chinchia120/autoware.ai/install/custom_msgs/share/roseus/ros/custom_msgs/msg/GnssSensorSample.l
[22.181s] -- Installing: /home/chinchia120/autoware.ai/install/custom_msgs/share/roseus/ros/custom_msgs/msg/XsensQuaternion.l
[22.181s] -- Installing: /home/chinchia120/autoware.ai/install/custom_msgs/share/roseus/ros/custom_msgs/msg/velocityEstimate.l
[22.181s] -- Installing: /home/chinchia120/autoware.ai/install/custom_msgs/share/roseus/ros/custom_msgs/msg/positionEstimate.l
[22.181s] -- Installing: /home/chinchia120/autoware.ai/install/custom_msgs/share/roseus/ros/custom_msgs/msg/ImuSensorSample.l
[22.181s] -- Installing: /home/chinchia120/autoware.ai/install/custom_msgs/share/common-lisp/ros/custom_msgs
[22.182s] -- Installing: /home/chinchia120/autoware.ai/install/custom_msgs/share/common-lisp/ros/custom_msgs/msg
[22.182s] -- Installing: /home/chinchia120/autoware.ai/install/custom_msgs/share/common-lisp/ros/custom_msgs/msg/_package_XsensQuaternion.lisp
[22.182s] -- Installing: /home/chinchia120/autoware.ai/install/custom_msgs/share/common-lisp/ros/custom_msgs/msg/_package_positionEstimate.lisp
[22.182s] -- Installing: /home/chinchia120/autoware.ai/install/custom_msgs/share/common-lisp/ros/custom_msgs/msg/velocityEstimate.lisp
[22.182s] -- Installing: /home/chinchia120/autoware.ai/install/custom_msgs/share/common-lisp/ros/custom_msgs/msg/_package_gnssSample.lisp
[22.182s] -- Installing: /home/chinchia120/autoware.ai/install/custom_msgs/share/common-lisp/ros/custom_msgs/msg/_package_Internal.lisp
[22.189s] -- Installing: /home/chinchia120/autoware.ai/install/custom_msgs/share/common-lisp/ros/custom_msgs/msg/_package_GnssSensorSample.lisp
[22.189s] -- Installing: /home/chinchia120/autoware.ai/install/custom_msgs/share/common-lisp/ros/custom_msgs/msg/custom_msgs-msg.asd
[22.189s] -- Installing: /home/chinchia120/autoware.ai/install/custom_msgs/share/common-lisp/ros/custom_msgs/msg/_package_baroSample.lisp
[22.189s] -- Installing: /home/chinchia120/autoware.ai/install/custom_msgs/share/common-lisp/ros/custom_msgs/msg/BaroSensorSample.lisp
[22.190s] -- Installing: /home/chinchia120/autoware.ai/install/custom_msgs/share/common-lisp/ros/custom_msgs/msg/orientationEstimate.lisp
[22.190s] -- Installing: /home/chinchia120/autoware.ai/install/custom_msgs/share/common-lisp/ros/custom_msgs/msg/sensorSample.lisp
[22.190s] -- Installing: /home/chinchia120/autoware.ai/install/custom_msgs/share/common-lisp/ros/custom_msgs/msg/Internal.lisp
[22.190s] -- Installing: /home/chinchia120/autoware.ai/install/custom_msgs/share/common-lisp/ros/custom_msgs/msg/baroSample.lisp
[22.190s] -- Installing: /home/chinchia120/autoware.ai/install/custom_msgs/share/common-lisp/ros/custom_msgs/msg/_package_orientationEstimate.lisp
[22.190s] -- Installing: /home/chinchia120/autoware.ai/install/custom_msgs/share/common-lisp/ros/custom_msgs/msg/_package_ImuSensorSample.lisp
[22.191s] -- Installing: /home/chinchia120/autoware.ai/install/custom_msgs/share/common-lisp/ros/custom_msgs/msg/positionEstimate.lisp
[22.192s] -- Installing: /home/chinchia120/autoware.ai/install/custom_msgs/share/common-lisp/ros/custom_msgs/msg/GnssSensorSample.lisp
[22.192s] -- Installing: /home/chinchia120/autoware.ai/install/custom_msgs/share/common-lisp/ros/custom_msgs/msg/_package.lisp
[22.192s] -- Installing: /home/chinchia120/autoware.ai/install/custom_msgs/share/common-lisp/ros/custom_msgs/msg/ImuSensorSample.lisp
[22.193s] -- Installing: /home/chinchia120/autoware.ai/install/custom_msgs/share/common-lisp/ros/custom_msgs/msg/XsensQuaternion.lisp
[22.193s] -- Installing: /home/chinchia120/autoware.ai/install/custom_msgs/share/common-lisp/ros/custom_msgs/msg/_package_BaroSensorSample.lisp
[22.193s] -- Installing: /home/chinchia120/autoware.ai/install/custom_msgs/share/common-lisp/ros/custom_msgs/msg/gnssSample.lisp
[22.193s] -- Installing: /home/chinchia120/autoware.ai/install/custom_msgs/share/common-lisp/ros/custom_msgs/msg/_package_velocityEstimate.lisp
[22.194s] -- Installing: /home/chinchia120/autoware.ai/install/custom_msgs/share/common-lisp/ros/custom_msgs/msg/_package_sensorSample.lisp
[22.194s] -- Installing: /home/chinchia120/autoware.ai/install/custom_msgs/share/gennodejs/ros/custom_msgs
[22.194s] -- Installing: /home/chinchia120/autoware.ai/install/custom_msgs/share/gennodejs/ros/custom_msgs/_index.js
[22.194s] -- Installing: /home/chinchia120/autoware.ai/install/custom_msgs/share/gennodejs/ros/custom_msgs/msg
[22.195s] -- Installing: /home/chinchia120/autoware.ai/install/custom_msgs/share/gennodejs/ros/custom_msgs/msg/Internal.js
[22.195s] -- Installing: /home/chinchia120/autoware.ai/install/custom_msgs/share/gennodejs/ros/custom_msgs/msg/orientationEstimate.js
[22.195s] -- Installing: /home/chinchia120/autoware.ai/install/custom_msgs/share/gennodejs/ros/custom_msgs/msg/ImuSensorSample.js
[22.195s] -- Installing: /home/chinchia120/autoware.ai/install/custom_msgs/share/gennodejs/ros/custom_msgs/msg/_index.js
[22.195s] -- Installing: /home/chinchia120/autoware.ai/install/custom_msgs/share/gennodejs/ros/custom_msgs/msg/velocityEstimate.js
[22.196s] -- Installing: /home/chinchia120/autoware.ai/install/custom_msgs/share/gennodejs/ros/custom_msgs/msg/BaroSensorSample.js
[22.196s] -- Installing: /home/chinchia120/autoware.ai/install/custom_msgs/share/gennodejs/ros/custom_msgs/msg/XsensQuaternion.js
[22.196s] -- Installing: /home/chinchia120/autoware.ai/install/custom_msgs/share/gennodejs/ros/custom_msgs/msg/gnssSample.js
[22.197s] -- Installing: /home/chinchia120/autoware.ai/install/custom_msgs/share/gennodejs/ros/custom_msgs/msg/baroSample.js
[22.197s] -- Installing: /home/chinchia120/autoware.ai/install/custom_msgs/share/gennodejs/ros/custom_msgs/msg/GnssSensorSample.js
[22.197s] -- Installing: /home/chinchia120/autoware.ai/install/custom_msgs/share/gennodejs/ros/custom_msgs/msg/positionEstimate.js
[22.197s] -- Installing: /home/chinchia120/autoware.ai/install/custom_msgs/share/gennodejs/ros/custom_msgs/msg/sensorSample.js
[22.234s] Listing /home/chinchia120/autoware.ai/build/custom_msgs/devel/lib/python2.7/dist-packages/custom_msgs ...
[22.234s] Compiling /home/chinchia120/autoware.ai/build/custom_msgs/devel/lib/python2.7/dist-packages/custom_msgs/__init__.py ...
[22.235s] Listing /home/chinchia120/autoware.ai/build/custom_msgs/devel/lib/python2.7/dist-packages/custom_msgs/msg ...
[22.235s] Compiling /home/chinchia120/autoware.ai/build/custom_msgs/devel/lib/python2.7/dist-packages/custom_msgs/msg/_BaroSensorSample.py ...
[22.235s] Compiling /home/chinchia120/autoware.ai/build/custom_msgs/devel/lib/python2.7/dist-packages/custom_msgs/msg/_GnssSensorSample.py ...
[22.235s] Compiling /home/chinchia120/autoware.ai/build/custom_msgs/devel/lib/python2.7/dist-packages/custom_msgs/msg/_ImuSensorSample.py ...
[22.236s] Compiling /home/chinchia120/autoware.ai/build/custom_msgs/devel/lib/python2.7/dist-packages/custom_msgs/msg/_Internal.py ...
[22.236s] Compiling /home/chinchia120/autoware.ai/build/custom_msgs/devel/lib/python2.7/dist-packages/custom_msgs/msg/_XsensQuaternion.py ...
[22.236s] Compiling /home/chinchia120/autoware.ai/build/custom_msgs/devel/lib/python2.7/dist-packages/custom_msgs/msg/__init__.py ...
[22.236s] Compiling /home/chinchia120/autoware.ai/build/custom_msgs/devel/lib/python2.7/dist-packages/custom_msgs/msg/_baroSample.py ...
[22.236s] Compiling /home/chinchia120/autoware.ai/build/custom_msgs/devel/lib/python2.7/dist-packages/custom_msgs/msg/_gnssSample.py ...
[22.237s] Compiling /home/chinchia120/autoware.ai/build/custom_msgs/devel/lib/python2.7/dist-packages/custom_msgs/msg/_orientationEstimate.py ...
[22.237s] Compiling /home/chinchia120/autoware.ai/build/custom_msgs/devel/lib/python2.7/dist-packages/custom_msgs/msg/_positionEstimate.py ...
[22.237s] Compiling /home/chinchia120/autoware.ai/build/custom_msgs/devel/lib/python2.7/dist-packages/custom_msgs/msg/_sensorSample.py ...
[22.237s] Compiling /home/chinchia120/autoware.ai/build/custom_msgs/devel/lib/python2.7/dist-packages/custom_msgs/msg/_velocityEstimate.py ...
[22.239s] -- Installing: /home/chinchia120/autoware.ai/install/custom_msgs/lib/python2.7/dist-packages/custom_msgs
[22.239s] -- Installing: /home/chinchia120/autoware.ai/install/custom_msgs/lib/python2.7/dist-packages/custom_msgs/__init__.py
[22.240s] -- Installing: /home/chinchia120/autoware.ai/install/custom_msgs/lib/python2.7/dist-packages/custom_msgs/msg
[22.240s] -- Installing: /home/chinchia120/autoware.ai/install/custom_msgs/lib/python2.7/dist-packages/custom_msgs/msg/_velocityEstimate.py
[22.241s] -- Installing: /home/chinchia120/autoware.ai/install/custom_msgs/lib/python2.7/dist-packages/custom_msgs/msg/_sensorSample.py
[22.241s] -- Installing: /home/chinchia120/autoware.ai/install/custom_msgs/lib/python2.7/dist-packages/custom_msgs/msg/_baroSample.py
[22.242s] -- Installing: /home/chinchia120/autoware.ai/install/custom_msgs/lib/python2.7/dist-packages/custom_msgs/msg/_sensorSample.pyc
[22.242s] -- Installing: /home/chinchia120/autoware.ai/install/custom_msgs/lib/python2.7/dist-packages/custom_msgs/msg/_orientationEstimate.pyc
[22.242s] -- Installing: /home/chinchia120/autoware.ai/install/custom_msgs/lib/python2.7/dist-packages/custom_msgs/msg/_GnssSensorSample.py
[22.243s] -- Installing: /home/chinchia120/autoware.ai/install/custom_msgs/lib/python2.7/dist-packages/custom_msgs/msg/_positionEstimate.py
[22.243s] -- Installing: /home/chinchia120/autoware.ai/install/custom_msgs/lib/python2.7/dist-packages/custom_msgs/msg/__init__.py
[22.243s] -- Installing: /home/chinchia120/autoware.ai/install/custom_msgs/lib/python2.7/dist-packages/custom_msgs/msg/_XsensQuaternion.py
[22.244s] -- Installing: /home/chinchia120/autoware.ai/install/custom_msgs/lib/python2.7/dist-packages/custom_msgs/msg/_ImuSensorSample.py
[22.244s] -- Installing: /home/chinchia120/autoware.ai/install/custom_msgs/lib/python2.7/dist-packages/custom_msgs/msg/_orientationEstimate.py
[22.244s] -- Installing: /home/chinchia120/autoware.ai/install/custom_msgs/lib/python2.7/dist-packages/custom_msgs/msg/_velocityEstimate.pyc
[22.245s] -- Installing: /home/chinchia120/autoware.ai/install/custom_msgs/lib/python2.7/dist-packages/custom_msgs/msg/_positionEstimate.pyc
[22.245s] -- Installing: /home/chinchia120/autoware.ai/install/custom_msgs/lib/python2.7/dist-packages/custom_msgs/msg/_ImuSensorSample.pyc
[22.245s] -- Installing: /home/chinchia120/autoware.ai/install/custom_msgs/lib/python2.7/dist-packages/custom_msgs/msg/_Internal.pyc
[22.248s] -- Installing: /home/chinchia120/autoware.ai/install/custom_msgs/lib/python2.7/dist-packages/custom_msgs/msg/_gnssSample.py
[22.249s] -- Installing: /home/chinchia120/autoware.ai/install/custom_msgs/lib/python2.7/dist-packages/custom_msgs/msg/_Internal.py
[22.249s] -- Installing: /home/chinchia120/autoware.ai/install/custom_msgs/lib/python2.7/dist-packages/custom_msgs/msg/_gnssSample.pyc
[22.249s] -- Installing: /home/chinchia120/autoware.ai/install/custom_msgs/lib/python2.7/dist-packages/custom_msgs/msg/_XsensQuaternion.pyc
[22.250s] -- Installing: /home/chinchia120/autoware.ai/install/custom_msgs/lib/python2.7/dist-packages/custom_msgs/msg/_BaroSensorSample.py
[22.250s] -- Installing: /home/chinchia120/autoware.ai/install/custom_msgs/lib/python2.7/dist-packages/custom_msgs/msg/_GnssSensorSample.pyc
[22.250s] -- Installing: /home/chinchia120/autoware.ai/install/custom_msgs/lib/python2.7/dist-packages/custom_msgs/msg/_baroSample.pyc
[22.250s] -- Installing: /home/chinchia120/autoware.ai/install/custom_msgs/lib/python2.7/dist-packages/custom_msgs/msg/__init__.pyc
[22.251s] -- Installing: /home/chinchia120/autoware.ai/install/custom_msgs/lib/python2.7/dist-packages/custom_msgs/msg/_BaroSensorSample.pyc
[22.251s] -- Installing: /home/chinchia120/autoware.ai/install/custom_msgs/lib/python2.7/dist-packages/custom_msgs/__init__.pyc
[22.251s] -- Installing: /home/chinchia120/autoware.ai/install/custom_msgs/lib/pkgconfig/custom_msgs.pc
[22.251s] -- Installing: /home/chinchia120/autoware.ai/install/custom_msgs/share/custom_msgs/cmake/custom_msgs-msg-extras.cmake
[22.251s] -- Installing: /home/chinchia120/autoware.ai/install/custom_msgs/share/custom_msgs/cmake/custom_msgsConfig.cmake
[22.252s] -- Installing: /home/chinchia120/autoware.ai/install/custom_msgs/share/custom_msgs/cmake/custom_msgsConfig-version.cmake
[22.252s] -- Installing: /home/chinchia120/autoware.ai/install/custom_msgs/share/custom_msgs/package.xml
[22.260s] Invoked command in '/home/chinchia120/autoware.ai/build/custom_msgs' returned '0': /usr/bin/cmake --build /home/chinchia120/autoware.ai/build/custom_msgs --target install -- -j4 -l4
