[0.068s] Invoking command in '/home/chinchia120/autoware.ai/build/pixel_cloud_fusion': CMAKE_PREFIX_PATH=/home/chinchia120/autoware.ai/install/autoware_build_flags:${CMAKE_PREFIX_PATH} PKG_CONFIG_PATH=/home/chinchia120/autoware.ai/install/autoware_build_flags/lib/x86_64-linux-gnu/pkgconfig:/home/chinchia120/autoware.ai/install/autoware_build_flags/lib/pkgconfig:${PKG_CONFIG_PATH} ROS_PACKAGE_PATH=/home/chinchia120/autoware.ai/install/autoware_build_flags/share:${ROS_PACKAGE_PATH} /usr/bin/cmake /home/chinchia120/autoware.ai/src/autoware/core_perception/pixel_cloud_fusion -DCMAKE_BUILD_TYPE=Release -DCATKIN_INSTALL_INTO_PREFIX_ROOT=0 -DCMAKE_INSTALL_PREFIX=/home/chinchia120/autoware.ai/install/pixel_cloud_fusion
[0.257s] -- The C compiler identification is GNU 7.5.0
[0.396s] -- The CXX compiler identification is GNU 7.5.0
[0.409s] -- Check for working C compiler: /usr/bin/cc
[0.580s] -- Check for working C compiler: /usr/bin/cc -- works
[0.581s] -- Detecting C compiler ABI info
[0.773s] -- Detecting C compiler ABI info - done
[0.799s] -- Detecting C compile features
[1.336s] -- Detecting C compile features - done
[1.344s] -- Check for working CXX compiler: /usr/bin/c++
[1.559s] -- Check for working CXX compiler: /usr/bin/c++ -- works
[1.560s] -- Detecting CXX compiler ABI info
[1.763s] -- Detecting CXX compiler ABI info - done
[1.782s] -- Detecting CXX compile features
[2.723s] -- Detecting CXX compile features - done
[2.728s] -- CUDA compilation status: 1.
[2.734s] -- Using CATKIN_DEVEL_PREFIX: /home/chinchia120/autoware.ai/build/pixel_cloud_fusion/devel
[2.735s] -- Using CMAKE_PREFIX_PATH: /home/chinchia120/autoware.ai/install/autoware_build_flags;/home/chinchia120/catkin_ws/devel;/opt/ros/melodic
[2.736s] -- This workspace overlays: /home/chinchia120/autoware.ai/install/autoware_build_flags;/home/chinchia120/catkin_ws/devel;/opt/ros/melodic
[2.766s] -- Found PythonInterp: /usr/bin/python2 (found suitable version "2.7.17", minimum required is "2") 
[2.767s] -- Using PYTHON_EXECUTABLE: /usr/bin/python2
[2.767s] -- Using Debian Python package layout
[2.768s] -- Using empy: /usr/bin/empy
[3.115s] -- Using CATKIN_ENABLE_TESTING: ON
[3.115s] -- Call enable_testing()
[3.122s] -- Using CATKIN_TEST_RESULTS_DIR: /home/chinchia120/autoware.ai/build/pixel_cloud_fusion/test_results
[3.164s] -- Found gtest sources under '/usr/src/googletest': gtests will be built
[3.165s] -- Found gmock sources under '/usr/src/googletest': gmock will be built
[3.198s] -- Found PythonInterp: /usr/bin/python2 (found version "2.7.17") 
[3.202s] -- Looking for pthread.h
[3.371s] -- Looking for pthread.h - found
[3.372s] -- Looking for pthread_create
[3.557s] -- Looking for pthread_create - not found
[3.558s] -- Looking for pthread_create in pthreads
[3.745s] -- Looking for pthread_create in pthreads - not found
[3.746s] -- Looking for pthread_create in pthread
[3.938s] -- Looking for pthread_create in pthread - found
[3.942s] -- Found Threads: TRUE  
[3.952s] -- Using Python nosetests: /usr/bin/nosetests-2.7
[4.051s] -- catkin 0.7.29
[4.051s] -- BUILD_SHARED_LIBS is on
[6.185s] -- Using these message generators: gencpp;geneus;genlisp;gennodejs;genpy
[7.063s] -- Found OpenCV: /usr (found version "3.2.0") 
[7.109s] -- Checking for module 'eigen3'
[7.163s] --   Found eigen3, version 3.3.7
[7.271s] -- Found eigen: /usr/local/include/eigen3  
[7.456s] -- Boost version: 1.65.1
[7.457s] -- Found the following Boost libraries:
[7.457s] --   system
[7.457s] --   filesystem
[7.457s] --   thread
[7.458s] --   date_time
[7.458s] --   iostreams
[7.458s] --   serialization
[7.458s] --   chrono
[7.459s] --   atomic
[7.459s] --   regex
[7.461s] -- Checking for module 'libopenni'
[7.514s] --   Found libopenni, version 1.5.4.0
[7.632s] -- Found openni: /usr/lib/libOpenNI.so  
[7.633s] -- Checking for module 'libopenni2'
[7.674s] --   Found libopenni2, version 2.2.0.3
[7.803s] -- Found OpenNI2: /usr/lib/libOpenNI2.so  
[7.812s] -- Could NOT find ensenso (missing: ENSENSO_LIBRARY ENSENSO_INCLUDE_DIR) 
[7.812s] ** WARNING ** io features related to ensenso will be disabled
[7.819s] -- Could NOT find DAVIDSDK (missing: DAVIDSDK_LIBRARY DAVIDSDK_INCLUDE_DIR) 
[7.820s] ** WARNING ** io features related to davidSDK will be disabled
[7.822s] -- Could NOT find DSSDK (missing: _DSSDK_LIBRARIES) 
[7.823s] ** WARNING ** io features related to dssdk will be disabled
[7.823s] ** WARNING ** io features related to pcap will be disabled
[7.823s] ** WARNING ** io features related to png will be disabled
[7.991s] -- The imported target "vtkRenderingPythonTkWidgets" references the file
[7.992s]    "/usr/lib/x86_64-linux-gnu/libvtkRenderingPythonTkWidgets.so"
[7.992s] but this file does not exist.  Possible reasons include:
[7.992s] * The file was deleted, renamed, or moved to another location.
[7.993s] * An install or uninstall procedure did not complete successfully.
[7.993s] * The installation package was faulty and contained
[7.993s]    "/usr/lib/cmake/vtk-6.3/VTKTargets.cmake"
[7.993s] but not all the files it references.
[7.994s] 
[7.994s] -- The imported target "vtk" references the file
[7.994s]    "/usr/bin/vtk"
[7.994s] but this file does not exist.  Possible reasons include:
[7.995s] * The file was deleted, renamed, or moved to another location.
[7.995s] * An install or uninstall procedure did not complete successfully.
[7.995s] * The installation package was faulty and contained
[7.995s]    "/usr/lib/cmake/vtk-6.3/VTKTargets.cmake"
[7.995s] but not all the files it references.
[7.996s] 
[8.214s] -- Found libusb-1.0: /usr/include  
[8.214s] ** WARNING ** io features related to libusb-1.0 will be disabled
[8.215s] -- Checking for module 'flann'
[8.259s] --   Found flann, version 1.9.1
[8.382s] -- Found Flann: /usr/lib/x86_64-linux-gnu/libflann_cpp_s.a  
[8.493s] -- Could NOT find ensenso (missing: ENSENSO_LIBRARY ENSENSO_INCLUDE_DIR) 
[8.493s] ** WARNING ** visualization features related to ensenso will be disabled
[8.501s] -- Could NOT find DAVIDSDK (missing: DAVIDSDK_LIBRARY DAVIDSDK_INCLUDE_DIR) 
[8.501s] ** WARNING ** visualization features related to davidSDK will be disabled
[8.502s] -- Could NOT find DSSDK (missing: _DSSDK_LIBRARIES) 
[8.503s] ** WARNING ** visualization features related to dssdk will be disabled
[8.504s] -- Could NOT find RSSDK (missing: _RSSDK_LIBRARIES) 
[8.504s] ** WARNING ** visualization features related to rssdk will be disabled
[8.584s] -- Found qhull: /usr/lib/x86_64-linux-gnu/libqhull.so  
[8.669s] -- looking for PCL_COMMON
[8.672s] -- Found PCL_COMMON: /usr/lib/x86_64-linux-gnu/libpcl_common.so  
[8.673s] -- looking for PCL_OCTREE
[8.675s] -- Found PCL_OCTREE: /usr/lib/x86_64-linux-gnu/libpcl_octree.so  
[8.676s] -- looking for PCL_IO
[8.680s] -- Found PCL_IO: /usr/lib/x86_64-linux-gnu/libpcl_io.so  
[8.681s] -- looking for PCL_KDTREE
[8.684s] -- Found PCL_KDTREE: /usr/lib/x86_64-linux-gnu/libpcl_kdtree.so  
[8.685s] -- looking for PCL_SEARCH
[8.689s] -- Found PCL_SEARCH: /usr/lib/x86_64-linux-gnu/libpcl_search.so  
[8.690s] -- looking for PCL_SAMPLE_CONSENSUS
[8.693s] -- Found PCL_SAMPLE_CONSENSUS: /usr/lib/x86_64-linux-gnu/libpcl_sample_consensus.so  
[8.694s] -- looking for PCL_FILTERS
[8.697s] -- Found PCL_FILTERS: /usr/lib/x86_64-linux-gnu/libpcl_filters.so  
[8.699s] -- looking for PCL_2D
[8.701s] -- Found PCL_2D: /usr/include/pcl-1.8  
[8.702s] -- looking for PCL_GEOMETRY
[8.703s] -- Found PCL_GEOMETRY: /usr/include/pcl-1.8  
[8.704s] -- looking for PCL_FEATURES
[8.707s] -- Found PCL_FEATURES: /usr/lib/x86_64-linux-gnu/libpcl_features.so  
[8.709s] -- looking for PCL_ML
[8.713s] -- Found PCL_ML: /usr/lib/x86_64-linux-gnu/libpcl_ml.so  
[8.713s] -- looking for PCL_SEGMENTATION
[8.717s] -- Found PCL_SEGMENTATION: /usr/lib/x86_64-linux-gnu/libpcl_segmentation.so  
[8.720s] -- looking for PCL_VISUALIZATION
[8.724s] -- Found PCL_VISUALIZATION: /usr/lib/x86_64-linux-gnu/libpcl_visualization.so  
[8.725s] -- looking for PCL_SURFACE
[8.730s] -- Found PCL_SURFACE: /usr/lib/x86_64-linux-gnu/libpcl_surface.so  
[8.731s] -- looking for PCL_REGISTRATION
[8.735s] -- Found PCL_REGISTRATION: /usr/lib/x86_64-linux-gnu/libpcl_registration.so  
[8.737s] -- looking for PCL_KEYPOINTS
[8.740s] -- Found PCL_KEYPOINTS: /usr/lib/x86_64-linux-gnu/libpcl_keypoints.so  
[8.741s] -- looking for PCL_TRACKING
[8.744s] -- Found PCL_TRACKING: /usr/lib/x86_64-linux-gnu/libpcl_tracking.so  
[8.745s] -- looking for PCL_RECOGNITION
[8.750s] -- Found PCL_RECOGNITION: /usr/lib/x86_64-linux-gnu/libpcl_recognition.so  
[8.752s] -- looking for PCL_STEREO
[8.758s] -- Found PCL_STEREO: /usr/lib/x86_64-linux-gnu/libpcl_stereo.so  
[8.758s] -- looking for PCL_APPS
[8.759s] -- Found PCL_APPS: /usr/lib/x86_64-linux-gnu/libpcl_apps.so  
[8.766s] -- looking for PCL_IN_HAND_SCANNER
[8.767s] -- Found PCL_IN_HAND_SCANNER: /usr/include/pcl-1.8  
[8.768s] -- looking for PCL_MODELER
[8.769s] -- Found PCL_MODELER: /usr/include/pcl-1.8  
[8.769s] -- looking for PCL_POINT_CLOUD_EDITOR
[8.772s] -- Found PCL_POINT_CLOUD_EDITOR: /usr/include/pcl-1.8  
[8.773s] -- looking for PCL_OUTOFCORE
[8.776s] -- Found PCL_OUTOFCORE: /usr/lib/x86_64-linux-gnu/libpcl_outofcore.so  
[8.777s] -- looking for PCL_PEOPLE
[8.780s] -- Found PCL_PEOPLE: /usr/lib/x86_64-linux-gnu/libpcl_people.so  
[8.840s] -- Found PCL: /usr/lib/x86_64-linux-gnu/libboost_system.so;/usr/lib/x86_64-linux-gnu/libboost_filesystem.so;/usr/lib/x86_64-linux-gnu/libboost_thread.so;/usr/lib/x86_64-linux-gnu/libboost_date_time.so;/usr/lib/x86_64-linux-gnu/libboost_iostreams.so;/usr/lib/x86_64-linux-gnu/libboost_serialization.so;/usr/lib/x86_64-linux-gnu/libboost_chrono.so;/usr/lib/x86_64-linux-gnu/libboost_atomic.so;/usr/lib/x86_64-linux-gnu/libboost_regex.so;/usr/lib/x86_64-linux-gnu/libpthread.so;optimized;/usr/lib/x86_64-linux-gnu/libpcl_common.so;debug;/usr/lib/x86_64-linux-gnu/libpcl_common.so;optimized;/usr/lib/x86_64-linux-gnu/libpcl_octree.so;debug;/usr/lib/x86_64-linux-gnu/libpcl_octree.so;/usr/lib/libOpenNI.so;/usr/lib/libOpenNI2.so;vtkChartsCore;vtkCommonColor;vtkCommonDataModel;vtkCommonMath;vtkCommonCore;vtksys;vtkCommonMisc;vtkCommonSystem;vtkCommonTransforms;vtkInfovisCore;vtkFiltersExtraction;vtkCommonExecutionModel;vtkFiltersCore;vtkFiltersGeneral;vtkCommonComputationalGeometry;vtkFiltersStatistics;vtkImagingFourier;vtkImagingCore;vtkalglib;vtkRenderingContext2D;vtkRenderingCore;vtkFiltersGeometry;vtkFiltersSources;vtkRenderingFreeType;/usr/lib/x86_64-linux-gnu/libfreetype.so;/usr/lib/x86_64-linux-gnu/libz.so;vtkftgl;vtkDICOMParser;vtkDomainsChemistry;vtkIOXML;vtkIOGeometry;vtkIOCore;vtkIOXMLParser;/usr/lib/x86_64-linux-gnu/libexpat.so;vtkFiltersAMR;vtkParallelCore;vtkIOLegacy;vtkFiltersFlowPaths;vtkFiltersGeneric;vtkFiltersHybrid;vtkImagingSources;vtkFiltersHyperTree;vtkFiltersImaging;vtkImagingGeneral;vtkFiltersModeling;vtkFiltersParallel;vtkFiltersParallelFlowPaths;vtkParallelMPI;vtkFiltersParallelGeometry;vtkFiltersParallelImaging;vtkFiltersParallelMPI;vtkFiltersParallelStatistics;vtkFiltersProgrammable;vtkFiltersPython;/usr/lib/x86_64-linux-gnu/libpython2.7.so;vtkWrappingPythonCore;vtkWrappingTools;vtkFiltersReebGraph;vtkFiltersSMP;vtkFiltersSelection;vtkFiltersTexture;vtkFiltersVerdict;verdict;vtkGUISupportQt;vtkInteractionStyle;vtkRenderingOpenGL;vtkImagingHybrid;vtkIOImage;vtkmetaio;/usr/lib/x86_64-linux-gnu/libjpeg.so;/usr/lib/x86_64-linux-gnu/libpng.so;/usr/lib/x86_64-linux-gnu/libtiff.so;vtkGUISupportQtOpenGL;vtkGUISupportQtSQL;vtkIOSQL;sqlite3;vtkGUISupportQtWebkit;vtkViewsQt;vtkViewsInfovis;vtkInfovisLayout;vtkInfovisBoostGraphAlgorithms;vtkRenderingLabel;vtkViewsCore;vtkInteractionWidgets;vtkRenderingAnnotation;vtkImagingColor;vtkRenderingVolume;vtkGeovisCore;/usr/lib/x86_64-linux-gnu/libproj.so;vtkIOAMR;/usr/lib/x86_64-linux-gnu/hdf5/openmpi/libhdf5.so;/usr/lib/x86_64-linux-gnu/libsz.so;/usr/lib/x86_64-linux-gnu/libdl.so;/usr/lib/x86_64-linux-gnu/libm.so;/usr/lib/x86_64-linux-gnu/openmpi/lib/libmpi.so;vtkIOEnSight;vtkIOExodus;vtkexoIIc;/usr/lib/x86_64-linux-gnu/libnetcdf_c++.so;/usr/lib/x86_64-linux-gnu/libnetcdf.so;vtkIOExport;vtkRenderingGL2PS;vtkRenderingContextOpenGL;/usr/lib/x86_64-linux-gnu/libgl2ps.so;vtkIOFFMPEG;vtkIOMovie;/usr/lib/x86_64-linux-gnu/libtheoraenc.so;/usr/lib/x86_64-linux-gnu/libtheoradec.so;/usr/lib/x86_64-linux-gnu/libogg.so;vtkIOGDAL;vtkIOGeoJSON;vtkIOImport;vtkIOInfovis;/usr/lib/x86_64-linux-gnu/libxml2.so;vtkIOLSDyna;vtkIOMINC;vtkIOMPIImage;vtkIOMPIParallel;vtkIOParallel;vtkIONetCDF;/usr/lib/x86_64-linux-gnu/libjsoncpp.so;vtkIOMySQL;vtkIOODBC;vtkIOPLY;vtkIOParallelExodus;vtkIOParallelLSDyna;vtkIOParallelNetCDF;vtkIOParallelXML;vtkIOPostgreSQL;vtkIOVPIC;VPIC;vtkIOVideo;vtkIOXdmf2;vtkxdmf2;vtkImagingMath;vtkImagingMorphological;vtkImagingStatistics;vtkImagingStencil;vtkInteractionImage;vtkLocalExample;vtkParallelMPI4Py;vtkPythonInterpreter;vtkRenderingExternal;vtkRenderingFreeTypeFontConfig;vtkRenderingImage;vtkRenderingLIC;vtkRenderingLOD;vtkRenderingMatplotlib;vtkRenderingParallel;vtkRenderingParallelLIC;vtkRenderingQt;vtkRenderingVolumeAMR;vtkRenderingVolumeOpenGL;vtkTestingGenericBridge;vtkTestingIOSQL;vtkTestingRendering;vtkViewsContext2D;vtkViewsGeovis;vtkWrappingJava;optimized;/usr/lib/x86_64-linux-gnu/libpcl_io.so;debug;/usr/lib/x86_64-linux-gnu/libpcl_io.so;optimized;/usr/lib/x86_64-linux-gnu/libflann_cpp_s.a;debug;/usr/lib/x86_64-linux-gnu/libflann_cpp_s.a;optimized;/usr/lib/x86_64-linux-gnu/libpcl_kdtree.so;debug;/usr/lib/x86_64-linux-gnu/libpcl_kdtree.so;optimized;/usr/lib/x86_64-linux-gnu/libpcl_search.so;debug;/usr/lib/x86_64-linux-gnu/libpcl_search.so;optimized;/usr/lib/x86_64-linux-gnu/libpcl_sample_consensus.so;debug;/usr/lib/x86_64-linux-gnu/libpcl_sample_consensus.so;optimized;/usr/lib/x86_64-linux-gnu/libpcl_filters.so;debug;/usr/lib/x86_64-linux-gnu/libpcl_filters.so;optimized;/usr/lib/x86_64-linux-gnu/libpcl_features.so;debug;/usr/lib/x86_64-linux-gnu/libpcl_features.so;optimized;/usr/lib/x86_64-linux-gnu/libpcl_ml.so;debug;/usr/lib/x86_64-linux-gnu/libpcl_ml.so;optimized;/usr/lib/x86_64-linux-gnu/libpcl_segmentation.so;debug;/usr/lib/x86_64-linux-gnu/libpcl_segmentation.so;optimized;/usr/lib/x86_64-linux-gnu/libpcl_visualization.so;debug;/usr/lib/x86_64-linux-gnu/libpcl_visualization.so;optimized;/usr/lib/x86_64-linux-gnu/libqhull.so;debug;/usr/lib/x86_64-linux-gnu/libqhull.so;optimized;/usr/lib/x86_64-linux-gnu/libpcl_surface.so;debug;/usr/lib/x86_64-linux-gnu/libpcl_surface.so;optimized;/usr/lib/x86_64-linux-gnu/libpcl_registration.so;debug;/usr/lib/x86_64-linux-gnu/libpcl_registration.so;optimized;/usr/lib/x86_64-linux-gnu/libpcl_keypoints.so;debug;/usr/lib/x86_64-linux-gnu/libpcl_keypoints.so;optimized;/usr/lib/x86_64-linux-gnu/libpcl_tracking.so;debug;/usr/lib/x86_64-linux-gnu/libpcl_tracking.so;optimized;/usr/lib/x86_64-linux-gnu/libpcl_recognition.so;debug;/usr/lib/x86_64-linux-gnu/libpcl_recognition.so;optimized;/usr/lib/x86_64-linux-gnu/libpcl_stereo.so;debug;/usr/lib/x86_64-linux-gnu/libpcl_stereo.so;optimized;/usr/lib/x86_64-linux-gnu/libpcl_apps.so;debug;/usr/lib/x86_64-linux-gnu/libpcl_apps.so;optimized;/usr/lib/x86_64-linux-gnu/libpcl_outofcore.so;debug;/usr/lib/x86_64-linux-gnu/libpcl_outofcore.so;optimized;/usr/lib/x86_64-linux-gnu/libpcl_people.so;debug;/usr/lib/x86_64-linux-gnu/libpcl_people.so;/usr/lib/x86_64-linux-gnu/libboost_system.so;/usr/lib/x86_64-linux-gnu/libboost_filesystem.so;/usr/lib/x86_64-linux-gnu/libboost_thread.so;/usr/lib/x86_64-linux-gnu/libboost_date_time.so;/usr/lib/x86_64-linux-gnu/libboost_iostreams.so;/usr/lib/x86_64-linux-gnu/libboost_serialization.so;/usr/lib/x86_64-linux-gnu/libboost_chrono.so;/usr/lib/x86_64-linux-gnu/libboost_atomic.so;/usr/lib/x86_64-linux-gnu/libboost_regex.so;/usr/lib/x86_64-linux-gnu/libpthread.so;optimized;/usr/lib/x86_64-linux-gnu/libqhull.so;debug;/usr/lib/x86_64-linux-gnu/libqhull.so;/usr/lib/libOpenNI.so;/usr/lib/libOpenNI2.so;optimized;/usr/lib/x86_64-linux-gnu/libflann_cpp_s.a;debug;/usr/lib/x86_64-linux-gnu/libflann_cpp_s.a;vtkChartsCore;vtkCommonColor;vtkCommonDataModel;vtkCommonMath;vtkCommonCore;vtksys;vtkCommonMisc;vtkCommonSystem;vtkCommonTransforms;vtkInfovisCore;vtkFiltersExtraction;vtkCommonExecutionModel;vtkFiltersCore;vtkFiltersGeneral;vtkCommonComputationalGeometry;vtkFiltersStatistics;vtkImagingFourier;vtkImagingCore;vtkalglib;vtkRenderingContext2D;vtkRenderingCore;vtkFiltersGeometry;vtkFiltersSources;vtkRenderingFreeType;/usr/lib/x86_64-linux-gnu/libfreetype.so;/usr/lib/x86_64-linux-gnu/libz.so;vtkftgl;vtkDICOMParser;vtkDomainsChemistry;vtkIOXML;vtkIOGeometry;vtkIOCore;vtkIOXMLParser;/usr/lib/x86_64-linux-gnu/libexpat.so;vtkFiltersAMR;vtkParallelCore;vtkIOLegacy;vtkFiltersFlowPaths;vtkFiltersGeneric;vtkFiltersHybrid;vtkImagingSources;vtkFiltersHyperTree;vtkFiltersImaging;vtkImagingGeneral;vtkFiltersModeling;vtkFiltersParallel;vtkFiltersParallelFlowPaths;vtkParallelMPI;vtkFiltersParallelGeometry;vtkFiltersParallelImaging;vtkFiltersParallelMPI;vtkFiltersParallelStatistics;vtkFiltersProgrammable;vtkFiltersPython;/usr/lib/x86_64-linux-gnu/libpython2.7.so;vtkWrappingPythonCore;vtkWrappingTools;vtkFiltersReebGraph;vtkFiltersSMP;vtkFiltersSelection;vtkFiltersTexture;vtkFiltersVerdict;verdict;vtkGUISupportQt;vtkInteractionStyle;vtkRenderingOpenGL;vtkImagingHybrid;vtkIOImage;vtkmetaio;/usr/lib/x86_64-linux-gnu/libjpeg.so;/usr/lib/x86_64-linux-gnu/libpng.so;/usr/lib/x86_64-linux-gnu/libtiff.so;vtkGUISupportQtOpenGL;vtkGUISupportQtSQL;vtkIOSQL;sqlite3;vtkGUISupportQtWebkit;vtkViewsQt;vtkViewsInfovis;vtkInfovisLayout;vtkInfovisBoostGraphAlgorithms;vtkRenderingLabel;vtkViewsCore;vtkInteractionWidgets;vtkRenderingAnnotation;vtkImagingColor;vtkRenderingVolume;vtkGeovisCore;/usr/lib/x86_64-linux-gnu/libproj.so;vtkIOAMR;/usr/lib/x86_64-linux-gnu/hdf5/openmpi/libhdf5.so;/usr/lib/x86_64-linux-gnu/libsz.so;/usr/lib/x86_64-linux-gnu/libdl.so;/usr/lib/x86_64-linux-gnu/libm.so;/usr/lib/x86_64-linux-gnu/openmpi/lib/libmpi.so;vtkIOEnSight;vtkIOExodus;vtkexoIIc;/usr/lib/x86_64-linux-gnu/libnetcdf_c++.so;/usr/lib/x86_64-linux-gnu/libnetcdf.so;vtkIOExport;vtkRenderingGL2PS;vtkRenderingContextOpenGL;/usr/lib/x86_64-linux-gnu/libgl2ps.so;vtkIOFFMPEG;vtkIOMovie;/usr/lib/x86_64-linux-gnu/libtheoraenc.so;/usr/lib/x86_64-linux-gnu/libtheoradec.so;/usr/lib/x86_64-linux-gnu/libogg.so;vtkIOGDAL;vtkIOGeoJSON;vtkIOImport;vtkIOInfovis;/usr/lib/x86_64-linux-gnu/libxml2.so;vtkIOLSDyna;vtkIOMINC;vtkIOMPIImage;vtkIOMPIParallel;vtkIOParallel;vtkIONetCDF;/usr/lib/x86_64-linux-gnu/libjsoncpp.so;vtkIOMySQL;vtkIOODBC;vtkIOPLY;vtkIOParallelExodus;vtkIOParallelLSDyna;vtkIOParallelNetCDF;vtkIOParallelXML;vtkIOPostgreSQL;vtkIOVPIC;VPIC;vtkIOVideo;vtkIOXdmf2;vtkxdmf2;vtkImagingMath;vtkImagingMorphological;vtkImagingStatistics;vtkImagingStencil;vtkInteractionImage;vtkLocalExample;vtkParallelMPI4Py;vtkPythonInterpreter;vtkRenderingExternal;vtkRenderingFreeTypeFontConfig;vtkRenderingImage;vtkRenderingLIC;vtkRenderingLOD;vtkRenderingMatplotlib;vtkRenderingParallel;vtkRenderingParallelLIC;vtkRenderingQt;vtkRenderingVolumeAMR;vtkRenderingVolumeOpenGL;vtkTestingGenericBridge;vtkTestingIOSQL;vtkTestingRendering;vtkViewsContext2D;vtkViewsGeovis;vtkWrappingJava  
[9.578s] -- Found OpenMP_C: -fopenmp (found version "4.5") 
[9.819s] -- Found OpenMP_CXX: -fopenmp (found version "4.5") 
[9.822s] -- Found OpenMP: TRUE (found version "4.5")  
[10.162s] -- Configuring done
[10.716s] -- Generating done
[10.752s] -- Build files have been written to: /home/chinchia120/autoware.ai/build/pixel_cloud_fusion
[10.771s] Invoked command in '/home/chinchia120/autoware.ai/build/pixel_cloud_fusion' returned '0': CMAKE_PREFIX_PATH=/home/chinchia120/autoware.ai/install/autoware_build_flags:${CMAKE_PREFIX_PATH} PKG_CONFIG_PATH=/home/chinchia120/autoware.ai/install/autoware_build_flags/lib/x86_64-linux-gnu/pkgconfig:/home/chinchia120/autoware.ai/install/autoware_build_flags/lib/pkgconfig:${PKG_CONFIG_PATH} ROS_PACKAGE_PATH=/home/chinchia120/autoware.ai/install/autoware_build_flags/share:${ROS_PACKAGE_PATH} /usr/bin/cmake /home/chinchia120/autoware.ai/src/autoware/core_perception/pixel_cloud_fusion -DCMAKE_BUILD_TYPE=Release -DCATKIN_INSTALL_INTO_PREFIX_ROOT=0 -DCMAKE_INSTALL_PREFIX=/home/chinchia120/autoware.ai/install/pixel_cloud_fusion
[10.784s] Invoking command in '/home/chinchia120/autoware.ai/build/pixel_cloud_fusion': CMAKE_PREFIX_PATH=/home/chinchia120/autoware.ai/install/autoware_build_flags:${CMAKE_PREFIX_PATH} PKG_CONFIG_PATH=/home/chinchia120/autoware.ai/install/autoware_build_flags/lib/x86_64-linux-gnu/pkgconfig:/home/chinchia120/autoware.ai/install/autoware_build_flags/lib/pkgconfig:${PKG_CONFIG_PATH} ROS_PACKAGE_PATH=/home/chinchia120/autoware.ai/install/autoware_build_flags/share:${ROS_PACKAGE_PATH} /usr/bin/cmake --build /home/chinchia120/autoware.ai/build/pixel_cloud_fusion -- -j4 -l4
[10.906s] [35m[1mScanning dependencies of target actionlib_msgs_generate_messages_py[0m
[10.952s] [  0%] Built target actionlib_msgs_generate_messages_py
[10.998s] [35m[1mScanning dependencies of target tf2_msgs_generate_messages_cpp[0m
[11.042s] [  0%] Built target tf2_msgs_generate_messages_cpp
[11.077s] [35m[1mScanning dependencies of target pcl_msgs_generate_messages_eus[0m
[11.121s] [  0%] Built target pcl_msgs_generate_messages_eus
[11.153s] [35m[1mScanning dependencies of target rosgraph_msgs_generate_messages_lisp[0m
[11.179s] [  0%] Built target rosgraph_msgs_generate_messages_lisp
[11.206s] [35m[1mScanning dependencies of target rosgraph_msgs_generate_messages_eus[0m
[11.234s] [  0%] Built target rosgraph_msgs_generate_messages_eus
[11.264s] [35m[1mScanning dependencies of target rosgraph_msgs_generate_messages_cpp[0m
[11.294s] [  0%] Built target rosgraph_msgs_generate_messages_cpp
[11.327s] [35m[1mScanning dependencies of target topic_tools_generate_messages_cpp[0m
[11.360s] [  0%] Built target topic_tools_generate_messages_cpp
[11.384s] [35m[1mScanning dependencies of target geometry_msgs_generate_messages_eus[0m
[11.411s] [  0%] Built target geometry_msgs_generate_messages_eus
[11.445s] [35m[1mScanning dependencies of target std_msgs_generate_messages_py[0m
[11.479s] [  0%] Built target std_msgs_generate_messages_py
[11.507s] [35m[1mScanning dependencies of target std_msgs_generate_messages_nodejs[0m
[11.539s] [  0%] Built target std_msgs_generate_messages_nodejs
[11.562s] [35m[1mScanning dependencies of target bond_generate_messages_lisp[0m
[11.584s] [  0%] Built target bond_generate_messages_lisp
[11.611s] [35m[1mScanning dependencies of target topic_tools_generate_messages_eus[0m
[11.643s] [  0%] Built target topic_tools_generate_messages_eus
[11.668s] [35m[1mScanning dependencies of target rosgraph_msgs_generate_messages_nodejs[0m
[11.698s] [  0%] Built target rosgraph_msgs_generate_messages_nodejs
[11.727s] [35m[1mScanning dependencies of target std_msgs_generate_messages_eus[0m
[11.750s] [  0%] Built target std_msgs_generate_messages_eus
[11.775s] [35m[1mScanning dependencies of target pcl_msgs_generate_messages_nodejs[0m
[11.802s] [  0%] Built target pcl_msgs_generate_messages_nodejs
[11.837s] [35m[1mScanning dependencies of target nodelet_generate_messages_nodejs[0m
[11.863s] [  0%] Built target nodelet_generate_messages_nodejs
[11.885s] [35m[1mScanning dependencies of target sensor_msgs_generate_messages_lisp[0m
[11.916s] [  0%] Built target sensor_msgs_generate_messages_lisp
[11.944s] [35m[1mScanning dependencies of target pcl_msgs_generate_messages_cpp[0m
[11.969s] [  0%] Built target pcl_msgs_generate_messages_cpp
[12.001s] [35m[1mScanning dependencies of target dynamic_reconfigure_generate_messages_lisp[0m
[12.024s] [  0%] Built target dynamic_reconfigure_generate_messages_lisp
[12.047s] [35m[1mScanning dependencies of target std_srvs_generate_messages_eus[0m
[12.074s] [  0%] Built target std_srvs_generate_messages_eus
[12.105s] [35m[1mScanning dependencies of target roscpp_generate_messages_lisp[0m
[12.128s] [  0%] Built target roscpp_generate_messages_lisp
[12.153s] [35m[1mScanning dependencies of target bond_generate_messages_eus[0m
[12.188s] [  0%] Built target bond_generate_messages_eus
[12.215s] [35m[1mScanning dependencies of target std_msgs_generate_messages_cpp[0m
[12.261s] [  0%] Built target std_msgs_generate_messages_cpp
[12.289s] [35m[1mScanning dependencies of target roscpp_generate_messages_py[0m
[12.340s] [  0%] Built target roscpp_generate_messages_py
[12.372s] [35m[1mScanning dependencies of target roscpp_generate_messages_cpp[0m
[12.402s] [  0%] Built target roscpp_generate_messages_cpp
[12.436s] [35m[1mScanning dependencies of target sensor_msgs_generate_messages_nodejs[0m
[12.461s] [  0%] Built target sensor_msgs_generate_messages_nodejs
[12.490s] [35m[1mScanning dependencies of target actionlib_generate_messages_cpp[0m
[12.525s] [  0%] Built target actionlib_generate_messages_cpp
[12.549s] [35m[1mScanning dependencies of target geometry_msgs_generate_messages_nodejs[0m
[12.578s] [  0%] Built target geometry_msgs_generate_messages_nodejs
[12.609s] [35m[1mScanning dependencies of target nodelet_generate_messages_py[0m
[12.637s] [  0%] Built target nodelet_generate_messages_py
[12.716s] [35m[1mScanning dependencies of target sensor_msgs_generate_messages_py[0m
[12.748s] [  0%] Built target sensor_msgs_generate_messages_py
[12.780s] [35m[1mScanning dependencies of target dynamic_reconfigure_generate_messages_cpp[0m
[12.810s] [  0%] Built target dynamic_reconfigure_generate_messages_cpp
[12.844s] [35m[1mScanning dependencies of target tf_generate_messages_py[0m
[12.878s] [  0%] Built target tf_generate_messages_py
[12.905s] [35m[1mScanning dependencies of target geometry_msgs_generate_messages_lisp[0m
[12.935s] [  0%] Built target geometry_msgs_generate_messages_lisp
[12.970s] [35m[1mScanning dependencies of target roscpp_generate_messages_nodejs[0m
[13.003s] [  0%] Built target roscpp_generate_messages_nodejs
[13.038s] [35m[1mScanning dependencies of target std_msgs_generate_messages_lisp[0m
[13.065s] [  0%] Built target std_msgs_generate_messages_lisp
[13.089s] [35m[1mScanning dependencies of target sensor_msgs_generate_messages_cpp[0m
[13.121s] [  0%] Built target sensor_msgs_generate_messages_cpp
[13.153s] [35m[1mScanning dependencies of target sensor_msgs_generate_messages_eus[0m
[13.187s] [  0%] Built target sensor_msgs_generate_messages_eus
[13.220s] [35m[1mScanning dependencies of target pcl_ros_gencfg[0m
[13.249s] [  0%] Built target pcl_ros_gencfg
[13.276s] [35m[1mScanning dependencies of target topic_tools_generate_messages_nodejs[0m
[13.302s] [  0%] Built target topic_tools_generate_messages_nodejs
[13.334s] [35m[1mScanning dependencies of target tf2_msgs_generate_messages_py[0m
[13.373s] [  0%] Built target tf2_msgs_generate_messages_py
[13.408s] [35m[1mScanning dependencies of target actionlib_generate_messages_py[0m
[13.436s] [  0%] Built target actionlib_generate_messages_py
[13.465s] [35m[1mScanning dependencies of target geometry_msgs_generate_messages_py[0m
[13.501s] [  0%] Built target geometry_msgs_generate_messages_py
[13.533s] [35m[1mScanning dependencies of target dynamic_reconfigure_generate_messages_eus[0m
[13.557s] [  0%] Built target dynamic_reconfigure_generate_messages_eus
[13.594s] [35m[1mScanning dependencies of target dynamic_reconfigure_generate_messages_nodejs[0m
[13.622s] [  0%] Built target dynamic_reconfigure_generate_messages_nodejs
[13.646s] [35m[1mScanning dependencies of target dynamic_reconfigure_generate_messages_py[0m
[13.686s] [  0%] Built target dynamic_reconfigure_generate_messages_py
[13.711s] [35m[1mScanning dependencies of target tf2_msgs_generate_messages_lisp[0m
[13.735s] [  0%] Built target tf2_msgs_generate_messages_lisp
[13.759s] [35m[1mScanning dependencies of target dynamic_reconfigure_gencfg[0m
[13.786s] [  0%] Built target dynamic_reconfigure_gencfg
[13.813s] [35m[1mScanning dependencies of target nodelet_generate_messages_cpp[0m
[13.842s] [  0%] Built target nodelet_generate_messages_cpp
[13.876s] [35m[1mScanning dependencies of target bond_generate_messages_py[0m
[13.901s] [  0%] Built target bond_generate_messages_py
[13.935s] [35m[1mScanning dependencies of target std_srvs_generate_messages_nodejs[0m
[13.959s] [  0%] Built target std_srvs_generate_messages_nodejs
[13.989s] [35m[1mScanning dependencies of target geometry_msgs_generate_messages_cpp[0m
[14.014s] [  0%] Built target geometry_msgs_generate_messages_cpp
[14.042s] [35m[1mScanning dependencies of target actionlib_generate_messages_lisp[0m
[14.078s] [  0%] Built target actionlib_generate_messages_lisp
[14.105s] [35m[1mScanning dependencies of target nodelet_generate_messages_eus[0m
[14.141s] [  0%] Built target nodelet_generate_messages_eus
[14.180s] [35m[1mScanning dependencies of target nodelet_generate_messages_lisp[0m
[14.213s] [  0%] Built target nodelet_generate_messages_lisp
[14.239s] [35m[1mScanning dependencies of target roscpp_generate_messages_eus[0m
[14.265s] [  0%] Built target roscpp_generate_messages_eus
[14.297s] [35m[1mScanning dependencies of target rosgraph_msgs_generate_messages_py[0m
[14.321s] [  0%] Built target rosgraph_msgs_generate_messages_py
[14.344s] [35m[1mScanning dependencies of target actionlib_msgs_generate_messages_eus[0m
[14.367s] [  0%] Built target actionlib_msgs_generate_messages_eus
[14.394s] [35m[1mScanning dependencies of target bond_generate_messages_cpp[0m
[14.418s] [  0%] Built target bond_generate_messages_cpp
[14.456s] [35m[1mScanning dependencies of target bond_generate_messages_nodejs[0m
[14.485s] [  0%] Built target bond_generate_messages_nodejs
[14.514s] [35m[1mScanning dependencies of target actionlib_msgs_generate_messages_nodejs[0m
[14.549s] [  0%] Built target actionlib_msgs_generate_messages_nodejs
[14.580s] [35m[1mScanning dependencies of target topic_tools_generate_messages_py[0m
[14.612s] [  0%] Built target topic_tools_generate_messages_py
[14.637s] [35m[1mScanning dependencies of target nodelet_topic_tools_gencfg[0m
[14.662s] [  0%] Built target nodelet_topic_tools_gencfg
[14.710s] [35m[1mScanning dependencies of target std_srvs_generate_messages_lisp[0m
[14.734s] [  0%] Built target std_srvs_generate_messages_lisp
[14.767s] [35m[1mScanning dependencies of target topic_tools_generate_messages_lisp[0m
[14.802s] [  0%] Built target topic_tools_generate_messages_lisp
[14.833s] [35m[1mScanning dependencies of target std_srvs_generate_messages_cpp[0m
[14.869s] [  0%] Built target std_srvs_generate_messages_cpp
[14.899s] [35m[1mScanning dependencies of target tf_generate_messages_eus[0m
[14.931s] [  0%] Built target tf_generate_messages_eus
[14.959s] [35m[1mScanning dependencies of target actionlib_msgs_generate_messages_cpp[0m
[14.988s] [  0%] Built target actionlib_msgs_generate_messages_cpp
[15.020s] [35m[1mScanning dependencies of target std_srvs_generate_messages_py[0m
[15.048s] [  0%] Built target std_srvs_generate_messages_py
[15.098s] [35m[1mScanning dependencies of target tf_generate_messages_lisp[0m
[15.130s] [  0%] Built target tf_generate_messages_lisp
[15.159s] [35m[1mScanning dependencies of target tf_generate_messages_nodejs[0m
[15.187s] [  0%] Built target tf_generate_messages_nodejs
[15.213s] [35m[1mScanning dependencies of target pcl_msgs_generate_messages_py[0m
[15.241s] [  0%] Built target pcl_msgs_generate_messages_py
[15.275s] [35m[1mScanning dependencies of target actionlib_generate_messages_eus[0m
[15.309s] [  0%] Built target actionlib_generate_messages_eus
[15.344s] [35m[1mScanning dependencies of target pcl_msgs_generate_messages_lisp[0m
[15.373s] [  0%] Built target pcl_msgs_generate_messages_lisp
[15.410s] [35m[1mScanning dependencies of target tf_generate_messages_cpp[0m
[15.436s] [  0%] Built target tf_generate_messages_cpp
[15.459s] [35m[1mScanning dependencies of target actionlib_generate_messages_nodejs[0m
[15.488s] [  0%] Built target actionlib_generate_messages_nodejs
[15.512s] [35m[1mScanning dependencies of target actionlib_msgs_generate_messages_lisp[0m
[15.543s] [  0%] Built target actionlib_msgs_generate_messages_lisp
[15.592s] [35m[1mScanning dependencies of target tf2_msgs_generate_messages_eus[0m
[15.621s] [  0%] Built target tf2_msgs_generate_messages_eus
[15.645s] [35m[1mScanning dependencies of target tf2_msgs_generate_messages_nodejs[0m
[15.686s] [  0%] Built target tf2_msgs_generate_messages_nodejs
[15.717s] [35m[1mScanning dependencies of target pixel_cloud_fusion_lib[0m
[16.946s] [ 25%] [32mBuilding CXX object CMakeFiles/pixel_cloud_fusion_lib.dir/src/pixel_cloud_fusion.cpp.o[0m
[71.667s] [ 50%] [32m[1mLinking CXX shared library devel/lib/libpixel_cloud_fusion_lib.so[0m
[75.487s] [ 50%] Built target pixel_cloud_fusion_lib
[75.528s] [35m[1mScanning dependencies of target pixel_cloud_fusion[0m
[75.804s] [ 75%] [32mBuilding CXX object CMakeFiles/pixel_cloud_fusion.dir/src/pixel_cloud_fusion_node.cpp.o[0m
[113.103s] [100%] [32m[1mLinking CXX executable devel/lib/pixel_cloud_fusion/pixel_cloud_fusion[0m
[115.504s] [100%] Built target pixel_cloud_fusion
[115.558s] Invoked command in '/home/chinchia120/autoware.ai/build/pixel_cloud_fusion' returned '0': CMAKE_PREFIX_PATH=/home/chinchia120/autoware.ai/install/autoware_build_flags:${CMAKE_PREFIX_PATH} PKG_CONFIG_PATH=/home/chinchia120/autoware.ai/install/autoware_build_flags/lib/x86_64-linux-gnu/pkgconfig:/home/chinchia120/autoware.ai/install/autoware_build_flags/lib/pkgconfig:${PKG_CONFIG_PATH} ROS_PACKAGE_PATH=/home/chinchia120/autoware.ai/install/autoware_build_flags/share:${ROS_PACKAGE_PATH} /usr/bin/cmake --build /home/chinchia120/autoware.ai/build/pixel_cloud_fusion -- -j4 -l4
[115.860s] Invoking command in '/home/chinchia120/autoware.ai/build/pixel_cloud_fusion': CMAKE_PREFIX_PATH=/home/chinchia120/autoware.ai/install/autoware_build_flags:${CMAKE_PREFIX_PATH} PKG_CONFIG_PATH=/home/chinchia120/autoware.ai/install/autoware_build_flags/lib/x86_64-linux-gnu/pkgconfig:/home/chinchia120/autoware.ai/install/autoware_build_flags/lib/pkgconfig:${PKG_CONFIG_PATH} ROS_PACKAGE_PATH=/home/chinchia120/autoware.ai/install/autoware_build_flags/share:${ROS_PACKAGE_PATH} /usr/bin/cmake --build /home/chinchia120/autoware.ai/build/pixel_cloud_fusion --target tests -- -j4 -l4
[116.268s] [35m[1mScanning dependencies of target tests[0m
[116.305s] Built target tests
[116.348s] Invoked command in '/home/chinchia120/autoware.ai/build/pixel_cloud_fusion' returned '0': CMAKE_PREFIX_PATH=/home/chinchia120/autoware.ai/install/autoware_build_flags:${CMAKE_PREFIX_PATH} PKG_CONFIG_PATH=/home/chinchia120/autoware.ai/install/autoware_build_flags/lib/x86_64-linux-gnu/pkgconfig:/home/chinchia120/autoware.ai/install/autoware_build_flags/lib/pkgconfig:${PKG_CONFIG_PATH} ROS_PACKAGE_PATH=/home/chinchia120/autoware.ai/install/autoware_build_flags/share:${ROS_PACKAGE_PATH} /usr/bin/cmake --build /home/chinchia120/autoware.ai/build/pixel_cloud_fusion --target tests -- -j4 -l4
[116.787s] Invoking command in '/home/chinchia120/autoware.ai/build/pixel_cloud_fusion': CMAKE_PREFIX_PATH=/home/chinchia120/autoware.ai/install/autoware_build_flags:${CMAKE_PREFIX_PATH} PKG_CONFIG_PATH=/home/chinchia120/autoware.ai/install/autoware_build_flags/lib/x86_64-linux-gnu/pkgconfig:/home/chinchia120/autoware.ai/install/autoware_build_flags/lib/pkgconfig:${PKG_CONFIG_PATH} ROS_PACKAGE_PATH=/home/chinchia120/autoware.ai/install/autoware_build_flags/share:${ROS_PACKAGE_PATH} /usr/bin/cmake --build /home/chinchia120/autoware.ai/build/pixel_cloud_fusion --target install -- -j4 -l4
[116.998s] [  0%] Built target actionlib_msgs_generate_messages_py
[117.076s] [  0%] Built target tf2_msgs_generate_messages_cpp
[117.145s] [  0%] Built target pcl_msgs_generate_messages_eus
[117.224s] [  0%] Built target rosgraph_msgs_generate_messages_lisp
[117.295s] [  0%] Built target rosgraph_msgs_generate_messages_eus
[117.383s] [  0%] Built target rosgraph_msgs_generate_messages_cpp
[117.453s] [  0%] Built target topic_tools_generate_messages_cpp
[117.555s] [  0%] Built target geometry_msgs_generate_messages_eus
[117.641s] [  0%] Built target std_msgs_generate_messages_py
[117.729s] [  0%] Built target std_msgs_generate_messages_nodejs
[117.808s] [  0%] Built target bond_generate_messages_lisp
[117.898s] [  0%] Built target topic_tools_generate_messages_eus
[118.000s] [  0%] Built target rosgraph_msgs_generate_messages_nodejs
[118.083s] [  0%] Built target std_msgs_generate_messages_eus
[118.166s] [  0%] Built target pcl_msgs_generate_messages_nodejs
[118.258s] [  0%] Built target nodelet_generate_messages_nodejs
[118.329s] [  0%] Built target sensor_msgs_generate_messages_lisp
[118.405s] [  0%] Built target pcl_msgs_generate_messages_cpp
[118.481s] [  0%] Built target dynamic_reconfigure_generate_messages_lisp
[118.544s] [  0%] Built target std_srvs_generate_messages_eus
[118.610s] [  0%] Built target roscpp_generate_messages_lisp
[118.681s] [  0%] Built target bond_generate_messages_eus
[118.755s] [  0%] Built target std_msgs_generate_messages_cpp
[118.821s] [  0%] Built target roscpp_generate_messages_py
[118.890s] [  0%] Built target roscpp_generate_messages_cpp
[118.976s] [  0%] Built target sensor_msgs_generate_messages_nodejs
[119.058s] [  0%] Built target actionlib_generate_messages_cpp
[119.129s] [  0%] Built target geometry_msgs_generate_messages_nodejs
[119.210s] [  0%] Built target nodelet_generate_messages_py
[119.280s] [  0%] Built target sensor_msgs_generate_messages_py
[119.356s] [  0%] Built target dynamic_reconfigure_generate_messages_cpp
[119.437s] [  0%] Built target tf_generate_messages_py
[119.525s] [  0%] Built target geometry_msgs_generate_messages_lisp
[119.618s] [  0%] Built target roscpp_generate_messages_nodejs
[119.693s] [  0%] Built target std_msgs_generate_messages_lisp
[119.767s] [  0%] Built target sensor_msgs_generate_messages_cpp
[119.840s] [  0%] Built target sensor_msgs_generate_messages_eus
[119.914s] [  0%] Built target pcl_ros_gencfg
[119.995s] [  0%] Built target topic_tools_generate_messages_nodejs
[120.082s] [  0%] Built target tf2_msgs_generate_messages_py
[120.162s] [  0%] Built target actionlib_generate_messages_py
[120.261s] [  0%] Built target geometry_msgs_generate_messages_py
[120.371s] [  0%] Built target dynamic_reconfigure_generate_messages_eus
[120.443s] [  0%] Built target dynamic_reconfigure_generate_messages_nodejs
[120.509s] [  0%] Built target dynamic_reconfigure_generate_messages_py
[120.594s] [  0%] Built target tf2_msgs_generate_messages_lisp
[120.675s] [  0%] Built target dynamic_reconfigure_gencfg
[120.752s] [  0%] Built target nodelet_generate_messages_cpp
[120.940s] [  0%] Built target bond_generate_messages_py
[121.001s] [  0%] Built target std_srvs_generate_messages_nodejs
[121.064s] [  0%] Built target geometry_msgs_generate_messages_cpp
[121.130s] [  0%] Built target actionlib_generate_messages_lisp
[121.194s] [  0%] Built target nodelet_generate_messages_eus
[121.257s] [  0%] Built target nodelet_generate_messages_lisp
[121.325s] [  0%] Built target roscpp_generate_messages_eus
[121.396s] [  0%] Built target rosgraph_msgs_generate_messages_py
[121.475s] [  0%] Built target actionlib_msgs_generate_messages_eus
[121.557s] [  0%] Built target bond_generate_messages_cpp
[121.639s] [  0%] Built target bond_generate_messages_nodejs
[121.699s] [  0%] Built target actionlib_msgs_generate_messages_nodejs
[121.758s] [  0%] Built target topic_tools_generate_messages_py
[121.809s] [  0%] Built target nodelet_topic_tools_gencfg
[121.857s] [  0%] Built target std_srvs_generate_messages_lisp
[121.910s] [  0%] Built target topic_tools_generate_messages_lisp
[121.971s] [  0%] Built target std_srvs_generate_messages_cpp
[122.023s] [  0%] Built target tf_generate_messages_eus
[122.079s] [  0%] Built target actionlib_msgs_generate_messages_cpp
[122.137s] [  0%] Built target std_srvs_generate_messages_py
[122.200s] [  0%] Built target tf_generate_messages_lisp
[122.253s] [  0%] Built target tf_generate_messages_nodejs
[122.308s] [  0%] Built target pcl_msgs_generate_messages_py
[122.352s] [  0%] Built target actionlib_generate_messages_eus
[122.404s] [  0%] Built target pcl_msgs_generate_messages_lisp
[122.451s] [  0%] Built target tf_generate_messages_cpp
[122.527s] [  0%] Built target actionlib_generate_messages_nodejs
[122.572s] [  0%] Built target actionlib_msgs_generate_messages_lisp
[122.626s] [  0%] Built target tf2_msgs_generate_messages_eus
[122.682s] [  0%] Built target tf2_msgs_generate_messages_nodejs
[122.802s] [ 50%] Built target pixel_cloud_fusion_lib
[122.885s] [100%] Built target pixel_cloud_fusion
[122.938s] [36mInstall the project...[0m
[122.962s] -- Install configuration: "Release"
[122.962s] -- Installing: /home/chinchia120/autoware.ai/install/pixel_cloud_fusion/lib/pkgconfig/pixel_cloud_fusion.pc
[122.962s] -- Installing: /home/chinchia120/autoware.ai/install/pixel_cloud_fusion/share/pixel_cloud_fusion/cmake/pixel_cloud_fusionConfig.cmake
[122.973s] -- Installing: /home/chinchia120/autoware.ai/install/pixel_cloud_fusion/share/pixel_cloud_fusion/cmake/pixel_cloud_fusionConfig-version.cmake
[122.973s] -- Installing: /home/chinchia120/autoware.ai/install/pixel_cloud_fusion/share/pixel_cloud_fusion/package.xml
[122.975s] -- Installing: /home/chinchia120/autoware.ai/install/pixel_cloud_fusion/lib/pixel_cloud_fusion/pixel_cloud_fusion
[122.997s] -- Set runtime path of "/home/chinchia120/autoware.ai/install/pixel_cloud_fusion/lib/pixel_cloud_fusion/pixel_cloud_fusion" to ""
[122.997s] -- Installing: /home/chinchia120/autoware.ai/install/pixel_cloud_fusion/lib/libpixel_cloud_fusion_lib.so
[123.029s] -- Set runtime path of "/home/chinchia120/autoware.ai/install/pixel_cloud_fusion/lib/libpixel_cloud_fusion_lib.so" to ""
[123.030s] -- Installing: /home/chinchia120/autoware.ai/install/pixel_cloud_fusion/include/pixel_cloud_fusion
[123.030s] -- Installing: /home/chinchia120/autoware.ai/install/pixel_cloud_fusion/include/pixel_cloud_fusion/pixel_cloud_fusion.h
[123.030s] -- Installing: /home/chinchia120/autoware.ai/install/pixel_cloud_fusion/share/pixel_cloud_fusion/launch
[123.031s] -- Installing: /home/chinchia120/autoware.ai/install/pixel_cloud_fusion/share/pixel_cloud_fusion/launch/pixel_cloud_fusion.launch
[123.046s] Invoked command in '/home/chinchia120/autoware.ai/build/pixel_cloud_fusion' returned '0': CMAKE_PREFIX_PATH=/home/chinchia120/autoware.ai/install/autoware_build_flags:${CMAKE_PREFIX_PATH} PKG_CONFIG_PATH=/home/chinchia120/autoware.ai/install/autoware_build_flags/lib/x86_64-linux-gnu/pkgconfig:/home/chinchia120/autoware.ai/install/autoware_build_flags/lib/pkgconfig:${PKG_CONFIG_PATH} ROS_PACKAGE_PATH=/home/chinchia120/autoware.ai/install/autoware_build_flags/share:${ROS_PACKAGE_PATH} /usr/bin/cmake --build /home/chinchia120/autoware.ai/build/pixel_cloud_fusion --target install -- -j4 -l4
