[0.047s] Invoking command in '/home/chinchia120/autoware.ai/build/vision_darknet_detect': CMAKE_PREFIX_PATH=/home/chinchia120/autoware.ai/install/autoware_msgs:/home/chinchia120/autoware.ai/install/autoware_config_msgs:/home/chinchia120/autoware.ai/install/autoware_build_flags:${CMAKE_PREFIX_PATH} PKG_CONFIG_PATH=/home/chinchia120/autoware.ai/install/autoware_msgs/lib/x86_64-linux-gnu/pkgconfig:/home/chinchia120/autoware.ai/install/autoware_msgs/lib/pkgconfig:/home/chinchia120/autoware.ai/install/autoware_config_msgs/lib/x86_64-linux-gnu/pkgconfig:/home/chinchia120/autoware.ai/install/autoware_config_msgs/lib/pkgconfig:/home/chinchia120/autoware.ai/install/autoware_build_flags/lib/x86_64-linux-gnu/pkgconfig:/home/chinchia120/autoware.ai/install/autoware_build_flags/lib/pkgconfig:${PKG_CONFIG_PATH} PYTHONPATH=/home/chinchia120/autoware.ai/install/autoware_msgs/lib/python2.7/dist-packages:/home/chinchia120/autoware.ai/install/autoware_config_msgs/lib/python2.7/dist-packages:${PYTHONPATH} ROS_PACKAGE_PATH=/home/chinchia120/autoware.ai/install/autoware_msgs/share:/home/chinchia120/autoware.ai/install/autoware_config_msgs/share:/home/chinchia120/autoware.ai/install/autoware_build_flags/share:${ROS_PACKAGE_PATH} /usr/bin/cmake /home/chinchia120/autoware.ai/src/autoware/core_perception/vision_darknet_detect -DCMAKE_BUILD_TYPE=Release -DCATKIN_INSTALL_INTO_PREFIX_ROOT=0 -DCMAKE_INSTALL_PREFIX=/home/chinchia120/autoware.ai/install/vision_darknet_detect
[0.206s] -- The C compiler identification is GNU 7.5.0
[0.356s] -- The CXX compiler identification is GNU 7.5.0
[0.364s] -- Check for working C compiler: /usr/bin/cc
[0.560s] -- Check for working C compiler: /usr/bin/cc -- works
[0.560s] -- Detecting C compiler ABI info
[0.753s] -- Detecting C compiler ABI info - done
[0.789s] -- Detecting C compile features
[1.405s] -- Detecting C compile features - done
[1.415s] -- Check for working CXX compiler: /usr/bin/c++
[1.611s] -- Check for working CXX compiler: /usr/bin/c++ -- works
[1.612s] -- Detecting CXX compiler ABI info
[1.879s] -- Detecting CXX compiler ABI info - done
[1.902s] -- Detecting CXX compile features
[2.926s] -- Detecting CXX compile features - done
[2.930s] -- CUDA compilation status: 1.
[2.933s] -- Using CATKIN_DEVEL_PREFIX: /home/chinchia120/autoware.ai/build/vision_darknet_detect/devel
[2.934s] -- Using CMAKE_PREFIX_PATH: /home/chinchia120/autoware.ai/install/autoware_msgs;/home/chinchia120/autoware.ai/install/autoware_config_msgs;/home/chinchia120/autoware.ai/install/autoware_build_flags;/home/chinchia120/catkin_ws/devel;/opt/ros/melodic
[2.934s] -- This workspace overlays: /home/chinchia120/autoware.ai/install/autoware_msgs;/home/chinchia120/autoware.ai/install/autoware_config_msgs;/home/chinchia120/autoware.ai/install/autoware_build_flags;/home/chinchia120/catkin_ws/devel;/opt/ros/melodic
[2.975s] -- Found PythonInterp: /usr/bin/python2 (found suitable version "2.7.17", minimum required is "2") 
[2.976s] -- Using PYTHON_EXECUTABLE: /usr/bin/python2
[2.976s] -- Using Debian Python package layout
[2.976s] -- Using empy: /usr/bin/empy
[3.305s] -- Using CATKIN_ENABLE_TESTING: ON
[3.305s] -- Call enable_testing()
[3.311s] -- Using CATKIN_TEST_RESULTS_DIR: /home/chinchia120/autoware.ai/build/vision_darknet_detect/test_results
[3.354s] -- Found gtest sources under '/usr/src/googletest': gtests will be built
[3.354s] -- Found gmock sources under '/usr/src/googletest': gmock will be built
[3.384s] -- Found PythonInterp: /usr/bin/python2 (found version "2.7.17") 
[3.396s] -- Looking for pthread.h
[3.605s] -- Looking for pthread.h - found
[3.606s] -- Looking for pthread_create
[3.885s] -- Looking for pthread_create - not found
[3.885s] -- Looking for pthread_create in pthreads
[4.087s] -- Looking for pthread_create in pthreads - not found
[4.087s] -- Looking for pthread_create in pthread
[4.297s] -- Looking for pthread_create in pthread - found
[4.300s] -- Found Threads: TRUE  
[4.314s] -- Using Python nosetests: /usr/bin/nosetests-2.7
[4.393s] -- catkin 0.7.29
[4.393s] -- BUILD_SHARED_LIBS is on
[4.833s] -- Using these message generators: gencpp;geneus;genlisp;gennodejs;genpy
[5.301s] -- Found CUDA: /usr/local/cuda-10.0 (found version "10.0") 
[5.338s] -- Found OpenCV: /usr (found version "3.2.0") 
[6.098s] -- Found OpenMP_C: -fopenmp (found version "4.5") 
[6.327s] -- Found OpenMP_CXX: -fopenmp (found version "4.5") 
[6.330s] -- Found OpenMP: TRUE (found version "4.5")  
[6.730s] -- Configuring done
[6.992s] -- Generating done
[7.016s] -- Build files have been written to: /home/chinchia120/autoware.ai/build/vision_darknet_detect
[7.030s] Invoked command in '/home/chinchia120/autoware.ai/build/vision_darknet_detect' returned '0': CMAKE_PREFIX_PATH=/home/chinchia120/autoware.ai/install/autoware_msgs:/home/chinchia120/autoware.ai/install/autoware_config_msgs:/home/chinchia120/autoware.ai/install/autoware_build_flags:${CMAKE_PREFIX_PATH} PKG_CONFIG_PATH=/home/chinchia120/autoware.ai/install/autoware_msgs/lib/x86_64-linux-gnu/pkgconfig:/home/chinchia120/autoware.ai/install/autoware_msgs/lib/pkgconfig:/home/chinchia120/autoware.ai/install/autoware_config_msgs/lib/x86_64-linux-gnu/pkgconfig:/home/chinchia120/autoware.ai/install/autoware_config_msgs/lib/pkgconfig:/home/chinchia120/autoware.ai/install/autoware_build_flags/lib/x86_64-linux-gnu/pkgconfig:/home/chinchia120/autoware.ai/install/autoware_build_flags/lib/pkgconfig:${PKG_CONFIG_PATH} PYTHONPATH=/home/chinchia120/autoware.ai/install/autoware_msgs/lib/python2.7/dist-packages:/home/chinchia120/autoware.ai/install/autoware_config_msgs/lib/python2.7/dist-packages:${PYTHONPATH} ROS_PACKAGE_PATH=/home/chinchia120/autoware.ai/install/autoware_msgs/share:/home/chinchia120/autoware.ai/install/autoware_config_msgs/share:/home/chinchia120/autoware.ai/install/autoware_build_flags/share:${ROS_PACKAGE_PATH} /usr/bin/cmake /home/chinchia120/autoware.ai/src/autoware/core_perception/vision_darknet_detect -DCMAKE_BUILD_TYPE=Release -DCATKIN_INSTALL_INTO_PREFIX_ROOT=0 -DCMAKE_INSTALL_PREFIX=/home/chinchia120/autoware.ai/install/vision_darknet_detect
[7.038s] Invoking command in '/home/chinchia120/autoware.ai/build/vision_darknet_detect': CMAKE_PREFIX_PATH=/home/chinchia120/autoware.ai/install/autoware_msgs:/home/chinchia120/autoware.ai/install/autoware_config_msgs:/home/chinchia120/autoware.ai/install/autoware_build_flags:${CMAKE_PREFIX_PATH} PKG_CONFIG_PATH=/home/chinchia120/autoware.ai/install/autoware_msgs/lib/x86_64-linux-gnu/pkgconfig:/home/chinchia120/autoware.ai/install/autoware_msgs/lib/pkgconfig:/home/chinchia120/autoware.ai/install/autoware_config_msgs/lib/x86_64-linux-gnu/pkgconfig:/home/chinchia120/autoware.ai/install/autoware_config_msgs/lib/pkgconfig:/home/chinchia120/autoware.ai/install/autoware_build_flags/lib/x86_64-linux-gnu/pkgconfig:/home/chinchia120/autoware.ai/install/autoware_build_flags/lib/pkgconfig:${PKG_CONFIG_PATH} PYTHONPATH=/home/chinchia120/autoware.ai/install/autoware_msgs/lib/python2.7/dist-packages:/home/chinchia120/autoware.ai/install/autoware_config_msgs/lib/python2.7/dist-packages:${PYTHONPATH} ROS_PACKAGE_PATH=/home/chinchia120/autoware.ai/install/autoware_msgs/share:/home/chinchia120/autoware.ai/install/autoware_config_msgs/share:/home/chinchia120/autoware.ai/install/autoware_build_flags/share:${ROS_PACKAGE_PATH} /usr/bin/cmake --build /home/chinchia120/autoware.ai/build/vision_darknet_detect -- -j4 -l4
[7.190s] [35m[1mScanning dependencies of target sensor_msgs_generate_messages_nodejs[0m
[7.224s] [  0%] Built target sensor_msgs_generate_messages_nodejs
[7.253s] [35m[1mScanning dependencies of target roscpp_generate_messages_py[0m
[7.287s] [  0%] Built target roscpp_generate_messages_py
[7.328s] [35m[1mScanning dependencies of target roscpp_generate_messages_lisp[0m
[7.364s] [  0%] Built target roscpp_generate_messages_lisp
[7.401s] [35m[1mScanning dependencies of target actionlib_msgs_generate_messages_lisp[0m
[7.435s] [  0%] Built target actionlib_msgs_generate_messages_lisp
[7.476s] [35m[1mScanning dependencies of target actionlib_msgs_generate_messages_cpp[0m
[7.505s] [  0%] Built target actionlib_msgs_generate_messages_cpp
[7.543s] [35m[1mScanning dependencies of target jsk_footstep_msgs_generate_messages_nodejs[0m
[7.572s] [  0%] Built target jsk_footstep_msgs_generate_messages_nodejs
[7.612s] [35m[1mScanning dependencies of target actionlib_msgs_generate_messages_py[0m
[7.650s] [  0%] Built target actionlib_msgs_generate_messages_py
[7.694s] [35m[1mScanning dependencies of target jsk_footstep_msgs_generate_messages_eus[0m
[7.741s] [  0%] Built target jsk_footstep_msgs_generate_messages_eus
[7.776s] [35m[1mScanning dependencies of target pcl_msgs_generate_messages_py[0m
[7.804s] [  0%] Built target pcl_msgs_generate_messages_py
[7.848s] [35m[1mScanning dependencies of target pcl_msgs_generate_messages_nodejs[0m
[7.888s] [  0%] Built target pcl_msgs_generate_messages_nodejs
[7.933s] [35m[1mScanning dependencies of target pcl_msgs_generate_messages_lisp[0m
[7.964s] [  0%] Built target pcl_msgs_generate_messages_lisp
[8.002s] [35m[1mScanning dependencies of target pcl_msgs_generate_messages_eus[0m
[8.037s] [  0%] Built target pcl_msgs_generate_messages_eus
[8.067s] [35m[1mScanning dependencies of target rosgraph_msgs_generate_messages_cpp[0m
[8.101s] [  0%] Built target rosgraph_msgs_generate_messages_cpp
[8.132s] [35m[1mScanning dependencies of target autoware_msgs_generate_messages_cpp[0m
[8.164s] [  0%] Built target autoware_msgs_generate_messages_cpp
[8.197s] [35m[1mScanning dependencies of target std_msgs_generate_messages_nodejs[0m
[8.234s] [  0%] Built target std_msgs_generate_messages_nodejs
[8.270s] [35m[1mScanning dependencies of target std_msgs_generate_messages_lisp[0m
[8.307s] [  0%] Built target std_msgs_generate_messages_lisp
[8.346s] [35m[1mScanning dependencies of target sensor_msgs_generate_messages_cpp[0m
[8.372s] [  0%] Built target sensor_msgs_generate_messages_cpp
[8.405s] [35m[1mScanning dependencies of target sensor_msgs_generate_messages_eus[0m
[8.435s] [  0%] Built target sensor_msgs_generate_messages_eus
[8.461s] [35m[1mScanning dependencies of target autoware_config_msgs_generate_messages_lisp[0m
[8.489s] [  0%] Built target autoware_config_msgs_generate_messages_lisp
[8.518s] [35m[1mScanning dependencies of target jsk_footstep_msgs_generate_messages_lisp[0m
[8.560s] [  0%] Built target jsk_footstep_msgs_generate_messages_lisp
[8.598s] [35m[1mScanning dependencies of target autoware_config_msgs_generate_messages_eus[0m
[8.647s] [  0%] Built target autoware_config_msgs_generate_messages_eus
[8.683s] [35m[1mScanning dependencies of target std_msgs_generate_messages_eus[0m
[8.715s] [  0%] Built target std_msgs_generate_messages_eus
[8.757s] [35m[1mScanning dependencies of target autoware_msgs_generate_messages_nodejs[0m
[8.785s] [  0%] Built target autoware_msgs_generate_messages_nodejs
[8.813s] [35m[1mScanning dependencies of target rosgraph_msgs_generate_messages_py[0m
[8.852s] [  0%] Built target rosgraph_msgs_generate_messages_py
[8.953s] [35m[1mScanning dependencies of target autoware_config_msgs_generate_messages_py[0m
[8.996s] [  0%] Built target autoware_config_msgs_generate_messages_py
[9.038s] [35m[1mScanning dependencies of target actionlib_msgs_generate_messages_nodejs[0m
[9.071s] [  0%] Built target actionlib_msgs_generate_messages_nodejs
[9.096s] [35m[1mScanning dependencies of target jsk_footstep_msgs_generate_messages_py[0m
[9.119s] [  0%] Built target jsk_footstep_msgs_generate_messages_py
[9.156s] [35m[1mScanning dependencies of target std_msgs_generate_messages_cpp[0m
[9.187s] [  0%] Built target std_msgs_generate_messages_cpp
[9.212s] [35m[1mScanning dependencies of target std_msgs_generate_messages_py[0m
[9.239s] [  0%] Built target std_msgs_generate_messages_py
[9.271s] [35m[1mScanning dependencies of target autoware_msgs_generate_messages_py[0m
[9.304s] [  0%] Built target autoware_msgs_generate_messages_py
[9.341s] [35m[1mScanning dependencies of target sensor_msgs_generate_messages_py[0m
[9.376s] [  0%] Built target sensor_msgs_generate_messages_py
[9.406s] [35m[1mScanning dependencies of target jsk_recognition_msgs_generate_messages_py[0m
[9.442s] [  0%] Built target jsk_recognition_msgs_generate_messages_py
[9.469s] [35m[1mScanning dependencies of target autoware_msgs_generate_messages_eus[0m
[9.498s] [  0%] Built target autoware_msgs_generate_messages_eus
[9.530s] [35m[1mScanning dependencies of target jsk_recognition_msgs_generate_messages_cpp[0m
[9.559s] [  0%] Built target jsk_recognition_msgs_generate_messages_cpp
[9.586s] [35m[1mScanning dependencies of target sensor_msgs_generate_messages_lisp[0m
[9.622s] [  0%] Built target sensor_msgs_generate_messages_lisp
[9.660s] [35m[1mScanning dependencies of target pcl_msgs_generate_messages_cpp[0m
[9.691s] [  0%] Built target pcl_msgs_generate_messages_cpp
[9.716s] [35m[1mScanning dependencies of target actionlib_msgs_generate_messages_eus[0m
[9.744s] [  0%] Built target actionlib_msgs_generate_messages_eus
[9.776s] [35m[1mScanning dependencies of target autoware_msgs_generate_messages_lisp[0m
[9.806s] [  0%] Built target autoware_msgs_generate_messages_lisp
[9.844s] [35m[1mScanning dependencies of target roscpp_generate_messages_nodejs[0m
[9.881s] [  0%] Built target roscpp_generate_messages_nodejs
[9.915s] [35m[1mScanning dependencies of target roscpp_generate_messages_eus[0m
[9.955s] [  0%] Built target roscpp_generate_messages_eus
[9.993s] [35m[1mScanning dependencies of target autoware_config_msgs_generate_messages_nodejs[0m
[10.019s] [  0%] Built target autoware_config_msgs_generate_messages_nodejs
[10.059s] [35m[1mScanning dependencies of target geometry_msgs_generate_messages_eus[0m
[10.099s] [  0%] Built target geometry_msgs_generate_messages_eus
[10.133s] [35m[1mScanning dependencies of target geometry_msgs_generate_messages_cpp[0m
[10.163s] [  0%] Built target geometry_msgs_generate_messages_cpp
[10.195s] [35m[1mScanning dependencies of target geometry_msgs_generate_messages_lisp[0m
[10.225s] [  0%] Built target geometry_msgs_generate_messages_lisp
[10.263s] [35m[1mScanning dependencies of target geometry_msgs_generate_messages_nodejs[0m
[10.290s] [  0%] Built target geometry_msgs_generate_messages_nodejs
[10.321s] [35m[1mScanning dependencies of target jsk_footstep_msgs_generate_messages_cpp[0m
[10.355s] [  0%] Built target jsk_footstep_msgs_generate_messages_cpp
[10.385s] [35m[1mScanning dependencies of target geometry_msgs_generate_messages_py[0m
[10.414s] [  0%] Built target geometry_msgs_generate_messages_py
[10.453s] [35m[1mScanning dependencies of target autoware_config_msgs_generate_messages_cpp[0m
[10.486s] [  0%] Built target autoware_config_msgs_generate_messages_cpp
[10.528s] [35m[1mScanning dependencies of target jsk_recognition_msgs_generate_messages_eus[0m
[10.557s] [  0%] Built target jsk_recognition_msgs_generate_messages_eus
[10.584s] [35m[1mScanning dependencies of target jsk_recognition_msgs_generate_messages_lisp[0m
[10.613s] [  0%] Built target jsk_recognition_msgs_generate_messages_lisp
[10.649s] [35m[1mScanning dependencies of target rosgraph_msgs_generate_messages_eus[0m
[10.675s] [  0%] Built target rosgraph_msgs_generate_messages_eus
[10.706s] [35m[1mScanning dependencies of target jsk_recognition_msgs_generate_messages_nodejs[0m
[10.739s] [  0%] Built target jsk_recognition_msgs_generate_messages_nodejs
[10.769s] [35m[1mScanning dependencies of target roscpp_generate_messages_cpp[0m
[10.798s] [  0%] Built target roscpp_generate_messages_cpp
[10.826s] [35m[1mScanning dependencies of target rosgraph_msgs_generate_messages_lisp[0m
[10.858s] [  0%] Built target rosgraph_msgs_generate_messages_lisp
[10.885s] [35m[1mScanning dependencies of target rosgraph_msgs_generate_messages_nodejs[0m
[10.914s] [  0%] Built target rosgraph_msgs_generate_messages_nodejs
[10.961s] [  1%] [34m[1mBuilding NVCC (Device) object CMakeFiles/vision_darknet_detect_lib.dir/darknet/src/vision_darknet_detect_lib_generated_maxpool_layer_kernels.cu.o[0m
[13.395s] [  3%] [34m[1mBuilding NVCC (Device) object CMakeFiles/vision_darknet_detect_lib.dir/darknet/src/vision_darknet_detect_lib_generated_convolutional_kernels.cu.o[0m
[15.419s] [  5%] [34m[1mBuilding NVCC (Device) object CMakeFiles/vision_darknet_detect_lib.dir/darknet/src/vision_darknet_detect_lib_generated_crop_layer_kernels.cu.o[0m
[17.349s] [  7%] [34m[1mBuilding NVCC (Device) object CMakeFiles/vision_darknet_detect_lib.dir/darknet/src/vision_darknet_detect_lib_generated_col2im_kernels.cu.o[0m
[19.184s] [  8%] [34m[1mBuilding NVCC (Device) object CMakeFiles/vision_darknet_detect_lib.dir/darknet/src/vision_darknet_detect_lib_generated_blas_kernels.cu.o[0m
[22.480s] [ 10%] [34m[1mBuilding NVCC (Device) object CMakeFiles/vision_darknet_detect_lib.dir/darknet/src/vision_darknet_detect_lib_generated_deconvolutional_kernels.cu.o[0m
[24.331s] [ 12%] [34m[1mBuilding NVCC (Device) object CMakeFiles/vision_darknet_detect_lib.dir/darknet/src/vision_darknet_detect_lib_generated_dropout_layer_kernels.cu.o[0m
[26.165s] [ 14%] [34m[1mBuilding NVCC (Device) object CMakeFiles/vision_darknet_detect_lib.dir/darknet/src/vision_darknet_detect_lib_generated_im2col_kernels.cu.o[0m
[28.132s] [ 15%] [34m[1mBuilding NVCC (Device) object CMakeFiles/vision_darknet_detect_lib.dir/darknet/src/vision_darknet_detect_lib_generated_avgpool_layer_kernels.cu.o[0m
[30.089s] [ 17%] [34m[1mBuilding NVCC (Device) object CMakeFiles/vision_darknet_detect_lib.dir/darknet/src/vision_darknet_detect_lib_generated_activation_kernels.cu.o[0m
[31.928s] [35m[1mScanning dependencies of target vision_darknet_detect_lib[0m
[32.175s] [ 19%] [32mBuilding C object CMakeFiles/vision_darknet_detect_lib.dir/darknet/src/gemm.c.o[0m
[32.273s] [01m[K/home/chinchia120/autoware.ai/src/autoware/core_perception/vision_darknet_detect/darknet/src/gemm.c:[m[K In function ‘[01m[Ktime_gpu[m[K’:
[32.273s] [01m[K/home/chinchia120/autoware.ai/src/autoware/core_perception/vision_darknet_detect/darknet/src/gemm.c:232:9:[m[K [01;35m[Kwarning: [m[K‘[01m[KcudaThreadSynchronize[m[K’ is deprecated [[01;35m[K-Wdeprecated-declarations[m[K]
[32.273s]          [01;35m[KcudaThreadSynchronize[m[K();
[32.274s]          [01;35m[K^~~~~~~~~~~~~~~~~~~~~[m[K
[32.274s] In file included from [01m[K/usr/local/cuda-10.0/include/cuda_runtime.h:96:0[m[K,
[32.274s]                  from [01m[K/home/chinchia120/autoware.ai/src/autoware/core_perception/vision_darknet_detect/darknet/src/darknet.h:14[m[K,
[32.274s]                  from [01m[K/home/chinchia120/autoware.ai/src/autoware/core_perception/vision_darknet_detect/darknet/src/utils.h:5[m[K,
[32.274s]                  from [01m[K/home/chinchia120/autoware.ai/src/autoware/core_perception/vision_darknet_detect/darknet/src/gemm.c:2[m[K:
[32.274s] [01m[K/usr/local/cuda-10.0/include/cuda_runtime_api.h:947:57:[m[K [01;36m[Knote: [m[Kdeclared here
[32.274s]  extern __CUDA_DEPRECATED __host__ cudaError_t CUDARTAPI [01;36m[KcudaThreadSynchronize[m[K(void);
[32.274s]                                                          [01;36m[K^~~~~~~~~~~~~~~~~~~~~[m[K
[32.782s] [ 21%] [32mBuilding C object CMakeFiles/vision_darknet_detect_lib.dir/darknet/src/deconvolutional_layer.c.o[0m
[33.138s] [ 22%] [32mBuilding C object CMakeFiles/vision_darknet_detect_lib.dir/darknet/src/convolutional_layer.c.o[0m
[33.726s] [ 24%] [32mBuilding C object CMakeFiles/vision_darknet_detect_lib.dir/darknet/src/list.c.o[0m
[33.889s] [ 26%] [32mBuilding C object CMakeFiles/vision_darknet_detect_lib.dir/darknet/src/image.c.o[0m
[43.105s] [ 28%] [32mBuilding C object CMakeFiles/vision_darknet_detect_lib.dir/darknet/src/activations.c.o[0m
[43.321s] [ 29%] [32mBuilding C object CMakeFiles/vision_darknet_detect_lib.dir/darknet/src/im2col.c.o[0m
[43.408s] [ 31%] [32mBuilding C object CMakeFiles/vision_darknet_detect_lib.dir/darknet/src/col2im.c.o[0m
[43.523s] [ 33%] [32mBuilding C object CMakeFiles/vision_darknet_detect_lib.dir/darknet/src/blas.c.o[0m
[44.246s] [ 35%] [32mBuilding C object CMakeFiles/vision_darknet_detect_lib.dir/darknet/src/crop_layer.c.o[0m
[44.514s] [ 36%] [32mBuilding C object CMakeFiles/vision_darknet_detect_lib.dir/darknet/src/dropout_layer.c.o[0m
[44.699s] [ 38%] [32mBuilding C object CMakeFiles/vision_darknet_detect_lib.dir/darknet/src/maxpool_layer.c.o[0m
[44.983s] [ 40%] [32mBuilding C object CMakeFiles/vision_darknet_detect_lib.dir/darknet/src/softmax_layer.c.o[0m
[45.191s] [ 42%] [32mBuilding C object CMakeFiles/vision_darknet_detect_lib.dir/darknet/src/data.c.o[0m
[45.311s] [01m[K/home/chinchia120/autoware.ai/src/autoware/core_perception/vision_darknet_detect/darknet/src/data.c:[m[K In function ‘[01m[Kload_regression_labels_paths[m[K’:
[45.311s] [01m[K/home/chinchia120/autoware.ai/src/autoware/core_perception/vision_darknet_detect/darknet/src/data.c:574:13:[m[K [01;35m[Kwarning: [m[Kignoring return value of ‘[01m[Kfscanf[m[K’, declared with attribute warn_unused_result [[01;35m[K-Wunused-result[m[K]
[45.311s]              [01;35m[Kfscanf(file, "%f", &(y.vals[i][j]))[m[K;
[45.311s]              [01;35m[K^~~~~~~~~~~~~~~~~~~~~~~~~~~~~~~~~~~[m[K
[45.325s] [01m[K/home/chinchia120/autoware.ai/src/autoware/core_perception/vision_darknet_detect/darknet/src/data.c:[m[K In function ‘[01m[Kload_cifar10_data[m[K’:
[45.325s] [01m[K/home/chinchia120/autoware.ai/src/autoware/core_perception/vision_darknet_detect/darknet/src/data.c:1354:9:[m[K [01;35m[Kwarning: [m[Kignoring return value of ‘[01m[Kfread[m[K’, declared with attribute warn_unused_result [[01;35m[K-Wunused-result[m[K]
[45.325s]          [01;35m[Kfread(bytes, 1, 3073, fp)[m[K;
[45.326s]          [01;35m[K^~~~~~~~~~~~~~~~~~~~~~~~~[m[K
[45.326s] [01m[K/home/chinchia120/autoware.ai/src/autoware/core_perception/vision_darknet_detect/darknet/src/data.c:[m[K In function ‘[01m[Kload_all_cifar10[m[K’:
[45.326s] [01m[K/home/chinchia120/autoware.ai/src/autoware/core_perception/vision_darknet_detect/darknet/src/data.c:1417:13:[m[K [01;35m[Kwarning: [m[Kignoring return value of ‘[01m[Kfread[m[K’, declared with attribute warn_unused_result [[01;35m[K-Wunused-result[m[K]
[45.327s]              [01;35m[Kfread(bytes, 1, 3073, fp)[m[K;
[45.327s]              [01;35m[K^~~~~~~~~~~~~~~~~~~~~~~~~[m[K
[46.543s] [ 43%] [32mBuilding C object CMakeFiles/vision_darknet_detect_lib.dir/darknet/src/matrix.c.o[0m
[46.847s] [ 45%] [32mBuilding C object CMakeFiles/vision_darknet_detect_lib.dir/darknet/src/network.c.o[0m
[47.652s] [ 47%] [32mBuilding C object CMakeFiles/vision_darknet_detect_lib.dir/darknet/src/connected_layer.c.o[0m
[47.929s] [ 49%] [32mBuilding C object CMakeFiles/vision_darknet_detect_lib.dir/darknet/src/cost_layer.c.o[0m
[48.134s] [ 50%] [32mBuilding C object CMakeFiles/vision_darknet_detect_lib.dir/darknet/src/parser.c.o[0m
[48.238s] [01m[K/home/chinchia120/autoware.ai/src/autoware/core_perception/vision_darknet_detect/darknet/src/parser.c:[m[K In function ‘[01m[Kload_connected_weights[m[K’:
[48.238s] [01m[K/home/chinchia120/autoware.ai/src/autoware/core_perception/vision_darknet_detect/darknet/src/parser.c:1085:5:[m[K [01;35m[Kwarning: [m[Kignoring return value of ‘[01m[Kfread[m[K’, declared with attribute warn_unused_result [[01;35m[K-Wunused-result[m[K]
[48.239s]      [01;35m[Kfread(l.biases, sizeof(float), l.outputs, fp)[m[K;
[48.239s]      [01;35m[K^~~~~~~~~~~~~~~~~~~~~~~~~~~~~~~~~~~~~~~~~~~~~[m[K
[48.239s] [01m[K/home/chinchia120/autoware.ai/src/autoware/core_perception/vision_darknet_detect/darknet/src/parser.c:1086:5:[m[K [01;35m[Kwarning: [m[Kignoring return value of ‘[01m[Kfread[m[K’, declared with attribute warn_unused_result [[01;35m[K-Wunused-result[m[K]
[48.240s]      [01;35m[Kfread(l.weights, sizeof(float), l.outputs*l.inputs, fp)[m[K;
[48.240s]      [01;35m[K^~~~~~~~~~~~~~~~~~~~~~~~~~~~~~~~~~~~~~~~~~~~~~~~~~~~~~~[m[K
[48.241s] [01m[K/home/chinchia120/autoware.ai/src/autoware/core_perception/vision_darknet_detect/darknet/src/parser.c:1093:9:[m[K [01;35m[Kwarning: [m[Kignoring return value of ‘[01m[Kfread[m[K’, declared with attribute warn_unused_result [[01;35m[K-Wunused-result[m[K]
[48.241s]          [01;35m[Kfread(l.scales, sizeof(float), l.outputs, fp)[m[K;
[48.241s]          [01;35m[K^~~~~~~~~~~~~~~~~~~~~~~~~~~~~~~~~~~~~~~~~~~~~[m[K
[48.241s] [01m[K/home/chinchia120/autoware.ai/src/autoware/core_perception/vision_darknet_detect/darknet/src/parser.c:1094:9:[m[K [01;35m[Kwarning: [m[Kignoring return value of ‘[01m[Kfread[m[K’, declared with attribute warn_unused_result [[01;35m[K-Wunused-result[m[K]
[48.241s]          [01;35m[Kfread(l.rolling_mean, sizeof(float), l.outputs, fp)[m[K;
[48.241s]          [01;35m[K^~~~~~~~~~~~~~~~~~~~~~~~~~~~~~~~~~~~~~~~~~~~~~~~~~~[m[K
[48.241s] [01m[K/home/chinchia120/autoware.ai/src/autoware/core_perception/vision_darknet_detect/darknet/src/parser.c:1095:9:[m[K [01;35m[Kwarning: [m[Kignoring return value of ‘[01m[Kfread[m[K’, declared with attribute warn_unused_result [[01;35m[K-Wunused-result[m[K]
[48.242s]          [01;35m[Kfread(l.rolling_variance, sizeof(float), l.outputs, fp)[m[K;
[48.242s]          [01;35m[K^~~~~~~~~~~~~~~~~~~~~~~~~~~~~~~~~~~~~~~~~~~~~~~~~~~~~~~[m[K
[48.242s] [01m[K/home/chinchia120/autoware.ai/src/autoware/core_perception/vision_darknet_detect/darknet/src/parser.c:[m[K In function ‘[01m[Kload_batchnorm_weights[m[K’:
[48.242s] [01m[K/home/chinchia120/autoware.ai/src/autoware/core_perception/vision_darknet_detect/darknet/src/parser.c:1109:5:[m[K [01;35m[Kwarning: [m[Kignoring return value of ‘[01m[Kfread[m[K’, declared with attribute warn_unused_result [[01;35m[K-Wunused-result[m[K]
[48.242s]      [01;35m[Kfread(l.scales, sizeof(float), l.c, fp)[m[K;
[48.242s]      [01;35m[K^~~~~~~~~~~~~~~~~~~~~~~~~~~~~~~~~~~~~~~[m[K
[48.242s] [01m[K/home/chinchia120/autoware.ai/src/autoware/core_perception/vision_darknet_detect/darknet/src/parser.c:1110:5:[m[K [01;35m[Kwarning: [m[Kignoring return value of ‘[01m[Kfread[m[K’, declared with attribute warn_unused_result [[01;35m[K-Wunused-result[m[K]
[48.242s]      [01;35m[Kfread(l.rolling_mean, sizeof(float), l.c, fp)[m[K;
[48.242s]      [01;35m[K^~~~~~~~~~~~~~~~~~~~~~~~~~~~~~~~~~~~~~~~~~~~~[m[K
[48.243s] [01m[K/home/chinchia120/autoware.ai/src/autoware/core_perception/vision_darknet_detect/darknet/src/parser.c:1111:5:[m[K [01;35m[Kwarning: [m[Kignoring return value of ‘[01m[Kfread[m[K’, declared with attribute warn_unused_result [[01;35m[K-Wunused-result[m[K]
[48.243s]      [01;35m[Kfread(l.rolling_variance, sizeof(float), l.c, fp)[m[K;
[48.243s]      [01;35m[K^~~~~~~~~~~~~~~~~~~~~~~~~~~~~~~~~~~~~~~~~~~~~~~~~[m[K
[48.243s] [01m[K/home/chinchia120/autoware.ai/src/autoware/core_perception/vision_darknet_detect/darknet/src/parser.c:[m[K In function ‘[01m[Kload_convolutional_weights_binary[m[K’:
[48.243s] [01m[K/home/chinchia120/autoware.ai/src/autoware/core_perception/vision_darknet_detect/darknet/src/parser.c:1121:5:[m[K [01;35m[Kwarning: [m[Kignoring return value of ‘[01m[Kfread[m[K’, declared with attribute warn_unused_result [[01;35m[K-Wunused-result[m[K]
[48.243s]      [01;35m[Kfread(l.biases, sizeof(float), l.n, fp)[m[K;
[48.243s]      [01;35m[K^~~~~~~~~~~~~~~~~~~~~~~~~~~~~~~~~~~~~~~[m[K
[48.243s] [01m[K/home/chinchia120/autoware.ai/src/autoware/core_perception/vision_darknet_detect/darknet/src/parser.c:1123:9:[m[K [01;35m[Kwarning: [m[Kignoring return value of ‘[01m[Kfread[m[K’, declared with attribute warn_unused_result [[01;35m[K-Wunused-result[m[K]
[48.243s]          [01;35m[Kfread(l.scales, sizeof(float), l.n, fp)[m[K;
[48.244s]          [01;35m[K^~~~~~~~~~~~~~~~~~~~~~~~~~~~~~~~~~~~~~~[m[K
[48.244s] [01m[K/home/chinchia120/autoware.ai/src/autoware/core_perception/vision_darknet_detect/darknet/src/parser.c:1124:9:[m[K [01;35m[Kwarning: [m[Kignoring return value of ‘[01m[Kfread[m[K’, declared with attribute warn_unused_result [[01;35m[K-Wunused-result[m[K]
[48.244s]          [01;35m[Kfread(l.rolling_mean, sizeof(float), l.n, fp)[m[K;
[48.244s]          [01;35m[K^~~~~~~~~~~~~~~~~~~~~~~~~~~~~~~~~~~~~~~~~~~~~[m[K
[48.244s] [01m[K/home/chinchia120/autoware.ai/src/autoware/core_perception/vision_darknet_detect/darknet/src/parser.c:1125:9:[m[K [01;35m[Kwarning: [m[Kignoring return value of ‘[01m[Kfread[m[K’, declared with attribute warn_unused_result [[01;35m[K-Wunused-result[m[K]
[48.244s]          [01;35m[Kfread(l.rolling_variance, sizeof(float), l.n, fp)[m[K;
[48.244s]          [01;35m[K^~~~~~~~~~~~~~~~~~~~~~~~~~~~~~~~~~~~~~~~~~~~~~~~~[m[K
[48.245s] [01m[K/home/chinchia120/autoware.ai/src/autoware/core_perception/vision_darknet_detect/darknet/src/parser.c:1131:9:[m[K [01;35m[Kwarning: [m[Kignoring return value of ‘[01m[Kfread[m[K’, declared with attribute warn_unused_result [[01;35m[K-Wunused-result[m[K]
[48.245s]          [01;35m[Kfread(&mean, sizeof(float), 1, fp)[m[K;
[48.245s]          [01;35m[K^~~~~~~~~~~~~~~~~~~~~~~~~~~~~~~~~~[m[K
[48.245s] [01m[K/home/chinchia120/autoware.ai/src/autoware/core_perception/vision_darknet_detect/darknet/src/parser.c:1135:13:[m[K [01;35m[Kwarning: [m[Kignoring return value of ‘[01m[Kfread[m[K’, declared with attribute warn_unused_result [[01;35m[K-Wunused-result[m[K]
[48.245s]              [01;35m[Kfread(&c, sizeof(char), 1, fp)[m[K;
[48.246s]              [01;35m[K^~~~~~~~~~~~~~~~~~~~~~~~~~~~~~[m[K
[48.246s] [01m[K/home/chinchia120/autoware.ai/src/autoware/core_perception/vision_darknet_detect/darknet/src/parser.c:[m[K In function ‘[01m[Kload_convolutional_weights[m[K’:
[48.246s] [01m[K/home/chinchia120/autoware.ai/src/autoware/core_perception/vision_darknet_detect/darknet/src/parser.c:1156:5:[m[K [01;35m[Kwarning: [m[Kignoring return value of ‘[01m[Kfread[m[K’, declared with attribute warn_unused_result [[01;35m[K-Wunused-result[m[K]
[48.246s]      [01;35m[Kfread(l.biases, sizeof(float), l.n, fp)[m[K;
[48.246s]      [01;35m[K^~~~~~~~~~~~~~~~~~~~~~~~~~~~~~~~~~~~~~~[m[K
[48.246s] [01m[K/home/chinchia120/autoware.ai/src/autoware/core_perception/vision_darknet_detect/darknet/src/parser.c:1158:9:[m[K [01;35m[Kwarning: [m[Kignoring return value of ‘[01m[Kfread[m[K’, declared with attribute warn_unused_result [[01;35m[K-Wunused-result[m[K]
[48.246s]          [01;35m[Kfread(l.scales, sizeof(float), l.n, fp)[m[K;
[48.246s]          [01;35m[K^~~~~~~~~~~~~~~~~~~~~~~~~~~~~~~~~~~~~~~[m[K
[48.246s] [01m[K/home/chinchia120/autoware.ai/src/autoware/core_perception/vision_darknet_detect/darknet/src/parser.c:1159:9:[m[K [01;35m[Kwarning: [m[Kignoring return value of ‘[01m[Kfread[m[K’, declared with attribute warn_unused_result [[01;35m[K-Wunused-result[m[K]
[48.247s]          [01;35m[Kfread(l.rolling_mean, sizeof(float), l.n, fp)[m[K;
[48.247s]          [01;35m[K^~~~~~~~~~~~~~~~~~~~~~~~~~~~~~~~~~~~~~~~~~~~~[m[K
[48.247s] [01m[K/home/chinchia120/autoware.ai/src/autoware/core_perception/vision_darknet_detect/darknet/src/parser.c:1160:9:[m[K [01;35m[Kwarning: [m[Kignoring return value of ‘[01m[Kfread[m[K’, declared with attribute warn_unused_result [[01;35m[K-Wunused-result[m[K]
[48.247s]          [01;35m[Kfread(l.rolling_variance, sizeof(float), l.n, fp)[m[K;
[48.247s]          [01;35m[K^~~~~~~~~~~~~~~~~~~~~~~~~~~~~~~~~~~~~~~~~~~~~~~~~[m[K
[48.247s] [01m[K/home/chinchia120/autoware.ai/src/autoware/core_perception/vision_darknet_detect/darknet/src/parser.c:1188:5:[m[K [01;35m[Kwarning: [m[Kignoring return value of ‘[01m[Kfread[m[K’, declared with attribute warn_unused_result [[01;35m[K-Wunused-result[m[K]
[48.247s]      [01;35m[Kfread(l.weights, sizeof(float), num, fp)[m[K;
[48.247s]      [01;35m[K^~~~~~~~~~~~~~~~~~~~~~~~~~~~~~~~~~~~~~~~[m[K
[48.247s] [01m[K/home/chinchia120/autoware.ai/src/autoware/core_perception/vision_darknet_detect/darknet/src/parser.c:[m[K In function ‘[01m[Kload_weights_upto[m[K’:
[48.248s] [01m[K/home/chinchia120/autoware.ai/src/autoware/core_perception/vision_darknet_detect/darknet/src/parser.c:1217:5:[m[K [01;35m[Kwarning: [m[Kignoring return value of ‘[01m[Kfread[m[K’, declared with attribute warn_unused_result [[01;35m[K-Wunused-result[m[K]
[48.248s]      [01;35m[Kfread(&major, sizeof(int), 1, fp)[m[K;
[48.248s]      [01;35m[K^~~~~~~~~~~~~~~~~~~~~~~~~~~~~~~~~[m[K
[48.248s] [01m[K/home/chinchia120/autoware.ai/src/autoware/core_perception/vision_darknet_detect/darknet/src/parser.c:1218:5:[m[K [01;35m[Kwarning: [m[Kignoring return value of ‘[01m[Kfread[m[K’, declared with attribute warn_unused_result [[01;35m[K-Wunused-result[m[K]
[48.248s]      [01;35m[Kfread(&minor, sizeof(int), 1, fp)[m[K;
[48.248s]      [01;35m[K^~~~~~~~~~~~~~~~~~~~~~~~~~~~~~~~~[m[K
[48.249s] [01m[K/home/chinchia120/autoware.ai/src/autoware/core_perception/vision_darknet_detect/darknet/src/parser.c:1219:5:[m[K [01;35m[Kwarning: [m[Kignoring return value of ‘[01m[Kfread[m[K’, declared with attribute warn_unused_result [[01;35m[K-Wunused-result[m[K]
[48.249s]      [01;35m[Kfread(&revision, sizeof(int), 1, fp)[m[K;
[48.249s]      [01;35m[K^~~~~~~~~~~~~~~~~~~~~~~~~~~~~~~~~~~~[m[K
[48.249s] [01m[K/home/chinchia120/autoware.ai/src/autoware/core_perception/vision_darknet_detect/darknet/src/parser.c:1221:9:[m[K [01;35m[Kwarning: [m[Kignoring return value of ‘[01m[Kfread[m[K’, declared with attribute warn_unused_result [[01;35m[K-Wunused-result[m[K]
[48.249s]          [01;35m[Kfread(net->seen, sizeof(size_t), 1, fp)[m[K;
[48.249s]          [01;35m[K^~~~~~~~~~~~~~~~~~~~~~~~~~~~~~~~~~~~~~~[m[K
[48.249s] [01m[K/home/chinchia120/autoware.ai/src/autoware/core_perception/vision_darknet_detect/darknet/src/parser.c:1224:9:[m[K [01;35m[Kwarning: [m[Kignoring return value of ‘[01m[Kfread[m[K’, declared with attribute warn_unused_result [[01;35m[K-Wunused-result[m[K]
[48.249s]          [01;35m[Kfread(&iseen, sizeof(int), 1, fp)[m[K;
[48.250s]          [01;35m[K^~~~~~~~~~~~~~~~~~~~~~~~~~~~~~~~~[m[K
[48.250s] [01m[K/home/chinchia120/autoware.ai/src/autoware/core_perception/vision_darknet_detect/darknet/src/parser.c:1279:13:[m[K [01;35m[Kwarning: [m[Kignoring return value of ‘[01m[Kfread[m[K’, declared with attribute warn_unused_result [[01;35m[K-Wunused-result[m[K]
[48.250s]              [01;35m[Kfread(l.biases, sizeof(float), l.outputs, fp)[m[K;
[48.250s]              [01;35m[K^~~~~~~~~~~~~~~~~~~~~~~~~~~~~~~~~~~~~~~~~~~~~[m[K
[48.250s] [01m[K/home/chinchia120/autoware.ai/src/autoware/core_perception/vision_darknet_detect/darknet/src/parser.c:1280:13:[m[K [01;35m[Kwarning: [m[Kignoring return value of ‘[01m[Kfread[m[K’, declared with attribute warn_unused_result [[01;35m[K-Wunused-result[m[K]
[48.250s]              [01;35m[Kfread(l.weights, sizeof(float), size, fp)[m[K;
[48.250s]              [01;35m[K^~~~~~~~~~~~~~~~~~~~~~~~~~~~~~~~~~~~~~~~~[m[K
[49.109s] [ 52%] [32mBuilding C object CMakeFiles/vision_darknet_detect_lib.dir/darknet/src/option_list.c.o[0m
[49.291s] [ 54%] [32mBuilding C object CMakeFiles/vision_darknet_detect_lib.dir/darknet/src/detection_layer.c.o[0m
[49.668s] [ 56%] [32mBuilding C object CMakeFiles/vision_darknet_detect_lib.dir/darknet/src/route_layer.c.o[0m
[49.928s] [ 57%] [32mBuilding C object CMakeFiles/vision_darknet_detect_lib.dir/darknet/src/upsample_layer.c.o[0m
[50.101s] [ 59%] [32mBuilding C object CMakeFiles/vision_darknet_detect_lib.dir/darknet/src/box.c.o[0m
[50.477s] [ 61%] [32mBuilding C object CMakeFiles/vision_darknet_detect_lib.dir/darknet/src/normalization_layer.c.o[0m
[50.717s] [ 63%] [32mBuilding C object CMakeFiles/vision_darknet_detect_lib.dir/darknet/src/avgpool_layer.c.o[0m
[50.933s] [ 64%] [32mBuilding C object CMakeFiles/vision_darknet_detect_lib.dir/darknet/src/layer.c.o[0m
[51.154s] [ 66%] [32mBuilding C object CMakeFiles/vision_darknet_detect_lib.dir/darknet/src/local_layer.c.o[0m
[51.551s] [ 68%] [32mBuilding C object CMakeFiles/vision_darknet_detect_lib.dir/darknet/src/shortcut_layer.c.o[0m
[51.768s] [ 70%] [32mBuilding C object CMakeFiles/vision_darknet_detect_lib.dir/darknet/src/logistic_layer.c.o[0m
[51.955s] [ 71%] [32mBuilding C object CMakeFiles/vision_darknet_detect_lib.dir/darknet/src/activation_layer.c.o[0m
[52.135s] [ 73%] [32mBuilding C object CMakeFiles/vision_darknet_detect_lib.dir/darknet/src/rnn_layer.c.o[0m
[52.566s] [ 75%] [32mBuilding C object CMakeFiles/vision_darknet_detect_lib.dir/darknet/src/gru_layer.c.o[0m
[53.167s] [ 77%] [32mBuilding C object CMakeFiles/vision_darknet_detect_lib.dir/darknet/src/crnn_layer.c.o[0m
[53.594s] [ 78%] [32mBuilding C object CMakeFiles/vision_darknet_detect_lib.dir/darknet/src/batchnorm_layer.c.o[0m
[53.937s] [ 80%] [32mBuilding C object CMakeFiles/vision_darknet_detect_lib.dir/darknet/src/region_layer.c.o[0m
[54.636s] [ 82%] [32mBuilding C object CMakeFiles/vision_darknet_detect_lib.dir/darknet/src/reorg_layer.c.o[0m
[54.866s] [ 84%] [32mBuilding C object CMakeFiles/vision_darknet_detect_lib.dir/darknet/src/tree.c.o[0m
[55.145s] [ 85%] [32mBuilding C object CMakeFiles/vision_darknet_detect_lib.dir/darknet/src/lstm_layer.c.o[0m
[56.193s] [ 87%] [32mBuilding C object CMakeFiles/vision_darknet_detect_lib.dir/darknet/src/l2norm_layer.c.o[0m
[56.355s] [ 89%] [32mBuilding C object CMakeFiles/vision_darknet_detect_lib.dir/darknet/src/yolo_layer.c.o[0m
[56.867s] [ 91%] [32mBuilding C object CMakeFiles/vision_darknet_detect_lib.dir/darknet/src/cuda.c.o[0m
[57.075s] [ 92%] [32mBuilding C object CMakeFiles/vision_darknet_detect_lib.dir/darknet/src/utils.c.o[0m
[57.191s] [01m[K/home/chinchia120/autoware.ai/src/autoware/core_perception/vision_darknet_detect/darknet/src/utils.c:[m[K In function ‘[01m[Kread_file[m[K’:
[57.192s] [01m[K/home/chinchia120/autoware.ai/src/autoware/core_perception/vision_darknet_detect/darknet/src/utils.c:267:5:[m[K [01;35m[Kwarning: [m[Kignoring return value of ‘[01m[Kfread[m[K’, declared with attribute warn_unused_result [[01;35m[K-Wunused-result[m[K]
[57.192s]      [01;35m[Kfread(text, 1, size, fp)[m[K;
[57.192s]      [01;35m[K^~~~~~~~~~~~~~~~~~~~~~~~[m[K
[57.193s] [01m[K/home/chinchia120/autoware.ai/src/autoware/core_perception/vision_darknet_detect/darknet/src/utils.c:[m[K In function ‘[01m[Kfgetl[m[K’:
[57.193s] [01m[K/home/chinchia120/autoware.ai/src/autoware/core_perception/vision_darknet_detect/darknet/src/utils.c:355:9:[m[K [01;35m[Kwarning: [m[Kignoring return value of ‘[01m[Kfgets[m[K’, declared with attribute warn_unused_result [[01;35m[K-Wunused-result[m[K]
[57.193s]          [01;35m[Kfgets(&line[curr], readsize, fp)[m[K;
[57.193s]          [01;35m[K^~~~~~~~~~~~~~~~~~~~~~~~~~~~~~~~[m[K
[57.725s] [ 94%] [32m[1mLinking CXX shared library devel/lib/libvision_darknet_detect_lib.so[0m
[58.184s] [ 94%] Built target vision_darknet_detect_lib
[58.217s] [35m[1mScanning dependencies of target vision_darknet_detect[0m
[58.317s] [ 96%] [32mBuilding CXX object CMakeFiles/vision_darknet_detect.dir/src/vision_darknet_detect_node.cpp.o[0m
[64.008s] [ 98%] [32mBuilding CXX object CMakeFiles/vision_darknet_detect.dir/src/vision_darknet_detect.cpp.o[0m
[75.292s] [100%] [32m[1mLinking CXX executable devel/lib/vision_darknet_detect/vision_darknet_detect[0m
[76.311s] [100%] Built target vision_darknet_detect
[76.336s] Invoked command in '/home/chinchia120/autoware.ai/build/vision_darknet_detect' returned '0': CMAKE_PREFIX_PATH=/home/chinchia120/autoware.ai/install/autoware_msgs:/home/chinchia120/autoware.ai/install/autoware_config_msgs:/home/chinchia120/autoware.ai/install/autoware_build_flags:${CMAKE_PREFIX_PATH} PKG_CONFIG_PATH=/home/chinchia120/autoware.ai/install/autoware_msgs/lib/x86_64-linux-gnu/pkgconfig:/home/chinchia120/autoware.ai/install/autoware_msgs/lib/pkgconfig:/home/chinchia120/autoware.ai/install/autoware_config_msgs/lib/x86_64-linux-gnu/pkgconfig:/home/chinchia120/autoware.ai/install/autoware_config_msgs/lib/pkgconfig:/home/chinchia120/autoware.ai/install/autoware_build_flags/lib/x86_64-linux-gnu/pkgconfig:/home/chinchia120/autoware.ai/install/autoware_build_flags/lib/pkgconfig:${PKG_CONFIG_PATH} PYTHONPATH=/home/chinchia120/autoware.ai/install/autoware_msgs/lib/python2.7/dist-packages:/home/chinchia120/autoware.ai/install/autoware_config_msgs/lib/python2.7/dist-packages:${PYTHONPATH} ROS_PACKAGE_PATH=/home/chinchia120/autoware.ai/install/autoware_msgs/share:/home/chinchia120/autoware.ai/install/autoware_config_msgs/share:/home/chinchia120/autoware.ai/install/autoware_build_flags/share:${ROS_PACKAGE_PATH} /usr/bin/cmake --build /home/chinchia120/autoware.ai/build/vision_darknet_detect -- -j4 -l4
[77.072s] Invoking command in '/home/chinchia120/autoware.ai/build/vision_darknet_detect': CMAKE_PREFIX_PATH=/home/chinchia120/autoware.ai/install/autoware_msgs:/home/chinchia120/autoware.ai/install/autoware_config_msgs:/home/chinchia120/autoware.ai/install/autoware_build_flags:${CMAKE_PREFIX_PATH} PKG_CONFIG_PATH=/home/chinchia120/autoware.ai/install/autoware_msgs/lib/x86_64-linux-gnu/pkgconfig:/home/chinchia120/autoware.ai/install/autoware_msgs/lib/pkgconfig:/home/chinchia120/autoware.ai/install/autoware_config_msgs/lib/x86_64-linux-gnu/pkgconfig:/home/chinchia120/autoware.ai/install/autoware_config_msgs/lib/pkgconfig:/home/chinchia120/autoware.ai/install/autoware_build_flags/lib/x86_64-linux-gnu/pkgconfig:/home/chinchia120/autoware.ai/install/autoware_build_flags/lib/pkgconfig:${PKG_CONFIG_PATH} PYTHONPATH=/home/chinchia120/autoware.ai/install/autoware_msgs/lib/python2.7/dist-packages:/home/chinchia120/autoware.ai/install/autoware_config_msgs/lib/python2.7/dist-packages:${PYTHONPATH} ROS_PACKAGE_PATH=/home/chinchia120/autoware.ai/install/autoware_msgs/share:/home/chinchia120/autoware.ai/install/autoware_config_msgs/share:/home/chinchia120/autoware.ai/install/autoware_build_flags/share:${ROS_PACKAGE_PATH} /usr/bin/cmake --build /home/chinchia120/autoware.ai/build/vision_darknet_detect --target tests -- -j4 -l4
[77.155s] -- CUDA compilation status: 1.
[77.156s] -- Using CATKIN_DEVEL_PREFIX: /home/chinchia120/autoware.ai/build/vision_darknet_detect/devel
[77.157s] -- Using CMAKE_PREFIX_PATH: /home/chinchia120/autoware.ai/install/autoware_msgs;/home/chinchia120/autoware.ai/install/autoware_config_msgs;/home/chinchia120/autoware.ai/install/autoware_build_flags;/home/chinchia120/catkin_ws/devel;/opt/ros/melodic
[77.157s] -- This workspace overlays: /home/chinchia120/autoware.ai/install/autoware_msgs;/home/chinchia120/autoware.ai/install/autoware_config_msgs;/home/chinchia120/autoware.ai/install/autoware_build_flags;/home/chinchia120/catkin_ws/devel;/opt/ros/melodic
[77.193s] -- Found PythonInterp: /usr/bin/python2 (found suitable version "2.7.17", minimum required is "2") 
[77.193s] -- Using PYTHON_EXECUTABLE: /usr/bin/python2
[77.193s] -- Using Debian Python package layout
[77.193s] -- Using empy: /usr/bin/empy
[77.519s] -- Using CATKIN_ENABLE_TESTING: ON
[77.519s] -- Call enable_testing()
[77.521s] -- Using CATKIN_TEST_RESULTS_DIR: /home/chinchia120/autoware.ai/build/vision_darknet_detect/test_results
[77.571s] -- Found gtest sources under '/usr/src/googletest': gtests will be built
[77.571s] -- Found gmock sources under '/usr/src/googletest': gmock will be built
[77.601s] -- Found PythonInterp: /usr/bin/python2 (found version "2.7.17") 
[77.614s] -- Using Python nosetests: /usr/bin/nosetests-2.7
[77.703s] -- catkin 0.7.29
[77.704s] -- BUILD_SHARED_LIBS is on
[78.078s] -- Using these message generators: gencpp;geneus;genlisp;gennodejs;genpy
[78.458s] -- Found OpenMP_C: -fopenmp  
[78.462s] -- Found OpenMP_CXX: -fopenmp  
[78.463s] -- Found OpenMP: TRUE   
[78.853s] -- Configuring done
[79.115s] -- Generating done
[79.147s] -- Build files have been written to: /home/chinchia120/autoware.ai/build/vision_darknet_detect
[79.238s] [35m[1mScanning dependencies of target tests[0m
[79.270s] Built target tests
[79.303s] Invoked command in '/home/chinchia120/autoware.ai/build/vision_darknet_detect' returned '0': CMAKE_PREFIX_PATH=/home/chinchia120/autoware.ai/install/autoware_msgs:/home/chinchia120/autoware.ai/install/autoware_config_msgs:/home/chinchia120/autoware.ai/install/autoware_build_flags:${CMAKE_PREFIX_PATH} PKG_CONFIG_PATH=/home/chinchia120/autoware.ai/install/autoware_msgs/lib/x86_64-linux-gnu/pkgconfig:/home/chinchia120/autoware.ai/install/autoware_msgs/lib/pkgconfig:/home/chinchia120/autoware.ai/install/autoware_config_msgs/lib/x86_64-linux-gnu/pkgconfig:/home/chinchia120/autoware.ai/install/autoware_config_msgs/lib/pkgconfig:/home/chinchia120/autoware.ai/install/autoware_build_flags/lib/x86_64-linux-gnu/pkgconfig:/home/chinchia120/autoware.ai/install/autoware_build_flags/lib/pkgconfig:${PKG_CONFIG_PATH} PYTHONPATH=/home/chinchia120/autoware.ai/install/autoware_msgs/lib/python2.7/dist-packages:/home/chinchia120/autoware.ai/install/autoware_config_msgs/lib/python2.7/dist-packages:${PYTHONPATH} ROS_PACKAGE_PATH=/home/chinchia120/autoware.ai/install/autoware_msgs/share:/home/chinchia120/autoware.ai/install/autoware_config_msgs/share:/home/chinchia120/autoware.ai/install/autoware_build_flags/share:${ROS_PACKAGE_PATH} /usr/bin/cmake --build /home/chinchia120/autoware.ai/build/vision_darknet_detect --target tests -- -j4 -l4
[79.959s] Invoking command in '/home/chinchia120/autoware.ai/build/vision_darknet_detect': CMAKE_PREFIX_PATH=/home/chinchia120/autoware.ai/install/autoware_msgs:/home/chinchia120/autoware.ai/install/autoware_config_msgs:/home/chinchia120/autoware.ai/install/autoware_build_flags:${CMAKE_PREFIX_PATH} PKG_CONFIG_PATH=/home/chinchia120/autoware.ai/install/autoware_msgs/lib/x86_64-linux-gnu/pkgconfig:/home/chinchia120/autoware.ai/install/autoware_msgs/lib/pkgconfig:/home/chinchia120/autoware.ai/install/autoware_config_msgs/lib/x86_64-linux-gnu/pkgconfig:/home/chinchia120/autoware.ai/install/autoware_config_msgs/lib/pkgconfig:/home/chinchia120/autoware.ai/install/autoware_build_flags/lib/x86_64-linux-gnu/pkgconfig:/home/chinchia120/autoware.ai/install/autoware_build_flags/lib/pkgconfig:${PKG_CONFIG_PATH} PYTHONPATH=/home/chinchia120/autoware.ai/install/autoware_msgs/lib/python2.7/dist-packages:/home/chinchia120/autoware.ai/install/autoware_config_msgs/lib/python2.7/dist-packages:${PYTHONPATH} ROS_PACKAGE_PATH=/home/chinchia120/autoware.ai/install/autoware_msgs/share:/home/chinchia120/autoware.ai/install/autoware_config_msgs/share:/home/chinchia120/autoware.ai/install/autoware_build_flags/share:${ROS_PACKAGE_PATH} /usr/bin/cmake --build /home/chinchia120/autoware.ai/build/vision_darknet_detect --target install -- -j4 -l4
[80.135s] [  0%] Built target sensor_msgs_generate_messages_nodejs
[80.197s] [  0%] Built target roscpp_generate_messages_py
[80.260s] [  0%] Built target roscpp_generate_messages_lisp
[80.317s] [  0%] Built target actionlib_msgs_generate_messages_lisp
[80.377s] [  0%] Built target actionlib_msgs_generate_messages_cpp
[80.438s] [  0%] Built target jsk_footstep_msgs_generate_messages_nodejs
[80.499s] [  0%] Built target actionlib_msgs_generate_messages_py
[80.589s] [  0%] Built target jsk_footstep_msgs_generate_messages_eus
[80.652s] [  0%] Built target pcl_msgs_generate_messages_py
[80.713s] [  0%] Built target pcl_msgs_generate_messages_nodejs
[80.781s] [  0%] Built target pcl_msgs_generate_messages_lisp
[80.847s] [  0%] Built target pcl_msgs_generate_messages_eus
[80.899s] [  0%] Built target rosgraph_msgs_generate_messages_cpp
[80.965s] [  0%] Built target autoware_msgs_generate_messages_cpp
[81.032s] [  0%] Built target std_msgs_generate_messages_nodejs
[81.086s] [  0%] Built target std_msgs_generate_messages_lisp
[81.149s] [  0%] Built target sensor_msgs_generate_messages_cpp
[81.210s] [  0%] Built target sensor_msgs_generate_messages_eus
[81.264s] [  0%] Built target autoware_config_msgs_generate_messages_lisp
[81.332s] [  0%] Built target jsk_footstep_msgs_generate_messages_lisp
[81.389s] [  0%] Built target autoware_config_msgs_generate_messages_eus
[81.450s] [  0%] Built target std_msgs_generate_messages_eus
[81.508s] [  0%] Built target autoware_msgs_generate_messages_nodejs
[81.577s] [  0%] Built target rosgraph_msgs_generate_messages_py
[81.641s] [  0%] Built target autoware_config_msgs_generate_messages_py
[81.699s] [  0%] Built target actionlib_msgs_generate_messages_nodejs
[81.763s] [  0%] Built target jsk_footstep_msgs_generate_messages_py
[81.820s] [  0%] Built target std_msgs_generate_messages_cpp
[81.880s] [  0%] Built target std_msgs_generate_messages_py
[81.938s] [  0%] Built target autoware_msgs_generate_messages_py
[81.994s] [  0%] Built target sensor_msgs_generate_messages_py
[82.052s] [  0%] Built target jsk_recognition_msgs_generate_messages_py
[82.105s] [  0%] Built target autoware_msgs_generate_messages_eus
[82.159s] [  0%] Built target jsk_recognition_msgs_generate_messages_cpp
[82.211s] [  0%] Built target sensor_msgs_generate_messages_lisp
[82.263s] [  0%] Built target pcl_msgs_generate_messages_cpp
[82.328s] [  0%] Built target actionlib_msgs_generate_messages_eus
[82.402s] [  0%] Built target autoware_msgs_generate_messages_lisp
[82.458s] [  0%] Built target roscpp_generate_messages_nodejs
[82.511s] [  0%] Built target roscpp_generate_messages_eus
[82.583s] [  0%] Built target autoware_config_msgs_generate_messages_nodejs
[82.635s] [  0%] Built target geometry_msgs_generate_messages_eus
[82.699s] [  0%] Built target geometry_msgs_generate_messages_cpp
[82.765s] [  0%] Built target geometry_msgs_generate_messages_lisp
[82.815s] [  0%] Built target geometry_msgs_generate_messages_nodejs
[82.871s] [  0%] Built target jsk_footstep_msgs_generate_messages_cpp
[82.917s] [  0%] Built target geometry_msgs_generate_messages_py
[82.980s] [  0%] Built target autoware_config_msgs_generate_messages_cpp
[83.046s] [  0%] Built target jsk_recognition_msgs_generate_messages_eus
[83.114s] [  0%] Built target jsk_recognition_msgs_generate_messages_lisp
[83.182s] [  0%] Built target rosgraph_msgs_generate_messages_eus
[83.239s] [  0%] Built target jsk_recognition_msgs_generate_messages_nodejs
[83.299s] [  0%] Built target roscpp_generate_messages_cpp
[83.367s] [  0%] Built target rosgraph_msgs_generate_messages_lisp
[83.444s] [  0%] Built target rosgraph_msgs_generate_messages_nodejs
[83.624s] [  1%] [32m[1mLinking CXX shared library devel/lib/libvision_darknet_detect_lib.so[0m
[84.014s] [ 94%] Built target vision_darknet_detect_lib
[84.093s] [ 96%] [32m[1mLinking CXX executable devel/lib/vision_darknet_detect/vision_darknet_detect[0m
[84.963s] [100%] Built target vision_darknet_detect
[85.014s] [36mInstall the project...[0m
[85.033s] -- Install configuration: "Release"
[85.034s] -- Installing: /home/chinchia120/autoware.ai/install/vision_darknet_detect/lib/pkgconfig/vision_darknet_detect.pc
[85.034s] -- Installing: /home/chinchia120/autoware.ai/install/vision_darknet_detect/share/vision_darknet_detect/cmake/vision_darknet_detectConfig.cmake
[85.035s] -- Installing: /home/chinchia120/autoware.ai/install/vision_darknet_detect/share/vision_darknet_detect/cmake/vision_darknet_detectConfig-version.cmake
[85.036s] -- Installing: /home/chinchia120/autoware.ai/install/vision_darknet_detect/share/vision_darknet_detect/package.xml
[85.036s] -- Installing: /home/chinchia120/autoware.ai/install/vision_darknet_detect/lib/libvision_darknet_detect_lib.so
[85.043s] -- Set runtime path of "/home/chinchia120/autoware.ai/install/vision_darknet_detect/lib/libvision_darknet_detect_lib.so" to ""
[85.043s] -- Installing: /home/chinchia120/autoware.ai/install/vision_darknet_detect/lib/vision_darknet_detect/vision_darknet_detect
[85.052s] -- Set runtime path of "/home/chinchia120/autoware.ai/install/vision_darknet_detect/lib/vision_darknet_detect/vision_darknet_detect" to ""
[85.052s] -- Installing: /home/chinchia120/autoware.ai/install/vision_darknet_detect/share/vision_darknet_detect/launch
[85.053s] -- Installing: /home/chinchia120/autoware.ai/install/vision_darknet_detect/share/vision_darknet_detect/launch/vision_yolo2_detect.launch
[85.054s] -- Installing: /home/chinchia120/autoware.ai/install/vision_darknet_detect/share/vision_darknet_detect/launch/vision_yolo3_detect.launch
[85.055s] -- Installing: /home/chinchia120/autoware.ai/install/vision_darknet_detect/share/vision_darknet_detect/darknet/cfg/
[85.055s] -- Installing: /home/chinchia120/autoware.ai/install/vision_darknet_detect/share/vision_darknet_detect/darknet/cfg//yolov2-tiny.cfg
[85.056s] -- Installing: /home/chinchia120/autoware.ai/install/vision_darknet_detect/share/vision_darknet_detect/darknet/cfg//coco.names
[85.057s] -- Installing: /home/chinchia120/autoware.ai/install/vision_darknet_detect/share/vision_darknet_detect/darknet/cfg//yolov3.cfg
[85.060s] -- Installing: /home/chinchia120/autoware.ai/install/vision_darknet_detect/share/vision_darknet_detect/darknet/cfg//yolov3-voc.cfg
[85.061s] -- Installing: /home/chinchia120/autoware.ai/install/vision_darknet_detect/share/vision_darknet_detect/darknet/cfg//yolov3-tiny.cfg
[85.062s] -- Installing: /home/chinchia120/autoware.ai/install/vision_darknet_detect/share/vision_darknet_detect/darknet/cfg//voc.names
[85.063s] -- Installing: /home/chinchia120/autoware.ai/install/vision_darknet_detect/share/vision_darknet_detect/darknet/cfg//yolov2.cfg
[85.070s] Invoked command in '/home/chinchia120/autoware.ai/build/vision_darknet_detect' returned '0': CMAKE_PREFIX_PATH=/home/chinchia120/autoware.ai/install/autoware_msgs:/home/chinchia120/autoware.ai/install/autoware_config_msgs:/home/chinchia120/autoware.ai/install/autoware_build_flags:${CMAKE_PREFIX_PATH} PKG_CONFIG_PATH=/home/chinchia120/autoware.ai/install/autoware_msgs/lib/x86_64-linux-gnu/pkgconfig:/home/chinchia120/autoware.ai/install/autoware_msgs/lib/pkgconfig:/home/chinchia120/autoware.ai/install/autoware_config_msgs/lib/x86_64-linux-gnu/pkgconfig:/home/chinchia120/autoware.ai/install/autoware_config_msgs/lib/pkgconfig:/home/chinchia120/autoware.ai/install/autoware_build_flags/lib/x86_64-linux-gnu/pkgconfig:/home/chinchia120/autoware.ai/install/autoware_build_flags/lib/pkgconfig:${PKG_CONFIG_PATH} PYTHONPATH=/home/chinchia120/autoware.ai/install/autoware_msgs/lib/python2.7/dist-packages:/home/chinchia120/autoware.ai/install/autoware_config_msgs/lib/python2.7/dist-packages:${PYTHONPATH} ROS_PACKAGE_PATH=/home/chinchia120/autoware.ai/install/autoware_msgs/share:/home/chinchia120/autoware.ai/install/autoware_config_msgs/share:/home/chinchia120/autoware.ai/install/autoware_build_flags/share:${ROS_PACKAGE_PATH} /usr/bin/cmake --build /home/chinchia120/autoware.ai/build/vision_darknet_detect --target install -- -j4 -l4
