-- The C compiler identification is GNU 7.5.0
-- The CXX compiler identification is GNU 7.5.0
-- Check for working C compiler: /usr/bin/cc
-- Check for working C compiler: /usr/bin/cc -- works
-- Detecting C compiler ABI info
-- Detecting C compiler ABI info - done
-- Detecting C compile features
-- Detecting C compile features - done
-- Check for working CXX compiler: /usr/bin/c++
-- Check for working CXX compiler: /usr/bin/c++ -- works
-- Detecting CXX compiler ABI info
-- Detecting CXX compiler ABI info - done
-- Detecting CXX compile features
-- Detecting CXX compile features - done
-- Using CATKIN_DEVEL_PREFIX: /home/chinchia120/autoware.ai/build/mrt_cmake_modules/devel
-- Using CMAKE_PREFIX_PATH: /home/chinchia120/catkin_ws/devel;/opt/ros/melodic
-- This workspace overlays: /home/chinchia120/catkin_ws/devel;/opt/ros/melodic
-- Found PythonInterp: /usr/bin/python2 (found suitable version "2.7.17", minimum required is "2") 
-- Using PYTHON_EXECUTABLE: /usr/bin/python2
-- Using Debian Python package layout
-- Using empy: /usr/bin/empy
-- Using CATKIN_ENABLE_TESTING: ON
-- Call enable_testing()
-- Using CATKIN_TEST_RESULTS_DIR: /home/chinchia120/autoware.ai/build/mrt_cmake_modules/test_results
-- Found gtest sources under '/usr/src/googletest': gtests will be built
-- Found gmock sources under '/usr/src/googletest': gmock will be built
-- Found PythonInterp: /usr/bin/python2 (found version "2.7.17") 
-- Looking for pthread.h
-- Looking for pthread.h - found
-- Looking for pthread_create
-- Looking for pthread_create - not found
-- Looking for pthread_create in pthreads
-- Looking for pthread_create in pthreads - not found
-- Looking for pthread_create in pthread
-- Looking for pthread_create in pthread - found
-- Found Threads: TRUE  
-- Using Python nosetests: /usr/bin/nosetests-2.7
-- catkin 0.7.29
-- BUILD_SHARED_LIBS is on
-- Configuring done
-- Generating done
-- Build files have been written to: /home/chinchia120/autoware.ai/build/mrt_cmake_modules
[35m[1mScanning dependencies of target tests[0m
Built target tests
[36mInstall the project...[0m
-- Install configuration: "Release"
+ cd /home/chinchia120/autoware.ai/src/vendor/mrt_cmake_modules
+ mkdir -p /home/chinchia120/autoware.ai/install/mrt_cmake_modules/lib/python2.7/dist-packages
+ /usr/bin/env PYTHONPATH=/home/chinchia120/autoware.ai/install/mrt_cmake_modules/lib/python2.7/dist-packages:/home/chinchia120/autoware.ai/build/mrt_cmake_modules/lib/python2.7/dist-packages:/opt/ros/melodic/lib/python2.7/dist-packages CATKIN_BINARY_DIR=/home/chinchia120/autoware.ai/build/mrt_cmake_modules /usr/bin/python2 /home/chinchia120/autoware.ai/src/vendor/mrt_cmake_modules/setup.py build --build-base /home/chinchia120/autoware.ai/build/mrt_cmake_modules install --root=/ --install-layout=deb --prefix=/home/chinchia120/autoware.ai/install/mrt_cmake_modules --install-scripts=/home/chinchia120/autoware.ai/install/mrt_cmake_modules/bin
running build
running build_py
creating /home/chinchia120/autoware.ai/build/mrt_cmake_modules/lib.linux-x86_64-2.7
creating /home/chinchia120/autoware.ai/build/mrt_cmake_modules/lib.linux-x86_64-2.7/mrt_cmake_modules
copying src/mrt_cmake_modules/parameter_generator_catkin.py -> /home/chinchia120/autoware.ai/build/mrt_cmake_modules/lib.linux-x86_64-2.7/mrt_cmake_modules
copying src/mrt_cmake_modules/__init__.py -> /home/chinchia120/autoware.ai/build/mrt_cmake_modules/lib.linux-x86_64-2.7/mrt_cmake_modules
running install
running install_lib
creating /home/chinchia120/autoware.ai/install/mrt_cmake_modules/lib/python2.7/dist-packages/mrt_cmake_modules
copying /home/chinchia120/autoware.ai/build/mrt_cmake_modules/lib.linux-x86_64-2.7/mrt_cmake_modules/parameter_generator_catkin.py -> /home/chinchia120/autoware.ai/install/mrt_cmake_modules/lib/python2.7/dist-packages/mrt_cmake_modules
copying /home/chinchia120/autoware.ai/build/mrt_cmake_modules/lib.linux-x86_64-2.7/mrt_cmake_modules/__init__.py -> /home/chinchia120/autoware.ai/install/mrt_cmake_modules/lib/python2.7/dist-packages/mrt_cmake_modules
byte-compiling /home/chinchia120/autoware.ai/install/mrt_cmake_modules/lib/python2.7/dist-packages/mrt_cmake_modules/parameter_generator_catkin.py to parameter_generator_catkin.pyc
byte-compiling /home/chinchia120/autoware.ai/install/mrt_cmake_modules/lib/python2.7/dist-packages/mrt_cmake_modules/__init__.py to __init__.pyc
running install_egg_info
Writing /home/chinchia120/autoware.ai/install/mrt_cmake_modules/lib/python2.7/dist-packages/mrt_cmake_modules-1.0.0.egg-info
-- Installing: /home/chinchia120/autoware.ai/install/mrt_cmake_modules/lib/pkgconfig/mrt_cmake_modules.pc
-- Installing: /home/chinchia120/autoware.ai/install/mrt_cmake_modules/share/mrt_cmake_modules/cmake/mrt_cmake_modules-extras.cmake
-- Installing: /home/chinchia120/autoware.ai/install/mrt_cmake_modules/share/mrt_cmake_modules/cmake/mrt_cmake_modulesConfig.cmake
-- Installing: /home/chinchia120/autoware.ai/install/mrt_cmake_modules/share/mrt_cmake_modules/cmake/mrt_cmake_modulesConfig-version.cmake
-- Installing: /home/chinchia120/autoware.ai/install/mrt_cmake_modules/share/mrt_cmake_modules/package.xml
-- Installing: /home/chinchia120/autoware.ai/install/mrt_cmake_modules/share/mrt_cmake_modules/cmake/Modules
-- Installing: /home/chinchia120/autoware.ai/install/mrt_cmake_modules/share/mrt_cmake_modules/cmake/Modules/FindMrtCaffe.cmake
-- Installing: /home/chinchia120/autoware.ai/install/mrt_cmake_modules/share/mrt_cmake_modules/cmake/Modules/FindMrtSDL2.cmake
-- Installing: /home/chinchia120/autoware.ai/install/mrt_cmake_modules/share/mrt_cmake_modules/cmake/Modules/FindMrtf2c.cmake
-- Installing: /home/chinchia120/autoware.ai/install/mrt_cmake_modules/share/mrt_cmake_modules/cmake/Modules/FindMrtMetis.cmake
-- Installing: /home/chinchia120/autoware.ai/install/mrt_cmake_modules/share/mrt_cmake_modules/cmake/Modules/FindMrtVTK.cmake
-- Installing: /home/chinchia120/autoware.ai/install/mrt_cmake_modules/share/mrt_cmake_modules/cmake/Modules/FindMrtnlopt.cmake
-- Installing: /home/chinchia120/autoware.ai/install/mrt_cmake_modules/share/mrt_cmake_modules/cmake/Modules/FindMrtCUDA.cmake
-- Installing: /home/chinchia120/autoware.ai/install/mrt_cmake_modules/share/mrt_cmake_modules/cmake/Modules/FindMrtCereal.cmake
-- Installing: /home/chinchia120/autoware.ai/install/mrt_cmake_modules/share/mrt_cmake_modules/cmake/Modules/FindMrtLeptonica.cmake
-- Installing: /home/chinchia120/autoware.ai/install/mrt_cmake_modules/share/mrt_cmake_modules/cmake/Modules/FindGeographicLib.cmake
-- Installing: /home/chinchia120/autoware.ai/install/mrt_cmake_modules/share/mrt_cmake_modules/cmake/Modules/FindMrtCTensorflow.cmake
-- Installing: /home/chinchia120/autoware.ai/install/mrt_cmake_modules/share/mrt_cmake_modules/cmake/Modules/FindG2O.cmake
-- Installing: /home/chinchia120/autoware.ai/install/mrt_cmake_modules/share/mrt_cmake_modules/cmake/Modules/FindMrtTesseract.cmake
-- Installing: /home/chinchia120/autoware.ai/install/mrt_cmake_modules/share/mrt_cmake_modules/cmake/Modules/MRTCoverage.cmake
-- Installing: /home/chinchia120/autoware.ai/install/mrt_cmake_modules/share/mrt_cmake_modules/cmake/Modules/FindFlann.cmake
-- Installing: /home/chinchia120/autoware.ai/install/mrt_cmake_modules/share/mrt_cmake_modules/cmake/Modules/FindSqlite3.cmake
-- Installing: /home/chinchia120/autoware.ai/install/mrt_cmake_modules/share/mrt_cmake_modules/cmake/Modules/FindIpopt.cmake
-- Installing: /home/chinchia120/autoware.ai/install/mrt_cmake_modules/share/mrt_cmake_modules/cmake/Modules/FindAravis.cmake
-- Installing: /home/chinchia120/autoware.ai/install/mrt_cmake_modules/share/mrt_cmake_modules/cmake/Modules/FindMrtebus-sdk.cmake
-- Installing: /home/chinchia120/autoware.ai/install/mrt_cmake_modules/share/mrt_cmake_modules/cmake/Modules/Findpugixml.cmake
-- Installing: /home/chinchia120/autoware.ai/install/mrt_cmake_modules/share/mrt_cmake_modules/cmake/Modules/FindMrtSuiteSparse.cmake
-- Installing: /home/chinchia120/autoware.ai/install/mrt_cmake_modules/share/mrt_cmake_modules/cmake/Modules/FindPCAP.cmake
-- Installing: /home/chinchia120/autoware.ai/install/mrt_cmake_modules/share/mrt_cmake_modules/cmake/Modules/GatherDeps.cmake
-- Installing: /home/chinchia120/autoware.ai/install/mrt_cmake_modules/share/mrt_cmake_modules/cmake/Modules/FindAutoDeps.cmake
-- Installing: /home/chinchia120/autoware.ai/install/mrt_cmake_modules/share/mrt_cmake_modules/cmake/Modules/FindBoostPython.cmake
-- Installing: /home/chinchia120/autoware.ai/install/mrt_cmake_modules/share/mrt_cmake_modules/cmake/Modules/FindMrtCeres.cmake
-- Installing: /home/chinchia120/autoware.ai/install/mrt_cmake_modules/share/mrt_cmake_modules/cmake/Modules/FindMrtbenchmark.cmake
-- Installing: /home/chinchia120/autoware.ai/install/mrt_cmake_modules/share/mrt_cmake_modules/cmake/Modules/FindMrtOpenCV.cmake
-- Installing: /home/chinchia120/autoware.ai/install/mrt_cmake_modules/share/mrt_cmake_modules/cmake/Modules/FindIGL.cmake
-- Installing: /home/chinchia120/autoware.ai/install/mrt_cmake_modules/share/mrt_cmake_modules/cmake/Modules/CatkinMockForConan.cmake
-- Installing: /home/chinchia120/autoware.ai/install/mrt_cmake_modules/share/mrt_cmake_modules/cmake/Modules/Findgtest.cmake
-- Installing: /home/chinchia120/autoware.ai/install/mrt_cmake_modules/share/mrt_cmake_modules/cmake/Modules/FindQwt.cmake
-- Installing: /home/chinchia120/autoware.ai/install/mrt_cmake_modules/share/mrt_cmake_modules/cmake/Modules/UseMrtStdCompilerFlags.cmake
-- Installing: /home/chinchia120/autoware.ai/install/mrt_cmake_modules/share/mrt_cmake_modules/cmake/Modules/FindTinyXML.cmake
-- Installing: /home/chinchia120/autoware.ai/install/mrt_cmake_modules/share/mrt_cmake_modules/cmake/Modules/UseMrtAutoTarget.cmake
-- Installing: /home/chinchia120/autoware.ai/install/mrt_cmake_modules/share/mrt_cmake_modules/cmake/Modules/Findyaml-cpp.cmake
-- Installing: /home/chinchia120/autoware.ai/install/mrt_cmake_modules/share/mrt_cmake_modules/cmake/Modules/FindMrtTensorflow.cmake
-- Installing: /home/chinchia120/autoware.ai/install/mrt_cmake_modules/share/mrt_cmake_modules/cmake/Modules/FindRapidXML.cmake
-- Installing: /home/chinchia120/autoware.ai/install/mrt_cmake_modules/share/mrt_cmake_modules/cmake/Modules/FindCairo.cmake
-- Installing: /home/chinchia120/autoware.ai/install/mrt_cmake_modules/share/mrt_cmake_modules/cmake/Modules/FindPoco.cmake
-- Installing: /home/chinchia120/autoware.ai/install/mrt_cmake_modules/share/mrt_cmake_modules/cmake/Modules/FindTBB.cmake
-- Installing: /home/chinchia120/autoware.ai/install/mrt_cmake_modules/share/mrt_cmake_modules/cmake/Modules/FindPNG++.cmake
-- Installing: /home/chinchia120/autoware.ai/install/mrt_cmake_modules/share/mrt_cmake_modules/cmake/Modules/MrtParamGenerator.cmake
-- Installing: /home/chinchia120/autoware.ai/install/mrt_cmake_modules/share/mrt_cmake_modules/cmake/Modules/FindMrtANN.cmake
-- Installing: /home/chinchia120/autoware.ai/install/mrt_cmake_modules/share/mrt_cmake_modules/cmake/Modules/FindMrtQt4.cmake
-- Installing: /home/chinchia120/autoware.ai/install/mrt_cmake_modules/share/mrt_cmake_modules/cmake/Modules/Findlibgps.cmake
-- Installing: /home/chinchia120/autoware.ai/install/mrt_cmake_modules/share/mrt_cmake_modules/cmake/Modules/FindMrtPCL.cmake
-- Installing: /home/chinchia120/autoware.ai/install/mrt_cmake_modules/share/mrt_cmake_modules/cmake/Modules/FindClangTidy.cmake
-- Installing: /home/chinchia120/autoware.ai/install/mrt_cmake_modules/share/mrt_cmake_modules/cmake/Modules/FindMrtQt5.cmake
-- Installing: /home/chinchia120/autoware.ai/install/mrt_cmake_modules/share/mrt_cmake_modules/cmake/Modules/FindMinpack.cmake
-- Installing: /home/chinchia120/autoware.ai/install/mrt_cmake_modules/share/mrt_cmake_modules/cmake/Modules/FindOSG.cmake
-- Installing: /home/chinchia120/autoware.ai/install/mrt_cmake_modules/share/mrt_cmake_modules/cmake/Modules/FindGTKMM.cmake
-- Installing: /home/chinchia120/autoware.ai/install/mrt_cmake_modules/share/mrt_cmake_modules/cmake/Modules/FindGTest-headers.cmake
-- Installing: /home/chinchia120/autoware.ai/install/mrt_cmake_modules/share/mrt_cmake_modules/cmake/Modules/Findrange-v3.cmake
-- Installing: /home/chinchia120/autoware.ai/install/mrt_cmake_modules/share/mrt_cmake_modules/cmake/Modules/FindGlog.cmake
-- Installing: /home/chinchia120/autoware.ai/install/mrt_cmake_modules/share/mrt_cmake_modules/cmake/Modules/FindEigen2.cmake
-- Installing: /home/chinchia120/autoware.ai/install/mrt_cmake_modules/share/mrt_cmake_modules/scripts/generate_cmake_dependency_file.py
