[0.042s] Invoking command in '/home/chinchia120/autoware.ai/build/mrt_cmake_modules': /usr/bin/cmake /home/chinchia120/autoware.ai/src/vendor/mrt_cmake_modules -DCMAKE_BUILD_TYPE=Release -DCATKIN_INSTALL_INTO_PREFIX_ROOT=0 -DCMAKE_INSTALL_PREFIX=/home/chinchia120/autoware.ai/install/mrt_cmake_modules
[0.221s] -- The C compiler identification is GNU 7.5.0
[0.363s] -- The CXX compiler identification is GNU 7.5.0
[0.373s] -- Check for working C compiler: /usr/bin/cc
[0.516s] -- Check for working C compiler: /usr/bin/cc -- works
[0.517s] -- Detecting C compiler ABI info
[0.694s] -- Detecting C compiler ABI info - done
[0.717s] -- Detecting C compile features
[1.208s] -- Detecting C compile features - done
[1.216s] -- Check for working CXX compiler: /usr/bin/c++
[1.399s] -- Check for working CXX compiler: /usr/bin/c++ -- works
[1.400s] -- Detecting CXX compiler ABI info
[1.581s] -- Detecting CXX compiler ABI info - done
[1.606s] -- Detecting CXX compile features
[2.438s] -- Detecting CXX compile features - done
[2.443s] -- Using CATKIN_DEVEL_PREFIX: /home/chinchia120/autoware.ai/build/mrt_cmake_modules/devel
[2.443s] -- Using CMAKE_PREFIX_PATH: /home/chinchia120/catkin_ws/devel;/opt/ros/melodic
[2.443s] -- This workspace overlays: /home/chinchia120/catkin_ws/devel;/opt/ros/melodic
[2.476s] -- Found PythonInterp: /usr/bin/python2 (found suitable version "2.7.17", minimum required is "2") 
[2.477s] -- Using PYTHON_EXECUTABLE: /usr/bin/python2
[2.477s] -- Using Debian Python package layout
[2.477s] -- Using empy: /usr/bin/empy
[2.792s] -- Using CATKIN_ENABLE_TESTING: ON
[2.793s] -- Call enable_testing()
[2.799s] -- Using CATKIN_TEST_RESULTS_DIR: /home/chinchia120/autoware.ai/build/mrt_cmake_modules/test_results
[2.865s] -- Found gtest sources under '/usr/src/googletest': gtests will be built
[2.865s] -- Found gmock sources under '/usr/src/googletest': gmock will be built
[2.891s] -- Found PythonInterp: /usr/bin/python2 (found version "2.7.17") 
[2.895s] -- Looking for pthread.h
[3.065s] -- Looking for pthread.h - found
[3.067s] -- Looking for pthread_create
[3.252s] -- Looking for pthread_create - not found
[3.252s] -- Looking for pthread_create in pthreads
[3.400s] -- Looking for pthread_create in pthreads - not found
[3.400s] -- Looking for pthread_create in pthread
[3.567s] -- Looking for pthread_create in pthread - found
[3.569s] -- Found Threads: TRUE  
[3.577s] -- Using Python nosetests: /usr/bin/nosetests-2.7
[3.673s] -- catkin 0.7.29
[3.673s] -- BUILD_SHARED_LIBS is on
[5.913s] -- Configuring done
[5.945s] -- Generating done
[5.951s] -- Build files have been written to: /home/chinchia120/autoware.ai/build/mrt_cmake_modules
[5.960s] Invoked command in '/home/chinchia120/autoware.ai/build/mrt_cmake_modules' returned '0': /usr/bin/cmake /home/chinchia120/autoware.ai/src/vendor/mrt_cmake_modules -DCMAKE_BUILD_TYPE=Release -DCATKIN_INSTALL_INTO_PREFIX_ROOT=0 -DCMAKE_INSTALL_PREFIX=/home/chinchia120/autoware.ai/install/mrt_cmake_modules
[5.969s] Invoking command in '/home/chinchia120/autoware.ai/build/mrt_cmake_modules': /usr/bin/cmake --build /home/chinchia120/autoware.ai/build/mrt_cmake_modules -- -j4 -l4
[6.086s] Invoked command in '/home/chinchia120/autoware.ai/build/mrt_cmake_modules' returned '0': /usr/bin/cmake --build /home/chinchia120/autoware.ai/build/mrt_cmake_modules -- -j4 -l4
[6.201s] Invoking command in '/home/chinchia120/autoware.ai/build/mrt_cmake_modules': /usr/bin/cmake --build /home/chinchia120/autoware.ai/build/mrt_cmake_modules --target tests -- -j4 -l4
[6.431s] [35m[1mScanning dependencies of target tests[0m
[6.477s] Built target tests
[6.511s] Invoked command in '/home/chinchia120/autoware.ai/build/mrt_cmake_modules' returned '0': /usr/bin/cmake --build /home/chinchia120/autoware.ai/build/mrt_cmake_modules --target tests -- -j4 -l4
[6.626s] Invoking command in '/home/chinchia120/autoware.ai/build/mrt_cmake_modules': /usr/bin/cmake --build /home/chinchia120/autoware.ai/build/mrt_cmake_modules --target install -- -j4 -l4
[6.789s] [36mInstall the project...[0m
[6.824s] -- Install configuration: "Release"
[6.830s] + cd /home/chinchia120/autoware.ai/src/vendor/mrt_cmake_modules
[6.830s] + mkdir -p /home/chinchia120/autoware.ai/install/mrt_cmake_modules/lib/python2.7/dist-packages
[6.842s] + /usr/bin/env PYTHONPATH=/home/chinchia120/autoware.ai/install/mrt_cmake_modules/lib/python2.7/dist-packages:/home/chinchia120/autoware.ai/build/mrt_cmake_modules/lib/python2.7/dist-packages:/opt/ros/melodic/lib/python2.7/dist-packages CATKIN_BINARY_DIR=/home/chinchia120/autoware.ai/build/mrt_cmake_modules /usr/bin/python2 /home/chinchia120/autoware.ai/src/vendor/mrt_cmake_modules/setup.py build --build-base /home/chinchia120/autoware.ai/build/mrt_cmake_modules install --root=/ --install-layout=deb --prefix=/home/chinchia120/autoware.ai/install/mrt_cmake_modules --install-scripts=/home/chinchia120/autoware.ai/install/mrt_cmake_modules/bin
[7.080s] running build
[7.082s] running build_py
[7.086s] creating /home/chinchia120/autoware.ai/build/mrt_cmake_modules/lib.linux-x86_64-2.7
[7.086s] creating /home/chinchia120/autoware.ai/build/mrt_cmake_modules/lib.linux-x86_64-2.7/mrt_cmake_modules
[7.087s] copying src/mrt_cmake_modules/parameter_generator_catkin.py -> /home/chinchia120/autoware.ai/build/mrt_cmake_modules/lib.linux-x86_64-2.7/mrt_cmake_modules
[7.087s] copying src/mrt_cmake_modules/__init__.py -> /home/chinchia120/autoware.ai/build/mrt_cmake_modules/lib.linux-x86_64-2.7/mrt_cmake_modules
[7.088s] running install
[7.090s] running install_lib
[7.096s] creating /home/chinchia120/autoware.ai/install/mrt_cmake_modules/lib/python2.7/dist-packages/mrt_cmake_modules
[7.097s] copying /home/chinchia120/autoware.ai/build/mrt_cmake_modules/lib.linux-x86_64-2.7/mrt_cmake_modules/parameter_generator_catkin.py -> /home/chinchia120/autoware.ai/install/mrt_cmake_modules/lib/python2.7/dist-packages/mrt_cmake_modules
[7.098s] copying /home/chinchia120/autoware.ai/build/mrt_cmake_modules/lib.linux-x86_64-2.7/mrt_cmake_modules/__init__.py -> /home/chinchia120/autoware.ai/install/mrt_cmake_modules/lib/python2.7/dist-packages/mrt_cmake_modules
[7.098s] byte-compiling /home/chinchia120/autoware.ai/install/mrt_cmake_modules/lib/python2.7/dist-packages/mrt_cmake_modules/parameter_generator_catkin.py to parameter_generator_catkin.pyc
[7.105s] byte-compiling /home/chinchia120/autoware.ai/install/mrt_cmake_modules/lib/python2.7/dist-packages/mrt_cmake_modules/__init__.py to __init__.pyc
[7.105s] running install_egg_info
[7.106s] Writing /home/chinchia120/autoware.ai/install/mrt_cmake_modules/lib/python2.7/dist-packages/mrt_cmake_modules-1.0.0.egg-info
[7.126s] -- Installing: /home/chinchia120/autoware.ai/install/mrt_cmake_modules/lib/pkgconfig/mrt_cmake_modules.pc
[7.126s] -- Installing: /home/chinchia120/autoware.ai/install/mrt_cmake_modules/share/mrt_cmake_modules/cmake/mrt_cmake_modules-extras.cmake
[7.126s] -- Installing: /home/chinchia120/autoware.ai/install/mrt_cmake_modules/share/mrt_cmake_modules/cmake/mrt_cmake_modulesConfig.cmake
[7.126s] -- Installing: /home/chinchia120/autoware.ai/install/mrt_cmake_modules/share/mrt_cmake_modules/cmake/mrt_cmake_modulesConfig-version.cmake
[7.127s] -- Installing: /home/chinchia120/autoware.ai/install/mrt_cmake_modules/share/mrt_cmake_modules/package.xml
[7.127s] -- Installing: /home/chinchia120/autoware.ai/install/mrt_cmake_modules/share/mrt_cmake_modules/cmake/Modules
[7.127s] -- Installing: /home/chinchia120/autoware.ai/install/mrt_cmake_modules/share/mrt_cmake_modules/cmake/Modules/FindMrtCaffe.cmake
[7.127s] -- Installing: /home/chinchia120/autoware.ai/install/mrt_cmake_modules/share/mrt_cmake_modules/cmake/Modules/FindMrtSDL2.cmake
[7.128s] -- Installing: /home/chinchia120/autoware.ai/install/mrt_cmake_modules/share/mrt_cmake_modules/cmake/Modules/FindMrtf2c.cmake
[7.128s] -- Installing: /home/chinchia120/autoware.ai/install/mrt_cmake_modules/share/mrt_cmake_modules/cmake/Modules/FindMrtMetis.cmake
[7.128s] -- Installing: /home/chinchia120/autoware.ai/install/mrt_cmake_modules/share/mrt_cmake_modules/cmake/Modules/FindMrtVTK.cmake
[7.128s] -- Installing: /home/chinchia120/autoware.ai/install/mrt_cmake_modules/share/mrt_cmake_modules/cmake/Modules/FindMrtnlopt.cmake
[7.128s] -- Installing: /home/chinchia120/autoware.ai/install/mrt_cmake_modules/share/mrt_cmake_modules/cmake/Modules/FindMrtCUDA.cmake
[7.129s] -- Installing: /home/chinchia120/autoware.ai/install/mrt_cmake_modules/share/mrt_cmake_modules/cmake/Modules/FindMrtCereal.cmake
[7.129s] -- Installing: /home/chinchia120/autoware.ai/install/mrt_cmake_modules/share/mrt_cmake_modules/cmake/Modules/FindMrtLeptonica.cmake
[7.129s] -- Installing: /home/chinchia120/autoware.ai/install/mrt_cmake_modules/share/mrt_cmake_modules/cmake/Modules/FindGeographicLib.cmake
[7.130s] -- Installing: /home/chinchia120/autoware.ai/install/mrt_cmake_modules/share/mrt_cmake_modules/cmake/Modules/FindMrtCTensorflow.cmake
[7.130s] -- Installing: /home/chinchia120/autoware.ai/install/mrt_cmake_modules/share/mrt_cmake_modules/cmake/Modules/FindG2O.cmake
[7.130s] -- Installing: /home/chinchia120/autoware.ai/install/mrt_cmake_modules/share/mrt_cmake_modules/cmake/Modules/FindMrtTesseract.cmake
[7.130s] -- Installing: /home/chinchia120/autoware.ai/install/mrt_cmake_modules/share/mrt_cmake_modules/cmake/Modules/MRTCoverage.cmake
[7.130s] -- Installing: /home/chinchia120/autoware.ai/install/mrt_cmake_modules/share/mrt_cmake_modules/cmake/Modules/FindFlann.cmake
[7.131s] -- Installing: /home/chinchia120/autoware.ai/install/mrt_cmake_modules/share/mrt_cmake_modules/cmake/Modules/FindSqlite3.cmake
[7.131s] -- Installing: /home/chinchia120/autoware.ai/install/mrt_cmake_modules/share/mrt_cmake_modules/cmake/Modules/FindIpopt.cmake
[7.131s] -- Installing: /home/chinchia120/autoware.ai/install/mrt_cmake_modules/share/mrt_cmake_modules/cmake/Modules/FindAravis.cmake
[7.131s] -- Installing: /home/chinchia120/autoware.ai/install/mrt_cmake_modules/share/mrt_cmake_modules/cmake/Modules/FindMrtebus-sdk.cmake
[7.132s] -- Installing: /home/chinchia120/autoware.ai/install/mrt_cmake_modules/share/mrt_cmake_modules/cmake/Modules/Findpugixml.cmake
[7.132s] -- Installing: /home/chinchia120/autoware.ai/install/mrt_cmake_modules/share/mrt_cmake_modules/cmake/Modules/FindMrtSuiteSparse.cmake
[7.132s] -- Installing: /home/chinchia120/autoware.ai/install/mrt_cmake_modules/share/mrt_cmake_modules/cmake/Modules/FindPCAP.cmake
[7.132s] -- Installing: /home/chinchia120/autoware.ai/install/mrt_cmake_modules/share/mrt_cmake_modules/cmake/Modules/GatherDeps.cmake
[7.133s] -- Installing: /home/chinchia120/autoware.ai/install/mrt_cmake_modules/share/mrt_cmake_modules/cmake/Modules/FindAutoDeps.cmake
[7.133s] -- Installing: /home/chinchia120/autoware.ai/install/mrt_cmake_modules/share/mrt_cmake_modules/cmake/Modules/FindBoostPython.cmake
[7.134s] -- Installing: /home/chinchia120/autoware.ai/install/mrt_cmake_modules/share/mrt_cmake_modules/cmake/Modules/FindMrtCeres.cmake
[7.134s] -- Installing: /home/chinchia120/autoware.ai/install/mrt_cmake_modules/share/mrt_cmake_modules/cmake/Modules/FindMrtbenchmark.cmake
[7.135s] -- Installing: /home/chinchia120/autoware.ai/install/mrt_cmake_modules/share/mrt_cmake_modules/cmake/Modules/FindMrtOpenCV.cmake
[7.136s] -- Installing: /home/chinchia120/autoware.ai/install/mrt_cmake_modules/share/mrt_cmake_modules/cmake/Modules/FindIGL.cmake
[7.137s] -- Installing: /home/chinchia120/autoware.ai/install/mrt_cmake_modules/share/mrt_cmake_modules/cmake/Modules/CatkinMockForConan.cmake
[7.137s] -- Installing: /home/chinchia120/autoware.ai/install/mrt_cmake_modules/share/mrt_cmake_modules/cmake/Modules/Findgtest.cmake
[7.138s] -- Installing: /home/chinchia120/autoware.ai/install/mrt_cmake_modules/share/mrt_cmake_modules/cmake/Modules/FindQwt.cmake
[7.139s] -- Installing: /home/chinchia120/autoware.ai/install/mrt_cmake_modules/share/mrt_cmake_modules/cmake/Modules/UseMrtStdCompilerFlags.cmake
[7.140s] -- Installing: /home/chinchia120/autoware.ai/install/mrt_cmake_modules/share/mrt_cmake_modules/cmake/Modules/FindTinyXML.cmake
[7.141s] -- Installing: /home/chinchia120/autoware.ai/install/mrt_cmake_modules/share/mrt_cmake_modules/cmake/Modules/UseMrtAutoTarget.cmake
[7.141s] -- Installing: /home/chinchia120/autoware.ai/install/mrt_cmake_modules/share/mrt_cmake_modules/cmake/Modules/Findyaml-cpp.cmake
[7.142s] -- Installing: /home/chinchia120/autoware.ai/install/mrt_cmake_modules/share/mrt_cmake_modules/cmake/Modules/FindMrtTensorflow.cmake
[7.143s] -- Installing: /home/chinchia120/autoware.ai/install/mrt_cmake_modules/share/mrt_cmake_modules/cmake/Modules/FindRapidXML.cmake
[7.143s] -- Installing: /home/chinchia120/autoware.ai/install/mrt_cmake_modules/share/mrt_cmake_modules/cmake/Modules/FindCairo.cmake
[7.144s] -- Installing: /home/chinchia120/autoware.ai/install/mrt_cmake_modules/share/mrt_cmake_modules/cmake/Modules/FindPoco.cmake
[7.145s] -- Installing: /home/chinchia120/autoware.ai/install/mrt_cmake_modules/share/mrt_cmake_modules/cmake/Modules/FindTBB.cmake
[7.145s] -- Installing: /home/chinchia120/autoware.ai/install/mrt_cmake_modules/share/mrt_cmake_modules/cmake/Modules/FindPNG++.cmake
[7.146s] -- Installing: /home/chinchia120/autoware.ai/install/mrt_cmake_modules/share/mrt_cmake_modules/cmake/Modules/MrtParamGenerator.cmake
[7.146s] -- Installing: /home/chinchia120/autoware.ai/install/mrt_cmake_modules/share/mrt_cmake_modules/cmake/Modules/FindMrtANN.cmake
[7.147s] -- Installing: /home/chinchia120/autoware.ai/install/mrt_cmake_modules/share/mrt_cmake_modules/cmake/Modules/FindMrtQt4.cmake
[7.148s] -- Installing: /home/chinchia120/autoware.ai/install/mrt_cmake_modules/share/mrt_cmake_modules/cmake/Modules/Findlibgps.cmake
[7.148s] -- Installing: /home/chinchia120/autoware.ai/install/mrt_cmake_modules/share/mrt_cmake_modules/cmake/Modules/FindMrtPCL.cmake
[7.149s] -- Installing: /home/chinchia120/autoware.ai/install/mrt_cmake_modules/share/mrt_cmake_modules/cmake/Modules/FindClangTidy.cmake
[7.150s] -- Installing: /home/chinchia120/autoware.ai/install/mrt_cmake_modules/share/mrt_cmake_modules/cmake/Modules/FindMrtQt5.cmake
[7.150s] -- Installing: /home/chinchia120/autoware.ai/install/mrt_cmake_modules/share/mrt_cmake_modules/cmake/Modules/FindMinpack.cmake
[7.151s] -- Installing: /home/chinchia120/autoware.ai/install/mrt_cmake_modules/share/mrt_cmake_modules/cmake/Modules/FindOSG.cmake
[7.151s] -- Installing: /home/chinchia120/autoware.ai/install/mrt_cmake_modules/share/mrt_cmake_modules/cmake/Modules/FindGTKMM.cmake
[7.152s] -- Installing: /home/chinchia120/autoware.ai/install/mrt_cmake_modules/share/mrt_cmake_modules/cmake/Modules/FindGTest-headers.cmake
[7.152s] -- Installing: /home/chinchia120/autoware.ai/install/mrt_cmake_modules/share/mrt_cmake_modules/cmake/Modules/Findrange-v3.cmake
[7.153s] -- Installing: /home/chinchia120/autoware.ai/install/mrt_cmake_modules/share/mrt_cmake_modules/cmake/Modules/FindGlog.cmake
[7.154s] -- Installing: /home/chinchia120/autoware.ai/install/mrt_cmake_modules/share/mrt_cmake_modules/cmake/Modules/FindEigen2.cmake
[7.155s] -- Installing: /home/chinchia120/autoware.ai/install/mrt_cmake_modules/share/mrt_cmake_modules/scripts/generate_cmake_dependency_file.py
[7.162s] Invoked command in '/home/chinchia120/autoware.ai/build/mrt_cmake_modules' returned '0': /usr/bin/cmake --build /home/chinchia120/autoware.ai/build/mrt_cmake_modules --target install -- -j4 -l4
