[0.048s] Invoking command in '/home/chinchia120/autoware.ai/build/lidar_shape_estimation': CMAKE_PREFIX_PATH=/home/chinchia120/autoware.ai/install/autoware_msgs:/home/chinchia120/autoware.ai/install/autoware_build_flags:${CMAKE_PREFIX_PATH} PKG_CONFIG_PATH=/home/chinchia120/autoware.ai/install/autoware_msgs/lib/x86_64-linux-gnu/pkgconfig:/home/chinchia120/autoware.ai/install/autoware_msgs/lib/pkgconfig:/home/chinchia120/autoware.ai/install/autoware_build_flags/lib/x86_64-linux-gnu/pkgconfig:/home/chinchia120/autoware.ai/install/autoware_build_flags/lib/pkgconfig:${PKG_CONFIG_PATH} PYTHONPATH=/home/chinchia120/autoware.ai/install/autoware_msgs/lib/python2.7/dist-packages:${PYTHONPATH} ROS_PACKAGE_PATH=/home/chinchia120/autoware.ai/install/autoware_msgs/share:/home/chinchia120/autoware.ai/install/autoware_build_flags/share:${ROS_PACKAGE_PATH} /usr/bin/cmake /home/chinchia120/autoware.ai/src/autoware/core_perception/lidar_shape_estimation -DCMAKE_BUILD_TYPE=Release -DCATKIN_INSTALL_INTO_PREFIX_ROOT=0 -DCMAKE_INSTALL_PREFIX=/home/chinchia120/autoware.ai/install/lidar_shape_estimation
[0.229s] -- The C compiler identification is GNU 7.5.0
[0.365s] -- The CXX compiler identification is GNU 7.5.0
[0.374s] -- Check for working C compiler: /usr/bin/cc
[0.553s] -- Check for working C compiler: /usr/bin/cc -- works
[0.555s] -- Detecting C compiler ABI info
[0.731s] -- Detecting C compiler ABI info - done
[0.759s] -- Detecting C compile features
[1.275s] -- Detecting C compile features - done
[1.283s] -- Check for working CXX compiler: /usr/bin/c++
[1.454s] -- Check for working CXX compiler: /usr/bin/c++ -- works
[1.455s] -- Detecting CXX compiler ABI info
[1.657s] -- Detecting CXX compiler ABI info - done
[1.682s] -- Detecting CXX compile features
[2.522s] -- Detecting CXX compile features - done
[2.528s] -- CUDA compilation status: 1.
[2.531s] -- Using CATKIN_DEVEL_PREFIX: /home/chinchia120/autoware.ai/build/lidar_shape_estimation/devel
[2.532s] -- Using CMAKE_PREFIX_PATH: /home/chinchia120/autoware.ai/install/autoware_msgs;/home/chinchia120/autoware.ai/install/autoware_build_flags;/home/chinchia120/catkin_ws/devel;/opt/ros/melodic
[2.532s] -- This workspace overlays: /home/chinchia120/autoware.ai/install/autoware_msgs;/home/chinchia120/autoware.ai/install/autoware_build_flags;/home/chinchia120/catkin_ws/devel;/opt/ros/melodic
[2.568s] -- Found PythonInterp: /usr/bin/python2 (found suitable version "2.7.17", minimum required is "2") 
[2.568s] -- Using PYTHON_EXECUTABLE: /usr/bin/python2
[2.569s] -- Using Debian Python package layout
[2.569s] -- Using empy: /usr/bin/empy
[2.884s] -- Using CATKIN_ENABLE_TESTING: ON
[2.885s] -- Call enable_testing()
[2.888s] -- Using CATKIN_TEST_RESULTS_DIR: /home/chinchia120/autoware.ai/build/lidar_shape_estimation/test_results
[2.927s] -- Found gtest sources under '/usr/src/googletest': gtests will be built
[2.927s] -- Found gmock sources under '/usr/src/googletest': gmock will be built
[2.957s] -- Found PythonInterp: /usr/bin/python2 (found version "2.7.17") 
[2.960s] -- Looking for pthread.h
[3.122s] -- Looking for pthread.h - found
[3.123s] -- Looking for pthread_create
[3.285s] -- Looking for pthread_create - not found
[3.285s] -- Looking for pthread_create in pthreads
[3.423s] -- Looking for pthread_create in pthreads - not found
[3.424s] -- Looking for pthread_create in pthread
[3.585s] -- Looking for pthread_create in pthread - found
[3.587s] -- Found Threads: TRUE  
[3.595s] -- Using Python nosetests: /usr/bin/nosetests-2.7
[3.693s] -- catkin 0.7.29
[3.693s] -- BUILD_SHARED_LIBS is on
[4.079s] -- Using these message generators: gencpp;geneus;genlisp;gennodejs;genpy
[6.231s] -- Checking for module 'eigen3'
[6.267s] --   Found eigen3, version 3.3.7
[6.387s] -- Found eigen: /usr/local/include/eigen3  
[6.569s] -- Boost version: 1.65.1
[6.569s] -- Found the following Boost libraries:
[6.569s] --   system
[6.569s] --   filesystem
[6.570s] --   thread
[6.570s] --   date_time
[6.570s] --   iostreams
[6.570s] --   serialization
[6.570s] --   chrono
[6.570s] --   atomic
[6.571s] --   regex
[6.575s] -- Checking for module 'libopenni'
[6.611s] --   Found libopenni, version 1.5.4.0
[6.723s] -- Found openni: /usr/lib/libOpenNI.so  
[6.725s] -- Checking for module 'libopenni2'
[6.770s] --   Found libopenni2, version 2.2.0.3
[6.882s] -- Found OpenNI2: /usr/lib/libOpenNI2.so  
[6.891s] -- Could NOT find ensenso (missing: ENSENSO_LIBRARY ENSENSO_INCLUDE_DIR) 
[6.891s] ** WARNING ** io features related to ensenso will be disabled
[6.895s] -- Could NOT find DAVIDSDK (missing: DAVIDSDK_LIBRARY DAVIDSDK_INCLUDE_DIR) 
[6.895s] ** WARNING ** io features related to davidSDK will be disabled
[6.897s] -- Could NOT find DSSDK (missing: _DSSDK_LIBRARIES) 
[6.898s] ** WARNING ** io features related to dssdk will be disabled
[6.898s] ** WARNING ** io features related to pcap will be disabled
[6.898s] ** WARNING ** io features related to png will be disabled
[7.043s] -- The imported target "vtkRenderingPythonTkWidgets" references the file
[7.043s]    "/usr/lib/x86_64-linux-gnu/libvtkRenderingPythonTkWidgets.so"
[7.043s] but this file does not exist.  Possible reasons include:
[7.043s] * The file was deleted, renamed, or moved to another location.
[7.043s] * An install or uninstall procedure did not complete successfully.
[7.044s] * The installation package was faulty and contained
[7.044s]    "/usr/lib/cmake/vtk-6.3/VTKTargets.cmake"
[7.044s] but not all the files it references.
[7.044s] 
[7.044s] -- The imported target "vtk" references the file
[7.044s]    "/usr/bin/vtk"
[7.044s] but this file does not exist.  Possible reasons include:
[7.044s] * The file was deleted, renamed, or moved to another location.
[7.045s] * An install or uninstall procedure did not complete successfully.
[7.045s] * The installation package was faulty and contained
[7.045s]    "/usr/lib/cmake/vtk-6.3/VTKTargets.cmake"
[7.045s] but not all the files it references.
[7.045s] 
[7.192s] -- Found libusb-1.0: /usr/include  
[7.192s] ** WARNING ** io features related to libusb-1.0 will be disabled
[7.194s] -- Checking for module 'flann'
[7.233s] --   Found flann, version 1.9.1
[7.374s] -- Found Flann: /usr/lib/x86_64-linux-gnu/libflann_cpp_s.a  
[7.481s] -- Could NOT find ensenso (missing: ENSENSO_LIBRARY ENSENSO_INCLUDE_DIR) 
[7.481s] ** WARNING ** visualization features related to ensenso will be disabled
[7.487s] -- Could NOT find DAVIDSDK (missing: DAVIDSDK_LIBRARY DAVIDSDK_INCLUDE_DIR) 
[7.488s] ** WARNING ** visualization features related to davidSDK will be disabled
[7.490s] -- Could NOT find DSSDK (missing: _DSSDK_LIBRARIES) 
[7.490s] ** WARNING ** visualization features related to dssdk will be disabled
[7.492s] -- Could NOT find RSSDK (missing: _RSSDK_LIBRARIES) 
[7.493s] ** WARNING ** visualization features related to rssdk will be disabled
[7.578s] -- Found qhull: /usr/lib/x86_64-linux-gnu/libqhull.so  
[7.660s] -- looking for PCL_COMMON
[7.663s] -- Found PCL_COMMON: /usr/lib/x86_64-linux-gnu/libpcl_common.so  
[7.664s] -- looking for PCL_OCTREE
[7.668s] -- Found PCL_OCTREE: /usr/lib/x86_64-linux-gnu/libpcl_octree.so  
[7.668s] -- looking for PCL_IO
[7.671s] -- Found PCL_IO: /usr/lib/x86_64-linux-gnu/libpcl_io.so  
[7.671s] -- looking for PCL_KDTREE
[7.674s] -- Found PCL_KDTREE: /usr/lib/x86_64-linux-gnu/libpcl_kdtree.so  
[7.674s] -- looking for PCL_SEARCH
[7.677s] -- Found PCL_SEARCH: /usr/lib/x86_64-linux-gnu/libpcl_search.so  
[7.677s] -- looking for PCL_SAMPLE_CONSENSUS
[7.680s] -- Found PCL_SAMPLE_CONSENSUS: /usr/lib/x86_64-linux-gnu/libpcl_sample_consensus.so  
[7.680s] -- looking for PCL_FILTERS
[7.683s] -- Found PCL_FILTERS: /usr/lib/x86_64-linux-gnu/libpcl_filters.so  
[7.684s] -- looking for PCL_2D
[7.686s] -- Found PCL_2D: /usr/include/pcl-1.8  
[7.686s] -- looking for PCL_GEOMETRY
[7.687s] -- Found PCL_GEOMETRY: /usr/include/pcl-1.8  
[7.688s] -- looking for PCL_FEATURES
[7.690s] -- Found PCL_FEATURES: /usr/lib/x86_64-linux-gnu/libpcl_features.so  
[7.692s] -- looking for PCL_ML
[7.694s] -- Found PCL_ML: /usr/lib/x86_64-linux-gnu/libpcl_ml.so  
[7.695s] -- looking for PCL_SEGMENTATION
[7.697s] -- Found PCL_SEGMENTATION: /usr/lib/x86_64-linux-gnu/libpcl_segmentation.so  
[7.699s] -- looking for PCL_VISUALIZATION
[7.703s] -- Found PCL_VISUALIZATION: /usr/lib/x86_64-linux-gnu/libpcl_visualization.so  
[7.704s] -- looking for PCL_SURFACE
[7.708s] -- Found PCL_SURFACE: /usr/lib/x86_64-linux-gnu/libpcl_surface.so  
[7.709s] -- looking for PCL_REGISTRATION
[7.713s] -- Found PCL_REGISTRATION: /usr/lib/x86_64-linux-gnu/libpcl_registration.so  
[7.715s] -- looking for PCL_KEYPOINTS
[7.718s] -- Found PCL_KEYPOINTS: /usr/lib/x86_64-linux-gnu/libpcl_keypoints.so  
[7.719s] -- looking for PCL_TRACKING
[7.722s] -- Found PCL_TRACKING: /usr/lib/x86_64-linux-gnu/libpcl_tracking.so  
[7.723s] -- looking for PCL_RECOGNITION
[7.727s] -- Found PCL_RECOGNITION: /usr/lib/x86_64-linux-gnu/libpcl_recognition.so  
[7.729s] -- looking for PCL_STEREO
[7.735s] -- Found PCL_STEREO: /usr/lib/x86_64-linux-gnu/libpcl_stereo.so  
[7.736s] -- looking for PCL_APPS
[7.739s] -- Found PCL_APPS: /usr/lib/x86_64-linux-gnu/libpcl_apps.so  
[7.747s] -- looking for PCL_IN_HAND_SCANNER
[7.749s] -- Found PCL_IN_HAND_SCANNER: /usr/include/pcl-1.8  
[7.749s] -- looking for PCL_MODELER
[7.751s] -- Found PCL_MODELER: /usr/include/pcl-1.8  
[7.751s] -- looking for PCL_POINT_CLOUD_EDITOR
[7.754s] -- Found PCL_POINT_CLOUD_EDITOR: /usr/include/pcl-1.8  
[7.754s] -- looking for PCL_OUTOFCORE
[7.758s] -- Found PCL_OUTOFCORE: /usr/lib/x86_64-linux-gnu/libpcl_outofcore.so  
[7.760s] -- looking for PCL_PEOPLE
[7.764s] -- Found PCL_PEOPLE: /usr/lib/x86_64-linux-gnu/libpcl_people.so  
[7.840s] -- Found PCL: /usr/lib/x86_64-linux-gnu/libboost_system.so;/usr/lib/x86_64-linux-gnu/libboost_filesystem.so;/usr/lib/x86_64-linux-gnu/libboost_thread.so;/usr/lib/x86_64-linux-gnu/libboost_date_time.so;/usr/lib/x86_64-linux-gnu/libboost_iostreams.so;/usr/lib/x86_64-linux-gnu/libboost_serialization.so;/usr/lib/x86_64-linux-gnu/libboost_chrono.so;/usr/lib/x86_64-linux-gnu/libboost_atomic.so;/usr/lib/x86_64-linux-gnu/libboost_regex.so;/usr/lib/x86_64-linux-gnu/libpthread.so;optimized;/usr/lib/x86_64-linux-gnu/libpcl_common.so;debug;/usr/lib/x86_64-linux-gnu/libpcl_common.so;optimized;/usr/lib/x86_64-linux-gnu/libpcl_octree.so;debug;/usr/lib/x86_64-linux-gnu/libpcl_octree.so;/usr/lib/libOpenNI.so;/usr/lib/libOpenNI2.so;vtkChartsCore;vtkCommonColor;vtkCommonDataModel;vtkCommonMath;vtkCommonCore;vtksys;vtkCommonMisc;vtkCommonSystem;vtkCommonTransforms;vtkInfovisCore;vtkFiltersExtraction;vtkCommonExecutionModel;vtkFiltersCore;vtkFiltersGeneral;vtkCommonComputationalGeometry;vtkFiltersStatistics;vtkImagingFourier;vtkImagingCore;vtkalglib;vtkRenderingContext2D;vtkRenderingCore;vtkFiltersGeometry;vtkFiltersSources;vtkRenderingFreeType;/usr/lib/x86_64-linux-gnu/libfreetype.so;/usr/lib/x86_64-linux-gnu/libz.so;vtkftgl;vtkDICOMParser;vtkDomainsChemistry;vtkIOXML;vtkIOGeometry;vtkIOCore;vtkIOXMLParser;/usr/lib/x86_64-linux-gnu/libexpat.so;vtkFiltersAMR;vtkParallelCore;vtkIOLegacy;vtkFiltersFlowPaths;vtkFiltersGeneric;vtkFiltersHybrid;vtkImagingSources;vtkFiltersHyperTree;vtkFiltersImaging;vtkImagingGeneral;vtkFiltersModeling;vtkFiltersParallel;vtkFiltersParallelFlowPaths;vtkParallelMPI;vtkFiltersParallelGeometry;vtkFiltersParallelImaging;vtkFiltersParallelMPI;vtkFiltersParallelStatistics;vtkFiltersProgrammable;vtkFiltersPython;/usr/lib/x86_64-linux-gnu/libpython2.7.so;vtkWrappingPythonCore;vtkWrappingTools;vtkFiltersReebGraph;vtkFiltersSMP;vtkFiltersSelection;vtkFiltersTexture;vtkFiltersVerdict;verdict;vtkGUISupportQt;vtkInteractionStyle;vtkRenderingOpenGL;vtkImagingHybrid;vtkIOImage;vtkmetaio;/usr/lib/x86_64-linux-gnu/libjpeg.so;/usr/lib/x86_64-linux-gnu/libpng.so;/usr/lib/x86_64-linux-gnu/libtiff.so;vtkGUISupportQtOpenGL;vtkGUISupportQtSQL;vtkIOSQL;sqlite3;vtkGUISupportQtWebkit;vtkViewsQt;vtkViewsInfovis;vtkInfovisLayout;vtkInfovisBoostGraphAlgorithms;vtkRenderingLabel;vtkViewsCore;vtkInteractionWidgets;vtkRenderingAnnotation;vtkImagingColor;vtkRenderingVolume;vtkGeovisCore;/usr/lib/x86_64-linux-gnu/libproj.so;vtkIOAMR;/usr/lib/x86_64-linux-gnu/hdf5/openmpi/libhdf5.so;/usr/lib/x86_64-linux-gnu/libsz.so;/usr/lib/x86_64-linux-gnu/libdl.so;/usr/lib/x86_64-linux-gnu/libm.so;/usr/lib/x86_64-linux-gnu/openmpi/lib/libmpi.so;vtkIOEnSight;vtkIOExodus;vtkexoIIc;/usr/lib/x86_64-linux-gnu/libnetcdf_c++.so;/usr/lib/x86_64-linux-gnu/libnetcdf.so;vtkIOExport;vtkRenderingGL2PS;vtkRenderingContextOpenGL;/usr/lib/x86_64-linux-gnu/libgl2ps.so;vtkIOFFMPEG;vtkIOMovie;/usr/lib/x86_64-linux-gnu/libtheoraenc.so;/usr/lib/x86_64-linux-gnu/libtheoradec.so;/usr/lib/x86_64-linux-gnu/libogg.so;vtkIOGDAL;vtkIOGeoJSON;vtkIOImport;vtkIOInfovis;/usr/lib/x86_64-linux-gnu/libxml2.so;vtkIOLSDyna;vtkIOMINC;vtkIOMPIImage;vtkIOMPIParallel;vtkIOParallel;vtkIONetCDF;/usr/lib/x86_64-linux-gnu/libjsoncpp.so;vtkIOMySQL;vtkIOODBC;vtkIOPLY;vtkIOParallelExodus;vtkIOParallelLSDyna;vtkIOParallelNetCDF;vtkIOParallelXML;vtkIOPostgreSQL;vtkIOVPIC;VPIC;vtkIOVideo;vtkIOXdmf2;vtkxdmf2;vtkImagingMath;vtkImagingMorphological;vtkImagingStatistics;vtkImagingStencil;vtkInteractionImage;vtkLocalExample;vtkParallelMPI4Py;vtkPythonInterpreter;vtkRenderingExternal;vtkRenderingFreeTypeFontConfig;vtkRenderingImage;vtkRenderingLIC;vtkRenderingLOD;vtkRenderingMatplotlib;vtkRenderingParallel;vtkRenderingParallelLIC;vtkRenderingQt;vtkRenderingVolumeAMR;vtkRenderingVolumeOpenGL;vtkTestingGenericBridge;vtkTestingIOSQL;vtkTestingRendering;vtkViewsContext2D;vtkViewsGeovis;vtkWrappingJava;optimized;/usr/lib/x86_64-linux-gnu/libpcl_io.so;debug;/usr/lib/x86_64-linux-gnu/libpcl_io.so;optimized;/usr/lib/x86_64-linux-gnu/libflann_cpp_s.a;debug;/usr/lib/x86_64-linux-gnu/libflann_cpp_s.a;optimized;/usr/lib/x86_64-linux-gnu/libpcl_kdtree.so;debug;/usr/lib/x86_64-linux-gnu/libpcl_kdtree.so;optimized;/usr/lib/x86_64-linux-gnu/libpcl_search.so;debug;/usr/lib/x86_64-linux-gnu/libpcl_search.so;optimized;/usr/lib/x86_64-linux-gnu/libpcl_sample_consensus.so;debug;/usr/lib/x86_64-linux-gnu/libpcl_sample_consensus.so;optimized;/usr/lib/x86_64-linux-gnu/libpcl_filters.so;debug;/usr/lib/x86_64-linux-gnu/libpcl_filters.so;optimized;/usr/lib/x86_64-linux-gnu/libpcl_features.so;debug;/usr/lib/x86_64-linux-gnu/libpcl_features.so;optimized;/usr/lib/x86_64-linux-gnu/libpcl_ml.so;debug;/usr/lib/x86_64-linux-gnu/libpcl_ml.so;optimized;/usr/lib/x86_64-linux-gnu/libpcl_segmentation.so;debug;/usr/lib/x86_64-linux-gnu/libpcl_segmentation.so;optimized;/usr/lib/x86_64-linux-gnu/libpcl_visualization.so;debug;/usr/lib/x86_64-linux-gnu/libpcl_visualization.so;optimized;/usr/lib/x86_64-linux-gnu/libqhull.so;debug;/usr/lib/x86_64-linux-gnu/libqhull.so;optimized;/usr/lib/x86_64-linux-gnu/libpcl_surface.so;debug;/usr/lib/x86_64-linux-gnu/libpcl_surface.so;optimized;/usr/lib/x86_64-linux-gnu/libpcl_registration.so;debug;/usr/lib/x86_64-linux-gnu/libpcl_registration.so;optimized;/usr/lib/x86_64-linux-gnu/libpcl_keypoints.so;debug;/usr/lib/x86_64-linux-gnu/libpcl_keypoints.so;optimized;/usr/lib/x86_64-linux-gnu/libpcl_tracking.so;debug;/usr/lib/x86_64-linux-gnu/libpcl_tracking.so;optimized;/usr/lib/x86_64-linux-gnu/libpcl_recognition.so;debug;/usr/lib/x86_64-linux-gnu/libpcl_recognition.so;optimized;/usr/lib/x86_64-linux-gnu/libpcl_stereo.so;debug;/usr/lib/x86_64-linux-gnu/libpcl_stereo.so;optimized;/usr/lib/x86_64-linux-gnu/libpcl_apps.so;debug;/usr/lib/x86_64-linux-gnu/libpcl_apps.so;optimized;/usr/lib/x86_64-linux-gnu/libpcl_outofcore.so;debug;/usr/lib/x86_64-linux-gnu/libpcl_outofcore.so;optimized;/usr/lib/x86_64-linux-gnu/libpcl_people.so;debug;/usr/lib/x86_64-linux-gnu/libpcl_people.so;/usr/lib/x86_64-linux-gnu/libboost_system.so;/usr/lib/x86_64-linux-gnu/libboost_filesystem.so;/usr/lib/x86_64-linux-gnu/libboost_thread.so;/usr/lib/x86_64-linux-gnu/libboost_date_time.so;/usr/lib/x86_64-linux-gnu/libboost_iostreams.so;/usr/lib/x86_64-linux-gnu/libboost_serialization.so;/usr/lib/x86_64-linux-gnu/libboost_chrono.so;/usr/lib/x86_64-linux-gnu/libboost_atomic.so;/usr/lib/x86_64-linux-gnu/libboost_regex.so;/usr/lib/x86_64-linux-gnu/libpthread.so;optimized;/usr/lib/x86_64-linux-gnu/libqhull.so;debug;/usr/lib/x86_64-linux-gnu/libqhull.so;/usr/lib/libOpenNI.so;/usr/lib/libOpenNI2.so;optimized;/usr/lib/x86_64-linux-gnu/libflann_cpp_s.a;debug;/usr/lib/x86_64-linux-gnu/libflann_cpp_s.a;vtkChartsCore;vtkCommonColor;vtkCommonDataModel;vtkCommonMath;vtkCommonCore;vtksys;vtkCommonMisc;vtkCommonSystem;vtkCommonTransforms;vtkInfovisCore;vtkFiltersExtraction;vtkCommonExecutionModel;vtkFiltersCore;vtkFiltersGeneral;vtkCommonComputationalGeometry;vtkFiltersStatistics;vtkImagingFourier;vtkImagingCore;vtkalglib;vtkRenderingContext2D;vtkRenderingCore;vtkFiltersGeometry;vtkFiltersSources;vtkRenderingFreeType;/usr/lib/x86_64-linux-gnu/libfreetype.so;/usr/lib/x86_64-linux-gnu/libz.so;vtkftgl;vtkDICOMParser;vtkDomainsChemistry;vtkIOXML;vtkIOGeometry;vtkIOCore;vtkIOXMLParser;/usr/lib/x86_64-linux-gnu/libexpat.so;vtkFiltersAMR;vtkParallelCore;vtkIOLegacy;vtkFiltersFlowPaths;vtkFiltersGeneric;vtkFiltersHybrid;vtkImagingSources;vtkFiltersHyperTree;vtkFiltersImaging;vtkImagingGeneral;vtkFiltersModeling;vtkFiltersParallel;vtkFiltersParallelFlowPaths;vtkParallelMPI;vtkFiltersParallelGeometry;vtkFiltersParallelImaging;vtkFiltersParallelMPI;vtkFiltersParallelStatistics;vtkFiltersProgrammable;vtkFiltersPython;/usr/lib/x86_64-linux-gnu/libpython2.7.so;vtkWrappingPythonCore;vtkWrappingTools;vtkFiltersReebGraph;vtkFiltersSMP;vtkFiltersSelection;vtkFiltersTexture;vtkFiltersVerdict;verdict;vtkGUISupportQt;vtkInteractionStyle;vtkRenderingOpenGL;vtkImagingHybrid;vtkIOImage;vtkmetaio;/usr/lib/x86_64-linux-gnu/libjpeg.so;/usr/lib/x86_64-linux-gnu/libpng.so;/usr/lib/x86_64-linux-gnu/libtiff.so;vtkGUISupportQtOpenGL;vtkGUISupportQtSQL;vtkIOSQL;sqlite3;vtkGUISupportQtWebkit;vtkViewsQt;vtkViewsInfovis;vtkInfovisLayout;vtkInfovisBoostGraphAlgorithms;vtkRenderingLabel;vtkViewsCore;vtkInteractionWidgets;vtkRenderingAnnotation;vtkImagingColor;vtkRenderingVolume;vtkGeovisCore;/usr/lib/x86_64-linux-gnu/libproj.so;vtkIOAMR;/usr/lib/x86_64-linux-gnu/hdf5/openmpi/libhdf5.so;/usr/lib/x86_64-linux-gnu/libsz.so;/usr/lib/x86_64-linux-gnu/libdl.so;/usr/lib/x86_64-linux-gnu/libm.so;/usr/lib/x86_64-linux-gnu/openmpi/lib/libmpi.so;vtkIOEnSight;vtkIOExodus;vtkexoIIc;/usr/lib/x86_64-linux-gnu/libnetcdf_c++.so;/usr/lib/x86_64-linux-gnu/libnetcdf.so;vtkIOExport;vtkRenderingGL2PS;vtkRenderingContextOpenGL;/usr/lib/x86_64-linux-gnu/libgl2ps.so;vtkIOFFMPEG;vtkIOMovie;/usr/lib/x86_64-linux-gnu/libtheoraenc.so;/usr/lib/x86_64-linux-gnu/libtheoradec.so;/usr/lib/x86_64-linux-gnu/libogg.so;vtkIOGDAL;vtkIOGeoJSON;vtkIOImport;vtkIOInfovis;/usr/lib/x86_64-linux-gnu/libxml2.so;vtkIOLSDyna;vtkIOMINC;vtkIOMPIImage;vtkIOMPIParallel;vtkIOParallel;vtkIONetCDF;/usr/lib/x86_64-linux-gnu/libjsoncpp.so;vtkIOMySQL;vtkIOODBC;vtkIOPLY;vtkIOParallelExodus;vtkIOParallelLSDyna;vtkIOParallelNetCDF;vtkIOParallelXML;vtkIOPostgreSQL;vtkIOVPIC;VPIC;vtkIOVideo;vtkIOXdmf2;vtkxdmf2;vtkImagingMath;vtkImagingMorphological;vtkImagingStatistics;vtkImagingStencil;vtkInteractionImage;vtkLocalExample;vtkParallelMPI4Py;vtkPythonInterpreter;vtkRenderingExternal;vtkRenderingFreeTypeFontConfig;vtkRenderingImage;vtkRenderingLIC;vtkRenderingLOD;vtkRenderingMatplotlib;vtkRenderingParallel;vtkRenderingParallelLIC;vtkRenderingQt;vtkRenderingVolumeAMR;vtkRenderingVolumeOpenGL;vtkTestingGenericBridge;vtkTestingIOSQL;vtkTestingRendering;vtkViewsContext2D;vtkViewsGeovis;vtkWrappingJava (Required is at least version "1.7") 
[7.879s] -- Found OpenCV: /usr (found version "3.2.0") 
[8.190s] -- Configuring done
[8.676s] -- Generating done
[8.707s] -- Build files have been written to: /home/chinchia120/autoware.ai/build/lidar_shape_estimation
[8.726s] Invoked command in '/home/chinchia120/autoware.ai/build/lidar_shape_estimation' returned '0': CMAKE_PREFIX_PATH=/home/chinchia120/autoware.ai/install/autoware_msgs:/home/chinchia120/autoware.ai/install/autoware_build_flags:${CMAKE_PREFIX_PATH} PKG_CONFIG_PATH=/home/chinchia120/autoware.ai/install/autoware_msgs/lib/x86_64-linux-gnu/pkgconfig:/home/chinchia120/autoware.ai/install/autoware_msgs/lib/pkgconfig:/home/chinchia120/autoware.ai/install/autoware_build_flags/lib/x86_64-linux-gnu/pkgconfig:/home/chinchia120/autoware.ai/install/autoware_build_flags/lib/pkgconfig:${PKG_CONFIG_PATH} PYTHONPATH=/home/chinchia120/autoware.ai/install/autoware_msgs/lib/python2.7/dist-packages:${PYTHONPATH} ROS_PACKAGE_PATH=/home/chinchia120/autoware.ai/install/autoware_msgs/share:/home/chinchia120/autoware.ai/install/autoware_build_flags/share:${ROS_PACKAGE_PATH} /usr/bin/cmake /home/chinchia120/autoware.ai/src/autoware/core_perception/lidar_shape_estimation -DCMAKE_BUILD_TYPE=Release -DCATKIN_INSTALL_INTO_PREFIX_ROOT=0 -DCMAKE_INSTALL_PREFIX=/home/chinchia120/autoware.ai/install/lidar_shape_estimation
[8.733s] Invoking command in '/home/chinchia120/autoware.ai/build/lidar_shape_estimation': CMAKE_PREFIX_PATH=/home/chinchia120/autoware.ai/install/autoware_msgs:/home/chinchia120/autoware.ai/install/autoware_build_flags:${CMAKE_PREFIX_PATH} PKG_CONFIG_PATH=/home/chinchia120/autoware.ai/install/autoware_msgs/lib/x86_64-linux-gnu/pkgconfig:/home/chinchia120/autoware.ai/install/autoware_msgs/lib/pkgconfig:/home/chinchia120/autoware.ai/install/autoware_build_flags/lib/x86_64-linux-gnu/pkgconfig:/home/chinchia120/autoware.ai/install/autoware_build_flags/lib/pkgconfig:${PKG_CONFIG_PATH} PYTHONPATH=/home/chinchia120/autoware.ai/install/autoware_msgs/lib/python2.7/dist-packages:${PYTHONPATH} ROS_PACKAGE_PATH=/home/chinchia120/autoware.ai/install/autoware_msgs/share:/home/chinchia120/autoware.ai/install/autoware_build_flags/share:${ROS_PACKAGE_PATH} /usr/bin/cmake --build /home/chinchia120/autoware.ai/build/lidar_shape_estimation -- -j4 -l4
[8.862s] [35m[1mScanning dependencies of target std_srvs_generate_messages_lisp[0m
[8.908s] [  0%] Built target std_srvs_generate_messages_lisp
[8.949s] [35m[1mScanning dependencies of target tf2_msgs_generate_messages_cpp[0m
[8.985s] [  0%] Built target tf2_msgs_generate_messages_cpp
[9.016s] [35m[1mScanning dependencies of target tf2_msgs_generate_messages_py[0m
[9.050s] [  0%] Built target tf2_msgs_generate_messages_py
[9.081s] [35m[1mScanning dependencies of target actionlib_generate_messages_py[0m
[9.103s] [  0%] Built target actionlib_generate_messages_py
[9.131s] [35m[1mScanning dependencies of target actionlib_generate_messages_cpp[0m
[9.157s] [  0%] Built target actionlib_generate_messages_cpp
[9.185s] [35m[1mScanning dependencies of target tf_generate_messages_nodejs[0m
[9.210s] [  0%] Built target tf_generate_messages_nodejs
[9.241s] [35m[1mScanning dependencies of target tf_generate_messages_lisp[0m
[9.267s] [  0%] Built target tf_generate_messages_lisp
[9.297s] [35m[1mScanning dependencies of target topic_tools_generate_messages_nodejs[0m
[9.322s] [  0%] Built target topic_tools_generate_messages_nodejs
[9.347s] [35m[1mScanning dependencies of target topic_tools_generate_messages_eus[0m
[9.377s] [  0%] Built target topic_tools_generate_messages_eus
[9.406s] [35m[1mScanning dependencies of target topic_tools_generate_messages_cpp[0m
[9.436s] [  0%] Built target topic_tools_generate_messages_cpp
[9.468s] [35m[1mScanning dependencies of target std_srvs_generate_messages_py[0m
[9.496s] [  0%] Built target std_srvs_generate_messages_py
[9.520s] [35m[1mScanning dependencies of target geometry_msgs_generate_messages_py[0m
[9.549s] [  0%] Built target geometry_msgs_generate_messages_py
[9.572s] [35m[1mScanning dependencies of target sensor_msgs_generate_messages_nodejs[0m
[9.608s] [  0%] Built target sensor_msgs_generate_messages_nodejs
[9.634s] [35m[1mScanning dependencies of target roscpp_generate_messages_cpp[0m
[9.666s] [  0%] Built target roscpp_generate_messages_cpp
[9.697s] [35m[1mScanning dependencies of target pcl_msgs_generate_messages_eus[0m
[9.725s] [  0%] Built target pcl_msgs_generate_messages_eus
[9.753s] [35m[1mScanning dependencies of target rosgraph_msgs_generate_messages_eus[0m
[9.783s] [  0%] Built target rosgraph_msgs_generate_messages_eus
[9.806s] [35m[1mScanning dependencies of target jsk_recognition_msgs_generate_messages_lisp[0m
[9.829s] [  0%] Built target jsk_recognition_msgs_generate_messages_lisp
[9.863s] [35m[1mScanning dependencies of target jsk_recognition_msgs_generate_messages_eus[0m
[9.895s] [  0%] Built target jsk_recognition_msgs_generate_messages_eus
[9.925s] [35m[1mScanning dependencies of target std_msgs_generate_messages_py[0m
[9.956s] [  0%] Built target std_msgs_generate_messages_py
[9.987s] [35m[1mScanning dependencies of target std_msgs_generate_messages_nodejs[0m
[10.014s] [  0%] Built target std_msgs_generate_messages_nodejs
[10.035s] [35m[1mScanning dependencies of target bond_generate_messages_lisp[0m
[10.065s] [  0%] Built target bond_generate_messages_lisp
[10.096s] [35m[1mScanning dependencies of target sensor_msgs_generate_messages_eus[0m
[10.123s] [  0%] Built target sensor_msgs_generate_messages_eus
[10.150s] [35m[1mScanning dependencies of target sensor_msgs_generate_messages_cpp[0m
[10.173s] [  0%] Built target sensor_msgs_generate_messages_cpp
[10.202s] [35m[1mScanning dependencies of target autoware_msgs_generate_messages_cpp[0m
[10.232s] [  0%] Built target autoware_msgs_generate_messages_cpp
[10.259s] [35m[1mScanning dependencies of target tf_generate_messages_py[0m
[10.288s] [  0%] Built target tf_generate_messages_py
[10.311s] [35m[1mScanning dependencies of target dynamic_reconfigure_generate_messages_cpp[0m
[10.332s] [  0%] Built target dynamic_reconfigure_generate_messages_cpp
[10.366s] [35m[1mScanning dependencies of target rosgraph_msgs_generate_messages_cpp[0m
[10.388s] [  0%] Built target rosgraph_msgs_generate_messages_cpp
[10.417s] [35m[1mScanning dependencies of target pcl_msgs_generate_messages_nodejs[0m
[10.449s] [  0%] Built target pcl_msgs_generate_messages_nodejs
[10.473s] [35m[1mScanning dependencies of target nodelet_generate_messages_nodejs[0m
[10.499s] [  0%] Built target nodelet_generate_messages_nodejs
[10.531s] [35m[1mScanning dependencies of target jsk_recognition_msgs_generate_messages_py[0m
[10.563s] [  0%] Built target jsk_recognition_msgs_generate_messages_py
[10.602s] [35m[1mScanning dependencies of target sensor_msgs_generate_messages_lisp[0m
[10.629s] [  0%] Built target sensor_msgs_generate_messages_lisp
[10.659s] [35m[1mScanning dependencies of target std_msgs_generate_messages_cpp[0m
[10.688s] [  0%] Built target std_msgs_generate_messages_cpp
[10.711s] [35m[1mScanning dependencies of target jsk_footstep_msgs_generate_messages_py[0m
[10.733s] [  0%] Built target jsk_footstep_msgs_generate_messages_py
[10.765s] [35m[1mScanning dependencies of target sensor_msgs_generate_messages_py[0m
[10.794s] [  0%] Built target sensor_msgs_generate_messages_py
[10.823s] [35m[1mScanning dependencies of target nodelet_generate_messages_py[0m
[10.852s] [  0%] Built target nodelet_generate_messages_py
[10.876s] [35m[1mScanning dependencies of target geometry_msgs_generate_messages_eus[0m
[10.897s] [  0%] Built target geometry_msgs_generate_messages_eus
[10.923s] [35m[1mScanning dependencies of target std_msgs_generate_messages_lisp[0m
[10.953s] [  0%] Built target std_msgs_generate_messages_lisp
[10.988s] [35m[1mScanning dependencies of target roscpp_generate_messages_nodejs[0m
[11.013s] [  0%] Built target roscpp_generate_messages_nodejs
[11.035s] [35m[1mScanning dependencies of target geometry_msgs_generate_messages_nodejs[0m
[11.066s] [  0%] Built target geometry_msgs_generate_messages_nodejs
[11.090s] [35m[1mScanning dependencies of target actionlib_generate_messages_eus[0m
[11.121s] [  0%] Built target actionlib_generate_messages_eus
[11.153s] [35m[1mScanning dependencies of target pcl_msgs_generate_messages_py[0m
[11.181s] [  0%] Built target pcl_msgs_generate_messages_py
[11.212s] [35m[1mScanning dependencies of target geometry_msgs_generate_messages_lisp[0m
[11.248s] [  0%] Built target geometry_msgs_generate_messages_lisp
[11.280s] [35m[1mScanning dependencies of target actionlib_generate_messages_lisp[0m
[11.312s] [  0%] Built target actionlib_generate_messages_lisp
[11.348s] [35m[1mScanning dependencies of target geometry_msgs_generate_messages_cpp[0m
[11.377s] [  0%] Built target geometry_msgs_generate_messages_cpp
[11.405s] [35m[1mScanning dependencies of target pcl_msgs_generate_messages_cpp[0m
[11.427s] [  0%] Built target pcl_msgs_generate_messages_cpp
[11.459s] [35m[1mScanning dependencies of target dynamic_reconfigure_generate_messages_lisp[0m
[11.488s] [  0%] Built target dynamic_reconfigure_generate_messages_lisp
[11.512s] [35m[1mScanning dependencies of target topic_tools_generate_messages_lisp[0m
[11.534s] [  0%] Built target topic_tools_generate_messages_lisp
[11.566s] [35m[1mScanning dependencies of target jsk_recognition_msgs_generate_messages_cpp[0m
[11.589s] [  0%] Built target jsk_recognition_msgs_generate_messages_cpp
[11.611s] [35m[1mScanning dependencies of target autoware_msgs_generate_messages_eus[0m
[11.633s] [  0%] Built target autoware_msgs_generate_messages_eus
[11.657s] [35m[1mScanning dependencies of target autoware_msgs_generate_messages_lisp[0m
[11.684s] [  0%] Built target autoware_msgs_generate_messages_lisp
[11.706s] [35m[1mScanning dependencies of target autoware_msgs_generate_messages_py[0m
[11.735s] [  0%] Built target autoware_msgs_generate_messages_py
[11.763s] [35m[1mScanning dependencies of target nodelet_generate_messages_lisp[0m
[11.789s] [  0%] Built target nodelet_generate_messages_lisp
[11.819s] [35m[1mScanning dependencies of target actionlib_generate_messages_nodejs[0m
[11.849s] [  0%] Built target actionlib_generate_messages_nodejs
[11.875s] [35m[1mScanning dependencies of target tf_generate_messages_cpp[0m
[11.932s] [  0%] Built target tf_generate_messages_cpp
[11.964s] [35m[1mScanning dependencies of target pcl_msgs_generate_messages_lisp[0m
[11.994s] [  0%] Built target pcl_msgs_generate_messages_lisp
[12.021s] [35m[1mScanning dependencies of target std_msgs_generate_messages_eus[0m
[12.053s] [  0%] Built target std_msgs_generate_messages_eus
[12.082s] [35m[1mScanning dependencies of target autoware_msgs_generate_messages_nodejs[0m
[12.104s] [  0%] Built target autoware_msgs_generate_messages_nodejs
[12.125s] [35m[1mScanning dependencies of target jsk_footstep_msgs_generate_messages_eus[0m
[12.155s] [  0%] Built target jsk_footstep_msgs_generate_messages_eus
[12.187s] [35m[1mScanning dependencies of target actionlib_msgs_generate_messages_py[0m
[12.212s] [  0%] Built target actionlib_msgs_generate_messages_py
[12.242s] [35m[1mScanning dependencies of target jsk_footstep_msgs_generate_messages_lisp[0m
[12.274s] [  0%] Built target jsk_footstep_msgs_generate_messages_lisp
[12.303s] [35m[1mScanning dependencies of target jsk_footstep_msgs_generate_messages_nodejs[0m
[12.335s] [  0%] Built target jsk_footstep_msgs_generate_messages_nodejs
[12.358s] [35m[1mScanning dependencies of target tf_generate_messages_eus[0m
[12.388s] [  0%] Built target tf_generate_messages_eus
[12.421s] [35m[1mScanning dependencies of target jsk_footstep_msgs_generate_messages_cpp[0m
[12.445s] [  0%] Built target jsk_footstep_msgs_generate_messages_cpp
[12.481s] [35m[1mScanning dependencies of target actionlib_msgs_generate_messages_cpp[0m
[12.514s] [  0%] Built target actionlib_msgs_generate_messages_cpp
[12.541s] [35m[1mScanning dependencies of target std_srvs_generate_messages_cpp[0m
[12.567s] [  0%] Built target std_srvs_generate_messages_cpp
[12.593s] [35m[1mScanning dependencies of target actionlib_msgs_generate_messages_lisp[0m
[12.626s] [  0%] Built target actionlib_msgs_generate_messages_lisp
[12.660s] [35m[1mScanning dependencies of target pcl_ros_gencfg[0m
[12.689s] [  0%] Built target pcl_ros_gencfg
[12.717s] [35m[1mScanning dependencies of target dynamic_reconfigure_generate_messages_eus[0m
[12.753s] [  0%] Built target dynamic_reconfigure_generate_messages_eus
[12.782s] [35m[1mScanning dependencies of target dynamic_reconfigure_generate_messages_nodejs[0m
[12.805s] [  0%] Built target dynamic_reconfigure_generate_messages_nodejs
[12.829s] [35m[1mScanning dependencies of target dynamic_reconfigure_generate_messages_py[0m
[12.857s] [  0%] Built target dynamic_reconfigure_generate_messages_py
[12.880s] [35m[1mScanning dependencies of target tf2_msgs_generate_messages_lisp[0m
[12.905s] [  0%] Built target tf2_msgs_generate_messages_lisp
[12.935s] [35m[1mScanning dependencies of target dynamic_reconfigure_gencfg[0m
[12.958s] [  0%] Built target dynamic_reconfigure_gencfg
[12.982s] [35m[1mScanning dependencies of target jsk_recognition_msgs_generate_messages_nodejs[0m
[13.013s] [  0%] Built target jsk_recognition_msgs_generate_messages_nodejs
[13.040s] [35m[1mScanning dependencies of target std_srvs_generate_messages_eus[0m
[13.067s] [  0%] Built target std_srvs_generate_messages_eus
[13.095s] [35m[1mScanning dependencies of target roscpp_generate_messages_lisp[0m
[13.126s] [  0%] Built target roscpp_generate_messages_lisp
[13.157s] [35m[1mScanning dependencies of target bond_generate_messages_eus[0m
[13.185s] [  0%] Built target bond_generate_messages_eus
[13.206s] [35m[1mScanning dependencies of target roscpp_generate_messages_py[0m
[13.234s] [  0%] Built target roscpp_generate_messages_py
[13.259s] [35m[1mScanning dependencies of target rosgraph_msgs_generate_messages_lisp[0m
[13.282s] [  0%] Built target rosgraph_msgs_generate_messages_lisp
[13.314s] [35m[1mScanning dependencies of target rosgraph_msgs_generate_messages_nodejs[0m
[13.337s] [  0%] Built target rosgraph_msgs_generate_messages_nodejs
[13.367s] [35m[1mScanning dependencies of target roscpp_generate_messages_eus[0m
[13.393s] [  0%] Built target roscpp_generate_messages_eus
[13.421s] [35m[1mScanning dependencies of target actionlib_msgs_generate_messages_eus[0m
[13.453s] [  0%] Built target actionlib_msgs_generate_messages_eus
[13.482s] [35m[1mScanning dependencies of target rosgraph_msgs_generate_messages_py[0m
[13.507s] [  0%] Built target rosgraph_msgs_generate_messages_py
[13.526s] [35m[1mScanning dependencies of target nodelet_generate_messages_cpp[0m
[13.557s] [  0%] Built target nodelet_generate_messages_cpp
[13.585s] [35m[1mScanning dependencies of target bond_generate_messages_py[0m
[13.612s] [  0%] Built target bond_generate_messages_py
[13.633s] [35m[1mScanning dependencies of target std_srvs_generate_messages_nodejs[0m
[13.659s] [  0%] Built target std_srvs_generate_messages_nodejs
[13.680s] [35m[1mScanning dependencies of target nodelet_generate_messages_eus[0m
[13.707s] [  0%] Built target nodelet_generate_messages_eus
[13.729s] [35m[1mScanning dependencies of target bond_generate_messages_cpp[0m
[13.757s] [  0%] Built target bond_generate_messages_cpp
[13.781s] [35m[1mScanning dependencies of target bond_generate_messages_nodejs[0m
[13.835s] [  0%] Built target bond_generate_messages_nodejs
[13.868s] [35m[1mScanning dependencies of target topic_tools_generate_messages_py[0m
[13.889s] [  0%] Built target topic_tools_generate_messages_py
[13.916s] [35m[1mScanning dependencies of target actionlib_msgs_generate_messages_nodejs[0m
[13.941s] [  0%] Built target actionlib_msgs_generate_messages_nodejs
[13.971s] [35m[1mScanning dependencies of target nodelet_topic_tools_gencfg[0m
[13.995s] [  0%] Built target nodelet_topic_tools_gencfg
[14.026s] [35m[1mScanning dependencies of target _catkin_empty_exported_target[0m
[14.054s] [  0%] Built target _catkin_empty_exported_target
[14.084s] [35m[1mScanning dependencies of target tf2_msgs_generate_messages_eus[0m
[14.115s] [  0%] Built target tf2_msgs_generate_messages_eus
[14.146s] [35m[1mScanning dependencies of target tf2_msgs_generate_messages_nodejs[0m
[14.178s] [  0%] Built target tf2_msgs_generate_messages_nodejs
[14.207s] [35m[1mScanning dependencies of target lidar_shape_estimation[0m
[14.509s] [ 14%] [32mBuilding CXX object CMakeFiles/lidar_shape_estimation.dir/src/main.cpp.o[0m
[25.408s] [ 28%] [32mBuilding CXX object CMakeFiles/lidar_shape_estimation.dir/src/model/bounding_box.cpp.o[0m
[37.306s] [ 42%] [32mBuilding CXX object CMakeFiles/lidar_shape_estimation.dir/src/model/convex_hull.cpp.o[0m
[53.149s] [ 57%] [32mBuilding CXX object CMakeFiles/lidar_shape_estimation.dir/src/model/cylinder.cpp.o[0m
[66.323s] [ 71%] [32mBuilding CXX object CMakeFiles/lidar_shape_estimation.dir/src/shape_estimator.cpp.o[0m
[78.050s] [ 85%] [32mBuilding CXX object CMakeFiles/lidar_shape_estimation.dir/src/node.cpp.o[0m
[92.624s] [100%] [32m[1mLinking CXX executable devel/lib/lidar_shape_estimation/lidar_shape_estimation[0m
[96.276s] [100%] Built target lidar_shape_estimation
[96.301s] Invoked command in '/home/chinchia120/autoware.ai/build/lidar_shape_estimation' returned '0': CMAKE_PREFIX_PATH=/home/chinchia120/autoware.ai/install/autoware_msgs:/home/chinchia120/autoware.ai/install/autoware_build_flags:${CMAKE_PREFIX_PATH} PKG_CONFIG_PATH=/home/chinchia120/autoware.ai/install/autoware_msgs/lib/x86_64-linux-gnu/pkgconfig:/home/chinchia120/autoware.ai/install/autoware_msgs/lib/pkgconfig:/home/chinchia120/autoware.ai/install/autoware_build_flags/lib/x86_64-linux-gnu/pkgconfig:/home/chinchia120/autoware.ai/install/autoware_build_flags/lib/pkgconfig:${PKG_CONFIG_PATH} PYTHONPATH=/home/chinchia120/autoware.ai/install/autoware_msgs/lib/python2.7/dist-packages:${PYTHONPATH} ROS_PACKAGE_PATH=/home/chinchia120/autoware.ai/install/autoware_msgs/share:/home/chinchia120/autoware.ai/install/autoware_build_flags/share:${ROS_PACKAGE_PATH} /usr/bin/cmake --build /home/chinchia120/autoware.ai/build/lidar_shape_estimation -- -j4 -l4
[96.652s] Invoking command in '/home/chinchia120/autoware.ai/build/lidar_shape_estimation': CMAKE_PREFIX_PATH=/home/chinchia120/autoware.ai/install/autoware_msgs:/home/chinchia120/autoware.ai/install/autoware_build_flags:${CMAKE_PREFIX_PATH} PKG_CONFIG_PATH=/home/chinchia120/autoware.ai/install/autoware_msgs/lib/x86_64-linux-gnu/pkgconfig:/home/chinchia120/autoware.ai/install/autoware_msgs/lib/pkgconfig:/home/chinchia120/autoware.ai/install/autoware_build_flags/lib/x86_64-linux-gnu/pkgconfig:/home/chinchia120/autoware.ai/install/autoware_build_flags/lib/pkgconfig:${PKG_CONFIG_PATH} PYTHONPATH=/home/chinchia120/autoware.ai/install/autoware_msgs/lib/python2.7/dist-packages:${PYTHONPATH} ROS_PACKAGE_PATH=/home/chinchia120/autoware.ai/install/autoware_msgs/share:/home/chinchia120/autoware.ai/install/autoware_build_flags/share:${ROS_PACKAGE_PATH} /usr/bin/cmake --build /home/chinchia120/autoware.ai/build/lidar_shape_estimation --target tests -- -j4 -l4
[96.809s] [35m[1mScanning dependencies of target gtest[0m
[96.844s] [ 12%] [32mBuilding CXX object gtest/googlemock/gtest/CMakeFiles/gtest.dir/src/gtest-all.cc.o[0m
[104.736s] [ 25%] [32m[1mLinking CXX shared library libgtest.so[0m
[104.883s] [ 25%] Built target gtest
[104.913s] [35m[1mScanning dependencies of target test-lidar_shape_estimation[0m
[105.176s] [ 37%] [32mBuilding CXX object CMakeFiles/test-lidar_shape_estimation.dir/test/src/test_lidar_shape_estimation.cpp.o[0m
[116.621s] [ 50%] [32mBuilding CXX object CMakeFiles/test-lidar_shape_estimation.dir/src/model/convex_hull.cpp.o[0m
[138.910s] [ 62%] [32mBuilding CXX object CMakeFiles/test-lidar_shape_estimation.dir/src/model/cylinder.cpp.o[0m
[165.507s] [ 75%] [32mBuilding CXX object CMakeFiles/test-lidar_shape_estimation.dir/src/model/bounding_box.cpp.o[0m
[183.302s] [ 87%] [32mBuilding CXX object CMakeFiles/test-lidar_shape_estimation.dir/src/shape_estimator.cpp.o[0m
[196.845s] [100%] [32m[1mLinking CXX executable devel/lib/lidar_shape_estimation/test-lidar_shape_estimation[0m
[200.821s] [100%] Built target test-lidar_shape_estimation
[200.849s] [35m[1mScanning dependencies of target tests[0m
[200.874s] [100%] Built target tests
[201.058s] Invoked command in '/home/chinchia120/autoware.ai/build/lidar_shape_estimation' returned '0': CMAKE_PREFIX_PATH=/home/chinchia120/autoware.ai/install/autoware_msgs:/home/chinchia120/autoware.ai/install/autoware_build_flags:${CMAKE_PREFIX_PATH} PKG_CONFIG_PATH=/home/chinchia120/autoware.ai/install/autoware_msgs/lib/x86_64-linux-gnu/pkgconfig:/home/chinchia120/autoware.ai/install/autoware_msgs/lib/pkgconfig:/home/chinchia120/autoware.ai/install/autoware_build_flags/lib/x86_64-linux-gnu/pkgconfig:/home/chinchia120/autoware.ai/install/autoware_build_flags/lib/pkgconfig:${PKG_CONFIG_PATH} PYTHONPATH=/home/chinchia120/autoware.ai/install/autoware_msgs/lib/python2.7/dist-packages:${PYTHONPATH} ROS_PACKAGE_PATH=/home/chinchia120/autoware.ai/install/autoware_msgs/share:/home/chinchia120/autoware.ai/install/autoware_build_flags/share:${ROS_PACKAGE_PATH} /usr/bin/cmake --build /home/chinchia120/autoware.ai/build/lidar_shape_estimation --target tests -- -j4 -l4
[201.545s] Invoking command in '/home/chinchia120/autoware.ai/build/lidar_shape_estimation': CMAKE_PREFIX_PATH=/home/chinchia120/autoware.ai/install/autoware_msgs:/home/chinchia120/autoware.ai/install/autoware_build_flags:${CMAKE_PREFIX_PATH} PKG_CONFIG_PATH=/home/chinchia120/autoware.ai/install/autoware_msgs/lib/x86_64-linux-gnu/pkgconfig:/home/chinchia120/autoware.ai/install/autoware_msgs/lib/pkgconfig:/home/chinchia120/autoware.ai/install/autoware_build_flags/lib/x86_64-linux-gnu/pkgconfig:/home/chinchia120/autoware.ai/install/autoware_build_flags/lib/pkgconfig:${PKG_CONFIG_PATH} PYTHONPATH=/home/chinchia120/autoware.ai/install/autoware_msgs/lib/python2.7/dist-packages:${PYTHONPATH} ROS_PACKAGE_PATH=/home/chinchia120/autoware.ai/install/autoware_msgs/share:/home/chinchia120/autoware.ai/install/autoware_build_flags/share:${ROS_PACKAGE_PATH} /usr/bin/cmake --build /home/chinchia120/autoware.ai/build/lidar_shape_estimation --target install -- -j4 -l4
[201.788s] [  0%] Built target std_srvs_generate_messages_lisp
[201.848s] [  0%] Built target tf2_msgs_generate_messages_cpp
[201.903s] [  0%] Built target tf2_msgs_generate_messages_py
[201.960s] [  0%] Built target actionlib_generate_messages_py
[202.020s] [  0%] Built target actionlib_generate_messages_cpp
[202.077s] [  0%] Built target tf_generate_messages_nodejs
[202.127s] [  0%] Built target tf_generate_messages_lisp
[202.193s] [  0%] Built target topic_tools_generate_messages_nodejs
[202.249s] [  0%] Built target topic_tools_generate_messages_eus
[202.297s] [  0%] Built target topic_tools_generate_messages_cpp
[202.347s] [  0%] Built target std_srvs_generate_messages_py
[202.394s] [  0%] Built target geometry_msgs_generate_messages_py
[202.452s] [  0%] Built target sensor_msgs_generate_messages_nodejs
[202.533s] [  0%] Built target roscpp_generate_messages_cpp
[202.614s] [  0%] Built target pcl_msgs_generate_messages_eus
[202.667s] [  0%] Built target rosgraph_msgs_generate_messages_eus
[202.715s] [  0%] Built target jsk_recognition_msgs_generate_messages_lisp
[202.773s] [  0%] Built target jsk_recognition_msgs_generate_messages_eus
[202.837s] [  0%] Built target std_msgs_generate_messages_py
[202.892s] [  0%] Built target std_msgs_generate_messages_nodejs
[202.950s] [  0%] Built target bond_generate_messages_lisp
[203.012s] [  0%] Built target sensor_msgs_generate_messages_eus
[203.060s] [  0%] Built target sensor_msgs_generate_messages_cpp
[203.121s] [  0%] Built target autoware_msgs_generate_messages_cpp
[203.170s] [  0%] Built target tf_generate_messages_py
[203.219s] [  0%] Built target dynamic_reconfigure_generate_messages_cpp
[203.280s] [  0%] Built target rosgraph_msgs_generate_messages_cpp
[203.333s] [  0%] Built target pcl_msgs_generate_messages_nodejs
[203.378s] [  0%] Built target nodelet_generate_messages_nodejs
[203.425s] [  0%] Built target jsk_recognition_msgs_generate_messages_py
[203.496s] [  0%] Built target sensor_msgs_generate_messages_lisp
[203.575s] [  0%] Built target std_msgs_generate_messages_cpp
[203.647s] [  0%] Built target jsk_footstep_msgs_generate_messages_py
[203.764s] [  0%] Built target sensor_msgs_generate_messages_py
[203.813s] [  0%] Built target nodelet_generate_messages_py
[203.857s] [  0%] Built target geometry_msgs_generate_messages_eus
[203.918s] [  0%] Built target std_msgs_generate_messages_lisp
[203.975s] [  0%] Built target roscpp_generate_messages_nodejs
[204.022s] [  0%] Built target geometry_msgs_generate_messages_nodejs
[204.071s] [  0%] Built target actionlib_generate_messages_eus
[204.123s] [  0%] Built target pcl_msgs_generate_messages_py
[204.173s] [  0%] Built target geometry_msgs_generate_messages_lisp
[204.233s] [  0%] Built target actionlib_generate_messages_lisp
[204.290s] [  0%] Built target geometry_msgs_generate_messages_cpp
[204.349s] [  0%] Built target pcl_msgs_generate_messages_cpp
[204.405s] [  0%] Built target dynamic_reconfigure_generate_messages_lisp
[204.462s] [  0%] Built target topic_tools_generate_messages_lisp
[204.543s] [  0%] Built target jsk_recognition_msgs_generate_messages_cpp
[204.621s] [  0%] Built target autoware_msgs_generate_messages_eus
[204.686s] [  0%] Built target autoware_msgs_generate_messages_lisp
[204.741s] [  0%] Built target autoware_msgs_generate_messages_py
[204.800s] [  0%] Built target nodelet_generate_messages_lisp
[204.861s] [  0%] Built target actionlib_generate_messages_nodejs
[204.913s] [  0%] Built target tf_generate_messages_cpp
[204.963s] [  0%] Built target pcl_msgs_generate_messages_lisp
[205.023s] [  0%] Built target std_msgs_generate_messages_eus
[205.073s] [  0%] Built target autoware_msgs_generate_messages_nodejs
[205.136s] [  0%] Built target jsk_footstep_msgs_generate_messages_eus
[205.192s] [  0%] Built target actionlib_msgs_generate_messages_py
[205.249s] [  0%] Built target jsk_footstep_msgs_generate_messages_lisp
[205.308s] [  0%] Built target jsk_footstep_msgs_generate_messages_nodejs
[205.359s] [  0%] Built target tf_generate_messages_eus
[205.424s] [  0%] Built target jsk_footstep_msgs_generate_messages_cpp
[205.485s] [  0%] Built target actionlib_msgs_generate_messages_cpp
[205.551s] [  0%] Built target std_srvs_generate_messages_cpp
[205.617s] [  0%] Built target actionlib_msgs_generate_messages_lisp
[205.683s] [  0%] Built target pcl_ros_gencfg
[205.773s] [  0%] Built target dynamic_reconfigure_generate_messages_eus
[205.851s] [  0%] Built target dynamic_reconfigure_generate_messages_nodejs
[205.922s] [  0%] Built target dynamic_reconfigure_generate_messages_py
[206.005s] [  0%] Built target tf2_msgs_generate_messages_lisp
[206.095s] [  0%] Built target dynamic_reconfigure_gencfg
[206.167s] [  0%] Built target jsk_recognition_msgs_generate_messages_nodejs
[206.220s] [  0%] Built target std_srvs_generate_messages_eus
[206.272s] [  0%] Built target roscpp_generate_messages_lisp
[206.331s] [  0%] Built target bond_generate_messages_eus
[206.390s] [  0%] Built target roscpp_generate_messages_py
[206.448s] [  0%] Built target rosgraph_msgs_generate_messages_lisp
[206.517s] [  0%] Built target rosgraph_msgs_generate_messages_nodejs
[206.577s] [  0%] Built target roscpp_generate_messages_eus
[206.647s] [  0%] Built target actionlib_msgs_generate_messages_eus
[206.718s] [  0%] Built target rosgraph_msgs_generate_messages_py
[206.783s] [  0%] Built target nodelet_generate_messages_cpp
[206.876s] [  0%] Built target bond_generate_messages_py
[207.040s] [  0%] Built target std_srvs_generate_messages_nodejs
[207.122s] [  0%] Built target nodelet_generate_messages_eus
[207.220s] [  0%] Built target bond_generate_messages_cpp
[207.307s] [  0%] Built target bond_generate_messages_nodejs
[207.399s] [  0%] Built target topic_tools_generate_messages_py
[207.469s] [  0%] Built target actionlib_msgs_generate_messages_nodejs
[207.537s] [  0%] Built target nodelet_topic_tools_gencfg
[207.614s] [  0%] Built target _catkin_empty_exported_target
[207.671s] [  0%] Built target tf2_msgs_generate_messages_eus
[207.737s] [  0%] Built target tf2_msgs_generate_messages_nodejs
[207.890s] [100%] Built target lidar_shape_estimation
[207.966s] [36mInstall the project...[0m
[208.004s] -- Install configuration: "Release"
[208.025s] -- Installing: /home/chinchia120/autoware.ai/install/lidar_shape_estimation/lib/pkgconfig/lidar_shape_estimation.pc
[208.039s] -- Installing: /home/chinchia120/autoware.ai/install/lidar_shape_estimation/share/lidar_shape_estimation/cmake/lidar_shape_estimationConfig.cmake
[208.045s] -- Installing: /home/chinchia120/autoware.ai/install/lidar_shape_estimation/share/lidar_shape_estimation/cmake/lidar_shape_estimationConfig-version.cmake
[208.055s] -- Installing: /home/chinchia120/autoware.ai/install/lidar_shape_estimation/share/lidar_shape_estimation/package.xml
[208.056s] -- Installing: /home/chinchia120/autoware.ai/install/lidar_shape_estimation/lib/lidar_shape_estimation/lidar_shape_estimation
[208.082s] -- Set runtime path of "/home/chinchia120/autoware.ai/install/lidar_shape_estimation/lib/lidar_shape_estimation/lidar_shape_estimation" to ""
[208.083s] -- Installing: /home/chinchia120/autoware.ai/install/lidar_shape_estimation/share/lidar_shape_estimation/launch
[208.083s] -- Installing: /home/chinchia120/autoware.ai/install/lidar_shape_estimation/share/lidar_shape_estimation/launch/shape_estimation_clustering.launch
[208.084s] -- Installing: /home/chinchia120/autoware.ai/install/lidar_shape_estimation/share/lidar_shape_estimation/launch/shape_estimation_tracking.launch
[208.084s] -- Installing: /home/chinchia120/autoware.ai/install/lidar_shape_estimation/share/lidar_shape_estimation/launch/shape_estimation_fusion.launch
[208.110s] Invoked command in '/home/chinchia120/autoware.ai/build/lidar_shape_estimation' returned '0': CMAKE_PREFIX_PATH=/home/chinchia120/autoware.ai/install/autoware_msgs:/home/chinchia120/autoware.ai/install/autoware_build_flags:${CMAKE_PREFIX_PATH} PKG_CONFIG_PATH=/home/chinchia120/autoware.ai/install/autoware_msgs/lib/x86_64-linux-gnu/pkgconfig:/home/chinchia120/autoware.ai/install/autoware_msgs/lib/pkgconfig:/home/chinchia120/autoware.ai/install/autoware_build_flags/lib/x86_64-linux-gnu/pkgconfig:/home/chinchia120/autoware.ai/install/autoware_build_flags/lib/pkgconfig:${PKG_CONFIG_PATH} PYTHONPATH=/home/chinchia120/autoware.ai/install/autoware_msgs/lib/python2.7/dist-packages:${PYTHONPATH} ROS_PACKAGE_PATH=/home/chinchia120/autoware.ai/install/autoware_msgs/share:/home/chinchia120/autoware.ai/install/autoware_build_flags/share:${ROS_PACKAGE_PATH} /usr/bin/cmake --build /home/chinchia120/autoware.ai/build/lidar_shape_estimation --target install -- -j4 -l4
