[0.050s] Invoking command in '/home/chinchia120/autoware.ai/build/as': CMAKE_PREFIX_PATH=/home/chinchia120/autoware.ai/install/ros_observer:/home/chinchia120/autoware.ai/install/autoware_msgs:/home/chinchia120/autoware.ai/install/autoware_build_flags:${CMAKE_PREFIX_PATH} LD_LIBRARY_PATH=/home/chinchia120/autoware.ai/install/ros_observer/lib:${LD_LIBRARY_PATH} PKG_CONFIG_PATH=/home/chinchia120/autoware.ai/install/ros_observer/lib/x86_64-linux-gnu/pkgconfig:/home/chinchia120/autoware.ai/install/ros_observer/lib/pkgconfig:/home/chinchia120/autoware.ai/install/autoware_msgs/lib/x86_64-linux-gnu/pkgconfig:/home/chinchia120/autoware.ai/install/autoware_msgs/lib/pkgconfig:/home/chinchia120/autoware.ai/install/autoware_build_flags/lib/x86_64-linux-gnu/pkgconfig:/home/chinchia120/autoware.ai/install/autoware_build_flags/lib/pkgconfig:${PKG_CONFIG_PATH} PYTHONPATH=/home/chinchia120/autoware.ai/install/autoware_msgs/lib/python2.7/dist-packages:${PYTHONPATH} ROS_PACKAGE_PATH=/home/chinchia120/autoware.ai/install/ros_observer/share:/home/chinchia120/autoware.ai/install/autoware_msgs/share:/home/chinchia120/autoware.ai/install/autoware_build_flags/share:${ROS_PACKAGE_PATH} /usr/bin/cmake /home/chinchia120/autoware.ai/src/drivers/awf_drivers/as -DCMAKE_BUILD_TYPE=Release -DCATKIN_INSTALL_INTO_PREFIX_ROOT=0 -DCMAKE_INSTALL_PREFIX=/home/chinchia120/autoware.ai/install/as
[0.218s] -- The C compiler identification is GNU 7.5.0
[0.353s] -- The CXX compiler identification is GNU 7.5.0
[0.361s] -- Check for working C compiler: /usr/bin/cc
[0.537s] -- Check for working C compiler: /usr/bin/cc -- works
[0.538s] -- Detecting C compiler ABI info
[0.718s] -- Detecting C compiler ABI info - done
[0.743s] -- Detecting C compile features
[1.263s] -- Detecting C compile features - done
[1.269s] -- Check for working CXX compiler: /usr/bin/c++
[1.461s] -- Check for working CXX compiler: /usr/bin/c++ -- works
[1.461s] -- Detecting CXX compiler ABI info
[1.668s] -- Detecting CXX compiler ABI info - done
[1.690s] -- Detecting CXX compile features
[2.482s] -- Detecting CXX compile features - done
[2.487s] -- CUDA compilation status: 1.
[2.489s] -- Using CATKIN_DEVEL_PREFIX: /home/chinchia120/autoware.ai/build/as/devel
[2.490s] -- Using CMAKE_PREFIX_PATH: /home/chinchia120/autoware.ai/install/ros_observer;/home/chinchia120/autoware.ai/install/autoware_msgs;/home/chinchia120/autoware.ai/install/autoware_build_flags;/home/chinchia120/catkin_ws/devel;/opt/ros/melodic
[2.491s] -- This workspace overlays: /home/chinchia120/autoware.ai/install/ros_observer;/home/chinchia120/autoware.ai/install/autoware_msgs;/home/chinchia120/autoware.ai/install/autoware_build_flags;/home/chinchia120/catkin_ws/devel;/opt/ros/melodic
[2.517s] -- Found PythonInterp: /usr/bin/python2 (found suitable version "2.7.17", minimum required is "2") 
[2.517s] -- Using PYTHON_EXECUTABLE: /usr/bin/python2
[2.518s] -- Using Debian Python package layout
[2.518s] -- Using empy: /usr/bin/empy
[2.854s] -- Using CATKIN_ENABLE_TESTING: ON
[2.854s] -- Call enable_testing()
[2.858s] -- Using CATKIN_TEST_RESULTS_DIR: /home/chinchia120/autoware.ai/build/as/test_results
[2.901s] -- Found gtest sources under '/usr/src/googletest': gtests will be built
[2.901s] -- Found gmock sources under '/usr/src/googletest': gmock will be built
[2.929s] -- Found PythonInterp: /usr/bin/python2 (found version "2.7.17") 
[2.931s] -- Looking for pthread.h
[3.120s] -- Looking for pthread.h - found
[3.122s] -- Looking for pthread_create
[3.295s] -- Looking for pthread_create - not found
[3.295s] -- Looking for pthread_create in pthreads
[3.441s] -- Looking for pthread_create in pthreads - not found
[3.441s] -- Looking for pthread_create in pthread
[3.600s] -- Looking for pthread_create in pthread - found
[3.603s] -- Found Threads: TRUE  
[3.615s] -- Using Python nosetests: /usr/bin/nosetests-2.7
[3.702s] -- catkin 0.7.29
[3.702s] -- BUILD_SHARED_LIBS is on
[4.105s] -- Using these message generators: gencpp;geneus;genlisp;gennodejs;genpy
[4.676s] -- Configuring done
[4.770s] -- Generating done
[4.796s] -- Build files have been written to: /home/chinchia120/autoware.ai/build/as
[4.806s] Invoked command in '/home/chinchia120/autoware.ai/build/as' returned '0': CMAKE_PREFIX_PATH=/home/chinchia120/autoware.ai/install/ros_observer:/home/chinchia120/autoware.ai/install/autoware_msgs:/home/chinchia120/autoware.ai/install/autoware_build_flags:${CMAKE_PREFIX_PATH} LD_LIBRARY_PATH=/home/chinchia120/autoware.ai/install/ros_observer/lib:${LD_LIBRARY_PATH} PKG_CONFIG_PATH=/home/chinchia120/autoware.ai/install/ros_observer/lib/x86_64-linux-gnu/pkgconfig:/home/chinchia120/autoware.ai/install/ros_observer/lib/pkgconfig:/home/chinchia120/autoware.ai/install/autoware_msgs/lib/x86_64-linux-gnu/pkgconfig:/home/chinchia120/autoware.ai/install/autoware_msgs/lib/pkgconfig:/home/chinchia120/autoware.ai/install/autoware_build_flags/lib/x86_64-linux-gnu/pkgconfig:/home/chinchia120/autoware.ai/install/autoware_build_flags/lib/pkgconfig:${PKG_CONFIG_PATH} PYTHONPATH=/home/chinchia120/autoware.ai/install/autoware_msgs/lib/python2.7/dist-packages:${PYTHONPATH} ROS_PACKAGE_PATH=/home/chinchia120/autoware.ai/install/ros_observer/share:/home/chinchia120/autoware.ai/install/autoware_msgs/share:/home/chinchia120/autoware.ai/install/autoware_build_flags/share:${ROS_PACKAGE_PATH} /usr/bin/cmake /home/chinchia120/autoware.ai/src/drivers/awf_drivers/as -DCMAKE_BUILD_TYPE=Release -DCATKIN_INSTALL_INTO_PREFIX_ROOT=0 -DCMAKE_INSTALL_PREFIX=/home/chinchia120/autoware.ai/install/as
[4.813s] Invoking command in '/home/chinchia120/autoware.ai/build/as': CMAKE_PREFIX_PATH=/home/chinchia120/autoware.ai/install/ros_observer:/home/chinchia120/autoware.ai/install/autoware_msgs:/home/chinchia120/autoware.ai/install/autoware_build_flags:${CMAKE_PREFIX_PATH} LD_LIBRARY_PATH=/home/chinchia120/autoware.ai/install/ros_observer/lib:${LD_LIBRARY_PATH} PKG_CONFIG_PATH=/home/chinchia120/autoware.ai/install/ros_observer/lib/x86_64-linux-gnu/pkgconfig:/home/chinchia120/autoware.ai/install/ros_observer/lib/pkgconfig:/home/chinchia120/autoware.ai/install/autoware_msgs/lib/x86_64-linux-gnu/pkgconfig:/home/chinchia120/autoware.ai/install/autoware_msgs/lib/pkgconfig:/home/chinchia120/autoware.ai/install/autoware_build_flags/lib/x86_64-linux-gnu/pkgconfig:/home/chinchia120/autoware.ai/install/autoware_build_flags/lib/pkgconfig:${PKG_CONFIG_PATH} PYTHONPATH=/home/chinchia120/autoware.ai/install/autoware_msgs/lib/python2.7/dist-packages:${PYTHONPATH} ROS_PACKAGE_PATH=/home/chinchia120/autoware.ai/install/ros_observer/share:/home/chinchia120/autoware.ai/install/autoware_msgs/share:/home/chinchia120/autoware.ai/install/autoware_build_flags/share:${ROS_PACKAGE_PATH} /usr/bin/cmake --build /home/chinchia120/autoware.ai/build/as -- -j4 -l4
[4.936s] [35m[1mScanning dependencies of target std_msgs_generate_messages_eus[0m
[4.960s] [  0%] Built target std_msgs_generate_messages_eus
[4.983s] [35m[1mScanning dependencies of target autoware_msgs_generate_messages_lisp[0m
[5.032s] [  0%] Built target autoware_msgs_generate_messages_lisp
[5.063s] [35m[1mScanning dependencies of target automotive_navigation_msgs_generate_messages_nodejs[0m
[5.096s] [  0%] Built target automotive_navigation_msgs_generate_messages_nodejs
[5.126s] [35m[1mScanning dependencies of target jsk_recognition_msgs_generate_messages_cpp[0m
[5.158s] [  0%] Built target jsk_recognition_msgs_generate_messages_cpp
[5.186s] [35m[1mScanning dependencies of target autoware_msgs_generate_messages_eus[0m
[5.219s] [  0%] Built target autoware_msgs_generate_messages_eus
[5.246s] [35m[1mScanning dependencies of target autoware_msgs_generate_messages_cpp[0m
[5.270s] [  0%] Built target autoware_msgs_generate_messages_cpp
[5.300s] [35m[1mScanning dependencies of target automotive_platform_msgs_generate_messages_py[0m
[5.333s] [  0%] Built target automotive_platform_msgs_generate_messages_py
[5.362s] [35m[1mScanning dependencies of target roscpp_generate_messages_py[0m
[5.392s] [  0%] Built target roscpp_generate_messages_py
[5.421s] [35m[1mScanning dependencies of target jsk_recognition_msgs_generate_messages_py[0m
[5.451s] [  0%] Built target jsk_recognition_msgs_generate_messages_py
[5.483s] [35m[1mScanning dependencies of target automotive_platform_msgs_generate_messages_eus[0m
[5.508s] [  0%] Built target automotive_platform_msgs_generate_messages_eus
[5.543s] [35m[1mScanning dependencies of target geometry_msgs_generate_messages_py[0m
[5.572s] [  0%] Built target geometry_msgs_generate_messages_py
[5.596s] [35m[1mScanning dependencies of target geometry_msgs_generate_messages_lisp[0m
[5.623s] [  0%] Built target geometry_msgs_generate_messages_lisp
[5.652s] [35m[1mScanning dependencies of target geometry_msgs_generate_messages_cpp[0m
[5.674s] [  0%] Built target geometry_msgs_generate_messages_cpp
[5.697s] [35m[1mScanning dependencies of target geometry_msgs_generate_messages_eus[0m
[5.722s] [  0%] Built target geometry_msgs_generate_messages_eus
[5.748s] [35m[1mScanning dependencies of target automotive_navigation_msgs_generate_messages_lisp[0m
[5.772s] [  0%] Built target automotive_navigation_msgs_generate_messages_lisp
[5.794s] [35m[1mScanning dependencies of target sensor_msgs_generate_messages_lisp[0m
[5.823s] [  0%] Built target sensor_msgs_generate_messages_lisp
[5.851s] [35m[1mScanning dependencies of target automotive_platform_msgs_generate_messages_cpp[0m
[5.874s] [  0%] Built target automotive_platform_msgs_generate_messages_cpp
[5.903s] [35m[1mScanning dependencies of target automotive_navigation_msgs_generate_messages_eus[0m
[5.929s] [  0%] Built target automotive_navigation_msgs_generate_messages_eus
[5.952s] [35m[1mScanning dependencies of target autoware_msgs_generate_messages_py[0m
[5.981s] [  0%] Built target autoware_msgs_generate_messages_py
[6.004s] [35m[1mScanning dependencies of target std_msgs_generate_messages_py[0m
[6.030s] [  0%] Built target std_msgs_generate_messages_py
[6.062s] [35m[1mScanning dependencies of target std_msgs_generate_messages_cpp[0m
[6.094s] [  0%] Built target std_msgs_generate_messages_cpp
[6.122s] [35m[1mScanning dependencies of target jsk_footstep_msgs_generate_messages_py[0m
[6.146s] [  0%] Built target jsk_footstep_msgs_generate_messages_py
[6.179s] [35m[1mScanning dependencies of target actionlib_msgs_generate_messages_nodejs[0m
[6.203s] [  0%] Built target actionlib_msgs_generate_messages_nodejs
[6.230s] [35m[1mScanning dependencies of target rosgraph_msgs_generate_messages_cpp[0m
[6.257s] [  0%] Built target rosgraph_msgs_generate_messages_cpp
[6.285s] [35m[1mScanning dependencies of target automotive_platform_msgs_generate_messages_nodejs[0m
[6.312s] [  0%] Built target automotive_platform_msgs_generate_messages_nodejs
[6.338s] [35m[1mScanning dependencies of target autoware_msgs_generate_messages_nodejs[0m
[6.362s] [  0%] Built target autoware_msgs_generate_messages_nodejs
[6.387s] [35m[1mScanning dependencies of target geometry_msgs_generate_messages_nodejs[0m
[6.419s] [  0%] Built target geometry_msgs_generate_messages_nodejs
[6.445s] [35m[1mScanning dependencies of target sensor_msgs_generate_messages_cpp[0m
[6.472s] [  0%] Built target sensor_msgs_generate_messages_cpp
[6.496s] [35m[1mScanning dependencies of target roscpp_generate_messages_nodejs[0m
[6.530s] [  0%] Built target roscpp_generate_messages_nodejs
[6.558s] [35m[1mScanning dependencies of target std_msgs_generate_messages_lisp[0m
[6.592s] [  0%] Built target std_msgs_generate_messages_lisp
[6.624s] [35m[1mScanning dependencies of target jsk_recognition_msgs_generate_messages_lisp[0m
[6.654s] [  0%] Built target jsk_recognition_msgs_generate_messages_lisp
[6.687s] [35m[1mScanning dependencies of target automotive_navigation_msgs_generate_messages_cpp[0m
[6.725s] [  0%] Built target automotive_navigation_msgs_generate_messages_cpp
[6.754s] [35m[1mScanning dependencies of target pcl_msgs_generate_messages_lisp[0m
[6.781s] [  0%] Built target pcl_msgs_generate_messages_lisp
[6.805s] [35m[1mScanning dependencies of target automotive_navigation_msgs_generate_messages_py[0m
[6.880s] [  0%] Built target automotive_navigation_msgs_generate_messages_py
[6.933s] [35m[1mScanning dependencies of target std_msgs_generate_messages_nodejs[0m
[6.988s] [  0%] Built target std_msgs_generate_messages_nodejs
[7.038s] [35m[1mScanning dependencies of target sensor_msgs_generate_messages_nodejs[0m
[7.080s] [  0%] Built target sensor_msgs_generate_messages_nodejs
[7.113s] [35m[1mScanning dependencies of target roscpp_generate_messages_cpp[0m
[7.164s] [  0%] Built target roscpp_generate_messages_cpp
[7.222s] [35m[1mScanning dependencies of target sensor_msgs_generate_messages_py[0m
[7.255s] [  0%] Built target sensor_msgs_generate_messages_py
[7.281s] [35m[1mScanning dependencies of target pcl_msgs_generate_messages_cpp[0m
[7.311s] [  0%] Built target pcl_msgs_generate_messages_cpp
[7.338s] [35m[1mScanning dependencies of target pcl_msgs_generate_messages_eus[0m
[7.365s] [  0%] Built target pcl_msgs_generate_messages_eus
[7.388s] [35m[1mScanning dependencies of target pcl_msgs_generate_messages_nodejs[0m
[7.420s] [  0%] Built target pcl_msgs_generate_messages_nodejs
[7.448s] [35m[1mScanning dependencies of target pcl_msgs_generate_messages_py[0m
[7.480s] [  0%] Built target pcl_msgs_generate_messages_py
[7.508s] [35m[1mScanning dependencies of target jsk_footstep_msgs_generate_messages_eus[0m
[7.536s] [  0%] Built target jsk_footstep_msgs_generate_messages_eus
[7.569s] [35m[1mScanning dependencies of target actionlib_msgs_generate_messages_py[0m
[7.597s] [  0%] Built target actionlib_msgs_generate_messages_py
[7.628s] [35m[1mScanning dependencies of target jsk_footstep_msgs_generate_messages_lisp[0m
[7.659s] [  0%] Built target jsk_footstep_msgs_generate_messages_lisp
[7.691s] [35m[1mScanning dependencies of target jsk_footstep_msgs_generate_messages_nodejs[0m
[7.717s] [  0%] Built target jsk_footstep_msgs_generate_messages_nodejs
[7.738s] [35m[1mScanning dependencies of target jsk_footstep_msgs_generate_messages_cpp[0m
[7.767s] [  0%] Built target jsk_footstep_msgs_generate_messages_cpp
[7.795s] [35m[1mScanning dependencies of target actionlib_msgs_generate_messages_cpp[0m
[7.822s] [  0%] Built target actionlib_msgs_generate_messages_cpp
[7.852s] [35m[1mScanning dependencies of target actionlib_msgs_generate_messages_lisp[0m
[7.886s] [  0%] Built target actionlib_msgs_generate_messages_lisp
[7.913s] [35m[1mScanning dependencies of target jsk_recognition_msgs_generate_messages_nodejs[0m
[7.936s] [  0%] Built target jsk_recognition_msgs_generate_messages_nodejs
[7.962s] [35m[1mScanning dependencies of target roscpp_generate_messages_lisp[0m
[7.983s] [  0%] Built target roscpp_generate_messages_lisp
[8.005s] [35m[1mScanning dependencies of target rosgraph_msgs_generate_messages_lisp[0m
[8.031s] [  0%] Built target rosgraph_msgs_generate_messages_lisp
[8.056s] [35m[1mScanning dependencies of target rosgraph_msgs_generate_messages_nodejs[0m
[8.087s] [  0%] Built target rosgraph_msgs_generate_messages_nodejs
[8.107s] [35m[1mScanning dependencies of target actionlib_msgs_generate_messages_eus[0m
[8.129s] [  0%] Built target actionlib_msgs_generate_messages_eus
[8.150s] [35m[1mScanning dependencies of target roscpp_generate_messages_eus[0m
[8.173s] [  0%] Built target roscpp_generate_messages_eus
[8.201s] [35m[1mScanning dependencies of target rosgraph_msgs_generate_messages_py[0m
[8.224s] [  0%] Built target rosgraph_msgs_generate_messages_py
[8.250s] [35m[1mScanning dependencies of target automotive_platform_msgs_generate_messages_lisp[0m
[8.282s] [  0%] Built target automotive_platform_msgs_generate_messages_lisp
[8.311s] [35m[1mScanning dependencies of target sensor_msgs_generate_messages_eus[0m
[8.335s] [  0%] Built target sensor_msgs_generate_messages_eus
[8.359s] [35m[1mScanning dependencies of target jsk_recognition_msgs_generate_messages_eus[0m
[8.389s] [  0%] Built target jsk_recognition_msgs_generate_messages_eus
[8.418s] [35m[1mScanning dependencies of target rosgraph_msgs_generate_messages_eus[0m
[8.446s] [  0%] Built target rosgraph_msgs_generate_messages_eus
[8.476s] [35m[1mScanning dependencies of target ssc_interface[0m
[8.572s] [ 33%] [32mBuilding CXX object CMakeFiles/ssc_interface.dir/src/ssc_interface_node.cpp.o[0m
[12.434s] [ 66%] [32mBuilding CXX object CMakeFiles/ssc_interface.dir/src/ssc_interface.cpp.o[0m
[35.821s] [100%] [32m[1mLinking CXX executable devel/lib/as/ssc_interface[0m
[36.179s] [100%] Built target ssc_interface
[36.200s] Invoked command in '/home/chinchia120/autoware.ai/build/as' returned '0': CMAKE_PREFIX_PATH=/home/chinchia120/autoware.ai/install/ros_observer:/home/chinchia120/autoware.ai/install/autoware_msgs:/home/chinchia120/autoware.ai/install/autoware_build_flags:${CMAKE_PREFIX_PATH} LD_LIBRARY_PATH=/home/chinchia120/autoware.ai/install/ros_observer/lib:${LD_LIBRARY_PATH} PKG_CONFIG_PATH=/home/chinchia120/autoware.ai/install/ros_observer/lib/x86_64-linux-gnu/pkgconfig:/home/chinchia120/autoware.ai/install/ros_observer/lib/pkgconfig:/home/chinchia120/autoware.ai/install/autoware_msgs/lib/x86_64-linux-gnu/pkgconfig:/home/chinchia120/autoware.ai/install/autoware_msgs/lib/pkgconfig:/home/chinchia120/autoware.ai/install/autoware_build_flags/lib/x86_64-linux-gnu/pkgconfig:/home/chinchia120/autoware.ai/install/autoware_build_flags/lib/pkgconfig:${PKG_CONFIG_PATH} PYTHONPATH=/home/chinchia120/autoware.ai/install/autoware_msgs/lib/python2.7/dist-packages:${PYTHONPATH} ROS_PACKAGE_PATH=/home/chinchia120/autoware.ai/install/ros_observer/share:/home/chinchia120/autoware.ai/install/autoware_msgs/share:/home/chinchia120/autoware.ai/install/autoware_build_flags/share:${ROS_PACKAGE_PATH} /usr/bin/cmake --build /home/chinchia120/autoware.ai/build/as -- -j4 -l4
[36.445s] Invoking command in '/home/chinchia120/autoware.ai/build/as': CMAKE_PREFIX_PATH=/home/chinchia120/autoware.ai/install/ros_observer:/home/chinchia120/autoware.ai/install/autoware_msgs:/home/chinchia120/autoware.ai/install/autoware_build_flags:${CMAKE_PREFIX_PATH} LD_LIBRARY_PATH=/home/chinchia120/autoware.ai/install/ros_observer/lib:${LD_LIBRARY_PATH} PKG_CONFIG_PATH=/home/chinchia120/autoware.ai/install/ros_observer/lib/x86_64-linux-gnu/pkgconfig:/home/chinchia120/autoware.ai/install/ros_observer/lib/pkgconfig:/home/chinchia120/autoware.ai/install/autoware_msgs/lib/x86_64-linux-gnu/pkgconfig:/home/chinchia120/autoware.ai/install/autoware_msgs/lib/pkgconfig:/home/chinchia120/autoware.ai/install/autoware_build_flags/lib/x86_64-linux-gnu/pkgconfig:/home/chinchia120/autoware.ai/install/autoware_build_flags/lib/pkgconfig:${PKG_CONFIG_PATH} PYTHONPATH=/home/chinchia120/autoware.ai/install/autoware_msgs/lib/python2.7/dist-packages:${PYTHONPATH} ROS_PACKAGE_PATH=/home/chinchia120/autoware.ai/install/ros_observer/share:/home/chinchia120/autoware.ai/install/autoware_msgs/share:/home/chinchia120/autoware.ai/install/autoware_build_flags/share:${ROS_PACKAGE_PATH} /usr/bin/cmake --build /home/chinchia120/autoware.ai/build/as --target tests -- -j4 -l4
[36.580s] [35m[1mScanning dependencies of target tests[0m
[36.612s] Built target tests
[36.635s] Invoked command in '/home/chinchia120/autoware.ai/build/as' returned '0': CMAKE_PREFIX_PATH=/home/chinchia120/autoware.ai/install/ros_observer:/home/chinchia120/autoware.ai/install/autoware_msgs:/home/chinchia120/autoware.ai/install/autoware_build_flags:${CMAKE_PREFIX_PATH} LD_LIBRARY_PATH=/home/chinchia120/autoware.ai/install/ros_observer/lib:${LD_LIBRARY_PATH} PKG_CONFIG_PATH=/home/chinchia120/autoware.ai/install/ros_observer/lib/x86_64-linux-gnu/pkgconfig:/home/chinchia120/autoware.ai/install/ros_observer/lib/pkgconfig:/home/chinchia120/autoware.ai/install/autoware_msgs/lib/x86_64-linux-gnu/pkgconfig:/home/chinchia120/autoware.ai/install/autoware_msgs/lib/pkgconfig:/home/chinchia120/autoware.ai/install/autoware_build_flags/lib/x86_64-linux-gnu/pkgconfig:/home/chinchia120/autoware.ai/install/autoware_build_flags/lib/pkgconfig:${PKG_CONFIG_PATH} PYTHONPATH=/home/chinchia120/autoware.ai/install/autoware_msgs/lib/python2.7/dist-packages:${PYTHONPATH} ROS_PACKAGE_PATH=/home/chinchia120/autoware.ai/install/ros_observer/share:/home/chinchia120/autoware.ai/install/autoware_msgs/share:/home/chinchia120/autoware.ai/install/autoware_build_flags/share:${ROS_PACKAGE_PATH} /usr/bin/cmake --build /home/chinchia120/autoware.ai/build/as --target tests -- -j4 -l4
[36.893s] Invoking command in '/home/chinchia120/autoware.ai/build/as': CMAKE_PREFIX_PATH=/home/chinchia120/autoware.ai/install/ros_observer:/home/chinchia120/autoware.ai/install/autoware_msgs:/home/chinchia120/autoware.ai/install/autoware_build_flags:${CMAKE_PREFIX_PATH} LD_LIBRARY_PATH=/home/chinchia120/autoware.ai/install/ros_observer/lib:${LD_LIBRARY_PATH} PKG_CONFIG_PATH=/home/chinchia120/autoware.ai/install/ros_observer/lib/x86_64-linux-gnu/pkgconfig:/home/chinchia120/autoware.ai/install/ros_observer/lib/pkgconfig:/home/chinchia120/autoware.ai/install/autoware_msgs/lib/x86_64-linux-gnu/pkgconfig:/home/chinchia120/autoware.ai/install/autoware_msgs/lib/pkgconfig:/home/chinchia120/autoware.ai/install/autoware_build_flags/lib/x86_64-linux-gnu/pkgconfig:/home/chinchia120/autoware.ai/install/autoware_build_flags/lib/pkgconfig:${PKG_CONFIG_PATH} PYTHONPATH=/home/chinchia120/autoware.ai/install/autoware_msgs/lib/python2.7/dist-packages:${PYTHONPATH} ROS_PACKAGE_PATH=/home/chinchia120/autoware.ai/install/ros_observer/share:/home/chinchia120/autoware.ai/install/autoware_msgs/share:/home/chinchia120/autoware.ai/install/autoware_build_flags/share:${ROS_PACKAGE_PATH} /usr/bin/cmake --build /home/chinchia120/autoware.ai/build/as --target install -- -j4 -l4
[37.023s] [  0%] Built target std_msgs_generate_messages_eus
[37.068s] [  0%] Built target autoware_msgs_generate_messages_lisp
[37.122s] [  0%] Built target automotive_navigation_msgs_generate_messages_nodejs
[37.176s] [  0%] Built target jsk_recognition_msgs_generate_messages_cpp
[37.241s] [  0%] Built target autoware_msgs_generate_messages_eus
[37.309s] [  0%] Built target autoware_msgs_generate_messages_cpp
[37.378s] [  0%] Built target automotive_platform_msgs_generate_messages_py
[37.434s] [  0%] Built target roscpp_generate_messages_py
[37.496s] [  0%] Built target jsk_recognition_msgs_generate_messages_py
[37.566s] [  0%] Built target automotive_platform_msgs_generate_messages_eus
[37.622s] [  0%] Built target geometry_msgs_generate_messages_py
[37.682s] [  0%] Built target geometry_msgs_generate_messages_lisp
[37.743s] [  0%] Built target geometry_msgs_generate_messages_cpp
[37.800s] [  0%] Built target geometry_msgs_generate_messages_eus
[37.860s] [  0%] Built target automotive_navigation_msgs_generate_messages_lisp
[37.923s] [  0%] Built target sensor_msgs_generate_messages_lisp
[37.978s] [  0%] Built target automotive_platform_msgs_generate_messages_cpp
[38.049s] [  0%] Built target automotive_navigation_msgs_generate_messages_eus
[38.101s] [  0%] Built target autoware_msgs_generate_messages_py
[38.155s] [  0%] Built target std_msgs_generate_messages_py
[38.207s] [  0%] Built target std_msgs_generate_messages_cpp
[38.261s] [  0%] Built target jsk_footstep_msgs_generate_messages_py
[38.316s] [  0%] Built target actionlib_msgs_generate_messages_nodejs
[38.374s] [  0%] Built target rosgraph_msgs_generate_messages_cpp
[38.426s] [  0%] Built target automotive_platform_msgs_generate_messages_nodejs
[38.483s] [  0%] Built target autoware_msgs_generate_messages_nodejs
[38.547s] [  0%] Built target geometry_msgs_generate_messages_nodejs
[38.611s] [  0%] Built target sensor_msgs_generate_messages_cpp
[38.680s] [  0%] Built target roscpp_generate_messages_nodejs
[38.751s] [  0%] Built target std_msgs_generate_messages_lisp
[38.801s] [  0%] Built target jsk_recognition_msgs_generate_messages_lisp
[38.860s] [  0%] Built target automotive_navigation_msgs_generate_messages_cpp
[38.915s] [  0%] Built target pcl_msgs_generate_messages_lisp
[38.967s] [  0%] Built target automotive_navigation_msgs_generate_messages_py
[39.024s] [  0%] Built target std_msgs_generate_messages_nodejs
[39.079s] [  0%] Built target sensor_msgs_generate_messages_nodejs
[39.138s] [  0%] Built target roscpp_generate_messages_cpp
[39.212s] [  0%] Built target sensor_msgs_generate_messages_py
[39.284s] [  0%] Built target pcl_msgs_generate_messages_cpp
[39.366s] [  0%] Built target pcl_msgs_generate_messages_eus
[39.441s] [  0%] Built target pcl_msgs_generate_messages_nodejs
[39.512s] [  0%] Built target pcl_msgs_generate_messages_py
[39.601s] [  0%] Built target jsk_footstep_msgs_generate_messages_eus
[39.688s] [  0%] Built target actionlib_msgs_generate_messages_py
[39.774s] [  0%] Built target jsk_footstep_msgs_generate_messages_lisp
[39.860s] [  0%] Built target jsk_footstep_msgs_generate_messages_nodejs
[39.939s] [  0%] Built target jsk_footstep_msgs_generate_messages_cpp
[40.024s] [  0%] Built target actionlib_msgs_generate_messages_cpp
[40.103s] [  0%] Built target actionlib_msgs_generate_messages_lisp
[40.192s] [  0%] Built target jsk_recognition_msgs_generate_messages_nodejs
[40.266s] [  0%] Built target roscpp_generate_messages_lisp
[40.342s] [  0%] Built target rosgraph_msgs_generate_messages_lisp
[40.421s] [  0%] Built target rosgraph_msgs_generate_messages_nodejs
[40.503s] [  0%] Built target actionlib_msgs_generate_messages_eus
[40.590s] [  0%] Built target roscpp_generate_messages_eus
[40.666s] [  0%] Built target rosgraph_msgs_generate_messages_py
[40.759s] [  0%] Built target automotive_platform_msgs_generate_messages_lisp
[40.849s] [  0%] Built target sensor_msgs_generate_messages_eus
[40.942s] [  0%] Built target jsk_recognition_msgs_generate_messages_eus
[41.030s] [  0%] Built target rosgraph_msgs_generate_messages_eus
[41.150s] [100%] Built target ssc_interface
[41.248s] [36mInstall the project...[0m
[41.289s] -- Install configuration: "Release"
[41.290s] -- Installing: /home/chinchia120/autoware.ai/install/as/lib/pkgconfig/as.pc
[41.292s] -- Installing: /home/chinchia120/autoware.ai/install/as/share/as/cmake/asConfig.cmake
[41.293s] -- Installing: /home/chinchia120/autoware.ai/install/as/share/as/cmake/asConfig-version.cmake
[41.294s] -- Installing: /home/chinchia120/autoware.ai/install/as/share/as/package.xml
[41.301s] -- Installing: /home/chinchia120/autoware.ai/install/as/lib/as/ssc_interface
[41.307s] -- Set runtime path of "/home/chinchia120/autoware.ai/install/as/lib/as/ssc_interface" to ""
[41.308s] -- Installing: /home/chinchia120/autoware.ai/install/as/share/as/launch
[41.309s] -- Installing: /home/chinchia120/autoware.ai/install/as/share/as/launch/ssc_interface.launch
[41.326s] Invoked command in '/home/chinchia120/autoware.ai/build/as' returned '0': CMAKE_PREFIX_PATH=/home/chinchia120/autoware.ai/install/ros_observer:/home/chinchia120/autoware.ai/install/autoware_msgs:/home/chinchia120/autoware.ai/install/autoware_build_flags:${CMAKE_PREFIX_PATH} LD_LIBRARY_PATH=/home/chinchia120/autoware.ai/install/ros_observer/lib:${LD_LIBRARY_PATH} PKG_CONFIG_PATH=/home/chinchia120/autoware.ai/install/ros_observer/lib/x86_64-linux-gnu/pkgconfig:/home/chinchia120/autoware.ai/install/ros_observer/lib/pkgconfig:/home/chinchia120/autoware.ai/install/autoware_msgs/lib/x86_64-linux-gnu/pkgconfig:/home/chinchia120/autoware.ai/install/autoware_msgs/lib/pkgconfig:/home/chinchia120/autoware.ai/install/autoware_build_flags/lib/x86_64-linux-gnu/pkgconfig:/home/chinchia120/autoware.ai/install/autoware_build_flags/lib/pkgconfig:${PKG_CONFIG_PATH} PYTHONPATH=/home/chinchia120/autoware.ai/install/autoware_msgs/lib/python2.7/dist-packages:${PYTHONPATH} ROS_PACKAGE_PATH=/home/chinchia120/autoware.ai/install/ros_observer/share:/home/chinchia120/autoware.ai/install/autoware_msgs/share:/home/chinchia120/autoware.ai/install/autoware_build_flags/share:${ROS_PACKAGE_PATH} /usr/bin/cmake --build /home/chinchia120/autoware.ai/build/as --target install -- -j4 -l4
