[0.033s] Invoking command in '/home/chinchia120/autoware.ai/build/autoware_launcher': /usr/bin/cmake /home/chinchia120/autoware.ai/src/autoware/utilities/autoware_launcher -DCMAKE_BUILD_TYPE=Release -DCATKIN_INSTALL_INTO_PREFIX_ROOT=0 -DCMAKE_INSTALL_PREFIX=/home/chinchia120/autoware.ai/install/autoware_launcher
[0.215s] -- The C compiler identification is GNU 7.5.0
[0.381s] -- The CXX compiler identification is GNU 7.5.0
[0.394s] -- Check for working C compiler: /usr/bin/cc
[0.567s] -- Check for working C compiler: /usr/bin/cc -- works
[0.568s] -- Detecting C compiler ABI info
[0.739s] -- Detecting C compiler ABI info - done
[0.769s] -- Detecting C compile features
[1.297s] -- Detecting C compile features - done
[1.304s] -- Check for working CXX compiler: /usr/bin/c++
[1.491s] -- Check for working CXX compiler: /usr/bin/c++ -- works
[1.492s] -- Detecting CXX compiler ABI info
[1.663s] -- Detecting CXX compiler ABI info - done
[1.688s] -- Detecting CXX compile features
[2.624s] -- Detecting CXX compile features - done
[2.641s] -- Using CATKIN_DEVEL_PREFIX: /home/chinchia120/autoware.ai/build/autoware_launcher/devel
[2.641s] -- Using CMAKE_PREFIX_PATH: /home/chinchia120/catkin_ws/devel;/opt/ros/melodic
[2.641s] -- This workspace overlays: /home/chinchia120/catkin_ws/devel;/opt/ros/melodic
[2.666s] -- Found PythonInterp: /usr/bin/python2 (found suitable version "2.7.17", minimum required is "2") 
[2.666s] -- Using PYTHON_EXECUTABLE: /usr/bin/python2
[2.666s] -- Using Debian Python package layout
[2.667s] -- Using empy: /usr/bin/empy
[3.010s] -- Using CATKIN_ENABLE_TESTING: ON
[3.010s] -- Call enable_testing()
[3.027s] -- Using CATKIN_TEST_RESULTS_DIR: /home/chinchia120/autoware.ai/build/autoware_launcher/test_results
[3.059s] -- Found gtest sources under '/usr/src/googletest': gtests will be built
[3.060s] -- Found gmock sources under '/usr/src/googletest': gmock will be built
[3.087s] -- Found PythonInterp: /usr/bin/python2 (found version "2.7.17") 
[3.089s] -- Looking for pthread.h
[3.295s] -- Looking for pthread.h - found
[3.295s] -- Looking for pthread_create
[3.487s] -- Looking for pthread_create - not found
[3.487s] -- Looking for pthread_create in pthreads
[3.631s] -- Looking for pthread_create in pthreads - not found
[3.631s] -- Looking for pthread_create in pthread
[3.804s] -- Looking for pthread_create in pthread - found
[3.804s] -- Found Threads: TRUE  
[3.815s] -- Using Python nosetests: /usr/bin/nosetests-2.7
[3.900s] -- catkin 0.7.29
[3.900s] -- BUILD_SHARED_LIBS is on
[5.354s] -- Configuring done
[5.386s] -- Generating done
[5.391s] -- Build files have been written to: /home/chinchia120/autoware.ai/build/autoware_launcher
[5.396s] Invoked command in '/home/chinchia120/autoware.ai/build/autoware_launcher' returned '0': /usr/bin/cmake /home/chinchia120/autoware.ai/src/autoware/utilities/autoware_launcher -DCMAKE_BUILD_TYPE=Release -DCATKIN_INSTALL_INTO_PREFIX_ROOT=0 -DCMAKE_INSTALL_PREFIX=/home/chinchia120/autoware.ai/install/autoware_launcher
[5.402s] Invoking command in '/home/chinchia120/autoware.ai/build/autoware_launcher': /usr/bin/cmake --build /home/chinchia120/autoware.ai/build/autoware_launcher -- -j4 -l4
[5.495s] Invoked command in '/home/chinchia120/autoware.ai/build/autoware_launcher' returned '0': /usr/bin/cmake --build /home/chinchia120/autoware.ai/build/autoware_launcher -- -j4 -l4
[5.631s] Invoking command in '/home/chinchia120/autoware.ai/build/autoware_launcher': /usr/bin/cmake --build /home/chinchia120/autoware.ai/build/autoware_launcher --target tests -- -j4 -l4
[5.754s] [35m[1mScanning dependencies of target tests[0m
[5.779s] Built target tests
[5.808s] Invoked command in '/home/chinchia120/autoware.ai/build/autoware_launcher' returned '0': /usr/bin/cmake --build /home/chinchia120/autoware.ai/build/autoware_launcher --target tests -- -j4 -l4
[5.952s] Invoking command in '/home/chinchia120/autoware.ai/build/autoware_launcher': /usr/bin/cmake --build /home/chinchia120/autoware.ai/build/autoware_launcher --target install -- -j4 -l4
[6.075s] [36mInstall the project...[0m
[6.092s] -- Install configuration: "Release"
[6.100s] + cd /home/chinchia120/autoware.ai/src/autoware/utilities/autoware_launcher
[6.101s] + mkdir -p /home/chinchia120/autoware.ai/install/autoware_launcher/lib/python2.7/dist-packages
[6.112s] + /usr/bin/env PYTHONPATH=/home/chinchia120/autoware.ai/install/autoware_launcher/lib/python2.7/dist-packages:/home/chinchia120/autoware.ai/build/autoware_launcher/lib/python2.7/dist-packages:/opt/ros/melodic/lib/python2.7/dist-packages CATKIN_BINARY_DIR=/home/chinchia120/autoware.ai/build/autoware_launcher /usr/bin/python2 /home/chinchia120/autoware.ai/src/autoware/utilities/autoware_launcher/setup.py build --build-base /home/chinchia120/autoware.ai/build/autoware_launcher install --root=/ --install-layout=deb --prefix=/home/chinchia120/autoware.ai/install/autoware_launcher --install-scripts=/home/chinchia120/autoware.ai/install/autoware_launcher/bin
[6.196s] running build
[6.196s] running build_py
[6.201s] creating /home/chinchia120/autoware.ai/build/autoware_launcher/lib.linux-x86_64-2.7
[6.202s] creating /home/chinchia120/autoware.ai/build/autoware_launcher/lib.linux-x86_64-2.7/autoware_launcher
[6.202s] copying src/autoware_launcher/__init__.py -> /home/chinchia120/autoware.ai/build/autoware_launcher/lib.linux-x86_64-2.7/autoware_launcher
[6.205s] creating /home/chinchia120/autoware.ai/build/autoware_launcher/lib.linux-x86_64-2.7/autoware_launcher/tool
[6.206s] copying src/autoware_launcher/tool/wizard.py -> /home/chinchia120/autoware.ai/build/autoware_launcher/lib.linux-x86_64-2.7/autoware_launcher/tool
[6.207s] copying src/autoware_launcher/tool/__init__.py -> /home/chinchia120/autoware.ai/build/autoware_launcher/lib.linux-x86_64-2.7/autoware_launcher/tool
[6.208s] copying src/autoware_launcher/tool/editor.py -> /home/chinchia120/autoware.ai/build/autoware_launcher/lib.linux-x86_64-2.7/autoware_launcher/tool
[6.210s] creating /home/chinchia120/autoware.ai/build/autoware_launcher/lib.linux-x86_64-2.7/autoware_launcher/core
[6.210s] copying src/autoware_launcher/core/mylog.py -> /home/chinchia120/autoware.ai/build/autoware_launcher/lib.linux-x86_64-2.7/autoware_launcher/core
[6.211s] copying src/autoware_launcher/core/myutils.py -> /home/chinchia120/autoware.ai/build/autoware_launcher/lib.linux-x86_64-2.7/autoware_launcher/core
[6.212s] copying src/autoware_launcher/core/launch.py -> /home/chinchia120/autoware.ai/build/autoware_launcher/lib.linux-x86_64-2.7/autoware_launcher/core
[6.213s] copying src/autoware_launcher/core/server.py -> /home/chinchia120/autoware.ai/build/autoware_launcher/lib.linux-x86_64-2.7/autoware_launcher/core
[6.214s] copying src/autoware_launcher/core/__init__.py -> /home/chinchia120/autoware.ai/build/autoware_launcher/lib.linux-x86_64-2.7/autoware_launcher/core
[6.215s] copying src/autoware_launcher/core/basetree.py -> /home/chinchia120/autoware.ai/build/autoware_launcher/lib.linux-x86_64-2.7/autoware_launcher/core
[6.215s] copying src/autoware_launcher/core/plugin.py -> /home/chinchia120/autoware.ai/build/autoware_launcher/lib.linux-x86_64-2.7/autoware_launcher/core
[6.216s] creating /home/chinchia120/autoware.ai/build/autoware_launcher/lib.linux-x86_64-2.7/autoware_launcher/gui
[6.217s] copying src/autoware_launcher/gui/window.py -> /home/chinchia120/autoware.ai/build/autoware_launcher/lib.linux-x86_64-2.7/autoware_launcher/gui
[6.218s] copying src/autoware_launcher/gui/quickstart.py -> /home/chinchia120/autoware.ai/build/autoware_launcher/lib.linux-x86_64-2.7/autoware_launcher/gui
[6.219s] copying src/autoware_launcher/gui/network.py -> /home/chinchia120/autoware.ai/build/autoware_launcher/lib.linux-x86_64-2.7/autoware_launcher/gui
[6.221s] copying src/autoware_launcher/gui/summary.py -> /home/chinchia120/autoware.ai/build/autoware_launcher/lib.linux-x86_64-2.7/autoware_launcher/gui
[6.224s] copying src/autoware_launcher/gui/__init__.py -> /home/chinchia120/autoware.ai/build/autoware_launcher/lib.linux-x86_64-2.7/autoware_launcher/gui
[6.225s] copying src/autoware_launcher/gui/mirror.py -> /home/chinchia120/autoware.ai/build/autoware_launcher/lib.linux-x86_64-2.7/autoware_launcher/gui
[6.226s] copying src/autoware_launcher/gui/treeview.py -> /home/chinchia120/autoware.ai/build/autoware_launcher/lib.linux-x86_64-2.7/autoware_launcher/gui
[6.227s] copying src/autoware_launcher/gui/widgets.py -> /home/chinchia120/autoware.ai/build/autoware_launcher/lib.linux-x86_64-2.7/autoware_launcher/gui
[6.229s] copying src/autoware_launcher/gui/client.py -> /home/chinchia120/autoware.ai/build/autoware_launcher/lib.linux-x86_64-2.7/autoware_launcher/gui
[6.231s] copying src/autoware_launcher/gui/procmgr.py -> /home/chinchia120/autoware.ai/build/autoware_launcher/lib.linux-x86_64-2.7/autoware_launcher/gui
[6.232s] copying src/autoware_launcher/gui/guimgr.py -> /home/chinchia120/autoware.ai/build/autoware_launcher/lib.linux-x86_64-2.7/autoware_launcher/gui
[6.236s] creating /home/chinchia120/autoware.ai/build/autoware_launcher/lib.linux-x86_64-2.7/autoware_launcher/gui/simulation
[6.237s] copying src/autoware_launcher/gui/simulation/rosbag.py -> /home/chinchia120/autoware.ai/build/autoware_launcher/lib.linux-x86_64-2.7/autoware_launcher/gui/simulation
[6.238s] copying src/autoware_launcher/gui/simulation/lgsvl.py -> /home/chinchia120/autoware.ai/build/autoware_launcher/lib.linux-x86_64-2.7/autoware_launcher/gui/simulation
[6.240s] copying src/autoware_launcher/gui/simulation/__init__.py -> /home/chinchia120/autoware.ai/build/autoware_launcher/lib.linux-x86_64-2.7/autoware_launcher/gui/simulation
[6.241s] copying src/autoware_launcher/gui/simulation/gazebo.py -> /home/chinchia120/autoware.ai/build/autoware_launcher/lib.linux-x86_64-2.7/autoware_launcher/gui/simulation
[6.243s] creating /home/chinchia120/autoware.ai/build/autoware_launcher/lib.linux-x86_64-2.7/autoware_launcher/gui/plugins
[6.244s] copying src/autoware_launcher/gui/plugins/node.py -> /home/chinchia120/autoware.ai/build/autoware_launcher/lib.linux-x86_64-2.7/autoware_launcher/gui/plugins
[6.245s] copying src/autoware_launcher/gui/plugins/__init__.py -> /home/chinchia120/autoware.ai/build/autoware_launcher/lib.linux-x86_64-2.7/autoware_launcher/gui/plugins
[6.245s] copying src/autoware_launcher/gui/plugins/basic.py -> /home/chinchia120/autoware.ai/build/autoware_launcher/lib.linux-x86_64-2.7/autoware_launcher/gui/plugins
[6.248s] copying src/autoware_launcher/gui/plugins/camera.py -> /home/chinchia120/autoware.ai/build/autoware_launcher/lib.linux-x86_64-2.7/autoware_launcher/gui/plugins
[6.252s] running install
[6.252s] running install_lib
[6.254s] creating /home/chinchia120/autoware.ai/install/autoware_launcher/lib/python2.7/dist-packages/autoware_launcher
[6.254s] creating /home/chinchia120/autoware.ai/install/autoware_launcher/lib/python2.7/dist-packages/autoware_launcher/gui
[6.254s] copying /home/chinchia120/autoware.ai/build/autoware_launcher/lib.linux-x86_64-2.7/autoware_launcher/gui/window.py -> /home/chinchia120/autoware.ai/install/autoware_launcher/lib/python2.7/dist-packages/autoware_launcher/gui
[6.255s] copying /home/chinchia120/autoware.ai/build/autoware_launcher/lib.linux-x86_64-2.7/autoware_launcher/gui/quickstart.py -> /home/chinchia120/autoware.ai/install/autoware_launcher/lib/python2.7/dist-packages/autoware_launcher/gui
[6.256s] copying /home/chinchia120/autoware.ai/build/autoware_launcher/lib.linux-x86_64-2.7/autoware_launcher/gui/network.py -> /home/chinchia120/autoware.ai/install/autoware_launcher/lib/python2.7/dist-packages/autoware_launcher/gui
[6.256s] creating /home/chinchia120/autoware.ai/install/autoware_launcher/lib/python2.7/dist-packages/autoware_launcher/gui/simulation
[6.256s] copying /home/chinchia120/autoware.ai/build/autoware_launcher/lib.linux-x86_64-2.7/autoware_launcher/gui/simulation/rosbag.py -> /home/chinchia120/autoware.ai/install/autoware_launcher/lib/python2.7/dist-packages/autoware_launcher/gui/simulation
[6.257s] copying /home/chinchia120/autoware.ai/build/autoware_launcher/lib.linux-x86_64-2.7/autoware_launcher/gui/simulation/lgsvl.py -> /home/chinchia120/autoware.ai/install/autoware_launcher/lib/python2.7/dist-packages/autoware_launcher/gui/simulation
[6.257s] copying /home/chinchia120/autoware.ai/build/autoware_launcher/lib.linux-x86_64-2.7/autoware_launcher/gui/simulation/__init__.py -> /home/chinchia120/autoware.ai/install/autoware_launcher/lib/python2.7/dist-packages/autoware_launcher/gui/simulation
[6.257s] copying /home/chinchia120/autoware.ai/build/autoware_launcher/lib.linux-x86_64-2.7/autoware_launcher/gui/simulation/gazebo.py -> /home/chinchia120/autoware.ai/install/autoware_launcher/lib/python2.7/dist-packages/autoware_launcher/gui/simulation
[6.258s] copying /home/chinchia120/autoware.ai/build/autoware_launcher/lib.linux-x86_64-2.7/autoware_launcher/gui/summary.py -> /home/chinchia120/autoware.ai/install/autoware_launcher/lib/python2.7/dist-packages/autoware_launcher/gui
[6.259s] creating /home/chinchia120/autoware.ai/install/autoware_launcher/lib/python2.7/dist-packages/autoware_launcher/gui/plugins
[6.259s] copying /home/chinchia120/autoware.ai/build/autoware_launcher/lib.linux-x86_64-2.7/autoware_launcher/gui/plugins/node.py -> /home/chinchia120/autoware.ai/install/autoware_launcher/lib/python2.7/dist-packages/autoware_launcher/gui/plugins
[6.259s] copying /home/chinchia120/autoware.ai/build/autoware_launcher/lib.linux-x86_64-2.7/autoware_launcher/gui/plugins/__init__.py -> /home/chinchia120/autoware.ai/install/autoware_launcher/lib/python2.7/dist-packages/autoware_launcher/gui/plugins
[6.260s] copying /home/chinchia120/autoware.ai/build/autoware_launcher/lib.linux-x86_64-2.7/autoware_launcher/gui/plugins/basic.py -> /home/chinchia120/autoware.ai/install/autoware_launcher/lib/python2.7/dist-packages/autoware_launcher/gui/plugins
[6.260s] copying /home/chinchia120/autoware.ai/build/autoware_launcher/lib.linux-x86_64-2.7/autoware_launcher/gui/plugins/camera.py -> /home/chinchia120/autoware.ai/install/autoware_launcher/lib/python2.7/dist-packages/autoware_launcher/gui/plugins
[6.261s] copying /home/chinchia120/autoware.ai/build/autoware_launcher/lib.linux-x86_64-2.7/autoware_launcher/gui/__init__.py -> /home/chinchia120/autoware.ai/install/autoware_launcher/lib/python2.7/dist-packages/autoware_launcher/gui
[6.262s] copying /home/chinchia120/autoware.ai/build/autoware_launcher/lib.linux-x86_64-2.7/autoware_launcher/gui/mirror.py -> /home/chinchia120/autoware.ai/install/autoware_launcher/lib/python2.7/dist-packages/autoware_launcher/gui
[6.262s] copying /home/chinchia120/autoware.ai/build/autoware_launcher/lib.linux-x86_64-2.7/autoware_launcher/gui/treeview.py -> /home/chinchia120/autoware.ai/install/autoware_launcher/lib/python2.7/dist-packages/autoware_launcher/gui
[6.262s] copying /home/chinchia120/autoware.ai/build/autoware_launcher/lib.linux-x86_64-2.7/autoware_launcher/gui/widgets.py -> /home/chinchia120/autoware.ai/install/autoware_launcher/lib/python2.7/dist-packages/autoware_launcher/gui
[6.263s] copying /home/chinchia120/autoware.ai/build/autoware_launcher/lib.linux-x86_64-2.7/autoware_launcher/gui/client.py -> /home/chinchia120/autoware.ai/install/autoware_launcher/lib/python2.7/dist-packages/autoware_launcher/gui
[6.263s] copying /home/chinchia120/autoware.ai/build/autoware_launcher/lib.linux-x86_64-2.7/autoware_launcher/gui/procmgr.py -> /home/chinchia120/autoware.ai/install/autoware_launcher/lib/python2.7/dist-packages/autoware_launcher/gui
[6.263s] copying /home/chinchia120/autoware.ai/build/autoware_launcher/lib.linux-x86_64-2.7/autoware_launcher/gui/guimgr.py -> /home/chinchia120/autoware.ai/install/autoware_launcher/lib/python2.7/dist-packages/autoware_launcher/gui
[6.264s] copying /home/chinchia120/autoware.ai/build/autoware_launcher/lib.linux-x86_64-2.7/autoware_launcher/__init__.py -> /home/chinchia120/autoware.ai/install/autoware_launcher/lib/python2.7/dist-packages/autoware_launcher
[6.264s] creating /home/chinchia120/autoware.ai/install/autoware_launcher/lib/python2.7/dist-packages/autoware_launcher/tool
[6.264s] copying /home/chinchia120/autoware.ai/build/autoware_launcher/lib.linux-x86_64-2.7/autoware_launcher/tool/wizard.py -> /home/chinchia120/autoware.ai/install/autoware_launcher/lib/python2.7/dist-packages/autoware_launcher/tool
[6.265s] copying /home/chinchia120/autoware.ai/build/autoware_launcher/lib.linux-x86_64-2.7/autoware_launcher/tool/__init__.py -> /home/chinchia120/autoware.ai/install/autoware_launcher/lib/python2.7/dist-packages/autoware_launcher/tool
[6.265s] copying /home/chinchia120/autoware.ai/build/autoware_launcher/lib.linux-x86_64-2.7/autoware_launcher/tool/editor.py -> /home/chinchia120/autoware.ai/install/autoware_launcher/lib/python2.7/dist-packages/autoware_launcher/tool
[6.265s] creating /home/chinchia120/autoware.ai/install/autoware_launcher/lib/python2.7/dist-packages/autoware_launcher/core
[6.266s] copying /home/chinchia120/autoware.ai/build/autoware_launcher/lib.linux-x86_64-2.7/autoware_launcher/core/mylog.py -> /home/chinchia120/autoware.ai/install/autoware_launcher/lib/python2.7/dist-packages/autoware_launcher/core
[6.266s] copying /home/chinchia120/autoware.ai/build/autoware_launcher/lib.linux-x86_64-2.7/autoware_launcher/core/myutils.py -> /home/chinchia120/autoware.ai/install/autoware_launcher/lib/python2.7/dist-packages/autoware_launcher/core
[6.267s] copying /home/chinchia120/autoware.ai/build/autoware_launcher/lib.linux-x86_64-2.7/autoware_launcher/core/launch.py -> /home/chinchia120/autoware.ai/install/autoware_launcher/lib/python2.7/dist-packages/autoware_launcher/core
[6.267s] copying /home/chinchia120/autoware.ai/build/autoware_launcher/lib.linux-x86_64-2.7/autoware_launcher/core/server.py -> /home/chinchia120/autoware.ai/install/autoware_launcher/lib/python2.7/dist-packages/autoware_launcher/core
[6.267s] copying /home/chinchia120/autoware.ai/build/autoware_launcher/lib.linux-x86_64-2.7/autoware_launcher/core/__init__.py -> /home/chinchia120/autoware.ai/install/autoware_launcher/lib/python2.7/dist-packages/autoware_launcher/core
[6.267s] copying /home/chinchia120/autoware.ai/build/autoware_launcher/lib.linux-x86_64-2.7/autoware_launcher/core/basetree.py -> /home/chinchia120/autoware.ai/install/autoware_launcher/lib/python2.7/dist-packages/autoware_launcher/core
[6.268s] copying /home/chinchia120/autoware.ai/build/autoware_launcher/lib.linux-x86_64-2.7/autoware_launcher/core/plugin.py -> /home/chinchia120/autoware.ai/install/autoware_launcher/lib/python2.7/dist-packages/autoware_launcher/core
[6.269s] byte-compiling /home/chinchia120/autoware.ai/install/autoware_launcher/lib/python2.7/dist-packages/autoware_launcher/gui/window.py to window.pyc
[6.273s] byte-compiling /home/chinchia120/autoware.ai/install/autoware_launcher/lib/python2.7/dist-packages/autoware_launcher/gui/quickstart.py to quickstart.pyc
[6.274s] byte-compiling /home/chinchia120/autoware.ai/install/autoware_launcher/lib/python2.7/dist-packages/autoware_launcher/gui/network.py to network.pyc
[6.275s] byte-compiling /home/chinchia120/autoware.ai/install/autoware_launcher/lib/python2.7/dist-packages/autoware_launcher/gui/simulation/rosbag.py to rosbag.pyc
[6.276s] byte-compiling /home/chinchia120/autoware.ai/install/autoware_launcher/lib/python2.7/dist-packages/autoware_launcher/gui/simulation/lgsvl.py to lgsvl.pyc
[6.277s] byte-compiling /home/chinchia120/autoware.ai/install/autoware_launcher/lib/python2.7/dist-packages/autoware_launcher/gui/simulation/__init__.py to __init__.pyc
[6.278s] byte-compiling /home/chinchia120/autoware.ai/install/autoware_launcher/lib/python2.7/dist-packages/autoware_launcher/gui/simulation/gazebo.py to gazebo.pyc
[6.279s] byte-compiling /home/chinchia120/autoware.ai/install/autoware_launcher/lib/python2.7/dist-packages/autoware_launcher/gui/summary.py to summary.pyc
[6.280s] byte-compiling /home/chinchia120/autoware.ai/install/autoware_launcher/lib/python2.7/dist-packages/autoware_launcher/gui/plugins/node.py to node.pyc
[6.282s] byte-compiling /home/chinchia120/autoware.ai/install/autoware_launcher/lib/python2.7/dist-packages/autoware_launcher/gui/plugins/__init__.py to __init__.pyc
[6.282s] byte-compiling /home/chinchia120/autoware.ai/install/autoware_launcher/lib/python2.7/dist-packages/autoware_launcher/gui/plugins/basic.py to basic.pyc
[6.286s] byte-compiling /home/chinchia120/autoware.ai/install/autoware_launcher/lib/python2.7/dist-packages/autoware_launcher/gui/plugins/camera.py to camera.pyc
[6.286s] byte-compiling /home/chinchia120/autoware.ai/install/autoware_launcher/lib/python2.7/dist-packages/autoware_launcher/gui/__init__.py to __init__.pyc
[6.287s] byte-compiling /home/chinchia120/autoware.ai/install/autoware_launcher/lib/python2.7/dist-packages/autoware_launcher/gui/mirror.py to mirror.pyc
[6.287s] byte-compiling /home/chinchia120/autoware.ai/install/autoware_launcher/lib/python2.7/dist-packages/autoware_launcher/gui/treeview.py to treeview.pyc
[6.289s] byte-compiling /home/chinchia120/autoware.ai/install/autoware_launcher/lib/python2.7/dist-packages/autoware_launcher/gui/widgets.py to widgets.pyc
[6.290s] byte-compiling /home/chinchia120/autoware.ai/install/autoware_launcher/lib/python2.7/dist-packages/autoware_launcher/gui/client.py to client.pyc
[6.291s] byte-compiling /home/chinchia120/autoware.ai/install/autoware_launcher/lib/python2.7/dist-packages/autoware_launcher/gui/procmgr.py to procmgr.pyc
[6.292s] byte-compiling /home/chinchia120/autoware.ai/install/autoware_launcher/lib/python2.7/dist-packages/autoware_launcher/gui/guimgr.py to guimgr.pyc
[6.294s] byte-compiling /home/chinchia120/autoware.ai/install/autoware_launcher/lib/python2.7/dist-packages/autoware_launcher/__init__.py to __init__.pyc
[6.294s] byte-compiling /home/chinchia120/autoware.ai/install/autoware_launcher/lib/python2.7/dist-packages/autoware_launcher/tool/wizard.py to wizard.pyc
[6.295s] byte-compiling /home/chinchia120/autoware.ai/install/autoware_launcher/lib/python2.7/dist-packages/autoware_launcher/tool/__init__.py to __init__.pyc
[6.295s] byte-compiling /home/chinchia120/autoware.ai/install/autoware_launcher/lib/python2.7/dist-packages/autoware_launcher/tool/editor.py to editor.pyc
[6.298s] byte-compiling /home/chinchia120/autoware.ai/install/autoware_launcher/lib/python2.7/dist-packages/autoware_launcher/core/mylog.py to mylog.pyc
[6.298s] byte-compiling /home/chinchia120/autoware.ai/install/autoware_launcher/lib/python2.7/dist-packages/autoware_launcher/core/myutils.py to myutils.pyc
[6.299s] byte-compiling /home/chinchia120/autoware.ai/install/autoware_launcher/lib/python2.7/dist-packages/autoware_launcher/core/launch.py to launch.pyc
[6.303s] byte-compiling /home/chinchia120/autoware.ai/install/autoware_launcher/lib/python2.7/dist-packages/autoware_launcher/core/server.py to server.pyc
[6.305s] byte-compiling /home/chinchia120/autoware.ai/install/autoware_launcher/lib/python2.7/dist-packages/autoware_launcher/core/__init__.py to __init__.pyc
[6.305s] byte-compiling /home/chinchia120/autoware.ai/install/autoware_launcher/lib/python2.7/dist-packages/autoware_launcher/core/basetree.py to basetree.pyc
[6.306s] byte-compiling /home/chinchia120/autoware.ai/install/autoware_launcher/lib/python2.7/dist-packages/autoware_launcher/core/plugin.py to plugin.pyc
[6.309s] running install_egg_info
[6.310s] Writing /home/chinchia120/autoware.ai/install/autoware_launcher/lib/python2.7/dist-packages/autoware_launcher-1.12.0.egg-info
[6.319s] -- Installing: /home/chinchia120/autoware.ai/install/autoware_launcher/lib/pkgconfig/autoware_launcher.pc
[6.324s] -- Installing: /home/chinchia120/autoware.ai/install/autoware_launcher/share/autoware_launcher/cmake/autoware_launcherConfig.cmake
[6.324s] -- Installing: /home/chinchia120/autoware.ai/install/autoware_launcher/share/autoware_launcher/cmake/autoware_launcherConfig-version.cmake
[6.324s] -- Installing: /home/chinchia120/autoware.ai/install/autoware_launcher/share/autoware_launcher/package.xml
[6.325s] -- Installing: /home/chinchia120/autoware.ai/install/autoware_launcher/lib/autoware_launcher/main
[6.325s] -- Installing: /home/chinchia120/autoware.ai/install/autoware_launcher/lib/autoware_launcher/tool
[6.325s] -- Installing: /home/chinchia120/autoware.ai/install/autoware_launcher/share/autoware_launcher/resources
[6.326s] -- Installing: /home/chinchia120/autoware.ai/install/autoware_launcher/share/autoware_launcher/resources/rosbagplay.xml
[6.326s] -- Installing: /home/chinchia120/autoware.ai/install/autoware_launcher/share/autoware_launcher/resources/dummy.yaml
[6.326s] -- Installing: /home/chinchia120/autoware.ai/install/autoware_launcher/share/autoware_launcher/resources/lgsvl.yaml
[6.326s] -- Installing: /home/chinchia120/autoware.ai/install/autoware_launcher/share/autoware_launcher/resources/skins
[6.326s] -- Installing: /home/chinchia120/autoware.ai/install/autoware_launcher/share/autoware_launcher/resources/skins/autoware.css
[6.327s] -- Installing: /home/chinchia120/autoware.ai/install/autoware_launcher/share/autoware_launcher/resources/skins/qt.css
[6.327s] -- Installing: /home/chinchia120/autoware.ai/install/autoware_launcher/share/autoware_launcher/resources/autoware_logo.png
[6.329s] -- Installing: /home/chinchia120/autoware.ai/install/autoware_launcher/share/autoware_launcher/plugins
[6.332s] -- Installing: /home/chinchia120/autoware.ai/install/autoware_launcher/share/autoware_launcher/plugins/driver
[6.333s] -- Installing: /home/chinchia120/autoware.ai/install/autoware_launcher/share/autoware_launcher/plugins/driver/lidar
[6.334s] -- Installing: /home/chinchia120/autoware.ai/install/autoware_launcher/share/autoware_launcher/plugins/driver/lidar/vlp16.yaml
[6.335s] -- Installing: /home/chinchia120/autoware.ai/install/autoware_launcher/share/autoware_launcher/plugins/driver/lidar/vlp16.xml
[6.336s] -- Installing: /home/chinchia120/autoware.ai/install/autoware_launcher/share/autoware_launcher/plugins/driver/lidar/vlp32c.yaml
[6.338s] -- Installing: /home/chinchia120/autoware.ai/install/autoware_launcher/share/autoware_launcher/plugins/driver/lidar/vlp32c.xml
[6.338s] -- Installing: /home/chinchia120/autoware.ai/install/autoware_launcher/share/autoware_launcher/plugins/driver/camera
[6.340s] -- Installing: /home/chinchia120/autoware.ai/install/autoware_launcher/share/autoware_launcher/plugins/driver/camera/usb.xml
[6.341s] -- Installing: /home/chinchia120/autoware.ai/install/autoware_launcher/share/autoware_launcher/plugins/driver/camera/usb.yaml
[6.342s] -- Installing: /home/chinchia120/autoware.ai/install/autoware_launcher/share/autoware_launcher/plugins/node
[6.344s] -- Installing: /home/chinchia120/autoware.ai/install/autoware_launcher/share/autoware_launcher/plugins/node/motion.yaml
[6.346s] -- Installing: /home/chinchia120/autoware.ai/install/autoware_launcher/share/autoware_launcher/plugins/node/lidar_multi.yaml
[6.347s] -- Installing: /home/chinchia120/autoware.ai/install/autoware_launcher/share/autoware_launcher/plugins/node/camera_node.yaml
[6.347s] -- Installing: /home/chinchia120/autoware.ai/install/autoware_launcher/share/autoware_launcher/plugins/node/detect_tl.yaml
[6.349s] -- Installing: /home/chinchia120/autoware.ai/install/autoware_launcher/share/autoware_launcher/plugins/node/localization.yaml
[6.350s] -- Installing: /home/chinchia120/autoware.ai/install/autoware_launcher/share/autoware_launcher/plugins/node/prediction.yaml
[6.350s] -- Installing: /home/chinchia120/autoware.ai/install/autoware_launcher/share/autoware_launcher/plugins/node/detect_obj.yaml
[6.351s] -- Installing: /home/chinchia120/autoware.ai/install/autoware_launcher/share/autoware_launcher/plugins/node/lidar_node.yaml
[6.352s] -- Installing: /home/chinchia120/autoware.ai/install/autoware_launcher/share/autoware_launcher/plugins/node/lidar_merge.yaml
[6.352s] -- Installing: /home/chinchia120/autoware.ai/install/autoware_launcher/share/autoware_launcher/plugins/node/decision.yaml
[6.353s] -- Installing: /home/chinchia120/autoware.ai/install/autoware_launcher/share/autoware_launcher/plugins/node/camera_group.yaml
[6.354s] -- Installing: /home/chinchia120/autoware.ai/install/autoware_launcher/share/autoware_launcher/plugins/node/lidar_single.yaml
[6.355s] -- Installing: /home/chinchia120/autoware.ai/install/autoware_launcher/share/autoware_launcher/plugins/node/mission.yaml
[6.355s] -- Installing: /home/chinchia120/autoware.ai/install/autoware_launcher/share/autoware_launcher/plugins/node/sensing.yaml
[6.356s] -- Installing: /home/chinchia120/autoware.ai/install/autoware_launcher/share/autoware_launcher/plugins/node/lidar_group.yaml
[6.356s] -- Installing: /home/chinchia120/autoware.ai/install/autoware_launcher/share/autoware_launcher/plugins/node/detection.yaml
[6.357s] -- Installing: /home/chinchia120/autoware.ai/install/autoware_launcher/share/autoware_launcher/plugins/root
[6.359s] -- Installing: /home/chinchia120/autoware.ai/install/autoware_launcher/share/autoware_launcher/plugins/root/default.yaml
[6.360s] -- Installing: /home/chinchia120/autoware.ai/install/autoware_launcher/share/autoware_launcher/plugins/refs
[6.361s] -- Installing: /home/chinchia120/autoware.ai/install/autoware_launcher/share/autoware_launcher/plugins/refs/ndt_matching.yaml
[6.362s] -- Installing: /home/chinchia120/autoware.ai/install/autoware_launcher/share/autoware_launcher/plugins/refs/nmea2tfpose.yaml
[6.362s] -- Installing: /home/chinchia120/autoware.ai/install/autoware_launcher/share/autoware_launcher/plugins/refs/astar_avoid.yaml
[6.363s] -- Installing: /home/chinchia120/autoware.ai/install/autoware_launcher/share/autoware_launcher/plugins/refs/velocity_set.yaml
[6.364s] -- Installing: /home/chinchia120/autoware.ai/install/autoware_launcher/share/autoware_launcher/plugins/refs/euclidean_cluster.yaml
[6.365s] -- Installing: /home/chinchia120/autoware.ai/install/autoware_launcher/share/autoware_launcher/plugins/refs/vel_pose_connect.yaml
[6.365s] -- Installing: /home/chinchia120/autoware.ai/install/autoware_launcher/share/autoware_launcher/plugins/refs/tl_projection.yaml
[6.366s] -- Installing: /home/chinchia120/autoware.ai/install/autoware_launcher/share/autoware_launcher/plugins/refs/range_vision_fusion.yaml
[6.367s] -- Installing: /home/chinchia120/autoware.ai/install/autoware_launcher/share/autoware_launcher/plugins/refs/ray_ground_filter.yaml
[6.368s] -- Installing: /home/chinchia120/autoware.ai/install/autoware_launcher/share/autoware_launcher/plugins/refs/lane_select.yaml
[6.369s] -- Installing: /home/chinchia120/autoware.ai/install/autoware_launcher/share/autoware_launcher/plugins/refs/imm_ukf_pda_track.yaml
[6.370s] -- Installing: /home/chinchia120/autoware.ai/install/autoware_launcher/share/autoware_launcher/plugins/refs/tl_recognition.yaml
[6.370s] -- Installing: /home/chinchia120/autoware.ai/install/autoware_launcher/share/autoware_launcher/plugins/refs/twist_filter.yaml
[6.371s] -- Installing: /home/chinchia120/autoware.ai/install/autoware_launcher/share/autoware_launcher/plugins/refs/yolov3.yaml
[6.372s] -- Installing: /home/chinchia120/autoware.ai/install/autoware_launcher/share/autoware_launcher/plugins/refs/native_motion_predict.yaml
[6.372s] -- Installing: /home/chinchia120/autoware.ai/install/autoware_launcher/share/autoware_launcher/plugins/refs/tl_mxnet.yaml
[6.373s] -- Installing: /home/chinchia120/autoware.ai/install/autoware_launcher/share/autoware_launcher/plugins/leaf
[6.374s] -- Installing: /home/chinchia120/autoware.ai/install/autoware_launcher/share/autoware_launcher/plugins/leaf/transform_v2b.yaml
[6.375s] -- Installing: /home/chinchia120/autoware.ai/install/autoware_launcher/share/autoware_launcher/plugins/leaf/calibration.xml
[6.376s] -- Installing: /home/chinchia120/autoware.ai/install/autoware_launcher/share/autoware_launcher/plugins/leaf/vehicle.yaml
[6.377s] -- Installing: /home/chinchia120/autoware.ai/install/autoware_launcher/share/autoware_launcher/plugins/leaf/lane_stop.xml
[6.379s] -- Installing: /home/chinchia120/autoware.ai/install/autoware_launcher/share/autoware_launcher/plugins/leaf/calibration.yaml
[6.380s] -- Installing: /home/chinchia120/autoware.ai/install/autoware_launcher/share/autoware_launcher/plugins/leaf/map.xml
[6.381s] -- Installing: /home/chinchia120/autoware.ai/install/autoware_launcher/share/autoware_launcher/plugins/leaf/voxel_grid_filter.xml
[6.382s] -- Installing: /home/chinchia120/autoware.ai/install/autoware_launcher/share/autoware_launcher/plugins/leaf/pure_pursuit.yaml
[6.384s] -- Installing: /home/chinchia120/autoware.ai/install/autoware_launcher/share/autoware_launcher/plugins/leaf/map.yaml
[6.385s] -- Installing: /home/chinchia120/autoware.ai/install/autoware_launcher/share/autoware_launcher/plugins/leaf/transform_v2b.xml
[6.385s] -- Installing: /home/chinchia120/autoware.ai/install/autoware_launcher/share/autoware_launcher/plugins/leaf/lane_rule.yaml
[6.386s] -- Installing: /home/chinchia120/autoware.ai/install/autoware_launcher/share/autoware_launcher/plugins/leaf/lane_rule.xml
[6.386s] -- Installing: /home/chinchia120/autoware.ai/install/autoware_launcher/share/autoware_launcher/plugins/leaf/vehicle.xml
[6.387s] -- Installing: /home/chinchia120/autoware.ai/install/autoware_launcher/share/autoware_launcher/plugins/leaf/lane_stop.yaml
[6.388s] -- Installing: /home/chinchia120/autoware.ai/install/autoware_launcher/share/autoware_launcher/plugins/leaf/pure_pursuit.xml
[6.389s] -- Installing: /home/chinchia120/autoware.ai/install/autoware_launcher/share/autoware_launcher/plugins/leaf/transform_v2v.xml
[6.390s] -- Installing: /home/chinchia120/autoware.ai/install/autoware_launcher/share/autoware_launcher/plugins/leaf/rviz.yaml
[6.391s] -- Installing: /home/chinchia120/autoware.ai/install/autoware_launcher/share/autoware_launcher/plugins/leaf/concat.xml
[6.391s] -- Installing: /home/chinchia120/autoware.ai/install/autoware_launcher/share/autoware_launcher/plugins/leaf/rviz.xml
[6.391s] -- Installing: /home/chinchia120/autoware.ai/install/autoware_launcher/share/autoware_launcher/plugins/leaf/transform_v2v.yaml
[6.392s] -- Installing: /home/chinchia120/autoware.ai/install/autoware_launcher/share/autoware_launcher/plugins/leaf/waypoint_loader.yaml
[6.393s] -- Installing: /home/chinchia120/autoware.ai/install/autoware_launcher/share/autoware_launcher/plugins/leaf/concat.yaml
[6.393s] -- Installing: /home/chinchia120/autoware.ai/install/autoware_launcher/share/autoware_launcher/plugins/leaf/waypoint_loader.xml
[6.394s] -- Installing: /home/chinchia120/autoware.ai/install/autoware_launcher/share/autoware_launcher/plugins/leaf/voxel_grid_filter.yaml
[6.395s] -- Installing: /home/chinchia120/autoware.ai/install/autoware_launcher/share/autoware_launcher/profiles
[6.395s] -- Installing: /home/chinchia120/autoware.ai/install/autoware_launcher/share/autoware_launcher/profiles/quickstart.launch
[6.396s] -- Installing: /home/chinchia120/autoware.ai/install/autoware_launcher/share/autoware_launcher/profiles/.gitignore
[6.397s] -- Installing: /home/chinchia120/autoware.ai/install/autoware_launcher/share/autoware_launcher/profiles/quickstart
[6.399s] -- Installing: /home/chinchia120/autoware.ai/install/autoware_launcher/share/autoware_launcher/profiles/quickstart/root
[6.399s] -- Installing: /home/chinchia120/autoware.ai/install/autoware_launcher/share/autoware_launcher/profiles/quickstart/root/motion.yaml
[6.400s] -- Installing: /home/chinchia120/autoware.ai/install/autoware_launcher/share/autoware_launcher/profiles/quickstart/root/vehicle.yaml
[6.401s] -- Installing: /home/chinchia120/autoware.ai/install/autoware_launcher/share/autoware_launcher/profiles/quickstart/root/localization
[6.403s] -- Installing: /home/chinchia120/autoware.ai/install/autoware_launcher/share/autoware_launcher/profiles/quickstart/root/localization/downsampler.yaml
[6.404s] -- Installing: /home/chinchia120/autoware.ai/install/autoware_launcher/share/autoware_launcher/profiles/quickstart/root/localization/localizer.yaml
[6.404s] -- Installing: /home/chinchia120/autoware.ai/install/autoware_launcher/share/autoware_launcher/profiles/quickstart/root/localization/vel_pose_connect.yaml
[6.405s] -- Installing: /home/chinchia120/autoware.ai/install/autoware_launcher/share/autoware_launcher/profiles/quickstart/root/motion
[6.406s] -- Installing: /home/chinchia120/autoware.ai/install/autoware_launcher/share/autoware_launcher/profiles/quickstart/root/motion/astar_avoid.yaml
[6.407s] -- Installing: /home/chinchia120/autoware.ai/install/autoware_launcher/share/autoware_launcher/profiles/quickstart/root/motion/velocity_set.yaml
[6.407s] -- Installing: /home/chinchia120/autoware.ai/install/autoware_launcher/share/autoware_launcher/profiles/quickstart/root/motion/pure_pursuit.yaml
[6.408s] -- Installing: /home/chinchia120/autoware.ai/install/autoware_launcher/share/autoware_launcher/profiles/quickstart/root/motion/waypoint_loader.yaml
[6.410s] -- Installing: /home/chinchia120/autoware.ai/install/autoware_launcher/share/autoware_launcher/profiles/quickstart/root/motion/twist_filter.yaml
[6.410s] -- Installing: /home/chinchia120/autoware.ai/install/autoware_launcher/share/autoware_launcher/profiles/quickstart/root/map.yaml
[6.412s] -- Installing: /home/chinchia120/autoware.ai/install/autoware_launcher/share/autoware_launcher/profiles/quickstart/root/localization.yaml
[6.412s] -- Installing: /home/chinchia120/autoware.ai/install/autoware_launcher/share/autoware_launcher/profiles/quickstart/root/prediction.yaml
[6.412s] -- Installing: /home/chinchia120/autoware.ai/install/autoware_launcher/share/autoware_launcher/profiles/quickstart/root/decision.yaml
[6.413s] -- Installing: /home/chinchia120/autoware.ai/install/autoware_launcher/share/autoware_launcher/profiles/quickstart/root/detection
[6.413s] -- Installing: /home/chinchia120/autoware.ai/install/autoware_launcher/share/autoware_launcher/profiles/quickstart/root/detection/traffic_lights
[6.413s] -- Installing: /home/chinchia120/autoware.ai/install/autoware_launcher/share/autoware_launcher/profiles/quickstart/root/detection/traffic_lights/recognition.yaml
[6.413s] -- Installing: /home/chinchia120/autoware.ai/install/autoware_launcher/share/autoware_launcher/profiles/quickstart/root/detection/traffic_lights/projection.yaml
[6.414s] -- Installing: /home/chinchia120/autoware.ai/install/autoware_launcher/share/autoware_launcher/profiles/quickstart/root/detection/traffic_lights.yaml
[6.414s] -- Installing: /home/chinchia120/autoware.ai/install/autoware_launcher/share/autoware_launcher/profiles/quickstart/root/detection/object.yaml
[6.415s] -- Installing: /home/chinchia120/autoware.ai/install/autoware_launcher/share/autoware_launcher/profiles/quickstart/root/detection/object
[6.415s] -- Installing: /home/chinchia120/autoware.ai/install/autoware_launcher/share/autoware_launcher/profiles/quickstart/root/detection/object/points_preproc.yaml
[6.415s] -- Installing: /home/chinchia120/autoware.ai/install/autoware_launcher/share/autoware_launcher/profiles/quickstart/root/detection/object/points_detect.yaml
[6.416s] -- Installing: /home/chinchia120/autoware.ai/install/autoware_launcher/share/autoware_launcher/profiles/quickstart/root/detection/object/images_detect.yaml
[6.416s] -- Installing: /home/chinchia120/autoware.ai/install/autoware_launcher/share/autoware_launcher/profiles/quickstart/root/detection/object/fusion.yaml
[6.416s] -- Installing: /home/chinchia120/autoware.ai/install/autoware_launcher/share/autoware_launcher/profiles/quickstart/root/detection/object/tracking.yaml
[6.417s] -- Installing: /home/chinchia120/autoware.ai/install/autoware_launcher/share/autoware_launcher/profiles/quickstart/root/sensing
[6.417s] -- Installing: /home/chinchia120/autoware.ai/install/autoware_launcher/share/autoware_launcher/profiles/quickstart/root/sensing/gnss.yaml
[6.418s] -- Installing: /home/chinchia120/autoware.ai/install/autoware_launcher/share/autoware_launcher/profiles/quickstart/root/sensing/lidar.yaml
[6.419s] -- Installing: /home/chinchia120/autoware.ai/install/autoware_launcher/share/autoware_launcher/profiles/quickstart/root/sensing/camera.yaml
[6.419s] -- Installing: /home/chinchia120/autoware.ai/install/autoware_launcher/share/autoware_launcher/profiles/quickstart/root/sensing/lidar
[6.419s] -- Installing: /home/chinchia120/autoware.ai/install/autoware_launcher/share/autoware_launcher/profiles/quickstart/root/sensing/lidar/transform.yaml
[6.420s] -- Installing: /home/chinchia120/autoware.ai/install/autoware_launcher/share/autoware_launcher/profiles/quickstart/root/sensing/camera
[6.420s] -- Installing: /home/chinchia120/autoware.ai/install/autoware_launcher/share/autoware_launcher/profiles/quickstart/root/sensing/camera/camera0.yaml
[6.420s] -- Installing: /home/chinchia120/autoware.ai/install/autoware_launcher/share/autoware_launcher/profiles/quickstart/root/sensing/camera/camera0
[6.421s] -- Installing: /home/chinchia120/autoware.ai/install/autoware_launcher/share/autoware_launcher/profiles/quickstart/root/sensing/camera/camera0/calibration.yaml
[6.421s] -- Installing: /home/chinchia120/autoware.ai/install/autoware_launcher/share/autoware_launcher/profiles/quickstart/root/prediction
[6.421s] -- Installing: /home/chinchia120/autoware.ai/install/autoware_launcher/share/autoware_launcher/profiles/quickstart/root/prediction/native_motion_predict.yaml
[6.422s] -- Installing: /home/chinchia120/autoware.ai/install/autoware_launcher/share/autoware_launcher/profiles/quickstart/root/mission.yaml
[6.422s] -- Installing: /home/chinchia120/autoware.ai/install/autoware_launcher/share/autoware_launcher/profiles/quickstart/root/sensing.yaml
[6.423s] -- Installing: /home/chinchia120/autoware.ai/install/autoware_launcher/share/autoware_launcher/profiles/quickstart/root/mission
[6.424s] -- Installing: /home/chinchia120/autoware.ai/install/autoware_launcher/share/autoware_launcher/profiles/quickstart/root/mission/lane_rule.yaml
[6.424s] -- Installing: /home/chinchia120/autoware.ai/install/autoware_launcher/share/autoware_launcher/profiles/quickstart/root/mission/lane_stop.yaml
[6.425s] -- Installing: /home/chinchia120/autoware.ai/install/autoware_launcher/share/autoware_launcher/profiles/quickstart/root/mission/lane_select.yaml
[6.425s] -- Installing: /home/chinchia120/autoware.ai/install/autoware_launcher/share/autoware_launcher/profiles/quickstart/root/detection.yaml
[6.425s] -- Installing: /home/chinchia120/autoware.ai/install/autoware_launcher/share/autoware_launcher/profiles/quickstart/root/visualization.yaml
[6.435s] -- Installing: /home/chinchia120/autoware.ai/install/autoware_launcher/share/autoware_launcher/profiles/quickstart/root.yaml
[6.438s] -- Installing: /home/chinchia120/autoware.ai/install/autoware_launcher/share/autoware_launcher/profiles/quickstart/files
[6.439s] -- Installing: /home/chinchia120/autoware.ai/install/autoware_launcher/share/autoware_launcher/profiles/quickstart/files/default.rviz
[6.439s] Invoked command in '/home/chinchia120/autoware.ai/build/autoware_launcher' returned '0': /usr/bin/cmake --build /home/chinchia120/autoware.ai/build/autoware_launcher --target install -- -j4 -l4
