[0.043s] Invoking command in '/home/chinchia120/autoware.ai/build/ds4': CMAKE_PREFIX_PATH=/home/chinchia120/autoware.ai/install/ds4_msgs:/home/chinchia120/autoware.ai/install/ds4_driver:${CMAKE_PREFIX_PATH} PKG_CONFIG_PATH=/home/chinchia120/autoware.ai/install/ds4_msgs/lib/x86_64-linux-gnu/pkgconfig:/home/chinchia120/autoware.ai/install/ds4_msgs/lib/pkgconfig:/home/chinchia120/autoware.ai/install/ds4_driver/lib/x86_64-linux-gnu/pkgconfig:/home/chinchia120/autoware.ai/install/ds4_driver/lib/pkgconfig:${PKG_CONFIG_PATH} PYTHONPATH=/home/chinchia120/autoware.ai/install/ds4_msgs/lib/python2.7/dist-packages:${PYTHONPATH} ROS_PACKAGE_PATH=/home/chinchia120/autoware.ai/install/ds4_msgs/share:/home/chinchia120/autoware.ai/install/ds4_driver/share:${ROS_PACKAGE_PATH} /usr/bin/cmake /home/chinchia120/autoware.ai/src/drivers/ds4/ds4 -DCMAKE_BUILD_TYPE=Release -DCATKIN_INSTALL_INTO_PREFIX_ROOT=0 -DCMAKE_INSTALL_PREFIX=/home/chinchia120/autoware.ai/install/ds4
[0.196s] -- The C compiler identification is GNU 7.5.0
[0.303s] -- The CXX compiler identification is GNU 7.5.0
[0.310s] -- Check for working C compiler: /usr/bin/cc
[0.462s] -- Check for working C compiler: /usr/bin/cc -- works
[0.463s] -- Detecting C compiler ABI info
[0.608s] -- Detecting C compiler ABI info - done
[0.626s] -- Detecting C compile features
[1.088s] -- Detecting C compile features - done
[1.092s] -- Check for working CXX compiler: /usr/bin/c++
[1.273s] -- Check for working CXX compiler: /usr/bin/c++ -- works
[1.274s] -- Detecting CXX compiler ABI info
[1.449s] -- Detecting CXX compiler ABI info - done
[1.465s] -- Detecting CXX compile features
[2.189s] -- Detecting CXX compile features - done
[2.199s] -- Using CATKIN_DEVEL_PREFIX: /home/chinchia120/autoware.ai/build/ds4/devel
[2.200s] -- Using CMAKE_PREFIX_PATH: /home/chinchia120/autoware.ai/install/ds4_msgs;/home/chinchia120/autoware.ai/install/ds4_driver;/home/chinchia120/catkin_ws/devel;/opt/ros/melodic
[2.200s] -- This workspace overlays: /home/chinchia120/autoware.ai/install/ds4_msgs;/home/chinchia120/autoware.ai/install/ds4_driver;/home/chinchia120/catkin_ws/devel;/opt/ros/melodic
[2.228s] -- Found PythonInterp: /usr/bin/python2 (found suitable version "2.7.17", minimum required is "2") 
[2.228s] -- Using PYTHON_EXECUTABLE: /usr/bin/python2
[2.228s] -- Using Debian Python package layout
[2.228s] -- Using empy: /usr/bin/empy
[2.494s] -- Using CATKIN_ENABLE_TESTING: ON
[2.495s] -- Call enable_testing()
[2.503s] -- Using CATKIN_TEST_RESULTS_DIR: /home/chinchia120/autoware.ai/build/ds4/test_results
[2.541s] -- Found gtest sources under '/usr/src/googletest': gtests will be built
[2.541s] -- Found gmock sources under '/usr/src/googletest': gmock will be built
[2.564s] -- Found PythonInterp: /usr/bin/python2 (found version "2.7.17") 
[2.566s] -- Looking for pthread.h
[2.724s] -- Looking for pthread.h - found
[2.725s] -- Looking for pthread_create
[2.886s] -- Looking for pthread_create - not found
[2.887s] -- Looking for pthread_create in pthreads
[3.025s] -- Looking for pthread_create in pthreads - not found
[3.025s] -- Looking for pthread_create in pthread
[3.173s] -- Looking for pthread_create in pthread - found
[3.176s] -- Found Threads: TRUE  
[3.186s] -- Using Python nosetests: /usr/bin/nosetests-2.7
[3.266s] -- catkin 0.7.29
[3.266s] -- BUILD_SHARED_LIBS is on
[3.532s] -- Configuring done
[3.555s] -- Generating done
[3.559s] -- Build files have been written to: /home/chinchia120/autoware.ai/build/ds4
[3.565s] Invoked command in '/home/chinchia120/autoware.ai/build/ds4' returned '0': CMAKE_PREFIX_PATH=/home/chinchia120/autoware.ai/install/ds4_msgs:/home/chinchia120/autoware.ai/install/ds4_driver:${CMAKE_PREFIX_PATH} PKG_CONFIG_PATH=/home/chinchia120/autoware.ai/install/ds4_msgs/lib/x86_64-linux-gnu/pkgconfig:/home/chinchia120/autoware.ai/install/ds4_msgs/lib/pkgconfig:/home/chinchia120/autoware.ai/install/ds4_driver/lib/x86_64-linux-gnu/pkgconfig:/home/chinchia120/autoware.ai/install/ds4_driver/lib/pkgconfig:${PKG_CONFIG_PATH} PYTHONPATH=/home/chinchia120/autoware.ai/install/ds4_msgs/lib/python2.7/dist-packages:${PYTHONPATH} ROS_PACKAGE_PATH=/home/chinchia120/autoware.ai/install/ds4_msgs/share:/home/chinchia120/autoware.ai/install/ds4_driver/share:${ROS_PACKAGE_PATH} /usr/bin/cmake /home/chinchia120/autoware.ai/src/drivers/ds4/ds4 -DCMAKE_BUILD_TYPE=Release -DCATKIN_INSTALL_INTO_PREFIX_ROOT=0 -DCMAKE_INSTALL_PREFIX=/home/chinchia120/autoware.ai/install/ds4
[3.572s] Invoking command in '/home/chinchia120/autoware.ai/build/ds4': CMAKE_PREFIX_PATH=/home/chinchia120/autoware.ai/install/ds4_msgs:/home/chinchia120/autoware.ai/install/ds4_driver:${CMAKE_PREFIX_PATH} PKG_CONFIG_PATH=/home/chinchia120/autoware.ai/install/ds4_msgs/lib/x86_64-linux-gnu/pkgconfig:/home/chinchia120/autoware.ai/install/ds4_msgs/lib/pkgconfig:/home/chinchia120/autoware.ai/install/ds4_driver/lib/x86_64-linux-gnu/pkgconfig:/home/chinchia120/autoware.ai/install/ds4_driver/lib/pkgconfig:${PKG_CONFIG_PATH} PYTHONPATH=/home/chinchia120/autoware.ai/install/ds4_msgs/lib/python2.7/dist-packages:${PYTHONPATH} ROS_PACKAGE_PATH=/home/chinchia120/autoware.ai/install/ds4_msgs/share:/home/chinchia120/autoware.ai/install/ds4_driver/share:${ROS_PACKAGE_PATH} /usr/bin/cmake --build /home/chinchia120/autoware.ai/build/ds4 -- -j4 -l4
[3.664s] Invoked command in '/home/chinchia120/autoware.ai/build/ds4' returned '0': CMAKE_PREFIX_PATH=/home/chinchia120/autoware.ai/install/ds4_msgs:/home/chinchia120/autoware.ai/install/ds4_driver:${CMAKE_PREFIX_PATH} PKG_CONFIG_PATH=/home/chinchia120/autoware.ai/install/ds4_msgs/lib/x86_64-linux-gnu/pkgconfig:/home/chinchia120/autoware.ai/install/ds4_msgs/lib/pkgconfig:/home/chinchia120/autoware.ai/install/ds4_driver/lib/x86_64-linux-gnu/pkgconfig:/home/chinchia120/autoware.ai/install/ds4_driver/lib/pkgconfig:${PKG_CONFIG_PATH} PYTHONPATH=/home/chinchia120/autoware.ai/install/ds4_msgs/lib/python2.7/dist-packages:${PYTHONPATH} ROS_PACKAGE_PATH=/home/chinchia120/autoware.ai/install/ds4_msgs/share:/home/chinchia120/autoware.ai/install/ds4_driver/share:${ROS_PACKAGE_PATH} /usr/bin/cmake --build /home/chinchia120/autoware.ai/build/ds4 -- -j4 -l4
[3.770s] Invoking command in '/home/chinchia120/autoware.ai/build/ds4': CMAKE_PREFIX_PATH=/home/chinchia120/autoware.ai/install/ds4_msgs:/home/chinchia120/autoware.ai/install/ds4_driver:${CMAKE_PREFIX_PATH} PKG_CONFIG_PATH=/home/chinchia120/autoware.ai/install/ds4_msgs/lib/x86_64-linux-gnu/pkgconfig:/home/chinchia120/autoware.ai/install/ds4_msgs/lib/pkgconfig:/home/chinchia120/autoware.ai/install/ds4_driver/lib/x86_64-linux-gnu/pkgconfig:/home/chinchia120/autoware.ai/install/ds4_driver/lib/pkgconfig:${PKG_CONFIG_PATH} PYTHONPATH=/home/chinchia120/autoware.ai/install/ds4_msgs/lib/python2.7/dist-packages:${PYTHONPATH} ROS_PACKAGE_PATH=/home/chinchia120/autoware.ai/install/ds4_msgs/share:/home/chinchia120/autoware.ai/install/ds4_driver/share:${ROS_PACKAGE_PATH} /usr/bin/cmake --build /home/chinchia120/autoware.ai/build/ds4 --target tests -- -j4 -l4
[3.899s] [35m[1mScanning dependencies of target tests[0m
[3.923s] Built target tests
[3.946s] Invoked command in '/home/chinchia120/autoware.ai/build/ds4' returned '0': CMAKE_PREFIX_PATH=/home/chinchia120/autoware.ai/install/ds4_msgs:/home/chinchia120/autoware.ai/install/ds4_driver:${CMAKE_PREFIX_PATH} PKG_CONFIG_PATH=/home/chinchia120/autoware.ai/install/ds4_msgs/lib/x86_64-linux-gnu/pkgconfig:/home/chinchia120/autoware.ai/install/ds4_msgs/lib/pkgconfig:/home/chinchia120/autoware.ai/install/ds4_driver/lib/x86_64-linux-gnu/pkgconfig:/home/chinchia120/autoware.ai/install/ds4_driver/lib/pkgconfig:${PKG_CONFIG_PATH} PYTHONPATH=/home/chinchia120/autoware.ai/install/ds4_msgs/lib/python2.7/dist-packages:${PYTHONPATH} ROS_PACKAGE_PATH=/home/chinchia120/autoware.ai/install/ds4_msgs/share:/home/chinchia120/autoware.ai/install/ds4_driver/share:${ROS_PACKAGE_PATH} /usr/bin/cmake --build /home/chinchia120/autoware.ai/build/ds4 --target tests -- -j4 -l4
[4.041s] Invoking command in '/home/chinchia120/autoware.ai/build/ds4': CMAKE_PREFIX_PATH=/home/chinchia120/autoware.ai/install/ds4_msgs:/home/chinchia120/autoware.ai/install/ds4_driver:${CMAKE_PREFIX_PATH} PKG_CONFIG_PATH=/home/chinchia120/autoware.ai/install/ds4_msgs/lib/x86_64-linux-gnu/pkgconfig:/home/chinchia120/autoware.ai/install/ds4_msgs/lib/pkgconfig:/home/chinchia120/autoware.ai/install/ds4_driver/lib/x86_64-linux-gnu/pkgconfig:/home/chinchia120/autoware.ai/install/ds4_driver/lib/pkgconfig:${PKG_CONFIG_PATH} PYTHONPATH=/home/chinchia120/autoware.ai/install/ds4_msgs/lib/python2.7/dist-packages:${PYTHONPATH} ROS_PACKAGE_PATH=/home/chinchia120/autoware.ai/install/ds4_msgs/share:/home/chinchia120/autoware.ai/install/ds4_driver/share:${ROS_PACKAGE_PATH} /usr/bin/cmake --build /home/chinchia120/autoware.ai/build/ds4 --target install -- -j4 -l4
[4.162s] [36mInstall the project...[0m
[4.183s] -- Install configuration: "Release"
[4.184s] -- Installing: /home/chinchia120/autoware.ai/install/ds4/share/ds4/package.xml
[4.189s] Invoked command in '/home/chinchia120/autoware.ai/build/ds4' returned '0': CMAKE_PREFIX_PATH=/home/chinchia120/autoware.ai/install/ds4_msgs:/home/chinchia120/autoware.ai/install/ds4_driver:${CMAKE_PREFIX_PATH} PKG_CONFIG_PATH=/home/chinchia120/autoware.ai/install/ds4_msgs/lib/x86_64-linux-gnu/pkgconfig:/home/chinchia120/autoware.ai/install/ds4_msgs/lib/pkgconfig:/home/chinchia120/autoware.ai/install/ds4_driver/lib/x86_64-linux-gnu/pkgconfig:/home/chinchia120/autoware.ai/install/ds4_driver/lib/pkgconfig:${PKG_CONFIG_PATH} PYTHONPATH=/home/chinchia120/autoware.ai/install/ds4_msgs/lib/python2.7/dist-packages:${PYTHONPATH} ROS_PACKAGE_PATH=/home/chinchia120/autoware.ai/install/ds4_msgs/share:/home/chinchia120/autoware.ai/install/ds4_driver/share:${ROS_PACKAGE_PATH} /usr/bin/cmake --build /home/chinchia120/autoware.ai/build/ds4 --target install -- -j4 -l4
